# TPCDS-Q45
# start query 45 in stream 0 using template query45.tpl using seed 390857734
select  ca_zip, ca_county, sum(ws_sales_price)
 from web_sales, customer, customer_address, date_dim, item
 where ws_bill_customer_sk = c_customer_sk
 	and c_current_addr_sk = ca_address_sk
 	and ws_item_sk = i_item_sk
 	and ( substr(ca_zip,1,5) in ('85669', '86197','88274','83405','86475', '85392', '85460', '80348', '81792')
 	      or
 	      i_item_id in (select i_item_id
                             from item
                             where i_item_sk in (2, 3, 5, 7, 11, 13, 17, 19, 23, 29)
                             )
 	    )
 	and ws_sold_date_sk = d_date_sk
 	and d_qoy = 2 and d_year = 1999
 group by ca_zip, ca_county
 order by ca_zip, ca_county
 limit 100

# end query 45 in stream 0 using template query45.tpl
---- PLAN
Max Per-Host Resource Reservation: Memory=145.63MB Threads=1
Per-Host Resource Estimates: Memory=16.80GB
F00:PLAN FRAGMENT [UNPARTITIONED] hosts=1 instances=1
|  Per-Instance Resources: mem-estimate=16.80GB mem-reservation=145.63MB thread-reservation=1 runtime-filters-memory=34.00MB
|  max-parallelism=1 segment-costs=[113797, 113824, 1197217358, 201601849, 300]
PLAN-ROOT SINK
|  output exprs: tpcds_partitioned_parquet_snap.customer_address.ca_zip, tpcds_partitioned_parquet_snap.customer_address.ca_county, sum(tpcds_partitioned_parquet_snap.web_sales.ws_sales_price)
|  mem-estimate=4.00MB mem-reservation=4.00MB spill-buffer=2.00MB thread-reservation=0 cost=300
|
16:TOP-N [LIMIT=100]
|  order by: tpcds_partitioned_parquet_snap.customer_address.ca_zip ASC NULLS LAST, tpcds_partitioned_parquet_snap.customer_address.ca_county ASC NULLS LAST
|  mem-estimate=5.76KB mem-reservation=0B thread-reservation=0
|  tuple-ids=17 row-size=59B cardinality=100 cost=201601849
|  in pipelines: 16(GETNEXT), 15(OPEN)
|
15:AGGREGATE [FINALIZE]
|  output: sum(tpcds_partitioned_parquet_snap.web_sales.ws_sales_price)
|  group by: tpcds_partitioned_parquet_snap.customer_address.ca_zip, tpcds_partitioned_parquet_snap.customer_address.ca_county
|  mem-estimate=884.09MB mem-reservation=34.00MB spill-buffer=2.00MB thread-reservation=0
|  tuple-ids=16 row-size=59B cardinality=15.00M cost=346308783
|  in pipelines: 15(GETNEXT), 00(OPEN)
|
14:HASH JOIN [INNER JOIN]
|  hash predicates: tpcds_partitioned_parquet_snap.web_sales.ws_item_sk = tpcds_partitioned_parquet_snap.item.i_item_sk
|  fk/pk conjuncts: tpcds_partitioned_parquet_snap.web_sales.ws_item_sk = tpcds_partitioned_parquet_snap.item.i_item_sk
|  other join predicates: substr(tpcds_partitioned_parquet_snap.customer_address.ca_zip, CAST(1 AS BIGINT), CAST(5 AS BIGINT)) = '85669' OR substr(tpcds_partitioned_parquet_snap.customer_address.ca_zip, CAST(1 AS BIGINT), CAST(5 AS BIGINT)) = '86197' OR substr(tpcds_partitioned_parquet_snap.customer_address.ca_zip, CAST(1 AS BIGINT), CAST(5 AS BIGINT)) = '88274' OR substr(tpcds_partitioned_parquet_snap.customer_address.ca_zip, CAST(1 AS BIGINT), CAST(5 AS BIGINT)) = '83405' OR substr(tpcds_partitioned_parquet_snap.customer_address.ca_zip, CAST(1 AS BIGINT), CAST(5 AS BIGINT)) = '86475' OR substr(tpcds_partitioned_parquet_snap.customer_address.ca_zip, CAST(1 AS BIGINT), CAST(5 AS BIGINT)) = '85392' OR substr(tpcds_partitioned_parquet_snap.customer_address.ca_zip, CAST(1 AS BIGINT), CAST(5 AS BIGINT)) = '85460' OR substr(tpcds_partitioned_parquet_snap.customer_address.ca_zip, CAST(1 AS BIGINT), CAST(5 AS BIGINT)) = '80348' OR substr(tpcds_partitioned_parquet_snap.customer_address.ca_zip, CAST(1 AS BIGINT), CAST(5 AS BIGINT)) = '81792' OR count() != CAST(0 AS BIGINT), substr(tpcds_partitioned_parquet_snap.customer_address.ca_zip, CAST(1 AS BIGINT), CAST(5 AS BIGINT)) = '85669' OR substr(tpcds_partitioned_parquet_snap.customer_address.ca_zip, CAST(1 AS BIGINT), CAST(5 AS BIGINT)) = '86197' OR substr(tpcds_partitioned_parquet_snap.customer_address.ca_zip, CAST(1 AS BIGINT), CAST(5 AS BIGINT)) = '88274' OR substr(tpcds_partitioned_parquet_snap.customer_address.ca_zip, CAST(1 AS BIGINT), CAST(5 AS BIGINT)) = '83405' OR substr(tpcds_partitioned_parquet_snap.customer_address.ca_zip, CAST(1 AS BIGINT), CAST(5 AS BIGINT)) = '86475' OR substr(tpcds_partitioned_parquet_snap.customer_address.ca_zip, CAST(1 AS BIGINT), CAST(5 AS BIGINT)) = '85392' OR substr(tpcds_partitioned_parquet_snap.customer_address.ca_zip, CAST(1 AS BIGINT), CAST(5 AS BIGINT)) = '85460' OR substr(tpcds_partitioned_parquet_snap.customer_address.ca_zip, CAST(1 AS BIGINT), CAST(5 AS BIGINT)) = '80348' OR substr(tpcds_partitioned_parquet_snap.customer_address.ca_zip, CAST(1 AS BIGINT), CAST(5 AS BIGINT)) = '81792' OR is_not_null_pred(tpcds_partitioned_parquet_snap.item.i_item_id)
|  other predicates: substr(tpcds_partitioned_parquet_snap.customer_address.ca_zip, CAST(1 AS BIGINT), CAST(5 AS BIGINT)) = '85669' OR substr(tpcds_partitioned_parquet_snap.customer_address.ca_zip, CAST(1 AS BIGINT), CAST(5 AS BIGINT)) = '86197' OR substr(tpcds_partitioned_parquet_snap.customer_address.ca_zip, CAST(1 AS BIGINT), CAST(5 AS BIGINT)) = '88274' OR substr(tpcds_partitioned_parquet_snap.customer_address.ca_zip, CAST(1 AS BIGINT), CAST(5 AS BIGINT)) = '83405' OR substr(tpcds_partitioned_parquet_snap.customer_address.ca_zip, CAST(1 AS BIGINT), CAST(5 AS BIGINT)) = '86475' OR substr(tpcds_partitioned_parquet_snap.customer_address.ca_zip, CAST(1 AS BIGINT), CAST(5 AS BIGINT)) = '85392' OR substr(tpcds_partitioned_parquet_snap.customer_address.ca_zip, CAST(1 AS BIGINT), CAST(5 AS BIGINT)) = '85460' OR substr(tpcds_partitioned_parquet_snap.customer_address.ca_zip, CAST(1 AS BIGINT), CAST(5 AS BIGINT)) = '80348' OR substr(tpcds_partitioned_parquet_snap.customer_address.ca_zip, CAST(1 AS BIGINT), CAST(5 AS BIGINT)) = '81792' OR is_not_null_pred(if(TupleIsNull(15), NULL, TRUE))
|  runtime filters: RF000[bloom] <- tpcds_partitioned_parquet_snap.item.i_item_sk, RF001[min_max] <- tpcds_partitioned_parquet_snap.item.i_item_sk
|  mem-estimate=166.32MB mem-reservation=34.00MB spill-buffer=2.00MB thread-reservation=0
|  tuple-ids=0,2,4,6,8,12,15N row-size=1.23KB cardinality=202.59M cost=89060378
|  in pipelines: 00(GETNEXT), 07(OPEN)
|
|--13:HASH JOIN [LEFT OUTER JOIN]
|  |  hash predicates: tpcds_partitioned_parquet_snap.item.i_item_id = tpcds_partitioned_parquet_snap.item_1.i_item_id
|  |  fk/pk conjuncts: none
|  |  mem-estimate=1.94MB mem-reservation=1.94MB spill-buffer=64.00KB thread-reservation=0
|  |  tuple-ids=8,12,15N row-size=449B cardinality=360.00K cost=157582
|  |  in pipelines: 07(GETNEXT), 12(OPEN)
|  |
|  |--12:AGGREGATE [FINALIZE]
|  |  |  group by: tpcds_partitioned_parquet_snap.item_1.i_item_id
|  |  |  mem-estimate=10.00MB mem-reservation=1.94MB spill-buffer=64.00KB thread-reservation=0
|  |  |  tuple-ids=15 row-size=28B cardinality=10 cost=28
|  |  |  in pipelines: 12(GETNEXT), 11(OPEN)
|  |  |
|  |  11:SCAN HDFS [tpcds_partitioned_parquet_snap.item]
|  |     HDFS partitions=1/1 files=1 size=33.54MB
|  |     predicates: tpcds_partitioned_parquet_snap.item_1.i_item_sk = CAST(2 AS INT) OR tpcds_partitioned_parquet_snap.item_1.i_item_sk = CAST(3 AS INT) OR tpcds_partitioned_parquet_snap.item_1.i_item_sk = CAST(5 AS INT) OR tpcds_partitioned_parquet_snap.item_1.i_item_sk = CAST(7 AS INT) OR tpcds_partitioned_parquet_snap.item_1.i_item_sk = CAST(11 AS INT) OR tpcds_partitioned_parquet_snap.item_1.i_item_sk = CAST(13 AS INT) OR tpcds_partitioned_parquet_snap.item_1.i_item_sk = CAST(17 AS INT) OR tpcds_partitioned_parquet_snap.item_1.i_item_sk = CAST(19 AS INT) OR tpcds_partitioned_parquet_snap.item_1.i_item_sk = CAST(23 AS INT) OR tpcds_partitioned_parquet_snap.item_1.i_item_sk = CAST(29 AS INT)
|  |     stored statistics:
|  |       table: rows=360.00K size=33.54MB
|  |       columns: all
|  |     extrapolated-rows=disabled max-scan-range-rows=101.54K
|  |     parquet dictionary predicates: tpcds_partitioned_parquet_snap.item_1.i_item_sk = CAST(2 AS INT) OR tpcds_partitioned_parquet_snap.item_1.i_item_sk = CAST(3 AS INT) OR tpcds_partitioned_parquet_snap.item_1.i_item_sk = CAST(5 AS INT) OR tpcds_partitioned_parquet_snap.item_1.i_item_sk = CAST(7 AS INT) OR tpcds_partitioned_parquet_snap.item_1.i_item_sk = CAST(11 AS INT) OR tpcds_partitioned_parquet_snap.item_1.i_item_sk = CAST(13 AS INT) OR tpcds_partitioned_parquet_snap.item_1.i_item_sk = CAST(17 AS INT) OR tpcds_partitioned_parquet_snap.item_1.i_item_sk = CAST(19 AS INT) OR tpcds_partitioned_parquet_snap.item_1.i_item_sk = CAST(23 AS INT) OR tpcds_partitioned_parquet_snap.item_1.i_item_sk = CAST(29 AS INT)
|  |     mem-estimate=16.00MB mem-reservation=512.00KB thread-reservation=0
|  |     tuple-ids=13 row-size=32B cardinality=10 cost=113796
|  |     in pipelines: 11(GETNEXT)
|  |
|  10:NESTED LOOP JOIN [CROSS JOIN]
|  |  mem-estimate=16B mem-reservation=0B thread-reservation=0
|  |  tuple-ids=8,12 row-size=421B cardinality=360.00K cost=73764
|  |  in pipelines: 07(GETNEXT), 09(OPEN)
|  |
|  |--09:AGGREGATE [FINALIZE]
|  |  |  output: count(), count(tpcds_partitioned_parquet_snap.item_0.i_item_id)
|  |  |  mem-estimate=16.00KB mem-reservation=0B spill-buffer=2.00MB thread-reservation=0
|  |  |  tuple-ids=12 row-size=16B cardinality=1 cost=1
|  |  |  in pipelines: 09(GETNEXT), 08(OPEN)
|  |  |
|  |  08:SCAN HDFS [tpcds_partitioned_parquet_snap.item]
|  |     HDFS partitions=1/1 files=1 size=33.54MB
|  |     predicates: tpcds_partitioned_parquet_snap.item_0.i_item_sk = CAST(2 AS INT) OR tpcds_partitioned_parquet_snap.item_0.i_item_sk = CAST(3 AS INT) OR tpcds_partitioned_parquet_snap.item_0.i_item_sk = CAST(5 AS INT) OR tpcds_partitioned_parquet_snap.item_0.i_item_sk = CAST(7 AS INT) OR tpcds_partitioned_parquet_snap.item_0.i_item_sk = CAST(11 AS INT) OR tpcds_partitioned_parquet_snap.item_0.i_item_sk = CAST(13 AS INT) OR tpcds_partitioned_parquet_snap.item_0.i_item_sk = CAST(17 AS INT) OR tpcds_partitioned_parquet_snap.item_0.i_item_sk = CAST(19 AS INT) OR tpcds_partitioned_parquet_snap.item_0.i_item_sk = CAST(23 AS INT) OR tpcds_partitioned_parquet_snap.item_0.i_item_sk = CAST(29 AS INT)
|  |     stored statistics:
|  |       table: rows=360.00K size=33.54MB
|  |       columns: all
|  |     extrapolated-rows=disabled max-scan-range-rows=101.54K
|  |     parquet dictionary predicates: tpcds_partitioned_parquet_snap.item_0.i_item_sk = CAST(2 AS INT) OR tpcds_partitioned_parquet_snap.item_0.i_item_sk = CAST(3 AS INT) OR tpcds_partitioned_parquet_snap.item_0.i_item_sk = CAST(5 AS INT) OR tpcds_partitioned_parquet_snap.item_0.i_item_sk = CAST(7 AS INT) OR tpcds_partitioned_parquet_snap.item_0.i_item_sk = CAST(11 AS INT) OR tpcds_partitioned_parquet_snap.item_0.i_item_sk = CAST(13 AS INT) OR tpcds_partitioned_parquet_snap.item_0.i_item_sk = CAST(17 AS INT) OR tpcds_partitioned_parquet_snap.item_0.i_item_sk = CAST(19 AS INT) OR tpcds_partitioned_parquet_snap.item_0.i_item_sk = CAST(23 AS INT) OR tpcds_partitioned_parquet_snap.item_0.i_item_sk = CAST(29 AS INT)
|  |     mem-estimate=16.00MB mem-reservation=512.00KB thread-reservation=0
|  |     tuple-ids=10 row-size=32B cardinality=10 cost=113796
|  |     in pipelines: 08(GETNEXT)
|  |
|  07:SCAN HDFS [tpcds_partitioned_parquet_snap.item]
|     HDFS partitions=1/1 files=1 size=33.54MB
|     stored statistics:
|       table: rows=360.00K size=33.54MB
|       columns: all
|     extrapolated-rows=disabled max-scan-range-rows=101.54K
|     mem-estimate=16.00MB mem-reservation=512.00KB thread-reservation=0
|     tuple-ids=8 row-size=405B cardinality=360.00K cost=1355609
|     in pipelines: 07(GETNEXT)
|
06:HASH JOIN [INNER JOIN]
|  hash predicates: tpcds_partitioned_parquet_snap.web_sales.ws_bill_customer_sk = tpcds_partitioned_parquet_snap.customer.c_customer_sk
|  fk/pk conjuncts: tpcds_partitioned_parquet_snap.web_sales.ws_bill_customer_sk = tpcds_partitioned_parquet_snap.customer.c_customer_sk
|  runtime filters: RF002[bloom] <- tpcds_partitioned_parquet_snap.customer.c_customer_sk, RF003[min_max] <- tpcds_partitioned_parquet_snap.customer.c_customer_sk
|  mem-estimate=12.93GB mem-reservation=34.00MB spill-buffer=2.00MB thread-reservation=0
|  tuple-ids=0,2,4,6 row-size=813B cardinality=202.69M cost=123224636
|  in pipelines: 00(GETNEXT), 03(OPEN)
|
|--05:HASH JOIN [INNER JOIN]
|  |  hash predicates: tpcds_partitioned_parquet_snap.customer.c_current_addr_sk = tpcds_partitioned_parquet_snap.customer_address.ca_address_sk
|  |  fk/pk conjuncts: tpcds_partitioned_parquet_snap.customer.c_current_addr_sk = tpcds_partitioned_parquet_snap.customer_address.ca_address_sk
|  |  runtime filters: RF006[bloom] <- tpcds_partitioned_parquet_snap.customer_address.ca_address_sk, RF007[min_max] <- tpcds_partitioned_parquet_snap.customer_address.ca_address_sk
|  |  mem-estimate=3.61GB mem-reservation=34.00MB spill-buffer=2.00MB thread-reservation=0
|  |  tuple-ids=4,6 row-size=436B cardinality=30.00M cost=28131000
|  |  in pipelines: 03(GETNEXT), 04(OPEN)
|  |
|  |--04:SCAN HDFS [tpcds_partitioned_parquet_snap.customer_address]
|  |     HDFS partitions=1/1 files=1 size=307.36MB
|  |     stored statistics:
|  |       table: rows=15.00M size=307.36MB
|  |       columns: all
|  |     extrapolated-rows=disabled max-scan-range-rows=1.58M
|  |     mem-estimate=16.00MB mem-reservation=128.00KB thread-reservation=0
|  |     tuple-ids=6 row-size=232B cardinality=15.00M cost=21515206
|  |     in pipelines: 04(GETNEXT)
|  |
|  03:SCAN HDFS [tpcds_partitioned_parquet_snap.customer]
|     HDFS partitions=1/1 files=1 size=1.55GB
|     runtime filters: RF007[min_max] -> tpcds_partitioned_parquet_snap.customer.c_current_addr_sk, RF006[bloom] -> tpcds_partitioned_parquet_snap.customer.c_current_addr_sk
|     stored statistics:
|       table: rows=30.00M size=1.55GB
|       columns: all
|     extrapolated-rows=disabled max-scan-range-rows=3.10M
|     mem-estimate=16.00MB mem-reservation=1.00MB thread-reservation=0
|     tuple-ids=4 row-size=204B cardinality=30.00M cost=46823813
|     in pipelines: 03(GETNEXT)
|
02:HASH JOIN [INNER JOIN]
|  hash predicates: tpcds_partitioned_parquet_snap.web_sales.ws_sold_date_sk = tpcds_partitioned_parquet_snap.date_dim.d_date_sk
|  fk/pk conjuncts: tpcds_partitioned_parquet_snap.web_sales.ws_sold_date_sk = tpcds_partitioned_parquet_snap.date_dim.d_date_sk
|  runtime filters: RF004[bloom] <- tpcds_partitioned_parquet_snap.date_dim.d_date_sk
|  mem-estimate=1.94MB mem-reservation=1.94MB spill-buffer=64.00KB thread-reservation=0
|  tuple-ids=0,2 row-size=377B cardinality=220.26M cost=96407940
|  in pipelines: 00(GETNEXT), 01(OPEN)
|
|--01:SCAN HDFS [tpcds_partitioned_parquet_snap.date_dim]
|     HDFS partitions=1/1 files=1 size=2.17MB
|     predicates: tpcds_partitioned_parquet_snap.date_dim.d_year = CAST(1999 AS INT), tpcds_partitioned_parquet_snap.date_dim.d_qoy = CAST(2 AS INT)
|     stored statistics:
|       table: rows=73.05K size=2.17MB
|       columns: all
|     extrapolated-rows=disabled max-scan-range-rows=73.05K
|     parquet statistics predicates: tpcds_partitioned_parquet_snap.date_dim.d_year = CAST(1999 AS INT), tpcds_partitioned_parquet_snap.date_dim.d_qoy = CAST(2 AS INT)
|     parquet dictionary predicates: tpcds_partitioned_parquet_snap.date_dim.d_year = CAST(1999 AS INT), tpcds_partitioned_parquet_snap.date_dim.d_qoy = CAST(2 AS INT)
|     mem-estimate=16.00MB mem-reservation=4.00MB thread-reservation=0
|     tuple-ids=2 row-size=237B cardinality=186 cost=114705
|     in pipelines: 01(GETNEXT)
|
00:SCAN HDFS [tpcds_partitioned_parquet_snap.web_sales]
   HDFS partitions=1824/1824 files=1824 size=145.75GB
   runtime filters: RF001[min_max] -> tpcds_partitioned_parquet_snap.web_sales.ws_item_sk, RF003[min_max] -> tpcds_partitioned_parquet_snap.web_sales.ws_bill_customer_sk, RF000[bloom] -> tpcds_partitioned_parquet_snap.web_sales.ws_item_sk, RF002[bloom] -> tpcds_partitioned_parquet_snap.web_sales.ws_bill_customer_sk, RF004[bloom] -> tpcds_partitioned_parquet_snap.web_sales.ws_sold_date_sk
   stored statistics:
     table: rows=2.16G size=145.75GB
     partitions: 1824/1824 rows=2.16G
     columns: all
   extrapolated-rows=disabled max-scan-range-rows=3.37M est-scan-range=187(filtered from 1824)
   mem-estimate=16.00MB mem-reservation=264.00KB thread-reservation=0
   tuple-ids=0 row-size=140B cardinality=220.26M(filtered from 2.16G) cost=444043942
   in pipelines: 00(GETNEXT)
---- DISTRIBUTEDPLAN
Max Per-Host Resource Reservation: Memory=870.84MB Threads=44
Per-Host Resource Estimates: Memory=4.92GB
F12:PLAN FRAGMENT [UNPARTITIONED] hosts=1 instances=1
|  Per-Instance Resources: mem-estimate=4.30MB mem-reservation=4.00MB thread-reservation=1
|  max-parallelism=1 segment-costs=[337] cpu-comparison-result=160 [max(1 (self) vs 160 (sum children))]
PLAN-ROOT SINK
|  output exprs: tpcds_partitioned_parquet_snap.customer_address.ca_zip, tpcds_partitioned_parquet_snap.customer_address.ca_county, sum(tpcds_partitioned_parquet_snap.web_sales.ws_sales_price)
|  mem-estimate=4.00MB mem-reservation=4.00MB spill-buffer=2.00MB thread-reservation=0 cost=300
|
31:MERGING-EXCHANGE [UNPARTITIONED]
|  order by: tpcds_partitioned_parquet_snap.customer_address.ca_zip ASC NULLS LAST, tpcds_partitioned_parquet_snap.customer_address.ca_county ASC NULLS LAST
|  limit: 100
|  mem-estimate=308.05KB mem-reservation=0B thread-reservation=0
|  tuple-ids=17 row-size=59B cardinality=100 cost=37
|  in pipelines: 16(GETNEXT)
|
F11:PLAN FRAGMENT [HASH(tpcds_partitioned_parquet_snap.customer_address.ca_zip,tpcds_partitioned_parquet_snap.customer_address.ca_county)] hosts=10 instances=50 (adjusted from 120)
Per-Instance Resources: mem-estimate=46.46MB mem-reservation=34.00MB thread-reservation=1
max-parallelism=50 segment-costs=[404470111, 201601849, 185] cpu-comparison-result=160 [max(50 (self) vs 160 (sum children))]
16:TOP-N [LIMIT=100]
|  order by: tpcds_partitioned_parquet_snap.customer_address.ca_zip ASC NULLS LAST, tpcds_partitioned_parquet_snap.customer_address.ca_county ASC NULLS LAST
|  mem-estimate=5.76KB mem-reservation=0B thread-reservation=0
|  tuple-ids=17 row-size=59B cardinality=100 cost=201601849
|  in pipelines: 16(GETNEXT), 30(OPEN)
|
30:AGGREGATE [FINALIZE]
|  output: sum:merge(tpcds_partitioned_parquet_snap.web_sales.ws_sales_price)
|  group by: tpcds_partitioned_parquet_snap.customer_address.ca_zip, tpcds_partitioned_parquet_snap.customer_address.ca_county
|  mem-estimate=34.00MB mem-reservation=34.00MB spill-buffer=2.00MB thread-reservation=0
|  tuple-ids=16 row-size=59B cardinality=15.00M cost=331214513
|  in pipelines: 30(GETNEXT), 00(OPEN)
|
29:EXCHANGE [HASH(tpcds_partitioned_parquet_snap.customer_address.ca_zip,tpcds_partitioned_parquet_snap.customer_address.ca_county)]
|  mem-estimate=12.46MB mem-reservation=0B thread-reservation=0
|  tuple-ids=16 row-size=59B cardinality=191.61M cost=73255598
|  in pipelines: 00(GETNEXT)
|
F05:PLAN FRAGMENT [HASH(tpcds_partitioned_parquet_snap.web_sales.ws_bill_customer_sk)] hosts=10 instances=40 (adjusted from 120)
Per-Instance Resources: mem-estimate=324.50MB mem-reservation=34.00MB thread-reservation=1
max-parallelism=180 segment-costs=[1742693933, 826268909] cpu-comparison-result=160 [max(160 (self) vs 105 (sum children))]
15:AGGREGATE [STREAMING]
|  output: sum(tpcds_partitioned_parquet_snap.web_sales.ws_sales_price)
|  group by: tpcds_partitioned_parquet_snap.customer_address.ca_zip, tpcds_partitioned_parquet_snap.customer_address.ca_county
|  mem-estimate=257.07MB mem-reservation=34.00MB spill-buffer=2.00MB thread-reservation=0
|  tuple-ids=16 row-size=59B cardinality=191.61M cost=1146073039
|  in pipelines: 00(GETNEXT)
|
14:HASH JOIN [INNER JOIN, BROADCAST]
|  hash-table-id=00
|  hash predicates: tpcds_partitioned_parquet_snap.web_sales.ws_item_sk = tpcds_partitioned_parquet_snap.item.i_item_sk
|  fk/pk conjuncts: tpcds_partitioned_parquet_snap.web_sales.ws_item_sk = tpcds_partitioned_parquet_snap.item.i_item_sk
|  other join predicates: substr(tpcds_partitioned_parquet_snap.customer_address.ca_zip, CAST(1 AS BIGINT), CAST(5 AS BIGINT)) = '85669' OR substr(tpcds_partitioned_parquet_snap.customer_address.ca_zip, CAST(1 AS BIGINT), CAST(5 AS BIGINT)) = '86197' OR substr(tpcds_partitioned_parquet_snap.customer_address.ca_zip, CAST(1 AS BIGINT), CAST(5 AS BIGINT)) = '88274' OR substr(tpcds_partitioned_parquet_snap.customer_address.ca_zip, CAST(1 AS BIGINT), CAST(5 AS BIGINT)) = '83405' OR substr(tpcds_partitioned_parquet_snap.customer_address.ca_zip, CAST(1 AS BIGINT), CAST(5 AS BIGINT)) = '86475' OR substr(tpcds_partitioned_parquet_snap.customer_address.ca_zip, CAST(1 AS BIGINT), CAST(5 AS BIGINT)) = '85392' OR substr(tpcds_partitioned_parquet_snap.customer_address.ca_zip, CAST(1 AS BIGINT), CAST(5 AS BIGINT)) = '85460' OR substr(tpcds_partitioned_parquet_snap.customer_address.ca_zip, CAST(1 AS BIGINT), CAST(5 AS BIGINT)) = '80348' OR substr(tpcds_partitioned_parquet_snap.customer_address.ca_zip, CAST(1 AS BIGINT), CAST(5 AS BIGINT)) = '81792' OR count() != CAST(0 AS BIGINT), substr(tpcds_partitioned_parquet_snap.customer_address.ca_zip, CAST(1 AS BIGINT), CAST(5 AS BIGINT)) = '85669' OR substr(tpcds_partitioned_parquet_snap.customer_address.ca_zip, CAST(1 AS BIGINT), CAST(5 AS BIGINT)) = '86197' OR substr(tpcds_partitioned_parquet_snap.customer_address.ca_zip, CAST(1 AS BIGINT), CAST(5 AS BIGINT)) = '88274' OR substr(tpcds_partitioned_parquet_snap.customer_address.ca_zip, CAST(1 AS BIGINT), CAST(5 AS BIGINT)) = '83405' OR substr(tpcds_partitioned_parquet_snap.customer_address.ca_zip, CAST(1 AS BIGINT), CAST(5 AS BIGINT)) = '86475' OR substr(tpcds_partitioned_parquet_snap.customer_address.ca_zip, CAST(1 AS BIGINT), CAST(5 AS BIGINT)) = '85392' OR substr(tpcds_partitioned_parquet_snap.customer_address.ca_zip, CAST(1 AS BIGINT), CAST(5 AS BIGINT)) = '85460' OR substr(tpcds_partitioned_parquet_snap.customer_address.ca_zip, CAST(1 AS BIGINT), CAST(5 AS BIGINT)) = '80348' OR substr(tpcds_partitioned_parquet_snap.customer_address.ca_zip, CAST(1 AS BIGINT), CAST(5 AS BIGINT)) = '81792' OR is_not_null_pred(tpcds_partitioned_parquet_snap.item.i_item_id)
|  other predicates: substr(tpcds_partitioned_parquet_snap.customer_address.ca_zip, CAST(1 AS BIGINT), CAST(5 AS BIGINT)) = '85669' OR substr(tpcds_partitioned_parquet_snap.customer_address.ca_zip, CAST(1 AS BIGINT), CAST(5 AS BIGINT)) = '86197' OR substr(tpcds_partitioned_parquet_snap.customer_address.ca_zip, CAST(1 AS BIGINT), CAST(5 AS BIGINT)) = '88274' OR substr(tpcds_partitioned_parquet_snap.customer_address.ca_zip, CAST(1 AS BIGINT), CAST(5 AS BIGINT)) = '83405' OR substr(tpcds_partitioned_parquet_snap.customer_address.ca_zip, CAST(1 AS BIGINT), CAST(5 AS BIGINT)) = '86475' OR substr(tpcds_partitioned_parquet_snap.customer_address.ca_zip, CAST(1 AS BIGINT), CAST(5 AS BIGINT)) = '85392' OR substr(tpcds_partitioned_parquet_snap.customer_address.ca_zip, CAST(1 AS BIGINT), CAST(5 AS BIGINT)) = '85460' OR substr(tpcds_partitioned_parquet_snap.customer_address.ca_zip, CAST(1 AS BIGINT), CAST(5 AS BIGINT)) = '80348' OR substr(tpcds_partitioned_parquet_snap.customer_address.ca_zip, CAST(1 AS BIGINT), CAST(5 AS BIGINT)) = '81792' OR is_not_null_pred(if(TupleIsNull(15), NULL, TRUE))
|  mem-estimate=0B mem-reservation=0B spill-buffer=2.00MB thread-reservation=0
|  tuple-ids=0,2,4,6,8,12,15N row-size=1.23KB cardinality=202.59M cost=88700378
|  in pipelines: 00(GETNEXT), 07(OPEN)
|
|--F13:PLAN FRAGMENT [HASH(tpcds_partitioned_parquet_snap.web_sales.ws_bill_customer_sk)] hosts=10 instances=10
|  |  Per-Instance Resources: mem-estimate=179.13MB mem-reservation=137.00MB thread-reservation=1 runtime-filters-memory=1.00MB
|  |  max-parallelism=10 segment-costs=[838440] cpu-comparison-result=14 [max(14 (self) vs 8 (sum children))]
|  JOIN BUILD
|  |  join-table-id=00 plan-id=01 cohort-id=01
|  |  build expressions: tpcds_partitioned_parquet_snap.item.i_item_sk
|  |  runtime filters: RF000[bloom] <- tpcds_partitioned_parquet_snap.item.i_item_sk, RF001[min_max] <- tpcds_partitioned_parquet_snap.item.i_item_sk
|  |  mem-estimate=166.32MB mem-reservation=136.00MB spill-buffer=2.00MB thread-reservation=0 cost=360000
|  |
|  28:EXCHANGE [BROADCAST]
|  |  mem-estimate=11.80MB mem-reservation=0B thread-reservation=0
|  |  tuple-ids=8,12,15N row-size=449B cardinality=360.00K cost=478440
|  |  in pipelines: 07(GETNEXT)
|  |
|  F06:PLAN FRAGMENT [RANDOM] hosts=4 instances=4
|  Per-Instance Resources: mem-estimate=17.80MB mem-reservation=512.00KB thread-reservation=1
|  max-parallelism=4 segment-costs=[2047185]
|  13:HASH JOIN [LEFT OUTER JOIN, BROADCAST]
|  |  hash-table-id=01
|  |  hash predicates: tpcds_partitioned_parquet_snap.item.i_item_id = tpcds_partitioned_parquet_snap.item_1.i_item_id
|  |  fk/pk conjuncts: none
|  |  mem-estimate=0B mem-reservation=0B spill-buffer=64.00KB thread-reservation=0
|  |  tuple-ids=8,12,15N row-size=449B cardinality=360.00K cost=157572
|  |  in pipelines: 07(GETNEXT), 26(OPEN)
|  |
|  |--F14:PLAN FRAGMENT [RANDOM] hosts=4 instances=4
|  |  |  Per-Instance Resources: mem-estimate=1.95MB mem-reservation=1.94MB thread-reservation=1
|  |  |  max-parallelism=4 segment-costs=[14] cpu-comparison-result=4 [max(4 (self) vs 4 (sum children))]
|  |  JOIN BUILD
|  |  |  join-table-id=01 plan-id=02 cohort-id=02
|  |  |  build expressions: tpcds_partitioned_parquet_snap.item_1.i_item_id
|  |  |  mem-estimate=1.94MB mem-reservation=1.94MB spill-buffer=64.00KB thread-reservation=0 cost=10
|  |  |
|  |  27:EXCHANGE [BROADCAST]
|  |  |  mem-estimate=16.00KB mem-reservation=0B thread-reservation=0
|  |  |  tuple-ids=15 row-size=28B cardinality=10 cost=4
|  |  |  in pipelines: 26(GETNEXT)
|  |  |
|  |  F10:PLAN FRAGMENT [HASH(tpcds_partitioned_parquet_snap.item_1.i_item_id)] hosts=4 instances=4
|  |  Per-Instance Resources: mem-estimate=10.12MB mem-reservation=1.94MB thread-reservation=1
|  |  max-parallelism=4 segment-costs=[30, 0] cpu-comparison-result=4 [max(4 (self) vs 4 (sum children))]
|  |  26:AGGREGATE [FINALIZE]
|  |  |  group by: tpcds_partitioned_parquet_snap.item_1.i_item_id
|  |  |  mem-estimate=10.00MB mem-reservation=1.94MB spill-buffer=64.00KB thread-reservation=0
|  |  |  tuple-ids=15 row-size=28B cardinality=10 cost=28
|  |  |  in pipelines: 26(GETNEXT), 11(OPEN)
|  |  |
|  |  25:EXCHANGE [HASH(tpcds_partitioned_parquet_snap.item_1.i_item_id)]
|  |  |  mem-estimate=16.00KB mem-reservation=0B thread-reservation=0
|  |  |  tuple-ids=15 row-size=28B cardinality=10 cost=2
|  |  |  in pipelines: 11(GETNEXT)
|  |  |
|  |  F09:PLAN FRAGMENT [RANDOM] hosts=4 instances=4
|  |  Per-Instance Resources: mem-estimate=26.50MB mem-reservation=2.50MB thread-reservation=1
|  |  max-parallelism=4 segment-costs=[113824, 23]
|  |  12:AGGREGATE [STREAMING]
|  |  |  group by: tpcds_partitioned_parquet_snap.item_1.i_item_id
|  |  |  mem-estimate=10.00MB mem-reservation=2.00MB spill-buffer=64.00KB thread-reservation=0
|  |  |  tuple-ids=15 row-size=28B cardinality=10 cost=28
|  |  |  in pipelines: 11(GETNEXT)
|  |  |
|  |  11:SCAN HDFS [tpcds_partitioned_parquet_snap.item, RANDOM]
|  |     HDFS partitions=1/1 files=1 size=33.54MB
|  |     predicates: tpcds_partitioned_parquet_snap.item_1.i_item_sk = CAST(2 AS INT) OR tpcds_partitioned_parquet_snap.item_1.i_item_sk = CAST(3 AS INT) OR tpcds_partitioned_parquet_snap.item_1.i_item_sk = CAST(5 AS INT) OR tpcds_partitioned_parquet_snap.item_1.i_item_sk = CAST(7 AS INT) OR tpcds_partitioned_parquet_snap.item_1.i_item_sk = CAST(11 AS INT) OR tpcds_partitioned_parquet_snap.item_1.i_item_sk = CAST(13 AS INT) OR tpcds_partitioned_parquet_snap.item_1.i_item_sk = CAST(17 AS INT) OR tpcds_partitioned_parquet_snap.item_1.i_item_sk = CAST(19 AS INT) OR tpcds_partitioned_parquet_snap.item_1.i_item_sk = CAST(23 AS INT) OR tpcds_partitioned_parquet_snap.item_1.i_item_sk = CAST(29 AS INT)
|  |     stored statistics:
|  |       table: rows=360.00K size=33.54MB
|  |       columns: all
|  |     extrapolated-rows=disabled max-scan-range-rows=101.54K
|  |     parquet dictionary predicates: tpcds_partitioned_parquet_snap.item_1.i_item_sk = CAST(2 AS INT) OR tpcds_partitioned_parquet_snap.item_1.i_item_sk = CAST(3 AS INT) OR tpcds_partitioned_parquet_snap.item_1.i_item_sk = CAST(5 AS INT) OR tpcds_partitioned_parquet_snap.item_1.i_item_sk = CAST(7 AS INT) OR tpcds_partitioned_parquet_snap.item_1.i_item_sk = CAST(11 AS INT) OR tpcds_partitioned_parquet_snap.item_1.i_item_sk = CAST(13 AS INT) OR tpcds_partitioned_parquet_snap.item_1.i_item_sk = CAST(17 AS INT) OR tpcds_partitioned_parquet_snap.item_1.i_item_sk = CAST(19 AS INT) OR tpcds_partitioned_parquet_snap.item_1.i_item_sk = CAST(23 AS INT) OR tpcds_partitioned_parquet_snap.item_1.i_item_sk = CAST(29 AS INT)
|  |     mem-estimate=16.00MB mem-reservation=512.00KB thread-reservation=0
|  |     tuple-ids=13 row-size=32B cardinality=10 cost=113796
|  |     in pipelines: 11(GETNEXT)
|  |
|  10:NESTED LOOP JOIN [CROSS JOIN, BROADCAST]
|  |  join table id: 02
|  |  mem-estimate=0B mem-reservation=0B thread-reservation=0
|  |  tuple-ids=8,12 row-size=421B cardinality=360.00K cost=73764
|  |  in pipelines: 07(GETNEXT), 23(OPEN)
|  |
|  |--F15:PLAN FRAGMENT [RANDOM] hosts=4 instances=4
|  |  |  Per-Instance Resources: mem-estimate=16.02KB mem-reservation=0B thread-reservation=1
|  |  |  max-parallelism=4 segment-costs=[0] cpu-comparison-result=4 [max(4 (self) vs 4 (sum children))]
|  |  JOIN BUILD
|  |  |  join-table-id=02 plan-id=03 cohort-id=02
|  |  |  mem-estimate=16B mem-reservation=0B thread-reservation=0 cost=0
|  |  |
|  |  24:EXCHANGE [BROADCAST]
|  |  |  mem-estimate=16.00KB mem-reservation=0B thread-reservation=0
|  |  |  tuple-ids=12 row-size=16B cardinality=1 cost=0
|  |  |  in pipelines: 23(GETNEXT)
|  |  |
|  |  F08:PLAN FRAGMENT [UNPARTITIONED] hosts=1 instances=1
|  |  Per-Instance Resources: mem-estimate=96.00KB mem-reservation=0B thread-reservation=1
|  |  max-parallelism=1 segment-costs=[0, 0] cpu-comparison-result=4 [max(1 (self) vs 4 (sum children))]
|  |  23:AGGREGATE [FINALIZE]
|  |  |  output: count:merge(), count:merge(tpcds_partitioned_parquet_snap.item_0.i_item_id)
|  |  |  mem-estimate=16.00KB mem-reservation=0B spill-buffer=2.00MB thread-reservation=0
|  |  |  tuple-ids=12 row-size=16B cardinality=1 cost=0
|  |  |  in pipelines: 23(GETNEXT), 09(OPEN)
|  |  |
|  |  22:EXCHANGE [UNPARTITIONED]
|  |  |  mem-estimate=16.00KB mem-reservation=0B thread-reservation=0
|  |  |  tuple-ids=12 row-size=16B cardinality=4 cost=0
|  |  |  in pipelines: 09(GETNEXT)
|  |  |
|  |  F07:PLAN FRAGMENT [RANDOM] hosts=4 instances=4
|  |  Per-Instance Resources: mem-estimate=16.02MB mem-reservation=512.00KB thread-reservation=1
|  |  max-parallelism=4 segment-costs=[113797, 6]
|  |  09:AGGREGATE
|  |  |  output: count(), count(tpcds_partitioned_parquet_snap.item_0.i_item_id)
|  |  |  mem-estimate=16.00KB mem-reservation=0B spill-buffer=2.00MB thread-reservation=0
|  |  |  tuple-ids=12 row-size=16B cardinality=4 cost=1
|  |  |  in pipelines: 09(GETNEXT), 08(OPEN)
|  |  |
|  |  08:SCAN HDFS [tpcds_partitioned_parquet_snap.item, RANDOM]
|  |     HDFS partitions=1/1 files=1 size=33.54MB
|  |     predicates: tpcds_partitioned_parquet_snap.item_0.i_item_sk = CAST(2 AS INT) OR tpcds_partitioned_parquet_snap.item_0.i_item_sk = CAST(3 AS INT) OR tpcds_partitioned_parquet_snap.item_0.i_item_sk = CAST(5 AS INT) OR tpcds_partitioned_parquet_snap.item_0.i_item_sk = CAST(7 AS INT) OR tpcds_partitioned_parquet_snap.item_0.i_item_sk = CAST(11 AS INT) OR tpcds_partitioned_parquet_snap.item_0.i_item_sk = CAST(13 AS INT) OR tpcds_partitioned_parquet_snap.item_0.i_item_sk = CAST(17 AS INT) OR tpcds_partitioned_parquet_snap.item_0.i_item_sk = CAST(19 AS INT) OR tpcds_partitioned_parquet_snap.item_0.i_item_sk = CAST(23 AS INT) OR tpcds_partitioned_parquet_snap.item_0.i_item_sk = CAST(29 AS INT)
|  |     stored statistics:
|  |       table: rows=360.00K size=33.54MB
|  |       columns: all
|  |     extrapolated-rows=disabled max-scan-range-rows=101.54K
|  |     parquet dictionary predicates: tpcds_partitioned_parquet_snap.item_0.i_item_sk = CAST(2 AS INT) OR tpcds_partitioned_parquet_snap.item_0.i_item_sk = CAST(3 AS INT) OR tpcds_partitioned_parquet_snap.item_0.i_item_sk = CAST(5 AS INT) OR tpcds_partitioned_parquet_snap.item_0.i_item_sk = CAST(7 AS INT) OR tpcds_partitioned_parquet_snap.item_0.i_item_sk = CAST(11 AS INT) OR tpcds_partitioned_parquet_snap.item_0.i_item_sk = CAST(13 AS INT) OR tpcds_partitioned_parquet_snap.item_0.i_item_sk = CAST(17 AS INT) OR tpcds_partitioned_parquet_snap.item_0.i_item_sk = CAST(19 AS INT) OR tpcds_partitioned_parquet_snap.item_0.i_item_sk = CAST(23 AS INT) OR tpcds_partitioned_parquet_snap.item_0.i_item_sk = CAST(29 AS INT)
|  |     mem-estimate=16.00MB mem-reservation=512.00KB thread-reservation=0
|  |     tuple-ids=10 row-size=32B cardinality=10 cost=113796
|  |     in pipelines: 08(GETNEXT)
|  |
|  07:SCAN HDFS [tpcds_partitioned_parquet_snap.item, RANDOM]
|     HDFS partitions=1/1 files=1 size=33.54MB
|     stored statistics:
|       table: rows=360.00K size=33.54MB
|       columns: all
|     extrapolated-rows=disabled max-scan-range-rows=101.54K
|     mem-estimate=16.00MB mem-reservation=512.00KB thread-reservation=0
|     tuple-ids=8 row-size=405B cardinality=360.00K cost=1355609
|     in pipelines: 07(GETNEXT)
|
06:HASH JOIN [INNER JOIN, PARTITIONED]
|  hash-table-id=03
|  hash predicates: tpcds_partitioned_parquet_snap.web_sales.ws_bill_customer_sk = tpcds_partitioned_parquet_snap.customer.c_customer_sk
|  fk/pk conjuncts: tpcds_partitioned_parquet_snap.web_sales.ws_bill_customer_sk = tpcds_partitioned_parquet_snap.customer.c_customer_sk
|  mem-estimate=0B mem-reservation=0B spill-buffer=2.00MB thread-reservation=0
|  tuple-ids=0,2,4,6 row-size=813B cardinality=202.69M cost=93224636
|  in pipelines: 00(GETNEXT), 03(OPEN)
|
|--F16:PLAN FRAGMENT [HASH(tpcds_partitioned_parquet_snap.web_sales.ws_bill_customer_sk)] hosts=10 instances=40 (adjusted from 120)
|  |  Per-Instance Resources: mem-estimate=370.06MB mem-reservation=50.00MB thread-reservation=1 runtime-filters-memory=16.00MB
|  |  max-parallelism=180 segment-costs=[94604435] cpu-comparison-result=80 [max(80 (self) vs 40 (sum children))]
|  JOIN BUILD
|  |  join-table-id=03 plan-id=04 cohort-id=01
|  |  build expressions: tpcds_partitioned_parquet_snap.customer.c_customer_sk
|  |  runtime filters: RF002[bloom] <- tpcds_partitioned_parquet_snap.customer.c_customer_sk, RF003[min_max] <- tpcds_partitioned_parquet_snap.customer.c_customer_sk
|  |  mem-estimate=331.05MB mem-reservation=34.00MB spill-buffer=2.00MB thread-reservation=0 cost=30000000
|  |
|  21:EXCHANGE [HASH(tpcds_partitioned_parquet_snap.customer.c_customer_sk)]
|  |  mem-estimate=23.01MB mem-reservation=0B thread-reservation=0
|  |  tuple-ids=4,6 row-size=436B cardinality=30.00M cost=64604435
|  |  in pipelines: 03(GETNEXT)
|  |
|  F04:PLAN FRAGMENT [HASH(tpcds_partitioned_parquet_snap.customer.c_current_addr_sk)] hosts=10 instances=30 (adjusted from 10)
|  Per-Instance Resources: mem-estimate=81.41MB mem-reservation=0B thread-reservation=1
|  max-parallelism=100 segment-costs=[917925706]
|  05:HASH JOIN [INNER JOIN, PARTITIONED]
|  |  hash-table-id=04
|  |  hash predicates: tpcds_partitioned_parquet_snap.customer.c_current_addr_sk = tpcds_partitioned_parquet_snap.customer_address.ca_address_sk
|  |  fk/pk conjuncts: tpcds_partitioned_parquet_snap.customer.c_current_addr_sk = tpcds_partitioned_parquet_snap.customer_address.ca_address_sk
|  |  mem-estimate=0B mem-reservation=0B spill-buffer=2.00MB thread-reservation=0
|  |  tuple-ids=4,6 row-size=436B cardinality=30.00M cost=13131000
|  |  in pipelines: 03(GETNEXT), 04(OPEN)
|  |
|  |--F17:PLAN FRAGMENT [HASH(tpcds_partitioned_parquet_snap.customer.c_current_addr_sk)] hosts=10 instances=30 (adjusted from 10)
|  |  |  Per-Instance Resources: mem-estimate=151.54MB mem-reservation=50.00MB thread-reservation=1 runtime-filters-memory=16.00MB
|  |  |  max-parallelism=100 segment-costs=[32647413]
|  |  JOIN BUILD
|  |  |  join-table-id=04 plan-id=05 cohort-id=03
|  |  |  build expressions: tpcds_partitioned_parquet_snap.customer_address.ca_address_sk
|  |  |  runtime filters: RF006[bloom] <- tpcds_partitioned_parquet_snap.customer_address.ca_address_sk, RF007[min_max] <- tpcds_partitioned_parquet_snap.customer_address.ca_address_sk
|  |  |  mem-estimate=123.24MB mem-reservation=34.00MB spill-buffer=2.00MB thread-reservation=0 cost=15000000
|  |  |
|  |  19:EXCHANGE [HASH(tpcds_partitioned_parquet_snap.customer_address.ca_address_sk)]
|  |  |  mem-estimate=12.30MB mem-reservation=0B thread-reservation=0
|  |  |  tuple-ids=6 row-size=232B cardinality=15.00M cost=17647413
|  |  |  in pipelines: 04(GETNEXT)
|  |  |
|  |  F03:PLAN FRAGMENT [RANDOM] hosts=10 instances=10
|  |  Per-Instance Resources: mem-estimate=43.61MB mem-reservation=128.00KB thread-reservation=1
|  |  max-parallelism=10 segment-costs=[252975990]
|  |  04:SCAN HDFS [tpcds_partitioned_parquet_snap.customer_address, RANDOM]
|  |     HDFS partitions=1/1 files=1 size=307.36MB
|  |     stored statistics:
|  |       table: rows=15.00M size=307.36MB
|  |       columns: all
|  |     extrapolated-rows=disabled max-scan-range-rows=1.58M
|  |     mem-estimate=16.00MB mem-reservation=128.00KB thread-reservation=0
|  |     tuple-ids=6 row-size=232B cardinality=15.00M cost=21515206
|  |     in pipelines: 04(GETNEXT)
|  |
|  18:EXCHANGE [HASH(tpcds_partitioned_parquet_snap.customer.c_current_addr_sk)]
|  |  mem-estimate=12.04MB mem-reservation=0B thread-reservation=0
|  |  tuple-ids=4 row-size=204B cardinality=30.00M cost=31538607
|  |  in pipelines: 03(GETNEXT)
|  |
|  F02:PLAN FRAGMENT [RANDOM] hosts=10 instances=10
|  Per-Host Shared Resources: mem-estimate=16.00MB mem-reservation=16.00MB thread-reservation=0 runtime-filters-memory=16.00MB
|  Per-Instance Resources: mem-estimate=40.42MB mem-reservation=1.00MB thread-reservation=1
|  max-parallelism=10 segment-costs=[457158314]
|  03:SCAN HDFS [tpcds_partitioned_parquet_snap.customer, RANDOM]
|     HDFS partitions=1/1 files=1 size=1.55GB
|     runtime filters: RF007[min_max] -> tpcds_partitioned_parquet_snap.customer.c_current_addr_sk, RF006[bloom] -> tpcds_partitioned_parquet_snap.customer.c_current_addr_sk
|     stored statistics:
|       table: rows=30.00M size=1.55GB
|       columns: all
|     extrapolated-rows=disabled max-scan-range-rows=3.10M
|     mem-estimate=16.00MB mem-reservation=1.00MB thread-reservation=0
|     tuple-ids=4 row-size=204B cardinality=30.00M cost=46823813
|     in pipelines: 03(GETNEXT)
|
20:EXCHANGE [HASH(tpcds_partitioned_parquet_snap.web_sales.ws_bill_customer_sk)]
|  mem-estimate=55.13MB mem-reservation=0B thread-reservation=0
|  tuple-ids=0,2 row-size=377B cardinality=220.26M cost=414695880
|  in pipelines: 00(GETNEXT)
|
F00:PLAN FRAGMENT [RANDOM] hosts=10 instances=120
Per-Host Shared Resources: mem-estimate=18.00MB mem-reservation=18.00MB thread-reservation=0 runtime-filters-memory=18.00MB
Per-Instance Resources: mem-estimate=76.18MB mem-reservation=264.00KB thread-reservation=1
max-parallelism=187 segment-costs=[6117079683]
02:HASH JOIN [INNER JOIN, BROADCAST]
|  hash-table-id=05
|  hash predicates: tpcds_partitioned_parquet_snap.web_sales.ws_sold_date_sk = tpcds_partitioned_parquet_snap.date_dim.d_date_sk
|  fk/pk conjuncts: tpcds_partitioned_parquet_snap.web_sales.ws_sold_date_sk = tpcds_partitioned_parquet_snap.date_dim.d_date_sk
|  mem-estimate=0B mem-reservation=0B spill-buffer=64.00KB thread-reservation=0
|  tuple-ids=0,2 row-size=377B cardinality=220.26M cost=96407754
|  in pipelines: 00(GETNEXT), 01(OPEN)
|
|--F18:PLAN FRAGMENT [RANDOM] hosts=10 instances=10
|  |  Per-Instance Resources: mem-estimate=24.33MB mem-reservation=24.25MB thread-reservation=1 runtime-filters-memory=1.00MB
|  |  max-parallelism=10 segment-costs=[426]
|  JOIN BUILD
|  |  join-table-id=05 plan-id=06 cohort-id=01
|  |  build expressions: tpcds_partitioned_parquet_snap.date_dim.d_date_sk
|  |  runtime filters: RF004[bloom] <- tpcds_partitioned_parquet_snap.date_dim.d_date_sk
|  |  mem-estimate=23.25MB mem-reservation=23.25MB spill-buffer=64.00KB thread-reservation=0 cost=186
|  |
|  17:EXCHANGE [BROADCAST]
|  |  mem-estimate=86.88KB mem-reservation=0B thread-reservation=0
|  |  tuple-ids=2 row-size=237B cardinality=186 cost=240
|  |  in pipelines: 01(GETNEXT)
|  |
|  F01:PLAN FRAGMENT [RANDOM] hosts=1 instances=1
|  Per-Instance Resources: mem-estimate=16.94MB mem-reservation=4.00MB thread-reservation=1
|  max-parallelism=1 segment-costs=[114828]
|  01:SCAN HDFS [tpcds_partitioned_parquet_snap.date_dim, RANDOM]
|     HDFS partitions=1/1 files=1 size=2.17MB
|     predicates: tpcds_partitioned_parquet_snap.date_dim.d_year = CAST(1999 AS INT), tpcds_partitioned_parquet_snap.date_dim.d_qoy = CAST(2 AS INT)
|     stored statistics:
|       table: rows=73.05K size=2.17MB
|       columns: all
|     extrapolated-rows=disabled max-scan-range-rows=73.05K
|     parquet statistics predicates: tpcds_partitioned_parquet_snap.date_dim.d_year = CAST(1999 AS INT), tpcds_partitioned_parquet_snap.date_dim.d_qoy = CAST(2 AS INT)
|     parquet dictionary predicates: tpcds_partitioned_parquet_snap.date_dim.d_year = CAST(1999 AS INT), tpcds_partitioned_parquet_snap.date_dim.d_qoy = CAST(2 AS INT)
|     mem-estimate=16.00MB mem-reservation=4.00MB thread-reservation=0
|     tuple-ids=2 row-size=237B cardinality=186 cost=114705
|     in pipelines: 01(GETNEXT)
|
00:SCAN HDFS [tpcds_partitioned_parquet_snap.web_sales, RANDOM]
   HDFS partitions=1824/1824 files=1824 size=145.75GB
   runtime filters: RF001[min_max] -> tpcds_partitioned_parquet_snap.web_sales.ws_item_sk, RF003[min_max] -> tpcds_partitioned_parquet_snap.web_sales.ws_bill_customer_sk, RF000[bloom] -> tpcds_partitioned_parquet_snap.web_sales.ws_item_sk, RF002[bloom] -> tpcds_partitioned_parquet_snap.web_sales.ws_bill_customer_sk, RF004[bloom] -> tpcds_partitioned_parquet_snap.web_sales.ws_sold_date_sk
   stored statistics:
     table: rows=2.16G size=145.75GB
     partitions: 1824/1824 rows=2.16G
     columns: all
   extrapolated-rows=disabled max-scan-range-rows=3.37M est-scan-range=187(filtered from 1824)
   mem-estimate=16.00MB mem-reservation=264.00KB thread-reservation=0
   tuple-ids=0 row-size=140B cardinality=220.26M(filtered from 2.16G) cost=444043942
   in pipelines: 00(GETNEXT)
---- PARALLELPLANS
Max Per-Host Resource Reservation: Memory=870.84MB Threads=44
Per-Host Resource Estimates: Memory=4.92GB
F12:PLAN FRAGMENT [UNPARTITIONED] hosts=1 instances=1
|  Per-Instance Resources: mem-estimate=4.30MB mem-reservation=4.00MB thread-reservation=1
|  max-parallelism=1 segment-costs=[337] cpu-comparison-result=160 [max(1 (self) vs 160 (sum children))]
PLAN-ROOT SINK
|  output exprs: tpcds_partitioned_parquet_snap.customer_address.ca_zip, tpcds_partitioned_parquet_snap.customer_address.ca_county, sum(tpcds_partitioned_parquet_snap.web_sales.ws_sales_price)
|  mem-estimate=4.00MB mem-reservation=4.00MB spill-buffer=2.00MB thread-reservation=0 cost=300
|
31:MERGING-EXCHANGE [UNPARTITIONED]
|  order by: tpcds_partitioned_parquet_snap.customer_address.ca_zip ASC NULLS LAST, tpcds_partitioned_parquet_snap.customer_address.ca_county ASC NULLS LAST
|  limit: 100
|  mem-estimate=308.05KB mem-reservation=0B thread-reservation=0
|  tuple-ids=17 row-size=59B cardinality=100 cost=37
|  in pipelines: 16(GETNEXT)
|
F11:PLAN FRAGMENT [HASH(tpcds_partitioned_parquet_snap.customer_address.ca_zip,tpcds_partitioned_parquet_snap.customer_address.ca_county)] hosts=10 instances=50 (adjusted from 120)
Per-Instance Resources: mem-estimate=46.46MB mem-reservation=34.00MB thread-reservation=1
max-parallelism=50 segment-costs=[404470111, 201601849, 185] cpu-comparison-result=160 [max(50 (self) vs 160 (sum children))]
16:TOP-N [LIMIT=100]
|  order by: tpcds_partitioned_parquet_snap.customer_address.ca_zip ASC NULLS LAST, tpcds_partitioned_parquet_snap.customer_address.ca_county ASC NULLS LAST
|  mem-estimate=5.76KB mem-reservation=0B thread-reservation=0
|  tuple-ids=17 row-size=59B cardinality=100 cost=201601849
|  in pipelines: 16(GETNEXT), 30(OPEN)
|
30:AGGREGATE [FINALIZE]
|  output: sum:merge(tpcds_partitioned_parquet_snap.web_sales.ws_sales_price)
|  group by: tpcds_partitioned_parquet_snap.customer_address.ca_zip, tpcds_partitioned_parquet_snap.customer_address.ca_county
|  mem-estimate=34.00MB mem-reservation=34.00MB spill-buffer=2.00MB thread-reservation=0
|  tuple-ids=16 row-size=59B cardinality=15.00M cost=331214513
|  in pipelines: 30(GETNEXT), 00(OPEN)
|
29:EXCHANGE [HASH(tpcds_partitioned_parquet_snap.customer_address.ca_zip,tpcds_partitioned_parquet_snap.customer_address.ca_county)]
|  mem-estimate=12.46MB mem-reservation=0B thread-reservation=0
|  tuple-ids=16 row-size=59B cardinality=191.61M cost=73255598
|  in pipelines: 00(GETNEXT)
|
F05:PLAN FRAGMENT [HASH(tpcds_partitioned_parquet_snap.web_sales.ws_bill_customer_sk)] hosts=10 instances=40 (adjusted from 120)
Per-Instance Resources: mem-estimate=324.50MB mem-reservation=34.00MB thread-reservation=1
max-parallelism=180 segment-costs=[1742693933, 826268909] cpu-comparison-result=160 [max(160 (self) vs 105 (sum children))]
15:AGGREGATE [STREAMING]
|  output: sum(tpcds_partitioned_parquet_snap.web_sales.ws_sales_price)
|  group by: tpcds_partitioned_parquet_snap.customer_address.ca_zip, tpcds_partitioned_parquet_snap.customer_address.ca_county
|  mem-estimate=257.07MB mem-reservation=34.00MB spill-buffer=2.00MB thread-reservation=0
|  tuple-ids=16 row-size=59B cardinality=191.61M cost=1146073039
|  in pipelines: 00(GETNEXT)
|
14:HASH JOIN [INNER JOIN, BROADCAST]
|  hash-table-id=00
|  hash predicates: tpcds_partitioned_parquet_snap.web_sales.ws_item_sk = tpcds_partitioned_parquet_snap.item.i_item_sk
|  fk/pk conjuncts: tpcds_partitioned_parquet_snap.web_sales.ws_item_sk = tpcds_partitioned_parquet_snap.item.i_item_sk
|  other join predicates: substr(tpcds_partitioned_parquet_snap.customer_address.ca_zip, CAST(1 AS BIGINT), CAST(5 AS BIGINT)) = '85669' OR substr(tpcds_partitioned_parquet_snap.customer_address.ca_zip, CAST(1 AS BIGINT), CAST(5 AS BIGINT)) = '86197' OR substr(tpcds_partitioned_parquet_snap.customer_address.ca_zip, CAST(1 AS BIGINT), CAST(5 AS BIGINT)) = '88274' OR substr(tpcds_partitioned_parquet_snap.customer_address.ca_zip, CAST(1 AS BIGINT), CAST(5 AS BIGINT)) = '83405' OR substr(tpcds_partitioned_parquet_snap.customer_address.ca_zip, CAST(1 AS BIGINT), CAST(5 AS BIGINT)) = '86475' OR substr(tpcds_partitioned_parquet_snap.customer_address.ca_zip, CAST(1 AS BIGINT), CAST(5 AS BIGINT)) = '85392' OR substr(tpcds_partitioned_parquet_snap.customer_address.ca_zip, CAST(1 AS BIGINT), CAST(5 AS BIGINT)) = '85460' OR substr(tpcds_partitioned_parquet_snap.customer_address.ca_zip, CAST(1 AS BIGINT), CAST(5 AS BIGINT)) = '80348' OR substr(tpcds_partitioned_parquet_snap.customer_address.ca_zip, CAST(1 AS BIGINT), CAST(5 AS BIGINT)) = '81792' OR count() != CAST(0 AS BIGINT), substr(tpcds_partitioned_parquet_snap.customer_address.ca_zip, CAST(1 AS BIGINT), CAST(5 AS BIGINT)) = '85669' OR substr(tpcds_partitioned_parquet_snap.customer_address.ca_zip, CAST(1 AS BIGINT), CAST(5 AS BIGINT)) = '86197' OR substr(tpcds_partitioned_parquet_snap.customer_address.ca_zip, CAST(1 AS BIGINT), CAST(5 AS BIGINT)) = '88274' OR substr(tpcds_partitioned_parquet_snap.customer_address.ca_zip, CAST(1 AS BIGINT), CAST(5 AS BIGINT)) = '83405' OR substr(tpcds_partitioned_parquet_snap.customer_address.ca_zip, CAST(1 AS BIGINT), CAST(5 AS BIGINT)) = '86475' OR substr(tpcds_partitioned_parquet_snap.customer_address.ca_zip, CAST(1 AS BIGINT), CAST(5 AS BIGINT)) = '85392' OR substr(tpcds_partitioned_parquet_snap.customer_address.ca_zip, CAST(1 AS BIGINT), CAST(5 AS BIGINT)) = '85460' OR substr(tpcds_partitioned_parquet_snap.customer_address.ca_zip, CAST(1 AS BIGINT), CAST(5 AS BIGINT)) = '80348' OR substr(tpcds_partitioned_parquet_snap.customer_address.ca_zip, CAST(1 AS BIGINT), CAST(5 AS BIGINT)) = '81792' OR is_not_null_pred(tpcds_partitioned_parquet_snap.item.i_item_id)
|  other predicates: substr(tpcds_partitioned_parquet_snap.customer_address.ca_zip, CAST(1 AS BIGINT), CAST(5 AS BIGINT)) = '85669' OR substr(tpcds_partitioned_parquet_snap.customer_address.ca_zip, CAST(1 AS BIGINT), CAST(5 AS BIGINT)) = '86197' OR substr(tpcds_partitioned_parquet_snap.customer_address.ca_zip, CAST(1 AS BIGINT), CAST(5 AS BIGINT)) = '88274' OR substr(tpcds_partitioned_parquet_snap.customer_address.ca_zip, CAST(1 AS BIGINT), CAST(5 AS BIGINT)) = '83405' OR substr(tpcds_partitioned_parquet_snap.customer_address.ca_zip, CAST(1 AS BIGINT), CAST(5 AS BIGINT)) = '86475' OR substr(tpcds_partitioned_parquet_snap.customer_address.ca_zip, CAST(1 AS BIGINT), CAST(5 AS BIGINT)) = '85392' OR substr(tpcds_partitioned_parquet_snap.customer_address.ca_zip, CAST(1 AS BIGINT), CAST(5 AS BIGINT)) = '85460' OR substr(tpcds_partitioned_parquet_snap.customer_address.ca_zip, CAST(1 AS BIGINT), CAST(5 AS BIGINT)) = '80348' OR substr(tpcds_partitioned_parquet_snap.customer_address.ca_zip, CAST(1 AS BIGINT), CAST(5 AS BIGINT)) = '81792' OR is_not_null_pred(if(TupleIsNull(15), NULL, TRUE))
|  mem-estimate=0B mem-reservation=0B spill-buffer=2.00MB thread-reservation=0
|  tuple-ids=0,2,4,6,8,12,15N row-size=1.23KB cardinality=202.59M cost=88700378
|  in pipelines: 00(GETNEXT), 07(OPEN)
|
|--F13:PLAN FRAGMENT [HASH(tpcds_partitioned_parquet_snap.web_sales.ws_bill_customer_sk)] hosts=10 instances=10
|  |  Per-Instance Resources: mem-estimate=179.13MB mem-reservation=137.00MB thread-reservation=1 runtime-filters-memory=1.00MB
|  |  max-parallelism=10 segment-costs=[838440] cpu-comparison-result=14 [max(14 (self) vs 8 (sum children))]
|  JOIN BUILD
|  |  join-table-id=00 plan-id=01 cohort-id=01
|  |  build expressions: tpcds_partitioned_parquet_snap.item.i_item_sk
|  |  runtime filters: RF000[bloom] <- tpcds_partitioned_parquet_snap.item.i_item_sk, RF001[min_max] <- tpcds_partitioned_parquet_snap.item.i_item_sk
|  |  mem-estimate=166.32MB mem-reservation=136.00MB spill-buffer=2.00MB thread-reservation=0 cost=360000
|  |
|  28:EXCHANGE [BROADCAST]
|  |  mem-estimate=11.80MB mem-reservation=0B thread-reservation=0
|  |  tuple-ids=8,12,15N row-size=449B cardinality=360.00K cost=478440
|  |  in pipelines: 07(GETNEXT)
|  |
|  F06:PLAN FRAGMENT [RANDOM] hosts=4 instances=4
|  Per-Instance Resources: mem-estimate=17.80MB mem-reservation=512.00KB thread-reservation=1
|  max-parallelism=4 segment-costs=[2047185]
|  13:HASH JOIN [LEFT OUTER JOIN, BROADCAST]
|  |  hash-table-id=01
|  |  hash predicates: tpcds_partitioned_parquet_snap.item.i_item_id = tpcds_partitioned_parquet_snap.item_1.i_item_id
|  |  fk/pk conjuncts: none
|  |  mem-estimate=0B mem-reservation=0B spill-buffer=64.00KB thread-reservation=0
|  |  tuple-ids=8,12,15N row-size=449B cardinality=360.00K cost=157572
|  |  in pipelines: 07(GETNEXT), 26(OPEN)
|  |
|  |--F14:PLAN FRAGMENT [RANDOM] hosts=4 instances=4
|  |  |  Per-Instance Resources: mem-estimate=1.95MB mem-reservation=1.94MB thread-reservation=1
|  |  |  max-parallelism=4 segment-costs=[14] cpu-comparison-result=4 [max(4 (self) vs 4 (sum children))]
|  |  JOIN BUILD
|  |  |  join-table-id=01 plan-id=02 cohort-id=02
|  |  |  build expressions: tpcds_partitioned_parquet_snap.item_1.i_item_id
|  |  |  mem-estimate=1.94MB mem-reservation=1.94MB spill-buffer=64.00KB thread-reservation=0 cost=10
|  |  |
|  |  27:EXCHANGE [BROADCAST]
|  |  |  mem-estimate=16.00KB mem-reservation=0B thread-reservation=0
|  |  |  tuple-ids=15 row-size=28B cardinality=10 cost=4
|  |  |  in pipelines: 26(GETNEXT)
|  |  |
|  |  F10:PLAN FRAGMENT [HASH(tpcds_partitioned_parquet_snap.item_1.i_item_id)] hosts=4 instances=4
|  |  Per-Instance Resources: mem-estimate=10.12MB mem-reservation=1.94MB thread-reservation=1
|  |  max-parallelism=4 segment-costs=[30, 0] cpu-comparison-result=4 [max(4 (self) vs 4 (sum children))]
|  |  26:AGGREGATE [FINALIZE]
|  |  |  group by: tpcds_partitioned_parquet_snap.item_1.i_item_id
|  |  |  mem-estimate=10.00MB mem-reservation=1.94MB spill-buffer=64.00KB thread-reservation=0
|  |  |  tuple-ids=15 row-size=28B cardinality=10 cost=28
|  |  |  in pipelines: 26(GETNEXT), 11(OPEN)
|  |  |
|  |  25:EXCHANGE [HASH(tpcds_partitioned_parquet_snap.item_1.i_item_id)]
|  |  |  mem-estimate=16.00KB mem-reservation=0B thread-reservation=0
|  |  |  tuple-ids=15 row-size=28B cardinality=10 cost=2
|  |  |  in pipelines: 11(GETNEXT)
|  |  |
|  |  F09:PLAN FRAGMENT [RANDOM] hosts=4 instances=4
|  |  Per-Instance Resources: mem-estimate=26.50MB mem-reservation=2.50MB thread-reservation=1
|  |  max-parallelism=4 segment-costs=[113824, 23]
|  |  12:AGGREGATE [STREAMING]
|  |  |  group by: tpcds_partitioned_parquet_snap.item_1.i_item_id
|  |  |  mem-estimate=10.00MB mem-reservation=2.00MB spill-buffer=64.00KB thread-reservation=0
|  |  |  tuple-ids=15 row-size=28B cardinality=10 cost=28
|  |  |  in pipelines: 11(GETNEXT)
|  |  |
|  |  11:SCAN HDFS [tpcds_partitioned_parquet_snap.item, RANDOM]
|  |     HDFS partitions=1/1 files=1 size=33.54MB
|  |     predicates: tpcds_partitioned_parquet_snap.item_1.i_item_sk = CAST(2 AS INT) OR tpcds_partitioned_parquet_snap.item_1.i_item_sk = CAST(3 AS INT) OR tpcds_partitioned_parquet_snap.item_1.i_item_sk = CAST(5 AS INT) OR tpcds_partitioned_parquet_snap.item_1.i_item_sk = CAST(7 AS INT) OR tpcds_partitioned_parquet_snap.item_1.i_item_sk = CAST(11 AS INT) OR tpcds_partitioned_parquet_snap.item_1.i_item_sk = CAST(13 AS INT) OR tpcds_partitioned_parquet_snap.item_1.i_item_sk = CAST(17 AS INT) OR tpcds_partitioned_parquet_snap.item_1.i_item_sk = CAST(19 AS INT) OR tpcds_partitioned_parquet_snap.item_1.i_item_sk = CAST(23 AS INT) OR tpcds_partitioned_parquet_snap.item_1.i_item_sk = CAST(29 AS INT)
|  |     stored statistics:
|  |       table: rows=360.00K size=33.54MB
|  |       columns: all
|  |     extrapolated-rows=disabled max-scan-range-rows=101.54K
|  |     parquet dictionary predicates: tpcds_partitioned_parquet_snap.item_1.i_item_sk = CAST(2 AS INT) OR tpcds_partitioned_parquet_snap.item_1.i_item_sk = CAST(3 AS INT) OR tpcds_partitioned_parquet_snap.item_1.i_item_sk = CAST(5 AS INT) OR tpcds_partitioned_parquet_snap.item_1.i_item_sk = CAST(7 AS INT) OR tpcds_partitioned_parquet_snap.item_1.i_item_sk = CAST(11 AS INT) OR tpcds_partitioned_parquet_snap.item_1.i_item_sk = CAST(13 AS INT) OR tpcds_partitioned_parquet_snap.item_1.i_item_sk = CAST(17 AS INT) OR tpcds_partitioned_parquet_snap.item_1.i_item_sk = CAST(19 AS INT) OR tpcds_partitioned_parquet_snap.item_1.i_item_sk = CAST(23 AS INT) OR tpcds_partitioned_parquet_snap.item_1.i_item_sk = CAST(29 AS INT)
|  |     mem-estimate=16.00MB mem-reservation=512.00KB thread-reservation=0
|  |     tuple-ids=13 row-size=32B cardinality=10 cost=113796
|  |     in pipelines: 11(GETNEXT)
|  |
|  10:NESTED LOOP JOIN [CROSS JOIN, BROADCAST]
|  |  join table id: 02
|  |  mem-estimate=0B mem-reservation=0B thread-reservation=0
|  |  tuple-ids=8,12 row-size=421B cardinality=360.00K cost=73764
|  |  in pipelines: 07(GETNEXT), 23(OPEN)
|  |
|  |--F15:PLAN FRAGMENT [RANDOM] hosts=4 instances=4
|  |  |  Per-Instance Resources: mem-estimate=16.02KB mem-reservation=0B thread-reservation=1
|  |  |  max-parallelism=4 segment-costs=[0] cpu-comparison-result=4 [max(4 (self) vs 4 (sum children))]
|  |  JOIN BUILD
|  |  |  join-table-id=02 plan-id=03 cohort-id=02
|  |  |  mem-estimate=16B mem-reservation=0B thread-reservation=0 cost=0
|  |  |
|  |  24:EXCHANGE [BROADCAST]
|  |  |  mem-estimate=16.00KB mem-reservation=0B thread-reservation=0
|  |  |  tuple-ids=12 row-size=16B cardinality=1 cost=0
|  |  |  in pipelines: 23(GETNEXT)
|  |  |
|  |  F08:PLAN FRAGMENT [UNPARTITIONED] hosts=1 instances=1
|  |  Per-Instance Resources: mem-estimate=96.00KB mem-reservation=0B thread-reservation=1
|  |  max-parallelism=1 segment-costs=[0, 0] cpu-comparison-result=4 [max(1 (self) vs 4 (sum children))]
|  |  23:AGGREGATE [FINALIZE]
|  |  |  output: count:merge(), count:merge(tpcds_partitioned_parquet_snap.item_0.i_item_id)
|  |  |  mem-estimate=16.00KB mem-reservation=0B spill-buffer=2.00MB thread-reservation=0
|  |  |  tuple-ids=12 row-size=16B cardinality=1 cost=0
|  |  |  in pipelines: 23(GETNEXT), 09(OPEN)
|  |  |
|  |  22:EXCHANGE [UNPARTITIONED]
|  |  |  mem-estimate=16.00KB mem-reservation=0B thread-reservation=0
|  |  |  tuple-ids=12 row-size=16B cardinality=4 cost=0
|  |  |  in pipelines: 09(GETNEXT)
|  |  |
|  |  F07:PLAN FRAGMENT [RANDOM] hosts=4 instances=4
|  |  Per-Instance Resources: mem-estimate=16.02MB mem-reservation=512.00KB thread-reservation=1
|  |  max-parallelism=4 segment-costs=[113797, 6]
|  |  09:AGGREGATE
|  |  |  output: count(), count(tpcds_partitioned_parquet_snap.item_0.i_item_id)
|  |  |  mem-estimate=16.00KB mem-reservation=0B spill-buffer=2.00MB thread-reservation=0
|  |  |  tuple-ids=12 row-size=16B cardinality=4 cost=1
|  |  |  in pipelines: 09(GETNEXT), 08(OPEN)
|  |  |
|  |  08:SCAN HDFS [tpcds_partitioned_parquet_snap.item, RANDOM]
|  |     HDFS partitions=1/1 files=1 size=33.54MB
|  |     predicates: tpcds_partitioned_parquet_snap.item_0.i_item_sk = CAST(2 AS INT) OR tpcds_partitioned_parquet_snap.item_0.i_item_sk = CAST(3 AS INT) OR tpcds_partitioned_parquet_snap.item_0.i_item_sk = CAST(5 AS INT) OR tpcds_partitioned_parquet_snap.item_0.i_item_sk = CAST(7 AS INT) OR tpcds_partitioned_parquet_snap.item_0.i_item_sk = CAST(11 AS INT) OR tpcds_partitioned_parquet_snap.item_0.i_item_sk = CAST(13 AS INT) OR tpcds_partitioned_parquet_snap.item_0.i_item_sk = CAST(17 AS INT) OR tpcds_partitioned_parquet_snap.item_0.i_item_sk = CAST(19 AS INT) OR tpcds_partitioned_parquet_snap.item_0.i_item_sk = CAST(23 AS INT) OR tpcds_partitioned_parquet_snap.item_0.i_item_sk = CAST(29 AS INT)
|  |     stored statistics:
|  |       table: rows=360.00K size=33.54MB
|  |       columns: all
|  |     extrapolated-rows=disabled max-scan-range-rows=101.54K
|  |     parquet dictionary predicates: tpcds_partitioned_parquet_snap.item_0.i_item_sk = CAST(2 AS INT) OR tpcds_partitioned_parquet_snap.item_0.i_item_sk = CAST(3 AS INT) OR tpcds_partitioned_parquet_snap.item_0.i_item_sk = CAST(5 AS INT) OR tpcds_partitioned_parquet_snap.item_0.i_item_sk = CAST(7 AS INT) OR tpcds_partitioned_parquet_snap.item_0.i_item_sk = CAST(11 AS INT) OR tpcds_partitioned_parquet_snap.item_0.i_item_sk = CAST(13 AS INT) OR tpcds_partitioned_parquet_snap.item_0.i_item_sk = CAST(17 AS INT) OR tpcds_partitioned_parquet_snap.item_0.i_item_sk = CAST(19 AS INT) OR tpcds_partitioned_parquet_snap.item_0.i_item_sk = CAST(23 AS INT) OR tpcds_partitioned_parquet_snap.item_0.i_item_sk = CAST(29 AS INT)
|  |     mem-estimate=16.00MB mem-reservation=512.00KB thread-reservation=0
|  |     tuple-ids=10 row-size=32B cardinality=10 cost=113796
|  |     in pipelines: 08(GETNEXT)
|  |
|  07:SCAN HDFS [tpcds_partitioned_parquet_snap.item, RANDOM]
|     HDFS partitions=1/1 files=1 size=33.54MB
|     stored statistics:
|       table: rows=360.00K size=33.54MB
|       columns: all
|     extrapolated-rows=disabled max-scan-range-rows=101.54K
|     mem-estimate=16.00MB mem-reservation=512.00KB thread-reservation=0
|     tuple-ids=8 row-size=405B cardinality=360.00K cost=1355609
|     in pipelines: 07(GETNEXT)
|
06:HASH JOIN [INNER JOIN, PARTITIONED]
|  hash-table-id=03
|  hash predicates: tpcds_partitioned_parquet_snap.web_sales.ws_bill_customer_sk = tpcds_partitioned_parquet_snap.customer.c_customer_sk
|  fk/pk conjuncts: tpcds_partitioned_parquet_snap.web_sales.ws_bill_customer_sk = tpcds_partitioned_parquet_snap.customer.c_customer_sk
|  mem-estimate=0B mem-reservation=0B spill-buffer=2.00MB thread-reservation=0
|  tuple-ids=0,2,4,6 row-size=813B cardinality=202.69M cost=93224636
|  in pipelines: 00(GETNEXT), 03(OPEN)
|
|--F16:PLAN FRAGMENT [HASH(tpcds_partitioned_parquet_snap.web_sales.ws_bill_customer_sk)] hosts=10 instances=40 (adjusted from 120)
|  |  Per-Instance Resources: mem-estimate=370.06MB mem-reservation=50.00MB thread-reservation=1 runtime-filters-memory=16.00MB
|  |  max-parallelism=180 segment-costs=[94604435] cpu-comparison-result=80 [max(80 (self) vs 40 (sum children))]
|  JOIN BUILD
|  |  join-table-id=03 plan-id=04 cohort-id=01
|  |  build expressions: tpcds_partitioned_parquet_snap.customer.c_customer_sk
|  |  runtime filters: RF002[bloom] <- tpcds_partitioned_parquet_snap.customer.c_customer_sk, RF003[min_max] <- tpcds_partitioned_parquet_snap.customer.c_customer_sk
|  |  mem-estimate=331.05MB mem-reservation=34.00MB spill-buffer=2.00MB thread-reservation=0 cost=30000000
|  |
|  21:EXCHANGE [HASH(tpcds_partitioned_parquet_snap.customer.c_customer_sk)]
|  |  mem-estimate=23.01MB mem-reservation=0B thread-reservation=0
|  |  tuple-ids=4,6 row-size=436B cardinality=30.00M cost=64604435
|  |  in pipelines: 03(GETNEXT)
|  |
|  F04:PLAN FRAGMENT [HASH(tpcds_partitioned_parquet_snap.customer.c_current_addr_sk)] hosts=10 instances=30 (adjusted from 10)
|  Per-Instance Resources: mem-estimate=81.41MB mem-reservation=0B thread-reservation=1
|  max-parallelism=100 segment-costs=[917925706]
|  05:HASH JOIN [INNER JOIN, PARTITIONED]
|  |  hash-table-id=04
|  |  hash predicates: tpcds_partitioned_parquet_snap.customer.c_current_addr_sk = tpcds_partitioned_parquet_snap.customer_address.ca_address_sk
|  |  fk/pk conjuncts: tpcds_partitioned_parquet_snap.customer.c_current_addr_sk = tpcds_partitioned_parquet_snap.customer_address.ca_address_sk
|  |  mem-estimate=0B mem-reservation=0B spill-buffer=2.00MB thread-reservation=0
|  |  tuple-ids=4,6 row-size=436B cardinality=30.00M cost=13131000
|  |  in pipelines: 03(GETNEXT), 04(OPEN)
|  |
|  |--F17:PLAN FRAGMENT [HASH(tpcds_partitioned_parquet_snap.customer.c_current_addr_sk)] hosts=10 instances=30 (adjusted from 10)
|  |  |  Per-Instance Resources: mem-estimate=151.54MB mem-reservation=50.00MB thread-reservation=1 runtime-filters-memory=16.00MB
|  |  |  max-parallelism=100 segment-costs=[32647413]
|  |  JOIN BUILD
|  |  |  join-table-id=04 plan-id=05 cohort-id=03
|  |  |  build expressions: tpcds_partitioned_parquet_snap.customer_address.ca_address_sk
|  |  |  runtime filters: RF006[bloom] <- tpcds_partitioned_parquet_snap.customer_address.ca_address_sk, RF007[min_max] <- tpcds_partitioned_parquet_snap.customer_address.ca_address_sk
|  |  |  mem-estimate=123.24MB mem-reservation=34.00MB spill-buffer=2.00MB thread-reservation=0 cost=15000000
|  |  |
|  |  19:EXCHANGE [HASH(tpcds_partitioned_parquet_snap.customer_address.ca_address_sk)]
|  |  |  mem-estimate=12.30MB mem-reservation=0B thread-reservation=0
|  |  |  tuple-ids=6 row-size=232B cardinality=15.00M cost=17647413
|  |  |  in pipelines: 04(GETNEXT)
|  |  |
|  |  F03:PLAN FRAGMENT [RANDOM] hosts=10 instances=10
|  |  Per-Instance Resources: mem-estimate=43.61MB mem-reservation=128.00KB thread-reservation=1
|  |  max-parallelism=10 segment-costs=[252975990]
|  |  04:SCAN HDFS [tpcds_partitioned_parquet_snap.customer_address, RANDOM]
|  |     HDFS partitions=1/1 files=1 size=307.36MB
|  |     stored statistics:
|  |       table: rows=15.00M size=307.36MB
|  |       columns: all
|  |     extrapolated-rows=disabled max-scan-range-rows=1.58M
|  |     mem-estimate=16.00MB mem-reservation=128.00KB thread-reservation=0
|  |     tuple-ids=6 row-size=232B cardinality=15.00M cost=21515206
|  |     in pipelines: 04(GETNEXT)
|  |
|  18:EXCHANGE [HASH(tpcds_partitioned_parquet_snap.customer.c_current_addr_sk)]
|  |  mem-estimate=12.04MB mem-reservation=0B thread-reservation=0
|  |  tuple-ids=4 row-size=204B cardinality=30.00M cost=31538607
|  |  in pipelines: 03(GETNEXT)
|  |
|  F02:PLAN FRAGMENT [RANDOM] hosts=10 instances=10
|  Per-Host Shared Resources: mem-estimate=16.00MB mem-reservation=16.00MB thread-reservation=0 runtime-filters-memory=16.00MB
|  Per-Instance Resources: mem-estimate=40.42MB mem-reservation=1.00MB thread-reservation=1
|  max-parallelism=10 segment-costs=[457158314]
|  03:SCAN HDFS [tpcds_partitioned_parquet_snap.customer, RANDOM]
|     HDFS partitions=1/1 files=1 size=1.55GB
|     runtime filters: RF007[min_max] -> tpcds_partitioned_parquet_snap.customer.c_current_addr_sk, RF006[bloom] -> tpcds_partitioned_parquet_snap.customer.c_current_addr_sk
|     stored statistics:
|       table: rows=30.00M size=1.55GB
|       columns: all
|     extrapolated-rows=disabled max-scan-range-rows=3.10M
|     mem-estimate=16.00MB mem-reservation=1.00MB thread-reservation=0
|     tuple-ids=4 row-size=204B cardinality=30.00M cost=46823813
|     in pipelines: 03(GETNEXT)
|
20:EXCHANGE [HASH(tpcds_partitioned_parquet_snap.web_sales.ws_bill_customer_sk)]
|  mem-estimate=55.13MB mem-reservation=0B thread-reservation=0
|  tuple-ids=0,2 row-size=377B cardinality=220.26M cost=414695880
|  in pipelines: 00(GETNEXT)
|
F00:PLAN FRAGMENT [RANDOM] hosts=10 instances=120
Per-Host Shared Resources: mem-estimate=18.00MB mem-reservation=18.00MB thread-reservation=0 runtime-filters-memory=18.00MB
Per-Instance Resources: mem-estimate=76.18MB mem-reservation=264.00KB thread-reservation=1
max-parallelism=187 segment-costs=[6117079683]
02:HASH JOIN [INNER JOIN, BROADCAST]
|  hash-table-id=05
|  hash predicates: tpcds_partitioned_parquet_snap.web_sales.ws_sold_date_sk = tpcds_partitioned_parquet_snap.date_dim.d_date_sk
|  fk/pk conjuncts: tpcds_partitioned_parquet_snap.web_sales.ws_sold_date_sk = tpcds_partitioned_parquet_snap.date_dim.d_date_sk
|  mem-estimate=0B mem-reservation=0B spill-buffer=64.00KB thread-reservation=0
|  tuple-ids=0,2 row-size=377B cardinality=220.26M cost=96407754
|  in pipelines: 00(GETNEXT), 01(OPEN)
|
|--F18:PLAN FRAGMENT [RANDOM] hosts=10 instances=10
|  |  Per-Instance Resources: mem-estimate=24.33MB mem-reservation=24.25MB thread-reservation=1 runtime-filters-memory=1.00MB
|  |  max-parallelism=10 segment-costs=[426]
|  JOIN BUILD
|  |  join-table-id=05 plan-id=06 cohort-id=01
|  |  build expressions: tpcds_partitioned_parquet_snap.date_dim.d_date_sk
|  |  runtime filters: RF004[bloom] <- tpcds_partitioned_parquet_snap.date_dim.d_date_sk
|  |  mem-estimate=23.25MB mem-reservation=23.25MB spill-buffer=64.00KB thread-reservation=0 cost=186
|  |
|  17:EXCHANGE [BROADCAST]
|  |  mem-estimate=86.88KB mem-reservation=0B thread-reservation=0
|  |  tuple-ids=2 row-size=237B cardinality=186 cost=240
|  |  in pipelines: 01(GETNEXT)
|  |
|  F01:PLAN FRAGMENT [RANDOM] hosts=1 instances=1
|  Per-Instance Resources: mem-estimate=16.94MB mem-reservation=4.00MB thread-reservation=1
|  max-parallelism=1 segment-costs=[114828]
|  01:SCAN HDFS [tpcds_partitioned_parquet_snap.date_dim, RANDOM]
|     HDFS partitions=1/1 files=1 size=2.17MB
|     predicates: tpcds_partitioned_parquet_snap.date_dim.d_year = CAST(1999 AS INT), tpcds_partitioned_parquet_snap.date_dim.d_qoy = CAST(2 AS INT)
|     stored statistics:
|       table: rows=73.05K size=2.17MB
|       columns: all
|     extrapolated-rows=disabled max-scan-range-rows=73.05K
|     parquet statistics predicates: tpcds_partitioned_parquet_snap.date_dim.d_year = CAST(1999 AS INT), tpcds_partitioned_parquet_snap.date_dim.d_qoy = CAST(2 AS INT)
|     parquet dictionary predicates: tpcds_partitioned_parquet_snap.date_dim.d_year = CAST(1999 AS INT), tpcds_partitioned_parquet_snap.date_dim.d_qoy = CAST(2 AS INT)
|     mem-estimate=16.00MB mem-reservation=4.00MB thread-reservation=0
|     tuple-ids=2 row-size=237B cardinality=186 cost=114705
|     in pipelines: 01(GETNEXT)
|
00:SCAN HDFS [tpcds_partitioned_parquet_snap.web_sales, RANDOM]
   HDFS partitions=1824/1824 files=1824 size=145.75GB
   runtime filters: RF001[min_max] -> tpcds_partitioned_parquet_snap.web_sales.ws_item_sk, RF003[min_max] -> tpcds_partitioned_parquet_snap.web_sales.ws_bill_customer_sk, RF000[bloom] -> tpcds_partitioned_parquet_snap.web_sales.ws_item_sk, RF002[bloom] -> tpcds_partitioned_parquet_snap.web_sales.ws_bill_customer_sk, RF004[bloom] -> tpcds_partitioned_parquet_snap.web_sales.ws_sold_date_sk
   stored statistics:
     table: rows=2.16G size=145.75GB
     partitions: 1824/1824 rows=2.16G
     columns: all
   extrapolated-rows=disabled max-scan-range-rows=3.37M est-scan-range=187(filtered from 1824)
   mem-estimate=16.00MB mem-reservation=264.00KB thread-reservation=0
   tuple-ids=0 row-size=140B cardinality=220.26M(filtered from 2.16G) cost=444043942
   in pipelines: 00(GETNEXT)
====
