# TPCDS-Q83
# start query 83 in stream 0 using template query83.tpl using seed 1902335724
with sr_items as
 (select i_item_id item_id,
        sum(sr_return_quantity) sr_item_qty
 from store_returns,
      item,
      date_dim
 where sr_item_sk = i_item_sk
 and   d_date    in
	(select d_date
	from date_dim
	where d_week_seq in
		(select d_week_seq
		from date_dim
	  where d_date in ('1999-04-14','1999-09-28','1999-11-12')))
 and   sr_returned_date_sk   = d_date_sk
 group by i_item_id),
 cr_items as
 (select i_item_id item_id,
        sum(cr_return_quantity) cr_item_qty
 from catalog_returns,
      item,
      date_dim
 where cr_item_sk = i_item_sk
 and   d_date    in
	(select d_date
	from date_dim
	where d_week_seq in
		(select d_week_seq
		from date_dim
	  where d_date in ('1999-04-14','1999-09-28','1999-11-12')))
 and   cr_returned_date_sk   = d_date_sk
 group by i_item_id),
 wr_items as
 (select i_item_id item_id,
        sum(wr_return_quantity) wr_item_qty
 from web_returns,
      item,
      date_dim
 where wr_item_sk = i_item_sk
 and   d_date    in
	(select d_date
	from date_dim
	where d_week_seq in
		(select d_week_seq
		from date_dim
		where d_date in ('1999-04-14','1999-09-28','1999-11-12')))
 and   wr_returned_date_sk   = d_date_sk
 group by i_item_id)
  select  sr_items.item_id
       ,sr_item_qty
       ,sr_item_qty/(sr_item_qty+cr_item_qty+wr_item_qty)/3.0 * 100 sr_dev
       ,cr_item_qty
       ,cr_item_qty/(sr_item_qty+cr_item_qty+wr_item_qty)/3.0 * 100 cr_dev
       ,wr_item_qty
       ,wr_item_qty/(sr_item_qty+cr_item_qty+wr_item_qty)/3.0 * 100 wr_dev
       ,(sr_item_qty+cr_item_qty+wr_item_qty)/3.0 average
 from sr_items
     ,cr_items
     ,wr_items
 where sr_items.item_id=cr_items.item_id
   and sr_items.item_id=wr_items.item_id
 order by sr_items.item_id
         ,sr_item_qty
 limit 100

# end query 83 in stream 0 using template query83.tpl
---- PLAN
Max Per-Host Resource Reservation: Memory=169.77MB Threads=1
Per-Host Resource Estimates: Memory=734MB
F00:PLAN FRAGMENT [UNPARTITIONED] hosts=1 instances=1
|  Per-Instance Resources: mem-estimate=733.65MB mem-reservation=169.77MB thread-reservation=1 runtime-filters-memory=10.00MB
|  max-parallelism=1 segment-costs=[10475, 110672, 180560288, 10475, 110672, 47131981, 10475, 110672, 93088726, 4387853, 800]
PLAN-ROOT SINK
|  output exprs: tpcds_partitioned_parquet_snap.item.i_item_id, sum(tpcds_partitioned_parquet_snap.store_returns.sr_return_quantity), multiply(divide(CAST(divide(CAST(sum(tpcds_partitioned_parquet_snap.store_returns.sr_return_quantity) AS DOUBLE), CAST(add(add(sum(tpcds_partitioned_parquet_snap.store_returns.sr_return_quantity), sum(tpcds_partitioned_parquet_snap.catalog_returns.cr_return_quantity)), sum(tpcds_partitioned_parquet_snap.web_returns.wr_return_quantity)) AS DOUBLE)) AS DECIMAL(38,17)), CAST(3.0 AS DECIMAL(2,1))), CAST(100 AS DECIMAL(3,0))), sum(tpcds_partitioned_parquet_snap.catalog_returns.cr_return_quantity), multiply(divide(CAST(divide(CAST(sum(tpcds_partitioned_parquet_snap.catalog_returns.cr_return_quantity) AS DOUBLE), CAST(add(add(sum(tpcds_partitioned_parquet_snap.store_returns.sr_return_quantity), sum(tpcds_partitioned_parquet_snap.catalog_returns.cr_return_quantity)), sum(tpcds_partitioned_parquet_snap.web_returns.wr_return_quantity)) AS DOUBLE)) AS DECIMAL(38,17)), CAST(3.0 AS DECIMAL(2,1))), CAST(100 AS DECIMAL(3,0))), sum(tpcds_partitioned_parquet_snap.web_returns.wr_return_quantity), multiply(divide(CAST(divide(CAST(sum(tpcds_partitioned_parquet_snap.web_returns.wr_return_quantity) AS DOUBLE), CAST(add(add(sum(tpcds_partitioned_parquet_snap.store_returns.sr_return_quantity), sum(tpcds_partitioned_parquet_snap.catalog_returns.cr_return_quantity)), sum(tpcds_partitioned_parquet_snap.web_returns.wr_return_quantity)) AS DOUBLE)) AS DECIMAL(38,17)), CAST(3.0 AS DECIMAL(2,1))), CAST(100 AS DECIMAL(3,0))), divide(CAST(add(add(sum(tpcds_partitioned_parquet_snap.store_returns.sr_return_quantity), sum(tpcds_partitioned_parquet_snap.catalog_returns.cr_return_quantity)), sum(tpcds_partitioned_parquet_snap.web_returns.wr_return_quantity)) AS DECIMAL(19,0)), CAST(3.0 AS DECIMAL(2,1)))
|  mem-estimate=4.00MB mem-reservation=4.00MB spill-buffer=2.00MB thread-reservation=0 cost=800
|
38:TOP-N [LIMIT=100]
|  order by: tpcds_partitioned_parquet_snap.item.i_item_id ASC NULLS LAST, sum(tpcds_partitioned_parquet_snap.store_returns.sr_return_quantity) ASC NULLS LAST
|  mem-estimate=5.08KB mem-reservation=0B thread-reservation=0
|  tuple-ids=39 row-size=52B cardinality=100 cost=3746309
|  in pipelines: 38(GETNEXT), 11(OPEN)
|
37:HASH JOIN [INNER JOIN]
|  hash predicates: tpcds_partitioned_parquet_snap.item.i_item_id = tpcds_partitioned_parquet_snap.item_1.i_item_id
|  fk/pk conjuncts: none
|  runtime filters: RF001[min_max] <- tpcds_partitioned_parquet_snap.item_1.i_item_id
|  mem-estimate=17.00MB mem-reservation=17.00MB spill-buffer=1.00MB thread-reservation=0
|  tuple-ids=12,25,38 row-size=108B cardinality=360.00K cost=343143
|  in pipelines: 11(GETNEXT), 36(OPEN)
|
|--36:AGGREGATE [FINALIZE]
|  |  output: sum(CAST(tpcds_partitioned_parquet_snap.catalog_returns.cr_return_quantity AS BIGINT))
|  |  group by: tpcds_partitioned_parquet_snap.item_1.i_item_id
|  |  mem-estimate=17.00MB mem-reservation=17.00MB spill-buffer=1.00MB thread-reservation=0
|  |  tuple-ids=38 row-size=36B cardinality=185.57K cost=1893986
|  |  in pipelines: 36(GETNEXT), 25(OPEN)
|  |
|  35:HASH JOIN [INNER JOIN]
|  |  hash predicates: tpcds_partitioned_parquet_snap.catalog_returns.cr_returned_date_sk = tpcds_partitioned_parquet_snap.date_dim_7.d_date_sk
|  |  fk/pk conjuncts: tpcds_partitioned_parquet_snap.catalog_returns.cr_returned_date_sk = tpcds_partitioned_parquet_snap.date_dim_7.d_date_sk
|  |  runtime filters: RF020[bloom] <- tpcds_partitioned_parquet_snap.date_dim_7.d_date_sk
|  |  mem-estimate=1.94MB mem-reservation=1.94MB spill-buffer=64.00KB thread-reservation=0
|  |  tuple-ids=26,28,36,35 row-size=759B cardinality=4.82M cost=2110210
|  |  in pipelines: 25(GETNEXT), 33(OPEN)
|  |
|  |--34:HASH JOIN [INNER JOIN]
|  |  |  hash predicates: tpcds_partitioned_parquet_snap.date_dim_7.d_date = tpcds_partitioned_parquet_snap.date_dim_5.d_date
|  |  |  fk/pk conjuncts: none
|  |  |  runtime filters: RF024[bloom] <- tpcds_partitioned_parquet_snap.date_dim_5.d_date, RF025[min_max] <- tpcds_partitioned_parquet_snap.date_dim_5.d_date
|  |  |  mem-estimate=1.94MB mem-reservation=1.94MB spill-buffer=64.00KB thread-reservation=0
|  |  |  tuple-ids=36,35 row-size=241B cardinality=23 cost=31
|  |  |  in pipelines: 33(GETNEXT), 32(OPEN)
|  |  |
|  |  |--32:AGGREGATE [FINALIZE]
|  |  |  |  group by: tpcds_partitioned_parquet_snap.date_dim_5.d_date
|  |  |  |  mem-estimate=10.00MB mem-reservation=1.94MB spill-buffer=64.00KB thread-reservation=0
|  |  |  |  tuple-ids=35 row-size=4B cardinality=21 cost=60
|  |  |  |  in pipelines: 32(GETNEXT), 28(OPEN)
|  |  |  |
|  |  |  31:HASH JOIN [INNER JOIN]
|  |  |  |  hash predicates: tpcds_partitioned_parquet_snap.date_dim_5.d_week_seq = tpcds_partitioned_parquet_snap.date_dim_6.d_week_seq
|  |  |  |  fk/pk conjuncts: none
|  |  |  |  runtime filters: RF026[bloom] <- tpcds_partitioned_parquet_snap.date_dim_6.d_week_seq, RF027[min_max] <- tpcds_partitioned_parquet_snap.date_dim_6.d_week_seq
|  |  |  |  mem-estimate=1.94MB mem-reservation=1.94MB spill-buffer=64.00KB thread-reservation=0
|  |  |  |  tuple-ids=30,34 row-size=241B cardinality=21 cost=12
|  |  |  |  in pipelines: 28(GETNEXT), 30(OPEN)
|  |  |  |
|  |  |  |--30:AGGREGATE [FINALIZE]
|  |  |  |  |  group by: tpcds_partitioned_parquet_snap.date_dim_6.d_week_seq
|  |  |  |  |  mem-estimate=10.00MB mem-reservation=1.94MB spill-buffer=64.00KB thread-reservation=0
|  |  |  |  |  tuple-ids=34 row-size=4B cardinality=3 cost=8
|  |  |  |  |  in pipelines: 30(GETNEXT), 29(OPEN)
|  |  |  |  |
|  |  |  |  29:SCAN HDFS [tpcds_partitioned_parquet_snap.date_dim]
|  |  |  |     HDFS partitions=1/1 files=1 size=2.17MB
|  |  |  |     predicates: tpcds_partitioned_parquet_snap.date_dim_6.d_date = CAST('1999-04-14' AS DATE) OR tpcds_partitioned_parquet_snap.date_dim_6.d_date = CAST('1999-09-28' AS DATE) OR tpcds_partitioned_parquet_snap.date_dim_6.d_date = CAST('1999-11-12' AS DATE)
|  |  |  |     stored statistics:
|  |  |  |       table: rows=73.05K size=2.17MB
|  |  |  |       columns: all
|  |  |  |     extrapolated-rows=disabled max-scan-range-rows=73.05K
|  |  |  |     parquet dictionary predicates: tpcds_partitioned_parquet_snap.date_dim_6.d_date = CAST('1999-04-14' AS DATE) OR tpcds_partitioned_parquet_snap.date_dim_6.d_date = CAST('1999-09-28' AS DATE) OR tpcds_partitioned_parquet_snap.date_dim_6.d_date = CAST('1999-11-12' AS DATE)
|  |  |  |     mem-estimate=16.00MB mem-reservation=512.00KB thread-reservation=0
|  |  |  |     tuple-ids=32 row-size=8B cardinality=3 cost=10467
|  |  |  |     in pipelines: 29(GETNEXT)
|  |  |  |
|  |  |  28:SCAN HDFS [tpcds_partitioned_parquet_snap.date_dim]
|  |  |     HDFS partitions=1/1 files=1 size=2.17MB
|  |  |     runtime filters: RF027[min_max] -> tpcds_partitioned_parquet_snap.date_dim_5.d_week_seq, RF026[bloom] -> tpcds_partitioned_parquet_snap.date_dim_5.d_week_seq
|  |  |     stored statistics:
|  |  |       table: rows=73.05K size=2.17MB
|  |  |       columns: all
|  |  |     extrapolated-rows=disabled max-scan-range-rows=73.05K
|  |  |     mem-estimate=16.00MB mem-reservation=4.00MB thread-reservation=0
|  |  |     tuple-ids=30 row-size=237B cardinality=21(filtered from 73.05K) cost=110600
|  |  |     in pipelines: 28(GETNEXT)
|  |  |
|  |  33:SCAN HDFS [tpcds_partitioned_parquet_snap.date_dim]
|  |     HDFS partitions=1/1 files=1 size=2.17MB
|  |     runtime filters: RF025[min_max] -> tpcds_partitioned_parquet_snap.date_dim_7.d_date, RF024[bloom] -> tpcds_partitioned_parquet_snap.date_dim_7.d_date
|  |     stored statistics:
|  |       table: rows=73.05K size=2.17MB
|  |       columns: all
|  |     extrapolated-rows=disabled max-scan-range-rows=73.05K
|  |     mem-estimate=16.00MB mem-reservation=4.00MB thread-reservation=0
|  |     tuple-ids=36 row-size=237B cardinality=23(filtered from 73.05K) cost=110600
|  |     in pipelines: 33(GETNEXT)
|  |
|  27:HASH JOIN [INNER JOIN]
|  |  hash predicates: tpcds_partitioned_parquet_snap.catalog_returns.cr_item_sk = tpcds_partitioned_parquet_snap.item_1.i_item_sk
|  |  fk/pk conjuncts: tpcds_partitioned_parquet_snap.catalog_returns.cr_item_sk = tpcds_partitioned_parquet_snap.item_1.i_item_sk
|  |  runtime filters: RF023[min_max] <- tpcds_partitioned_parquet_snap.item_1.i_item_sk
|  |  mem-estimate=151.22MB mem-reservation=34.00MB spill-buffer=2.00MB thread-reservation=0
|  |  tuple-ids=26,28 row-size=517B cardinality=4.82M(filtered from 431.80M) cost=79838964
|  |  in pipelines: 25(GETNEXT), 26(OPEN)
|  |
|  |--26:SCAN HDFS [tpcds_partitioned_parquet_snap.item]
|  |     HDFS partitions=1/1 files=1 size=33.54MB
|  |     stored statistics:
|  |       table: rows=360.00K size=33.54MB
|  |       columns: all
|  |     extrapolated-rows=disabled max-scan-range-rows=101.54K
|  |     mem-estimate=16.00MB mem-reservation=512.00KB thread-reservation=0
|  |     tuple-ids=28 row-size=405B cardinality=360.00K cost=1355609
|  |     in pipelines: 26(GETNEXT)
|  |
|  25:SCAN HDFS [tpcds_partitioned_parquet_snap.catalog_returns]
|     HDFS partitions=2060/2060 files=2060 size=32.77GB
|     runtime filters: RF023[min_max] -> tpcds_partitioned_parquet_snap.catalog_returns.cr_item_sk, RF020[bloom] -> tpcds_partitioned_parquet_snap.catalog_returns.cr_returned_date_sk
|     stored statistics:
|       table: rows=432.02M size=32.77GB
|       partitions: 2060/2060 rows=432.02M
|       columns: all
|     extrapolated-rows=disabled max-scan-range-rows=416.82K est-scan-range=23(filtered from 2060)
|     mem-estimate=16.00MB mem-reservation=208.00KB thread-reservation=0
|     tuple-ids=26 row-size=112B cardinality=4.82M(filtered from 432.02M) cost=7779326
|     in pipelines: 25(GETNEXT)
|
24:HASH JOIN [INNER JOIN]
|  hash predicates: tpcds_partitioned_parquet_snap.item.i_item_id = tpcds_partitioned_parquet_snap.item_0.i_item_id
|  fk/pk conjuncts: none
|  runtime filters: RF003[min_max] <- tpcds_partitioned_parquet_snap.item_0.i_item_id
|  mem-estimate=17.00MB mem-reservation=17.00MB spill-buffer=1.00MB thread-reservation=0
|  tuple-ids=12,25 row-size=72B cardinality=360.00K cost=298401
|  in pipelines: 11(GETNEXT), 23(OPEN)
|
|--23:AGGREGATE [FINALIZE]
|  |  output: sum(CAST(tpcds_partitioned_parquet_snap.web_returns.wr_return_quantity AS BIGINT))
|  |  group by: tpcds_partitioned_parquet_snap.item_0.i_item_id
|  |  mem-estimate=17.00MB mem-reservation=17.00MB spill-buffer=1.00MB thread-reservation=0
|  |  tuple-ids=25 row-size=36B cardinality=185.57K cost=1170874
|  |  in pipelines: 23(GETNEXT), 12(OPEN)
|  |
|  22:HASH JOIN [INNER JOIN]
|  |  hash predicates: tpcds_partitioned_parquet_snap.web_returns.wr_returned_date_sk = tpcds_partitioned_parquet_snap.date_dim_4.d_date_sk
|  |  fk/pk conjuncts: tpcds_partitioned_parquet_snap.web_returns.wr_returned_date_sk = tpcds_partitioned_parquet_snap.date_dim_4.d_date_sk
|  |  runtime filters: RF012[bloom] <- tpcds_partitioned_parquet_snap.date_dim_4.d_date_sk
|  |  mem-estimate=1.94MB mem-reservation=1.94MB spill-buffer=64.00KB thread-reservation=0
|  |  tuple-ids=13,15,23,22 row-size=747B cardinality=2.35M cost=1028137
|  |  in pipelines: 12(GETNEXT), 20(OPEN)
|  |
|  |--21:HASH JOIN [INNER JOIN]
|  |  |  hash predicates: tpcds_partitioned_parquet_snap.date_dim_4.d_date = tpcds_partitioned_parquet_snap.date_dim_2.d_date
|  |  |  fk/pk conjuncts: none
|  |  |  runtime filters: RF016[bloom] <- tpcds_partitioned_parquet_snap.date_dim_2.d_date, RF017[min_max] <- tpcds_partitioned_parquet_snap.date_dim_2.d_date
|  |  |  mem-estimate=1.94MB mem-reservation=1.94MB spill-buffer=64.00KB thread-reservation=0
|  |  |  tuple-ids=23,22 row-size=241B cardinality=23 cost=31
|  |  |  in pipelines: 20(GETNEXT), 19(OPEN)
|  |  |
|  |  |--19:AGGREGATE [FINALIZE]
|  |  |  |  group by: tpcds_partitioned_parquet_snap.date_dim_2.d_date
|  |  |  |  mem-estimate=10.00MB mem-reservation=1.94MB spill-buffer=64.00KB thread-reservation=0
|  |  |  |  tuple-ids=22 row-size=4B cardinality=21 cost=60
|  |  |  |  in pipelines: 19(GETNEXT), 15(OPEN)
|  |  |  |
|  |  |  18:HASH JOIN [INNER JOIN]
|  |  |  |  hash predicates: tpcds_partitioned_parquet_snap.date_dim_2.d_week_seq = tpcds_partitioned_parquet_snap.date_dim_3.d_week_seq
|  |  |  |  fk/pk conjuncts: none
|  |  |  |  runtime filters: RF018[bloom] <- tpcds_partitioned_parquet_snap.date_dim_3.d_week_seq, RF019[min_max] <- tpcds_partitioned_parquet_snap.date_dim_3.d_week_seq
|  |  |  |  mem-estimate=1.94MB mem-reservation=1.94MB spill-buffer=64.00KB thread-reservation=0
|  |  |  |  tuple-ids=17,21 row-size=241B cardinality=21 cost=12
|  |  |  |  in pipelines: 15(GETNEXT), 17(OPEN)
|  |  |  |
|  |  |  |--17:AGGREGATE [FINALIZE]
|  |  |  |  |  group by: tpcds_partitioned_parquet_snap.date_dim_3.d_week_seq
|  |  |  |  |  mem-estimate=10.00MB mem-reservation=1.94MB spill-buffer=64.00KB thread-reservation=0
|  |  |  |  |  tuple-ids=21 row-size=4B cardinality=3 cost=8
|  |  |  |  |  in pipelines: 17(GETNEXT), 16(OPEN)
|  |  |  |  |
|  |  |  |  16:SCAN HDFS [tpcds_partitioned_parquet_snap.date_dim]
|  |  |  |     HDFS partitions=1/1 files=1 size=2.17MB
|  |  |  |     predicates: tpcds_partitioned_parquet_snap.date_dim_3.d_date = CAST('1999-04-14' AS DATE) OR tpcds_partitioned_parquet_snap.date_dim_3.d_date = CAST('1999-09-28' AS DATE) OR tpcds_partitioned_parquet_snap.date_dim_3.d_date = CAST('1999-11-12' AS DATE)
|  |  |  |     stored statistics:
|  |  |  |       table: rows=73.05K size=2.17MB
|  |  |  |       columns: all
|  |  |  |     extrapolated-rows=disabled max-scan-range-rows=73.05K
|  |  |  |     parquet dictionary predicates: tpcds_partitioned_parquet_snap.date_dim_3.d_date = CAST('1999-04-14' AS DATE) OR tpcds_partitioned_parquet_snap.date_dim_3.d_date = CAST('1999-09-28' AS DATE) OR tpcds_partitioned_parquet_snap.date_dim_3.d_date = CAST('1999-11-12' AS DATE)
|  |  |  |     mem-estimate=16.00MB mem-reservation=512.00KB thread-reservation=0
|  |  |  |     tuple-ids=19 row-size=8B cardinality=3 cost=10467
|  |  |  |     in pipelines: 16(GETNEXT)
|  |  |  |
|  |  |  15:SCAN HDFS [tpcds_partitioned_parquet_snap.date_dim]
|  |  |     HDFS partitions=1/1 files=1 size=2.17MB
|  |  |     runtime filters: RF019[min_max] -> tpcds_partitioned_parquet_snap.date_dim_2.d_week_seq, RF018[bloom] -> tpcds_partitioned_parquet_snap.date_dim_2.d_week_seq
|  |  |     stored statistics:
|  |  |       table: rows=73.05K size=2.17MB
|  |  |       columns: all
|  |  |     extrapolated-rows=disabled max-scan-range-rows=73.05K
|  |  |     mem-estimate=16.00MB mem-reservation=4.00MB thread-reservation=0
|  |  |     tuple-ids=17 row-size=237B cardinality=21(filtered from 73.05K) cost=110600
|  |  |     in pipelines: 15(GETNEXT)
|  |  |
|  |  20:SCAN HDFS [tpcds_partitioned_parquet_snap.date_dim]
|  |     HDFS partitions=1/1 files=1 size=2.17MB
|  |     runtime filters: RF017[min_max] -> tpcds_partitioned_parquet_snap.date_dim_4.d_date, RF016[bloom] -> tpcds_partitioned_parquet_snap.date_dim_4.d_date
|  |     stored statistics:
|  |       table: rows=73.05K size=2.17MB
|  |       columns: all
|  |     extrapolated-rows=disabled max-scan-range-rows=73.05K
|  |     mem-estimate=16.00MB mem-reservation=4.00MB thread-reservation=0
|  |     tuple-ids=23 row-size=237B cardinality=23(filtered from 73.05K) cost=110600
|  |     in pipelines: 20(GETNEXT)
|  |
|  14:HASH JOIN [INNER JOIN]
|  |  hash predicates: tpcds_partitioned_parquet_snap.web_returns.wr_item_sk = tpcds_partitioned_parquet_snap.item_0.i_item_sk
|  |  fk/pk conjuncts: tpcds_partitioned_parquet_snap.web_returns.wr_item_sk = tpcds_partitioned_parquet_snap.item_0.i_item_sk
|  |  runtime filters: RF015[min_max] <- tpcds_partitioned_parquet_snap.item_0.i_item_sk
|  |  mem-estimate=151.22MB mem-reservation=34.00MB spill-buffer=2.00MB thread-reservation=0
|  |  tuple-ids=13,15 row-size=505B cardinality=2.35M(filtered from 215.89M) cost=40082620
|  |  in pipelines: 12(GETNEXT), 13(OPEN)
|  |
|  |--13:SCAN HDFS [tpcds_partitioned_parquet_snap.item]
|  |     HDFS partitions=1/1 files=1 size=33.54MB
|  |     runtime filters: RF001[min_max] -> tpcds_partitioned_parquet_snap.item_0.i_item_id
|  |     stored statistics:
|  |       table: rows=360.00K size=33.54MB
|  |       columns: all
|  |     extrapolated-rows=disabled max-scan-range-rows=101.54K
|  |     mem-estimate=16.00MB mem-reservation=512.00KB thread-reservation=0
|  |     tuple-ids=15 row-size=405B cardinality=360.00K cost=1355609
|  |     in pipelines: 13(GETNEXT)
|  |
|  12:SCAN HDFS [tpcds_partitioned_parquet_snap.web_returns]
|     HDFS partitions=2114/2114 files=2114 size=16.74GB
|     runtime filters: RF015[min_max] -> tpcds_partitioned_parquet_snap.web_returns.wr_item_sk, RF012[bloom] -> tpcds_partitioned_parquet_snap.web_returns.wr_returned_date_sk
|     stored statistics:
|       table: rows=216.00M size=16.74GB
|       partitions: 2114/2114 rows=216.00M
|       columns: all
|     extrapolated-rows=disabled max-scan-range-rows=9.41M est-scan-range=24(filtered from 2114)
|     mem-estimate=16.00MB mem-reservation=256.00KB thread-reservation=0
|     tuple-ids=13 row-size=100B cardinality=2.35M(filtered from 216.00M) cost=3384110
|     in pipelines: 12(GETNEXT)
|
11:AGGREGATE [FINALIZE]
|  output: sum(CAST(tpcds_partitioned_parquet_snap.store_returns.sr_return_quantity AS BIGINT))
|  group by: tpcds_partitioned_parquet_snap.item.i_item_id
|  mem-estimate=17.00MB mem-reservation=17.00MB spill-buffer=1.00MB thread-reservation=0
|  tuple-ids=12 row-size=36B cardinality=185.57K cost=3382812
|  in pipelines: 11(GETNEXT), 00(OPEN)
|
10:HASH JOIN [INNER JOIN]
|  hash predicates: tpcds_partitioned_parquet_snap.store_returns.sr_returned_date_sk = tpcds_partitioned_parquet_snap.date_dim_1.d_date_sk
|  fk/pk conjuncts: tpcds_partitioned_parquet_snap.store_returns.sr_returned_date_sk = tpcds_partitioned_parquet_snap.date_dim_1.d_date_sk
|  runtime filters: RF004[bloom] <- tpcds_partitioned_parquet_snap.date_dim_1.d_date_sk
|  mem-estimate=1.94MB mem-reservation=1.94MB spill-buffer=64.00KB thread-reservation=0
|  tuple-ids=0,2,10,9 row-size=731B cardinality=9.91M cost=4338103
|  in pipelines: 00(GETNEXT), 08(OPEN)
|
|--09:HASH JOIN [INNER JOIN]
|  |  hash predicates: tpcds_partitioned_parquet_snap.date_dim_1.d_date = tpcds_partitioned_parquet_snap.date_dim.d_date
|  |  fk/pk conjuncts: none
|  |  runtime filters: RF008[bloom] <- tpcds_partitioned_parquet_snap.date_dim.d_date, RF009[min_max] <- tpcds_partitioned_parquet_snap.date_dim.d_date
|  |  mem-estimate=1.94MB mem-reservation=1.94MB spill-buffer=64.00KB thread-reservation=0
|  |  tuple-ids=10,9 row-size=241B cardinality=23 cost=31
|  |  in pipelines: 08(GETNEXT), 07(OPEN)
|  |
|  |--07:AGGREGATE [FINALIZE]
|  |  |  group by: tpcds_partitioned_parquet_snap.date_dim.d_date
|  |  |  mem-estimate=10.00MB mem-reservation=1.94MB spill-buffer=64.00KB thread-reservation=0
|  |  |  tuple-ids=9 row-size=4B cardinality=21 cost=60
|  |  |  in pipelines: 07(GETNEXT), 03(OPEN)
|  |  |
|  |  06:HASH JOIN [INNER JOIN]
|  |  |  hash predicates: tpcds_partitioned_parquet_snap.date_dim.d_week_seq = tpcds_partitioned_parquet_snap.date_dim_0.d_week_seq
|  |  |  fk/pk conjuncts: none
|  |  |  runtime filters: RF010[bloom] <- tpcds_partitioned_parquet_snap.date_dim_0.d_week_seq, RF011[min_max] <- tpcds_partitioned_parquet_snap.date_dim_0.d_week_seq
|  |  |  mem-estimate=1.94MB mem-reservation=1.94MB spill-buffer=64.00KB thread-reservation=0
|  |  |  tuple-ids=4,8 row-size=241B cardinality=21 cost=12
|  |  |  in pipelines: 03(GETNEXT), 05(OPEN)
|  |  |
|  |  |--05:AGGREGATE [FINALIZE]
|  |  |  |  group by: tpcds_partitioned_parquet_snap.date_dim_0.d_week_seq
|  |  |  |  mem-estimate=10.00MB mem-reservation=1.94MB spill-buffer=64.00KB thread-reservation=0
|  |  |  |  tuple-ids=8 row-size=4B cardinality=3 cost=8
|  |  |  |  in pipelines: 05(GETNEXT), 04(OPEN)
|  |  |  |
|  |  |  04:SCAN HDFS [tpcds_partitioned_parquet_snap.date_dim]
|  |  |     HDFS partitions=1/1 files=1 size=2.17MB
|  |  |     predicates: tpcds_partitioned_parquet_snap.date_dim_0.d_date = CAST('1999-04-14' AS DATE) OR tpcds_partitioned_parquet_snap.date_dim_0.d_date = CAST('1999-09-28' AS DATE) OR tpcds_partitioned_parquet_snap.date_dim_0.d_date = CAST('1999-11-12' AS DATE)
|  |  |     stored statistics:
|  |  |       table: rows=73.05K size=2.17MB
|  |  |       columns: all
|  |  |     extrapolated-rows=disabled max-scan-range-rows=73.05K
|  |  |     parquet dictionary predicates: tpcds_partitioned_parquet_snap.date_dim_0.d_date = CAST('1999-04-14' AS DATE) OR tpcds_partitioned_parquet_snap.date_dim_0.d_date = CAST('1999-09-28' AS DATE) OR tpcds_partitioned_parquet_snap.date_dim_0.d_date = CAST('1999-11-12' AS DATE)
|  |  |     mem-estimate=16.00MB mem-reservation=512.00KB thread-reservation=0
|  |  |     tuple-ids=6 row-size=8B cardinality=3 cost=10467
|  |  |     in pipelines: 04(GETNEXT)
|  |  |
|  |  03:SCAN HDFS [tpcds_partitioned_parquet_snap.date_dim]
|  |     HDFS partitions=1/1 files=1 size=2.17MB
|  |     runtime filters: RF011[min_max] -> tpcds_partitioned_parquet_snap.date_dim.d_week_seq, RF010[bloom] -> tpcds_partitioned_parquet_snap.date_dim.d_week_seq
|  |     stored statistics:
|  |       table: rows=73.05K size=2.17MB
|  |       columns: all
|  |     extrapolated-rows=disabled max-scan-range-rows=73.05K
|  |     mem-estimate=16.00MB mem-reservation=4.00MB thread-reservation=0
|  |     tuple-ids=4 row-size=237B cardinality=21(filtered from 73.05K) cost=110600
|  |     in pipelines: 03(GETNEXT)
|  |
|  08:SCAN HDFS [tpcds_partitioned_parquet_snap.date_dim]
|     HDFS partitions=1/1 files=1 size=2.17MB
|     runtime filters: RF009[min_max] -> tpcds_partitioned_parquet_snap.date_dim_1.d_date, RF008[bloom] -> tpcds_partitioned_parquet_snap.date_dim_1.d_date
|     stored statistics:
|       table: rows=73.05K size=2.17MB
|       columns: all
|     extrapolated-rows=disabled max-scan-range-rows=73.05K
|     mem-estimate=16.00MB mem-reservation=4.00MB thread-reservation=0
|     tuple-ids=10 row-size=237B cardinality=23(filtered from 73.05K) cost=110600
|     in pipelines: 08(GETNEXT)
|
02:HASH JOIN [INNER JOIN]
|  hash predicates: tpcds_partitioned_parquet_snap.store_returns.sr_item_sk = tpcds_partitioned_parquet_snap.item.i_item_sk
|  fk/pk conjuncts: tpcds_partitioned_parquet_snap.store_returns.sr_item_sk = tpcds_partitioned_parquet_snap.item.i_item_sk
|  runtime filters: RF006[bloom] <- tpcds_partitioned_parquet_snap.item.i_item_sk, RF007[min_max] <- tpcds_partitioned_parquet_snap.item.i_item_sk
|  mem-estimate=151.22MB mem-reservation=34.00MB spill-buffer=2.00MB thread-reservation=0
|  tuple-ids=0,2 row-size=489B cardinality=9.91M(filtered from 863.56M) cost=159378694
|  in pipelines: 00(GETNEXT), 01(OPEN)
|
|--01:SCAN HDFS [tpcds_partitioned_parquet_snap.item]
|     HDFS partitions=1/1 files=1 size=33.54MB
|     runtime filters: RF001[min_max] -> tpcds_partitioned_parquet_snap.item.i_item_id, RF003[min_max] -> tpcds_partitioned_parquet_snap.item.i_item_id
|     stored statistics:
|       table: rows=360.00K size=33.54MB
|       columns: all
|     extrapolated-rows=disabled max-scan-range-rows=101.54K
|     mem-estimate=16.00MB mem-reservation=512.00KB thread-reservation=0
|     tuple-ids=2 row-size=405B cardinality=360.00K cost=1355609
|     in pipelines: 01(GETNEXT)
|
00:SCAN HDFS [tpcds_partitioned_parquet_snap.store_returns]
   HDFS partitions=2004/2004 files=2004 size=48.14GB
   runtime filters: RF007[min_max] -> tpcds_partitioned_parquet_snap.store_returns.sr_item_sk, RF004[bloom] -> tpcds_partitioned_parquet_snap.store_returns.sr_returned_date_sk, RF006[bloom] -> tpcds_partitioned_parquet_snap.store_returns.sr_item_sk
   stored statistics:
     table: rows=863.99M size=48.14GB
     partitions: 2004/2004 rows=863.99M
     columns: all
   extrapolated-rows=disabled max-scan-range-rows=30.09M est-scan-range=24(filtered from 2004)
   mem-estimate=16.00MB mem-reservation=512.00KB thread-reservation=0
   tuple-ids=0 row-size=84B cardinality=9.91M(filtered from 863.99M) cost=11994439
   in pipelines: 00(GETNEXT)
---- DISTRIBUTEDPLAN
Max Per-Host Resource Reservation: Memory=1.22GB Threads=62
Per-Host Resource Estimates: Memory=2.20GB
F24:PLAN FRAGMENT [UNPARTITIONED] hosts=1 instances=1
|  Per-Instance Resources: mem-estimate=4.05MB mem-reservation=4.00MB thread-reservation=1
|  max-parallelism=1 segment-costs=[835] cpu-comparison-result=280 [max(1 (self) vs 280 (sum children))]
PLAN-ROOT SINK
|  output exprs: tpcds_partitioned_parquet_snap.item.i_item_id, sum(tpcds_partitioned_parquet_snap.store_returns.sr_return_quantity), multiply(divide(CAST(divide(CAST(sum(tpcds_partitioned_parquet_snap.store_returns.sr_return_quantity) AS DOUBLE), CAST(add(add(sum(tpcds_partitioned_parquet_snap.store_returns.sr_return_quantity), sum(tpcds_partitioned_parquet_snap.catalog_returns.cr_return_quantity)), sum(tpcds_partitioned_parquet_snap.web_returns.wr_return_quantity)) AS DOUBLE)) AS DECIMAL(38,17)), CAST(3.0 AS DECIMAL(2,1))), CAST(100 AS DECIMAL(3,0))), sum(tpcds_partitioned_parquet_snap.catalog_returns.cr_return_quantity), multiply(divide(CAST(divide(CAST(sum(tpcds_partitioned_parquet_snap.catalog_returns.cr_return_quantity) AS DOUBLE), CAST(add(add(sum(tpcds_partitioned_parquet_snap.store_returns.sr_return_quantity), sum(tpcds_partitioned_parquet_snap.catalog_returns.cr_return_quantity)), sum(tpcds_partitioned_parquet_snap.web_returns.wr_return_quantity)) AS DOUBLE)) AS DECIMAL(38,17)), CAST(3.0 AS DECIMAL(2,1))), CAST(100 AS DECIMAL(3,0))), sum(tpcds_partitioned_parquet_snap.web_returns.wr_return_quantity), multiply(divide(CAST(divide(CAST(sum(tpcds_partitioned_parquet_snap.web_returns.wr_return_quantity) AS DOUBLE), CAST(add(add(sum(tpcds_partitioned_parquet_snap.store_returns.sr_return_quantity), sum(tpcds_partitioned_parquet_snap.catalog_returns.cr_return_quantity)), sum(tpcds_partitioned_parquet_snap.web_returns.wr_return_quantity)) AS DOUBLE)) AS DECIMAL(38,17)), CAST(3.0 AS DECIMAL(2,1))), CAST(100 AS DECIMAL(3,0))), divide(CAST(add(add(sum(tpcds_partitioned_parquet_snap.store_returns.sr_return_quantity), sum(tpcds_partitioned_parquet_snap.catalog_returns.cr_return_quantity)), sum(tpcds_partitioned_parquet_snap.web_returns.wr_return_quantity)) AS DECIMAL(19,0)), CAST(3.0 AS DECIMAL(2,1)))
|  mem-estimate=4.00MB mem-reservation=4.00MB spill-buffer=2.00MB thread-reservation=0 cost=800
|
69:MERGING-EXCHANGE [UNPARTITIONED]
|  order by: tpcds_partitioned_parquet_snap.item.i_item_id ASC NULLS LAST, sum(tpcds_partitioned_parquet_snap.store_returns.sr_return_quantity) ASC NULLS LAST
|  limit: 100
|  mem-estimate=55.20KB mem-reservation=0B thread-reservation=0
|  tuple-ids=39 row-size=52B cardinality=100 cost=35
|  in pipelines: 38(GETNEXT)
|
F07:PLAN FRAGMENT [HASH(tpcds_partitioned_parquet_snap.item.i_item_id)] hosts=10 instances=10 (adjusted from 120)
Per-Instance Resources: mem-estimate=24.69MB mem-reservation=1.94MB thread-reservation=1
max-parallelism=10 segment-costs=[5037101, 4016711, 167] cpu-comparison-result=280 [max(10 (self) vs 280 (sum children))]
38:TOP-N [LIMIT=100]
|  order by: tpcds_partitioned_parquet_snap.item.i_item_id ASC NULLS LAST, sum(tpcds_partitioned_parquet_snap.store_returns.sr_return_quantity) ASC NULLS LAST
|  mem-estimate=5.08KB mem-reservation=0B thread-reservation=0
|  tuple-ids=39 row-size=52B cardinality=100 cost=3746309
|  in pipelines: 38(GETNEXT), 48(OPEN)
|
37:HASH JOIN [INNER JOIN, PARTITIONED]
|  hash-table-id=00
|  hash predicates: tpcds_partitioned_parquet_snap.item.i_item_id = tpcds_partitioned_parquet_snap.item_1.i_item_id
|  fk/pk conjuncts: none
|  mem-estimate=0B mem-reservation=0B spill-buffer=128.00KB thread-reservation=0
|  tuple-ids=12,25,38 row-size=108B cardinality=360.00K cost=157572
|  in pipelines: 48(GETNEXT), 68(OPEN)
|
|--F25:PLAN FRAGMENT [HASH(tpcds_partitioned_parquet_snap.item.i_item_id)] hosts=10 instances=10 (adjusted from 120)
|  |  Per-Instance Resources: mem-estimate=31.30MB mem-reservation=19.88MB thread-reservation=1
|  |  max-parallelism=10 segment-costs=[2951302, 185571] cpu-comparison-result=110 [max(10 (self) vs 110 (sum children))]
|  JOIN BUILD
|  |  join-table-id=00 plan-id=01 cohort-id=01
|  |  build expressions: tpcds_partitioned_parquet_snap.item_1.i_item_id
|  |  runtime filters: RF001[min_max] <- tpcds_partitioned_parquet_snap.item_1.i_item_id
|  |  mem-estimate=2.88MB mem-reservation=2.88MB spill-buffer=128.00KB thread-reservation=0 cost=185571
|  |
|  68:AGGREGATE [FINALIZE]
|  |  output: sum:merge(tpcds_partitioned_parquet_snap.catalog_returns.cr_return_quantity)
|  |  group by: tpcds_partitioned_parquet_snap.item_1.i_item_id
|  |  mem-estimate=17.00MB mem-reservation=17.00MB spill-buffer=1.00MB thread-reservation=0
|  |  tuple-ids=38 row-size=36B cardinality=185.57K cost=1751808
|  |  in pipelines: 68(GETNEXT), 25(OPEN)
|  |
|  67:EXCHANGE [HASH(tpcds_partitioned_parquet_snap.item_1.i_item_id)]
|  |  mem-estimate=14.30MB mem-reservation=0B thread-reservation=0
|  |  tuple-ids=38 row-size=36B cardinality=4.33M cost=1199494
|  |  in pipelines: 25(GETNEXT)
|  |
|  F16:PLAN FRAGMENT [RANDOM] hosts=10 instances=110 (adjusted from 120)
|  Per-Host Shared Resources: mem-estimate=1.00MB mem-reservation=1.00MB thread-reservation=0 runtime-filters-memory=1.00MB
|  Per-Instance Resources: mem-estimate=27.56MB mem-reservation=3.20MB thread-reservation=1
|  max-parallelism=110 segment-costs=[1010099277, 12283656] cpu-comparison-result=110 [max(110 (self) vs 25 (sum children))]
|  36:AGGREGATE [STREAMING]
|  |  output: sum(CAST(tpcds_partitioned_parquet_snap.catalog_returns.cr_return_quantity AS BIGINT))
|  |  group by: tpcds_partitioned_parquet_snap.item_1.i_item_id
|  |  mem-estimate=10.00MB mem-reservation=3.00MB spill-buffer=128.00KB thread-reservation=0
|  |  tuple-ids=38 row-size=36B cardinality=4.33M cost=12712378
|  |  in pipelines: 25(GETNEXT)
|  |
|  35:HASH JOIN [INNER JOIN, BROADCAST]
|  |  hash-table-id=01
|  |  hash predicates: tpcds_partitioned_parquet_snap.catalog_returns.cr_returned_date_sk = tpcds_partitioned_parquet_snap.date_dim_7.d_date_sk
|  |  fk/pk conjuncts: tpcds_partitioned_parquet_snap.catalog_returns.cr_returned_date_sk = tpcds_partitioned_parquet_snap.date_dim_7.d_date_sk
|  |  mem-estimate=0B mem-reservation=0B spill-buffer=64.00KB thread-reservation=0
|  |  tuple-ids=26,28,36,35 row-size=759B cardinality=4.82M cost=111630559
|  |  in pipelines: 25(GETNEXT), 33(OPEN)
|  |
|  |--F26:PLAN FRAGMENT [RANDOM] hosts=10 instances=10
|  |  |  Per-Instance Resources: mem-estimate=22.33MB mem-reservation=22.31MB thread-reservation=1 runtime-filters-memory=1.00MB
|  |  |  max-parallelism=10 segment-costs=[53] cpu-comparison-result=11 [max(11 (self) vs 1 (sum children))]
|  |  JOIN BUILD
|  |  |  join-table-id=01 plan-id=02 cohort-id=02
|  |  |  build expressions: tpcds_partitioned_parquet_snap.date_dim_7.d_date_sk
|  |  |  runtime filters: RF020[bloom] <- tpcds_partitioned_parquet_snap.date_dim_7.d_date_sk
|  |  |  mem-estimate=21.31MB mem-reservation=21.31MB spill-buffer=64.00KB thread-reservation=0 cost=23
|  |  |
|  |  66:EXCHANGE [BROADCAST]
|  |  |  mem-estimate=16.00KB mem-reservation=0B thread-reservation=0
|  |  |  tuple-ids=36,35 row-size=241B cardinality=23 cost=30
|  |  |  in pipelines: 33(GETNEXT)
|  |  |
|  |  F18:PLAN FRAGMENT [RANDOM] hosts=1 instances=1
|  |  Per-Host Shared Resources: mem-estimate=1.00MB mem-reservation=1.00MB thread-reservation=0 runtime-filters-memory=1.00MB
|  |  Per-Instance Resources: mem-estimate=16.97MB mem-reservation=4.00MB thread-reservation=1
|  |  max-parallelism=1 segment-costs=[129356]
|  |  34:HASH JOIN [INNER JOIN, BROADCAST]
|  |  |  hash-table-id=02
|  |  |  hash predicates: tpcds_partitioned_parquet_snap.date_dim_7.d_date = tpcds_partitioned_parquet_snap.date_dim_5.d_date
|  |  |  fk/pk conjuncts: none
|  |  |  mem-estimate=0B mem-reservation=0B spill-buffer=64.00KB thread-reservation=0
|  |  |  tuple-ids=36,35 row-size=241B cardinality=23 cost=18741
|  |  |  in pipelines: 33(GETNEXT), 64(OPEN)
|  |  |
|  |  |--F27:PLAN FRAGMENT [RANDOM] hosts=1 instances=1
|  |  |  |  Per-Instance Resources: mem-estimate=2.95MB mem-reservation=2.94MB thread-reservation=1 runtime-filters-memory=1.00MB
|  |  |  |  max-parallelism=1 segment-costs=[23] cpu-comparison-result=1 [max(1 (self) vs 1 (sum children))]
|  |  |  JOIN BUILD
|  |  |  |  join-table-id=02 plan-id=03 cohort-id=03
|  |  |  |  build expressions: tpcds_partitioned_parquet_snap.date_dim_5.d_date
|  |  |  |  runtime filters: RF024[bloom] <- tpcds_partitioned_parquet_snap.date_dim_5.d_date, RF025[min_max] <- tpcds_partitioned_parquet_snap.date_dim_5.d_date
|  |  |  |  mem-estimate=1.94MB mem-reservation=1.94MB spill-buffer=64.00KB thread-reservation=0 cost=21
|  |  |  |
|  |  |  65:EXCHANGE [BROADCAST]
|  |  |  |  mem-estimate=16.00KB mem-reservation=0B thread-reservation=0
|  |  |  |  tuple-ids=35 row-size=4B cardinality=21 cost=2
|  |  |  |  in pipelines: 64(GETNEXT)
|  |  |  |
|  |  |  F22:PLAN FRAGMENT [HASH(tpcds_partitioned_parquet_snap.date_dim_5.d_date)] hosts=1 instances=1
|  |  |  Per-Instance Resources: mem-estimate=10.03MB mem-reservation=1.94MB thread-reservation=1
|  |  |  max-parallelism=1 segment-costs=[62, 0] cpu-comparison-result=1 [max(1 (self) vs 1 (sum children))]
|  |  |  64:AGGREGATE [FINALIZE]
|  |  |  |  group by: tpcds_partitioned_parquet_snap.date_dim_5.d_date
|  |  |  |  mem-estimate=10.00MB mem-reservation=1.94MB spill-buffer=64.00KB thread-reservation=0
|  |  |  |  tuple-ids=35 row-size=4B cardinality=21 cost=60
|  |  |  |  in pipelines: 64(GETNEXT), 28(OPEN)
|  |  |  |
|  |  |  63:EXCHANGE [HASH(tpcds_partitioned_parquet_snap.date_dim_5.d_date)]
|  |  |  |  mem-estimate=16.00KB mem-reservation=0B thread-reservation=0
|  |  |  |  tuple-ids=35 row-size=4B cardinality=21 cost=2
|  |  |  |  in pipelines: 28(GETNEXT)
|  |  |  |
|  |  |  F19:PLAN FRAGMENT [RANDOM] hosts=1 instances=1
|  |  |  Per-Host Shared Resources: mem-estimate=1.00MB mem-reservation=1.00MB thread-reservation=0 runtime-filters-memory=1.00MB
|  |  |  Per-Instance Resources: mem-estimate=26.03MB mem-reservation=6.00MB thread-reservation=1
|  |  |  max-parallelism=1 segment-costs=[110669, 16] cpu-comparison-result=1 [max(1 (self) vs 1 (sum children))]
|  |  |  32:AGGREGATE [STREAMING]
|  |  |  |  group by: tpcds_partitioned_parquet_snap.date_dim_5.d_date
|  |  |  |  mem-estimate=10.00MB mem-reservation=2.00MB spill-buffer=64.00KB thread-reservation=0
|  |  |  |  tuple-ids=35 row-size=4B cardinality=21 cost=60
|  |  |  |  in pipelines: 28(GETNEXT)
|  |  |  |
|  |  |  31:HASH JOIN [INNER JOIN, BROADCAST]
|  |  |  |  hash-table-id=03
|  |  |  |  hash predicates: tpcds_partitioned_parquet_snap.date_dim_5.d_week_seq = tpcds_partitioned_parquet_snap.date_dim_6.d_week_seq
|  |  |  |  fk/pk conjuncts: none
|  |  |  |  mem-estimate=0B mem-reservation=0B spill-buffer=64.00KB thread-reservation=0
|  |  |  |  tuple-ids=30,34 row-size=241B cardinality=21 cost=9
|  |  |  |  in pipelines: 28(GETNEXT), 61(OPEN)
|  |  |  |
|  |  |  |--F28:PLAN FRAGMENT [RANDOM] hosts=1 instances=1
|  |  |  |  |  Per-Instance Resources: mem-estimate=2.95MB mem-reservation=2.94MB thread-reservation=1 runtime-filters-memory=1.00MB
|  |  |  |  |  max-parallelism=1 segment-costs=[3] cpu-comparison-result=1 [max(1 (self) vs 1 (sum children))]
|  |  |  |  JOIN BUILD
|  |  |  |  |  join-table-id=03 plan-id=04 cohort-id=04
|  |  |  |  |  build expressions: tpcds_partitioned_parquet_snap.date_dim_6.d_week_seq
|  |  |  |  |  runtime filters: RF026[bloom] <- tpcds_partitioned_parquet_snap.date_dim_6.d_week_seq, RF027[min_max] <- tpcds_partitioned_parquet_snap.date_dim_6.d_week_seq
|  |  |  |  |  mem-estimate=1.94MB mem-reservation=1.94MB spill-buffer=64.00KB thread-reservation=0 cost=3
|  |  |  |  |
|  |  |  |  62:EXCHANGE [BROADCAST]
|  |  |  |  |  mem-estimate=16.00KB mem-reservation=0B thread-reservation=0
|  |  |  |  |  tuple-ids=34 row-size=4B cardinality=3 cost=0
|  |  |  |  |  in pipelines: 61(GETNEXT)
|  |  |  |  |
|  |  |  |  F21:PLAN FRAGMENT [HASH(tpcds_partitioned_parquet_snap.date_dim_6.d_week_seq)] hosts=1 instances=1
|  |  |  |  Per-Instance Resources: mem-estimate=10.03MB mem-reservation=1.94MB thread-reservation=1
|  |  |  |  max-parallelism=1 segment-costs=[8, 0] cpu-comparison-result=1 [max(1 (self) vs 1 (sum children))]
|  |  |  |  61:AGGREGATE [FINALIZE]
|  |  |  |  |  group by: tpcds_partitioned_parquet_snap.date_dim_6.d_week_seq
|  |  |  |  |  mem-estimate=10.00MB mem-reservation=1.94MB spill-buffer=64.00KB thread-reservation=0
|  |  |  |  |  tuple-ids=34 row-size=4B cardinality=3 cost=8
|  |  |  |  |  in pipelines: 61(GETNEXT), 29(OPEN)
|  |  |  |  |
|  |  |  |  60:EXCHANGE [HASH(tpcds_partitioned_parquet_snap.date_dim_6.d_week_seq)]
|  |  |  |  |  mem-estimate=16.00KB mem-reservation=0B thread-reservation=0
|  |  |  |  |  tuple-ids=34 row-size=4B cardinality=3 cost=0
|  |  |  |  |  in pipelines: 29(GETNEXT)
|  |  |  |  |
|  |  |  |  F20:PLAN FRAGMENT [RANDOM] hosts=1 instances=1
|  |  |  |  Per-Instance Resources: mem-estimate=26.03MB mem-reservation=2.50MB thread-reservation=1
|  |  |  |  max-parallelism=1 segment-costs=[10475, 2]
|  |  |  |  30:AGGREGATE [STREAMING]
|  |  |  |  |  group by: tpcds_partitioned_parquet_snap.date_dim_6.d_week_seq
|  |  |  |  |  mem-estimate=10.00MB mem-reservation=2.00MB spill-buffer=64.00KB thread-reservation=0
|  |  |  |  |  tuple-ids=34 row-size=4B cardinality=3 cost=8
|  |  |  |  |  in pipelines: 29(GETNEXT)
|  |  |  |  |
|  |  |  |  29:SCAN HDFS [tpcds_partitioned_parquet_snap.date_dim, RANDOM]
|  |  |  |     HDFS partitions=1/1 files=1 size=2.17MB
|  |  |  |     predicates: tpcds_partitioned_parquet_snap.date_dim_6.d_date = CAST('1999-04-14' AS DATE) OR tpcds_partitioned_parquet_snap.date_dim_6.d_date = CAST('1999-09-28' AS DATE) OR tpcds_partitioned_parquet_snap.date_dim_6.d_date = CAST('1999-11-12' AS DATE)
|  |  |  |     stored statistics:
|  |  |  |       table: rows=73.05K size=2.17MB
|  |  |  |       columns: all
|  |  |  |     extrapolated-rows=disabled max-scan-range-rows=73.05K
|  |  |  |     parquet dictionary predicates: tpcds_partitioned_parquet_snap.date_dim_6.d_date = CAST('1999-04-14' AS DATE) OR tpcds_partitioned_parquet_snap.date_dim_6.d_date = CAST('1999-09-28' AS DATE) OR tpcds_partitioned_parquet_snap.date_dim_6.d_date = CAST('1999-11-12' AS DATE)
|  |  |  |     mem-estimate=16.00MB mem-reservation=512.00KB thread-reservation=0
|  |  |  |     tuple-ids=32 row-size=8B cardinality=3 cost=10467
|  |  |  |     in pipelines: 29(GETNEXT)
|  |  |  |
|  |  |  28:SCAN HDFS [tpcds_partitioned_parquet_snap.date_dim, RANDOM]
|  |  |     HDFS partitions=1/1 files=1 size=2.17MB
|  |  |     runtime filters: RF027[min_max] -> tpcds_partitioned_parquet_snap.date_dim_5.d_week_seq, RF026[bloom] -> tpcds_partitioned_parquet_snap.date_dim_5.d_week_seq
|  |  |     stored statistics:
|  |  |       table: rows=73.05K size=2.17MB
|  |  |       columns: all
|  |  |     extrapolated-rows=disabled max-scan-range-rows=73.05K
|  |  |     mem-estimate=16.00MB mem-reservation=4.00MB thread-reservation=0
|  |  |     tuple-ids=30 row-size=237B cardinality=21(filtered from 73.05K) cost=110600
|  |  |     in pipelines: 28(GETNEXT)
|  |  |
|  |  33:SCAN HDFS [tpcds_partitioned_parquet_snap.date_dim, RANDOM]
|  |     HDFS partitions=1/1 files=1 size=2.17MB
|  |     runtime filters: RF025[min_max] -> tpcds_partitioned_parquet_snap.date_dim_7.d_date, RF024[bloom] -> tpcds_partitioned_parquet_snap.date_dim_7.d_date
|  |     stored statistics:
|  |       table: rows=73.05K size=2.17MB
|  |       columns: all
|  |     extrapolated-rows=disabled max-scan-range-rows=73.05K
|  |     mem-estimate=16.00MB mem-reservation=4.00MB thread-reservation=0
|  |     tuple-ids=36 row-size=237B cardinality=73.05K cost=110600
|  |     in pipelines: 33(GETNEXT)
|  |
|  27:HASH JOIN [INNER JOIN, BROADCAST]
|  |  hash-table-id=04
|  |  hash predicates: tpcds_partitioned_parquet_snap.catalog_returns.cr_item_sk = tpcds_partitioned_parquet_snap.item_1.i_item_sk
|  |  fk/pk conjuncts: tpcds_partitioned_parquet_snap.catalog_returns.cr_item_sk = tpcds_partitioned_parquet_snap.item_1.i_item_sk
|  |  mem-estimate=0B mem-reservation=0B spill-buffer=2.00MB thread-reservation=0
|  |  tuple-ids=26,28 row-size=517B cardinality=431.80M(filtered from 431.80M) cost=188999337
|  |  in pipelines: 25(GETNEXT), 26(OPEN)
|  |
|  |--F29:PLAN FRAGMENT [RANDOM] hosts=10 instances=10
|  |  |  Per-Instance Resources: mem-estimate=385.60MB mem-reservation=374.00MB thread-reservation=1
|  |  |  max-parallelism=10 segment-costs=[838440]
|  |  JOIN BUILD
|  |  |  join-table-id=04 plan-id=05 cohort-id=02
|  |  |  build expressions: tpcds_partitioned_parquet_snap.item_1.i_item_sk
|  |  |  runtime filters: RF023[min_max] <- tpcds_partitioned_parquet_snap.item_1.i_item_sk
|  |  |  mem-estimate=374.00MB mem-reservation=374.00MB spill-buffer=2.00MB thread-reservation=0 cost=360000
|  |  |
|  |  59:EXCHANGE [BROADCAST]
|  |  |  mem-estimate=11.60MB mem-reservation=0B thread-reservation=0
|  |  |  tuple-ids=28 row-size=405B cardinality=360.00K cost=478440
|  |  |  in pipelines: 26(GETNEXT)
|  |  |
|  |  F17:PLAN FRAGMENT [RANDOM] hosts=4 instances=4
|  |  Per-Instance Resources: mem-estimate=17.60MB mem-reservation=512.00KB thread-reservation=1
|  |  max-parallelism=4 segment-costs=[1757529]
|  |  26:SCAN HDFS [tpcds_partitioned_parquet_snap.item, RANDOM]
|  |     HDFS partitions=1/1 files=1 size=33.54MB
|  |     stored statistics:
|  |       table: rows=360.00K size=33.54MB
|  |       columns: all
|  |     extrapolated-rows=disabled max-scan-range-rows=101.54K
|  |     mem-estimate=16.00MB mem-reservation=512.00KB thread-reservation=0
|  |     tuple-ids=28 row-size=405B cardinality=360.00K cost=1355609
|  |     in pipelines: 26(GETNEXT)
|  |
|  25:SCAN HDFS [tpcds_partitioned_parquet_snap.catalog_returns, RANDOM]
|     HDFS partitions=2060/2060 files=2060 size=32.77GB
|     runtime filters: RF023[min_max] -> tpcds_partitioned_parquet_snap.catalog_returns.cr_item_sk, RF020[bloom] -> tpcds_partitioned_parquet_snap.catalog_returns.cr_returned_date_sk
|     stored statistics:
|       table: rows=432.02M size=32.77GB
|       partitions: 2060/2060 rows=432.02M
|       columns: all
|     extrapolated-rows=disabled max-scan-range-rows=416.82K
|     mem-estimate=16.00MB mem-reservation=208.00KB thread-reservation=0
|     tuple-ids=26 row-size=112B cardinality=431.80M(filtered from 432.02M) cost=696757003
|     in pipelines: 25(GETNEXT)
|
24:HASH JOIN [INNER JOIN, PARTITIONED]
|  hash-table-id=05
|  hash predicates: tpcds_partitioned_parquet_snap.item.i_item_id = tpcds_partitioned_parquet_snap.item_0.i_item_id
|  fk/pk conjuncts: none
|  mem-estimate=0B mem-reservation=0B spill-buffer=128.00KB thread-reservation=0
|  tuple-ids=12,25 row-size=72B cardinality=360.00K cost=112830
|  in pipelines: 48(GETNEXT), 58(OPEN)
|
|--F30:PLAN FRAGMENT [HASH(tpcds_partitioned_parquet_snap.item.i_item_id)] hosts=10 instances=10 (adjusted from 120)
|  |  Per-Instance Resources: mem-estimate=26.61MB mem-reservation=19.88MB thread-reservation=1
|  |  max-parallelism=10 segment-costs=[1752771, 185571] cpu-comparison-result=50 [max(10 (self) vs 50 (sum children))]
|  JOIN BUILD
|  |  join-table-id=05 plan-id=06 cohort-id=01
|  |  build expressions: tpcds_partitioned_parquet_snap.item_0.i_item_id
|  |  runtime filters: RF003[min_max] <- tpcds_partitioned_parquet_snap.item_0.i_item_id
|  |  mem-estimate=2.88MB mem-reservation=2.88MB spill-buffer=128.00KB thread-reservation=0 cost=185571
|  |
|  58:AGGREGATE [FINALIZE]
|  |  output: sum:merge(tpcds_partitioned_parquet_snap.web_returns.wr_return_quantity)
|  |  group by: tpcds_partitioned_parquet_snap.item_0.i_item_id
|  |  mem-estimate=17.00MB mem-reservation=17.00MB spill-buffer=1.00MB thread-reservation=0
|  |  tuple-ids=25 row-size=36B cardinality=185.57K cost=1135908
|  |  in pipelines: 58(GETNEXT), 12(OPEN)
|  |
|  57:EXCHANGE [HASH(tpcds_partitioned_parquet_snap.item_0.i_item_id)]
|  |  mem-estimate=9.61MB mem-reservation=0B thread-reservation=0
|  |  tuple-ids=25 row-size=36B cardinality=2.23M cost=616863
|  |  in pipelines: 12(GETNEXT)
|  |
|  F08:PLAN FRAGMENT [RANDOM] hosts=10 instances=50 (adjusted from 120)
|  Per-Host Shared Resources: mem-estimate=1.00MB mem-reservation=1.00MB thread-reservation=0 runtime-filters-memory=1.00MB
|  Per-Instance Resources: mem-estimate=27.56MB mem-reservation=3.25MB thread-reservation=1
|  max-parallelism=50 segment-costs=[467843056, 6317114] cpu-comparison-result=50 [max(50 (self) vs 25 (sum children))]
|  23:AGGREGATE [STREAMING]
|  |  output: sum(CAST(tpcds_partitioned_parquet_snap.web_returns.wr_return_quantity AS BIGINT))
|  |  group by: tpcds_partitioned_parquet_snap.item_0.i_item_id
|  |  mem-estimate=10.00MB mem-reservation=3.00MB spill-buffer=128.00KB thread-reservation=0
|  |  tuple-ids=25 row-size=36B cardinality=2.23M cost=6499441
|  |  in pipelines: 12(GETNEXT)
|  |
|  22:HASH JOIN [INNER JOIN, BROADCAST]
|  |  hash-table-id=06
|  |  hash predicates: tpcds_partitioned_parquet_snap.web_returns.wr_returned_date_sk = tpcds_partitioned_parquet_snap.date_dim_4.d_date_sk
|  |  fk/pk conjuncts: tpcds_partitioned_parquet_snap.web_returns.wr_returned_date_sk = tpcds_partitioned_parquet_snap.date_dim_4.d_date_sk
|  |  mem-estimate=0B mem-reservation=0B spill-buffer=64.00KB thread-reservation=0
|  |  tuple-ids=13,15,23,22 row-size=747B cardinality=2.35M cost=55802621
|  |  in pipelines: 12(GETNEXT), 20(OPEN)
|  |
|  |--F31:PLAN FRAGMENT [RANDOM] hosts=10 instances=10
|  |  |  Per-Instance Resources: mem-estimate=10.70MB mem-reservation=10.69MB thread-reservation=1 runtime-filters-memory=1.00MB
|  |  |  max-parallelism=10 segment-costs=[53] cpu-comparison-result=11 [max(11 (self) vs 1 (sum children))]
|  |  JOIN BUILD
|  |  |  join-table-id=06 plan-id=07 cohort-id=05
|  |  |  build expressions: tpcds_partitioned_parquet_snap.date_dim_4.d_date_sk
|  |  |  runtime filters: RF012[bloom] <- tpcds_partitioned_parquet_snap.date_dim_4.d_date_sk
|  |  |  mem-estimate=9.69MB mem-reservation=9.69MB spill-buffer=64.00KB thread-reservation=0 cost=23
|  |  |
|  |  56:EXCHANGE [BROADCAST]
|  |  |  mem-estimate=16.00KB mem-reservation=0B thread-reservation=0
|  |  |  tuple-ids=23,22 row-size=241B cardinality=23 cost=30
|  |  |  in pipelines: 20(GETNEXT)
|  |  |
|  |  F10:PLAN FRAGMENT [RANDOM] hosts=1 instances=1
|  |  Per-Host Shared Resources: mem-estimate=1.00MB mem-reservation=1.00MB thread-reservation=0 runtime-filters-memory=1.00MB
|  |  Per-Instance Resources: mem-estimate=16.97MB mem-reservation=4.00MB thread-reservation=1
|  |  max-parallelism=1 segment-costs=[129356]
|  |  21:HASH JOIN [INNER JOIN, BROADCAST]
|  |  |  hash-table-id=07
|  |  |  hash predicates: tpcds_partitioned_parquet_snap.date_dim_4.d_date = tpcds_partitioned_parquet_snap.date_dim_2.d_date
|  |  |  fk/pk conjuncts: none
|  |  |  mem-estimate=0B mem-reservation=0B spill-buffer=64.00KB thread-reservation=0
|  |  |  tuple-ids=23,22 row-size=241B cardinality=23 cost=18741
|  |  |  in pipelines: 20(GETNEXT), 54(OPEN)
|  |  |
|  |  |--F32:PLAN FRAGMENT [RANDOM] hosts=1 instances=1
|  |  |  |  Per-Instance Resources: mem-estimate=2.95MB mem-reservation=2.94MB thread-reservation=1 runtime-filters-memory=1.00MB
|  |  |  |  max-parallelism=1 segment-costs=[23] cpu-comparison-result=1 [max(1 (self) vs 1 (sum children))]
|  |  |  JOIN BUILD
|  |  |  |  join-table-id=07 plan-id=08 cohort-id=06
|  |  |  |  build expressions: tpcds_partitioned_parquet_snap.date_dim_2.d_date
|  |  |  |  runtime filters: RF016[bloom] <- tpcds_partitioned_parquet_snap.date_dim_2.d_date, RF017[min_max] <- tpcds_partitioned_parquet_snap.date_dim_2.d_date
|  |  |  |  mem-estimate=1.94MB mem-reservation=1.94MB spill-buffer=64.00KB thread-reservation=0 cost=21
|  |  |  |
|  |  |  55:EXCHANGE [BROADCAST]
|  |  |  |  mem-estimate=16.00KB mem-reservation=0B thread-reservation=0
|  |  |  |  tuple-ids=22 row-size=4B cardinality=21 cost=2
|  |  |  |  in pipelines: 54(GETNEXT)
|  |  |  |
|  |  |  F14:PLAN FRAGMENT [HASH(tpcds_partitioned_parquet_snap.date_dim_2.d_date)] hosts=1 instances=1
|  |  |  Per-Instance Resources: mem-estimate=10.03MB mem-reservation=1.94MB thread-reservation=1
|  |  |  max-parallelism=1 segment-costs=[62, 0] cpu-comparison-result=1 [max(1 (self) vs 1 (sum children))]
|  |  |  54:AGGREGATE [FINALIZE]
|  |  |  |  group by: tpcds_partitioned_parquet_snap.date_dim_2.d_date
|  |  |  |  mem-estimate=10.00MB mem-reservation=1.94MB spill-buffer=64.00KB thread-reservation=0
|  |  |  |  tuple-ids=22 row-size=4B cardinality=21 cost=60
|  |  |  |  in pipelines: 54(GETNEXT), 15(OPEN)
|  |  |  |
|  |  |  53:EXCHANGE [HASH(tpcds_partitioned_parquet_snap.date_dim_2.d_date)]
|  |  |  |  mem-estimate=16.00KB mem-reservation=0B thread-reservation=0
|  |  |  |  tuple-ids=22 row-size=4B cardinality=21 cost=2
|  |  |  |  in pipelines: 15(GETNEXT)
|  |  |  |
|  |  |  F11:PLAN FRAGMENT [RANDOM] hosts=1 instances=1
|  |  |  Per-Host Shared Resources: mem-estimate=1.00MB mem-reservation=1.00MB thread-reservation=0 runtime-filters-memory=1.00MB
|  |  |  Per-Instance Resources: mem-estimate=26.03MB mem-reservation=6.00MB thread-reservation=1
|  |  |  max-parallelism=1 segment-costs=[110669, 16] cpu-comparison-result=1 [max(1 (self) vs 1 (sum children))]
|  |  |  19:AGGREGATE [STREAMING]
|  |  |  |  group by: tpcds_partitioned_parquet_snap.date_dim_2.d_date
|  |  |  |  mem-estimate=10.00MB mem-reservation=2.00MB spill-buffer=64.00KB thread-reservation=0
|  |  |  |  tuple-ids=22 row-size=4B cardinality=21 cost=60
|  |  |  |  in pipelines: 15(GETNEXT)
|  |  |  |
|  |  |  18:HASH JOIN [INNER JOIN, BROADCAST]
|  |  |  |  hash-table-id=08
|  |  |  |  hash predicates: tpcds_partitioned_parquet_snap.date_dim_2.d_week_seq = tpcds_partitioned_parquet_snap.date_dim_3.d_week_seq
|  |  |  |  fk/pk conjuncts: none
|  |  |  |  mem-estimate=0B mem-reservation=0B spill-buffer=64.00KB thread-reservation=0
|  |  |  |  tuple-ids=17,21 row-size=241B cardinality=21 cost=9
|  |  |  |  in pipelines: 15(GETNEXT), 51(OPEN)
|  |  |  |
|  |  |  |--F33:PLAN FRAGMENT [RANDOM] hosts=1 instances=1
|  |  |  |  |  Per-Instance Resources: mem-estimate=2.95MB mem-reservation=2.94MB thread-reservation=1 runtime-filters-memory=1.00MB
|  |  |  |  |  max-parallelism=1 segment-costs=[3] cpu-comparison-result=1 [max(1 (self) vs 1 (sum children))]
|  |  |  |  JOIN BUILD
|  |  |  |  |  join-table-id=08 plan-id=09 cohort-id=07
|  |  |  |  |  build expressions: tpcds_partitioned_parquet_snap.date_dim_3.d_week_seq
|  |  |  |  |  runtime filters: RF018[bloom] <- tpcds_partitioned_parquet_snap.date_dim_3.d_week_seq, RF019[min_max] <- tpcds_partitioned_parquet_snap.date_dim_3.d_week_seq
|  |  |  |  |  mem-estimate=1.94MB mem-reservation=1.94MB spill-buffer=64.00KB thread-reservation=0 cost=3
|  |  |  |  |
|  |  |  |  52:EXCHANGE [BROADCAST]
|  |  |  |  |  mem-estimate=16.00KB mem-reservation=0B thread-reservation=0
|  |  |  |  |  tuple-ids=21 row-size=4B cardinality=3 cost=0
|  |  |  |  |  in pipelines: 51(GETNEXT)
|  |  |  |  |
|  |  |  |  F13:PLAN FRAGMENT [HASH(tpcds_partitioned_parquet_snap.date_dim_3.d_week_seq)] hosts=1 instances=1
|  |  |  |  Per-Instance Resources: mem-estimate=10.03MB mem-reservation=1.94MB thread-reservation=1
|  |  |  |  max-parallelism=1 segment-costs=[8, 0] cpu-comparison-result=1 [max(1 (self) vs 1 (sum children))]
|  |  |  |  51:AGGREGATE [FINALIZE]
|  |  |  |  |  group by: tpcds_partitioned_parquet_snap.date_dim_3.d_week_seq
|  |  |  |  |  mem-estimate=10.00MB mem-reservation=1.94MB spill-buffer=64.00KB thread-reservation=0
|  |  |  |  |  tuple-ids=21 row-size=4B cardinality=3 cost=8
|  |  |  |  |  in pipelines: 51(GETNEXT), 16(OPEN)
|  |  |  |  |
|  |  |  |  50:EXCHANGE [HASH(tpcds_partitioned_parquet_snap.date_dim_3.d_week_seq)]
|  |  |  |  |  mem-estimate=16.00KB mem-reservation=0B thread-reservation=0
|  |  |  |  |  tuple-ids=21 row-size=4B cardinality=3 cost=0
|  |  |  |  |  in pipelines: 16(GETNEXT)
|  |  |  |  |
|  |  |  |  F12:PLAN FRAGMENT [RANDOM] hosts=1 instances=1
|  |  |  |  Per-Instance Resources: mem-estimate=26.03MB mem-reservation=2.50MB thread-reservation=1
|  |  |  |  max-parallelism=1 segment-costs=[10475, 2]
|  |  |  |  17:AGGREGATE [STREAMING]
|  |  |  |  |  group by: tpcds_partitioned_parquet_snap.date_dim_3.d_week_seq
|  |  |  |  |  mem-estimate=10.00MB mem-reservation=2.00MB spill-buffer=64.00KB thread-reservation=0
|  |  |  |  |  tuple-ids=21 row-size=4B cardinality=3 cost=8
|  |  |  |  |  in pipelines: 16(GETNEXT)
|  |  |  |  |
|  |  |  |  16:SCAN HDFS [tpcds_partitioned_parquet_snap.date_dim, RANDOM]
|  |  |  |     HDFS partitions=1/1 files=1 size=2.17MB
|  |  |  |     predicates: tpcds_partitioned_parquet_snap.date_dim_3.d_date = CAST('1999-04-14' AS DATE) OR tpcds_partitioned_parquet_snap.date_dim_3.d_date = CAST('1999-09-28' AS DATE) OR tpcds_partitioned_parquet_snap.date_dim_3.d_date = CAST('1999-11-12' AS DATE)
|  |  |  |     stored statistics:
|  |  |  |       table: rows=73.05K size=2.17MB
|  |  |  |       columns: all
|  |  |  |     extrapolated-rows=disabled max-scan-range-rows=73.05K
|  |  |  |     parquet dictionary predicates: tpcds_partitioned_parquet_snap.date_dim_3.d_date = CAST('1999-04-14' AS DATE) OR tpcds_partitioned_parquet_snap.date_dim_3.d_date = CAST('1999-09-28' AS DATE) OR tpcds_partitioned_parquet_snap.date_dim_3.d_date = CAST('1999-11-12' AS DATE)
|  |  |  |     mem-estimate=16.00MB mem-reservation=512.00KB thread-reservation=0
|  |  |  |     tuple-ids=19 row-size=8B cardinality=3 cost=10467
|  |  |  |     in pipelines: 16(GETNEXT)
|  |  |  |
|  |  |  15:SCAN HDFS [tpcds_partitioned_parquet_snap.date_dim, RANDOM]
|  |  |     HDFS partitions=1/1 files=1 size=2.17MB
|  |  |     runtime filters: RF019[min_max] -> tpcds_partitioned_parquet_snap.date_dim_2.d_week_seq, RF018[bloom] -> tpcds_partitioned_parquet_snap.date_dim_2.d_week_seq
|  |  |     stored statistics:
|  |  |       table: rows=73.05K size=2.17MB
|  |  |       columns: all
|  |  |     extrapolated-rows=disabled max-scan-range-rows=73.05K
|  |  |     mem-estimate=16.00MB mem-reservation=4.00MB thread-reservation=0
|  |  |     tuple-ids=17 row-size=237B cardinality=21(filtered from 73.05K) cost=110600
|  |  |     in pipelines: 15(GETNEXT)
|  |  |
|  |  20:SCAN HDFS [tpcds_partitioned_parquet_snap.date_dim, RANDOM]
|  |     HDFS partitions=1/1 files=1 size=2.17MB
|  |     runtime filters: RF017[min_max] -> tpcds_partitioned_parquet_snap.date_dim_4.d_date, RF016[bloom] -> tpcds_partitioned_parquet_snap.date_dim_4.d_date
|  |     stored statistics:
|  |       table: rows=73.05K size=2.17MB
|  |       columns: all
|  |     extrapolated-rows=disabled max-scan-range-rows=73.05K
|  |     mem-estimate=16.00MB mem-reservation=4.00MB thread-reservation=0
|  |     tuple-ids=23 row-size=237B cardinality=73.05K cost=110600
|  |     in pipelines: 20(GETNEXT)
|  |
|  14:HASH JOIN [INNER JOIN, BROADCAST]
|  |  hash-table-id=09
|  |  hash predicates: tpcds_partitioned_parquet_snap.web_returns.wr_item_sk = tpcds_partitioned_parquet_snap.item_0.i_item_sk
|  |  fk/pk conjuncts: tpcds_partitioned_parquet_snap.web_returns.wr_item_sk = tpcds_partitioned_parquet_snap.item_0.i_item_sk
|  |  mem-estimate=0B mem-reservation=0B spill-buffer=2.00MB thread-reservation=0
|  |  tuple-ids=13,15 row-size=505B cardinality=215.89M cost=94497127
|  |  in pipelines: 12(GETNEXT), 13(OPEN)
|  |
|  |--F34:PLAN FRAGMENT [RANDOM] hosts=10 instances=10
|  |  |  Per-Instance Resources: mem-estimate=181.60MB mem-reservation=170.00MB thread-reservation=1
|  |  |  max-parallelism=10 segment-costs=[838440]
|  |  JOIN BUILD
|  |  |  join-table-id=09 plan-id=10 cohort-id=05
|  |  |  build expressions: tpcds_partitioned_parquet_snap.item_0.i_item_sk
|  |  |  runtime filters: RF015[min_max] <- tpcds_partitioned_parquet_snap.item_0.i_item_sk
|  |  |  mem-estimate=170.00MB mem-reservation=170.00MB spill-buffer=2.00MB thread-reservation=0 cost=360000
|  |  |
|  |  49:EXCHANGE [BROADCAST]
|  |  |  mem-estimate=11.60MB mem-reservation=0B thread-reservation=0
|  |  |  tuple-ids=15 row-size=405B cardinality=360.00K cost=478440
|  |  |  in pipelines: 13(GETNEXT)
|  |  |
|  |  F09:PLAN FRAGMENT [RANDOM] hosts=4 instances=4
|  |  Per-Instance Resources: mem-estimate=17.60MB mem-reservation=512.00KB thread-reservation=1
|  |  max-parallelism=4 segment-costs=[1757529]
|  |  13:SCAN HDFS [tpcds_partitioned_parquet_snap.item, RANDOM]
|  |     HDFS partitions=1/1 files=1 size=33.54MB
|  |     runtime filters: RF001[min_max] -> tpcds_partitioned_parquet_snap.item_0.i_item_id
|  |     stored statistics:
|  |       table: rows=360.00K size=33.54MB
|  |       columns: all
|  |     extrapolated-rows=disabled max-scan-range-rows=101.54K
|  |     mem-estimate=16.00MB mem-reservation=512.00KB thread-reservation=0
|  |     tuple-ids=15 row-size=405B cardinality=360.00K cost=1355609
|  |     in pipelines: 13(GETNEXT)
|  |
|  12:SCAN HDFS [tpcds_partitioned_parquet_snap.web_returns, RANDOM]
|     HDFS partitions=2114/2114 files=2114 size=16.74GB
|     runtime filters: RF015[min_max] -> tpcds_partitioned_parquet_snap.web_returns.wr_item_sk, RF012[bloom] -> tpcds_partitioned_parquet_snap.web_returns.wr_returned_date_sk
|     stored statistics:
|       table: rows=216.00M size=16.74GB
|       partitions: 2114/2114 rows=216.00M
|       columns: all
|     extrapolated-rows=disabled max-scan-range-rows=9.41M
|     mem-estimate=16.00MB mem-reservation=256.00KB thread-reservation=0
|     tuple-ids=13 row-size=100B cardinality=215.89M(filtered from 216.00M) cost=311043867
|     in pipelines: 12(GETNEXT)
|
48:AGGREGATE [FINALIZE]
|  output: sum:merge(tpcds_partitioned_parquet_snap.store_returns.sr_return_quantity)
|  group by: tpcds_partitioned_parquet_snap.item.i_item_id
|  mem-estimate=10.00MB mem-reservation=1.94MB spill-buffer=64.00KB thread-reservation=0
|  tuple-ids=12 row-size=36B cardinality=185.57K cost=2823656
|  in pipelines: 48(GETNEXT), 00(OPEN)
|
47:EXCHANGE [HASH(tpcds_partitioned_parquet_snap.item.i_item_id)]
|  mem-estimate=14.69MB mem-reservation=0B thread-reservation=0
|  tuple-ids=12 row-size=36B cardinality=8.00M cost=2213445
|  in pipelines: 00(GETNEXT)
|
F00:PLAN FRAGMENT [RANDOM] hosts=10 instances=120
Per-Host Shared Resources: mem-estimate=2.00MB mem-reservation=2.00MB thread-reservation=0 runtime-filters-memory=2.00MB
Per-Instance Resources: mem-estimate=27.56MB mem-reservation=5.50MB thread-reservation=1
max-parallelism=170 segment-costs=[1670112835, 22667213] cpu-comparison-result=120 [max(120 (self) vs 25 (sum children))]
11:AGGREGATE [STREAMING]
|  output: sum(CAST(tpcds_partitioned_parquet_snap.store_returns.sr_return_quantity AS BIGINT))
|  group by: tpcds_partitioned_parquet_snap.item.i_item_id
|  mem-estimate=10.00MB mem-reservation=5.00MB spill-buffer=256.00KB thread-reservation=0
|  tuple-ids=12 row-size=36B cardinality=8.00M cost=23755131
|  in pipelines: 00(GETNEXT)
|
10:HASH JOIN [INNER JOIN, BROADCAST]
|  hash-table-id=10
|  hash predicates: tpcds_partitioned_parquet_snap.store_returns.sr_returned_date_sk = tpcds_partitioned_parquet_snap.date_dim_1.d_date_sk
|  fk/pk conjuncts: tpcds_partitioned_parquet_snap.store_returns.sr_returned_date_sk = tpcds_partitioned_parquet_snap.date_dim_1.d_date_sk
|  mem-estimate=0B mem-reservation=0B spill-buffer=64.00KB thread-reservation=0
|  tuple-ids=0,2,10,9 row-size=731B cardinality=9.91M cost=223298221
|  in pipelines: 00(GETNEXT), 08(OPEN)
|
|--F35:PLAN FRAGMENT [RANDOM] hosts=10 instances=10
|  |  Per-Instance Resources: mem-estimate=24.27MB mem-reservation=24.25MB thread-reservation=1 runtime-filters-memory=1.00MB
|  |  max-parallelism=10 segment-costs=[53] cpu-comparison-result=11 [max(11 (self) vs 1 (sum children))]
|  JOIN BUILD
|  |  join-table-id=10 plan-id=11 cohort-id=01
|  |  build expressions: tpcds_partitioned_parquet_snap.date_dim_1.d_date_sk
|  |  runtime filters: RF004[bloom] <- tpcds_partitioned_parquet_snap.date_dim_1.d_date_sk
|  |  mem-estimate=23.25MB mem-reservation=23.25MB spill-buffer=64.00KB thread-reservation=0 cost=23
|  |
|  46:EXCHANGE [BROADCAST]
|  |  mem-estimate=16.00KB mem-reservation=0B thread-reservation=0
|  |  tuple-ids=10,9 row-size=241B cardinality=23 cost=30
|  |  in pipelines: 08(GETNEXT)
|  |
|  F02:PLAN FRAGMENT [RANDOM] hosts=1 instances=1
|  Per-Host Shared Resources: mem-estimate=1.00MB mem-reservation=1.00MB thread-reservation=0 runtime-filters-memory=1.00MB
|  Per-Instance Resources: mem-estimate=16.97MB mem-reservation=4.00MB thread-reservation=1
|  max-parallelism=1 segment-costs=[129356]
|  09:HASH JOIN [INNER JOIN, BROADCAST]
|  |  hash-table-id=11
|  |  hash predicates: tpcds_partitioned_parquet_snap.date_dim_1.d_date = tpcds_partitioned_parquet_snap.date_dim.d_date
|  |  fk/pk conjuncts: none
|  |  mem-estimate=0B mem-reservation=0B spill-buffer=64.00KB thread-reservation=0
|  |  tuple-ids=10,9 row-size=241B cardinality=23 cost=18741
|  |  in pipelines: 08(GETNEXT), 44(OPEN)
|  |
|  |--F36:PLAN FRAGMENT [RANDOM] hosts=1 instances=1
|  |  |  Per-Instance Resources: mem-estimate=2.95MB mem-reservation=2.94MB thread-reservation=1 runtime-filters-memory=1.00MB
|  |  |  max-parallelism=1 segment-costs=[23] cpu-comparison-result=1 [max(1 (self) vs 1 (sum children))]
|  |  JOIN BUILD
|  |  |  join-table-id=11 plan-id=12 cohort-id=08
|  |  |  build expressions: tpcds_partitioned_parquet_snap.date_dim.d_date
|  |  |  runtime filters: RF008[bloom] <- tpcds_partitioned_parquet_snap.date_dim.d_date, RF009[min_max] <- tpcds_partitioned_parquet_snap.date_dim.d_date
|  |  |  mem-estimate=1.94MB mem-reservation=1.94MB spill-buffer=64.00KB thread-reservation=0 cost=21
|  |  |
|  |  45:EXCHANGE [BROADCAST]
|  |  |  mem-estimate=16.00KB mem-reservation=0B thread-reservation=0
|  |  |  tuple-ids=9 row-size=4B cardinality=21 cost=2
|  |  |  in pipelines: 44(GETNEXT)
|  |  |
|  |  F06:PLAN FRAGMENT [HASH(tpcds_partitioned_parquet_snap.date_dim.d_date)] hosts=1 instances=1
|  |  Per-Instance Resources: mem-estimate=10.03MB mem-reservation=1.94MB thread-reservation=1
|  |  max-parallelism=1 segment-costs=[62, 0] cpu-comparison-result=1 [max(1 (self) vs 1 (sum children))]
|  |  44:AGGREGATE [FINALIZE]
|  |  |  group by: tpcds_partitioned_parquet_snap.date_dim.d_date
|  |  |  mem-estimate=10.00MB mem-reservation=1.94MB spill-buffer=64.00KB thread-reservation=0
|  |  |  tuple-ids=9 row-size=4B cardinality=21 cost=60
|  |  |  in pipelines: 44(GETNEXT), 03(OPEN)
|  |  |
|  |  43:EXCHANGE [HASH(tpcds_partitioned_parquet_snap.date_dim.d_date)]
|  |  |  mem-estimate=16.00KB mem-reservation=0B thread-reservation=0
|  |  |  tuple-ids=9 row-size=4B cardinality=21 cost=2
|  |  |  in pipelines: 03(GETNEXT)
|  |  |
|  |  F03:PLAN FRAGMENT [RANDOM] hosts=1 instances=1
|  |  Per-Host Shared Resources: mem-estimate=1.00MB mem-reservation=1.00MB thread-reservation=0 runtime-filters-memory=1.00MB
|  |  Per-Instance Resources: mem-estimate=26.03MB mem-reservation=6.00MB thread-reservation=1
|  |  max-parallelism=1 segment-costs=[110669, 16] cpu-comparison-result=1 [max(1 (self) vs 1 (sum children))]
|  |  07:AGGREGATE [STREAMING]
|  |  |  group by: tpcds_partitioned_parquet_snap.date_dim.d_date
|  |  |  mem-estimate=10.00MB mem-reservation=2.00MB spill-buffer=64.00KB thread-reservation=0
|  |  |  tuple-ids=9 row-size=4B cardinality=21 cost=60
|  |  |  in pipelines: 03(GETNEXT)
|  |  |
|  |  06:HASH JOIN [INNER JOIN, BROADCAST]
|  |  |  hash-table-id=12
|  |  |  hash predicates: tpcds_partitioned_parquet_snap.date_dim.d_week_seq = tpcds_partitioned_parquet_snap.date_dim_0.d_week_seq
|  |  |  fk/pk conjuncts: none
|  |  |  mem-estimate=0B mem-reservation=0B spill-buffer=64.00KB thread-reservation=0
|  |  |  tuple-ids=4,8 row-size=241B cardinality=21 cost=9
|  |  |  in pipelines: 03(GETNEXT), 41(OPEN)
|  |  |
|  |  |--F37:PLAN FRAGMENT [RANDOM] hosts=1 instances=1
|  |  |  |  Per-Instance Resources: mem-estimate=2.95MB mem-reservation=2.94MB thread-reservation=1 runtime-filters-memory=1.00MB
|  |  |  |  max-parallelism=1 segment-costs=[3] cpu-comparison-result=1 [max(1 (self) vs 1 (sum children))]
|  |  |  JOIN BUILD
|  |  |  |  join-table-id=12 plan-id=13 cohort-id=09
|  |  |  |  build expressions: tpcds_partitioned_parquet_snap.date_dim_0.d_week_seq
|  |  |  |  runtime filters: RF010[bloom] <- tpcds_partitioned_parquet_snap.date_dim_0.d_week_seq, RF011[min_max] <- tpcds_partitioned_parquet_snap.date_dim_0.d_week_seq
|  |  |  |  mem-estimate=1.94MB mem-reservation=1.94MB spill-buffer=64.00KB thread-reservation=0 cost=3
|  |  |  |
|  |  |  42:EXCHANGE [BROADCAST]
|  |  |  |  mem-estimate=16.00KB mem-reservation=0B thread-reservation=0
|  |  |  |  tuple-ids=8 row-size=4B cardinality=3 cost=0
|  |  |  |  in pipelines: 41(GETNEXT)
|  |  |  |
|  |  |  F05:PLAN FRAGMENT [HASH(tpcds_partitioned_parquet_snap.date_dim_0.d_week_seq)] hosts=1 instances=1
|  |  |  Per-Instance Resources: mem-estimate=10.03MB mem-reservation=1.94MB thread-reservation=1
|  |  |  max-parallelism=1 segment-costs=[8, 0] cpu-comparison-result=1 [max(1 (self) vs 1 (sum children))]
|  |  |  41:AGGREGATE [FINALIZE]
|  |  |  |  group by: tpcds_partitioned_parquet_snap.date_dim_0.d_week_seq
|  |  |  |  mem-estimate=10.00MB mem-reservation=1.94MB spill-buffer=64.00KB thread-reservation=0
|  |  |  |  tuple-ids=8 row-size=4B cardinality=3 cost=8
|  |  |  |  in pipelines: 41(GETNEXT), 04(OPEN)
|  |  |  |
|  |  |  40:EXCHANGE [HASH(tpcds_partitioned_parquet_snap.date_dim_0.d_week_seq)]
|  |  |  |  mem-estimate=16.00KB mem-reservation=0B thread-reservation=0
|  |  |  |  tuple-ids=8 row-size=4B cardinality=3 cost=0
|  |  |  |  in pipelines: 04(GETNEXT)
|  |  |  |
|  |  |  F04:PLAN FRAGMENT [RANDOM] hosts=1 instances=1
|  |  |  Per-Instance Resources: mem-estimate=26.03MB mem-reservation=2.50MB thread-reservation=1
|  |  |  max-parallelism=1 segment-costs=[10475, 2]
|  |  |  05:AGGREGATE [STREAMING]
|  |  |  |  group by: tpcds_partitioned_parquet_snap.date_dim_0.d_week_seq
|  |  |  |  mem-estimate=10.00MB mem-reservation=2.00MB spill-buffer=64.00KB thread-reservation=0
|  |  |  |  tuple-ids=8 row-size=4B cardinality=3 cost=8
|  |  |  |  in pipelines: 04(GETNEXT)
|  |  |  |
|  |  |  04:SCAN HDFS [tpcds_partitioned_parquet_snap.date_dim, RANDOM]
|  |  |     HDFS partitions=1/1 files=1 size=2.17MB
|  |  |     predicates: tpcds_partitioned_parquet_snap.date_dim_0.d_date = CAST('1999-04-14' AS DATE) OR tpcds_partitioned_parquet_snap.date_dim_0.d_date = CAST('1999-09-28' AS DATE) OR tpcds_partitioned_parquet_snap.date_dim_0.d_date = CAST('1999-11-12' AS DATE)
|  |  |     stored statistics:
|  |  |       table: rows=73.05K size=2.17MB
|  |  |       columns: all
|  |  |     extrapolated-rows=disabled max-scan-range-rows=73.05K
|  |  |     parquet dictionary predicates: tpcds_partitioned_parquet_snap.date_dim_0.d_date = CAST('1999-04-14' AS DATE) OR tpcds_partitioned_parquet_snap.date_dim_0.d_date = CAST('1999-09-28' AS DATE) OR tpcds_partitioned_parquet_snap.date_dim_0.d_date = CAST('1999-11-12' AS DATE)
|  |  |     mem-estimate=16.00MB mem-reservation=512.00KB thread-reservation=0
|  |  |     tuple-ids=6 row-size=8B cardinality=3 cost=10467
|  |  |     in pipelines: 04(GETNEXT)
|  |  |
|  |  03:SCAN HDFS [tpcds_partitioned_parquet_snap.date_dim, RANDOM]
|  |     HDFS partitions=1/1 files=1 size=2.17MB
|  |     runtime filters: RF011[min_max] -> tpcds_partitioned_parquet_snap.date_dim.d_week_seq, RF010[bloom] -> tpcds_partitioned_parquet_snap.date_dim.d_week_seq
|  |     stored statistics:
|  |       table: rows=73.05K size=2.17MB
|  |       columns: all
|  |     extrapolated-rows=disabled max-scan-range-rows=73.05K
|  |     mem-estimate=16.00MB mem-reservation=4.00MB thread-reservation=0
|  |     tuple-ids=4 row-size=237B cardinality=21(filtered from 73.05K) cost=110600
|  |     in pipelines: 03(GETNEXT)
|  |
|  08:SCAN HDFS [tpcds_partitioned_parquet_snap.date_dim, RANDOM]
|     HDFS partitions=1/1 files=1 size=2.17MB
|     runtime filters: RF009[min_max] -> tpcds_partitioned_parquet_snap.date_dim_1.d_date, RF008[bloom] -> tpcds_partitioned_parquet_snap.date_dim_1.d_date
|     stored statistics:
|       table: rows=73.05K size=2.17MB
|       columns: all
|     extrapolated-rows=disabled max-scan-range-rows=73.05K
|     mem-estimate=16.00MB mem-reservation=4.00MB thread-reservation=0
|     tuple-ids=10 row-size=237B cardinality=73.05K cost=110600
|     in pipelines: 08(GETNEXT)
|
02:HASH JOIN [INNER JOIN, BROADCAST]
|  hash-table-id=13
|  hash predicates: tpcds_partitioned_parquet_snap.store_returns.sr_item_sk = tpcds_partitioned_parquet_snap.item.i_item_sk
|  fk/pk conjuncts: tpcds_partitioned_parquet_snap.store_returns.sr_item_sk = tpcds_partitioned_parquet_snap.item.i_item_sk
|  mem-estimate=0B mem-reservation=0B spill-buffer=2.00MB thread-reservation=0
|  tuple-ids=0,2 row-size=489B cardinality=863.56M cost=377978834
|  in pipelines: 00(GETNEXT), 01(OPEN)
|
|--F38:PLAN FRAGMENT [RANDOM] hosts=10 instances=10
|  |  Per-Instance Resources: mem-estimate=420.60MB mem-reservation=409.00MB thread-reservation=1 runtime-filters-memory=1.00MB
|  |  max-parallelism=10 segment-costs=[838440]
|  JOIN BUILD
|  |  join-table-id=13 plan-id=14 cohort-id=01
|  |  build expressions: tpcds_partitioned_parquet_snap.item.i_item_sk
|  |  runtime filters: RF006[bloom] <- tpcds_partitioned_parquet_snap.item.i_item_sk, RF007[min_max] <- tpcds_partitioned_parquet_snap.item.i_item_sk
|  |  mem-estimate=408.00MB mem-reservation=408.00MB spill-buffer=2.00MB thread-reservation=0 cost=360000
|  |
|  39:EXCHANGE [BROADCAST]
|  |  mem-estimate=11.60MB mem-reservation=0B thread-reservation=0
|  |  tuple-ids=2 row-size=405B cardinality=360.00K cost=478440
|  |  in pipelines: 01(GETNEXT)
|  |
|  F01:PLAN FRAGMENT [RANDOM] hosts=4 instances=4
|  Per-Instance Resources: mem-estimate=17.60MB mem-reservation=512.00KB thread-reservation=1
|  max-parallelism=4 segment-costs=[1757529]
|  01:SCAN HDFS [tpcds_partitioned_parquet_snap.item, RANDOM]
|     HDFS partitions=1/1 files=1 size=33.54MB
|     runtime filters: RF001[min_max] -> tpcds_partitioned_parquet_snap.item.i_item_id, RF003[min_max] -> tpcds_partitioned_parquet_snap.item.i_item_id
|     stored statistics:
|       table: rows=360.00K size=33.54MB
|       columns: all
|     extrapolated-rows=disabled max-scan-range-rows=101.54K
|     mem-estimate=16.00MB mem-reservation=512.00KB thread-reservation=0
|     tuple-ids=2 row-size=405B cardinality=360.00K cost=1355609
|     in pipelines: 01(GETNEXT)
|
00:SCAN HDFS [tpcds_partitioned_parquet_snap.store_returns, RANDOM]
   HDFS partitions=2004/2004 files=2004 size=48.14GB
   runtime filters: RF007[min_max] -> tpcds_partitioned_parquet_snap.store_returns.sr_item_sk, RF004[bloom] -> tpcds_partitioned_parquet_snap.store_returns.sr_returned_date_sk, RF006[bloom] -> tpcds_partitioned_parquet_snap.store_returns.sr_item_sk
   stored statistics:
     table: rows=863.99M size=48.14GB
     partitions: 2004/2004 rows=863.99M
     columns: all
   extrapolated-rows=disabled max-scan-range-rows=30.09M
   mem-estimate=16.00MB mem-reservation=512.00KB thread-reservation=0
   tuple-ids=0 row-size=84B cardinality=863.56M(filtered from 863.99M) cost=1045080649
   in pipelines: 00(GETNEXT)
---- PARALLELPLANS
Max Per-Host Resource Reservation: Memory=1.22GB Threads=62
Per-Host Resource Estimates: Memory=2.20GB
F24:PLAN FRAGMENT [UNPARTITIONED] hosts=1 instances=1
|  Per-Instance Resources: mem-estimate=4.05MB mem-reservation=4.00MB thread-reservation=1
|  max-parallelism=1 segment-costs=[835] cpu-comparison-result=280 [max(1 (self) vs 280 (sum children))]
PLAN-ROOT SINK
|  output exprs: tpcds_partitioned_parquet_snap.item.i_item_id, sum(tpcds_partitioned_parquet_snap.store_returns.sr_return_quantity), multiply(divide(CAST(divide(CAST(sum(tpcds_partitioned_parquet_snap.store_returns.sr_return_quantity) AS DOUBLE), CAST(add(add(sum(tpcds_partitioned_parquet_snap.store_returns.sr_return_quantity), sum(tpcds_partitioned_parquet_snap.catalog_returns.cr_return_quantity)), sum(tpcds_partitioned_parquet_snap.web_returns.wr_return_quantity)) AS DOUBLE)) AS DECIMAL(38,17)), CAST(3.0 AS DECIMAL(2,1))), CAST(100 AS DECIMAL(3,0))), sum(tpcds_partitioned_parquet_snap.catalog_returns.cr_return_quantity), multiply(divide(CAST(divide(CAST(sum(tpcds_partitioned_parquet_snap.catalog_returns.cr_return_quantity) AS DOUBLE), CAST(add(add(sum(tpcds_partitioned_parquet_snap.store_returns.sr_return_quantity), sum(tpcds_partitioned_parquet_snap.catalog_returns.cr_return_quantity)), sum(tpcds_partitioned_parquet_snap.web_returns.wr_return_quantity)) AS DOUBLE)) AS DECIMAL(38,17)), CAST(3.0 AS DECIMAL(2,1))), CAST(100 AS DECIMAL(3,0))), sum(tpcds_partitioned_parquet_snap.web_returns.wr_return_quantity), multiply(divide(CAST(divide(CAST(sum(tpcds_partitioned_parquet_snap.web_returns.wr_return_quantity) AS DOUBLE), CAST(add(add(sum(tpcds_partitioned_parquet_snap.store_returns.sr_return_quantity), sum(tpcds_partitioned_parquet_snap.catalog_returns.cr_return_quantity)), sum(tpcds_partitioned_parquet_snap.web_returns.wr_return_quantity)) AS DOUBLE)) AS DECIMAL(38,17)), CAST(3.0 AS DECIMAL(2,1))), CAST(100 AS DECIMAL(3,0))), divide(CAST(add(add(sum(tpcds_partitioned_parquet_snap.store_returns.sr_return_quantity), sum(tpcds_partitioned_parquet_snap.catalog_returns.cr_return_quantity)), sum(tpcds_partitioned_parquet_snap.web_returns.wr_return_quantity)) AS DECIMAL(19,0)), CAST(3.0 AS DECIMAL(2,1)))
|  mem-estimate=4.00MB mem-reservation=4.00MB spill-buffer=2.00MB thread-reservation=0 cost=800
|
69:MERGING-EXCHANGE [UNPARTITIONED]
|  order by: tpcds_partitioned_parquet_snap.item.i_item_id ASC NULLS LAST, sum(tpcds_partitioned_parquet_snap.store_returns.sr_return_quantity) ASC NULLS LAST
|  limit: 100
|  mem-estimate=55.20KB mem-reservation=0B thread-reservation=0
|  tuple-ids=39 row-size=52B cardinality=100 cost=35
|  in pipelines: 38(GETNEXT)
|
F07:PLAN FRAGMENT [HASH(tpcds_partitioned_parquet_snap.item.i_item_id)] hosts=10 instances=10 (adjusted from 120)
Per-Instance Resources: mem-estimate=24.69MB mem-reservation=1.94MB thread-reservation=1
max-parallelism=10 segment-costs=[5037101, 4016711, 167] cpu-comparison-result=280 [max(10 (self) vs 280 (sum children))]
38:TOP-N [LIMIT=100]
|  order by: tpcds_partitioned_parquet_snap.item.i_item_id ASC NULLS LAST, sum(tpcds_partitioned_parquet_snap.store_returns.sr_return_quantity) ASC NULLS LAST
|  mem-estimate=5.08KB mem-reservation=0B thread-reservation=0
|  tuple-ids=39 row-size=52B cardinality=100 cost=3746309
|  in pipelines: 38(GETNEXT), 48(OPEN)
|
37:HASH JOIN [INNER JOIN, PARTITIONED]
|  hash-table-id=00
|  hash predicates: tpcds_partitioned_parquet_snap.item.i_item_id = tpcds_partitioned_parquet_snap.item_1.i_item_id
|  fk/pk conjuncts: none
|  mem-estimate=0B mem-reservation=0B spill-buffer=128.00KB thread-reservation=0
|  tuple-ids=12,25,38 row-size=108B cardinality=360.00K cost=157572
|  in pipelines: 48(GETNEXT), 68(OPEN)
|
|--F25:PLAN FRAGMENT [HASH(tpcds_partitioned_parquet_snap.item.i_item_id)] hosts=10 instances=10 (adjusted from 120)
|  |  Per-Instance Resources: mem-estimate=31.30MB mem-reservation=19.88MB thread-reservation=1
|  |  max-parallelism=10 segment-costs=[2951302, 185571] cpu-comparison-result=110 [max(10 (self) vs 110 (sum children))]
|  JOIN BUILD
|  |  join-table-id=00 plan-id=01 cohort-id=01
|  |  build expressions: tpcds_partitioned_parquet_snap.item_1.i_item_id
|  |  runtime filters: RF001[min_max] <- tpcds_partitioned_parquet_snap.item_1.i_item_id
|  |  mem-estimate=2.88MB mem-reservation=2.88MB spill-buffer=128.00KB thread-reservation=0 cost=185571
|  |
|  68:AGGREGATE [FINALIZE]
|  |  output: sum:merge(tpcds_partitioned_parquet_snap.catalog_returns.cr_return_quantity)
|  |  group by: tpcds_partitioned_parquet_snap.item_1.i_item_id
|  |  mem-estimate=17.00MB mem-reservation=17.00MB spill-buffer=1.00MB thread-reservation=0
|  |  tuple-ids=38 row-size=36B cardinality=185.57K cost=1751808
|  |  in pipelines: 68(GETNEXT), 25(OPEN)
|  |
|  67:EXCHANGE [HASH(tpcds_partitioned_parquet_snap.item_1.i_item_id)]
|  |  mem-estimate=14.30MB mem-reservation=0B thread-reservation=0
|  |  tuple-ids=38 row-size=36B cardinality=4.33M cost=1199494
|  |  in pipelines: 25(GETNEXT)
|  |
|  F16:PLAN FRAGMENT [RANDOM] hosts=10 instances=110 (adjusted from 120)
|  Per-Host Shared Resources: mem-estimate=1.00MB mem-reservation=1.00MB thread-reservation=0 runtime-filters-memory=1.00MB
|  Per-Instance Resources: mem-estimate=27.56MB mem-reservation=3.20MB thread-reservation=1
|  max-parallelism=110 segment-costs=[1010099277, 12283656] cpu-comparison-result=110 [max(110 (self) vs 25 (sum children))]
|  36:AGGREGATE [STREAMING]
|  |  output: sum(CAST(tpcds_partitioned_parquet_snap.catalog_returns.cr_return_quantity AS BIGINT))
|  |  group by: tpcds_partitioned_parquet_snap.item_1.i_item_id
|  |  mem-estimate=10.00MB mem-reservation=3.00MB spill-buffer=128.00KB thread-reservation=0
|  |  tuple-ids=38 row-size=36B cardinality=4.33M cost=12712378
|  |  in pipelines: 25(GETNEXT)
|  |
|  35:HASH JOIN [INNER JOIN, BROADCAST]
|  |  hash-table-id=01
|  |  hash predicates: tpcds_partitioned_parquet_snap.catalog_returns.cr_returned_date_sk = tpcds_partitioned_parquet_snap.date_dim_7.d_date_sk
|  |  fk/pk conjuncts: tpcds_partitioned_parquet_snap.catalog_returns.cr_returned_date_sk = tpcds_partitioned_parquet_snap.date_dim_7.d_date_sk
|  |  mem-estimate=0B mem-reservation=0B spill-buffer=64.00KB thread-reservation=0
|  |  tuple-ids=26,28,36,35 row-size=759B cardinality=4.82M cost=111630559
|  |  in pipelines: 25(GETNEXT), 33(OPEN)
|  |
|  |--F26:PLAN FRAGMENT [RANDOM] hosts=10 instances=10
|  |  |  Per-Instance Resources: mem-estimate=22.33MB mem-reservation=22.31MB thread-reservation=1 runtime-filters-memory=1.00MB
|  |  |  max-parallelism=10 segment-costs=[53] cpu-comparison-result=11 [max(11 (self) vs 1 (sum children))]
|  |  JOIN BUILD
|  |  |  join-table-id=01 plan-id=02 cohort-id=02
|  |  |  build expressions: tpcds_partitioned_parquet_snap.date_dim_7.d_date_sk
|  |  |  runtime filters: RF020[bloom] <- tpcds_partitioned_parquet_snap.date_dim_7.d_date_sk
|  |  |  mem-estimate=21.31MB mem-reservation=21.31MB spill-buffer=64.00KB thread-reservation=0 cost=23
|  |  |
|  |  66:EXCHANGE [BROADCAST]
|  |  |  mem-estimate=16.00KB mem-reservation=0B thread-reservation=0
|  |  |  tuple-ids=36,35 row-size=241B cardinality=23 cost=30
|  |  |  in pipelines: 33(GETNEXT)
|  |  |
|  |  F18:PLAN FRAGMENT [RANDOM] hosts=1 instances=1
|  |  Per-Host Shared Resources: mem-estimate=1.00MB mem-reservation=1.00MB thread-reservation=0 runtime-filters-memory=1.00MB
|  |  Per-Instance Resources: mem-estimate=16.97MB mem-reservation=4.00MB thread-reservation=1
|  |  max-parallelism=1 segment-costs=[129356]
|  |  34:HASH JOIN [INNER JOIN, BROADCAST]
|  |  |  hash-table-id=02
|  |  |  hash predicates: tpcds_partitioned_parquet_snap.date_dim_7.d_date = tpcds_partitioned_parquet_snap.date_dim_5.d_date
|  |  |  fk/pk conjuncts: none
|  |  |  mem-estimate=0B mem-reservation=0B spill-buffer=64.00KB thread-reservation=0
|  |  |  tuple-ids=36,35 row-size=241B cardinality=23 cost=18741
|  |  |  in pipelines: 33(GETNEXT), 64(OPEN)
|  |  |
|  |  |--F27:PLAN FRAGMENT [RANDOM] hosts=1 instances=1
|  |  |  |  Per-Instance Resources: mem-estimate=2.95MB mem-reservation=2.94MB thread-reservation=1 runtime-filters-memory=1.00MB
|  |  |  |  max-parallelism=1 segment-costs=[23] cpu-comparison-result=1 [max(1 (self) vs 1 (sum children))]
|  |  |  JOIN BUILD
|  |  |  |  join-table-id=02 plan-id=03 cohort-id=03
|  |  |  |  build expressions: tpcds_partitioned_parquet_snap.date_dim_5.d_date
|  |  |  |  runtime filters: RF024[bloom] <- tpcds_partitioned_parquet_snap.date_dim_5.d_date, RF025[min_max] <- tpcds_partitioned_parquet_snap.date_dim_5.d_date
|  |  |  |  mem-estimate=1.94MB mem-reservation=1.94MB spill-buffer=64.00KB thread-reservation=0 cost=21
|  |  |  |
|  |  |  65:EXCHANGE [BROADCAST]
|  |  |  |  mem-estimate=16.00KB mem-reservation=0B thread-reservation=0
|  |  |  |  tuple-ids=35 row-size=4B cardinality=21 cost=2
|  |  |  |  in pipelines: 64(GETNEXT)
|  |  |  |
|  |  |  F22:PLAN FRAGMENT [HASH(tpcds_partitioned_parquet_snap.date_dim_5.d_date)] hosts=1 instances=1
|  |  |  Per-Instance Resources: mem-estimate=10.03MB mem-reservation=1.94MB thread-reservation=1
|  |  |  max-parallelism=1 segment-costs=[62, 0] cpu-comparison-result=1 [max(1 (self) vs 1 (sum children))]
|  |  |  64:AGGREGATE [FINALIZE]
|  |  |  |  group by: tpcds_partitioned_parquet_snap.date_dim_5.d_date
|  |  |  |  mem-estimate=10.00MB mem-reservation=1.94MB spill-buffer=64.00KB thread-reservation=0
|  |  |  |  tuple-ids=35 row-size=4B cardinality=21 cost=60
|  |  |  |  in pipelines: 64(GETNEXT), 28(OPEN)
|  |  |  |
|  |  |  63:EXCHANGE [HASH(tpcds_partitioned_parquet_snap.date_dim_5.d_date)]
|  |  |  |  mem-estimate=16.00KB mem-reservation=0B thread-reservation=0
|  |  |  |  tuple-ids=35 row-size=4B cardinality=21 cost=2
|  |  |  |  in pipelines: 28(GETNEXT)
|  |  |  |
|  |  |  F19:PLAN FRAGMENT [RANDOM] hosts=1 instances=1
|  |  |  Per-Host Shared Resources: mem-estimate=1.00MB mem-reservation=1.00MB thread-reservation=0 runtime-filters-memory=1.00MB
|  |  |  Per-Instance Resources: mem-estimate=26.03MB mem-reservation=6.00MB thread-reservation=1
|  |  |  max-parallelism=1 segment-costs=[110669, 16] cpu-comparison-result=1 [max(1 (self) vs 1 (sum children))]
|  |  |  32:AGGREGATE [STREAMING]
|  |  |  |  group by: tpcds_partitioned_parquet_snap.date_dim_5.d_date
|  |  |  |  mem-estimate=10.00MB mem-reservation=2.00MB spill-buffer=64.00KB thread-reservation=0
|  |  |  |  tuple-ids=35 row-size=4B cardinality=21 cost=60
|  |  |  |  in pipelines: 28(GETNEXT)
|  |  |  |
|  |  |  31:HASH JOIN [INNER JOIN, BROADCAST]
|  |  |  |  hash-table-id=03
|  |  |  |  hash predicates: tpcds_partitioned_parquet_snap.date_dim_5.d_week_seq = tpcds_partitioned_parquet_snap.date_dim_6.d_week_seq
|  |  |  |  fk/pk conjuncts: none
|  |  |  |  mem-estimate=0B mem-reservation=0B spill-buffer=64.00KB thread-reservation=0
|  |  |  |  tuple-ids=30,34 row-size=241B cardinality=21 cost=9
|  |  |  |  in pipelines: 28(GETNEXT), 61(OPEN)
|  |  |  |
|  |  |  |--F28:PLAN FRAGMENT [RANDOM] hosts=1 instances=1
|  |  |  |  |  Per-Instance Resources: mem-estimate=2.95MB mem-reservation=2.94MB thread-reservation=1 runtime-filters-memory=1.00MB
|  |  |  |  |  max-parallelism=1 segment-costs=[3] cpu-comparison-result=1 [max(1 (self) vs 1 (sum children))]
|  |  |  |  JOIN BUILD
|  |  |  |  |  join-table-id=03 plan-id=04 cohort-id=04
|  |  |  |  |  build expressions: tpcds_partitioned_parquet_snap.date_dim_6.d_week_seq
|  |  |  |  |  runtime filters: RF026[bloom] <- tpcds_partitioned_parquet_snap.date_dim_6.d_week_seq, RF027[min_max] <- tpcds_partitioned_parquet_snap.date_dim_6.d_week_seq
|  |  |  |  |  mem-estimate=1.94MB mem-reservation=1.94MB spill-buffer=64.00KB thread-reservation=0 cost=3
|  |  |  |  |
|  |  |  |  62:EXCHANGE [BROADCAST]
|  |  |  |  |  mem-estimate=16.00KB mem-reservation=0B thread-reservation=0
|  |  |  |  |  tuple-ids=34 row-size=4B cardinality=3 cost=0
|  |  |  |  |  in pipelines: 61(GETNEXT)
|  |  |  |  |
|  |  |  |  F21:PLAN FRAGMENT [HASH(tpcds_partitioned_parquet_snap.date_dim_6.d_week_seq)] hosts=1 instances=1
|  |  |  |  Per-Instance Resources: mem-estimate=10.03MB mem-reservation=1.94MB thread-reservation=1
|  |  |  |  max-parallelism=1 segment-costs=[8, 0] cpu-comparison-result=1 [max(1 (self) vs 1 (sum children))]
|  |  |  |  61:AGGREGATE [FINALIZE]
|  |  |  |  |  group by: tpcds_partitioned_parquet_snap.date_dim_6.d_week_seq
|  |  |  |  |  mem-estimate=10.00MB mem-reservation=1.94MB spill-buffer=64.00KB thread-reservation=0
|  |  |  |  |  tuple-ids=34 row-size=4B cardinality=3 cost=8
|  |  |  |  |  in pipelines: 61(GETNEXT), 29(OPEN)
|  |  |  |  |
|  |  |  |  60:EXCHANGE [HASH(tpcds_partitioned_parquet_snap.date_dim_6.d_week_seq)]
|  |  |  |  |  mem-estimate=16.00KB mem-reservation=0B thread-reservation=0
|  |  |  |  |  tuple-ids=34 row-size=4B cardinality=3 cost=0
|  |  |  |  |  in pipelines: 29(GETNEXT)
|  |  |  |  |
|  |  |  |  F20:PLAN FRAGMENT [RANDOM] hosts=1 instances=1
|  |  |  |  Per-Instance Resources: mem-estimate=26.03MB mem-reservation=2.50MB thread-reservation=1
|  |  |  |  max-parallelism=1 segment-costs=[10475, 2]
|  |  |  |  30:AGGREGATE [STREAMING]
|  |  |  |  |  group by: tpcds_partitioned_parquet_snap.date_dim_6.d_week_seq
|  |  |  |  |  mem-estimate=10.00MB mem-reservation=2.00MB spill-buffer=64.00KB thread-reservation=0
|  |  |  |  |  tuple-ids=34 row-size=4B cardinality=3 cost=8
|  |  |  |  |  in pipelines: 29(GETNEXT)
|  |  |  |  |
|  |  |  |  29:SCAN HDFS [tpcds_partitioned_parquet_snap.date_dim, RANDOM]
|  |  |  |     HDFS partitions=1/1 files=1 size=2.17MB
|  |  |  |     predicates: tpcds_partitioned_parquet_snap.date_dim_6.d_date = CAST('1999-04-14' AS DATE) OR tpcds_partitioned_parquet_snap.date_dim_6.d_date = CAST('1999-09-28' AS DATE) OR tpcds_partitioned_parquet_snap.date_dim_6.d_date = CAST('1999-11-12' AS DATE)
|  |  |  |     stored statistics:
|  |  |  |       table: rows=73.05K size=2.17MB
|  |  |  |       columns: all
|  |  |  |     extrapolated-rows=disabled max-scan-range-rows=73.05K
|  |  |  |     parquet dictionary predicates: tpcds_partitioned_parquet_snap.date_dim_6.d_date = CAST('1999-04-14' AS DATE) OR tpcds_partitioned_parquet_snap.date_dim_6.d_date = CAST('1999-09-28' AS DATE) OR tpcds_partitioned_parquet_snap.date_dim_6.d_date = CAST('1999-11-12' AS DATE)
|  |  |  |     mem-estimate=16.00MB mem-reservation=512.00KB thread-reservation=0
|  |  |  |     tuple-ids=32 row-size=8B cardinality=3 cost=10467
|  |  |  |     in pipelines: 29(GETNEXT)
|  |  |  |
|  |  |  28:SCAN HDFS [tpcds_partitioned_parquet_snap.date_dim, RANDOM]
|  |  |     HDFS partitions=1/1 files=1 size=2.17MB
|  |  |     runtime filters: RF027[min_max] -> tpcds_partitioned_parquet_snap.date_dim_5.d_week_seq, RF026[bloom] -> tpcds_partitioned_parquet_snap.date_dim_5.d_week_seq
|  |  |     stored statistics:
|  |  |       table: rows=73.05K size=2.17MB
|  |  |       columns: all
|  |  |     extrapolated-rows=disabled max-scan-range-rows=73.05K
|  |  |     mem-estimate=16.00MB mem-reservation=4.00MB thread-reservation=0
|  |  |     tuple-ids=30 row-size=237B cardinality=21(filtered from 73.05K) cost=110600
|  |  |     in pipelines: 28(GETNEXT)
|  |  |
|  |  33:SCAN HDFS [tpcds_partitioned_parquet_snap.date_dim, RANDOM]
|  |     HDFS partitions=1/1 files=1 size=2.17MB
|  |     runtime filters: RF025[min_max] -> tpcds_partitioned_parquet_snap.date_dim_7.d_date, RF024[bloom] -> tpcds_partitioned_parquet_snap.date_dim_7.d_date
|  |     stored statistics:
|  |       table: rows=73.05K size=2.17MB
|  |       columns: all
|  |     extrapolated-rows=disabled max-scan-range-rows=73.05K
|  |     mem-estimate=16.00MB mem-reservation=4.00MB thread-reservation=0
|  |     tuple-ids=36 row-size=237B cardinality=73.05K cost=110600
|  |     in pipelines: 33(GETNEXT)
|  |
|  27:HASH JOIN [INNER JOIN, BROADCAST]
|  |  hash-table-id=04
|  |  hash predicates: tpcds_partitioned_parquet_snap.catalog_returns.cr_item_sk = tpcds_partitioned_parquet_snap.item_1.i_item_sk
|  |  fk/pk conjuncts: tpcds_partitioned_parquet_snap.catalog_returns.cr_item_sk = tpcds_partitioned_parquet_snap.item_1.i_item_sk
|  |  mem-estimate=0B mem-reservation=0B spill-buffer=2.00MB thread-reservation=0
|  |  tuple-ids=26,28 row-size=517B cardinality=431.80M(filtered from 431.80M) cost=188999337
|  |  in pipelines: 25(GETNEXT), 26(OPEN)
|  |
|  |--F29:PLAN FRAGMENT [RANDOM] hosts=10 instances=10
|  |  |  Per-Instance Resources: mem-estimate=385.60MB mem-reservation=374.00MB thread-reservation=1
|  |  |  max-parallelism=10 segment-costs=[838440]
|  |  JOIN BUILD
|  |  |  join-table-id=04 plan-id=05 cohort-id=02
|  |  |  build expressions: tpcds_partitioned_parquet_snap.item_1.i_item_sk
|  |  |  runtime filters: RF023[min_max] <- tpcds_partitioned_parquet_snap.item_1.i_item_sk
|  |  |  mem-estimate=374.00MB mem-reservation=374.00MB spill-buffer=2.00MB thread-reservation=0 cost=360000
|  |  |
|  |  59:EXCHANGE [BROADCAST]
|  |  |  mem-estimate=11.60MB mem-reservation=0B thread-reservation=0
|  |  |  tuple-ids=28 row-size=405B cardinality=360.00K cost=478440
|  |  |  in pipelines: 26(GETNEXT)
|  |  |
|  |  F17:PLAN FRAGMENT [RANDOM] hosts=4 instances=4
|  |  Per-Instance Resources: mem-estimate=17.60MB mem-reservation=512.00KB thread-reservation=1
|  |  max-parallelism=4 segment-costs=[1757529]
|  |  26:SCAN HDFS [tpcds_partitioned_parquet_snap.item, RANDOM]
|  |     HDFS partitions=1/1 files=1 size=33.54MB
|  |     stored statistics:
|  |       table: rows=360.00K size=33.54MB
|  |       columns: all
|  |     extrapolated-rows=disabled max-scan-range-rows=101.54K
|  |     mem-estimate=16.00MB mem-reservation=512.00KB thread-reservation=0
|  |     tuple-ids=28 row-size=405B cardinality=360.00K cost=1355609
|  |     in pipelines: 26(GETNEXT)
|  |
|  25:SCAN HDFS [tpcds_partitioned_parquet_snap.catalog_returns, RANDOM]
|     HDFS partitions=2060/2060 files=2060 size=32.77GB
|     runtime filters: RF023[min_max] -> tpcds_partitioned_parquet_snap.catalog_returns.cr_item_sk, RF020[bloom] -> tpcds_partitioned_parquet_snap.catalog_returns.cr_returned_date_sk
|     stored statistics:
|       table: rows=432.02M size=32.77GB
|       partitions: 2060/2060 rows=432.02M
|       columns: all
|     extrapolated-rows=disabled max-scan-range-rows=416.82K
|     mem-estimate=16.00MB mem-reservation=208.00KB thread-reservation=0
|     tuple-ids=26 row-size=112B cardinality=431.80M(filtered from 432.02M) cost=696757003
|     in pipelines: 25(GETNEXT)
|
24:HASH JOIN [INNER JOIN, PARTITIONED]
|  hash-table-id=05
|  hash predicates: tpcds_partitioned_parquet_snap.item.i_item_id = tpcds_partitioned_parquet_snap.item_0.i_item_id
|  fk/pk conjuncts: none
|  mem-estimate=0B mem-reservation=0B spill-buffer=128.00KB thread-reservation=0
|  tuple-ids=12,25 row-size=72B cardinality=360.00K cost=112830
|  in pipelines: 48(GETNEXT), 58(OPEN)
|
|--F30:PLAN FRAGMENT [HASH(tpcds_partitioned_parquet_snap.item.i_item_id)] hosts=10 instances=10 (adjusted from 120)
|  |  Per-Instance Resources: mem-estimate=26.61MB mem-reservation=19.88MB thread-reservation=1
|  |  max-parallelism=10 segment-costs=[1752771, 185571] cpu-comparison-result=50 [max(10 (self) vs 50 (sum children))]
|  JOIN BUILD
|  |  join-table-id=05 plan-id=06 cohort-id=01
|  |  build expressions: tpcds_partitioned_parquet_snap.item_0.i_item_id
|  |  runtime filters: RF003[min_max] <- tpcds_partitioned_parquet_snap.item_0.i_item_id
|  |  mem-estimate=2.88MB mem-reservation=2.88MB spill-buffer=128.00KB thread-reservation=0 cost=185571
|  |
|  58:AGGREGATE [FINALIZE]
|  |  output: sum:merge(tpcds_partitioned_parquet_snap.web_returns.wr_return_quantity)
|  |  group by: tpcds_partitioned_parquet_snap.item_0.i_item_id
|  |  mem-estimate=17.00MB mem-reservation=17.00MB spill-buffer=1.00MB thread-reservation=0
|  |  tuple-ids=25 row-size=36B cardinality=185.57K cost=1135908
|  |  in pipelines: 58(GETNEXT), 12(OPEN)
|  |
|  57:EXCHANGE [HASH(tpcds_partitioned_parquet_snap.item_0.i_item_id)]
|  |  mem-estimate=9.61MB mem-reservation=0B thread-reservation=0
|  |  tuple-ids=25 row-size=36B cardinality=2.23M cost=616863
|  |  in pipelines: 12(GETNEXT)
|  |
|  F08:PLAN FRAGMENT [RANDOM] hosts=10 instances=50 (adjusted from 120)
|  Per-Host Shared Resources: mem-estimate=1.00MB mem-reservation=1.00MB thread-reservation=0 runtime-filters-memory=1.00MB
|  Per-Instance Resources: mem-estimate=27.56MB mem-reservation=3.25MB thread-reservation=1
|  max-parallelism=50 segment-costs=[467843056, 6317114] cpu-comparison-result=50 [max(50 (self) vs 25 (sum children))]
|  23:AGGREGATE [STREAMING]
|  |  output: sum(CAST(tpcds_partitioned_parquet_snap.web_returns.wr_return_quantity AS BIGINT))
|  |  group by: tpcds_partitioned_parquet_snap.item_0.i_item_id
|  |  mem-estimate=10.00MB mem-reservation=3.00MB spill-buffer=128.00KB thread-reservation=0
|  |  tuple-ids=25 row-size=36B cardinality=2.23M cost=6499441
|  |  in pipelines: 12(GETNEXT)
|  |
|  22:HASH JOIN [INNER JOIN, BROADCAST]
|  |  hash-table-id=06
|  |  hash predicates: tpcds_partitioned_parquet_snap.web_returns.wr_returned_date_sk = tpcds_partitioned_parquet_snap.date_dim_4.d_date_sk
|  |  fk/pk conjuncts: tpcds_partitioned_parquet_snap.web_returns.wr_returned_date_sk = tpcds_partitioned_parquet_snap.date_dim_4.d_date_sk
|  |  mem-estimate=0B mem-reservation=0B spill-buffer=64.00KB thread-reservation=0
|  |  tuple-ids=13,15,23,22 row-size=747B cardinality=2.35M cost=55802621
|  |  in pipelines: 12(GETNEXT), 20(OPEN)
|  |
|  |--F31:PLAN FRAGMENT [RANDOM] hosts=10 instances=10
|  |  |  Per-Instance Resources: mem-estimate=10.70MB mem-reservation=10.69MB thread-reservation=1 runtime-filters-memory=1.00MB
|  |  |  max-parallelism=10 segment-costs=[53] cpu-comparison-result=11 [max(11 (self) vs 1 (sum children))]
|  |  JOIN BUILD
|  |  |  join-table-id=06 plan-id=07 cohort-id=05
|  |  |  build expressions: tpcds_partitioned_parquet_snap.date_dim_4.d_date_sk
|  |  |  runtime filters: RF012[bloom] <- tpcds_partitioned_parquet_snap.date_dim_4.d_date_sk
|  |  |  mem-estimate=9.69MB mem-reservation=9.69MB spill-buffer=64.00KB thread-reservation=0 cost=23
|  |  |
|  |  56:EXCHANGE [BROADCAST]
|  |  |  mem-estimate=16.00KB mem-reservation=0B thread-reservation=0
|  |  |  tuple-ids=23,22 row-size=241B cardinality=23 cost=30
|  |  |  in pipelines: 20(GETNEXT)
|  |  |
|  |  F10:PLAN FRAGMENT [RANDOM] hosts=1 instances=1
|  |  Per-Host Shared Resources: mem-estimate=1.00MB mem-reservation=1.00MB thread-reservation=0 runtime-filters-memory=1.00MB
|  |  Per-Instance Resources: mem-estimate=16.97MB mem-reservation=4.00MB thread-reservation=1
|  |  max-parallelism=1 segment-costs=[129356]
|  |  21:HASH JOIN [INNER JOIN, BROADCAST]
|  |  |  hash-table-id=07
|  |  |  hash predicates: tpcds_partitioned_parquet_snap.date_dim_4.d_date = tpcds_partitioned_parquet_snap.date_dim_2.d_date
|  |  |  fk/pk conjuncts: none
|  |  |  mem-estimate=0B mem-reservation=0B spill-buffer=64.00KB thread-reservation=0
|  |  |  tuple-ids=23,22 row-size=241B cardinality=23 cost=18741
|  |  |  in pipelines: 20(GETNEXT), 54(OPEN)
|  |  |
|  |  |--F32:PLAN FRAGMENT [RANDOM] hosts=1 instances=1
|  |  |  |  Per-Instance Resources: mem-estimate=2.95MB mem-reservation=2.94MB thread-reservation=1 runtime-filters-memory=1.00MB
|  |  |  |  max-parallelism=1 segment-costs=[23] cpu-comparison-result=1 [max(1 (self) vs 1 (sum children))]
|  |  |  JOIN BUILD
|  |  |  |  join-table-id=07 plan-id=08 cohort-id=06
|  |  |  |  build expressions: tpcds_partitioned_parquet_snap.date_dim_2.d_date
|  |  |  |  runtime filters: RF016[bloom] <- tpcds_partitioned_parquet_snap.date_dim_2.d_date, RF017[min_max] <- tpcds_partitioned_parquet_snap.date_dim_2.d_date
|  |  |  |  mem-estimate=1.94MB mem-reservation=1.94MB spill-buffer=64.00KB thread-reservation=0 cost=21
|  |  |  |
|  |  |  55:EXCHANGE [BROADCAST]
|  |  |  |  mem-estimate=16.00KB mem-reservation=0B thread-reservation=0
|  |  |  |  tuple-ids=22 row-size=4B cardinality=21 cost=2
|  |  |  |  in pipelines: 54(GETNEXT)
|  |  |  |
|  |  |  F14:PLAN FRAGMENT [HASH(tpcds_partitioned_parquet_snap.date_dim_2.d_date)] hosts=1 instances=1
|  |  |  Per-Instance Resources: mem-estimate=10.03MB mem-reservation=1.94MB thread-reservation=1
|  |  |  max-parallelism=1 segment-costs=[62, 0] cpu-comparison-result=1 [max(1 (self) vs 1 (sum children))]
|  |  |  54:AGGREGATE [FINALIZE]
|  |  |  |  group by: tpcds_partitioned_parquet_snap.date_dim_2.d_date
|  |  |  |  mem-estimate=10.00MB mem-reservation=1.94MB spill-buffer=64.00KB thread-reservation=0
|  |  |  |  tuple-ids=22 row-size=4B cardinality=21 cost=60
|  |  |  |  in pipelines: 54(GETNEXT), 15(OPEN)
|  |  |  |
|  |  |  53:EXCHANGE [HASH(tpcds_partitioned_parquet_snap.date_dim_2.d_date)]
|  |  |  |  mem-estimate=16.00KB mem-reservation=0B thread-reservation=0
|  |  |  |  tuple-ids=22 row-size=4B cardinality=21 cost=2
|  |  |  |  in pipelines: 15(GETNEXT)
|  |  |  |
|  |  |  F11:PLAN FRAGMENT [RANDOM] hosts=1 instances=1
|  |  |  Per-Host Shared Resources: mem-estimate=1.00MB mem-reservation=1.00MB thread-reservation=0 runtime-filters-memory=1.00MB
|  |  |  Per-Instance Resources: mem-estimate=26.03MB mem-reservation=6.00MB thread-reservation=1
|  |  |  max-parallelism=1 segment-costs=[110669, 16] cpu-comparison-result=1 [max(1 (self) vs 1 (sum children))]
|  |  |  19:AGGREGATE [STREAMING]
|  |  |  |  group by: tpcds_partitioned_parquet_snap.date_dim_2.d_date
|  |  |  |  mem-estimate=10.00MB mem-reservation=2.00MB spill-buffer=64.00KB thread-reservation=0
|  |  |  |  tuple-ids=22 row-size=4B cardinality=21 cost=60
|  |  |  |  in pipelines: 15(GETNEXT)
|  |  |  |
|  |  |  18:HASH JOIN [INNER JOIN, BROADCAST]
|  |  |  |  hash-table-id=08
|  |  |  |  hash predicates: tpcds_partitioned_parquet_snap.date_dim_2.d_week_seq = tpcds_partitioned_parquet_snap.date_dim_3.d_week_seq
|  |  |  |  fk/pk conjuncts: none
|  |  |  |  mem-estimate=0B mem-reservation=0B spill-buffer=64.00KB thread-reservation=0
|  |  |  |  tuple-ids=17,21 row-size=241B cardinality=21 cost=9
|  |  |  |  in pipelines: 15(GETNEXT), 51(OPEN)
|  |  |  |
|  |  |  |--F33:PLAN FRAGMENT [RANDOM] hosts=1 instances=1
|  |  |  |  |  Per-Instance Resources: mem-estimate=2.95MB mem-reservation=2.94MB thread-reservation=1 runtime-filters-memory=1.00MB
|  |  |  |  |  max-parallelism=1 segment-costs=[3] cpu-comparison-result=1 [max(1 (self) vs 1 (sum children))]
|  |  |  |  JOIN BUILD
|  |  |  |  |  join-table-id=08 plan-id=09 cohort-id=07
|  |  |  |  |  build expressions: tpcds_partitioned_parquet_snap.date_dim_3.d_week_seq
|  |  |  |  |  runtime filters: RF018[bloom] <- tpcds_partitioned_parquet_snap.date_dim_3.d_week_seq, RF019[min_max] <- tpcds_partitioned_parquet_snap.date_dim_3.d_week_seq
|  |  |  |  |  mem-estimate=1.94MB mem-reservation=1.94MB spill-buffer=64.00KB thread-reservation=0 cost=3
|  |  |  |  |
|  |  |  |  52:EXCHANGE [BROADCAST]
|  |  |  |  |  mem-estimate=16.00KB mem-reservation=0B thread-reservation=0
|  |  |  |  |  tuple-ids=21 row-size=4B cardinality=3 cost=0
|  |  |  |  |  in pipelines: 51(GETNEXT)
|  |  |  |  |
|  |  |  |  F13:PLAN FRAGMENT [HASH(tpcds_partitioned_parquet_snap.date_dim_3.d_week_seq)] hosts=1 instances=1
|  |  |  |  Per-Instance Resources: mem-estimate=10.03MB mem-reservation=1.94MB thread-reservation=1
|  |  |  |  max-parallelism=1 segment-costs=[8, 0] cpu-comparison-result=1 [max(1 (self) vs 1 (sum children))]
|  |  |  |  51:AGGREGATE [FINALIZE]
|  |  |  |  |  group by: tpcds_partitioned_parquet_snap.date_dim_3.d_week_seq
|  |  |  |  |  mem-estimate=10.00MB mem-reservation=1.94MB spill-buffer=64.00KB thread-reservation=0
|  |  |  |  |  tuple-ids=21 row-size=4B cardinality=3 cost=8
|  |  |  |  |  in pipelines: 51(GETNEXT), 16(OPEN)
|  |  |  |  |
|  |  |  |  50:EXCHANGE [HASH(tpcds_partitioned_parquet_snap.date_dim_3.d_week_seq)]
|  |  |  |  |  mem-estimate=16.00KB mem-reservation=0B thread-reservation=0
|  |  |  |  |  tuple-ids=21 row-size=4B cardinality=3 cost=0
|  |  |  |  |  in pipelines: 16(GETNEXT)
|  |  |  |  |
|  |  |  |  F12:PLAN FRAGMENT [RANDOM] hosts=1 instances=1
|  |  |  |  Per-Instance Resources: mem-estimate=26.03MB mem-reservation=2.50MB thread-reservation=1
|  |  |  |  max-parallelism=1 segment-costs=[10475, 2]
|  |  |  |  17:AGGREGATE [STREAMING]
|  |  |  |  |  group by: tpcds_partitioned_parquet_snap.date_dim_3.d_week_seq
|  |  |  |  |  mem-estimate=10.00MB mem-reservation=2.00MB spill-buffer=64.00KB thread-reservation=0
|  |  |  |  |  tuple-ids=21 row-size=4B cardinality=3 cost=8
|  |  |  |  |  in pipelines: 16(GETNEXT)
|  |  |  |  |
|  |  |  |  16:SCAN HDFS [tpcds_partitioned_parquet_snap.date_dim, RANDOM]
|  |  |  |     HDFS partitions=1/1 files=1 size=2.17MB
|  |  |  |     predicates: tpcds_partitioned_parquet_snap.date_dim_3.d_date = CAST('1999-04-14' AS DATE) OR tpcds_partitioned_parquet_snap.date_dim_3.d_date = CAST('1999-09-28' AS DATE) OR tpcds_partitioned_parquet_snap.date_dim_3.d_date = CAST('1999-11-12' AS DATE)
|  |  |  |     stored statistics:
|  |  |  |       table: rows=73.05K size=2.17MB
|  |  |  |       columns: all
|  |  |  |     extrapolated-rows=disabled max-scan-range-rows=73.05K
|  |  |  |     parquet dictionary predicates: tpcds_partitioned_parquet_snap.date_dim_3.d_date = CAST('1999-04-14' AS DATE) OR tpcds_partitioned_parquet_snap.date_dim_3.d_date = CAST('1999-09-28' AS DATE) OR tpcds_partitioned_parquet_snap.date_dim_3.d_date = CAST('1999-11-12' AS DATE)
|  |  |  |     mem-estimate=16.00MB mem-reservation=512.00KB thread-reservation=0
|  |  |  |     tuple-ids=19 row-size=8B cardinality=3 cost=10467
|  |  |  |     in pipelines: 16(GETNEXT)
|  |  |  |
|  |  |  15:SCAN HDFS [tpcds_partitioned_parquet_snap.date_dim, RANDOM]
|  |  |     HDFS partitions=1/1 files=1 size=2.17MB
|  |  |     runtime filters: RF019[min_max] -> tpcds_partitioned_parquet_snap.date_dim_2.d_week_seq, RF018[bloom] -> tpcds_partitioned_parquet_snap.date_dim_2.d_week_seq
|  |  |     stored statistics:
|  |  |       table: rows=73.05K size=2.17MB
|  |  |       columns: all
|  |  |     extrapolated-rows=disabled max-scan-range-rows=73.05K
|  |  |     mem-estimate=16.00MB mem-reservation=4.00MB thread-reservation=0
|  |  |     tuple-ids=17 row-size=237B cardinality=21(filtered from 73.05K) cost=110600
|  |  |     in pipelines: 15(GETNEXT)
|  |  |
|  |  20:SCAN HDFS [tpcds_partitioned_parquet_snap.date_dim, RANDOM]
|  |     HDFS partitions=1/1 files=1 size=2.17MB
|  |     runtime filters: RF017[min_max] -> tpcds_partitioned_parquet_snap.date_dim_4.d_date, RF016[bloom] -> tpcds_partitioned_parquet_snap.date_dim_4.d_date
|  |     stored statistics:
|  |       table: rows=73.05K size=2.17MB
|  |       columns: all
|  |     extrapolated-rows=disabled max-scan-range-rows=73.05K
|  |     mem-estimate=16.00MB mem-reservation=4.00MB thread-reservation=0
|  |     tuple-ids=23 row-size=237B cardinality=73.05K cost=110600
|  |     in pipelines: 20(GETNEXT)
|  |
|  14:HASH JOIN [INNER JOIN, BROADCAST]
|  |  hash-table-id=09
|  |  hash predicates: tpcds_partitioned_parquet_snap.web_returns.wr_item_sk = tpcds_partitioned_parquet_snap.item_0.i_item_sk
|  |  fk/pk conjuncts: tpcds_partitioned_parquet_snap.web_returns.wr_item_sk = tpcds_partitioned_parquet_snap.item_0.i_item_sk
|  |  mem-estimate=0B mem-reservation=0B spill-buffer=2.00MB thread-reservation=0
|  |  tuple-ids=13,15 row-size=505B cardinality=215.89M cost=94497127
|  |  in pipelines: 12(GETNEXT), 13(OPEN)
|  |
|  |--F34:PLAN FRAGMENT [RANDOM] hosts=10 instances=10
|  |  |  Per-Instance Resources: mem-estimate=181.60MB mem-reservation=170.00MB thread-reservation=1
|  |  |  max-parallelism=10 segment-costs=[838440]
|  |  JOIN BUILD
|  |  |  join-table-id=09 plan-id=10 cohort-id=05
|  |  |  build expressions: tpcds_partitioned_parquet_snap.item_0.i_item_sk
|  |  |  runtime filters: RF015[min_max] <- tpcds_partitioned_parquet_snap.item_0.i_item_sk
|  |  |  mem-estimate=170.00MB mem-reservation=170.00MB spill-buffer=2.00MB thread-reservation=0 cost=360000
|  |  |
|  |  49:EXCHANGE [BROADCAST]
|  |  |  mem-estimate=11.60MB mem-reservation=0B thread-reservation=0
|  |  |  tuple-ids=15 row-size=405B cardinality=360.00K cost=478440
|  |  |  in pipelines: 13(GETNEXT)
|  |  |
|  |  F09:PLAN FRAGMENT [RANDOM] hosts=4 instances=4
|  |  Per-Instance Resources: mem-estimate=17.60MB mem-reservation=512.00KB thread-reservation=1
|  |  max-parallelism=4 segment-costs=[1757529]
|  |  13:SCAN HDFS [tpcds_partitioned_parquet_snap.item, RANDOM]
|  |     HDFS partitions=1/1 files=1 size=33.54MB
|  |     runtime filters: RF001[min_max] -> tpcds_partitioned_parquet_snap.item_0.i_item_id
|  |     stored statistics:
|  |       table: rows=360.00K size=33.54MB
|  |       columns: all
|  |     extrapolated-rows=disabled max-scan-range-rows=101.54K
|  |     mem-estimate=16.00MB mem-reservation=512.00KB thread-reservation=0
|  |     tuple-ids=15 row-size=405B cardinality=360.00K cost=1355609
|  |     in pipelines: 13(GETNEXT)
|  |
|  12:SCAN HDFS [tpcds_partitioned_parquet_snap.web_returns, RANDOM]
|     HDFS partitions=2114/2114 files=2114 size=16.74GB
|     runtime filters: RF015[min_max] -> tpcds_partitioned_parquet_snap.web_returns.wr_item_sk, RF012[bloom] -> tpcds_partitioned_parquet_snap.web_returns.wr_returned_date_sk
|     stored statistics:
|       table: rows=216.00M size=16.74GB
|       partitions: 2114/2114 rows=216.00M
|       columns: all
|     extrapolated-rows=disabled max-scan-range-rows=9.41M
|     mem-estimate=16.00MB mem-reservation=256.00KB thread-reservation=0
|     tuple-ids=13 row-size=100B cardinality=215.89M(filtered from 216.00M) cost=311043867
|     in pipelines: 12(GETNEXT)
|
48:AGGREGATE [FINALIZE]
|  output: sum:merge(tpcds_partitioned_parquet_snap.store_returns.sr_return_quantity)
|  group by: tpcds_partitioned_parquet_snap.item.i_item_id
|  mem-estimate=10.00MB mem-reservation=1.94MB spill-buffer=64.00KB thread-reservation=0
|  tuple-ids=12 row-size=36B cardinality=185.57K cost=2823656
|  in pipelines: 48(GETNEXT), 00(OPEN)
|
47:EXCHANGE [HASH(tpcds_partitioned_parquet_snap.item.i_item_id)]
|  mem-estimate=14.69MB mem-reservation=0B thread-reservation=0
|  tuple-ids=12 row-size=36B cardinality=8.00M cost=2213445
|  in pipelines: 00(GETNEXT)
|
F00:PLAN FRAGMENT [RANDOM] hosts=10 instances=120
Per-Host Shared Resources: mem-estimate=2.00MB mem-reservation=2.00MB thread-reservation=0 runtime-filters-memory=2.00MB
Per-Instance Resources: mem-estimate=27.56MB mem-reservation=5.50MB thread-reservation=1
max-parallelism=170 segment-costs=[1670112835, 22667213] cpu-comparison-result=120 [max(120 (self) vs 25 (sum children))]
11:AGGREGATE [STREAMING]
|  output: sum(CAST(tpcds_partitioned_parquet_snap.store_returns.sr_return_quantity AS BIGINT))
|  group by: tpcds_partitioned_parquet_snap.item.i_item_id
|  mem-estimate=10.00MB mem-reservation=5.00MB spill-buffer=256.00KB thread-reservation=0
|  tuple-ids=12 row-size=36B cardinality=8.00M cost=23755131
|  in pipelines: 00(GETNEXT)
|
10:HASH JOIN [INNER JOIN, BROADCAST]
|  hash-table-id=10
|  hash predicates: tpcds_partitioned_parquet_snap.store_returns.sr_returned_date_sk = tpcds_partitioned_parquet_snap.date_dim_1.d_date_sk
|  fk/pk conjuncts: tpcds_partitioned_parquet_snap.store_returns.sr_returned_date_sk = tpcds_partitioned_parquet_snap.date_dim_1.d_date_sk
|  mem-estimate=0B mem-reservation=0B spill-buffer=64.00KB thread-reservation=0
|  tuple-ids=0,2,10,9 row-size=731B cardinality=9.91M cost=223298221
|  in pipelines: 00(GETNEXT), 08(OPEN)
|
|--F35:PLAN FRAGMENT [RANDOM] hosts=10 instances=10
|  |  Per-Instance Resources: mem-estimate=24.27MB mem-reservation=24.25MB thread-reservation=1 runtime-filters-memory=1.00MB
|  |  max-parallelism=10 segment-costs=[53] cpu-comparison-result=11 [max(11 (self) vs 1 (sum children))]
|  JOIN BUILD
|  |  join-table-id=10 plan-id=11 cohort-id=01
|  |  build expressions: tpcds_partitioned_parquet_snap.date_dim_1.d_date_sk
|  |  runtime filters: RF004[bloom] <- tpcds_partitioned_parquet_snap.date_dim_1.d_date_sk
|  |  mem-estimate=23.25MB mem-reservation=23.25MB spill-buffer=64.00KB thread-reservation=0 cost=23
|  |
|  46:EXCHANGE [BROADCAST]
|  |  mem-estimate=16.00KB mem-reservation=0B thread-reservation=0
|  |  tuple-ids=10,9 row-size=241B cardinality=23 cost=30
|  |  in pipelines: 08(GETNEXT)
|  |
|  F02:PLAN FRAGMENT [RANDOM] hosts=1 instances=1
|  Per-Host Shared Resources: mem-estimate=1.00MB mem-reservation=1.00MB thread-reservation=0 runtime-filters-memory=1.00MB
|  Per-Instance Resources: mem-estimate=16.97MB mem-reservation=4.00MB thread-reservation=1
|  max-parallelism=1 segment-costs=[129356]
|  09:HASH JOIN [INNER JOIN, BROADCAST]
|  |  hash-table-id=11
|  |  hash predicates: tpcds_partitioned_parquet_snap.date_dim_1.d_date = tpcds_partitioned_parquet_snap.date_dim.d_date
|  |  fk/pk conjuncts: none
|  |  mem-estimate=0B mem-reservation=0B spill-buffer=64.00KB thread-reservation=0
|  |  tuple-ids=10,9 row-size=241B cardinality=23 cost=18741
|  |  in pipelines: 08(GETNEXT), 44(OPEN)
|  |
|  |--F36:PLAN FRAGMENT [RANDOM] hosts=1 instances=1
|  |  |  Per-Instance Resources: mem-estimate=2.95MB mem-reservation=2.94MB thread-reservation=1 runtime-filters-memory=1.00MB
|  |  |  max-parallelism=1 segment-costs=[23] cpu-comparison-result=1 [max(1 (self) vs 1 (sum children))]
|  |  JOIN BUILD
|  |  |  join-table-id=11 plan-id=12 cohort-id=08
|  |  |  build expressions: tpcds_partitioned_parquet_snap.date_dim.d_date
|  |  |  runtime filters: RF008[bloom] <- tpcds_partitioned_parquet_snap.date_dim.d_date, RF009[min_max] <- tpcds_partitioned_parquet_snap.date_dim.d_date
|  |  |  mem-estimate=1.94MB mem-reservation=1.94MB spill-buffer=64.00KB thread-reservation=0 cost=21
|  |  |
|  |  45:EXCHANGE [BROADCAST]
|  |  |  mem-estimate=16.00KB mem-reservation=0B thread-reservation=0
|  |  |  tuple-ids=9 row-size=4B cardinality=21 cost=2
|  |  |  in pipelines: 44(GETNEXT)
|  |  |
|  |  F06:PLAN FRAGMENT [HASH(tpcds_partitioned_parquet_snap.date_dim.d_date)] hosts=1 instances=1
|  |  Per-Instance Resources: mem-estimate=10.03MB mem-reservation=1.94MB thread-reservation=1
|  |  max-parallelism=1 segment-costs=[62, 0] cpu-comparison-result=1 [max(1 (self) vs 1 (sum children))]
|  |  44:AGGREGATE [FINALIZE]
|  |  |  group by: tpcds_partitioned_parquet_snap.date_dim.d_date
|  |  |  mem-estimate=10.00MB mem-reservation=1.94MB spill-buffer=64.00KB thread-reservation=0
|  |  |  tuple-ids=9 row-size=4B cardinality=21 cost=60
|  |  |  in pipelines: 44(GETNEXT), 03(OPEN)
|  |  |
|  |  43:EXCHANGE [HASH(tpcds_partitioned_parquet_snap.date_dim.d_date)]
|  |  |  mem-estimate=16.00KB mem-reservation=0B thread-reservation=0
|  |  |  tuple-ids=9 row-size=4B cardinality=21 cost=2
|  |  |  in pipelines: 03(GETNEXT)
|  |  |
|  |  F03:PLAN FRAGMENT [RANDOM] hosts=1 instances=1
|  |  Per-Host Shared Resources: mem-estimate=1.00MB mem-reservation=1.00MB thread-reservation=0 runtime-filters-memory=1.00MB
|  |  Per-Instance Resources: mem-estimate=26.03MB mem-reservation=6.00MB thread-reservation=1
|  |  max-parallelism=1 segment-costs=[110669, 16] cpu-comparison-result=1 [max(1 (self) vs 1 (sum children))]
|  |  07:AGGREGATE [STREAMING]
|  |  |  group by: tpcds_partitioned_parquet_snap.date_dim.d_date
|  |  |  mem-estimate=10.00MB mem-reservation=2.00MB spill-buffer=64.00KB thread-reservation=0
|  |  |  tuple-ids=9 row-size=4B cardinality=21 cost=60
|  |  |  in pipelines: 03(GETNEXT)
|  |  |
|  |  06:HASH JOIN [INNER JOIN, BROADCAST]
|  |  |  hash-table-id=12
|  |  |  hash predicates: tpcds_partitioned_parquet_snap.date_dim.d_week_seq = tpcds_partitioned_parquet_snap.date_dim_0.d_week_seq
|  |  |  fk/pk conjuncts: none
|  |  |  mem-estimate=0B mem-reservation=0B spill-buffer=64.00KB thread-reservation=0
|  |  |  tuple-ids=4,8 row-size=241B cardinality=21 cost=9
|  |  |  in pipelines: 03(GETNEXT), 41(OPEN)
|  |  |
|  |  |--F37:PLAN FRAGMENT [RANDOM] hosts=1 instances=1
|  |  |  |  Per-Instance Resources: mem-estimate=2.95MB mem-reservation=2.94MB thread-reservation=1 runtime-filters-memory=1.00MB
|  |  |  |  max-parallelism=1 segment-costs=[3] cpu-comparison-result=1 [max(1 (self) vs 1 (sum children))]
|  |  |  JOIN BUILD
|  |  |  |  join-table-id=12 plan-id=13 cohort-id=09
|  |  |  |  build expressions: tpcds_partitioned_parquet_snap.date_dim_0.d_week_seq
|  |  |  |  runtime filters: RF010[bloom] <- tpcds_partitioned_parquet_snap.date_dim_0.d_week_seq, RF011[min_max] <- tpcds_partitioned_parquet_snap.date_dim_0.d_week_seq
|  |  |  |  mem-estimate=1.94MB mem-reservation=1.94MB spill-buffer=64.00KB thread-reservation=0 cost=3
|  |  |  |
|  |  |  42:EXCHANGE [BROADCAST]
|  |  |  |  mem-estimate=16.00KB mem-reservation=0B thread-reservation=0
|  |  |  |  tuple-ids=8 row-size=4B cardinality=3 cost=0
|  |  |  |  in pipelines: 41(GETNEXT)
|  |  |  |
|  |  |  F05:PLAN FRAGMENT [HASH(tpcds_partitioned_parquet_snap.date_dim_0.d_week_seq)] hosts=1 instances=1
|  |  |  Per-Instance Resources: mem-estimate=10.03MB mem-reservation=1.94MB thread-reservation=1
|  |  |  max-parallelism=1 segment-costs=[8, 0] cpu-comparison-result=1 [max(1 (self) vs 1 (sum children))]
|  |  |  41:AGGREGATE [FINALIZE]
|  |  |  |  group by: tpcds_partitioned_parquet_snap.date_dim_0.d_week_seq
|  |  |  |  mem-estimate=10.00MB mem-reservation=1.94MB spill-buffer=64.00KB thread-reservation=0
|  |  |  |  tuple-ids=8 row-size=4B cardinality=3 cost=8
|  |  |  |  in pipelines: 41(GETNEXT), 04(OPEN)
|  |  |  |
|  |  |  40:EXCHANGE [HASH(tpcds_partitioned_parquet_snap.date_dim_0.d_week_seq)]
|  |  |  |  mem-estimate=16.00KB mem-reservation=0B thread-reservation=0
|  |  |  |  tuple-ids=8 row-size=4B cardinality=3 cost=0
|  |  |  |  in pipelines: 04(GETNEXT)
|  |  |  |
|  |  |  F04:PLAN FRAGMENT [RANDOM] hosts=1 instances=1
|  |  |  Per-Instance Resources: mem-estimate=26.03MB mem-reservation=2.50MB thread-reservation=1
|  |  |  max-parallelism=1 segment-costs=[10475, 2]
|  |  |  05:AGGREGATE [STREAMING]
|  |  |  |  group by: tpcds_partitioned_parquet_snap.date_dim_0.d_week_seq
|  |  |  |  mem-estimate=10.00MB mem-reservation=2.00MB spill-buffer=64.00KB thread-reservation=0
|  |  |  |  tuple-ids=8 row-size=4B cardinality=3 cost=8
|  |  |  |  in pipelines: 04(GETNEXT)
|  |  |  |
|  |  |  04:SCAN HDFS [tpcds_partitioned_parquet_snap.date_dim, RANDOM]
|  |  |     HDFS partitions=1/1 files=1 size=2.17MB
|  |  |     predicates: tpcds_partitioned_parquet_snap.date_dim_0.d_date = CAST('1999-04-14' AS DATE) OR tpcds_partitioned_parquet_snap.date_dim_0.d_date = CAST('1999-09-28' AS DATE) OR tpcds_partitioned_parquet_snap.date_dim_0.d_date = CAST('1999-11-12' AS DATE)
|  |  |     stored statistics:
|  |  |       table: rows=73.05K size=2.17MB
|  |  |       columns: all
|  |  |     extrapolated-rows=disabled max-scan-range-rows=73.05K
|  |  |     parquet dictionary predicates: tpcds_partitioned_parquet_snap.date_dim_0.d_date = CAST('1999-04-14' AS DATE) OR tpcds_partitioned_parquet_snap.date_dim_0.d_date = CAST('1999-09-28' AS DATE) OR tpcds_partitioned_parquet_snap.date_dim_0.d_date = CAST('1999-11-12' AS DATE)
|  |  |     mem-estimate=16.00MB mem-reservation=512.00KB thread-reservation=0
|  |  |     tuple-ids=6 row-size=8B cardinality=3 cost=10467
|  |  |     in pipelines: 04(GETNEXT)
|  |  |
|  |  03:SCAN HDFS [tpcds_partitioned_parquet_snap.date_dim, RANDOM]
|  |     HDFS partitions=1/1 files=1 size=2.17MB
|  |     runtime filters: RF011[min_max] -> tpcds_partitioned_parquet_snap.date_dim.d_week_seq, RF010[bloom] -> tpcds_partitioned_parquet_snap.date_dim.d_week_seq
|  |     stored statistics:
|  |       table: rows=73.05K size=2.17MB
|  |       columns: all
|  |     extrapolated-rows=disabled max-scan-range-rows=73.05K
|  |     mem-estimate=16.00MB mem-reservation=4.00MB thread-reservation=0
|  |     tuple-ids=4 row-size=237B cardinality=21(filtered from 73.05K) cost=110600
|  |     in pipelines: 03(GETNEXT)
|  |
|  08:SCAN HDFS [tpcds_partitioned_parquet_snap.date_dim, RANDOM]
|     HDFS partitions=1/1 files=1 size=2.17MB
|     runtime filters: RF009[min_max] -> tpcds_partitioned_parquet_snap.date_dim_1.d_date, RF008[bloom] -> tpcds_partitioned_parquet_snap.date_dim_1.d_date
|     stored statistics:
|       table: rows=73.05K size=2.17MB
|       columns: all
|     extrapolated-rows=disabled max-scan-range-rows=73.05K
|     mem-estimate=16.00MB mem-reservation=4.00MB thread-reservation=0
|     tuple-ids=10 row-size=237B cardinality=73.05K cost=110600
|     in pipelines: 08(GETNEXT)
|
02:HASH JOIN [INNER JOIN, BROADCAST]
|  hash-table-id=13
|  hash predicates: tpcds_partitioned_parquet_snap.store_returns.sr_item_sk = tpcds_partitioned_parquet_snap.item.i_item_sk
|  fk/pk conjuncts: tpcds_partitioned_parquet_snap.store_returns.sr_item_sk = tpcds_partitioned_parquet_snap.item.i_item_sk
|  mem-estimate=0B mem-reservation=0B spill-buffer=2.00MB thread-reservation=0
|  tuple-ids=0,2 row-size=489B cardinality=863.56M cost=377978834
|  in pipelines: 00(GETNEXT), 01(OPEN)
|
|--F38:PLAN FRAGMENT [RANDOM] hosts=10 instances=10
|  |  Per-Instance Resources: mem-estimate=420.60MB mem-reservation=409.00MB thread-reservation=1 runtime-filters-memory=1.00MB
|  |  max-parallelism=10 segment-costs=[838440]
|  JOIN BUILD
|  |  join-table-id=13 plan-id=14 cohort-id=01
|  |  build expressions: tpcds_partitioned_parquet_snap.item.i_item_sk
|  |  runtime filters: RF006[bloom] <- tpcds_partitioned_parquet_snap.item.i_item_sk, RF007[min_max] <- tpcds_partitioned_parquet_snap.item.i_item_sk
|  |  mem-estimate=408.00MB mem-reservation=408.00MB spill-buffer=2.00MB thread-reservation=0 cost=360000
|  |
|  39:EXCHANGE [BROADCAST]
|  |  mem-estimate=11.60MB mem-reservation=0B thread-reservation=0
|  |  tuple-ids=2 row-size=405B cardinality=360.00K cost=478440
|  |  in pipelines: 01(GETNEXT)
|  |
|  F01:PLAN FRAGMENT [RANDOM] hosts=4 instances=4
|  Per-Instance Resources: mem-estimate=17.60MB mem-reservation=512.00KB thread-reservation=1
|  max-parallelism=4 segment-costs=[1757529]
|  01:SCAN HDFS [tpcds_partitioned_parquet_snap.item, RANDOM]
|     HDFS partitions=1/1 files=1 size=33.54MB
|     runtime filters: RF001[min_max] -> tpcds_partitioned_parquet_snap.item.i_item_id, RF003[min_max] -> tpcds_partitioned_parquet_snap.item.i_item_id
|     stored statistics:
|       table: rows=360.00K size=33.54MB
|       columns: all
|     extrapolated-rows=disabled max-scan-range-rows=101.54K
|     mem-estimate=16.00MB mem-reservation=512.00KB thread-reservation=0
|     tuple-ids=2 row-size=405B cardinality=360.00K cost=1355609
|     in pipelines: 01(GETNEXT)
|
00:SCAN HDFS [tpcds_partitioned_parquet_snap.store_returns, RANDOM]
   HDFS partitions=2004/2004 files=2004 size=48.14GB
   runtime filters: RF007[min_max] -> tpcds_partitioned_parquet_snap.store_returns.sr_item_sk, RF004[bloom] -> tpcds_partitioned_parquet_snap.store_returns.sr_returned_date_sk, RF006[bloom] -> tpcds_partitioned_parquet_snap.store_returns.sr_item_sk
   stored statistics:
     table: rows=863.99M size=48.14GB
     partitions: 2004/2004 rows=863.99M
     columns: all
   extrapolated-rows=disabled max-scan-range-rows=30.09M
   mem-estimate=16.00MB mem-reservation=512.00KB thread-reservation=0
   tuple-ids=0 row-size=84B cardinality=863.56M(filtered from 863.99M) cost=1045080649
   in pipelines: 00(GETNEXT)
====
