# TPCDS-Q17
# start query 17 in stream 0 using template query17.tpl using seed 766769681
select  i_item_id
       ,i_item_desc
       ,s_state
       ,count(ss_quantity) as store_sales_quantitycount
       ,avg(ss_quantity) as store_sales_quantityave
       ,stddev_samp(ss_quantity) as store_sales_quantitystdev
       ,stddev_samp(ss_quantity)/avg(ss_quantity) as store_sales_quantitycov
       ,count(sr_return_quantity) as store_returns_quantitycount
       ,avg(sr_return_quantity) as store_returns_quantityave
       ,stddev_samp(sr_return_quantity) as store_returns_quantitystdev
       ,stddev_samp(sr_return_quantity)/avg(sr_return_quantity) as store_returns_quantitycov
       ,count(cs_quantity) as catalog_sales_quantitycount ,avg(cs_quantity) as catalog_sales_quantityave
       ,stddev_samp(cs_quantity) as catalog_sales_quantitystdev
       ,stddev_samp(cs_quantity)/avg(cs_quantity) as catalog_sales_quantitycov
 from store_sales
     ,store_returns
     ,catalog_sales
     ,date_dim d1
     ,date_dim d2
     ,date_dim d3
     ,store
     ,item
 where d1.d_quarter_name = '1999Q1'
   and d1.d_date_sk = ss_sold_date_sk
   and i_item_sk = ss_item_sk
   and s_store_sk = ss_store_sk
   and ss_customer_sk = sr_customer_sk
   and ss_item_sk = sr_item_sk
   and ss_ticket_number = sr_ticket_number
   and sr_returned_date_sk = d2.d_date_sk
   and d2.d_quarter_name in ('1999Q1','1999Q2','1999Q3')
   and sr_customer_sk = cs_bill_customer_sk
   and sr_item_sk = cs_item_sk
   and cs_sold_date_sk = d3.d_date_sk
   and d3.d_quarter_name in ('1999Q1','1999Q2','1999Q3')
 group by i_item_id
         ,i_item_desc
         ,s_state
 order by i_item_id
         ,i_item_desc
         ,s_state
limit 100

# end query 17 in stream 0 using template query17.tpl
---- PLAN
Max Per-Host Resource Reservation: Memory=176.04MB Threads=1
Per-Host Resource Estimates: Memory=79.45GB
F00:PLAN FRAGMENT [UNPARTITIONED] hosts=1 instances=1
|  Per-Instance Resources: mem-estimate=79.45GB mem-reservation=176.04MB thread-reservation=1 runtime-filters-memory=55.00MB
|  max-parallelism=1 segment-costs=[2838631313, 137237408, 1500]
PLAN-ROOT SINK
|  output exprs: tpcds_partitioned_parquet_snap.item.i_item_id, tpcds_partitioned_parquet_snap.item.i_item_desc, tpcds_partitioned_parquet_snap.store.s_state, count(tpcds_partitioned_parquet_snap.store_sales.ss_quantity), avg(tpcds_partitioned_parquet_snap.store_sales.ss_quantity), stddev_samp(tpcds_partitioned_parquet_snap.store_sales.ss_quantity), divide(stddev_samp(tpcds_partitioned_parquet_snap.store_sales.ss_quantity), avg(tpcds_partitioned_parquet_snap.store_sales.ss_quantity)), count(tpcds_partitioned_parquet_snap.store_returns.sr_return_quantity), avg(tpcds_partitioned_parquet_snap.store_returns.sr_return_quantity), stddev_samp(tpcds_partitioned_parquet_snap.store_returns.sr_return_quantity), divide(stddev_samp(tpcds_partitioned_parquet_snap.store_returns.sr_return_quantity), avg(tpcds_partitioned_parquet_snap.store_returns.sr_return_quantity)), count(tpcds_partitioned_parquet_snap.catalog_sales.cs_quantity), avg(tpcds_partitioned_parquet_snap.catalog_sales.cs_quantity), stddev_samp(tpcds_partitioned_parquet_snap.catalog_sales.cs_quantity), divide(stddev_samp(tpcds_partitioned_parquet_snap.catalog_sales.cs_quantity), avg(tpcds_partitioned_parquet_snap.catalog_sales.cs_quantity))
|  mem-estimate=4.00MB mem-reservation=4.00MB spill-buffer=2.00MB thread-reservation=0 cost=1500
|
16:TOP-N [LIMIT=100]
|  order by: tpcds_partitioned_parquet_snap.item.i_item_id ASC NULLS LAST, tpcds_partitioned_parquet_snap.item.i_item_desc ASC NULLS LAST, tpcds_partitioned_parquet_snap.store.s_state ASC NULLS LAST
|  mem-estimate=22.13KB mem-reservation=0B thread-reservation=0
|  tuple-ids=18 row-size=227B cardinality=100 cost=137237408
|  in pipelines: 16(GETNEXT), 15(OPEN)
|
15:AGGREGATE [FINALIZE]
|  output: count(tpcds_partitioned_parquet_snap.store_sales.ss_quantity), avg(CAST(tpcds_partitioned_parquet_snap.store_sales.ss_quantity AS BIGINT)), stddev_samp(tpcds_partitioned_parquet_snap.store_sales.ss_quantity), count(tpcds_partitioned_parquet_snap.store_returns.sr_return_quantity), avg(CAST(tpcds_partitioned_parquet_snap.store_returns.sr_return_quantity AS BIGINT)), stddev_samp(tpcds_partitioned_parquet_snap.store_returns.sr_return_quantity), count(tpcds_partitioned_parquet_snap.catalog_sales.cs_quantity), avg(CAST(tpcds_partitioned_parquet_snap.catalog_sales.cs_quantity AS BIGINT)), stddev_samp(tpcds_partitioned_parquet_snap.catalog_sales.cs_quantity)
|  group by: tpcds_partitioned_parquet_snap.item.i_item_id, tpcds_partitioned_parquet_snap.item.i_item_desc, tpcds_partitioned_parquet_snap.store.s_state
|  mem-estimate=2.06GB mem-reservation=34.00MB spill-buffer=2.00MB thread-reservation=0
|  tuple-ids=17 row-size=227B cardinality=10.44M cost=106046692
|  in pipelines: 15(GETNEXT), 00(OPEN)
|
14:HASH JOIN [INNER JOIN]
|  hash predicates: tpcds_partitioned_parquet_snap.store_sales.ss_store_sk = tpcds_partitioned_parquet_snap.store.s_store_sk
|  fk/pk conjuncts: tpcds_partitioned_parquet_snap.store_sales.ss_store_sk = tpcds_partitioned_parquet_snap.store.s_store_sk
|  runtime filters: RF000[bloom] <- tpcds_partitioned_parquet_snap.store.s_store_sk, RF001[min_max] <- tpcds_partitioned_parquet_snap.store.s_store_sk
|  mem-estimate=1.94MB mem-reservation=1.94MB spill-buffer=64.00KB thread-reservation=0
|  tuple-ids=0,2,4,6,8,10,12,14 row-size=1.85KB cardinality=30.39M cost=13301209
|  in pipelines: 00(GETNEXT), 13(OPEN)
|
|--13:SCAN HDFS [tpcds_partitioned_parquet_snap.store]
|     HDFS partitions=1/1 files=1 size=119.76KB
|     stored statistics:
|       table: rows=1.35K size=119.76KB
|       columns: all
|     extrapolated-rows=disabled max-scan-range-rows=1.35K
|     mem-estimate=16.00MB mem-reservation=232.00KB thread-reservation=0
|     tuple-ids=14 row-size=459B cardinality=1.35K cost=4718
|     in pipelines: 13(GETNEXT)
|
12:HASH JOIN [INNER JOIN]
|  hash predicates: tpcds_partitioned_parquet_snap.catalog_sales.cs_sold_date_sk = tpcds_partitioned_parquet_snap.date_dim_1.d_date_sk
|  fk/pk conjuncts: tpcds_partitioned_parquet_snap.catalog_sales.cs_sold_date_sk = tpcds_partitioned_parquet_snap.date_dim_1.d_date_sk
|  runtime filters: RF002[bloom] <- tpcds_partitioned_parquet_snap.date_dim_1.d_date_sk
|  mem-estimate=1.94MB mem-reservation=1.94MB spill-buffer=64.00KB thread-reservation=0
|  tuple-ids=0,2,4,6,8,10,12 row-size=1.40KB cardinality=30.39M cost=57779915
|  in pipelines: 00(GETNEXT), 11(OPEN)
|
|--11:SCAN HDFS [tpcds_partitioned_parquet_snap.date_dim]
|     HDFS partitions=1/1 files=1 size=2.17MB
|     predicates: tpcds_partitioned_parquet_snap.date_dim_1.d_quarter_name = '1999Q1' OR tpcds_partitioned_parquet_snap.date_dim_1.d_quarter_name = '1999Q2' OR tpcds_partitioned_parquet_snap.date_dim_1.d_quarter_name = '1999Q3'
|     stored statistics:
|       table: rows=73.05K size=2.17MB
|       columns: all
|     extrapolated-rows=disabled max-scan-range-rows=73.05K
|     parquet dictionary predicates: tpcds_partitioned_parquet_snap.date_dim_1.d_quarter_name = '1999Q1' OR tpcds_partitioned_parquet_snap.date_dim_1.d_quarter_name = '1999Q2' OR tpcds_partitioned_parquet_snap.date_dim_1.d_quarter_name = '1999Q3'
|     mem-estimate=16.00MB mem-reservation=4.00MB thread-reservation=0
|     tuple-ids=12 row-size=237B cardinality=273 cost=112653
|     in pipelines: 11(GETNEXT)
|
10:HASH JOIN [INNER JOIN]
|  hash predicates: tpcds_partitioned_parquet_snap.catalog_sales.cs_bill_customer_sk = tpcds_partitioned_parquet_snap.store_returns.sr_customer_sk, tpcds_partitioned_parquet_snap.catalog_sales.cs_item_sk = tpcds_partitioned_parquet_snap.store_returns.sr_item_sk
|  fk/pk conjuncts: tpcds_partitioned_parquet_snap.catalog_sales.cs_bill_customer_sk = tpcds_partitioned_parquet_snap.store_returns.sr_customer_sk, tpcds_partitioned_parquet_snap.catalog_sales.cs_item_sk = tpcds_partitioned_parquet_snap.store_returns.sr_item_sk
|  runtime filters: RF004[bloom] <- tpcds_partitioned_parquet_snap.store_returns.sr_customer_sk, RF005[bloom] <- tpcds_partitioned_parquet_snap.store_returns.sr_item_sk, RF006[min_max] <- tpcds_partitioned_parquet_snap.store_returns.sr_customer_sk, RF007[min_max] <- tpcds_partitioned_parquet_snap.store_returns.sr_item_sk
|  mem-estimate=40.98GB mem-reservation=34.00MB spill-buffer=2.00MB thread-reservation=0
|  tuple-ids=0,2,4,6,8,10 row-size=1.17KB cardinality=203.80M cost=242902345
|  in pipelines: 00(GETNEXT), 01(OPEN)
|
|--09:HASH JOIN [INNER JOIN]
|  |  hash predicates: tpcds_partitioned_parquet_snap.store_sales.ss_item_sk = tpcds_partitioned_parquet_snap.item.i_item_sk
|  |  fk/pk conjuncts: tpcds_partitioned_parquet_snap.store_sales.ss_item_sk = tpcds_partitioned_parquet_snap.item.i_item_sk
|  |  runtime filters: RF008[bloom] <- tpcds_partitioned_parquet_snap.item.i_item_sk, RF009[min_max] <- tpcds_partitioned_parquet_snap.item.i_item_sk
|  |  mem-estimate=151.22MB mem-reservation=34.00MB spill-buffer=2.00MB thread-reservation=0
|  |  tuple-ids=2,4,6,8,10 row-size=1.04KB cardinality=40.76M cost=18205015
|  |  in pipelines: 01(GETNEXT), 08(OPEN)
|  |
|  |--08:SCAN HDFS [tpcds_partitioned_parquet_snap.item]
|  |     HDFS partitions=1/1 files=1 size=33.54MB
|  |     stored statistics:
|  |       table: rows=360.00K size=33.54MB
|  |       columns: all
|  |     extrapolated-rows=disabled max-scan-range-rows=101.54K
|  |     mem-estimate=16.00MB mem-reservation=512.00KB thread-reservation=0
|  |     tuple-ids=10 row-size=405B cardinality=360.00K cost=1355609
|  |     in pipelines: 08(GETNEXT)
|  |
|  07:HASH JOIN [INNER JOIN]
|  |  hash predicates: tpcds_partitioned_parquet_snap.store_sales.ss_sold_date_sk = tpcds_partitioned_parquet_snap.date_dim_0.d_date_sk
|  |  fk/pk conjuncts: tpcds_partitioned_parquet_snap.store_sales.ss_sold_date_sk = tpcds_partitioned_parquet_snap.date_dim_0.d_date_sk
|  |  runtime filters: RF010[bloom] <- tpcds_partitioned_parquet_snap.date_dim_0.d_date_sk
|  |  mem-estimate=1.94MB mem-reservation=1.94MB spill-buffer=64.00KB thread-reservation=0
|  |  tuple-ids=2,4,6,8 row-size=654B cardinality=40.78M cost=25985178
|  |  in pipelines: 01(GETNEXT), 06(OPEN)
|  |
|  |--06:SCAN HDFS [tpcds_partitioned_parquet_snap.date_dim]
|  |     HDFS partitions=1/1 files=1 size=2.17MB
|  |     predicates: tpcds_partitioned_parquet_snap.date_dim_0.d_quarter_name = '1999Q1'
|  |     stored statistics:
|  |       table: rows=73.05K size=2.17MB
|  |       columns: all
|  |     extrapolated-rows=disabled max-scan-range-rows=73.05K
|  |     parquet statistics predicates: tpcds_partitioned_parquet_snap.date_dim_0.d_quarter_name = '1999Q1'
|  |     parquet dictionary predicates: tpcds_partitioned_parquet_snap.date_dim_0.d_quarter_name = '1999Q1'
|  |     mem-estimate=16.00MB mem-reservation=4.00MB thread-reservation=0
|  |     tuple-ids=8 row-size=237B cardinality=91 cost=112653
|  |     in pipelines: 06(GETNEXT)
|  |
|  05:HASH JOIN [INNER JOIN]
|  |  hash predicates: tpcds_partitioned_parquet_snap.store_sales.ss_customer_sk = tpcds_partitioned_parquet_snap.store_returns.sr_customer_sk, tpcds_partitioned_parquet_snap.store_sales.ss_item_sk = tpcds_partitioned_parquet_snap.store_returns.sr_item_sk, tpcds_partitioned_parquet_snap.store_sales.ss_ticket_number = tpcds_partitioned_parquet_snap.store_returns.sr_ticket_number
|  |  fk/pk conjuncts: tpcds_partitioned_parquet_snap.store_sales.ss_customer_sk = tpcds_partitioned_parquet_snap.store_returns.sr_customer_sk, tpcds_partitioned_parquet_snap.store_sales.ss_item_sk = tpcds_partitioned_parquet_snap.store_returns.sr_item_sk, tpcds_partitioned_parquet_snap.store_sales.ss_ticket_number = tpcds_partitioned_parquet_snap.store_returns.sr_ticket_number
|  |  runtime filters: RF012[bloom] <- tpcds_partitioned_parquet_snap.store_returns.sr_customer_sk, RF013[bloom] <- tpcds_partitioned_parquet_snap.store_returns.sr_item_sk, RF014[bloom] <- tpcds_partitioned_parquet_snap.store_returns.sr_ticket_number, RF015[min_max] <- tpcds_partitioned_parquet_snap.store_returns.sr_customer_sk, RF016[min_max] <- tpcds_partitioned_parquet_snap.store_returns.sr_item_sk, RF017[min_max] <- tpcds_partitioned_parquet_snap.store_returns.sr_ticket_number
|  |  mem-estimate=38.20GB mem-reservation=34.00MB spill-buffer=2.00MB thread-reservation=0
|  |  tuple-ids=2,4,6 row-size=417B cardinality=72.50M(filtered from 817.36M) cost=284400823
|  |  in pipelines: 01(GETNEXT), 02(OPEN)
|  |
|  |--04:HASH JOIN [INNER JOIN]
|  |  |  hash predicates: tpcds_partitioned_parquet_snap.store_returns.sr_returned_date_sk = tpcds_partitioned_parquet_snap.date_dim.d_date_sk
|  |  |  fk/pk conjuncts: tpcds_partitioned_parquet_snap.store_returns.sr_returned_date_sk = tpcds_partitioned_parquet_snap.date_dim.d_date_sk
|  |  |  runtime filters: RF018[bloom] <- tpcds_partitioned_parquet_snap.date_dim.d_date_sk
|  |  |  mem-estimate=1.94MB mem-reservation=1.94MB spill-buffer=64.00KB thread-reservation=0
|  |  |  tuple-ids=4,6 row-size=321B cardinality=117.70M cost=51517147
|  |  |  in pipelines: 02(GETNEXT), 03(OPEN)
|  |  |
|  |  |--03:SCAN HDFS [tpcds_partitioned_parquet_snap.date_dim]
|  |  |     HDFS partitions=1/1 files=1 size=2.17MB
|  |  |     predicates: tpcds_partitioned_parquet_snap.date_dim.d_quarter_name = '1999Q1' OR tpcds_partitioned_parquet_snap.date_dim.d_quarter_name = '1999Q2' OR tpcds_partitioned_parquet_snap.date_dim.d_quarter_name = '1999Q3'
|  |  |     stored statistics:
|  |  |       table: rows=73.05K size=2.17MB
|  |  |       columns: all
|  |  |     extrapolated-rows=disabled max-scan-range-rows=73.05K
|  |  |     parquet dictionary predicates: tpcds_partitioned_parquet_snap.date_dim.d_quarter_name = '1999Q1' OR tpcds_partitioned_parquet_snap.date_dim.d_quarter_name = '1999Q2' OR tpcds_partitioned_parquet_snap.date_dim.d_quarter_name = '1999Q3'
|  |  |     mem-estimate=16.00MB mem-reservation=4.00MB thread-reservation=0
|  |  |     tuple-ids=6 row-size=237B cardinality=273 cost=112653
|  |  |     in pipelines: 03(GETNEXT)
|  |  |
|  |  02:SCAN HDFS [tpcds_partitioned_parquet_snap.store_returns]
|  |     HDFS partitions=2004/2004 files=2004 size=48.14GB
|  |     runtime filters: RF009[min_max] -> tpcds_partitioned_parquet_snap.store_returns.sr_item_sk, RF018[bloom] -> tpcds_partitioned_parquet_snap.store_returns.sr_returned_date_sk, RF008[bloom] -> tpcds_partitioned_parquet_snap.store_returns.sr_item_sk
|  |     stored statistics:
|  |       table: rows=863.99M size=48.14GB
|  |       partitions: 2004/2004 rows=863.99M
|  |       columns: all
|  |     extrapolated-rows=disabled max-scan-range-rows=30.09M est-scan-range=273(filtered from 2004)
|  |     mem-estimate=16.00MB mem-reservation=512.00KB thread-reservation=0
|  |     tuple-ids=4 row-size=84B cardinality=117.70M(filtered from 863.99M) cost=142368772
|  |     in pipelines: 02(GETNEXT)
|  |
|  01:SCAN HDFS [tpcds_partitioned_parquet_snap.store_sales]
|     HDFS partitions=1824/1824 files=1824 size=389.90GB
|     runtime filters: RF015[min_max] -> tpcds_partitioned_parquet_snap.store_sales.ss_customer_sk, RF016[min_max] -> tpcds_partitioned_parquet_snap.store_sales.ss_item_sk, RF017[min_max] -> tpcds_partitioned_parquet_snap.store_sales.ss_ticket_number, RF009[min_max] -> tpcds_partitioned_parquet_snap.store_sales.ss_item_sk, RF001[min_max] -> tpcds_partitioned_parquet_snap.store_sales.ss_store_sk, RF010[bloom] -> tpcds_partitioned_parquet_snap.store_sales.ss_sold_date_sk, RF012[bloom] -> tpcds_partitioned_parquet_snap.store_sales.ss_customer_sk, RF013[bloom] -> tpcds_partitioned_parquet_snap.store_sales.ss_item_sk, RF014[bloom] -> tpcds_partitioned_parquet_snap.store_sales.ss_ticket_number, RF008[bloom] -> tpcds_partitioned_parquet_snap.store_sales.ss_item_sk, RF000[bloom] -> tpcds_partitioned_parquet_snap.store_sales.ss_store_sk
|     stored statistics:
|       table: rows=8.64G size=389.90GB
|       partitions: 1824/1824 rows=8.64G
|       columns: all
|     extrapolated-rows=disabled max-scan-range-rows=390.22M est-scan-range=91(filtered from 1824)
|     mem-estimate=16.00MB mem-reservation=8.00MB thread-reservation=0
|     tuple-ids=2 row-size=96B cardinality=72.50M(filtered from 8.64G) cost=595882689
|     in pipelines: 01(GETNEXT)
|
00:SCAN HDFS [tpcds_partitioned_parquet_snap.catalog_sales]
   HDFS partitions=1831/1831 files=1831 size=280.96GB
   runtime filters: RF006[min_max] -> tpcds_partitioned_parquet_snap.catalog_sales.cs_bill_customer_sk, RF007[min_max] -> tpcds_partitioned_parquet_snap.catalog_sales.cs_item_sk, RF004[bloom] -> tpcds_partitioned_parquet_snap.catalog_sales.cs_bill_customer_sk, RF005[bloom] -> tpcds_partitioned_parquet_snap.catalog_sales.cs_item_sk, RF002[bloom] -> tpcds_partitioned_parquet_snap.catalog_sales.cs_sold_date_sk
   stored statistics:
     table: rows=4.32G size=280.96GB
     partitions: 1831/1831 rows=4.32G
     columns: all
   extrapolated-rows=disabled max-scan-range-rows=21.52M est-scan-range=274(filtered from 1831)
   mem-estimate=16.00MB mem-reservation=1.00MB thread-reservation=0
   tuple-ids=0 row-size=140B cardinality=644.12M(filtered from 4.32G) cost=1298543242
   in pipelines: 00(GETNEXT)
---- DISTRIBUTEDPLAN
Max Per-Host Resource Reservation: Memory=856.48MB Threads=59
Per-Host Resource Estimates: Memory=11.83GB
F11:PLAN FRAGMENT [UNPARTITIONED] hosts=1 instances=1
|  Per-Instance Resources: mem-estimate=4.44MB mem-reservation=4.00MB thread-reservation=1
|  max-parallelism=1 segment-costs=[1570] cpu-comparison-result=207 [max(1 (self) vs 207 (sum children))]
PLAN-ROOT SINK
|  output exprs: tpcds_partitioned_parquet_snap.item.i_item_id, tpcds_partitioned_parquet_snap.item.i_item_desc, tpcds_partitioned_parquet_snap.store.s_state, count(tpcds_partitioned_parquet_snap.store_sales.ss_quantity), avg(tpcds_partitioned_parquet_snap.store_sales.ss_quantity), stddev_samp(tpcds_partitioned_parquet_snap.store_sales.ss_quantity), divide(stddev_samp(tpcds_partitioned_parquet_snap.store_sales.ss_quantity), avg(tpcds_partitioned_parquet_snap.store_sales.ss_quantity)), count(tpcds_partitioned_parquet_snap.store_returns.sr_return_quantity), avg(tpcds_partitioned_parquet_snap.store_returns.sr_return_quantity), stddev_samp(tpcds_partitioned_parquet_snap.store_returns.sr_return_quantity), divide(stddev_samp(tpcds_partitioned_parquet_snap.store_returns.sr_return_quantity), avg(tpcds_partitioned_parquet_snap.store_returns.sr_return_quantity)), count(tpcds_partitioned_parquet_snap.catalog_sales.cs_quantity), avg(tpcds_partitioned_parquet_snap.catalog_sales.cs_quantity), stddev_samp(tpcds_partitioned_parquet_snap.catalog_sales.cs_quantity), divide(stddev_samp(tpcds_partitioned_parquet_snap.catalog_sales.cs_quantity), avg(tpcds_partitioned_parquet_snap.catalog_sales.cs_quantity))
|  mem-estimate=4.00MB mem-reservation=4.00MB spill-buffer=2.00MB thread-reservation=0 cost=1500
|
28:MERGING-EXCHANGE [UNPARTITIONED]
|  order by: tpcds_partitioned_parquet_snap.item.i_item_id ASC NULLS LAST, tpcds_partitioned_parquet_snap.item.i_item_desc ASC NULLS LAST, tpcds_partitioned_parquet_snap.store.s_state ASC NULLS LAST
|  limit: 100
|  mem-estimate=452.60KB mem-reservation=0B thread-reservation=0
|  tuple-ids=18 row-size=227B cardinality=100 cost=70
|  in pipelines: 16(GETNEXT)
|
F10:PLAN FRAGMENT [HASH(tpcds_partitioned_parquet_snap.item.i_item_id,tpcds_partitioned_parquet_snap.item.i_item_desc,tpcds_partitioned_parquet_snap.store.s_state)] hosts=10 instances=20 (adjusted from 120)
Per-Instance Resources: mem-estimate=356.05MB mem-reservation=34.00MB thread-reservation=1
max-parallelism=20 segment-costs=[139966888, 137237408, 625] cpu-comparison-result=207 [max(20 (self) vs 207 (sum children))]
16:TOP-N [LIMIT=100]
|  order by: tpcds_partitioned_parquet_snap.item.i_item_id ASC NULLS LAST, tpcds_partitioned_parquet_snap.item.i_item_desc ASC NULLS LAST, tpcds_partitioned_parquet_snap.store.s_state ASC NULLS LAST
|  mem-estimate=22.13KB mem-reservation=0B thread-reservation=0
|  tuple-ids=18 row-size=227B cardinality=100 cost=137237408
|  in pipelines: 16(GETNEXT), 27(OPEN)
|
27:AGGREGATE [FINALIZE]
|  output: count:merge(tpcds_partitioned_parquet_snap.store_sales.ss_quantity), avg:merge(tpcds_partitioned_parquet_snap.store_sales.ss_quantity), stddev_samp:merge(tpcds_partitioned_parquet_snap.store_sales.ss_quantity), count:merge(tpcds_partitioned_parquet_snap.store_returns.sr_return_quantity), avg:merge(tpcds_partitioned_parquet_snap.store_returns.sr_return_quantity), stddev_samp:merge(tpcds_partitioned_parquet_snap.store_returns.sr_return_quantity), count:merge(tpcds_partitioned_parquet_snap.catalog_sales.cs_quantity), avg:merge(tpcds_partitioned_parquet_snap.catalog_sales.cs_quantity), stddev_samp:merge(tpcds_partitioned_parquet_snap.catalog_sales.cs_quantity)
|  group by: tpcds_partitioned_parquet_snap.item.i_item_id, tpcds_partitioned_parquet_snap.item.i_item_desc, tpcds_partitioned_parquet_snap.store.s_state
|  mem-estimate=341.55MB mem-reservation=34.00MB spill-buffer=2.00MB thread-reservation=0
|  tuple-ids=17 row-size=227B cardinality=10.44M cost=105339763
|  in pipelines: 27(GETNEXT), 00(OPEN)
|
26:EXCHANGE [HASH(tpcds_partitioned_parquet_snap.item.i_item_id,tpcds_partitioned_parquet_snap.item.i_item_desc,tpcds_partitioned_parquet_snap.store.s_state)]
|  mem-estimate=14.50MB mem-reservation=0B thread-reservation=0
|  tuple-ids=16 row-size=227B cardinality=30.02M cost=34627125
|  in pipelines: 00(GETNEXT)
|
F07:PLAN FRAGMENT [HASH(tpcds_partitioned_parquet_snap.catalog_sales.cs_bill_customer_sk,tpcds_partitioned_parquet_snap.catalog_sales.cs_item_sk)] hosts=10 instances=20 (adjusted from 120)
Per-Instance Resources: mem-estimate=304.17MB mem-reservation=34.00MB thread-reservation=1
max-parallelism=100 segment-costs=[954313819, 453552662] cpu-comparison-result=207 [max(140 (self) vs 207 (sum children))]
15:AGGREGATE [STREAMING]
|  output: count(tpcds_partitioned_parquet_snap.store_sales.ss_quantity), avg(CAST(tpcds_partitioned_parquet_snap.store_sales.ss_quantity AS BIGINT)), stddev_samp(tpcds_partitioned_parquet_snap.store_sales.ss_quantity), count(tpcds_partitioned_parquet_snap.store_returns.sr_return_quantity), avg(CAST(tpcds_partitioned_parquet_snap.store_returns.sr_return_quantity AS BIGINT)), stddev_samp(tpcds_partitioned_parquet_snap.store_returns.sr_return_quantity), count(tpcds_partitioned_parquet_snap.catalog_sales.cs_quantity), avg(CAST(tpcds_partitioned_parquet_snap.catalog_sales.cs_quantity AS BIGINT)), stddev_samp(tpcds_partitioned_parquet_snap.catalog_sales.cs_quantity)
|  group by: tpcds_partitioned_parquet_snap.item.i_item_id, tpcds_partitioned_parquet_snap.item.i_item_desc, tpcds_partitioned_parquet_snap.store.s_state
|  mem-estimate=259.28MB mem-reservation=34.00MB spill-buffer=2.00MB thread-reservation=0
|  tuple-ids=16 row-size=227B cardinality=30.02M cost=194715990
|  in pipelines: 00(GETNEXT)
|
14:HASH JOIN [INNER JOIN, BROADCAST]
|  hash-table-id=00
|  hash predicates: tpcds_partitioned_parquet_snap.store_sales.ss_store_sk = tpcds_partitioned_parquet_snap.store.s_store_sk
|  fk/pk conjuncts: tpcds_partitioned_parquet_snap.store_sales.ss_store_sk = tpcds_partitioned_parquet_snap.store.s_store_sk
|  mem-estimate=0B mem-reservation=0B spill-buffer=64.00KB thread-reservation=0
|  tuple-ids=0,2,4,6,8,10,12,14 row-size=1.85KB cardinality=30.39M cost=13299859
|  in pipelines: 00(GETNEXT), 13(OPEN)
|
|--F12:PLAN FRAGMENT [HASH(tpcds_partitioned_parquet_snap.catalog_sales.cs_bill_customer_sk,tpcds_partitioned_parquet_snap.catalog_sales.cs_item_sk)] hosts=10 instances=10
|  |  Per-Instance Resources: mem-estimate=5.92MB mem-reservation=4.88MB thread-reservation=1 runtime-filters-memory=1.00MB
|  |  max-parallelism=10 segment-costs=[3140]
|  JOIN BUILD
|  |  join-table-id=00 plan-id=01 cohort-id=01
|  |  build expressions: tpcds_partitioned_parquet_snap.store.s_store_sk
|  |  runtime filters: RF000[bloom] <- tpcds_partitioned_parquet_snap.store.s_store_sk, RF001[min_max] <- tpcds_partitioned_parquet_snap.store.s_store_sk
|  |  mem-estimate=3.88MB mem-reservation=3.88MB spill-buffer=64.00KB thread-reservation=0 cost=1350
|  |
|  25:EXCHANGE [BROADCAST]
|  |  mem-estimate=1.04MB mem-reservation=0B thread-reservation=0
|  |  tuple-ids=14 row-size=459B cardinality=1.35K cost=1790
|  |  in pipelines: 13(GETNEXT)
|  |
|  F09:PLAN FRAGMENT [RANDOM] hosts=1 instances=1
|  Per-Instance Resources: mem-estimate=17.81MB mem-reservation=232.00KB thread-reservation=1
|  max-parallelism=1 segment-costs=[6419]
|  13:SCAN HDFS [tpcds_partitioned_parquet_snap.store, RANDOM]
|     HDFS partitions=1/1 files=1 size=119.76KB
|     stored statistics:
|       table: rows=1.35K size=119.76KB
|       columns: all
|     extrapolated-rows=disabled max-scan-range-rows=1.35K
|     mem-estimate=16.00MB mem-reservation=232.00KB thread-reservation=0
|     tuple-ids=14 row-size=459B cardinality=1.35K cost=4718
|     in pipelines: 13(GETNEXT)
|
12:HASH JOIN [INNER JOIN, BROADCAST]
|  hash-table-id=01
|  hash predicates: tpcds_partitioned_parquet_snap.catalog_sales.cs_sold_date_sk = tpcds_partitioned_parquet_snap.date_dim_1.d_date_sk
|  fk/pk conjuncts: tpcds_partitioned_parquet_snap.catalog_sales.cs_sold_date_sk = tpcds_partitioned_parquet_snap.date_dim_1.d_date_sk
|  mem-estimate=0B mem-reservation=0B spill-buffer=64.00KB thread-reservation=0
|  tuple-ids=0,2,4,6,8,10,12 row-size=1.40KB cardinality=30.39M cost=57779642
|  in pipelines: 00(GETNEXT), 11(OPEN)
|
|--F13:PLAN FRAGMENT [HASH(tpcds_partitioned_parquet_snap.catalog_sales.cs_bill_customer_sk,tpcds_partitioned_parquet_snap.catalog_sales.cs_item_sk)] hosts=10 instances=10
|  |  Per-Instance Resources: mem-estimate=5.00MB mem-reservation=4.88MB thread-reservation=1 runtime-filters-memory=1.00MB
|  |  max-parallelism=10 segment-costs=[633]
|  JOIN BUILD
|  |  join-table-id=01 plan-id=02 cohort-id=01
|  |  build expressions: tpcds_partitioned_parquet_snap.date_dim_1.d_date_sk
|  |  runtime filters: RF002[bloom] <- tpcds_partitioned_parquet_snap.date_dim_1.d_date_sk
|  |  mem-estimate=3.88MB mem-reservation=3.88MB spill-buffer=64.00KB thread-reservation=0 cost=273
|  |
|  24:EXCHANGE [BROADCAST]
|  |  mem-estimate=127.51KB mem-reservation=0B thread-reservation=0
|  |  tuple-ids=12 row-size=237B cardinality=273 cost=360
|  |  in pipelines: 11(GETNEXT)
|  |
|  F08:PLAN FRAGMENT [RANDOM] hosts=1 instances=1
|  Per-Instance Resources: mem-estimate=16.94MB mem-reservation=4.00MB thread-reservation=1
|  max-parallelism=1 segment-costs=[112833]
|  11:SCAN HDFS [tpcds_partitioned_parquet_snap.date_dim, RANDOM]
|     HDFS partitions=1/1 files=1 size=2.17MB
|     predicates: tpcds_partitioned_parquet_snap.date_dim_1.d_quarter_name = '1999Q1' OR tpcds_partitioned_parquet_snap.date_dim_1.d_quarter_name = '1999Q2' OR tpcds_partitioned_parquet_snap.date_dim_1.d_quarter_name = '1999Q3'
|     stored statistics:
|       table: rows=73.05K size=2.17MB
|       columns: all
|     extrapolated-rows=disabled max-scan-range-rows=73.05K
|     parquet dictionary predicates: tpcds_partitioned_parquet_snap.date_dim_1.d_quarter_name = '1999Q1' OR tpcds_partitioned_parquet_snap.date_dim_1.d_quarter_name = '1999Q2' OR tpcds_partitioned_parquet_snap.date_dim_1.d_quarter_name = '1999Q3'
|     mem-estimate=16.00MB mem-reservation=4.00MB thread-reservation=0
|     tuple-ids=12 row-size=237B cardinality=273 cost=112653
|     in pipelines: 11(GETNEXT)
|
10:HASH JOIN [INNER JOIN, PARTITIONED]
|  hash-table-id=02
|  hash predicates: tpcds_partitioned_parquet_snap.catalog_sales.cs_bill_customer_sk = tpcds_partitioned_parquet_snap.store_returns.sr_customer_sk, tpcds_partitioned_parquet_snap.catalog_sales.cs_item_sk = tpcds_partitioned_parquet_snap.store_returns.sr_item_sk
|  fk/pk conjuncts: tpcds_partitioned_parquet_snap.catalog_sales.cs_bill_customer_sk = tpcds_partitioned_parquet_snap.store_returns.sr_customer_sk, tpcds_partitioned_parquet_snap.catalog_sales.cs_item_sk = tpcds_partitioned_parquet_snap.store_returns.sr_item_sk
|  mem-estimate=0B mem-reservation=0B spill-buffer=2.00MB thread-reservation=0
|  tuple-ids=0,2,4,6,8,10 row-size=1.17KB cardinality=203.80M cost=202144319
|  in pipelines: 00(GETNEXT), 01(OPEN)
|
|--F14:PLAN FRAGMENT [HASH(tpcds_partitioned_parquet_snap.catalog_sales.cs_bill_customer_sk,tpcds_partitioned_parquet_snap.catalog_sales.cs_item_sk)] hosts=10 instances=20 (adjusted from 120)
|  |  Per-Instance Resources: mem-estimate=2.12GB mem-reservation=51.00MB thread-reservation=1 runtime-filters-memory=17.00MB
|  |  max-parallelism=100 segment-costs=[249981541] cpu-comparison-result=185 [max(151 (self) vs 185 (sum children))]
|  JOIN BUILD
|  |  join-table-id=02 plan-id=03 cohort-id=01
|  |  build expressions: tpcds_partitioned_parquet_snap.store_returns.sr_customer_sk, tpcds_partitioned_parquet_snap.store_returns.sr_item_sk
|  |  runtime filters: RF004[bloom] <- tpcds_partitioned_parquet_snap.store_returns.sr_customer_sk, RF005[bloom] <- tpcds_partitioned_parquet_snap.store_returns.sr_item_sk, RF006[min_max] <- tpcds_partitioned_parquet_snap.store_returns.sr_customer_sk, RF007[min_max] <- tpcds_partitioned_parquet_snap.store_returns.sr_item_sk
|  |  mem-estimate=2.05GB mem-reservation=34.00MB spill-buffer=2.00MB thread-reservation=0 cost=40758026
|  |
|  23:EXCHANGE [HASH(tpcds_partitioned_parquet_snap.store_returns.sr_customer_sk,tpcds_partitioned_parquet_snap.store_returns.sr_item_sk)]
|  |  mem-estimate=52.18MB mem-reservation=0B thread-reservation=0
|  |  tuple-ids=2,4,6,8,10 row-size=1.04KB cardinality=40.76M cost=209223515
|  |  in pipelines: 01(GETNEXT)
|  |
|  F04:PLAN FRAGMENT [HASH(tpcds_partitioned_parquet_snap.store_sales.ss_customer_sk,tpcds_partitioned_parquet_snap.store_sales.ss_item_sk,tpcds_partitioned_parquet_snap.store_sales.ss_ticket_number)] hosts=10 instances=40 (adjusted from 120)
|  Per-Instance Resources: mem-estimate=103.24MB mem-reservation=0B thread-reservation=1
|  max-parallelism=320 segment-costs=[3137334885]
|  09:HASH JOIN [INNER JOIN, BROADCAST]
|  |  hash-table-id=03
|  |  hash predicates: tpcds_partitioned_parquet_snap.store_sales.ss_item_sk = tpcds_partitioned_parquet_snap.item.i_item_sk
|  |  fk/pk conjuncts: tpcds_partitioned_parquet_snap.store_sales.ss_item_sk = tpcds_partitioned_parquet_snap.item.i_item_sk
|  |  mem-estimate=0B mem-reservation=0B spill-buffer=2.00MB thread-reservation=0
|  |  tuple-ids=2,4,6,8,10 row-size=1.04KB cardinality=40.76M cost=17845015
|  |  in pipelines: 01(GETNEXT), 08(OPEN)
|  |
|  |--F15:PLAN FRAGMENT [HASH(tpcds_partitioned_parquet_snap.store_sales.ss_customer_sk,tpcds_partitioned_parquet_snap.store_sales.ss_item_sk,tpcds_partitioned_parquet_snap.store_sales.ss_ticket_number)] hosts=10 instances=10
|  |  |  Per-Instance Resources: mem-estimate=163.82MB mem-reservation=137.00MB thread-reservation=1 runtime-filters-memory=1.00MB
|  |  |  max-parallelism=10 segment-costs=[838440]
|  |  JOIN BUILD
|  |  |  join-table-id=03 plan-id=04 cohort-id=02
|  |  |  build expressions: tpcds_partitioned_parquet_snap.item.i_item_sk
|  |  |  runtime filters: RF008[bloom] <- tpcds_partitioned_parquet_snap.item.i_item_sk, RF009[min_max] <- tpcds_partitioned_parquet_snap.item.i_item_sk
|  |  |  mem-estimate=151.22MB mem-reservation=136.00MB spill-buffer=2.00MB thread-reservation=0 cost=360000
|  |  |
|  |  21:EXCHANGE [BROADCAST]
|  |  |  mem-estimate=11.60MB mem-reservation=0B thread-reservation=0
|  |  |  tuple-ids=10 row-size=405B cardinality=360.00K cost=478440
|  |  |  in pipelines: 08(GETNEXT)
|  |  |
|  |  F06:PLAN FRAGMENT [RANDOM] hosts=4 instances=4
|  |  Per-Instance Resources: mem-estimate=17.60MB mem-reservation=512.00KB thread-reservation=1
|  |  max-parallelism=4 segment-costs=[1757529]
|  |  08:SCAN HDFS [tpcds_partitioned_parquet_snap.item, RANDOM]
|  |     HDFS partitions=1/1 files=1 size=33.54MB
|  |     stored statistics:
|  |       table: rows=360.00K size=33.54MB
|  |       columns: all
|  |     extrapolated-rows=disabled max-scan-range-rows=101.54K
|  |     mem-estimate=16.00MB mem-reservation=512.00KB thread-reservation=0
|  |     tuple-ids=10 row-size=405B cardinality=360.00K cost=1355609
|  |     in pipelines: 08(GETNEXT)
|  |
|  07:HASH JOIN [INNER JOIN, BROADCAST]
|  |  hash-table-id=04
|  |  hash predicates: tpcds_partitioned_parquet_snap.store_sales.ss_sold_date_sk = tpcds_partitioned_parquet_snap.date_dim_0.d_date_sk
|  |  fk/pk conjuncts: tpcds_partitioned_parquet_snap.store_sales.ss_sold_date_sk = tpcds_partitioned_parquet_snap.date_dim_0.d_date_sk
|  |  mem-estimate=0B mem-reservation=0B spill-buffer=64.00KB thread-reservation=0
|  |  tuple-ids=2,4,6,8 row-size=654B cardinality=40.78M cost=25985087
|  |  in pipelines: 01(GETNEXT), 06(OPEN)
|  |
|  |--F16:PLAN FRAGMENT [HASH(tpcds_partitioned_parquet_snap.store_sales.ss_customer_sk,tpcds_partitioned_parquet_snap.store_sales.ss_item_sk,tpcds_partitioned_parquet_snap.store_sales.ss_ticket_number)] hosts=10 instances=10
|  |  |  Per-Instance Resources: mem-estimate=8.79MB mem-reservation=8.75MB thread-reservation=1 runtime-filters-memory=1.00MB
|  |  |  max-parallelism=10 segment-costs=[211]
|  |  JOIN BUILD
|  |  |  join-table-id=04 plan-id=05 cohort-id=02
|  |  |  build expressions: tpcds_partitioned_parquet_snap.date_dim_0.d_date_sk
|  |  |  runtime filters: RF010[bloom] <- tpcds_partitioned_parquet_snap.date_dim_0.d_date_sk
|  |  |  mem-estimate=7.75MB mem-reservation=7.75MB spill-buffer=64.00KB thread-reservation=0 cost=91
|  |  |
|  |  20:EXCHANGE [BROADCAST]
|  |  |  mem-estimate=42.50KB mem-reservation=0B thread-reservation=0
|  |  |  tuple-ids=8 row-size=237B cardinality=91 cost=120
|  |  |  in pipelines: 06(GETNEXT)
|  |  |
|  |  F05:PLAN FRAGMENT [RANDOM] hosts=1 instances=1
|  |  Per-Instance Resources: mem-estimate=16.94MB mem-reservation=4.00MB thread-reservation=1
|  |  max-parallelism=1 segment-costs=[112713]
|  |  06:SCAN HDFS [tpcds_partitioned_parquet_snap.date_dim, RANDOM]
|  |     HDFS partitions=1/1 files=1 size=2.17MB
|  |     predicates: tpcds_partitioned_parquet_snap.date_dim_0.d_quarter_name = '1999Q1'
|  |     stored statistics:
|  |       table: rows=73.05K size=2.17MB
|  |       columns: all
|  |     extrapolated-rows=disabled max-scan-range-rows=73.05K
|  |     parquet statistics predicates: tpcds_partitioned_parquet_snap.date_dim_0.d_quarter_name = '1999Q1'
|  |     parquet dictionary predicates: tpcds_partitioned_parquet_snap.date_dim_0.d_quarter_name = '1999Q1'
|  |     mem-estimate=16.00MB mem-reservation=4.00MB thread-reservation=0
|  |     tuple-ids=8 row-size=237B cardinality=91 cost=112653
|  |     in pipelines: 06(GETNEXT)
|  |
|  05:HASH JOIN [INNER JOIN, PARTITIONED]
|  |  hash-table-id=05
|  |  hash predicates: tpcds_partitioned_parquet_snap.store_sales.ss_customer_sk = tpcds_partitioned_parquet_snap.store_returns.sr_customer_sk, tpcds_partitioned_parquet_snap.store_sales.ss_item_sk = tpcds_partitioned_parquet_snap.store_returns.sr_item_sk, tpcds_partitioned_parquet_snap.store_sales.ss_ticket_number = tpcds_partitioned_parquet_snap.store_returns.sr_ticket_number
|  |  fk/pk conjuncts: tpcds_partitioned_parquet_snap.store_sales.ss_customer_sk = tpcds_partitioned_parquet_snap.store_returns.sr_customer_sk, tpcds_partitioned_parquet_snap.store_sales.ss_item_sk = tpcds_partitioned_parquet_snap.store_returns.sr_item_sk, tpcds_partitioned_parquet_snap.store_sales.ss_ticket_number = tpcds_partitioned_parquet_snap.store_returns.sr_ticket_number
|  |  mem-estimate=0B mem-reservation=0B spill-buffer=2.00MB thread-reservation=0
|  |  tuple-ids=2,4,6 row-size=417B cardinality=72.50M(filtered from 817.36M) cost=166701772
|  |  in pipelines: 01(GETNEXT), 02(OPEN)
|  |
|  |--F17:PLAN FRAGMENT [HASH(tpcds_partitioned_parquet_snap.store_sales.ss_customer_sk,tpcds_partitioned_parquet_snap.store_sales.ss_item_sk,tpcds_partitioned_parquet_snap.store_sales.ss_ticket_number)] hosts=10 instances=40 (adjusted from 120)
|  |  |  Per-Instance Resources: mem-estimate=1.03GB mem-reservation=67.00MB thread-reservation=1 runtime-filters-memory=33.00MB
|  |  |  max-parallelism=320 segment-costs=[308978502] cpu-comparison-result=160 [max(160 (self) vs 11 (sum children))]
|  |  JOIN BUILD
|  |  |  join-table-id=05 plan-id=06 cohort-id=02
|  |  |  build expressions: tpcds_partitioned_parquet_snap.store_returns.sr_customer_sk, tpcds_partitioned_parquet_snap.store_returns.sr_item_sk, tpcds_partitioned_parquet_snap.store_returns.sr_ticket_number
|  |  |  runtime filters: RF012[bloom] <- tpcds_partitioned_parquet_snap.store_returns.sr_customer_sk, RF013[bloom] <- tpcds_partitioned_parquet_snap.store_returns.sr_item_sk, RF014[bloom] <- tpcds_partitioned_parquet_snap.store_returns.sr_ticket_number, RF015[min_max] <- tpcds_partitioned_parquet_snap.store_returns.sr_customer_sk, RF016[min_max] <- tpcds_partitioned_parquet_snap.store_returns.sr_item_sk, RF017[min_max] <- tpcds_partitioned_parquet_snap.store_returns.sr_ticket_number
|  |  |  mem-estimate=977.98MB mem-reservation=34.00MB spill-buffer=2.00MB thread-reservation=0 cost=117699051
|  |  |
|  |  19:EXCHANGE [HASH(tpcds_partitioned_parquet_snap.store_returns.sr_customer_sk,tpcds_partitioned_parquet_snap.store_returns.sr_item_sk,tpcds_partitioned_parquet_snap.store_returns.sr_ticket_number)]
|  |  |  mem-estimate=48.57MB mem-reservation=0B thread-reservation=0
|  |  |  tuple-ids=4,6 row-size=321B cardinality=117.70M cost=191279451
|  |  |  in pipelines: 02(GETNEXT)
|  |  |
|  |  F02:PLAN FRAGMENT [RANDOM] hosts=10 instances=120
|  |  Per-Host Shared Resources: mem-estimate=2.00MB mem-reservation=2.00MB thread-reservation=0 runtime-filters-memory=2.00MB
|  |  Per-Instance Resources: mem-estimate=67.43MB mem-reservation=512.00KB thread-reservation=1
|  |  max-parallelism=273 segment-costs=[2749367408]
|  |  04:HASH JOIN [INNER JOIN, BROADCAST]
|  |  |  hash-table-id=06
|  |  |  hash predicates: tpcds_partitioned_parquet_snap.store_returns.sr_returned_date_sk = tpcds_partitioned_parquet_snap.date_dim.d_date_sk
|  |  |  fk/pk conjuncts: tpcds_partitioned_parquet_snap.store_returns.sr_returned_date_sk = tpcds_partitioned_parquet_snap.date_dim.d_date_sk
|  |  |  mem-estimate=0B mem-reservation=0B spill-buffer=64.00KB thread-reservation=0
|  |  |  tuple-ids=4,6 row-size=321B cardinality=117.70M cost=51516874
|  |  |  in pipelines: 02(GETNEXT), 03(OPEN)
|  |  |
|  |  |--F18:PLAN FRAGMENT [RANDOM] hosts=10 instances=10
|  |  |  |  Per-Instance Resources: mem-estimate=24.37MB mem-reservation=24.25MB thread-reservation=1 runtime-filters-memory=1.00MB
|  |  |  |  max-parallelism=10 segment-costs=[633]
|  |  |  JOIN BUILD
|  |  |  |  join-table-id=06 plan-id=07 cohort-id=03
|  |  |  |  build expressions: tpcds_partitioned_parquet_snap.date_dim.d_date_sk
|  |  |  |  runtime filters: RF018[bloom] <- tpcds_partitioned_parquet_snap.date_dim.d_date_sk
|  |  |  |  mem-estimate=23.25MB mem-reservation=23.25MB spill-buffer=64.00KB thread-reservation=0 cost=273
|  |  |  |
|  |  |  17:EXCHANGE [BROADCAST]
|  |  |  |  mem-estimate=127.51KB mem-reservation=0B thread-reservation=0
|  |  |  |  tuple-ids=6 row-size=237B cardinality=273 cost=360
|  |  |  |  in pipelines: 03(GETNEXT)
|  |  |  |
|  |  |  F03:PLAN FRAGMENT [RANDOM] hosts=1 instances=1
|  |  |  Per-Instance Resources: mem-estimate=16.94MB mem-reservation=4.00MB thread-reservation=1
|  |  |  max-parallelism=1 segment-costs=[112833]
|  |  |  03:SCAN HDFS [tpcds_partitioned_parquet_snap.date_dim, RANDOM]
|  |  |     HDFS partitions=1/1 files=1 size=2.17MB
|  |  |     predicates: tpcds_partitioned_parquet_snap.date_dim.d_quarter_name = '1999Q1' OR tpcds_partitioned_parquet_snap.date_dim.d_quarter_name = '1999Q2' OR tpcds_partitioned_parquet_snap.date_dim.d_quarter_name = '1999Q3'
|  |  |     stored statistics:
|  |  |       table: rows=73.05K size=2.17MB
|  |  |       columns: all
|  |  |     extrapolated-rows=disabled max-scan-range-rows=73.05K
|  |  |     parquet dictionary predicates: tpcds_partitioned_parquet_snap.date_dim.d_quarter_name = '1999Q1' OR tpcds_partitioned_parquet_snap.date_dim.d_quarter_name = '1999Q2' OR tpcds_partitioned_parquet_snap.date_dim.d_quarter_name = '1999Q3'
|  |  |     mem-estimate=16.00MB mem-reservation=4.00MB thread-reservation=0
|  |  |     tuple-ids=6 row-size=237B cardinality=273 cost=112653
|  |  |     in pipelines: 03(GETNEXT)
|  |  |
|  |  02:SCAN HDFS [tpcds_partitioned_parquet_snap.store_returns, RANDOM]
|  |     HDFS partitions=2004/2004 files=2004 size=48.14GB
|  |     runtime filters: RF009[min_max] -> tpcds_partitioned_parquet_snap.store_returns.sr_item_sk, RF018[bloom] -> tpcds_partitioned_parquet_snap.store_returns.sr_returned_date_sk, RF008[bloom] -> tpcds_partitioned_parquet_snap.store_returns.sr_item_sk
|  |     stored statistics:
|  |       table: rows=863.99M size=48.14GB
|  |       partitions: 2004/2004 rows=863.99M
|  |       columns: all
|  |     extrapolated-rows=disabled max-scan-range-rows=30.09M est-scan-range=273(filtered from 2004)
|  |     mem-estimate=16.00MB mem-reservation=512.00KB thread-reservation=0
|  |     tuple-ids=4 row-size=84B cardinality=117.70M(filtered from 863.99M) cost=142368772
|  |     in pipelines: 02(GETNEXT)
|  |
|  18:EXCHANGE [HASH(tpcds_partitioned_parquet_snap.store_sales.ss_customer_sk,tpcds_partitioned_parquet_snap.store_sales.ss_item_sk,tpcds_partitioned_parquet_snap.store_sales.ss_ticket_number)]
|  |  mem-estimate=18.89MB mem-reservation=0B thread-reservation=0
|  |  tuple-ids=2 row-size=96B cardinality=72.50M(filtered from 8.64G) cost=40070298
|  |  in pipelines: 01(GETNEXT)
|  |
|  F01:PLAN FRAGMENT [RANDOM] hosts=10 instances=91 (adjusted from 120)
|  Per-Host Shared Resources: mem-estimate=36.00MB mem-reservation=36.00MB thread-reservation=0 runtime-filters-memory=36.00MB
|  Per-Instance Resources: mem-estimate=31.62MB mem-reservation=8.00MB thread-reservation=1
|  max-parallelism=91 segment-costs=[1081453223]
|  01:SCAN HDFS [tpcds_partitioned_parquet_snap.store_sales, RANDOM]
|     HDFS partitions=1824/1824 files=1824 size=389.90GB
|     runtime filters: RF015[min_max] -> tpcds_partitioned_parquet_snap.store_sales.ss_customer_sk, RF016[min_max] -> tpcds_partitioned_parquet_snap.store_sales.ss_item_sk, RF017[min_max] -> tpcds_partitioned_parquet_snap.store_sales.ss_ticket_number, RF009[min_max] -> tpcds_partitioned_parquet_snap.store_sales.ss_item_sk, RF001[min_max] -> tpcds_partitioned_parquet_snap.store_sales.ss_store_sk, RF010[bloom] -> tpcds_partitioned_parquet_snap.store_sales.ss_sold_date_sk, RF012[bloom] -> tpcds_partitioned_parquet_snap.store_sales.ss_customer_sk, RF013[bloom] -> tpcds_partitioned_parquet_snap.store_sales.ss_item_sk, RF014[bloom] -> tpcds_partitioned_parquet_snap.store_sales.ss_ticket_number, RF008[bloom] -> tpcds_partitioned_parquet_snap.store_sales.ss_item_sk, RF000[bloom] -> tpcds_partitioned_parquet_snap.store_sales.ss_store_sk
|     stored statistics:
|       table: rows=8.64G size=389.90GB
|       partitions: 1824/1824 rows=8.64G
|       columns: all
|     extrapolated-rows=disabled max-scan-range-rows=390.22M est-scan-range=91(filtered from 1824)
|     mem-estimate=16.00MB mem-reservation=8.00MB thread-reservation=0
|     tuple-ids=2 row-size=96B cardinality=72.50M(filtered from 8.64G) cost=595882689
|     in pipelines: 01(GETNEXT)
|
22:EXCHANGE [HASH(tpcds_partitioned_parquet_snap.catalog_sales.cs_bill_customer_sk,tpcds_partitioned_parquet_snap.catalog_sales.cs_item_sk)]
|  mem-estimate=26.88MB mem-reservation=0B thread-reservation=0
|  tuple-ids=0 row-size=140B cardinality=644.12M(filtered from 4.32G) cost=486374009
|  in pipelines: 00(GETNEXT)
|
F00:PLAN FRAGMENT [RANDOM] hosts=10 instances=120
Per-Host Shared Resources: mem-estimate=18.00MB mem-reservation=18.00MB thread-reservation=0 runtime-filters-memory=18.00MB
Per-Instance Resources: mem-estimate=27.25MB mem-reservation=1.00MB thread-reservation=1
max-parallelism=274 segment-costs=[7437767128]
00:SCAN HDFS [tpcds_partitioned_parquet_snap.catalog_sales, RANDOM]
   HDFS partitions=1831/1831 files=1831 size=280.96GB
   runtime filters: RF006[min_max] -> tpcds_partitioned_parquet_snap.catalog_sales.cs_bill_customer_sk, RF007[min_max] -> tpcds_partitioned_parquet_snap.catalog_sales.cs_item_sk, RF004[bloom] -> tpcds_partitioned_parquet_snap.catalog_sales.cs_bill_customer_sk, RF005[bloom] -> tpcds_partitioned_parquet_snap.catalog_sales.cs_item_sk, RF002[bloom] -> tpcds_partitioned_parquet_snap.catalog_sales.cs_sold_date_sk
   stored statistics:
     table: rows=4.32G size=280.96GB
     partitions: 1831/1831 rows=4.32G
     columns: all
   extrapolated-rows=disabled max-scan-range-rows=21.52M est-scan-range=274(filtered from 1831)
   mem-estimate=16.00MB mem-reservation=1.00MB thread-reservation=0
   tuple-ids=0 row-size=140B cardinality=644.12M(filtered from 4.32G) cost=1298543242
   in pipelines: 00(GETNEXT)
---- PARALLELPLANS
Max Per-Host Resource Reservation: Memory=856.48MB Threads=59
Per-Host Resource Estimates: Memory=11.83GB
F11:PLAN FRAGMENT [UNPARTITIONED] hosts=1 instances=1
|  Per-Instance Resources: mem-estimate=4.44MB mem-reservation=4.00MB thread-reservation=1
|  max-parallelism=1 segment-costs=[1570] cpu-comparison-result=207 [max(1 (self) vs 207 (sum children))]
PLAN-ROOT SINK
|  output exprs: tpcds_partitioned_parquet_snap.item.i_item_id, tpcds_partitioned_parquet_snap.item.i_item_desc, tpcds_partitioned_parquet_snap.store.s_state, count(tpcds_partitioned_parquet_snap.store_sales.ss_quantity), avg(tpcds_partitioned_parquet_snap.store_sales.ss_quantity), stddev_samp(tpcds_partitioned_parquet_snap.store_sales.ss_quantity), divide(stddev_samp(tpcds_partitioned_parquet_snap.store_sales.ss_quantity), avg(tpcds_partitioned_parquet_snap.store_sales.ss_quantity)), count(tpcds_partitioned_parquet_snap.store_returns.sr_return_quantity), avg(tpcds_partitioned_parquet_snap.store_returns.sr_return_quantity), stddev_samp(tpcds_partitioned_parquet_snap.store_returns.sr_return_quantity), divide(stddev_samp(tpcds_partitioned_parquet_snap.store_returns.sr_return_quantity), avg(tpcds_partitioned_parquet_snap.store_returns.sr_return_quantity)), count(tpcds_partitioned_parquet_snap.catalog_sales.cs_quantity), avg(tpcds_partitioned_parquet_snap.catalog_sales.cs_quantity), stddev_samp(tpcds_partitioned_parquet_snap.catalog_sales.cs_quantity), divide(stddev_samp(tpcds_partitioned_parquet_snap.catalog_sales.cs_quantity), avg(tpcds_partitioned_parquet_snap.catalog_sales.cs_quantity))
|  mem-estimate=4.00MB mem-reservation=4.00MB spill-buffer=2.00MB thread-reservation=0 cost=1500
|
28:MERGING-EXCHANGE [UNPARTITIONED]
|  order by: tpcds_partitioned_parquet_snap.item.i_item_id ASC NULLS LAST, tpcds_partitioned_parquet_snap.item.i_item_desc ASC NULLS LAST, tpcds_partitioned_parquet_snap.store.s_state ASC NULLS LAST
|  limit: 100
|  mem-estimate=452.60KB mem-reservation=0B thread-reservation=0
|  tuple-ids=18 row-size=227B cardinality=100 cost=70
|  in pipelines: 16(GETNEXT)
|
F10:PLAN FRAGMENT [HASH(tpcds_partitioned_parquet_snap.item.i_item_id,tpcds_partitioned_parquet_snap.item.i_item_desc,tpcds_partitioned_parquet_snap.store.s_state)] hosts=10 instances=20 (adjusted from 120)
Per-Instance Resources: mem-estimate=356.05MB mem-reservation=34.00MB thread-reservation=1
max-parallelism=20 segment-costs=[139966888, 137237408, 625] cpu-comparison-result=207 [max(20 (self) vs 207 (sum children))]
16:TOP-N [LIMIT=100]
|  order by: tpcds_partitioned_parquet_snap.item.i_item_id ASC NULLS LAST, tpcds_partitioned_parquet_snap.item.i_item_desc ASC NULLS LAST, tpcds_partitioned_parquet_snap.store.s_state ASC NULLS LAST
|  mem-estimate=22.13KB mem-reservation=0B thread-reservation=0
|  tuple-ids=18 row-size=227B cardinality=100 cost=137237408
|  in pipelines: 16(GETNEXT), 27(OPEN)
|
27:AGGREGATE [FINALIZE]
|  output: count:merge(tpcds_partitioned_parquet_snap.store_sales.ss_quantity), avg:merge(tpcds_partitioned_parquet_snap.store_sales.ss_quantity), stddev_samp:merge(tpcds_partitioned_parquet_snap.store_sales.ss_quantity), count:merge(tpcds_partitioned_parquet_snap.store_returns.sr_return_quantity), avg:merge(tpcds_partitioned_parquet_snap.store_returns.sr_return_quantity), stddev_samp:merge(tpcds_partitioned_parquet_snap.store_returns.sr_return_quantity), count:merge(tpcds_partitioned_parquet_snap.catalog_sales.cs_quantity), avg:merge(tpcds_partitioned_parquet_snap.catalog_sales.cs_quantity), stddev_samp:merge(tpcds_partitioned_parquet_snap.catalog_sales.cs_quantity)
|  group by: tpcds_partitioned_parquet_snap.item.i_item_id, tpcds_partitioned_parquet_snap.item.i_item_desc, tpcds_partitioned_parquet_snap.store.s_state
|  mem-estimate=341.55MB mem-reservation=34.00MB spill-buffer=2.00MB thread-reservation=0
|  tuple-ids=17 row-size=227B cardinality=10.44M cost=105339763
|  in pipelines: 27(GETNEXT), 00(OPEN)
|
26:EXCHANGE [HASH(tpcds_partitioned_parquet_snap.item.i_item_id,tpcds_partitioned_parquet_snap.item.i_item_desc,tpcds_partitioned_parquet_snap.store.s_state)]
|  mem-estimate=14.50MB mem-reservation=0B thread-reservation=0
|  tuple-ids=16 row-size=227B cardinality=30.02M cost=34627125
|  in pipelines: 00(GETNEXT)
|
F07:PLAN FRAGMENT [HASH(tpcds_partitioned_parquet_snap.catalog_sales.cs_bill_customer_sk,tpcds_partitioned_parquet_snap.catalog_sales.cs_item_sk)] hosts=10 instances=20 (adjusted from 120)
Per-Instance Resources: mem-estimate=304.17MB mem-reservation=34.00MB thread-reservation=1
max-parallelism=100 segment-costs=[954313819, 453552662] cpu-comparison-result=207 [max(140 (self) vs 207 (sum children))]
15:AGGREGATE [STREAMING]
|  output: count(tpcds_partitioned_parquet_snap.store_sales.ss_quantity), avg(CAST(tpcds_partitioned_parquet_snap.store_sales.ss_quantity AS BIGINT)), stddev_samp(tpcds_partitioned_parquet_snap.store_sales.ss_quantity), count(tpcds_partitioned_parquet_snap.store_returns.sr_return_quantity), avg(CAST(tpcds_partitioned_parquet_snap.store_returns.sr_return_quantity AS BIGINT)), stddev_samp(tpcds_partitioned_parquet_snap.store_returns.sr_return_quantity), count(tpcds_partitioned_parquet_snap.catalog_sales.cs_quantity), avg(CAST(tpcds_partitioned_parquet_snap.catalog_sales.cs_quantity AS BIGINT)), stddev_samp(tpcds_partitioned_parquet_snap.catalog_sales.cs_quantity)
|  group by: tpcds_partitioned_parquet_snap.item.i_item_id, tpcds_partitioned_parquet_snap.item.i_item_desc, tpcds_partitioned_parquet_snap.store.s_state
|  mem-estimate=259.28MB mem-reservation=34.00MB spill-buffer=2.00MB thread-reservation=0
|  tuple-ids=16 row-size=227B cardinality=30.02M cost=194715990
|  in pipelines: 00(GETNEXT)
|
14:HASH JOIN [INNER JOIN, BROADCAST]
|  hash-table-id=00
|  hash predicates: tpcds_partitioned_parquet_snap.store_sales.ss_store_sk = tpcds_partitioned_parquet_snap.store.s_store_sk
|  fk/pk conjuncts: tpcds_partitioned_parquet_snap.store_sales.ss_store_sk = tpcds_partitioned_parquet_snap.store.s_store_sk
|  mem-estimate=0B mem-reservation=0B spill-buffer=64.00KB thread-reservation=0
|  tuple-ids=0,2,4,6,8,10,12,14 row-size=1.85KB cardinality=30.39M cost=13299859
|  in pipelines: 00(GETNEXT), 13(OPEN)
|
|--F12:PLAN FRAGMENT [HASH(tpcds_partitioned_parquet_snap.catalog_sales.cs_bill_customer_sk,tpcds_partitioned_parquet_snap.catalog_sales.cs_item_sk)] hosts=10 instances=10
|  |  Per-Instance Resources: mem-estimate=5.92MB mem-reservation=4.88MB thread-reservation=1 runtime-filters-memory=1.00MB
|  |  max-parallelism=10 segment-costs=[3140]
|  JOIN BUILD
|  |  join-table-id=00 plan-id=01 cohort-id=01
|  |  build expressions: tpcds_partitioned_parquet_snap.store.s_store_sk
|  |  runtime filters: RF000[bloom] <- tpcds_partitioned_parquet_snap.store.s_store_sk, RF001[min_max] <- tpcds_partitioned_parquet_snap.store.s_store_sk
|  |  mem-estimate=3.88MB mem-reservation=3.88MB spill-buffer=64.00KB thread-reservation=0 cost=1350
|  |
|  25:EXCHANGE [BROADCAST]
|  |  mem-estimate=1.04MB mem-reservation=0B thread-reservation=0
|  |  tuple-ids=14 row-size=459B cardinality=1.35K cost=1790
|  |  in pipelines: 13(GETNEXT)
|  |
|  F09:PLAN FRAGMENT [RANDOM] hosts=1 instances=1
|  Per-Instance Resources: mem-estimate=17.81MB mem-reservation=232.00KB thread-reservation=1
|  max-parallelism=1 segment-costs=[6419]
|  13:SCAN HDFS [tpcds_partitioned_parquet_snap.store, RANDOM]
|     HDFS partitions=1/1 files=1 size=119.76KB
|     stored statistics:
|       table: rows=1.35K size=119.76KB
|       columns: all
|     extrapolated-rows=disabled max-scan-range-rows=1.35K
|     mem-estimate=16.00MB mem-reservation=232.00KB thread-reservation=0
|     tuple-ids=14 row-size=459B cardinality=1.35K cost=4718
|     in pipelines: 13(GETNEXT)
|
12:HASH JOIN [INNER JOIN, BROADCAST]
|  hash-table-id=01
|  hash predicates: tpcds_partitioned_parquet_snap.catalog_sales.cs_sold_date_sk = tpcds_partitioned_parquet_snap.date_dim_1.d_date_sk
|  fk/pk conjuncts: tpcds_partitioned_parquet_snap.catalog_sales.cs_sold_date_sk = tpcds_partitioned_parquet_snap.date_dim_1.d_date_sk
|  mem-estimate=0B mem-reservation=0B spill-buffer=64.00KB thread-reservation=0
|  tuple-ids=0,2,4,6,8,10,12 row-size=1.40KB cardinality=30.39M cost=57779642
|  in pipelines: 00(GETNEXT), 11(OPEN)
|
|--F13:PLAN FRAGMENT [HASH(tpcds_partitioned_parquet_snap.catalog_sales.cs_bill_customer_sk,tpcds_partitioned_parquet_snap.catalog_sales.cs_item_sk)] hosts=10 instances=10
|  |  Per-Instance Resources: mem-estimate=5.00MB mem-reservation=4.88MB thread-reservation=1 runtime-filters-memory=1.00MB
|  |  max-parallelism=10 segment-costs=[633]
|  JOIN BUILD
|  |  join-table-id=01 plan-id=02 cohort-id=01
|  |  build expressions: tpcds_partitioned_parquet_snap.date_dim_1.d_date_sk
|  |  runtime filters: RF002[bloom] <- tpcds_partitioned_parquet_snap.date_dim_1.d_date_sk
|  |  mem-estimate=3.88MB mem-reservation=3.88MB spill-buffer=64.00KB thread-reservation=0 cost=273
|  |
|  24:EXCHANGE [BROADCAST]
|  |  mem-estimate=127.51KB mem-reservation=0B thread-reservation=0
|  |  tuple-ids=12 row-size=237B cardinality=273 cost=360
|  |  in pipelines: 11(GETNEXT)
|  |
|  F08:PLAN FRAGMENT [RANDOM] hosts=1 instances=1
|  Per-Instance Resources: mem-estimate=16.94MB mem-reservation=4.00MB thread-reservation=1
|  max-parallelism=1 segment-costs=[112833]
|  11:SCAN HDFS [tpcds_partitioned_parquet_snap.date_dim, RANDOM]
|     HDFS partitions=1/1 files=1 size=2.17MB
|     predicates: tpcds_partitioned_parquet_snap.date_dim_1.d_quarter_name = '1999Q1' OR tpcds_partitioned_parquet_snap.date_dim_1.d_quarter_name = '1999Q2' OR tpcds_partitioned_parquet_snap.date_dim_1.d_quarter_name = '1999Q3'
|     stored statistics:
|       table: rows=73.05K size=2.17MB
|       columns: all
|     extrapolated-rows=disabled max-scan-range-rows=73.05K
|     parquet dictionary predicates: tpcds_partitioned_parquet_snap.date_dim_1.d_quarter_name = '1999Q1' OR tpcds_partitioned_parquet_snap.date_dim_1.d_quarter_name = '1999Q2' OR tpcds_partitioned_parquet_snap.date_dim_1.d_quarter_name = '1999Q3'
|     mem-estimate=16.00MB mem-reservation=4.00MB thread-reservation=0
|     tuple-ids=12 row-size=237B cardinality=273 cost=112653
|     in pipelines: 11(GETNEXT)
|
10:HASH JOIN [INNER JOIN, PARTITIONED]
|  hash-table-id=02
|  hash predicates: tpcds_partitioned_parquet_snap.catalog_sales.cs_bill_customer_sk = tpcds_partitioned_parquet_snap.store_returns.sr_customer_sk, tpcds_partitioned_parquet_snap.catalog_sales.cs_item_sk = tpcds_partitioned_parquet_snap.store_returns.sr_item_sk
|  fk/pk conjuncts: tpcds_partitioned_parquet_snap.catalog_sales.cs_bill_customer_sk = tpcds_partitioned_parquet_snap.store_returns.sr_customer_sk, tpcds_partitioned_parquet_snap.catalog_sales.cs_item_sk = tpcds_partitioned_parquet_snap.store_returns.sr_item_sk
|  mem-estimate=0B mem-reservation=0B spill-buffer=2.00MB thread-reservation=0
|  tuple-ids=0,2,4,6,8,10 row-size=1.17KB cardinality=203.80M cost=202144319
|  in pipelines: 00(GETNEXT), 01(OPEN)
|
|--F14:PLAN FRAGMENT [HASH(tpcds_partitioned_parquet_snap.catalog_sales.cs_bill_customer_sk,tpcds_partitioned_parquet_snap.catalog_sales.cs_item_sk)] hosts=10 instances=20 (adjusted from 120)
|  |  Per-Instance Resources: mem-estimate=2.12GB mem-reservation=51.00MB thread-reservation=1 runtime-filters-memory=17.00MB
|  |  max-parallelism=100 segment-costs=[249981541] cpu-comparison-result=185 [max(151 (self) vs 185 (sum children))]
|  JOIN BUILD
|  |  join-table-id=02 plan-id=03 cohort-id=01
|  |  build expressions: tpcds_partitioned_parquet_snap.store_returns.sr_customer_sk, tpcds_partitioned_parquet_snap.store_returns.sr_item_sk
|  |  runtime filters: RF004[bloom] <- tpcds_partitioned_parquet_snap.store_returns.sr_customer_sk, RF005[bloom] <- tpcds_partitioned_parquet_snap.store_returns.sr_item_sk, RF006[min_max] <- tpcds_partitioned_parquet_snap.store_returns.sr_customer_sk, RF007[min_max] <- tpcds_partitioned_parquet_snap.store_returns.sr_item_sk
|  |  mem-estimate=2.05GB mem-reservation=34.00MB spill-buffer=2.00MB thread-reservation=0 cost=40758026
|  |
|  23:EXCHANGE [HASH(tpcds_partitioned_parquet_snap.store_returns.sr_customer_sk,tpcds_partitioned_parquet_snap.store_returns.sr_item_sk)]
|  |  mem-estimate=52.18MB mem-reservation=0B thread-reservation=0
|  |  tuple-ids=2,4,6,8,10 row-size=1.04KB cardinality=40.76M cost=209223515
|  |  in pipelines: 01(GETNEXT)
|  |
|  F04:PLAN FRAGMENT [HASH(tpcds_partitioned_parquet_snap.store_sales.ss_customer_sk,tpcds_partitioned_parquet_snap.store_sales.ss_item_sk,tpcds_partitioned_parquet_snap.store_sales.ss_ticket_number)] hosts=10 instances=40 (adjusted from 120)
|  Per-Instance Resources: mem-estimate=103.24MB mem-reservation=0B thread-reservation=1
|  max-parallelism=320 segment-costs=[3137334885]
|  09:HASH JOIN [INNER JOIN, BROADCAST]
|  |  hash-table-id=03
|  |  hash predicates: tpcds_partitioned_parquet_snap.store_sales.ss_item_sk = tpcds_partitioned_parquet_snap.item.i_item_sk
|  |  fk/pk conjuncts: tpcds_partitioned_parquet_snap.store_sales.ss_item_sk = tpcds_partitioned_parquet_snap.item.i_item_sk
|  |  mem-estimate=0B mem-reservation=0B spill-buffer=2.00MB thread-reservation=0
|  |  tuple-ids=2,4,6,8,10 row-size=1.04KB cardinality=40.76M cost=17845015
|  |  in pipelines: 01(GETNEXT), 08(OPEN)
|  |
|  |--F15:PLAN FRAGMENT [HASH(tpcds_partitioned_parquet_snap.store_sales.ss_customer_sk,tpcds_partitioned_parquet_snap.store_sales.ss_item_sk,tpcds_partitioned_parquet_snap.store_sales.ss_ticket_number)] hosts=10 instances=10
|  |  |  Per-Instance Resources: mem-estimate=163.82MB mem-reservation=137.00MB thread-reservation=1 runtime-filters-memory=1.00MB
|  |  |  max-parallelism=10 segment-costs=[838440]
|  |  JOIN BUILD
|  |  |  join-table-id=03 plan-id=04 cohort-id=02
|  |  |  build expressions: tpcds_partitioned_parquet_snap.item.i_item_sk
|  |  |  runtime filters: RF008[bloom] <- tpcds_partitioned_parquet_snap.item.i_item_sk, RF009[min_max] <- tpcds_partitioned_parquet_snap.item.i_item_sk
|  |  |  mem-estimate=151.22MB mem-reservation=136.00MB spill-buffer=2.00MB thread-reservation=0 cost=360000
|  |  |
|  |  21:EXCHANGE [BROADCAST]
|  |  |  mem-estimate=11.60MB mem-reservation=0B thread-reservation=0
|  |  |  tuple-ids=10 row-size=405B cardinality=360.00K cost=478440
|  |  |  in pipelines: 08(GETNEXT)
|  |  |
|  |  F06:PLAN FRAGMENT [RANDOM] hosts=4 instances=4
|  |  Per-Instance Resources: mem-estimate=17.60MB mem-reservation=512.00KB thread-reservation=1
|  |  max-parallelism=4 segment-costs=[1757529]
|  |  08:SCAN HDFS [tpcds_partitioned_parquet_snap.item, RANDOM]
|  |     HDFS partitions=1/1 files=1 size=33.54MB
|  |     stored statistics:
|  |       table: rows=360.00K size=33.54MB
|  |       columns: all
|  |     extrapolated-rows=disabled max-scan-range-rows=101.54K
|  |     mem-estimate=16.00MB mem-reservation=512.00KB thread-reservation=0
|  |     tuple-ids=10 row-size=405B cardinality=360.00K cost=1355609
|  |     in pipelines: 08(GETNEXT)
|  |
|  07:HASH JOIN [INNER JOIN, BROADCAST]
|  |  hash-table-id=04
|  |  hash predicates: tpcds_partitioned_parquet_snap.store_sales.ss_sold_date_sk = tpcds_partitioned_parquet_snap.date_dim_0.d_date_sk
|  |  fk/pk conjuncts: tpcds_partitioned_parquet_snap.store_sales.ss_sold_date_sk = tpcds_partitioned_parquet_snap.date_dim_0.d_date_sk
|  |  mem-estimate=0B mem-reservation=0B spill-buffer=64.00KB thread-reservation=0
|  |  tuple-ids=2,4,6,8 row-size=654B cardinality=40.78M cost=25985087
|  |  in pipelines: 01(GETNEXT), 06(OPEN)
|  |
|  |--F16:PLAN FRAGMENT [HASH(tpcds_partitioned_parquet_snap.store_sales.ss_customer_sk,tpcds_partitioned_parquet_snap.store_sales.ss_item_sk,tpcds_partitioned_parquet_snap.store_sales.ss_ticket_number)] hosts=10 instances=10
|  |  |  Per-Instance Resources: mem-estimate=8.79MB mem-reservation=8.75MB thread-reservation=1 runtime-filters-memory=1.00MB
|  |  |  max-parallelism=10 segment-costs=[211]
|  |  JOIN BUILD
|  |  |  join-table-id=04 plan-id=05 cohort-id=02
|  |  |  build expressions: tpcds_partitioned_parquet_snap.date_dim_0.d_date_sk
|  |  |  runtime filters: RF010[bloom] <- tpcds_partitioned_parquet_snap.date_dim_0.d_date_sk
|  |  |  mem-estimate=7.75MB mem-reservation=7.75MB spill-buffer=64.00KB thread-reservation=0 cost=91
|  |  |
|  |  20:EXCHANGE [BROADCAST]
|  |  |  mem-estimate=42.50KB mem-reservation=0B thread-reservation=0
|  |  |  tuple-ids=8 row-size=237B cardinality=91 cost=120
|  |  |  in pipelines: 06(GETNEXT)
|  |  |
|  |  F05:PLAN FRAGMENT [RANDOM] hosts=1 instances=1
|  |  Per-Instance Resources: mem-estimate=16.94MB mem-reservation=4.00MB thread-reservation=1
|  |  max-parallelism=1 segment-costs=[112713]
|  |  06:SCAN HDFS [tpcds_partitioned_parquet_snap.date_dim, RANDOM]
|  |     HDFS partitions=1/1 files=1 size=2.17MB
|  |     predicates: tpcds_partitioned_parquet_snap.date_dim_0.d_quarter_name = '1999Q1'
|  |     stored statistics:
|  |       table: rows=73.05K size=2.17MB
|  |       columns: all
|  |     extrapolated-rows=disabled max-scan-range-rows=73.05K
|  |     parquet statistics predicates: tpcds_partitioned_parquet_snap.date_dim_0.d_quarter_name = '1999Q1'
|  |     parquet dictionary predicates: tpcds_partitioned_parquet_snap.date_dim_0.d_quarter_name = '1999Q1'
|  |     mem-estimate=16.00MB mem-reservation=4.00MB thread-reservation=0
|  |     tuple-ids=8 row-size=237B cardinality=91 cost=112653
|  |     in pipelines: 06(GETNEXT)
|  |
|  05:HASH JOIN [INNER JOIN, PARTITIONED]
|  |  hash-table-id=05
|  |  hash predicates: tpcds_partitioned_parquet_snap.store_sales.ss_customer_sk = tpcds_partitioned_parquet_snap.store_returns.sr_customer_sk, tpcds_partitioned_parquet_snap.store_sales.ss_item_sk = tpcds_partitioned_parquet_snap.store_returns.sr_item_sk, tpcds_partitioned_parquet_snap.store_sales.ss_ticket_number = tpcds_partitioned_parquet_snap.store_returns.sr_ticket_number
|  |  fk/pk conjuncts: tpcds_partitioned_parquet_snap.store_sales.ss_customer_sk = tpcds_partitioned_parquet_snap.store_returns.sr_customer_sk, tpcds_partitioned_parquet_snap.store_sales.ss_item_sk = tpcds_partitioned_parquet_snap.store_returns.sr_item_sk, tpcds_partitioned_parquet_snap.store_sales.ss_ticket_number = tpcds_partitioned_parquet_snap.store_returns.sr_ticket_number
|  |  mem-estimate=0B mem-reservation=0B spill-buffer=2.00MB thread-reservation=0
|  |  tuple-ids=2,4,6 row-size=417B cardinality=72.50M(filtered from 817.36M) cost=166701772
|  |  in pipelines: 01(GETNEXT), 02(OPEN)
|  |
|  |--F17:PLAN FRAGMENT [HASH(tpcds_partitioned_parquet_snap.store_sales.ss_customer_sk,tpcds_partitioned_parquet_snap.store_sales.ss_item_sk,tpcds_partitioned_parquet_snap.store_sales.ss_ticket_number)] hosts=10 instances=40 (adjusted from 120)
|  |  |  Per-Instance Resources: mem-estimate=1.03GB mem-reservation=67.00MB thread-reservation=1 runtime-filters-memory=33.00MB
|  |  |  max-parallelism=320 segment-costs=[308978502] cpu-comparison-result=160 [max(160 (self) vs 11 (sum children))]
|  |  JOIN BUILD
|  |  |  join-table-id=05 plan-id=06 cohort-id=02
|  |  |  build expressions: tpcds_partitioned_parquet_snap.store_returns.sr_customer_sk, tpcds_partitioned_parquet_snap.store_returns.sr_item_sk, tpcds_partitioned_parquet_snap.store_returns.sr_ticket_number
|  |  |  runtime filters: RF012[bloom] <- tpcds_partitioned_parquet_snap.store_returns.sr_customer_sk, RF013[bloom] <- tpcds_partitioned_parquet_snap.store_returns.sr_item_sk, RF014[bloom] <- tpcds_partitioned_parquet_snap.store_returns.sr_ticket_number, RF015[min_max] <- tpcds_partitioned_parquet_snap.store_returns.sr_customer_sk, RF016[min_max] <- tpcds_partitioned_parquet_snap.store_returns.sr_item_sk, RF017[min_max] <- tpcds_partitioned_parquet_snap.store_returns.sr_ticket_number
|  |  |  mem-estimate=977.98MB mem-reservation=34.00MB spill-buffer=2.00MB thread-reservation=0 cost=117699051
|  |  |
|  |  19:EXCHANGE [HASH(tpcds_partitioned_parquet_snap.store_returns.sr_customer_sk,tpcds_partitioned_parquet_snap.store_returns.sr_item_sk,tpcds_partitioned_parquet_snap.store_returns.sr_ticket_number)]
|  |  |  mem-estimate=48.57MB mem-reservation=0B thread-reservation=0
|  |  |  tuple-ids=4,6 row-size=321B cardinality=117.70M cost=191279451
|  |  |  in pipelines: 02(GETNEXT)
|  |  |
|  |  F02:PLAN FRAGMENT [RANDOM] hosts=10 instances=120
|  |  Per-Host Shared Resources: mem-estimate=2.00MB mem-reservation=2.00MB thread-reservation=0 runtime-filters-memory=2.00MB
|  |  Per-Instance Resources: mem-estimate=67.43MB mem-reservation=512.00KB thread-reservation=1
|  |  max-parallelism=273 segment-costs=[2749367408]
|  |  04:HASH JOIN [INNER JOIN, BROADCAST]
|  |  |  hash-table-id=06
|  |  |  hash predicates: tpcds_partitioned_parquet_snap.store_returns.sr_returned_date_sk = tpcds_partitioned_parquet_snap.date_dim.d_date_sk
|  |  |  fk/pk conjuncts: tpcds_partitioned_parquet_snap.store_returns.sr_returned_date_sk = tpcds_partitioned_parquet_snap.date_dim.d_date_sk
|  |  |  mem-estimate=0B mem-reservation=0B spill-buffer=64.00KB thread-reservation=0
|  |  |  tuple-ids=4,6 row-size=321B cardinality=117.70M cost=51516874
|  |  |  in pipelines: 02(GETNEXT), 03(OPEN)
|  |  |
|  |  |--F18:PLAN FRAGMENT [RANDOM] hosts=10 instances=10
|  |  |  |  Per-Instance Resources: mem-estimate=24.37MB mem-reservation=24.25MB thread-reservation=1 runtime-filters-memory=1.00MB
|  |  |  |  max-parallelism=10 segment-costs=[633]
|  |  |  JOIN BUILD
|  |  |  |  join-table-id=06 plan-id=07 cohort-id=03
|  |  |  |  build expressions: tpcds_partitioned_parquet_snap.date_dim.d_date_sk
|  |  |  |  runtime filters: RF018[bloom] <- tpcds_partitioned_parquet_snap.date_dim.d_date_sk
|  |  |  |  mem-estimate=23.25MB mem-reservation=23.25MB spill-buffer=64.00KB thread-reservation=0 cost=273
|  |  |  |
|  |  |  17:EXCHANGE [BROADCAST]
|  |  |  |  mem-estimate=127.51KB mem-reservation=0B thread-reservation=0
|  |  |  |  tuple-ids=6 row-size=237B cardinality=273 cost=360
|  |  |  |  in pipelines: 03(GETNEXT)
|  |  |  |
|  |  |  F03:PLAN FRAGMENT [RANDOM] hosts=1 instances=1
|  |  |  Per-Instance Resources: mem-estimate=16.94MB mem-reservation=4.00MB thread-reservation=1
|  |  |  max-parallelism=1 segment-costs=[112833]
|  |  |  03:SCAN HDFS [tpcds_partitioned_parquet_snap.date_dim, RANDOM]
|  |  |     HDFS partitions=1/1 files=1 size=2.17MB
|  |  |     predicates: tpcds_partitioned_parquet_snap.date_dim.d_quarter_name = '1999Q1' OR tpcds_partitioned_parquet_snap.date_dim.d_quarter_name = '1999Q2' OR tpcds_partitioned_parquet_snap.date_dim.d_quarter_name = '1999Q3'
|  |  |     stored statistics:
|  |  |       table: rows=73.05K size=2.17MB
|  |  |       columns: all
|  |  |     extrapolated-rows=disabled max-scan-range-rows=73.05K
|  |  |     parquet dictionary predicates: tpcds_partitioned_parquet_snap.date_dim.d_quarter_name = '1999Q1' OR tpcds_partitioned_parquet_snap.date_dim.d_quarter_name = '1999Q2' OR tpcds_partitioned_parquet_snap.date_dim.d_quarter_name = '1999Q3'
|  |  |     mem-estimate=16.00MB mem-reservation=4.00MB thread-reservation=0
|  |  |     tuple-ids=6 row-size=237B cardinality=273 cost=112653
|  |  |     in pipelines: 03(GETNEXT)
|  |  |
|  |  02:SCAN HDFS [tpcds_partitioned_parquet_snap.store_returns, RANDOM]
|  |     HDFS partitions=2004/2004 files=2004 size=48.14GB
|  |     runtime filters: RF009[min_max] -> tpcds_partitioned_parquet_snap.store_returns.sr_item_sk, RF018[bloom] -> tpcds_partitioned_parquet_snap.store_returns.sr_returned_date_sk, RF008[bloom] -> tpcds_partitioned_parquet_snap.store_returns.sr_item_sk
|  |     stored statistics:
|  |       table: rows=863.99M size=48.14GB
|  |       partitions: 2004/2004 rows=863.99M
|  |       columns: all
|  |     extrapolated-rows=disabled max-scan-range-rows=30.09M est-scan-range=273(filtered from 2004)
|  |     mem-estimate=16.00MB mem-reservation=512.00KB thread-reservation=0
|  |     tuple-ids=4 row-size=84B cardinality=117.70M(filtered from 863.99M) cost=142368772
|  |     in pipelines: 02(GETNEXT)
|  |
|  18:EXCHANGE [HASH(tpcds_partitioned_parquet_snap.store_sales.ss_customer_sk,tpcds_partitioned_parquet_snap.store_sales.ss_item_sk,tpcds_partitioned_parquet_snap.store_sales.ss_ticket_number)]
|  |  mem-estimate=18.89MB mem-reservation=0B thread-reservation=0
|  |  tuple-ids=2 row-size=96B cardinality=72.50M(filtered from 8.64G) cost=40070298
|  |  in pipelines: 01(GETNEXT)
|  |
|  F01:PLAN FRAGMENT [RANDOM] hosts=10 instances=91 (adjusted from 120)
|  Per-Host Shared Resources: mem-estimate=36.00MB mem-reservation=36.00MB thread-reservation=0 runtime-filters-memory=36.00MB
|  Per-Instance Resources: mem-estimate=31.62MB mem-reservation=8.00MB thread-reservation=1
|  max-parallelism=91 segment-costs=[1081453223]
|  01:SCAN HDFS [tpcds_partitioned_parquet_snap.store_sales, RANDOM]
|     HDFS partitions=1824/1824 files=1824 size=389.90GB
|     runtime filters: RF015[min_max] -> tpcds_partitioned_parquet_snap.store_sales.ss_customer_sk, RF016[min_max] -> tpcds_partitioned_parquet_snap.store_sales.ss_item_sk, RF017[min_max] -> tpcds_partitioned_parquet_snap.store_sales.ss_ticket_number, RF009[min_max] -> tpcds_partitioned_parquet_snap.store_sales.ss_item_sk, RF001[min_max] -> tpcds_partitioned_parquet_snap.store_sales.ss_store_sk, RF010[bloom] -> tpcds_partitioned_parquet_snap.store_sales.ss_sold_date_sk, RF012[bloom] -> tpcds_partitioned_parquet_snap.store_sales.ss_customer_sk, RF013[bloom] -> tpcds_partitioned_parquet_snap.store_sales.ss_item_sk, RF014[bloom] -> tpcds_partitioned_parquet_snap.store_sales.ss_ticket_number, RF008[bloom] -> tpcds_partitioned_parquet_snap.store_sales.ss_item_sk, RF000[bloom] -> tpcds_partitioned_parquet_snap.store_sales.ss_store_sk
|     stored statistics:
|       table: rows=8.64G size=389.90GB
|       partitions: 1824/1824 rows=8.64G
|       columns: all
|     extrapolated-rows=disabled max-scan-range-rows=390.22M est-scan-range=91(filtered from 1824)
|     mem-estimate=16.00MB mem-reservation=8.00MB thread-reservation=0
|     tuple-ids=2 row-size=96B cardinality=72.50M(filtered from 8.64G) cost=595882689
|     in pipelines: 01(GETNEXT)
|
22:EXCHANGE [HASH(tpcds_partitioned_parquet_snap.catalog_sales.cs_bill_customer_sk,tpcds_partitioned_parquet_snap.catalog_sales.cs_item_sk)]
|  mem-estimate=26.88MB mem-reservation=0B thread-reservation=0
|  tuple-ids=0 row-size=140B cardinality=644.12M(filtered from 4.32G) cost=486374009
|  in pipelines: 00(GETNEXT)
|
F00:PLAN FRAGMENT [RANDOM] hosts=10 instances=120
Per-Host Shared Resources: mem-estimate=18.00MB mem-reservation=18.00MB thread-reservation=0 runtime-filters-memory=18.00MB
Per-Instance Resources: mem-estimate=27.25MB mem-reservation=1.00MB thread-reservation=1
max-parallelism=274 segment-costs=[7437767128]
00:SCAN HDFS [tpcds_partitioned_parquet_snap.catalog_sales, RANDOM]
   HDFS partitions=1831/1831 files=1831 size=280.96GB
   runtime filters: RF006[min_max] -> tpcds_partitioned_parquet_snap.catalog_sales.cs_bill_customer_sk, RF007[min_max] -> tpcds_partitioned_parquet_snap.catalog_sales.cs_item_sk, RF004[bloom] -> tpcds_partitioned_parquet_snap.catalog_sales.cs_bill_customer_sk, RF005[bloom] -> tpcds_partitioned_parquet_snap.catalog_sales.cs_item_sk, RF002[bloom] -> tpcds_partitioned_parquet_snap.catalog_sales.cs_sold_date_sk
   stored statistics:
     table: rows=4.32G size=280.96GB
     partitions: 1831/1831 rows=4.32G
     columns: all
   extrapolated-rows=disabled max-scan-range-rows=21.52M est-scan-range=274(filtered from 1831)
   mem-estimate=16.00MB mem-reservation=1.00MB thread-reservation=0
   tuple-ids=0 row-size=140B cardinality=644.12M(filtered from 4.32G) cost=1298543242
   in pipelines: 00(GETNEXT)
====
