# TPCDS-Q25
# start query 25 in stream 0 using template query25.tpl using seed 769561654
select
 i_item_id
 ,i_item_desc
 ,s_store_id
 ,s_store_name
 ,sum(ss_net_profit) as store_sales_profit
 ,sum(sr_net_loss) as store_returns_loss
 ,sum(cs_net_profit) as catalog_sales_profit
 from
 store_sales
 ,store_returns
 ,catalog_sales
 ,date_dim d1
 ,date_dim d2
 ,date_dim d3
 ,store
 ,item
 where
 d1.d_moy = 4
 and d1.d_year = 2002
 and d1.d_date_sk = ss_sold_date_sk
 and i_item_sk = ss_item_sk
 and s_store_sk = ss_store_sk
 and ss_customer_sk = sr_customer_sk
 and ss_item_sk = sr_item_sk
 and ss_ticket_number = sr_ticket_number
 and sr_returned_date_sk = d2.d_date_sk
 and d2.d_moy               between 4 and  10
 and d2.d_year              = 2002
 and sr_customer_sk = cs_bill_customer_sk
 and sr_item_sk = cs_item_sk
 and cs_sold_date_sk = d3.d_date_sk
 and d3.d_moy               between 4 and  10
 and d3.d_year              = 2002
 group by
 i_item_id
 ,i_item_desc
 ,s_store_id
 ,s_store_name
 order by
 i_item_id
 ,i_item_desc
 ,s_store_id
 ,s_store_name
 limit 100

# end query 25 in stream 0 using template query25.tpl
---- PLAN
Max Per-Host Resource Reservation: Memory=176.54MB Threads=1
Per-Host Resource Estimates: Memory=28.04GB
F00:PLAN FRAGMENT [UNPARTITIONED] hosts=1 instances=1
|  Per-Instance Resources: mem-estimate=28.04GB mem-reservation=176.54MB thread-reservation=1 runtime-filters-memory=55.00MB
|  max-parallelism=1 segment-costs=[3582467057, 10878392, 700]
PLAN-ROOT SINK
|  output exprs: tpcds_partitioned_parquet_snap.item.i_item_id, tpcds_partitioned_parquet_snap.item.i_item_desc, tpcds_partitioned_parquet_snap.store.s_store_id, tpcds_partitioned_parquet_snap.store.s_store_name, sum(tpcds_partitioned_parquet_snap.store_sales.ss_net_profit), sum(tpcds_partitioned_parquet_snap.store_returns.sr_net_loss), sum(tpcds_partitioned_parquet_snap.catalog_sales.cs_net_profit)
|  mem-estimate=4.00MB mem-reservation=4.00MB spill-buffer=2.00MB thread-reservation=0 cost=700
|
16:TOP-N [LIMIT=100]
|  order by: tpcds_partitioned_parquet_snap.item.i_item_id ASC NULLS LAST, tpcds_partitioned_parquet_snap.item.i_item_desc ASC NULLS LAST, tpcds_partitioned_parquet_snap.store.s_store_id ASC NULLS LAST, tpcds_partitioned_parquet_snap.store.s_store_name ASC NULLS LAST
|  mem-estimate=22.71KB mem-reservation=0B thread-reservation=0
|  tuple-ids=17 row-size=233B cardinality=100 cost=10878392
|  in pipelines: 16(GETNEXT), 15(OPEN)
|
15:AGGREGATE [FINALIZE]
|  output: sum(tpcds_partitioned_parquet_snap.store_sales.ss_net_profit), sum(tpcds_partitioned_parquet_snap.store_returns.sr_net_loss), sum(tpcds_partitioned_parquet_snap.catalog_sales.cs_net_profit)
|  group by: tpcds_partitioned_parquet_snap.item.i_item_id, tpcds_partitioned_parquet_snap.item.i_item_desc, tpcds_partitioned_parquet_snap.store.s_store_id, tpcds_partitioned_parquet_snap.store.s_store_name
|  mem-estimate=226.25MB mem-reservation=34.00MB spill-buffer=2.00MB thread-reservation=0
|  tuple-ids=16 row-size=233B cardinality=970.18K cost=5862391
|  in pipelines: 15(GETNEXT), 07(OPEN)
|
14:HASH JOIN [INNER JOIN]
|  hash predicates: tpcds_partitioned_parquet_snap.store_sales.ss_customer_sk = tpcds_partitioned_parquet_snap.store_returns.sr_customer_sk, tpcds_partitioned_parquet_snap.store_sales.ss_item_sk = tpcds_partitioned_parquet_snap.store_returns.sr_item_sk, tpcds_partitioned_parquet_snap.store_sales.ss_ticket_number = tpcds_partitioned_parquet_snap.store_returns.sr_ticket_number
|  fk/pk conjuncts: tpcds_partitioned_parquet_snap.store_sales.ss_customer_sk = tpcds_partitioned_parquet_snap.store_returns.sr_customer_sk, tpcds_partitioned_parquet_snap.store_sales.ss_item_sk = tpcds_partitioned_parquet_snap.store_returns.sr_item_sk, tpcds_partitioned_parquet_snap.store_sales.ss_ticket_number = tpcds_partitioned_parquet_snap.store_returns.sr_ticket_number
|  runtime filters: RF000[bloom] <- tpcds_partitioned_parquet_snap.store_returns.sr_customer_sk, RF001[bloom] <- tpcds_partitioned_parquet_snap.store_returns.sr_item_sk, RF002[bloom] <- tpcds_partitioned_parquet_snap.store_returns.sr_ticket_number, RF003[min_max] <- tpcds_partitioned_parquet_snap.store_returns.sr_customer_sk, RF004[min_max] <- tpcds_partitioned_parquet_snap.store_returns.sr_item_sk, RF005[min_max] <- tpcds_partitioned_parquet_snap.store_returns.sr_ticket_number
|  mem-estimate=11.04GB mem-reservation=34.00MB spill-buffer=2.00MB thread-reservation=0
|  tuple-ids=8,10,12,14,0,2,4,6 row-size=1.85KB cardinality=970.18K cost=68485050
|  in pipelines: 07(GETNEXT), 00(OPEN)
|
|--06:HASH JOIN [INNER JOIN]
|  |  hash predicates: tpcds_partitioned_parquet_snap.catalog_sales.cs_bill_customer_sk = tpcds_partitioned_parquet_snap.store_returns.sr_customer_sk, tpcds_partitioned_parquet_snap.catalog_sales.cs_item_sk = tpcds_partitioned_parquet_snap.store_returns.sr_item_sk
|  |  fk/pk conjuncts: tpcds_partitioned_parquet_snap.catalog_sales.cs_bill_customer_sk = tpcds_partitioned_parquet_snap.store_returns.sr_customer_sk, tpcds_partitioned_parquet_snap.catalog_sales.cs_item_sk = tpcds_partitioned_parquet_snap.store_returns.sr_item_sk
|  |  runtime filters: RF012[bloom] <- tpcds_partitioned_parquet_snap.store_returns.sr_customer_sk, RF013[bloom] <- tpcds_partitioned_parquet_snap.store_returns.sr_item_sk, RF014[min_max] <- tpcds_partitioned_parquet_snap.store_returns.sr_customer_sk, RF015[min_max] <- tpcds_partitioned_parquet_snap.store_returns.sr_item_sk
|  |  mem-estimate=16.72GB mem-reservation=34.00MB spill-buffer=2.00MB thread-reservation=0
|  |  tuple-ids=0,2,4,6 row-size=698B cardinality=16.39M cost=125256301
|  |  in pipelines: 00(GETNEXT), 03(OPEN)
|  |
|  |--05:HASH JOIN [INNER JOIN]
|  |  |  hash predicates: tpcds_partitioned_parquet_snap.store_returns.sr_returned_date_sk = tpcds_partitioned_parquet_snap.date_dim_0.d_date_sk
|  |  |  fk/pk conjuncts: tpcds_partitioned_parquet_snap.store_returns.sr_returned_date_sk = tpcds_partitioned_parquet_snap.date_dim_0.d_date_sk
|  |  |  runtime filters: RF018[bloom] <- tpcds_partitioned_parquet_snap.date_dim_0.d_date_sk
|  |  |  mem-estimate=1.94MB mem-reservation=1.94MB spill-buffer=64.00KB thread-reservation=0
|  |  |  tuple-ids=4,6 row-size=321B cardinality=50.87M cost=22267485
|  |  |  in pipelines: 03(GETNEXT), 04(OPEN)
|  |  |
|  |  |--04:SCAN HDFS [tpcds_partitioned_parquet_snap.date_dim]
|  |  |     HDFS partitions=1/1 files=1 size=2.17MB
|  |  |     predicates: tpcds_partitioned_parquet_snap.date_dim_0.d_year = CAST(2002 AS INT), tpcds_partitioned_parquet_snap.date_dim_0.d_moy <= CAST(10 AS INT), tpcds_partitioned_parquet_snap.date_dim_0.d_moy >= CAST(4 AS INT)
|  |  |     stored statistics:
|  |  |       table: rows=73.05K size=2.17MB
|  |  |       columns: all
|  |  |     extrapolated-rows=disabled max-scan-range-rows=73.05K
|  |  |     parquet statistics predicates: tpcds_partitioned_parquet_snap.date_dim_0.d_year = CAST(2002 AS INT), tpcds_partitioned_parquet_snap.date_dim_0.d_moy <= CAST(10 AS INT), tpcds_partitioned_parquet_snap.date_dim_0.d_moy >= CAST(4 AS INT)
|  |  |     parquet dictionary predicates: tpcds_partitioned_parquet_snap.date_dim_0.d_year = CAST(2002 AS INT), tpcds_partitioned_parquet_snap.date_dim_0.d_moy <= CAST(10 AS INT), tpcds_partitioned_parquet_snap.date_dim_0.d_moy >= CAST(4 AS INT)
|  |  |     mem-estimate=16.00MB mem-reservation=4.00MB thread-reservation=0
|  |  |     tuple-ids=6 row-size=237B cardinality=118 cost=116758
|  |  |     in pipelines: 04(GETNEXT)
|  |  |
|  |  03:SCAN HDFS [tpcds_partitioned_parquet_snap.store_returns]
|  |     HDFS partitions=2004/2004 files=2004 size=48.14GB
|  |     runtime filters: RF018[bloom] -> tpcds_partitioned_parquet_snap.store_returns.sr_returned_date_sk
|  |     stored statistics:
|  |       table: rows=863.99M size=48.14GB
|  |       partitions: 2004/2004 rows=863.99M
|  |       columns: all
|  |     extrapolated-rows=disabled max-scan-range-rows=30.09M est-scan-range=118(filtered from 2004)
|  |     mem-estimate=16.00MB mem-reservation=512.00KB thread-reservation=0
|  |     tuple-ids=4 row-size=84B cardinality=50.87M(filtered from 863.99M) cost=61536685
|  |     in pipelines: 03(GETNEXT)
|  |
|  02:HASH JOIN [INNER JOIN]
|  |  hash predicates: tpcds_partitioned_parquet_snap.catalog_sales.cs_sold_date_sk = tpcds_partitioned_parquet_snap.date_dim.d_date_sk
|  |  fk/pk conjuncts: tpcds_partitioned_parquet_snap.catalog_sales.cs_sold_date_sk = tpcds_partitioned_parquet_snap.date_dim.d_date_sk
|  |  runtime filters: RF016[bloom] <- tpcds_partitioned_parquet_snap.date_dim.d_date_sk
|  |  mem-estimate=1.94MB mem-reservation=1.94MB spill-buffer=64.00KB thread-reservation=0
|  |  tuple-ids=0,2 row-size=377B cardinality=278.41M cost=121860292
|  |  in pipelines: 00(GETNEXT), 01(OPEN)
|  |
|  |--01:SCAN HDFS [tpcds_partitioned_parquet_snap.date_dim]
|  |     HDFS partitions=1/1 files=1 size=2.17MB
|  |     predicates: tpcds_partitioned_parquet_snap.date_dim.d_year = CAST(2002 AS INT), tpcds_partitioned_parquet_snap.date_dim.d_moy <= CAST(10 AS INT), tpcds_partitioned_parquet_snap.date_dim.d_moy >= CAST(4 AS INT)
|  |     stored statistics:
|  |       table: rows=73.05K size=2.17MB
|  |       columns: all
|  |     extrapolated-rows=disabled max-scan-range-rows=73.05K
|  |     parquet statistics predicates: tpcds_partitioned_parquet_snap.date_dim.d_year = CAST(2002 AS INT), tpcds_partitioned_parquet_snap.date_dim.d_moy <= CAST(10 AS INT), tpcds_partitioned_parquet_snap.date_dim.d_moy >= CAST(4 AS INT)
|  |     parquet dictionary predicates: tpcds_partitioned_parquet_snap.date_dim.d_year = CAST(2002 AS INT), tpcds_partitioned_parquet_snap.date_dim.d_moy <= CAST(10 AS INT), tpcds_partitioned_parquet_snap.date_dim.d_moy >= CAST(4 AS INT)
|  |     mem-estimate=16.00MB mem-reservation=4.00MB thread-reservation=0
|  |     tuple-ids=2 row-size=237B cardinality=118 cost=116758
|  |     in pipelines: 01(GETNEXT)
|  |
|  00:SCAN HDFS [tpcds_partitioned_parquet_snap.catalog_sales]
|     HDFS partitions=1831/1831 files=1831 size=280.96GB
|     runtime filters: RF014[min_max] -> tpcds_partitioned_parquet_snap.catalog_sales.cs_bill_customer_sk, RF015[min_max] -> tpcds_partitioned_parquet_snap.catalog_sales.cs_item_sk, RF012[bloom] -> tpcds_partitioned_parquet_snap.catalog_sales.cs_bill_customer_sk, RF013[bloom] -> tpcds_partitioned_parquet_snap.catalog_sales.cs_item_sk, RF016[bloom] -> tpcds_partitioned_parquet_snap.catalog_sales.cs_sold_date_sk
|     stored statistics:
|       table: rows=4.32G size=280.96GB
|       partitions: 1831/1831 rows=4.32G
|       columns: all
|     extrapolated-rows=disabled max-scan-range-rows=21.52M est-scan-range=118(filtered from 1831)
|     mem-estimate=16.00MB mem-reservation=1.00MB thread-reservation=0
|     tuple-ids=0 row-size=140B cardinality=278.41M(filtered from 4.32G) cost=561275102
|     in pipelines: 00(GETNEXT)
|
13:HASH JOIN [INNER JOIN]
|  hash predicates: tpcds_partitioned_parquet_snap.store_sales.ss_item_sk = tpcds_partitioned_parquet_snap.item.i_item_sk
|  fk/pk conjuncts: tpcds_partitioned_parquet_snap.store_sales.ss_item_sk = tpcds_partitioned_parquet_snap.item.i_item_sk
|  runtime filters: RF006[bloom] <- tpcds_partitioned_parquet_snap.item.i_item_sk, RF007[min_max] <- tpcds_partitioned_parquet_snap.item.i_item_sk
|  mem-estimate=151.22MB mem-reservation=34.00MB spill-buffer=2.00MB thread-reservation=0
|  tuple-ids=8,10,12,14 row-size=1.17KB cardinality=202.40M(filtered from 511.32M) cost=144926938
|  in pipelines: 07(GETNEXT), 12(OPEN)
|
|--12:SCAN HDFS [tpcds_partitioned_parquet_snap.item]
|     HDFS partitions=1/1 files=1 size=33.54MB
|     runtime filters: RF004[min_max] -> tpcds_partitioned_parquet_snap.item.i_item_sk, RF001[bloom] -> tpcds_partitioned_parquet_snap.item.i_item_sk
|     stored statistics:
|       table: rows=360.00K size=33.54MB
|       columns: all
|     extrapolated-rows=disabled max-scan-range-rows=101.54K
|     mem-estimate=16.00MB mem-reservation=512.00KB thread-reservation=0
|     tuple-ids=14 row-size=405B cardinality=360.00K cost=1355609
|     in pipelines: 12(GETNEXT)
|
11:HASH JOIN [INNER JOIN]
|  hash predicates: tpcds_partitioned_parquet_snap.store_sales.ss_sold_date_sk = tpcds_partitioned_parquet_snap.date_dim_1.d_date_sk
|  fk/pk conjuncts: tpcds_partitioned_parquet_snap.store_sales.ss_sold_date_sk = tpcds_partitioned_parquet_snap.date_dim_1.d_date_sk
|  runtime filters: RF008[bloom] <- tpcds_partitioned_parquet_snap.date_dim_1.d_date_sk
|  mem-estimate=1.94MB mem-reservation=1.94MB spill-buffer=64.00KB thread-reservation=0
|  tuple-ids=8,10,12 row-size=792B cardinality=202.40M(filtered from 511.58M) cost=144613372
|  in pipelines: 07(GETNEXT), 10(OPEN)
|
|--10:SCAN HDFS [tpcds_partitioned_parquet_snap.date_dim]
|     HDFS partitions=1/1 files=1 size=2.17MB
|     predicates: tpcds_partitioned_parquet_snap.date_dim_1.d_year = CAST(2002 AS INT), tpcds_partitioned_parquet_snap.date_dim_1.d_moy = CAST(4 AS INT)
|     stored statistics:
|       table: rows=73.05K size=2.17MB
|       columns: all
|     extrapolated-rows=disabled max-scan-range-rows=73.05K
|     parquet statistics predicates: tpcds_partitioned_parquet_snap.date_dim_1.d_year = CAST(2002 AS INT), tpcds_partitioned_parquet_snap.date_dim_1.d_moy = CAST(4 AS INT)
|     parquet dictionary predicates: tpcds_partitioned_parquet_snap.date_dim_1.d_year = CAST(2002 AS INT), tpcds_partitioned_parquet_snap.date_dim_1.d_moy = CAST(4 AS INT)
|     mem-estimate=16.00MB mem-reservation=4.00MB thread-reservation=0
|     tuple-ids=12 row-size=237B cardinality=108 cost=114705
|     in pipelines: 10(GETNEXT)
|
09:HASH JOIN [INNER JOIN]
|  hash predicates: tpcds_partitioned_parquet_snap.store_sales.ss_store_sk = tpcds_partitioned_parquet_snap.store.s_store_sk
|  fk/pk conjuncts: tpcds_partitioned_parquet_snap.store_sales.ss_store_sk = tpcds_partitioned_parquet_snap.store.s_store_sk
|  runtime filters: RF010[bloom] <- tpcds_partitioned_parquet_snap.store.s_store_sk, RF011[min_max] <- tpcds_partitioned_parquet_snap.store.s_store_sk
|  mem-estimate=1.94MB mem-reservation=1.94MB spill-buffer=64.00KB thread-reservation=0
|  tuple-ids=8,10 row-size=555B cardinality=202.40M(filtered from 8.64G) cost=1617473460
|  in pipelines: 07(GETNEXT), 08(OPEN)
|
|--08:SCAN HDFS [tpcds_partitioned_parquet_snap.store]
|     HDFS partitions=1/1 files=1 size=119.76KB
|     stored statistics:
|       table: rows=1.35K size=119.76KB
|       columns: all
|     extrapolated-rows=disabled max-scan-range-rows=1.35K
|     mem-estimate=16.00MB mem-reservation=232.00KB thread-reservation=0
|     tuple-ids=10 row-size=459B cardinality=1.35K cost=4718
|     in pipelines: 08(GETNEXT)
|
07:SCAN HDFS [tpcds_partitioned_parquet_snap.store_sales]
   HDFS partitions=1824/1824 files=1824 size=389.90GB
   runtime filters: RF003[min_max] -> tpcds_partitioned_parquet_snap.store_sales.ss_customer_sk, RF004[min_max] -> tpcds_partitioned_parquet_snap.store_sales.ss_item_sk, RF005[min_max] -> tpcds_partitioned_parquet_snap.store_sales.ss_ticket_number, RF007[min_max] -> tpcds_partitioned_parquet_snap.store_sales.ss_item_sk, RF011[min_max] -> tpcds_partitioned_parquet_snap.store_sales.ss_store_sk, RF000[bloom] -> tpcds_partitioned_parquet_snap.store_sales.ss_customer_sk, RF001[bloom] -> tpcds_partitioned_parquet_snap.store_sales.ss_item_sk, RF002[bloom] -> tpcds_partitioned_parquet_snap.store_sales.ss_ticket_number, RF008[bloom] -> tpcds_partitioned_parquet_snap.store_sales.ss_sold_date_sk, RF006[bloom] -> tpcds_partitioned_parquet_snap.store_sales.ss_item_sk, RF010[bloom] -> tpcds_partitioned_parquet_snap.store_sales.ss_store_sk
   stored statistics:
     table: rows=8.64G size=389.90GB
     partitions: 1824/1824 rows=8.64G
     columns: all
   extrapolated-rows=disabled max-scan-range-rows=390.22M est-scan-range=109(filtered from 1824)
   mem-estimate=16.00MB mem-reservation=8.00MB thread-reservation=0
   tuple-ids=8 row-size=96B cardinality=202.40M(filtered from 8.64G) cost=707201433
   in pipelines: 07(GETNEXT)
---- DISTRIBUTEDPLAN
Max Per-Host Resource Reservation: Memory=1.14GB Threads=50
Per-Host Resource Estimates: Memory=14.64GB
F10:PLAN FRAGMENT [UNPARTITIONED] hosts=1 instances=1
|  Per-Instance Resources: mem-estimate=4.23MB mem-reservation=4.00MB thread-reservation=1
|  max-parallelism=1 segment-costs=[771] cpu-comparison-result=175 [max(1 (self) vs 175 (sum children))]
PLAN-ROOT SINK
|  output exprs: tpcds_partitioned_parquet_snap.item.i_item_id, tpcds_partitioned_parquet_snap.item.i_item_desc, tpcds_partitioned_parquet_snap.store.s_store_id, tpcds_partitioned_parquet_snap.store.s_store_name, sum(tpcds_partitioned_parquet_snap.store_sales.ss_net_profit), sum(tpcds_partitioned_parquet_snap.store_returns.sr_net_loss), sum(tpcds_partitioned_parquet_snap.catalog_sales.cs_net_profit)
|  mem-estimate=4.00MB mem-reservation=4.00MB spill-buffer=2.00MB thread-reservation=0 cost=700
|
27:MERGING-EXCHANGE [UNPARTITIONED]
|  order by: tpcds_partitioned_parquet_snap.item.i_item_id ASC NULLS LAST, tpcds_partitioned_parquet_snap.item.i_item_desc ASC NULLS LAST, tpcds_partitioned_parquet_snap.store.s_store_id ASC NULLS LAST, tpcds_partitioned_parquet_snap.store.s_store_name ASC NULLS LAST
|  limit: 100
|  mem-estimate=233.27KB mem-reservation=0B thread-reservation=0
|  tuple-ids=17 row-size=233B cardinality=100 cost=71
|  in pipelines: 16(GETNEXT)
|
F09:PLAN FRAGMENT [HASH(tpcds_partitioned_parquet_snap.item.i_item_id,tpcds_partitioned_parquet_snap.item.i_item_desc,tpcds_partitioned_parquet_snap.store.s_store_id,tpcds_partitioned_parquet_snap.store.s_store_name)] hosts=10 instances=10 (adjusted from 120)
Per-Instance Resources: mem-estimate=69.18MB mem-reservation=34.00MB thread-reservation=1
max-parallelism=10 segment-costs=[7007953, 10878392, 640] cpu-comparison-result=175 [max(10 (self) vs 175 (sum children))]
16:TOP-N [LIMIT=100]
|  order by: tpcds_partitioned_parquet_snap.item.i_item_id ASC NULLS LAST, tpcds_partitioned_parquet_snap.item.i_item_desc ASC NULLS LAST, tpcds_partitioned_parquet_snap.store.s_store_id ASC NULLS LAST, tpcds_partitioned_parquet_snap.store.s_store_name ASC NULLS LAST
|  mem-estimate=22.71KB mem-reservation=0B thread-reservation=0
|  tuple-ids=17 row-size=233B cardinality=100 cost=10878392
|  in pipelines: 16(GETNEXT), 26(OPEN)
|
26:AGGREGATE [FINALIZE]
|  output: sum:merge(tpcds_partitioned_parquet_snap.store_sales.ss_net_profit), sum:merge(tpcds_partitioned_parquet_snap.store_returns.sr_net_loss), sum:merge(tpcds_partitioned_parquet_snap.catalog_sales.cs_net_profit)
|  group by: tpcds_partitioned_parquet_snap.item.i_item_id, tpcds_partitioned_parquet_snap.item.i_item_desc, tpcds_partitioned_parquet_snap.store.s_store_id, tpcds_partitioned_parquet_snap.store.s_store_name
|  mem-estimate=34.00MB mem-reservation=34.00MB spill-buffer=2.00MB thread-reservation=0
|  tuple-ids=16 row-size=233B cardinality=970.18K cost=5862391
|  in pipelines: 26(GETNEXT), 07(OPEN)
|
25:EXCHANGE [HASH(tpcds_partitioned_parquet_snap.item.i_item_id,tpcds_partitioned_parquet_snap.item.i_item_desc,tpcds_partitioned_parquet_snap.store.s_store_id,tpcds_partitioned_parquet_snap.store.s_store_name)]
|  mem-estimate=35.18MB mem-reservation=0B thread-reservation=0
|  tuple-ids=16 row-size=233B cardinality=970.18K cost=1145562
|  in pipelines: 07(GETNEXT)
|
F00:PLAN FRAGMENT [RANDOM] hosts=10 instances=109 (adjusted from 120)
Per-Host Shared Resources: mem-estimate=36.00MB mem-reservation=36.00MB thread-reservation=0 runtime-filters-memory=36.00MB
Per-Instance Resources: mem-estimate=35.24MB mem-reservation=11.00MB thread-reservation=1
max-parallelism=109 segment-costs=[2671807786, 15028695] cpu-comparison-result=175 [max(109 (self) vs 175 (sum children))]
15:AGGREGATE [STREAMING]
|  output: sum(tpcds_partitioned_parquet_snap.store_sales.ss_net_profit), sum(tpcds_partitioned_parquet_snap.store_returns.sr_net_loss), sum(tpcds_partitioned_parquet_snap.catalog_sales.cs_net_profit)
|  group by: tpcds_partitioned_parquet_snap.item.i_item_id, tpcds_partitioned_parquet_snap.item.i_item_desc, tpcds_partitioned_parquet_snap.store.s_store_id, tpcds_partitioned_parquet_snap.store.s_store_name
|  mem-estimate=10.00MB mem-reservation=3.00MB spill-buffer=128.00KB thread-reservation=0
|  tuple-ids=16 row-size=233B cardinality=970.18K cost=5862391
|  in pipelines: 07(GETNEXT)
|
14:HASH JOIN [INNER JOIN, BROADCAST]
|  hash-table-id=00
|  hash predicates: tpcds_partitioned_parquet_snap.store_sales.ss_customer_sk = tpcds_partitioned_parquet_snap.store_returns.sr_customer_sk, tpcds_partitioned_parquet_snap.store_sales.ss_item_sk = tpcds_partitioned_parquet_snap.store_returns.sr_item_sk, tpcds_partitioned_parquet_snap.store_sales.ss_ticket_number = tpcds_partitioned_parquet_snap.store_returns.sr_ticket_number
|  fk/pk conjuncts: tpcds_partitioned_parquet_snap.store_sales.ss_customer_sk = tpcds_partitioned_parquet_snap.store_returns.sr_customer_sk, tpcds_partitioned_parquet_snap.store_sales.ss_item_sk = tpcds_partitioned_parquet_snap.store_returns.sr_item_sk, tpcds_partitioned_parquet_snap.store_sales.ss_ticket_number = tpcds_partitioned_parquet_snap.store_returns.sr_ticket_number
|  mem-estimate=0B mem-reservation=0B spill-buffer=2.00MB thread-reservation=0
|  tuple-ids=8,10,12,14,0,2,4,6 row-size=1.85KB cardinality=970.18K cost=52091650
|  in pipelines: 07(GETNEXT), 00(OPEN)
|
|--F11:PLAN FRAGMENT [RANDOM] hosts=10 instances=10
|  |  Per-Instance Resources: mem-estimate=11.08GB mem-reservation=407.00MB thread-reservation=1 runtime-filters-memory=33.00MB
|  |  max-parallelism=10 segment-costs=[38180220] cpu-comparison-result=139 [max(138 (self) vs 139 (sum children))]
|  JOIN BUILD
|  |  join-table-id=00 plan-id=01 cohort-id=01
|  |  build expressions: tpcds_partitioned_parquet_snap.store_returns.sr_customer_sk, tpcds_partitioned_parquet_snap.store_returns.sr_item_sk, tpcds_partitioned_parquet_snap.store_returns.sr_ticket_number
|  |  runtime filters: RF000[bloom] <- tpcds_partitioned_parquet_snap.store_returns.sr_customer_sk, RF001[bloom] <- tpcds_partitioned_parquet_snap.store_returns.sr_item_sk, RF002[bloom] <- tpcds_partitioned_parquet_snap.store_returns.sr_ticket_number, RF003[min_max] <- tpcds_partitioned_parquet_snap.store_returns.sr_customer_sk, RF004[min_max] <- tpcds_partitioned_parquet_snap.store_returns.sr_item_sk, RF005[min_max] <- tpcds_partitioned_parquet_snap.store_returns.sr_ticket_number
|  |  mem-estimate=11.04GB mem-reservation=374.00MB spill-buffer=2.00MB thread-reservation=0 cost=16393400
|  |
|  24:EXCHANGE [BROADCAST]
|  |  mem-estimate=16.98MB mem-reservation=0B thread-reservation=0
|  |  tuple-ids=0,2,4,6 row-size=698B cardinality=16.39M cost=21786820
|  |  in pipelines: 00(GETNEXT)
|  |
|  F08:PLAN FRAGMENT [HASH(tpcds_partitioned_parquet_snap.catalog_sales.cs_bill_customer_sk,tpcds_partitioned_parquet_snap.catalog_sales.cs_item_sk)] hosts=10 instances=10 (adjusted from 120)
|  Per-Instance Resources: mem-estimate=57.17MB mem-reservation=0B thread-reservation=1
|  max-parallelism=70 segment-costs=[630885672]
|  06:HASH JOIN [INNER JOIN, PARTITIONED]
|  |  hash-table-id=01
|  |  hash predicates: tpcds_partitioned_parquet_snap.catalog_sales.cs_bill_customer_sk = tpcds_partitioned_parquet_snap.store_returns.sr_customer_sk, tpcds_partitioned_parquet_snap.catalog_sales.cs_item_sk = tpcds_partitioned_parquet_snap.store_returns.sr_item_sk
|  |  fk/pk conjuncts: tpcds_partitioned_parquet_snap.catalog_sales.cs_bill_customer_sk = tpcds_partitioned_parquet_snap.store_returns.sr_customer_sk, tpcds_partitioned_parquet_snap.catalog_sales.cs_item_sk = tpcds_partitioned_parquet_snap.store_returns.sr_item_sk
|  |  mem-estimate=0B mem-reservation=0B spill-buffer=2.00MB thread-reservation=0
|  |  tuple-ids=0,2,4,6 row-size=698B cardinality=16.39M cost=74382718
|  |  in pipelines: 00(GETNEXT), 03(OPEN)
|  |
|  |--F12:PLAN FRAGMENT [HASH(tpcds_partitioned_parquet_snap.catalog_sales.cs_bill_customer_sk,tpcds_partitioned_parquet_snap.catalog_sales.cs_item_sk)] hosts=10 instances=10 (adjusted from 120)
|  |  |  Per-Instance Resources: mem-estimate=1.73GB mem-reservation=51.00MB thread-reservation=1 runtime-filters-memory=17.00MB
|  |  |  max-parallelism=70 segment-costs=[133551148] cpu-comparison-result=128 [max(128 (self) vs 11 (sum children))]
|  |  JOIN BUILD
|  |  |  join-table-id=01 plan-id=02 cohort-id=02
|  |  |  build expressions: tpcds_partitioned_parquet_snap.store_returns.sr_customer_sk, tpcds_partitioned_parquet_snap.store_returns.sr_item_sk
|  |  |  runtime filters: RF012[bloom] <- tpcds_partitioned_parquet_snap.store_returns.sr_customer_sk, RF013[bloom] <- tpcds_partitioned_parquet_snap.store_returns.sr_item_sk, RF014[min_max] <- tpcds_partitioned_parquet_snap.store_returns.sr_customer_sk, RF015[min_max] <- tpcds_partitioned_parquet_snap.store_returns.sr_item_sk
|  |  |  mem-estimate=1.67GB mem-reservation=34.00MB spill-buffer=2.00MB thread-reservation=0 cost=50873583
|  |  |
|  |  23:EXCHANGE [HASH(tpcds_partitioned_parquet_snap.store_returns.sr_customer_sk,tpcds_partitioned_parquet_snap.store_returns.sr_item_sk)]
|  |  |  mem-estimate=47.93MB mem-reservation=0B thread-reservation=0
|  |  |  tuple-ids=4,6 row-size=321B cardinality=50.87M cost=82677565
|  |  |  in pipelines: 03(GETNEXT)
|  |  |
|  |  F06:PLAN FRAGMENT [RANDOM] hosts=10 instances=118 (adjusted from 120)
|  |  Per-Host Shared Resources: mem-estimate=1.00MB mem-reservation=1.00MB thread-reservation=0 runtime-filters-memory=1.00MB
|  |  Per-Instance Resources: mem-estimate=28.86MB mem-reservation=512.00KB thread-reservation=1
|  |  max-parallelism=118 segment-costs=[1188371271]
|  |  05:HASH JOIN [INNER JOIN, BROADCAST]
|  |  |  hash-table-id=02
|  |  |  hash predicates: tpcds_partitioned_parquet_snap.store_returns.sr_returned_date_sk = tpcds_partitioned_parquet_snap.date_dim_0.d_date_sk
|  |  |  fk/pk conjuncts: tpcds_partitioned_parquet_snap.store_returns.sr_returned_date_sk = tpcds_partitioned_parquet_snap.date_dim_0.d_date_sk
|  |  |  mem-estimate=0B mem-reservation=0B spill-buffer=64.00KB thread-reservation=0
|  |  |  tuple-ids=4,6 row-size=321B cardinality=50.87M cost=22267367
|  |  |  in pipelines: 03(GETNEXT), 04(OPEN)
|  |  |
|  |  |--F13:PLAN FRAGMENT [RANDOM] hosts=10 instances=10
|  |  |  |  Per-Instance Resources: mem-estimate=24.30MB mem-reservation=24.25MB thread-reservation=1 runtime-filters-memory=1.00MB
|  |  |  |  max-parallelism=10 segment-costs=[268]
|  |  |  JOIN BUILD
|  |  |  |  join-table-id=02 plan-id=03 cohort-id=03
|  |  |  |  build expressions: tpcds_partitioned_parquet_snap.date_dim_0.d_date_sk
|  |  |  |  runtime filters: RF018[bloom] <- tpcds_partitioned_parquet_snap.date_dim_0.d_date_sk
|  |  |  |  mem-estimate=23.25MB mem-reservation=23.25MB spill-buffer=64.00KB thread-reservation=0 cost=118
|  |  |  |
|  |  |  21:EXCHANGE [BROADCAST]
|  |  |  |  mem-estimate=55.12KB mem-reservation=0B thread-reservation=0
|  |  |  |  tuple-ids=6 row-size=237B cardinality=118 cost=150
|  |  |  |  in pipelines: 04(GETNEXT)
|  |  |  |
|  |  |  F07:PLAN FRAGMENT [RANDOM] hosts=1 instances=1
|  |  |  Per-Instance Resources: mem-estimate=16.94MB mem-reservation=4.00MB thread-reservation=1
|  |  |  max-parallelism=1 segment-costs=[116836]
|  |  |  04:SCAN HDFS [tpcds_partitioned_parquet_snap.date_dim, RANDOM]
|  |  |     HDFS partitions=1/1 files=1 size=2.17MB
|  |  |     predicates: tpcds_partitioned_parquet_snap.date_dim_0.d_year = CAST(2002 AS INT), tpcds_partitioned_parquet_snap.date_dim_0.d_moy <= CAST(10 AS INT), tpcds_partitioned_parquet_snap.date_dim_0.d_moy >= CAST(4 AS INT)
|  |  |     stored statistics:
|  |  |       table: rows=73.05K size=2.17MB
|  |  |       columns: all
|  |  |     extrapolated-rows=disabled max-scan-range-rows=73.05K
|  |  |     parquet statistics predicates: tpcds_partitioned_parquet_snap.date_dim_0.d_year = CAST(2002 AS INT), tpcds_partitioned_parquet_snap.date_dim_0.d_moy <= CAST(10 AS INT), tpcds_partitioned_parquet_snap.date_dim_0.d_moy >= CAST(4 AS INT)
|  |  |     parquet dictionary predicates: tpcds_partitioned_parquet_snap.date_dim_0.d_year = CAST(2002 AS INT), tpcds_partitioned_parquet_snap.date_dim_0.d_moy <= CAST(10 AS INT), tpcds_partitioned_parquet_snap.date_dim_0.d_moy >= CAST(4 AS INT)
|  |  |     mem-estimate=16.00MB mem-reservation=4.00MB thread-reservation=0
|  |  |     tuple-ids=6 row-size=237B cardinality=118 cost=116758
|  |  |     in pipelines: 04(GETNEXT)
|  |  |
|  |  03:SCAN HDFS [tpcds_partitioned_parquet_snap.store_returns, RANDOM]
|  |     HDFS partitions=2004/2004 files=2004 size=48.14GB
|  |     runtime filters: RF018[bloom] -> tpcds_partitioned_parquet_snap.store_returns.sr_returned_date_sk
|  |     stored statistics:
|  |       table: rows=863.99M size=48.14GB
|  |       partitions: 2004/2004 rows=863.99M
|  |       columns: all
|  |     extrapolated-rows=disabled max-scan-range-rows=30.09M est-scan-range=118(filtered from 2004)
|  |     mem-estimate=16.00MB mem-reservation=512.00KB thread-reservation=0
|  |     tuple-ids=4 row-size=84B cardinality=50.87M(filtered from 863.99M) cost=61536685
|  |     in pipelines: 03(GETNEXT)
|  |
|  22:EXCHANGE [HASH(tpcds_partitioned_parquet_snap.catalog_sales.cs_bill_customer_sk,tpcds_partitioned_parquet_snap.catalog_sales.cs_item_sk)]
|  |  mem-estimate=54.38MB mem-reservation=0B thread-reservation=0
|  |  tuple-ids=0,2 row-size=377B cardinality=278.41M cost=524178917
|  |  in pipelines: 00(GETNEXT)
|  |
|  F04:PLAN FRAGMENT [RANDOM] hosts=10 instances=118 (adjusted from 120)
|  Per-Host Shared Resources: mem-estimate=18.00MB mem-reservation=18.00MB thread-reservation=0 runtime-filters-memory=18.00MB
|  Per-Instance Resources: mem-estimate=31.04MB mem-reservation=1.00MB thread-reservation=1
|  max-parallelism=118 segment-costs=[7732037752]
|  02:HASH JOIN [INNER JOIN, BROADCAST]
|  |  hash-table-id=03
|  |  hash predicates: tpcds_partitioned_parquet_snap.catalog_sales.cs_sold_date_sk = tpcds_partitioned_parquet_snap.date_dim.d_date_sk
|  |  fk/pk conjuncts: tpcds_partitioned_parquet_snap.catalog_sales.cs_sold_date_sk = tpcds_partitioned_parquet_snap.date_dim.d_date_sk
|  |  mem-estimate=0B mem-reservation=0B spill-buffer=64.00KB thread-reservation=0
|  |  tuple-ids=0,2 row-size=377B cardinality=278.41M cost=121860174
|  |  in pipelines: 00(GETNEXT), 01(OPEN)
|  |
|  |--F14:PLAN FRAGMENT [RANDOM] hosts=10 instances=10
|  |  |  Per-Instance Resources: mem-estimate=24.30MB mem-reservation=24.25MB thread-reservation=1 runtime-filters-memory=1.00MB
|  |  |  max-parallelism=10 segment-costs=[268]
|  |  JOIN BUILD
|  |  |  join-table-id=03 plan-id=04 cohort-id=02
|  |  |  build expressions: tpcds_partitioned_parquet_snap.date_dim.d_date_sk
|  |  |  runtime filters: RF016[bloom] <- tpcds_partitioned_parquet_snap.date_dim.d_date_sk
|  |  |  mem-estimate=23.25MB mem-reservation=23.25MB spill-buffer=64.00KB thread-reservation=0 cost=118
|  |  |
|  |  20:EXCHANGE [BROADCAST]
|  |  |  mem-estimate=55.12KB mem-reservation=0B thread-reservation=0
|  |  |  tuple-ids=2 row-size=237B cardinality=118 cost=150
|  |  |  in pipelines: 01(GETNEXT)
|  |  |
|  |  F05:PLAN FRAGMENT [RANDOM] hosts=1 instances=1
|  |  Per-Instance Resources: mem-estimate=16.94MB mem-reservation=4.00MB thread-reservation=1
|  |  max-parallelism=1 segment-costs=[116836]
|  |  01:SCAN HDFS [tpcds_partitioned_parquet_snap.date_dim, RANDOM]
|  |     HDFS partitions=1/1 files=1 size=2.17MB
|  |     predicates: tpcds_partitioned_parquet_snap.date_dim.d_year = CAST(2002 AS INT), tpcds_partitioned_parquet_snap.date_dim.d_moy <= CAST(10 AS INT), tpcds_partitioned_parquet_snap.date_dim.d_moy >= CAST(4 AS INT)
|  |     stored statistics:
|  |       table: rows=73.05K size=2.17MB
|  |       columns: all
|  |     extrapolated-rows=disabled max-scan-range-rows=73.05K
|  |     parquet statistics predicates: tpcds_partitioned_parquet_snap.date_dim.d_year = CAST(2002 AS INT), tpcds_partitioned_parquet_snap.date_dim.d_moy <= CAST(10 AS INT), tpcds_partitioned_parquet_snap.date_dim.d_moy >= CAST(4 AS INT)
|  |     parquet dictionary predicates: tpcds_partitioned_parquet_snap.date_dim.d_year = CAST(2002 AS INT), tpcds_partitioned_parquet_snap.date_dim.d_moy <= CAST(10 AS INT), tpcds_partitioned_parquet_snap.date_dim.d_moy >= CAST(4 AS INT)
|  |     mem-estimate=16.00MB mem-reservation=4.00MB thread-reservation=0
|  |     tuple-ids=2 row-size=237B cardinality=118 cost=116758
|  |     in pipelines: 01(GETNEXT)
|  |
|  00:SCAN HDFS [tpcds_partitioned_parquet_snap.catalog_sales, RANDOM]
|     HDFS partitions=1831/1831 files=1831 size=280.96GB
|     runtime filters: RF014[min_max] -> tpcds_partitioned_parquet_snap.catalog_sales.cs_bill_customer_sk, RF015[min_max] -> tpcds_partitioned_parquet_snap.catalog_sales.cs_item_sk, RF012[bloom] -> tpcds_partitioned_parquet_snap.catalog_sales.cs_bill_customer_sk, RF013[bloom] -> tpcds_partitioned_parquet_snap.catalog_sales.cs_item_sk, RF016[bloom] -> tpcds_partitioned_parquet_snap.catalog_sales.cs_sold_date_sk
|     stored statistics:
|       table: rows=4.32G size=280.96GB
|       partitions: 1831/1831 rows=4.32G
|       columns: all
|     extrapolated-rows=disabled max-scan-range-rows=21.52M est-scan-range=118(filtered from 1831)
|     mem-estimate=16.00MB mem-reservation=1.00MB thread-reservation=0
|     tuple-ids=0 row-size=140B cardinality=278.41M(filtered from 4.32G) cost=561275102
|     in pipelines: 00(GETNEXT)
|
13:HASH JOIN [INNER JOIN, BROADCAST]
|  hash-table-id=04
|  hash predicates: tpcds_partitioned_parquet_snap.store_sales.ss_item_sk = tpcds_partitioned_parquet_snap.item.i_item_sk
|  fk/pk conjuncts: tpcds_partitioned_parquet_snap.store_sales.ss_item_sk = tpcds_partitioned_parquet_snap.item.i_item_sk
|  mem-estimate=0B mem-reservation=0B spill-buffer=2.00MB thread-reservation=0
|  tuple-ids=8,10,12,14 row-size=1.17KB cardinality=202.40M(filtered from 511.32M) cost=144566938
|  in pipelines: 07(GETNEXT), 12(OPEN)
|
|--F15:PLAN FRAGMENT [RANDOM] hosts=10 instances=10
|  |  Per-Instance Resources: mem-estimate=386.60MB mem-reservation=375.00MB thread-reservation=1 runtime-filters-memory=1.00MB
|  |  max-parallelism=10 segment-costs=[838440]
|  JOIN BUILD
|  |  join-table-id=04 plan-id=05 cohort-id=01
|  |  build expressions: tpcds_partitioned_parquet_snap.item.i_item_sk
|  |  runtime filters: RF006[bloom] <- tpcds_partitioned_parquet_snap.item.i_item_sk, RF007[min_max] <- tpcds_partitioned_parquet_snap.item.i_item_sk
|  |  mem-estimate=374.00MB mem-reservation=374.00MB spill-buffer=2.00MB thread-reservation=0 cost=360000
|  |
|  19:EXCHANGE [BROADCAST]
|  |  mem-estimate=11.60MB mem-reservation=0B thread-reservation=0
|  |  tuple-ids=14 row-size=405B cardinality=360.00K cost=478440
|  |  in pipelines: 12(GETNEXT)
|  |
|  F03:PLAN FRAGMENT [RANDOM] hosts=4 instances=4
|  Per-Host Shared Resources: mem-estimate=1.00MB mem-reservation=1.00MB thread-reservation=0 runtime-filters-memory=1.00MB
|  Per-Instance Resources: mem-estimate=17.60MB mem-reservation=512.00KB thread-reservation=1
|  max-parallelism=4 segment-costs=[1757529]
|  12:SCAN HDFS [tpcds_partitioned_parquet_snap.item, RANDOM]
|     HDFS partitions=1/1 files=1 size=33.54MB
|     runtime filters: RF004[min_max] -> tpcds_partitioned_parquet_snap.item.i_item_sk, RF001[bloom] -> tpcds_partitioned_parquet_snap.item.i_item_sk
|     stored statistics:
|       table: rows=360.00K size=33.54MB
|       columns: all
|     extrapolated-rows=disabled max-scan-range-rows=101.54K
|     mem-estimate=16.00MB mem-reservation=512.00KB thread-reservation=0
|     tuple-ids=14 row-size=405B cardinality=360.00K cost=1355609
|     in pipelines: 12(GETNEXT)
|
11:HASH JOIN [INNER JOIN, BROADCAST]
|  hash-table-id=05
|  hash predicates: tpcds_partitioned_parquet_snap.store_sales.ss_sold_date_sk = tpcds_partitioned_parquet_snap.date_dim_1.d_date_sk
|  fk/pk conjuncts: tpcds_partitioned_parquet_snap.store_sales.ss_sold_date_sk = tpcds_partitioned_parquet_snap.date_dim_1.d_date_sk
|  mem-estimate=0B mem-reservation=0B spill-buffer=64.00KB thread-reservation=0
|  tuple-ids=8,10,12 row-size=792B cardinality=202.40M(filtered from 511.58M) cost=144613264
|  in pipelines: 07(GETNEXT), 10(OPEN)
|
|--F16:PLAN FRAGMENT [RANDOM] hosts=10 instances=10
|  |  Per-Instance Resources: mem-estimate=22.36MB mem-reservation=22.31MB thread-reservation=1 runtime-filters-memory=1.00MB
|  |  max-parallelism=10 segment-costs=[248]
|  JOIN BUILD
|  |  join-table-id=05 plan-id=06 cohort-id=01
|  |  build expressions: tpcds_partitioned_parquet_snap.date_dim_1.d_date_sk
|  |  runtime filters: RF008[bloom] <- tpcds_partitioned_parquet_snap.date_dim_1.d_date_sk
|  |  mem-estimate=21.31MB mem-reservation=21.31MB spill-buffer=64.00KB thread-reservation=0 cost=108
|  |
|  18:EXCHANGE [BROADCAST]
|  |  mem-estimate=50.45KB mem-reservation=0B thread-reservation=0
|  |  tuple-ids=12 row-size=237B cardinality=108 cost=140
|  |  in pipelines: 10(GETNEXT)
|  |
|  F02:PLAN FRAGMENT [RANDOM] hosts=1 instances=1
|  Per-Instance Resources: mem-estimate=16.94MB mem-reservation=4.00MB thread-reservation=1
|  max-parallelism=1 segment-costs=[114776]
|  10:SCAN HDFS [tpcds_partitioned_parquet_snap.date_dim, RANDOM]
|     HDFS partitions=1/1 files=1 size=2.17MB
|     predicates: tpcds_partitioned_parquet_snap.date_dim_1.d_year = CAST(2002 AS INT), tpcds_partitioned_parquet_snap.date_dim_1.d_moy = CAST(4 AS INT)
|     stored statistics:
|       table: rows=73.05K size=2.17MB
|       columns: all
|     extrapolated-rows=disabled max-scan-range-rows=73.05K
|     parquet statistics predicates: tpcds_partitioned_parquet_snap.date_dim_1.d_year = CAST(2002 AS INT), tpcds_partitioned_parquet_snap.date_dim_1.d_moy = CAST(4 AS INT)
|     parquet dictionary predicates: tpcds_partitioned_parquet_snap.date_dim_1.d_year = CAST(2002 AS INT), tpcds_partitioned_parquet_snap.date_dim_1.d_moy = CAST(4 AS INT)
|     mem-estimate=16.00MB mem-reservation=4.00MB thread-reservation=0
|     tuple-ids=12 row-size=237B cardinality=108 cost=114705
|     in pipelines: 10(GETNEXT)
|
09:HASH JOIN [INNER JOIN, BROADCAST]
|  hash-table-id=06
|  hash predicates: tpcds_partitioned_parquet_snap.store_sales.ss_store_sk = tpcds_partitioned_parquet_snap.store.s_store_sk
|  fk/pk conjuncts: tpcds_partitioned_parquet_snap.store_sales.ss_store_sk = tpcds_partitioned_parquet_snap.store.s_store_sk
|  mem-estimate=0B mem-reservation=0B spill-buffer=64.00KB thread-reservation=0
|  tuple-ids=8,10 row-size=555B cardinality=202.40M(filtered from 8.64G) cost=1617472110
|  in pipelines: 07(GETNEXT), 08(OPEN)
|
|--F17:PLAN FRAGMENT [RANDOM] hosts=10 instances=10
|  |  Per-Instance Resources: mem-estimate=23.35MB mem-reservation=22.31MB thread-reservation=1 runtime-filters-memory=1.00MB
|  |  max-parallelism=10 segment-costs=[3140]
|  JOIN BUILD
|  |  join-table-id=06 plan-id=07 cohort-id=01
|  |  build expressions: tpcds_partitioned_parquet_snap.store.s_store_sk
|  |  runtime filters: RF010[bloom] <- tpcds_partitioned_parquet_snap.store.s_store_sk, RF011[min_max] <- tpcds_partitioned_parquet_snap.store.s_store_sk
|  |  mem-estimate=21.31MB mem-reservation=21.31MB spill-buffer=64.00KB thread-reservation=0 cost=1350
|  |
|  17:EXCHANGE [BROADCAST]
|  |  mem-estimate=1.04MB mem-reservation=0B thread-reservation=0
|  |  tuple-ids=10 row-size=459B cardinality=1.35K cost=1790
|  |  in pipelines: 08(GETNEXT)
|  |
|  F01:PLAN FRAGMENT [RANDOM] hosts=1 instances=1
|  Per-Instance Resources: mem-estimate=17.81MB mem-reservation=232.00KB thread-reservation=1
|  max-parallelism=1 segment-costs=[6419]
|  08:SCAN HDFS [tpcds_partitioned_parquet_snap.store, RANDOM]
|     HDFS partitions=1/1 files=1 size=119.76KB
|     stored statistics:
|       table: rows=1.35K size=119.76KB
|       columns: all
|     extrapolated-rows=disabled max-scan-range-rows=1.35K
|     mem-estimate=16.00MB mem-reservation=232.00KB thread-reservation=0
|     tuple-ids=10 row-size=459B cardinality=1.35K cost=4718
|     in pipelines: 08(GETNEXT)
|
07:SCAN HDFS [tpcds_partitioned_parquet_snap.store_sales, RANDOM]
   HDFS partitions=1824/1824 files=1824 size=389.90GB
   runtime filters: RF003[min_max] -> tpcds_partitioned_parquet_snap.store_sales.ss_customer_sk, RF004[min_max] -> tpcds_partitioned_parquet_snap.store_sales.ss_item_sk, RF005[min_max] -> tpcds_partitioned_parquet_snap.store_sales.ss_ticket_number, RF007[min_max] -> tpcds_partitioned_parquet_snap.store_sales.ss_item_sk, RF011[min_max] -> tpcds_partitioned_parquet_snap.store_sales.ss_store_sk, RF000[bloom] -> tpcds_partitioned_parquet_snap.store_sales.ss_customer_sk, RF001[bloom] -> tpcds_partitioned_parquet_snap.store_sales.ss_item_sk, RF002[bloom] -> tpcds_partitioned_parquet_snap.store_sales.ss_ticket_number, RF008[bloom] -> tpcds_partitioned_parquet_snap.store_sales.ss_sold_date_sk, RF006[bloom] -> tpcds_partitioned_parquet_snap.store_sales.ss_item_sk, RF010[bloom] -> tpcds_partitioned_parquet_snap.store_sales.ss_store_sk
   stored statistics:
     table: rows=8.64G size=389.90GB
     partitions: 1824/1824 rows=8.64G
     columns: all
   extrapolated-rows=disabled max-scan-range-rows=390.22M est-scan-range=109(filtered from 1824)
   mem-estimate=16.00MB mem-reservation=8.00MB thread-reservation=0
   tuple-ids=8 row-size=96B cardinality=202.40M(filtered from 8.64G) cost=707201433
   in pipelines: 07(GETNEXT)
---- PARALLELPLANS
Max Per-Host Resource Reservation: Memory=1.14GB Threads=50
Per-Host Resource Estimates: Memory=14.64GB
F10:PLAN FRAGMENT [UNPARTITIONED] hosts=1 instances=1
|  Per-Instance Resources: mem-estimate=4.23MB mem-reservation=4.00MB thread-reservation=1
|  max-parallelism=1 segment-costs=[771] cpu-comparison-result=175 [max(1 (self) vs 175 (sum children))]
PLAN-ROOT SINK
|  output exprs: tpcds_partitioned_parquet_snap.item.i_item_id, tpcds_partitioned_parquet_snap.item.i_item_desc, tpcds_partitioned_parquet_snap.store.s_store_id, tpcds_partitioned_parquet_snap.store.s_store_name, sum(tpcds_partitioned_parquet_snap.store_sales.ss_net_profit), sum(tpcds_partitioned_parquet_snap.store_returns.sr_net_loss), sum(tpcds_partitioned_parquet_snap.catalog_sales.cs_net_profit)
|  mem-estimate=4.00MB mem-reservation=4.00MB spill-buffer=2.00MB thread-reservation=0 cost=700
|
27:MERGING-EXCHANGE [UNPARTITIONED]
|  order by: tpcds_partitioned_parquet_snap.item.i_item_id ASC NULLS LAST, tpcds_partitioned_parquet_snap.item.i_item_desc ASC NULLS LAST, tpcds_partitioned_parquet_snap.store.s_store_id ASC NULLS LAST, tpcds_partitioned_parquet_snap.store.s_store_name ASC NULLS LAST
|  limit: 100
|  mem-estimate=233.27KB mem-reservation=0B thread-reservation=0
|  tuple-ids=17 row-size=233B cardinality=100 cost=71
|  in pipelines: 16(GETNEXT)
|
F09:PLAN FRAGMENT [HASH(tpcds_partitioned_parquet_snap.item.i_item_id,tpcds_partitioned_parquet_snap.item.i_item_desc,tpcds_partitioned_parquet_snap.store.s_store_id,tpcds_partitioned_parquet_snap.store.s_store_name)] hosts=10 instances=10 (adjusted from 120)
Per-Instance Resources: mem-estimate=69.18MB mem-reservation=34.00MB thread-reservation=1
max-parallelism=10 segment-costs=[7007953, 10878392, 640] cpu-comparison-result=175 [max(10 (self) vs 175 (sum children))]
16:TOP-N [LIMIT=100]
|  order by: tpcds_partitioned_parquet_snap.item.i_item_id ASC NULLS LAST, tpcds_partitioned_parquet_snap.item.i_item_desc ASC NULLS LAST, tpcds_partitioned_parquet_snap.store.s_store_id ASC NULLS LAST, tpcds_partitioned_parquet_snap.store.s_store_name ASC NULLS LAST
|  mem-estimate=22.71KB mem-reservation=0B thread-reservation=0
|  tuple-ids=17 row-size=233B cardinality=100 cost=10878392
|  in pipelines: 16(GETNEXT), 26(OPEN)
|
26:AGGREGATE [FINALIZE]
|  output: sum:merge(tpcds_partitioned_parquet_snap.store_sales.ss_net_profit), sum:merge(tpcds_partitioned_parquet_snap.store_returns.sr_net_loss), sum:merge(tpcds_partitioned_parquet_snap.catalog_sales.cs_net_profit)
|  group by: tpcds_partitioned_parquet_snap.item.i_item_id, tpcds_partitioned_parquet_snap.item.i_item_desc, tpcds_partitioned_parquet_snap.store.s_store_id, tpcds_partitioned_parquet_snap.store.s_store_name
|  mem-estimate=34.00MB mem-reservation=34.00MB spill-buffer=2.00MB thread-reservation=0
|  tuple-ids=16 row-size=233B cardinality=970.18K cost=5862391
|  in pipelines: 26(GETNEXT), 07(OPEN)
|
25:EXCHANGE [HASH(tpcds_partitioned_parquet_snap.item.i_item_id,tpcds_partitioned_parquet_snap.item.i_item_desc,tpcds_partitioned_parquet_snap.store.s_store_id,tpcds_partitioned_parquet_snap.store.s_store_name)]
|  mem-estimate=35.18MB mem-reservation=0B thread-reservation=0
|  tuple-ids=16 row-size=233B cardinality=970.18K cost=1145562
|  in pipelines: 07(GETNEXT)
|
F00:PLAN FRAGMENT [RANDOM] hosts=10 instances=109 (adjusted from 120)
Per-Host Shared Resources: mem-estimate=36.00MB mem-reservation=36.00MB thread-reservation=0 runtime-filters-memory=36.00MB
Per-Instance Resources: mem-estimate=35.24MB mem-reservation=11.00MB thread-reservation=1
max-parallelism=109 segment-costs=[2671807786, 15028695] cpu-comparison-result=175 [max(109 (self) vs 175 (sum children))]
15:AGGREGATE [STREAMING]
|  output: sum(tpcds_partitioned_parquet_snap.store_sales.ss_net_profit), sum(tpcds_partitioned_parquet_snap.store_returns.sr_net_loss), sum(tpcds_partitioned_parquet_snap.catalog_sales.cs_net_profit)
|  group by: tpcds_partitioned_parquet_snap.item.i_item_id, tpcds_partitioned_parquet_snap.item.i_item_desc, tpcds_partitioned_parquet_snap.store.s_store_id, tpcds_partitioned_parquet_snap.store.s_store_name
|  mem-estimate=10.00MB mem-reservation=3.00MB spill-buffer=128.00KB thread-reservation=0
|  tuple-ids=16 row-size=233B cardinality=970.18K cost=5862391
|  in pipelines: 07(GETNEXT)
|
14:HASH JOIN [INNER JOIN, BROADCAST]
|  hash-table-id=00
|  hash predicates: tpcds_partitioned_parquet_snap.store_sales.ss_customer_sk = tpcds_partitioned_parquet_snap.store_returns.sr_customer_sk, tpcds_partitioned_parquet_snap.store_sales.ss_item_sk = tpcds_partitioned_parquet_snap.store_returns.sr_item_sk, tpcds_partitioned_parquet_snap.store_sales.ss_ticket_number = tpcds_partitioned_parquet_snap.store_returns.sr_ticket_number
|  fk/pk conjuncts: tpcds_partitioned_parquet_snap.store_sales.ss_customer_sk = tpcds_partitioned_parquet_snap.store_returns.sr_customer_sk, tpcds_partitioned_parquet_snap.store_sales.ss_item_sk = tpcds_partitioned_parquet_snap.store_returns.sr_item_sk, tpcds_partitioned_parquet_snap.store_sales.ss_ticket_number = tpcds_partitioned_parquet_snap.store_returns.sr_ticket_number
|  mem-estimate=0B mem-reservation=0B spill-buffer=2.00MB thread-reservation=0
|  tuple-ids=8,10,12,14,0,2,4,6 row-size=1.85KB cardinality=970.18K cost=52091650
|  in pipelines: 07(GETNEXT), 00(OPEN)
|
|--F11:PLAN FRAGMENT [RANDOM] hosts=10 instances=10
|  |  Per-Instance Resources: mem-estimate=11.08GB mem-reservation=407.00MB thread-reservation=1 runtime-filters-memory=33.00MB
|  |  max-parallelism=10 segment-costs=[38180220] cpu-comparison-result=139 [max(138 (self) vs 139 (sum children))]
|  JOIN BUILD
|  |  join-table-id=00 plan-id=01 cohort-id=01
|  |  build expressions: tpcds_partitioned_parquet_snap.store_returns.sr_customer_sk, tpcds_partitioned_parquet_snap.store_returns.sr_item_sk, tpcds_partitioned_parquet_snap.store_returns.sr_ticket_number
|  |  runtime filters: RF000[bloom] <- tpcds_partitioned_parquet_snap.store_returns.sr_customer_sk, RF001[bloom] <- tpcds_partitioned_parquet_snap.store_returns.sr_item_sk, RF002[bloom] <- tpcds_partitioned_parquet_snap.store_returns.sr_ticket_number, RF003[min_max] <- tpcds_partitioned_parquet_snap.store_returns.sr_customer_sk, RF004[min_max] <- tpcds_partitioned_parquet_snap.store_returns.sr_item_sk, RF005[min_max] <- tpcds_partitioned_parquet_snap.store_returns.sr_ticket_number
|  |  mem-estimate=11.04GB mem-reservation=374.00MB spill-buffer=2.00MB thread-reservation=0 cost=16393400
|  |
|  24:EXCHANGE [BROADCAST]
|  |  mem-estimate=16.98MB mem-reservation=0B thread-reservation=0
|  |  tuple-ids=0,2,4,6 row-size=698B cardinality=16.39M cost=21786820
|  |  in pipelines: 00(GETNEXT)
|  |
|  F08:PLAN FRAGMENT [HASH(tpcds_partitioned_parquet_snap.catalog_sales.cs_bill_customer_sk,tpcds_partitioned_parquet_snap.catalog_sales.cs_item_sk)] hosts=10 instances=10 (adjusted from 120)
|  Per-Instance Resources: mem-estimate=57.17MB mem-reservation=0B thread-reservation=1
|  max-parallelism=70 segment-costs=[630885672]
|  06:HASH JOIN [INNER JOIN, PARTITIONED]
|  |  hash-table-id=01
|  |  hash predicates: tpcds_partitioned_parquet_snap.catalog_sales.cs_bill_customer_sk = tpcds_partitioned_parquet_snap.store_returns.sr_customer_sk, tpcds_partitioned_parquet_snap.catalog_sales.cs_item_sk = tpcds_partitioned_parquet_snap.store_returns.sr_item_sk
|  |  fk/pk conjuncts: tpcds_partitioned_parquet_snap.catalog_sales.cs_bill_customer_sk = tpcds_partitioned_parquet_snap.store_returns.sr_customer_sk, tpcds_partitioned_parquet_snap.catalog_sales.cs_item_sk = tpcds_partitioned_parquet_snap.store_returns.sr_item_sk
|  |  mem-estimate=0B mem-reservation=0B spill-buffer=2.00MB thread-reservation=0
|  |  tuple-ids=0,2,4,6 row-size=698B cardinality=16.39M cost=74382718
|  |  in pipelines: 00(GETNEXT), 03(OPEN)
|  |
|  |--F12:PLAN FRAGMENT [HASH(tpcds_partitioned_parquet_snap.catalog_sales.cs_bill_customer_sk,tpcds_partitioned_parquet_snap.catalog_sales.cs_item_sk)] hosts=10 instances=10 (adjusted from 120)
|  |  |  Per-Instance Resources: mem-estimate=1.73GB mem-reservation=51.00MB thread-reservation=1 runtime-filters-memory=17.00MB
|  |  |  max-parallelism=70 segment-costs=[133551148] cpu-comparison-result=128 [max(128 (self) vs 11 (sum children))]
|  |  JOIN BUILD
|  |  |  join-table-id=01 plan-id=02 cohort-id=02
|  |  |  build expressions: tpcds_partitioned_parquet_snap.store_returns.sr_customer_sk, tpcds_partitioned_parquet_snap.store_returns.sr_item_sk
|  |  |  runtime filters: RF012[bloom] <- tpcds_partitioned_parquet_snap.store_returns.sr_customer_sk, RF013[bloom] <- tpcds_partitioned_parquet_snap.store_returns.sr_item_sk, RF014[min_max] <- tpcds_partitioned_parquet_snap.store_returns.sr_customer_sk, RF015[min_max] <- tpcds_partitioned_parquet_snap.store_returns.sr_item_sk
|  |  |  mem-estimate=1.67GB mem-reservation=34.00MB spill-buffer=2.00MB thread-reservation=0 cost=50873583
|  |  |
|  |  23:EXCHANGE [HASH(tpcds_partitioned_parquet_snap.store_returns.sr_customer_sk,tpcds_partitioned_parquet_snap.store_returns.sr_item_sk)]
|  |  |  mem-estimate=47.93MB mem-reservation=0B thread-reservation=0
|  |  |  tuple-ids=4,6 row-size=321B cardinality=50.87M cost=82677565
|  |  |  in pipelines: 03(GETNEXT)
|  |  |
|  |  F06:PLAN FRAGMENT [RANDOM] hosts=10 instances=118 (adjusted from 120)
|  |  Per-Host Shared Resources: mem-estimate=1.00MB mem-reservation=1.00MB thread-reservation=0 runtime-filters-memory=1.00MB
|  |  Per-Instance Resources: mem-estimate=28.86MB mem-reservation=512.00KB thread-reservation=1
|  |  max-parallelism=118 segment-costs=[1188371271]
|  |  05:HASH JOIN [INNER JOIN, BROADCAST]
|  |  |  hash-table-id=02
|  |  |  hash predicates: tpcds_partitioned_parquet_snap.store_returns.sr_returned_date_sk = tpcds_partitioned_parquet_snap.date_dim_0.d_date_sk
|  |  |  fk/pk conjuncts: tpcds_partitioned_parquet_snap.store_returns.sr_returned_date_sk = tpcds_partitioned_parquet_snap.date_dim_0.d_date_sk
|  |  |  mem-estimate=0B mem-reservation=0B spill-buffer=64.00KB thread-reservation=0
|  |  |  tuple-ids=4,6 row-size=321B cardinality=50.87M cost=22267367
|  |  |  in pipelines: 03(GETNEXT), 04(OPEN)
|  |  |
|  |  |--F13:PLAN FRAGMENT [RANDOM] hosts=10 instances=10
|  |  |  |  Per-Instance Resources: mem-estimate=24.30MB mem-reservation=24.25MB thread-reservation=1 runtime-filters-memory=1.00MB
|  |  |  |  max-parallelism=10 segment-costs=[268]
|  |  |  JOIN BUILD
|  |  |  |  join-table-id=02 plan-id=03 cohort-id=03
|  |  |  |  build expressions: tpcds_partitioned_parquet_snap.date_dim_0.d_date_sk
|  |  |  |  runtime filters: RF018[bloom] <- tpcds_partitioned_parquet_snap.date_dim_0.d_date_sk
|  |  |  |  mem-estimate=23.25MB mem-reservation=23.25MB spill-buffer=64.00KB thread-reservation=0 cost=118
|  |  |  |
|  |  |  21:EXCHANGE [BROADCAST]
|  |  |  |  mem-estimate=55.12KB mem-reservation=0B thread-reservation=0
|  |  |  |  tuple-ids=6 row-size=237B cardinality=118 cost=150
|  |  |  |  in pipelines: 04(GETNEXT)
|  |  |  |
|  |  |  F07:PLAN FRAGMENT [RANDOM] hosts=1 instances=1
|  |  |  Per-Instance Resources: mem-estimate=16.94MB mem-reservation=4.00MB thread-reservation=1
|  |  |  max-parallelism=1 segment-costs=[116836]
|  |  |  04:SCAN HDFS [tpcds_partitioned_parquet_snap.date_dim, RANDOM]
|  |  |     HDFS partitions=1/1 files=1 size=2.17MB
|  |  |     predicates: tpcds_partitioned_parquet_snap.date_dim_0.d_year = CAST(2002 AS INT), tpcds_partitioned_parquet_snap.date_dim_0.d_moy <= CAST(10 AS INT), tpcds_partitioned_parquet_snap.date_dim_0.d_moy >= CAST(4 AS INT)
|  |  |     stored statistics:
|  |  |       table: rows=73.05K size=2.17MB
|  |  |       columns: all
|  |  |     extrapolated-rows=disabled max-scan-range-rows=73.05K
|  |  |     parquet statistics predicates: tpcds_partitioned_parquet_snap.date_dim_0.d_year = CAST(2002 AS INT), tpcds_partitioned_parquet_snap.date_dim_0.d_moy <= CAST(10 AS INT), tpcds_partitioned_parquet_snap.date_dim_0.d_moy >= CAST(4 AS INT)
|  |  |     parquet dictionary predicates: tpcds_partitioned_parquet_snap.date_dim_0.d_year = CAST(2002 AS INT), tpcds_partitioned_parquet_snap.date_dim_0.d_moy <= CAST(10 AS INT), tpcds_partitioned_parquet_snap.date_dim_0.d_moy >= CAST(4 AS INT)
|  |  |     mem-estimate=16.00MB mem-reservation=4.00MB thread-reservation=0
|  |  |     tuple-ids=6 row-size=237B cardinality=118 cost=116758
|  |  |     in pipelines: 04(GETNEXT)
|  |  |
|  |  03:SCAN HDFS [tpcds_partitioned_parquet_snap.store_returns, RANDOM]
|  |     HDFS partitions=2004/2004 files=2004 size=48.14GB
|  |     runtime filters: RF018[bloom] -> tpcds_partitioned_parquet_snap.store_returns.sr_returned_date_sk
|  |     stored statistics:
|  |       table: rows=863.99M size=48.14GB
|  |       partitions: 2004/2004 rows=863.99M
|  |       columns: all
|  |     extrapolated-rows=disabled max-scan-range-rows=30.09M est-scan-range=118(filtered from 2004)
|  |     mem-estimate=16.00MB mem-reservation=512.00KB thread-reservation=0
|  |     tuple-ids=4 row-size=84B cardinality=50.87M(filtered from 863.99M) cost=61536685
|  |     in pipelines: 03(GETNEXT)
|  |
|  22:EXCHANGE [HASH(tpcds_partitioned_parquet_snap.catalog_sales.cs_bill_customer_sk,tpcds_partitioned_parquet_snap.catalog_sales.cs_item_sk)]
|  |  mem-estimate=54.38MB mem-reservation=0B thread-reservation=0
|  |  tuple-ids=0,2 row-size=377B cardinality=278.41M cost=524178917
|  |  in pipelines: 00(GETNEXT)
|  |
|  F04:PLAN FRAGMENT [RANDOM] hosts=10 instances=118 (adjusted from 120)
|  Per-Host Shared Resources: mem-estimate=18.00MB mem-reservation=18.00MB thread-reservation=0 runtime-filters-memory=18.00MB
|  Per-Instance Resources: mem-estimate=31.04MB mem-reservation=1.00MB thread-reservation=1
|  max-parallelism=118 segment-costs=[7732037752]
|  02:HASH JOIN [INNER JOIN, BROADCAST]
|  |  hash-table-id=03
|  |  hash predicates: tpcds_partitioned_parquet_snap.catalog_sales.cs_sold_date_sk = tpcds_partitioned_parquet_snap.date_dim.d_date_sk
|  |  fk/pk conjuncts: tpcds_partitioned_parquet_snap.catalog_sales.cs_sold_date_sk = tpcds_partitioned_parquet_snap.date_dim.d_date_sk
|  |  mem-estimate=0B mem-reservation=0B spill-buffer=64.00KB thread-reservation=0
|  |  tuple-ids=0,2 row-size=377B cardinality=278.41M cost=121860174
|  |  in pipelines: 00(GETNEXT), 01(OPEN)
|  |
|  |--F14:PLAN FRAGMENT [RANDOM] hosts=10 instances=10
|  |  |  Per-Instance Resources: mem-estimate=24.30MB mem-reservation=24.25MB thread-reservation=1 runtime-filters-memory=1.00MB
|  |  |  max-parallelism=10 segment-costs=[268]
|  |  JOIN BUILD
|  |  |  join-table-id=03 plan-id=04 cohort-id=02
|  |  |  build expressions: tpcds_partitioned_parquet_snap.date_dim.d_date_sk
|  |  |  runtime filters: RF016[bloom] <- tpcds_partitioned_parquet_snap.date_dim.d_date_sk
|  |  |  mem-estimate=23.25MB mem-reservation=23.25MB spill-buffer=64.00KB thread-reservation=0 cost=118
|  |  |
|  |  20:EXCHANGE [BROADCAST]
|  |  |  mem-estimate=55.12KB mem-reservation=0B thread-reservation=0
|  |  |  tuple-ids=2 row-size=237B cardinality=118 cost=150
|  |  |  in pipelines: 01(GETNEXT)
|  |  |
|  |  F05:PLAN FRAGMENT [RANDOM] hosts=1 instances=1
|  |  Per-Instance Resources: mem-estimate=16.94MB mem-reservation=4.00MB thread-reservation=1
|  |  max-parallelism=1 segment-costs=[116836]
|  |  01:SCAN HDFS [tpcds_partitioned_parquet_snap.date_dim, RANDOM]
|  |     HDFS partitions=1/1 files=1 size=2.17MB
|  |     predicates: tpcds_partitioned_parquet_snap.date_dim.d_year = CAST(2002 AS INT), tpcds_partitioned_parquet_snap.date_dim.d_moy <= CAST(10 AS INT), tpcds_partitioned_parquet_snap.date_dim.d_moy >= CAST(4 AS INT)
|  |     stored statistics:
|  |       table: rows=73.05K size=2.17MB
|  |       columns: all
|  |     extrapolated-rows=disabled max-scan-range-rows=73.05K
|  |     parquet statistics predicates: tpcds_partitioned_parquet_snap.date_dim.d_year = CAST(2002 AS INT), tpcds_partitioned_parquet_snap.date_dim.d_moy <= CAST(10 AS INT), tpcds_partitioned_parquet_snap.date_dim.d_moy >= CAST(4 AS INT)
|  |     parquet dictionary predicates: tpcds_partitioned_parquet_snap.date_dim.d_year = CAST(2002 AS INT), tpcds_partitioned_parquet_snap.date_dim.d_moy <= CAST(10 AS INT), tpcds_partitioned_parquet_snap.date_dim.d_moy >= CAST(4 AS INT)
|  |     mem-estimate=16.00MB mem-reservation=4.00MB thread-reservation=0
|  |     tuple-ids=2 row-size=237B cardinality=118 cost=116758
|  |     in pipelines: 01(GETNEXT)
|  |
|  00:SCAN HDFS [tpcds_partitioned_parquet_snap.catalog_sales, RANDOM]
|     HDFS partitions=1831/1831 files=1831 size=280.96GB
|     runtime filters: RF014[min_max] -> tpcds_partitioned_parquet_snap.catalog_sales.cs_bill_customer_sk, RF015[min_max] -> tpcds_partitioned_parquet_snap.catalog_sales.cs_item_sk, RF012[bloom] -> tpcds_partitioned_parquet_snap.catalog_sales.cs_bill_customer_sk, RF013[bloom] -> tpcds_partitioned_parquet_snap.catalog_sales.cs_item_sk, RF016[bloom] -> tpcds_partitioned_parquet_snap.catalog_sales.cs_sold_date_sk
|     stored statistics:
|       table: rows=4.32G size=280.96GB
|       partitions: 1831/1831 rows=4.32G
|       columns: all
|     extrapolated-rows=disabled max-scan-range-rows=21.52M est-scan-range=118(filtered from 1831)
|     mem-estimate=16.00MB mem-reservation=1.00MB thread-reservation=0
|     tuple-ids=0 row-size=140B cardinality=278.41M(filtered from 4.32G) cost=561275102
|     in pipelines: 00(GETNEXT)
|
13:HASH JOIN [INNER JOIN, BROADCAST]
|  hash-table-id=04
|  hash predicates: tpcds_partitioned_parquet_snap.store_sales.ss_item_sk = tpcds_partitioned_parquet_snap.item.i_item_sk
|  fk/pk conjuncts: tpcds_partitioned_parquet_snap.store_sales.ss_item_sk = tpcds_partitioned_parquet_snap.item.i_item_sk
|  mem-estimate=0B mem-reservation=0B spill-buffer=2.00MB thread-reservation=0
|  tuple-ids=8,10,12,14 row-size=1.17KB cardinality=202.40M(filtered from 511.32M) cost=144566938
|  in pipelines: 07(GETNEXT), 12(OPEN)
|
|--F15:PLAN FRAGMENT [RANDOM] hosts=10 instances=10
|  |  Per-Instance Resources: mem-estimate=386.60MB mem-reservation=375.00MB thread-reservation=1 runtime-filters-memory=1.00MB
|  |  max-parallelism=10 segment-costs=[838440]
|  JOIN BUILD
|  |  join-table-id=04 plan-id=05 cohort-id=01
|  |  build expressions: tpcds_partitioned_parquet_snap.item.i_item_sk
|  |  runtime filters: RF006[bloom] <- tpcds_partitioned_parquet_snap.item.i_item_sk, RF007[min_max] <- tpcds_partitioned_parquet_snap.item.i_item_sk
|  |  mem-estimate=374.00MB mem-reservation=374.00MB spill-buffer=2.00MB thread-reservation=0 cost=360000
|  |
|  19:EXCHANGE [BROADCAST]
|  |  mem-estimate=11.60MB mem-reservation=0B thread-reservation=0
|  |  tuple-ids=14 row-size=405B cardinality=360.00K cost=478440
|  |  in pipelines: 12(GETNEXT)
|  |
|  F03:PLAN FRAGMENT [RANDOM] hosts=4 instances=4
|  Per-Host Shared Resources: mem-estimate=1.00MB mem-reservation=1.00MB thread-reservation=0 runtime-filters-memory=1.00MB
|  Per-Instance Resources: mem-estimate=17.60MB mem-reservation=512.00KB thread-reservation=1
|  max-parallelism=4 segment-costs=[1757529]
|  12:SCAN HDFS [tpcds_partitioned_parquet_snap.item, RANDOM]
|     HDFS partitions=1/1 files=1 size=33.54MB
|     runtime filters: RF004[min_max] -> tpcds_partitioned_parquet_snap.item.i_item_sk, RF001[bloom] -> tpcds_partitioned_parquet_snap.item.i_item_sk
|     stored statistics:
|       table: rows=360.00K size=33.54MB
|       columns: all
|     extrapolated-rows=disabled max-scan-range-rows=101.54K
|     mem-estimate=16.00MB mem-reservation=512.00KB thread-reservation=0
|     tuple-ids=14 row-size=405B cardinality=360.00K cost=1355609
|     in pipelines: 12(GETNEXT)
|
11:HASH JOIN [INNER JOIN, BROADCAST]
|  hash-table-id=05
|  hash predicates: tpcds_partitioned_parquet_snap.store_sales.ss_sold_date_sk = tpcds_partitioned_parquet_snap.date_dim_1.d_date_sk
|  fk/pk conjuncts: tpcds_partitioned_parquet_snap.store_sales.ss_sold_date_sk = tpcds_partitioned_parquet_snap.date_dim_1.d_date_sk
|  mem-estimate=0B mem-reservation=0B spill-buffer=64.00KB thread-reservation=0
|  tuple-ids=8,10,12 row-size=792B cardinality=202.40M(filtered from 511.58M) cost=144613264
|  in pipelines: 07(GETNEXT), 10(OPEN)
|
|--F16:PLAN FRAGMENT [RANDOM] hosts=10 instances=10
|  |  Per-Instance Resources: mem-estimate=22.36MB mem-reservation=22.31MB thread-reservation=1 runtime-filters-memory=1.00MB
|  |  max-parallelism=10 segment-costs=[248]
|  JOIN BUILD
|  |  join-table-id=05 plan-id=06 cohort-id=01
|  |  build expressions: tpcds_partitioned_parquet_snap.date_dim_1.d_date_sk
|  |  runtime filters: RF008[bloom] <- tpcds_partitioned_parquet_snap.date_dim_1.d_date_sk
|  |  mem-estimate=21.31MB mem-reservation=21.31MB spill-buffer=64.00KB thread-reservation=0 cost=108
|  |
|  18:EXCHANGE [BROADCAST]
|  |  mem-estimate=50.45KB mem-reservation=0B thread-reservation=0
|  |  tuple-ids=12 row-size=237B cardinality=108 cost=140
|  |  in pipelines: 10(GETNEXT)
|  |
|  F02:PLAN FRAGMENT [RANDOM] hosts=1 instances=1
|  Per-Instance Resources: mem-estimate=16.94MB mem-reservation=4.00MB thread-reservation=1
|  max-parallelism=1 segment-costs=[114776]
|  10:SCAN HDFS [tpcds_partitioned_parquet_snap.date_dim, RANDOM]
|     HDFS partitions=1/1 files=1 size=2.17MB
|     predicates: tpcds_partitioned_parquet_snap.date_dim_1.d_year = CAST(2002 AS INT), tpcds_partitioned_parquet_snap.date_dim_1.d_moy = CAST(4 AS INT)
|     stored statistics:
|       table: rows=73.05K size=2.17MB
|       columns: all
|     extrapolated-rows=disabled max-scan-range-rows=73.05K
|     parquet statistics predicates: tpcds_partitioned_parquet_snap.date_dim_1.d_year = CAST(2002 AS INT), tpcds_partitioned_parquet_snap.date_dim_1.d_moy = CAST(4 AS INT)
|     parquet dictionary predicates: tpcds_partitioned_parquet_snap.date_dim_1.d_year = CAST(2002 AS INT), tpcds_partitioned_parquet_snap.date_dim_1.d_moy = CAST(4 AS INT)
|     mem-estimate=16.00MB mem-reservation=4.00MB thread-reservation=0
|     tuple-ids=12 row-size=237B cardinality=108 cost=114705
|     in pipelines: 10(GETNEXT)
|
09:HASH JOIN [INNER JOIN, BROADCAST]
|  hash-table-id=06
|  hash predicates: tpcds_partitioned_parquet_snap.store_sales.ss_store_sk = tpcds_partitioned_parquet_snap.store.s_store_sk
|  fk/pk conjuncts: tpcds_partitioned_parquet_snap.store_sales.ss_store_sk = tpcds_partitioned_parquet_snap.store.s_store_sk
|  mem-estimate=0B mem-reservation=0B spill-buffer=64.00KB thread-reservation=0
|  tuple-ids=8,10 row-size=555B cardinality=202.40M(filtered from 8.64G) cost=1617472110
|  in pipelines: 07(GETNEXT), 08(OPEN)
|
|--F17:PLAN FRAGMENT [RANDOM] hosts=10 instances=10
|  |  Per-Instance Resources: mem-estimate=23.35MB mem-reservation=22.31MB thread-reservation=1 runtime-filters-memory=1.00MB
|  |  max-parallelism=10 segment-costs=[3140]
|  JOIN BUILD
|  |  join-table-id=06 plan-id=07 cohort-id=01
|  |  build expressions: tpcds_partitioned_parquet_snap.store.s_store_sk
|  |  runtime filters: RF010[bloom] <- tpcds_partitioned_parquet_snap.store.s_store_sk, RF011[min_max] <- tpcds_partitioned_parquet_snap.store.s_store_sk
|  |  mem-estimate=21.31MB mem-reservation=21.31MB spill-buffer=64.00KB thread-reservation=0 cost=1350
|  |
|  17:EXCHANGE [BROADCAST]
|  |  mem-estimate=1.04MB mem-reservation=0B thread-reservation=0
|  |  tuple-ids=10 row-size=459B cardinality=1.35K cost=1790
|  |  in pipelines: 08(GETNEXT)
|  |
|  F01:PLAN FRAGMENT [RANDOM] hosts=1 instances=1
|  Per-Instance Resources: mem-estimate=17.81MB mem-reservation=232.00KB thread-reservation=1
|  max-parallelism=1 segment-costs=[6419]
|  08:SCAN HDFS [tpcds_partitioned_parquet_snap.store, RANDOM]
|     HDFS partitions=1/1 files=1 size=119.76KB
|     stored statistics:
|       table: rows=1.35K size=119.76KB
|       columns: all
|     extrapolated-rows=disabled max-scan-range-rows=1.35K
|     mem-estimate=16.00MB mem-reservation=232.00KB thread-reservation=0
|     tuple-ids=10 row-size=459B cardinality=1.35K cost=4718
|     in pipelines: 08(GETNEXT)
|
07:SCAN HDFS [tpcds_partitioned_parquet_snap.store_sales, RANDOM]
   HDFS partitions=1824/1824 files=1824 size=389.90GB
   runtime filters: RF003[min_max] -> tpcds_partitioned_parquet_snap.store_sales.ss_customer_sk, RF004[min_max] -> tpcds_partitioned_parquet_snap.store_sales.ss_item_sk, RF005[min_max] -> tpcds_partitioned_parquet_snap.store_sales.ss_ticket_number, RF007[min_max] -> tpcds_partitioned_parquet_snap.store_sales.ss_item_sk, RF011[min_max] -> tpcds_partitioned_parquet_snap.store_sales.ss_store_sk, RF000[bloom] -> tpcds_partitioned_parquet_snap.store_sales.ss_customer_sk, RF001[bloom] -> tpcds_partitioned_parquet_snap.store_sales.ss_item_sk, RF002[bloom] -> tpcds_partitioned_parquet_snap.store_sales.ss_ticket_number, RF008[bloom] -> tpcds_partitioned_parquet_snap.store_sales.ss_sold_date_sk, RF006[bloom] -> tpcds_partitioned_parquet_snap.store_sales.ss_item_sk, RF010[bloom] -> tpcds_partitioned_parquet_snap.store_sales.ss_store_sk
   stored statistics:
     table: rows=8.64G size=389.90GB
     partitions: 1824/1824 rows=8.64G
     columns: all
   extrapolated-rows=disabled max-scan-range-rows=390.22M est-scan-range=109(filtered from 1824)
   mem-estimate=16.00MB mem-reservation=8.00MB thread-reservation=0
   tuple-ids=8 row-size=96B cardinality=202.40M(filtered from 8.64G) cost=707201433
   in pipelines: 07(GETNEXT)
====
