# TPCDS-Q95
# start query 95 in stream 0 using template query95.tpl using seed 1421024453
with ws_wh as
(select ws1.ws_order_number,ws1.ws_warehouse_sk wh1,ws2.ws_warehouse_sk wh2
 from web_sales ws1,web_sales ws2
 where ws1.ws_order_number = ws2.ws_order_number
   and ws1.ws_warehouse_sk <> ws2.ws_warehouse_sk)
 select
   count(distinct ws_order_number) as "order count"
  ,sum(ws_ext_ship_cost) as "total shipping cost"
  ,sum(ws_net_profit) as "total net profit"
from
   web_sales ws1
  ,date_dim
  ,customer_address
  ,web_site
where
    d_date between cast('2000-3-01' as date) and
           (cast('2000-3-01' as date) + interval 60 days)
and ws1.ws_ship_date_sk = d_date_sk
and ws1.ws_ship_addr_sk = ca_address_sk
and ca_state = 'TN'
and ws1.ws_web_site_sk = web_site_sk
and web_company_name = 'pri'
and ws1.ws_order_number in (select ws_order_number
                            from ws_wh)
and ws1.ws_order_number in (select wr_order_number
                            from web_returns,ws_wh
                            where wr_order_number = ws_wh.ws_order_number)
order by count(distinct ws_order_number)
limit 100

# end query 95 in stream 0 using template query95.tpl
---- PLAN
Max Per-Host Resource Reservation: Memory=296.91MB Threads=1
Per-Host Resource Estimates: Memory=133.33GB
F00:PLAN FRAGMENT [UNPARTITIONED] hosts=1 instances=1
|  Per-Instance Resources: mem-estimate=133.33GB mem-reservation=296.91MB thread-reservation=1 runtime-filters-memory=83.00MB
|  max-parallelism=1 segment-costs=[39210304690, 24416062901, 5208754376, 28967650, 0, 3]
PLAN-ROOT SINK
|  output exprs: count(tpcds_partitioned_parquet_snap.web_sales_3.ws_order_number), sum(tpcds_partitioned_parquet_snap.web_sales_3.ws_ext_ship_cost), sum(tpcds_partitioned_parquet_snap.web_sales_3.ws_net_profit)
|  mem-estimate=4.00MB mem-reservation=4.00MB spill-buffer=2.00MB thread-reservation=0 cost=3
|
21:TOP-N [LIMIT=100]
|  order by: count(tpcds_partitioned_parquet_snap.web_sales_3.ws_order_number) ASC NULLS LAST
|  mem-estimate=40B mem-reservation=0B thread-reservation=0
|  tuple-ids=22 row-size=40B cardinality=1 cost=0
|  in pipelines: 21(GETNEXT), 20(OPEN)
|
20:AGGREGATE [FINALIZE]
|  output: count(tpcds_partitioned_parquet_snap.web_sales_3.ws_order_number), sum:merge(tpcds_partitioned_parquet_snap.web_sales_3.ws_ext_ship_cost), sum:merge(tpcds_partitioned_parquet_snap.web_sales_3.ws_net_profit)
|  mem-estimate=16.00KB mem-reservation=0B spill-buffer=2.00MB thread-reservation=0
|  tuple-ids=21 row-size=40B cardinality=1 cost=28967650
|  in pipelines: 20(GETNEXT), 19(OPEN)
|
19:AGGREGATE
|  output: sum(tpcds_partitioned_parquet_snap.web_sales_3.ws_ext_ship_cost), sum(tpcds_partitioned_parquet_snap.web_sales_3.ws_net_profit)
|  group by: tpcds_partitioned_parquet_snap.web_sales_3.ws_order_number
|  mem-estimate=6.68GB mem-reservation=34.00MB spill-buffer=2.00MB thread-reservation=0
|  tuple-ids=20 row-size=40B cardinality=137.94M cost=409643966
|  in pipelines: 19(GETNEXT), 10(OPEN)
|
18:HASH JOIN [INNER JOIN]
|  hash predicates: tpcds_partitioned_parquet_snap.web_sales_3.ws_ship_date_sk = tpcds_partitioned_parquet_snap.date_dim.d_date_sk
|  fk/pk conjuncts: tpcds_partitioned_parquet_snap.web_sales_3.ws_ship_date_sk = tpcds_partitioned_parquet_snap.date_dim.d_date_sk
|  runtime filters: RF000[bloom] <- tpcds_partitioned_parquet_snap.date_dim.d_date_sk, RF001[min_max] <- tpcds_partitioned_parquet_snap.date_dim.d_date_sk
|  mem-estimate=2.88MB mem-reservation=2.88MB spill-buffer=128.00KB thread-reservation=0
|  tuple-ids=12,14,16,11,4,18 row-size=1.06KB cardinality=137.94M cost=60384166
|  in pipelines: 10(GETNEXT), 17(OPEN)
|
|--17:SCAN HDFS [tpcds_partitioned_parquet_snap.date_dim]
|     HDFS partitions=1/1 files=1 size=2.17MB
|     predicates: tpcds_partitioned_parquet_snap.date_dim.d_date <= CAST('2000-3-01' AS DATE) + INTERVAL CAST(60 AS INT) DAY, tpcds_partitioned_parquet_snap.date_dim.d_date >= CAST('2000-3-01' AS DATE)
|     stored statistics:
|       table: rows=73.05K size=2.17MB
|       columns: all
|     extrapolated-rows=disabled max-scan-range-rows=73.05K
|     parquet statistics predicates: tpcds_partitioned_parquet_snap.date_dim.d_date <= CAST('2000-3-01' AS DATE) + INTERVAL CAST(60 AS INT) DAY, tpcds_partitioned_parquet_snap.date_dim.d_date >= CAST('2000-3-01' AS DATE)
|     parquet dictionary predicates: tpcds_partitioned_parquet_snap.date_dim.d_date <= CAST('2000-3-01' AS DATE) + INTERVAL CAST(60 AS INT) DAY, tpcds_partitioned_parquet_snap.date_dim.d_date >= CAST('2000-3-01' AS DATE)
|     mem-estimate=16.00MB mem-reservation=4.00MB thread-reservation=0
|     tuple-ids=18 row-size=237B cardinality=7.30K cost=114705
|     in pipelines: 17(GETNEXT)
|
16:HASH JOIN [INNER JOIN]
|  hash predicates: tpcds_partitioned_parquet_snap.web_sales_3.ws_order_number = tpcds_partitioned_parquet_snap.web_sales.ws_order_number
|  fk/pk conjuncts: none
|  runtime filters: RF002[bloom] <- tpcds_partitioned_parquet_snap.web_sales.ws_order_number, RF003[min_max] <- tpcds_partitioned_parquet_snap.web_sales.ws_order_number
|  mem-estimate=4.31GB mem-reservation=34.00MB spill-buffer=2.00MB thread-reservation=0
|  tuple-ids=12,14,16,11,4 row-size=852B cardinality=137.94M cost=204215503
|  in pipelines: 10(GETNEXT), 03(OPEN)
|
|--03:AGGREGATE [FINALIZE]
|  |  group by: tpcds_partitioned_parquet_snap.web_sales.ws_order_number
|  |  mem-estimate=3.28GB mem-reservation=34.00MB spill-buffer=2.00MB thread-reservation=0
|  |  tuple-ids=4 row-size=8B cardinality=176.33M cost=8198812079
|  |  in pipelines: 03(GETNEXT), 00(OPEN)
|  |
|  02:HASH JOIN [INNER JOIN]
|  |  hash predicates: tpcds_partitioned_parquet_snap.web_sales.ws_order_number = tpcds_partitioned_parquet_snap.web_sales_0.ws_order_number
|  |  fk/pk conjuncts: none
|  |  other join predicates: tpcds_partitioned_parquet_snap.web_sales.ws_warehouse_sk != tpcds_partitioned_parquet_snap.web_sales_0.ws_warehouse_sk
|  |  runtime filters: RF014[bloom] <- tpcds_partitioned_parquet_snap.web_sales_0.ws_order_number, RF015[min_max] <- tpcds_partitioned_parquet_snap.web_sales_0.ws_order_number
|  |  mem-estimate=50.00GB mem-reservation=34.00MB spill-buffer=2.00MB thread-reservation=0
|  |  tuple-ids=0,2 row-size=280B cardinality=26.46G cost=7508259980
|  |  in pipelines: 00(GETNEXT), 01(OPEN)
|  |
|  |--01:SCAN HDFS [tpcds_partitioned_parquet_snap.web_sales]
|  |     HDFS partitions=1824/1824 files=1824 size=145.75GB
|  |     stored statistics:
|  |       table: rows=2.16G size=145.75GB
|  |       partitions: 1824/1824 rows=2.16G
|  |       columns: all
|  |     extrapolated-rows=disabled max-scan-range-rows=3.37M
|  |     mem-estimate=16.00MB mem-reservation=264.00KB thread-reservation=0
|  |     tuple-ids=2 row-size=140B cardinality=2.16G cost=4354495421
|  |     in pipelines: 01(GETNEXT)
|  |
|  00:SCAN HDFS [tpcds_partitioned_parquet_snap.web_sales]
|     HDFS partitions=1824/1824 files=1824 size=145.75GB
|     runtime filters: RF015[min_max] -> tpcds_partitioned_parquet_snap.web_sales.ws_order_number, RF014[bloom] -> tpcds_partitioned_parquet_snap.web_sales.ws_order_number
|     stored statistics:
|       table: rows=2.16G size=145.75GB
|       partitions: 1824/1824 rows=2.16G
|       columns: all
|     extrapolated-rows=disabled max-scan-range-rows=3.37M
|     mem-estimate=16.00MB mem-reservation=264.00KB thread-reservation=0
|     tuple-ids=0 row-size=140B cardinality=2.16G cost=4354495421
|     in pipelines: 00(GETNEXT)
|
15:HASH JOIN [INNER JOIN]
|  hash predicates: tpcds_partitioned_parquet_snap.web_sales_3.ws_order_number = tpcds_partitioned_parquet_snap.web_returns.wr_order_number
|  fk/pk conjuncts: none
|  runtime filters: RF004[bloom] <- tpcds_partitioned_parquet_snap.web_returns.wr_order_number, RF005[min_max] <- tpcds_partitioned_parquet_snap.web_returns.wr_order_number
|  mem-estimate=3.93GB mem-reservation=34.00MB spill-buffer=2.00MB thread-reservation=0
|  tuple-ids=12,14,16,11 row-size=844B cardinality=11.26M cost=128900265
|  in pipelines: 10(GETNEXT), 09(OPEN)
|
|--09:AGGREGATE [FINALIZE]
|  |  group by: tpcds_partitioned_parquet_snap.web_returns.wr_order_number
|  |  mem-estimate=2.33GB mem-reservation=34.00MB spill-buffer=2.00MB thread-reservation=0
|  |  tuple-ids=11 row-size=8B cardinality=125.19M cost=9806574220
|  |  in pipelines: 09(GETNEXT), 04(OPEN)
|  |
|  08:HASH JOIN [INNER JOIN]
|  |  hash predicates: tpcds_partitioned_parquet_snap.web_sales_1.ws_order_number = tpcds_partitioned_parquet_snap.web_returns.wr_order_number
|  |  fk/pk conjuncts: none
|  |  runtime filters: RF010[bloom] <- tpcds_partitioned_parquet_snap.web_returns.wr_order_number, RF011[min_max] <- tpcds_partitioned_parquet_snap.web_returns.wr_order_number
|  |  mem-estimate=27.47GB mem-reservation=34.00MB spill-buffer=2.00MB thread-reservation=0
|  |  tuple-ids=5,7,9 row-size=380B cardinality=32.41G cost=12875435781
|  |  in pipelines: 04(GETNEXT), 07(OPEN)
|  |
|  |--07:SCAN HDFS [tpcds_partitioned_parquet_snap.web_returns]
|  |     HDFS partitions=2114/2114 files=2114 size=16.74GB
|  |     runtime filters: RF003[min_max] -> tpcds_partitioned_parquet_snap.web_returns.wr_order_number, RF002[bloom] -> tpcds_partitioned_parquet_snap.web_returns.wr_order_number
|  |     stored statistics:
|  |       table: rows=216.00M size=16.74GB
|  |       partitions: 2114/2114 rows=216.00M
|  |       columns: all
|  |     extrapolated-rows=disabled max-scan-range-rows=9.41M
|  |     mem-estimate=16.00MB mem-reservation=256.00KB thread-reservation=0
|  |     tuple-ids=9 row-size=100B cardinality=216.00M cost=311043867
|  |     in pipelines: 07(GETNEXT)
|  |
|  06:HASH JOIN [INNER JOIN]
|  |  hash predicates: tpcds_partitioned_parquet_snap.web_sales_1.ws_order_number = tpcds_partitioned_parquet_snap.web_sales_2.ws_order_number
|  |  fk/pk conjuncts: none
|  |  other join predicates: tpcds_partitioned_parquet_snap.web_sales_1.ws_warehouse_sk != tpcds_partitioned_parquet_snap.web_sales_2.ws_warehouse_sk
|  |  runtime filters: RF012[bloom] <- tpcds_partitioned_parquet_snap.web_sales_2.ws_order_number, RF013[min_max] <- tpcds_partitioned_parquet_snap.web_sales_2.ws_order_number
|  |  mem-estimate=50.00GB mem-reservation=34.00MB spill-buffer=2.00MB thread-reservation=0
|  |  tuple-ids=5,7 row-size=280B cardinality=26.46G cost=7508259980
|  |  in pipelines: 04(GETNEXT), 05(OPEN)
|  |
|  |--05:SCAN HDFS [tpcds_partitioned_parquet_snap.web_sales]
|  |     HDFS partitions=1824/1824 files=1824 size=145.75GB
|  |     runtime filters: RF011[min_max] -> tpcds_partitioned_parquet_snap.web_sales_2.ws_order_number, RF003[min_max] -> tpcds_partitioned_parquet_snap.web_sales_2.ws_order_number, RF010[bloom] -> tpcds_partitioned_parquet_snap.web_sales_2.ws_order_number, RF002[bloom] -> tpcds_partitioned_parquet_snap.web_sales_2.ws_order_number
|  |     stored statistics:
|  |       table: rows=2.16G size=145.75GB
|  |       partitions: 1824/1824 rows=2.16G
|  |       columns: all
|  |     extrapolated-rows=disabled max-scan-range-rows=3.37M
|  |     mem-estimate=16.00MB mem-reservation=264.00KB thread-reservation=0
|  |     tuple-ids=7 row-size=140B cardinality=2.16G cost=4354495421
|  |     in pipelines: 05(GETNEXT)
|  |
|  04:SCAN HDFS [tpcds_partitioned_parquet_snap.web_sales]
|     HDFS partitions=1824/1824 files=1824 size=145.75GB
|     runtime filters: RF011[min_max] -> tpcds_partitioned_parquet_snap.web_sales_1.ws_order_number, RF013[min_max] -> tpcds_partitioned_parquet_snap.web_sales_1.ws_order_number, RF003[min_max] -> tpcds_partitioned_parquet_snap.web_sales_1.ws_order_number, RF010[bloom] -> tpcds_partitioned_parquet_snap.web_sales_1.ws_order_number, RF012[bloom] -> tpcds_partitioned_parquet_snap.web_sales_1.ws_order_number, RF002[bloom] -> tpcds_partitioned_parquet_snap.web_sales_1.ws_order_number
|     stored statistics:
|       table: rows=2.16G size=145.75GB
|       partitions: 1824/1824 rows=2.16G
|       columns: all
|     extrapolated-rows=disabled max-scan-range-rows=3.37M
|     mem-estimate=16.00MB mem-reservation=264.00KB thread-reservation=0
|     tuple-ids=5 row-size=140B cardinality=2.16G cost=4354495421
|     in pipelines: 04(GETNEXT)
|
14:HASH JOIN [INNER JOIN]
|  hash predicates: tpcds_partitioned_parquet_snap.web_sales_3.ws_web_site_sk = tpcds_partitioned_parquet_snap.web_site.web_site_sk
|  fk/pk conjuncts: tpcds_partitioned_parquet_snap.web_sales_3.ws_web_site_sk = tpcds_partitioned_parquet_snap.web_site.web_site_sk
|  runtime filters: RF006[bloom] <- tpcds_partitioned_parquet_snap.web_site.web_site_sk, RF007[min_max] <- tpcds_partitioned_parquet_snap.web_site.web_site_sk
|  mem-estimate=1.94MB mem-reservation=1.94MB spill-buffer=64.00KB thread-reservation=0
|  tuple-ids=12,14,16 row-size=836B cardinality=6.53M cost=11378849
|  in pipelines: 10(GETNEXT), 13(OPEN)
|
|--13:SCAN HDFS [tpcds_partitioned_parquet_snap.web_site]
|     HDFS partitions=1/1 files=1 size=17.88KB
|     predicates: tpcds_partitioned_parquet_snap.web_site.web_company_name = 'pri'
|     stored statistics:
|       table: rows=66 size=17.88KB
|       columns: all
|     extrapolated-rows=disabled max-scan-range-rows=66
|     parquet statistics predicates: tpcds_partitioned_parquet_snap.web_site.web_company_name = 'pri'
|     parquet dictionary predicates: tpcds_partitioned_parquet_snap.web_site.web_company_name = 'pri'
|     mem-estimate=16.00MB mem-reservation=208.00KB thread-reservation=0
|     tuple-ids=16 row-size=465B cardinality=11 cost=249
|     in pipelines: 13(GETNEXT)
|
12:HASH JOIN [INNER JOIN]
|  hash predicates: tpcds_partitioned_parquet_snap.web_sales_3.ws_ship_addr_sk = tpcds_partitioned_parquet_snap.customer_address.ca_address_sk
|  fk/pk conjuncts: tpcds_partitioned_parquet_snap.web_sales_3.ws_ship_addr_sk = tpcds_partitioned_parquet_snap.customer_address.ca_address_sk
|  runtime filters: RF008[bloom] <- tpcds_partitioned_parquet_snap.customer_address.ca_address_sk, RF009[min_max] <- tpcds_partitioned_parquet_snap.customer_address.ca_address_sk
|  mem-estimate=69.02MB mem-reservation=34.00MB spill-buffer=2.00MB thread-reservation=0
|  tuple-ids=12,14 row-size=372B cardinality=39.75M(filtered from 39.75M) cost=17684546
|  in pipelines: 10(GETNEXT), 11(OPEN)
|
|--11:SCAN HDFS [tpcds_partitioned_parquet_snap.customer_address]
|     HDFS partitions=1/1 files=1 size=307.36MB
|     predicates: tpcds_partitioned_parquet_snap.customer_address.ca_state = 'TN'
|     stored statistics:
|       table: rows=15.00M size=307.36MB
|       columns: all
|     extrapolated-rows=disabled max-scan-range-rows=1.58M
|     parquet statistics predicates: tpcds_partitioned_parquet_snap.customer_address.ca_state = 'TN'
|     parquet dictionary predicates: tpcds_partitioned_parquet_snap.customer_address.ca_state = 'TN'
|     mem-estimate=16.00MB mem-reservation=128.00KB thread-reservation=0
|     tuple-ids=14 row-size=232B cardinality=285.31K cost=21936706
|     in pipelines: 11(GETNEXT)
|
10:SCAN HDFS [tpcds_partitioned_parquet_snap.web_sales]
   HDFS partitions=1824/1824 files=1824 size=145.75GB
   runtime filters: RF009[min_max] -> tpcds_partitioned_parquet_snap.web_sales_3.ws_ship_addr_sk, RF007[min_max] -> tpcds_partitioned_parquet_snap.web_sales_3.ws_web_site_sk, RF001[min_max] -> tpcds_partitioned_parquet_snap.web_sales_3.ws_ship_date_sk, RF005[min_max] -> tpcds_partitioned_parquet_snap.web_sales_3.ws_order_number, RF003[min_max] -> tpcds_partitioned_parquet_snap.web_sales_3.ws_order_number, RF008[bloom] -> tpcds_partitioned_parquet_snap.web_sales_3.ws_ship_addr_sk, RF006[bloom] -> tpcds_partitioned_parquet_snap.web_sales_3.ws_web_site_sk, RF000[bloom] -> tpcds_partitioned_parquet_snap.web_sales_3.ws_ship_date_sk, RF004[bloom] -> tpcds_partitioned_parquet_snap.web_sales_3.ws_order_number, RF002[bloom] -> tpcds_partitioned_parquet_snap.web_sales_3.ws_order_number
   stored statistics:
     table: rows=2.16G size=145.75GB
     partitions: 1824/1824 rows=2.16G
     columns: all
   extrapolated-rows=disabled max-scan-range-rows=3.37M
   mem-estimate=16.00MB mem-reservation=264.00KB thread-reservation=0
   tuple-ids=12 row-size=140B cardinality=39.75M(filtered from 2.16G) cost=4354495421
   in pipelines: 10(GETNEXT)
---- DISTRIBUTEDPLAN
Max Per-Host Resource Reservation: Memory=1.29GB Threads=91
Per-Host Resource Estimates: Memory=90.99GB
F11:PLAN FRAGMENT [UNPARTITIONED] hosts=1 instances=1
|  Per-Instance Resources: mem-estimate=4.00MB mem-reservation=4.00MB thread-reservation=1
|  max-parallelism=1 segment-costs=[0, 0, 3] cpu-comparison-result=462 [max(1 (self) vs 462 (sum children))]
PLAN-ROOT SINK
|  output exprs: count(tpcds_partitioned_parquet_snap.web_sales_3.ws_order_number), sum(tpcds_partitioned_parquet_snap.web_sales_3.ws_ext_ship_cost), sum(tpcds_partitioned_parquet_snap.web_sales_3.ws_net_profit)
|  mem-estimate=4.00MB mem-reservation=4.00MB spill-buffer=2.00MB thread-reservation=0 cost=3
|
21:TOP-N [LIMIT=100]
|  order by: count(tpcds_partitioned_parquet_snap.web_sales_3.ws_order_number) ASC NULLS LAST
|  mem-estimate=40B mem-reservation=0B thread-reservation=0
|  tuple-ids=22 row-size=40B cardinality=1 cost=0
|  in pipelines: 21(GETNEXT), 32(OPEN)
|
32:AGGREGATE [FINALIZE]
|  output: count:merge(tpcds_partitioned_parquet_snap.web_sales_3.ws_order_number), sum:merge(tpcds_partitioned_parquet_snap.web_sales_3.ws_ext_ship_cost), sum:merge(tpcds_partitioned_parquet_snap.web_sales_3.ws_net_profit)
|  mem-estimate=16.00KB mem-reservation=0B spill-buffer=2.00MB thread-reservation=0
|  tuple-ids=21 row-size=40B cardinality=1 cost=0
|  in pipelines: 32(GETNEXT), 20(OPEN)
|
31:EXCHANGE [UNPARTITIONED]
|  mem-estimate=16.00KB mem-reservation=0B thread-reservation=0
|  tuple-ids=21 row-size=40B cardinality=1 cost=0
|  in pipelines: 20(GETNEXT)
|
F05:PLAN FRAGMENT [HASH(tpcds_partitioned_parquet_snap.web_sales_1.ws_order_number)] hosts=10 instances=20 (adjusted from 120)
Per-Instance Resources: mem-estimate=451.42MB mem-reservation=34.00MB thread-reservation=1
max-parallelism=60 segment-costs=[527926344, 28967650, 3] cpu-comparison-result=462 [max(140 (self) vs 462 (sum children))]
20:AGGREGATE
|  output: count(tpcds_partitioned_parquet_snap.web_sales_3.ws_order_number), sum:merge(tpcds_partitioned_parquet_snap.web_sales_3.ws_ext_ship_cost), sum:merge(tpcds_partitioned_parquet_snap.web_sales_3.ws_net_profit)
|  mem-estimate=16.00KB mem-reservation=0B spill-buffer=2.00MB thread-reservation=0
|  tuple-ids=21 row-size=40B cardinality=1 cost=28967650
|  in pipelines: 20(GETNEXT), 19(OPEN)
|
19:AGGREGATE
|  output: sum(tpcds_partitioned_parquet_snap.web_sales_3.ws_ext_ship_cost), sum(tpcds_partitioned_parquet_snap.web_sales_3.ws_net_profit)
|  group by: tpcds_partitioned_parquet_snap.web_sales_3.ws_order_number
|  mem-estimate=342.03MB mem-reservation=34.00MB spill-buffer=2.00MB thread-reservation=0
|  tuple-ids=20 row-size=40B cardinality=137.94M cost=409643966
|  in pipelines: 19(GETNEXT), 10(OPEN)
|
18:HASH JOIN [INNER JOIN, BROADCAST]
|  hash-table-id=00
|  hash predicates: tpcds_partitioned_parquet_snap.web_sales_3.ws_ship_date_sk = tpcds_partitioned_parquet_snap.date_dim.d_date_sk
|  fk/pk conjuncts: tpcds_partitioned_parquet_snap.web_sales_3.ws_ship_date_sk = tpcds_partitioned_parquet_snap.date_dim.d_date_sk
|  mem-estimate=0B mem-reservation=0B spill-buffer=128.00KB thread-reservation=0
|  tuple-ids=12,14,16,11,4,18 row-size=1.06KB cardinality=137.94M cost=60376861
|  in pipelines: 10(GETNEXT), 17(OPEN)
|
|--F12:PLAN FRAGMENT [HASH(tpcds_partitioned_parquet_snap.web_sales_1.ws_order_number)] hosts=10 instances=10
|  |  Per-Instance Resources: mem-estimate=8.64MB mem-reservation=6.75MB thread-reservation=1 runtime-filters-memory=1.00MB
|  |  max-parallelism=10 segment-costs=[17005]
|  JOIN BUILD
|  |  join-table-id=00 plan-id=01 cohort-id=01
|  |  build expressions: tpcds_partitioned_parquet_snap.date_dim.d_date_sk
|  |  runtime filters: RF000[bloom] <- tpcds_partitioned_parquet_snap.date_dim.d_date_sk, RF001[min_max] <- tpcds_partitioned_parquet_snap.date_dim.d_date_sk
|  |  mem-estimate=5.75MB mem-reservation=5.75MB spill-buffer=128.00KB thread-reservation=0 cost=7305
|  |
|  30:EXCHANGE [BROADCAST]
|  |  mem-estimate=1.89MB mem-reservation=0B thread-reservation=0
|  |  tuple-ids=18 row-size=237B cardinality=7.30K cost=9700
|  |  in pipelines: 17(GETNEXT)
|  |
|  F10:PLAN FRAGMENT [RANDOM] hosts=1 instances=1
|  Per-Instance Resources: mem-estimate=16.94MB mem-reservation=4.00MB thread-reservation=1
|  max-parallelism=1 segment-costs=[119540]
|  17:SCAN HDFS [tpcds_partitioned_parquet_snap.date_dim, RANDOM]
|     HDFS partitions=1/1 files=1 size=2.17MB
|     predicates: tpcds_partitioned_parquet_snap.date_dim.d_date <= CAST('2000-3-01' AS DATE) + INTERVAL CAST(60 AS INT) DAY, tpcds_partitioned_parquet_snap.date_dim.d_date >= CAST('2000-3-01' AS DATE)
|     stored statistics:
|       table: rows=73.05K size=2.17MB
|       columns: all
|     extrapolated-rows=disabled max-scan-range-rows=73.05K
|     parquet statistics predicates: tpcds_partitioned_parquet_snap.date_dim.d_date <= CAST('2000-3-01' AS DATE) + INTERVAL CAST(60 AS INT) DAY, tpcds_partitioned_parquet_snap.date_dim.d_date >= CAST('2000-3-01' AS DATE)
|     parquet dictionary predicates: tpcds_partitioned_parquet_snap.date_dim.d_date <= CAST('2000-3-01' AS DATE) + INTERVAL CAST(60 AS INT) DAY, tpcds_partitioned_parquet_snap.date_dim.d_date >= CAST('2000-3-01' AS DATE)
|     mem-estimate=16.00MB mem-reservation=4.00MB thread-reservation=0
|     tuple-ids=18 row-size=237B cardinality=7.30K cost=114705
|     in pipelines: 17(GETNEXT)
|
16:HASH JOIN [INNER JOIN, PARTITIONED]
|  hash-table-id=01
|  hash predicates: tpcds_partitioned_parquet_snap.web_sales_3.ws_order_number = tpcds_partitioned_parquet_snap.web_sales.ws_order_number
|  fk/pk conjuncts: none
|  mem-estimate=0B mem-reservation=0B spill-buffer=2.00MB thread-reservation=0
|  tuple-ids=12,14,16,11,4 row-size=852B cardinality=137.94M cost=27883397
|  in pipelines: 10(GETNEXT), 03(OPEN)
|
|--F13:PLAN FRAGMENT [HASH(tpcds_partitioned_parquet_snap.web_sales_1.ws_order_number)] hosts=10 instances=20 (adjusted from 120)
|  |  Per-Instance Resources: mem-estimate=3.52GB mem-reservation=84.00MB thread-reservation=1 runtime-filters-memory=16.00MB
|  |  max-parallelism=60 segment-costs=[15178095903, 176332106] cpu-comparison-result=140 [max(140 (self) vs 140 (sum children))]
|  JOIN BUILD
|  |  join-table-id=01 plan-id=02 cohort-id=01
|  |  build expressions: tpcds_partitioned_parquet_snap.web_sales.ws_order_number
|  |  runtime filters: RF002[bloom] <- tpcds_partitioned_parquet_snap.web_sales.ws_order_number, RF003[min_max] <- tpcds_partitioned_parquet_snap.web_sales.ws_order_number
|  |  mem-estimate=220.87MB mem-reservation=34.00MB spill-buffer=2.00MB thread-reservation=0 cost=176332106
|  |
|  03:AGGREGATE [FINALIZE]
|  |  group by: tpcds_partitioned_parquet_snap.web_sales.ws_order_number
|  |  mem-estimate=3.28GB mem-reservation=34.00MB spill-buffer=2.00MB thread-reservation=0
|  |  tuple-ids=4 row-size=8B cardinality=176.33M cost=8198812079
|  |  in pipelines: 03(GETNEXT), 00(OPEN)
|  |
|  02:HASH JOIN [INNER JOIN, PARTITIONED]
|  |  hash-table-id=02
|  |  hash predicates: tpcds_partitioned_parquet_snap.web_sales.ws_order_number = tpcds_partitioned_parquet_snap.web_sales_0.ws_order_number
|  |  fk/pk conjuncts: none
|  |  other join predicates: tpcds_partitioned_parquet_snap.web_sales.ws_warehouse_sk != tpcds_partitioned_parquet_snap.web_sales_0.ws_warehouse_sk
|  |  mem-estimate=0B mem-reservation=0B spill-buffer=2.00MB thread-reservation=0
|  |  tuple-ids=0,2 row-size=280B cardinality=26.46G cost=5348292013
|  |  in pipelines: 00(GETNEXT), 01(OPEN)
|  |
|  |--F14:PLAN FRAGMENT [HASH(tpcds_partitioned_parquet_snap.web_sales_1.ws_order_number)] hosts=10 instances=20 (adjusted from 120)
|  |  |  Per-Instance Resources: mem-estimate=18.00GB mem-reservation=50.00MB thread-reservation=1 runtime-filters-memory=16.00MB
|  |  |  max-parallelism=60 segment-costs=[3790959778]
|  |  JOIN BUILD
|  |  |  join-table-id=02 plan-id=03 cohort-id=02
|  |  |  build expressions: tpcds_partitioned_parquet_snap.web_sales_0.ws_order_number
|  |  |  runtime filters: RF014[bloom] <- tpcds_partitioned_parquet_snap.web_sales_0.ws_order_number, RF015[min_max] <- tpcds_partitioned_parquet_snap.web_sales_0.ws_order_number
|  |  |  mem-estimate=17.96GB mem-reservation=34.00MB spill-buffer=2.00MB thread-reservation=0 cost=2159967967
|  |  |
|  |  29:EXCHANGE [HASH(tpcds_partitioned_parquet_snap.web_sales_0.ws_order_number)]
|  |  |  mem-estimate=26.88MB mem-reservation=0B thread-reservation=0
|  |  |  tuple-ids=2 row-size=140B cardinality=2.16G cost=1630991811
|  |  |  in pipelines: 01(GETNEXT)
|  |  |
|  |  F08:PLAN FRAGMENT [RANDOM] hosts=10 instances=120
|  |  Per-Instance Resources: mem-estimate=27.25MB mem-reservation=264.00KB thread-reservation=1
|  |  max-parallelism=1824 segment-costs=[24941582108]
|  |  01:SCAN HDFS [tpcds_partitioned_parquet_snap.web_sales, RANDOM]
|  |     HDFS partitions=1824/1824 files=1824 size=145.75GB
|  |     stored statistics:
|  |       table: rows=2.16G size=145.75GB
|  |       partitions: 1824/1824 rows=2.16G
|  |       columns: all
|  |     extrapolated-rows=disabled max-scan-range-rows=3.37M
|  |     mem-estimate=16.00MB mem-reservation=264.00KB thread-reservation=0
|  |     tuple-ids=2 row-size=140B cardinality=2.16G cost=4354495421
|  |     in pipelines: 01(GETNEXT)
|  |
|  28:EXCHANGE [HASH(tpcds_partitioned_parquet_snap.web_sales.ws_order_number)]
|  |  mem-estimate=26.88MB mem-reservation=0B thread-reservation=0
|  |  tuple-ids=0 row-size=140B cardinality=2.16G cost=1630991811
|  |  in pipelines: 00(GETNEXT)
|  |
|  F07:PLAN FRAGMENT [RANDOM] hosts=10 instances=120
|  Per-Host Shared Resources: mem-estimate=16.00MB mem-reservation=16.00MB thread-reservation=0 runtime-filters-memory=16.00MB
|  Per-Instance Resources: mem-estimate=27.25MB mem-reservation=264.00KB thread-reservation=1
|  max-parallelism=1824 segment-costs=[24941582108]
|  00:SCAN HDFS [tpcds_partitioned_parquet_snap.web_sales, RANDOM]
|     HDFS partitions=1824/1824 files=1824 size=145.75GB
|     runtime filters: RF015[min_max] -> tpcds_partitioned_parquet_snap.web_sales.ws_order_number, RF014[bloom] -> tpcds_partitioned_parquet_snap.web_sales.ws_order_number
|     stored statistics:
|       table: rows=2.16G size=145.75GB
|       partitions: 1824/1824 rows=2.16G
|       columns: all
|     extrapolated-rows=disabled max-scan-range-rows=3.37M
|     mem-estimate=16.00MB mem-reservation=264.00KB thread-reservation=0
|     tuple-ids=0 row-size=140B cardinality=2.16G cost=4354495421
|     in pipelines: 00(GETNEXT)
|
15:HASH JOIN [INNER JOIN, PARTITIONED]
|  hash-table-id=03
|  hash predicates: tpcds_partitioned_parquet_snap.web_sales_3.ws_order_number = tpcds_partitioned_parquet_snap.web_returns.wr_order_number
|  fk/pk conjuncts: none
|  mem-estimate=0B mem-reservation=0B spill-buffer=2.00MB thread-reservation=0
|  tuple-ids=12,14,16,11 row-size=844B cardinality=11.26M cost=3714510
|  in pipelines: 10(GETNEXT), 09(OPEN)
|
|--F15:PLAN FRAGMENT [HASH(tpcds_partitioned_parquet_snap.web_sales_1.ws_order_number)] hosts=10 instances=20 (adjusted from 120)
|  |  Per-Instance Resources: mem-estimate=2.54GB mem-reservation=84.00MB thread-reservation=1 runtime-filters-memory=16.00MB
|  |  max-parallelism=60 segment-costs=[29445291139, 125185755] cpu-comparison-result=280 [max(140 (self) vs 280 (sum children))]
|  JOIN BUILD
|  |  join-table-id=03 plan-id=04 cohort-id=01
|  |  build expressions: tpcds_partitioned_parquet_snap.web_returns.wr_order_number
|  |  runtime filters: RF004[bloom] <- tpcds_partitioned_parquet_snap.web_returns.wr_order_number, RF005[min_max] <- tpcds_partitioned_parquet_snap.web_returns.wr_order_number
|  |  mem-estimate=201.35MB mem-reservation=34.00MB spill-buffer=2.00MB thread-reservation=0 cost=125185755
|  |
|  09:AGGREGATE [FINALIZE]
|  |  group by: tpcds_partitioned_parquet_snap.web_returns.wr_order_number
|  |  mem-estimate=2.33GB mem-reservation=34.00MB spill-buffer=2.00MB thread-reservation=0
|  |  tuple-ids=11 row-size=8B cardinality=125.19M cost=9806574220
|  |  in pipelines: 09(GETNEXT), 04(OPEN)
|  |
|  08:HASH JOIN [INNER JOIN, PARTITIONED]
|  |  hash-table-id=04
|  |  hash predicates: tpcds_partitioned_parquet_snap.web_sales_1.ws_order_number = tpcds_partitioned_parquet_snap.web_returns.wr_order_number
|  |  fk/pk conjuncts: none
|  |  mem-estimate=0B mem-reservation=0B spill-buffer=2.00MB thread-reservation=0
|  |  tuple-ids=5,7,9 row-size=380B cardinality=32.41G cost=12659433095
|  |  in pipelines: 04(GETNEXT), 07(OPEN)
|  |
|  |--F16:PLAN FRAGMENT [HASH(tpcds_partitioned_parquet_snap.web_sales_1.ws_order_number)] hosts=10 instances=20 (adjusted from 120)
|  |  |  Per-Instance Resources: mem-estimate=1.41GB mem-reservation=50.00MB thread-reservation=1 runtime-filters-memory=16.00MB
|  |  |  max-parallelism=60 segment-costs=[339361819]
|  |  JOIN BUILD
|  |  |  join-table-id=04 plan-id=05 cohort-id=03
|  |  |  build expressions: tpcds_partitioned_parquet_snap.web_returns.wr_order_number
|  |  |  runtime filters: RF010[bloom] <- tpcds_partitioned_parquet_snap.web_returns.wr_order_number, RF011[min_max] <- tpcds_partitioned_parquet_snap.web_returns.wr_order_number
|  |  |  mem-estimate=1.37GB mem-reservation=34.00MB spill-buffer=2.00MB thread-reservation=0 cost=216002686
|  |  |
|  |  26:EXCHANGE [HASH(tpcds_partitioned_parquet_snap.web_returns.wr_order_number)]
|  |  |  mem-estimate=22.19MB mem-reservation=0B thread-reservation=0
|  |  |  tuple-ids=9 row-size=100B cardinality=216.00M cost=123359133
|  |  |  in pipelines: 07(GETNEXT)
|  |  |
|  |  F06:PLAN FRAGMENT [RANDOM] hosts=10 instances=120
|  |  Per-Host Shared Resources: mem-estimate=16.00MB mem-reservation=16.00MB thread-reservation=0 runtime-filters-memory=16.00MB
|  |  Per-Instance Resources: mem-estimate=24.12MB mem-reservation=256.00KB thread-reservation=1
|  |  max-parallelism=190 segment-costs=[1813385748]
|  |  07:SCAN HDFS [tpcds_partitioned_parquet_snap.web_returns, RANDOM]
|  |     HDFS partitions=2114/2114 files=2114 size=16.74GB
|  |     runtime filters: RF003[min_max] -> tpcds_partitioned_parquet_snap.web_returns.wr_order_number, RF002[bloom] -> tpcds_partitioned_parquet_snap.web_returns.wr_order_number
|  |     stored statistics:
|  |       table: rows=216.00M size=16.74GB
|  |       partitions: 2114/2114 rows=216.00M
|  |       columns: all
|  |     extrapolated-rows=disabled max-scan-range-rows=9.41M
|  |     mem-estimate=16.00MB mem-reservation=256.00KB thread-reservation=0
|  |     tuple-ids=9 row-size=100B cardinality=216.00M cost=311043867
|  |     in pipelines: 07(GETNEXT)
|  |
|  06:HASH JOIN [INNER JOIN, PARTITIONED]
|  |  hash-table-id=05
|  |  hash predicates: tpcds_partitioned_parquet_snap.web_sales_1.ws_order_number = tpcds_partitioned_parquet_snap.web_sales_2.ws_order_number
|  |  fk/pk conjuncts: none
|  |  other join predicates: tpcds_partitioned_parquet_snap.web_sales_1.ws_warehouse_sk != tpcds_partitioned_parquet_snap.web_sales_2.ws_warehouse_sk
|  |  mem-estimate=0B mem-reservation=0B spill-buffer=2.00MB thread-reservation=0
|  |  tuple-ids=5,7 row-size=280B cardinality=26.46G cost=5348292013
|  |  in pipelines: 04(GETNEXT), 05(OPEN)
|  |
|  |--F17:PLAN FRAGMENT [HASH(tpcds_partitioned_parquet_snap.web_sales_1.ws_order_number)] hosts=10 instances=20 (adjusted from 120)
|  |  |  Per-Instance Resources: mem-estimate=18.00GB mem-reservation=50.00MB thread-reservation=1 runtime-filters-memory=16.00MB
|  |  |  max-parallelism=60 segment-costs=[3790959778]
|  |  JOIN BUILD
|  |  |  join-table-id=05 plan-id=06 cohort-id=03
|  |  |  build expressions: tpcds_partitioned_parquet_snap.web_sales_2.ws_order_number
|  |  |  runtime filters: RF012[bloom] <- tpcds_partitioned_parquet_snap.web_sales_2.ws_order_number, RF013[min_max] <- tpcds_partitioned_parquet_snap.web_sales_2.ws_order_number
|  |  |  mem-estimate=17.96GB mem-reservation=34.00MB spill-buffer=2.00MB thread-reservation=0 cost=2159967967
|  |  |
|  |  25:EXCHANGE [HASH(tpcds_partitioned_parquet_snap.web_sales_2.ws_order_number)]
|  |  |  mem-estimate=26.88MB mem-reservation=0B thread-reservation=0
|  |  |  tuple-ids=7 row-size=140B cardinality=2.16G cost=1630991811
|  |  |  in pipelines: 05(GETNEXT)
|  |  |
|  |  F04:PLAN FRAGMENT [RANDOM] hosts=10 instances=120
|  |  Per-Host Shared Resources: mem-estimate=32.00MB mem-reservation=32.00MB thread-reservation=0 runtime-filters-memory=32.00MB
|  |  Per-Instance Resources: mem-estimate=27.25MB mem-reservation=264.00KB thread-reservation=1
|  |  max-parallelism=1824 segment-costs=[24941582108]
|  |  05:SCAN HDFS [tpcds_partitioned_parquet_snap.web_sales, RANDOM]
|  |     HDFS partitions=1824/1824 files=1824 size=145.75GB
|  |     runtime filters: RF011[min_max] -> tpcds_partitioned_parquet_snap.web_sales_2.ws_order_number, RF003[min_max] -> tpcds_partitioned_parquet_snap.web_sales_2.ws_order_number, RF010[bloom] -> tpcds_partitioned_parquet_snap.web_sales_2.ws_order_number, RF002[bloom] -> tpcds_partitioned_parquet_snap.web_sales_2.ws_order_number
|  |     stored statistics:
|  |       table: rows=2.16G size=145.75GB
|  |       partitions: 1824/1824 rows=2.16G
|  |       columns: all
|  |     extrapolated-rows=disabled max-scan-range-rows=3.37M
|  |     mem-estimate=16.00MB mem-reservation=264.00KB thread-reservation=0
|  |     tuple-ids=7 row-size=140B cardinality=2.16G cost=4354495421
|  |     in pipelines: 05(GETNEXT)
|  |
|  24:EXCHANGE [HASH(tpcds_partitioned_parquet_snap.web_sales_1.ws_order_number)]
|  |  mem-estimate=26.88MB mem-reservation=0B thread-reservation=0
|  |  tuple-ids=5 row-size=140B cardinality=2.16G cost=1630991811
|  |  in pipelines: 04(GETNEXT)
|  |
|  F03:PLAN FRAGMENT [RANDOM] hosts=10 instances=120
|  Per-Host Shared Resources: mem-estimate=48.00MB mem-reservation=48.00MB thread-reservation=0 runtime-filters-memory=48.00MB
|  Per-Instance Resources: mem-estimate=27.25MB mem-reservation=264.00KB thread-reservation=1
|  max-parallelism=1824 segment-costs=[24941582108]
|  04:SCAN HDFS [tpcds_partitioned_parquet_snap.web_sales, RANDOM]
|     HDFS partitions=1824/1824 files=1824 size=145.75GB
|     runtime filters: RF011[min_max] -> tpcds_partitioned_parquet_snap.web_sales_1.ws_order_number, RF013[min_max] -> tpcds_partitioned_parquet_snap.web_sales_1.ws_order_number, RF003[min_max] -> tpcds_partitioned_parquet_snap.web_sales_1.ws_order_number, RF010[bloom] -> tpcds_partitioned_parquet_snap.web_sales_1.ws_order_number, RF012[bloom] -> tpcds_partitioned_parquet_snap.web_sales_1.ws_order_number, RF002[bloom] -> tpcds_partitioned_parquet_snap.web_sales_1.ws_order_number
|     stored statistics:
|       table: rows=2.16G size=145.75GB
|       partitions: 1824/1824 rows=2.16G
|       columns: all
|     extrapolated-rows=disabled max-scan-range-rows=3.37M
|     mem-estimate=16.00MB mem-reservation=264.00KB thread-reservation=0
|     tuple-ids=5 row-size=140B cardinality=2.16G cost=4354495421
|     in pipelines: 04(GETNEXT)
|
27:EXCHANGE [HASH(tpcds_partitioned_parquet_snap.web_sales_3.ws_order_number)]
|  mem-estimate=109.39MB mem-reservation=0B thread-reservation=0
|  tuple-ids=12,14,16 row-size=836B cardinality=6.53M cost=26307610
|  in pipelines: 10(GETNEXT)
|
F00:PLAN FRAGMENT [RANDOM] hosts=10 instances=120
Per-Host Shared Resources: mem-estimate=35.00MB mem-reservation=35.00MB thread-reservation=0 runtime-filters-memory=35.00MB
Per-Instance Resources: mem-estimate=82.26MB mem-reservation=264.00KB thread-reservation=1
max-parallelism=480 segment-costs=[4744791318]
14:HASH JOIN [INNER JOIN, BROADCAST]
|  hash-table-id=06
|  hash predicates: tpcds_partitioned_parquet_snap.web_sales_3.ws_web_site_sk = tpcds_partitioned_parquet_snap.web_site.web_site_sk
|  fk/pk conjuncts: tpcds_partitioned_parquet_snap.web_sales_3.ws_web_site_sk = tpcds_partitioned_parquet_snap.web_site.web_site_sk
|  mem-estimate=0B mem-reservation=0B spill-buffer=64.00KB thread-reservation=0
|  tuple-ids=12,14,16 row-size=836B cardinality=6.53M cost=11378838
|  in pipelines: 10(GETNEXT), 13(OPEN)
|
|--F18:PLAN FRAGMENT [RANDOM] hosts=10 instances=10
|  |  Per-Instance Resources: mem-estimate=24.27MB mem-reservation=24.25MB thread-reservation=1 runtime-filters-memory=1.00MB
|  |  max-parallelism=10 segment-costs=[21]
|  JOIN BUILD
|  |  join-table-id=06 plan-id=07 cohort-id=01
|  |  build expressions: tpcds_partitioned_parquet_snap.web_site.web_site_sk
|  |  runtime filters: RF006[bloom] <- tpcds_partitioned_parquet_snap.web_site.web_site_sk, RF007[min_max] <- tpcds_partitioned_parquet_snap.web_site.web_site_sk
|  |  mem-estimate=23.25MB mem-reservation=23.25MB spill-buffer=64.00KB thread-reservation=0 cost=11
|  |
|  23:EXCHANGE [BROADCAST]
|  |  mem-estimate=16.00KB mem-reservation=0B thread-reservation=0
|  |  tuple-ids=16 row-size=465B cardinality=11 cost=10
|  |  in pipelines: 13(GETNEXT)
|  |
|  F02:PLAN FRAGMENT [RANDOM] hosts=1 instances=1
|  Per-Instance Resources: mem-estimate=17.83MB mem-reservation=208.00KB thread-reservation=1
|  max-parallelism=1 segment-costs=[263]
|  13:SCAN HDFS [tpcds_partitioned_parquet_snap.web_site, RANDOM]
|     HDFS partitions=1/1 files=1 size=17.88KB
|     predicates: tpcds_partitioned_parquet_snap.web_site.web_company_name = 'pri'
|     stored statistics:
|       table: rows=66 size=17.88KB
|       columns: all
|     extrapolated-rows=disabled max-scan-range-rows=66
|     parquet statistics predicates: tpcds_partitioned_parquet_snap.web_site.web_company_name = 'pri'
|     parquet dictionary predicates: tpcds_partitioned_parquet_snap.web_site.web_company_name = 'pri'
|     mem-estimate=16.00MB mem-reservation=208.00KB thread-reservation=0
|     tuple-ids=16 row-size=465B cardinality=11 cost=249
|     in pipelines: 13(GETNEXT)
|
12:HASH JOIN [INNER JOIN, BROADCAST]
|  hash-table-id=07
|  hash predicates: tpcds_partitioned_parquet_snap.web_sales_3.ws_ship_addr_sk = tpcds_partitioned_parquet_snap.customer_address.ca_address_sk
|  fk/pk conjuncts: tpcds_partitioned_parquet_snap.web_sales_3.ws_ship_addr_sk = tpcds_partitioned_parquet_snap.customer_address.ca_address_sk
|  mem-estimate=0B mem-reservation=0B spill-buffer=2.00MB thread-reservation=0
|  tuple-ids=12,14 row-size=372B cardinality=39.75M(filtered from 39.75M) cost=17399234
|  in pipelines: 10(GETNEXT), 11(OPEN)
|
|--F19:PLAN FRAGMENT [RANDOM] hosts=10 instances=10
|  |  Per-Instance Resources: mem-estimate=421.30MB mem-reservation=409.00MB thread-reservation=1 runtime-filters-memory=1.00MB
|  |  max-parallelism=10 segment-costs=[664482]
|  JOIN BUILD
|  |  join-table-id=07 plan-id=08 cohort-id=01
|  |  build expressions: tpcds_partitioned_parquet_snap.customer_address.ca_address_sk
|  |  runtime filters: RF008[bloom] <- tpcds_partitioned_parquet_snap.customer_address.ca_address_sk, RF009[min_max] <- tpcds_partitioned_parquet_snap.customer_address.ca_address_sk
|  |  mem-estimate=408.00MB mem-reservation=408.00MB spill-buffer=2.00MB thread-reservation=0 cost=285312
|  |
|  22:EXCHANGE [BROADCAST]
|  |  mem-estimate=12.30MB mem-reservation=0B thread-reservation=0
|  |  tuple-ids=14 row-size=232B cardinality=285.31K cost=379170
|  |  in pipelines: 11(GETNEXT)
|  |
|  F01:PLAN FRAGMENT [RANDOM] hosts=10 instances=10
|  Per-Instance Resources: mem-estimate=16.92MB mem-reservation=128.00KB thread-reservation=1
|  max-parallelism=10 segment-costs=[22121285]
|  11:SCAN HDFS [tpcds_partitioned_parquet_snap.customer_address, RANDOM]
|     HDFS partitions=1/1 files=1 size=307.36MB
|     predicates: tpcds_partitioned_parquet_snap.customer_address.ca_state = 'TN'
|     stored statistics:
|       table: rows=15.00M size=307.36MB
|       columns: all
|     extrapolated-rows=disabled max-scan-range-rows=1.58M
|     parquet statistics predicates: tpcds_partitioned_parquet_snap.customer_address.ca_state = 'TN'
|     parquet dictionary predicates: tpcds_partitioned_parquet_snap.customer_address.ca_state = 'TN'
|     mem-estimate=16.00MB mem-reservation=128.00KB thread-reservation=0
|     tuple-ids=14 row-size=232B cardinality=285.31K cost=21936706
|     in pipelines: 11(GETNEXT)
|
10:SCAN HDFS [tpcds_partitioned_parquet_snap.web_sales, RANDOM]
   HDFS partitions=1824/1824 files=1824 size=145.75GB
   runtime filters: RF009[min_max] -> tpcds_partitioned_parquet_snap.web_sales_3.ws_ship_addr_sk, RF007[min_max] -> tpcds_partitioned_parquet_snap.web_sales_3.ws_web_site_sk, RF001[min_max] -> tpcds_partitioned_parquet_snap.web_sales_3.ws_ship_date_sk, RF005[min_max] -> tpcds_partitioned_parquet_snap.web_sales_3.ws_order_number, RF003[min_max] -> tpcds_partitioned_parquet_snap.web_sales_3.ws_order_number, RF008[bloom] -> tpcds_partitioned_parquet_snap.web_sales_3.ws_ship_addr_sk, RF006[bloom] -> tpcds_partitioned_parquet_snap.web_sales_3.ws_web_site_sk, RF000[bloom] -> tpcds_partitioned_parquet_snap.web_sales_3.ws_ship_date_sk, RF004[bloom] -> tpcds_partitioned_parquet_snap.web_sales_3.ws_order_number, RF002[bloom] -> tpcds_partitioned_parquet_snap.web_sales_3.ws_order_number
   stored statistics:
     table: rows=2.16G size=145.75GB
     partitions: 1824/1824 rows=2.16G
     columns: all
   extrapolated-rows=disabled max-scan-range-rows=3.37M
   mem-estimate=16.00MB mem-reservation=264.00KB thread-reservation=0
   tuple-ids=12 row-size=140B cardinality=39.75M(filtered from 2.16G) cost=4354495421
   in pipelines: 10(GETNEXT)
---- PARALLELPLANS
Max Per-Host Resource Reservation: Memory=1.29GB Threads=91
Per-Host Resource Estimates: Memory=90.99GB
F11:PLAN FRAGMENT [UNPARTITIONED] hosts=1 instances=1
|  Per-Instance Resources: mem-estimate=4.00MB mem-reservation=4.00MB thread-reservation=1
|  max-parallelism=1 segment-costs=[0, 0, 3] cpu-comparison-result=462 [max(1 (self) vs 462 (sum children))]
PLAN-ROOT SINK
|  output exprs: count(tpcds_partitioned_parquet_snap.web_sales_3.ws_order_number), sum(tpcds_partitioned_parquet_snap.web_sales_3.ws_ext_ship_cost), sum(tpcds_partitioned_parquet_snap.web_sales_3.ws_net_profit)
|  mem-estimate=4.00MB mem-reservation=4.00MB spill-buffer=2.00MB thread-reservation=0 cost=3
|
21:TOP-N [LIMIT=100]
|  order by: count(tpcds_partitioned_parquet_snap.web_sales_3.ws_order_number) ASC NULLS LAST
|  mem-estimate=40B mem-reservation=0B thread-reservation=0
|  tuple-ids=22 row-size=40B cardinality=1 cost=0
|  in pipelines: 21(GETNEXT), 32(OPEN)
|
32:AGGREGATE [FINALIZE]
|  output: count:merge(tpcds_partitioned_parquet_snap.web_sales_3.ws_order_number), sum:merge(tpcds_partitioned_parquet_snap.web_sales_3.ws_ext_ship_cost), sum:merge(tpcds_partitioned_parquet_snap.web_sales_3.ws_net_profit)
|  mem-estimate=16.00KB mem-reservation=0B spill-buffer=2.00MB thread-reservation=0
|  tuple-ids=21 row-size=40B cardinality=1 cost=0
|  in pipelines: 32(GETNEXT), 20(OPEN)
|
31:EXCHANGE [UNPARTITIONED]
|  mem-estimate=16.00KB mem-reservation=0B thread-reservation=0
|  tuple-ids=21 row-size=40B cardinality=1 cost=0
|  in pipelines: 20(GETNEXT)
|
F05:PLAN FRAGMENT [HASH(tpcds_partitioned_parquet_snap.web_sales_1.ws_order_number)] hosts=10 instances=20 (adjusted from 120)
Per-Instance Resources: mem-estimate=451.42MB mem-reservation=34.00MB thread-reservation=1
max-parallelism=60 segment-costs=[527926344, 28967650, 3] cpu-comparison-result=462 [max(140 (self) vs 462 (sum children))]
20:AGGREGATE
|  output: count(tpcds_partitioned_parquet_snap.web_sales_3.ws_order_number), sum:merge(tpcds_partitioned_parquet_snap.web_sales_3.ws_ext_ship_cost), sum:merge(tpcds_partitioned_parquet_snap.web_sales_3.ws_net_profit)
|  mem-estimate=16.00KB mem-reservation=0B spill-buffer=2.00MB thread-reservation=0
|  tuple-ids=21 row-size=40B cardinality=1 cost=28967650
|  in pipelines: 20(GETNEXT), 19(OPEN)
|
19:AGGREGATE
|  output: sum(tpcds_partitioned_parquet_snap.web_sales_3.ws_ext_ship_cost), sum(tpcds_partitioned_parquet_snap.web_sales_3.ws_net_profit)
|  group by: tpcds_partitioned_parquet_snap.web_sales_3.ws_order_number
|  mem-estimate=342.03MB mem-reservation=34.00MB spill-buffer=2.00MB thread-reservation=0
|  tuple-ids=20 row-size=40B cardinality=137.94M cost=409643966
|  in pipelines: 19(GETNEXT), 10(OPEN)
|
18:HASH JOIN [INNER JOIN, BROADCAST]
|  hash-table-id=00
|  hash predicates: tpcds_partitioned_parquet_snap.web_sales_3.ws_ship_date_sk = tpcds_partitioned_parquet_snap.date_dim.d_date_sk
|  fk/pk conjuncts: tpcds_partitioned_parquet_snap.web_sales_3.ws_ship_date_sk = tpcds_partitioned_parquet_snap.date_dim.d_date_sk
|  mem-estimate=0B mem-reservation=0B spill-buffer=128.00KB thread-reservation=0
|  tuple-ids=12,14,16,11,4,18 row-size=1.06KB cardinality=137.94M cost=60376861
|  in pipelines: 10(GETNEXT), 17(OPEN)
|
|--F12:PLAN FRAGMENT [HASH(tpcds_partitioned_parquet_snap.web_sales_1.ws_order_number)] hosts=10 instances=10
|  |  Per-Instance Resources: mem-estimate=8.64MB mem-reservation=6.75MB thread-reservation=1 runtime-filters-memory=1.00MB
|  |  max-parallelism=10 segment-costs=[17005]
|  JOIN BUILD
|  |  join-table-id=00 plan-id=01 cohort-id=01
|  |  build expressions: tpcds_partitioned_parquet_snap.date_dim.d_date_sk
|  |  runtime filters: RF000[bloom] <- tpcds_partitioned_parquet_snap.date_dim.d_date_sk, RF001[min_max] <- tpcds_partitioned_parquet_snap.date_dim.d_date_sk
|  |  mem-estimate=5.75MB mem-reservation=5.75MB spill-buffer=128.00KB thread-reservation=0 cost=7305
|  |
|  30:EXCHANGE [BROADCAST]
|  |  mem-estimate=1.89MB mem-reservation=0B thread-reservation=0
|  |  tuple-ids=18 row-size=237B cardinality=7.30K cost=9700
|  |  in pipelines: 17(GETNEXT)
|  |
|  F10:PLAN FRAGMENT [RANDOM] hosts=1 instances=1
|  Per-Instance Resources: mem-estimate=16.94MB mem-reservation=4.00MB thread-reservation=1
|  max-parallelism=1 segment-costs=[119540]
|  17:SCAN HDFS [tpcds_partitioned_parquet_snap.date_dim, RANDOM]
|     HDFS partitions=1/1 files=1 size=2.17MB
|     predicates: tpcds_partitioned_parquet_snap.date_dim.d_date <= CAST('2000-3-01' AS DATE) + INTERVAL CAST(60 AS INT) DAY, tpcds_partitioned_parquet_snap.date_dim.d_date >= CAST('2000-3-01' AS DATE)
|     stored statistics:
|       table: rows=73.05K size=2.17MB
|       columns: all
|     extrapolated-rows=disabled max-scan-range-rows=73.05K
|     parquet statistics predicates: tpcds_partitioned_parquet_snap.date_dim.d_date <= CAST('2000-3-01' AS DATE) + INTERVAL CAST(60 AS INT) DAY, tpcds_partitioned_parquet_snap.date_dim.d_date >= CAST('2000-3-01' AS DATE)
|     parquet dictionary predicates: tpcds_partitioned_parquet_snap.date_dim.d_date <= CAST('2000-3-01' AS DATE) + INTERVAL CAST(60 AS INT) DAY, tpcds_partitioned_parquet_snap.date_dim.d_date >= CAST('2000-3-01' AS DATE)
|     mem-estimate=16.00MB mem-reservation=4.00MB thread-reservation=0
|     tuple-ids=18 row-size=237B cardinality=7.30K cost=114705
|     in pipelines: 17(GETNEXT)
|
16:HASH JOIN [INNER JOIN, PARTITIONED]
|  hash-table-id=01
|  hash predicates: tpcds_partitioned_parquet_snap.web_sales_3.ws_order_number = tpcds_partitioned_parquet_snap.web_sales.ws_order_number
|  fk/pk conjuncts: none
|  mem-estimate=0B mem-reservation=0B spill-buffer=2.00MB thread-reservation=0
|  tuple-ids=12,14,16,11,4 row-size=852B cardinality=137.94M cost=27883397
|  in pipelines: 10(GETNEXT), 03(OPEN)
|
|--F13:PLAN FRAGMENT [HASH(tpcds_partitioned_parquet_snap.web_sales_1.ws_order_number)] hosts=10 instances=20 (adjusted from 120)
|  |  Per-Instance Resources: mem-estimate=3.52GB mem-reservation=84.00MB thread-reservation=1 runtime-filters-memory=16.00MB
|  |  max-parallelism=60 segment-costs=[15178095903, 176332106] cpu-comparison-result=140 [max(140 (self) vs 140 (sum children))]
|  JOIN BUILD
|  |  join-table-id=01 plan-id=02 cohort-id=01
|  |  build expressions: tpcds_partitioned_parquet_snap.web_sales.ws_order_number
|  |  runtime filters: RF002[bloom] <- tpcds_partitioned_parquet_snap.web_sales.ws_order_number, RF003[min_max] <- tpcds_partitioned_parquet_snap.web_sales.ws_order_number
|  |  mem-estimate=220.87MB mem-reservation=34.00MB spill-buffer=2.00MB thread-reservation=0 cost=176332106
|  |
|  03:AGGREGATE [FINALIZE]
|  |  group by: tpcds_partitioned_parquet_snap.web_sales.ws_order_number
|  |  mem-estimate=3.28GB mem-reservation=34.00MB spill-buffer=2.00MB thread-reservation=0
|  |  tuple-ids=4 row-size=8B cardinality=176.33M cost=8198812079
|  |  in pipelines: 03(GETNEXT), 00(OPEN)
|  |
|  02:HASH JOIN [INNER JOIN, PARTITIONED]
|  |  hash-table-id=02
|  |  hash predicates: tpcds_partitioned_parquet_snap.web_sales.ws_order_number = tpcds_partitioned_parquet_snap.web_sales_0.ws_order_number
|  |  fk/pk conjuncts: none
|  |  other join predicates: tpcds_partitioned_parquet_snap.web_sales.ws_warehouse_sk != tpcds_partitioned_parquet_snap.web_sales_0.ws_warehouse_sk
|  |  mem-estimate=0B mem-reservation=0B spill-buffer=2.00MB thread-reservation=0
|  |  tuple-ids=0,2 row-size=280B cardinality=26.46G cost=5348292013
|  |  in pipelines: 00(GETNEXT), 01(OPEN)
|  |
|  |--F14:PLAN FRAGMENT [HASH(tpcds_partitioned_parquet_snap.web_sales_1.ws_order_number)] hosts=10 instances=20 (adjusted from 120)
|  |  |  Per-Instance Resources: mem-estimate=18.00GB mem-reservation=50.00MB thread-reservation=1 runtime-filters-memory=16.00MB
|  |  |  max-parallelism=60 segment-costs=[3790959778]
|  |  JOIN BUILD
|  |  |  join-table-id=02 plan-id=03 cohort-id=02
|  |  |  build expressions: tpcds_partitioned_parquet_snap.web_sales_0.ws_order_number
|  |  |  runtime filters: RF014[bloom] <- tpcds_partitioned_parquet_snap.web_sales_0.ws_order_number, RF015[min_max] <- tpcds_partitioned_parquet_snap.web_sales_0.ws_order_number
|  |  |  mem-estimate=17.96GB mem-reservation=34.00MB spill-buffer=2.00MB thread-reservation=0 cost=2159967967
|  |  |
|  |  29:EXCHANGE [HASH(tpcds_partitioned_parquet_snap.web_sales_0.ws_order_number)]
|  |  |  mem-estimate=26.88MB mem-reservation=0B thread-reservation=0
|  |  |  tuple-ids=2 row-size=140B cardinality=2.16G cost=1630991811
|  |  |  in pipelines: 01(GETNEXT)
|  |  |
|  |  F08:PLAN FRAGMENT [RANDOM] hosts=10 instances=120
|  |  Per-Instance Resources: mem-estimate=27.25MB mem-reservation=264.00KB thread-reservation=1
|  |  max-parallelism=1824 segment-costs=[24941582108]
|  |  01:SCAN HDFS [tpcds_partitioned_parquet_snap.web_sales, RANDOM]
|  |     HDFS partitions=1824/1824 files=1824 size=145.75GB
|  |     stored statistics:
|  |       table: rows=2.16G size=145.75GB
|  |       partitions: 1824/1824 rows=2.16G
|  |       columns: all
|  |     extrapolated-rows=disabled max-scan-range-rows=3.37M
|  |     mem-estimate=16.00MB mem-reservation=264.00KB thread-reservation=0
|  |     tuple-ids=2 row-size=140B cardinality=2.16G cost=4354495421
|  |     in pipelines: 01(GETNEXT)
|  |
|  28:EXCHANGE [HASH(tpcds_partitioned_parquet_snap.web_sales.ws_order_number)]
|  |  mem-estimate=26.88MB mem-reservation=0B thread-reservation=0
|  |  tuple-ids=0 row-size=140B cardinality=2.16G cost=1630991811
|  |  in pipelines: 00(GETNEXT)
|  |
|  F07:PLAN FRAGMENT [RANDOM] hosts=10 instances=120
|  Per-Host Shared Resources: mem-estimate=16.00MB mem-reservation=16.00MB thread-reservation=0 runtime-filters-memory=16.00MB
|  Per-Instance Resources: mem-estimate=27.25MB mem-reservation=264.00KB thread-reservation=1
|  max-parallelism=1824 segment-costs=[24941582108]
|  00:SCAN HDFS [tpcds_partitioned_parquet_snap.web_sales, RANDOM]
|     HDFS partitions=1824/1824 files=1824 size=145.75GB
|     runtime filters: RF015[min_max] -> tpcds_partitioned_parquet_snap.web_sales.ws_order_number, RF014[bloom] -> tpcds_partitioned_parquet_snap.web_sales.ws_order_number
|     stored statistics:
|       table: rows=2.16G size=145.75GB
|       partitions: 1824/1824 rows=2.16G
|       columns: all
|     extrapolated-rows=disabled max-scan-range-rows=3.37M
|     mem-estimate=16.00MB mem-reservation=264.00KB thread-reservation=0
|     tuple-ids=0 row-size=140B cardinality=2.16G cost=4354495421
|     in pipelines: 00(GETNEXT)
|
15:HASH JOIN [INNER JOIN, PARTITIONED]
|  hash-table-id=03
|  hash predicates: tpcds_partitioned_parquet_snap.web_sales_3.ws_order_number = tpcds_partitioned_parquet_snap.web_returns.wr_order_number
|  fk/pk conjuncts: none
|  mem-estimate=0B mem-reservation=0B spill-buffer=2.00MB thread-reservation=0
|  tuple-ids=12,14,16,11 row-size=844B cardinality=11.26M cost=3714510
|  in pipelines: 10(GETNEXT), 09(OPEN)
|
|--F15:PLAN FRAGMENT [HASH(tpcds_partitioned_parquet_snap.web_sales_1.ws_order_number)] hosts=10 instances=20 (adjusted from 120)
|  |  Per-Instance Resources: mem-estimate=2.54GB mem-reservation=84.00MB thread-reservation=1 runtime-filters-memory=16.00MB
|  |  max-parallelism=60 segment-costs=[29445291139, 125185755] cpu-comparison-result=280 [max(140 (self) vs 280 (sum children))]
|  JOIN BUILD
|  |  join-table-id=03 plan-id=04 cohort-id=01
|  |  build expressions: tpcds_partitioned_parquet_snap.web_returns.wr_order_number
|  |  runtime filters: RF004[bloom] <- tpcds_partitioned_parquet_snap.web_returns.wr_order_number, RF005[min_max] <- tpcds_partitioned_parquet_snap.web_returns.wr_order_number
|  |  mem-estimate=201.35MB mem-reservation=34.00MB spill-buffer=2.00MB thread-reservation=0 cost=125185755
|  |
|  09:AGGREGATE [FINALIZE]
|  |  group by: tpcds_partitioned_parquet_snap.web_returns.wr_order_number
|  |  mem-estimate=2.33GB mem-reservation=34.00MB spill-buffer=2.00MB thread-reservation=0
|  |  tuple-ids=11 row-size=8B cardinality=125.19M cost=9806574220
|  |  in pipelines: 09(GETNEXT), 04(OPEN)
|  |
|  08:HASH JOIN [INNER JOIN, PARTITIONED]
|  |  hash-table-id=04
|  |  hash predicates: tpcds_partitioned_parquet_snap.web_sales_1.ws_order_number = tpcds_partitioned_parquet_snap.web_returns.wr_order_number
|  |  fk/pk conjuncts: none
|  |  mem-estimate=0B mem-reservation=0B spill-buffer=2.00MB thread-reservation=0
|  |  tuple-ids=5,7,9 row-size=380B cardinality=32.41G cost=12659433095
|  |  in pipelines: 04(GETNEXT), 07(OPEN)
|  |
|  |--F16:PLAN FRAGMENT [HASH(tpcds_partitioned_parquet_snap.web_sales_1.ws_order_number)] hosts=10 instances=20 (adjusted from 120)
|  |  |  Per-Instance Resources: mem-estimate=1.41GB mem-reservation=50.00MB thread-reservation=1 runtime-filters-memory=16.00MB
|  |  |  max-parallelism=60 segment-costs=[339361819]
|  |  JOIN BUILD
|  |  |  join-table-id=04 plan-id=05 cohort-id=03
|  |  |  build expressions: tpcds_partitioned_parquet_snap.web_returns.wr_order_number
|  |  |  runtime filters: RF010[bloom] <- tpcds_partitioned_parquet_snap.web_returns.wr_order_number, RF011[min_max] <- tpcds_partitioned_parquet_snap.web_returns.wr_order_number
|  |  |  mem-estimate=1.37GB mem-reservation=34.00MB spill-buffer=2.00MB thread-reservation=0 cost=216002686
|  |  |
|  |  26:EXCHANGE [HASH(tpcds_partitioned_parquet_snap.web_returns.wr_order_number)]
|  |  |  mem-estimate=22.19MB mem-reservation=0B thread-reservation=0
|  |  |  tuple-ids=9 row-size=100B cardinality=216.00M cost=123359133
|  |  |  in pipelines: 07(GETNEXT)
|  |  |
|  |  F06:PLAN FRAGMENT [RANDOM] hosts=10 instances=120
|  |  Per-Host Shared Resources: mem-estimate=16.00MB mem-reservation=16.00MB thread-reservation=0 runtime-filters-memory=16.00MB
|  |  Per-Instance Resources: mem-estimate=24.12MB mem-reservation=256.00KB thread-reservation=1
|  |  max-parallelism=190 segment-costs=[1813385748]
|  |  07:SCAN HDFS [tpcds_partitioned_parquet_snap.web_returns, RANDOM]
|  |     HDFS partitions=2114/2114 files=2114 size=16.74GB
|  |     runtime filters: RF003[min_max] -> tpcds_partitioned_parquet_snap.web_returns.wr_order_number, RF002[bloom] -> tpcds_partitioned_parquet_snap.web_returns.wr_order_number
|  |     stored statistics:
|  |       table: rows=216.00M size=16.74GB
|  |       partitions: 2114/2114 rows=216.00M
|  |       columns: all
|  |     extrapolated-rows=disabled max-scan-range-rows=9.41M
|  |     mem-estimate=16.00MB mem-reservation=256.00KB thread-reservation=0
|  |     tuple-ids=9 row-size=100B cardinality=216.00M cost=311043867
|  |     in pipelines: 07(GETNEXT)
|  |
|  06:HASH JOIN [INNER JOIN, PARTITIONED]
|  |  hash-table-id=05
|  |  hash predicates: tpcds_partitioned_parquet_snap.web_sales_1.ws_order_number = tpcds_partitioned_parquet_snap.web_sales_2.ws_order_number
|  |  fk/pk conjuncts: none
|  |  other join predicates: tpcds_partitioned_parquet_snap.web_sales_1.ws_warehouse_sk != tpcds_partitioned_parquet_snap.web_sales_2.ws_warehouse_sk
|  |  mem-estimate=0B mem-reservation=0B spill-buffer=2.00MB thread-reservation=0
|  |  tuple-ids=5,7 row-size=280B cardinality=26.46G cost=5348292013
|  |  in pipelines: 04(GETNEXT), 05(OPEN)
|  |
|  |--F17:PLAN FRAGMENT [HASH(tpcds_partitioned_parquet_snap.web_sales_1.ws_order_number)] hosts=10 instances=20 (adjusted from 120)
|  |  |  Per-Instance Resources: mem-estimate=18.00GB mem-reservation=50.00MB thread-reservation=1 runtime-filters-memory=16.00MB
|  |  |  max-parallelism=60 segment-costs=[3790959778]
|  |  JOIN BUILD
|  |  |  join-table-id=05 plan-id=06 cohort-id=03
|  |  |  build expressions: tpcds_partitioned_parquet_snap.web_sales_2.ws_order_number
|  |  |  runtime filters: RF012[bloom] <- tpcds_partitioned_parquet_snap.web_sales_2.ws_order_number, RF013[min_max] <- tpcds_partitioned_parquet_snap.web_sales_2.ws_order_number
|  |  |  mem-estimate=17.96GB mem-reservation=34.00MB spill-buffer=2.00MB thread-reservation=0 cost=2159967967
|  |  |
|  |  25:EXCHANGE [HASH(tpcds_partitioned_parquet_snap.web_sales_2.ws_order_number)]
|  |  |  mem-estimate=26.88MB mem-reservation=0B thread-reservation=0
|  |  |  tuple-ids=7 row-size=140B cardinality=2.16G cost=1630991811
|  |  |  in pipelines: 05(GETNEXT)
|  |  |
|  |  F04:PLAN FRAGMENT [RANDOM] hosts=10 instances=120
|  |  Per-Host Shared Resources: mem-estimate=32.00MB mem-reservation=32.00MB thread-reservation=0 runtime-filters-memory=32.00MB
|  |  Per-Instance Resources: mem-estimate=27.25MB mem-reservation=264.00KB thread-reservation=1
|  |  max-parallelism=1824 segment-costs=[24941582108]
|  |  05:SCAN HDFS [tpcds_partitioned_parquet_snap.web_sales, RANDOM]
|  |     HDFS partitions=1824/1824 files=1824 size=145.75GB
|  |     runtime filters: RF011[min_max] -> tpcds_partitioned_parquet_snap.web_sales_2.ws_order_number, RF003[min_max] -> tpcds_partitioned_parquet_snap.web_sales_2.ws_order_number, RF010[bloom] -> tpcds_partitioned_parquet_snap.web_sales_2.ws_order_number, RF002[bloom] -> tpcds_partitioned_parquet_snap.web_sales_2.ws_order_number
|  |     stored statistics:
|  |       table: rows=2.16G size=145.75GB
|  |       partitions: 1824/1824 rows=2.16G
|  |       columns: all
|  |     extrapolated-rows=disabled max-scan-range-rows=3.37M
|  |     mem-estimate=16.00MB mem-reservation=264.00KB thread-reservation=0
|  |     tuple-ids=7 row-size=140B cardinality=2.16G cost=4354495421
|  |     in pipelines: 05(GETNEXT)
|  |
|  24:EXCHANGE [HASH(tpcds_partitioned_parquet_snap.web_sales_1.ws_order_number)]
|  |  mem-estimate=26.88MB mem-reservation=0B thread-reservation=0
|  |  tuple-ids=5 row-size=140B cardinality=2.16G cost=1630991811
|  |  in pipelines: 04(GETNEXT)
|  |
|  F03:PLAN FRAGMENT [RANDOM] hosts=10 instances=120
|  Per-Host Shared Resources: mem-estimate=48.00MB mem-reservation=48.00MB thread-reservation=0 runtime-filters-memory=48.00MB
|  Per-Instance Resources: mem-estimate=27.25MB mem-reservation=264.00KB thread-reservation=1
|  max-parallelism=1824 segment-costs=[24941582108]
|  04:SCAN HDFS [tpcds_partitioned_parquet_snap.web_sales, RANDOM]
|     HDFS partitions=1824/1824 files=1824 size=145.75GB
|     runtime filters: RF011[min_max] -> tpcds_partitioned_parquet_snap.web_sales_1.ws_order_number, RF013[min_max] -> tpcds_partitioned_parquet_snap.web_sales_1.ws_order_number, RF003[min_max] -> tpcds_partitioned_parquet_snap.web_sales_1.ws_order_number, RF010[bloom] -> tpcds_partitioned_parquet_snap.web_sales_1.ws_order_number, RF012[bloom] -> tpcds_partitioned_parquet_snap.web_sales_1.ws_order_number, RF002[bloom] -> tpcds_partitioned_parquet_snap.web_sales_1.ws_order_number
|     stored statistics:
|       table: rows=2.16G size=145.75GB
|       partitions: 1824/1824 rows=2.16G
|       columns: all
|     extrapolated-rows=disabled max-scan-range-rows=3.37M
|     mem-estimate=16.00MB mem-reservation=264.00KB thread-reservation=0
|     tuple-ids=5 row-size=140B cardinality=2.16G cost=4354495421
|     in pipelines: 04(GETNEXT)
|
27:EXCHANGE [HASH(tpcds_partitioned_parquet_snap.web_sales_3.ws_order_number)]
|  mem-estimate=109.39MB mem-reservation=0B thread-reservation=0
|  tuple-ids=12,14,16 row-size=836B cardinality=6.53M cost=26307610
|  in pipelines: 10(GETNEXT)
|
F00:PLAN FRAGMENT [RANDOM] hosts=10 instances=120
Per-Host Shared Resources: mem-estimate=35.00MB mem-reservation=35.00MB thread-reservation=0 runtime-filters-memory=35.00MB
Per-Instance Resources: mem-estimate=82.26MB mem-reservation=264.00KB thread-reservation=1
max-parallelism=480 segment-costs=[4744791318]
14:HASH JOIN [INNER JOIN, BROADCAST]
|  hash-table-id=06
|  hash predicates: tpcds_partitioned_parquet_snap.web_sales_3.ws_web_site_sk = tpcds_partitioned_parquet_snap.web_site.web_site_sk
|  fk/pk conjuncts: tpcds_partitioned_parquet_snap.web_sales_3.ws_web_site_sk = tpcds_partitioned_parquet_snap.web_site.web_site_sk
|  mem-estimate=0B mem-reservation=0B spill-buffer=64.00KB thread-reservation=0
|  tuple-ids=12,14,16 row-size=836B cardinality=6.53M cost=11378838
|  in pipelines: 10(GETNEXT), 13(OPEN)
|
|--F18:PLAN FRAGMENT [RANDOM] hosts=10 instances=10
|  |  Per-Instance Resources: mem-estimate=24.27MB mem-reservation=24.25MB thread-reservation=1 runtime-filters-memory=1.00MB
|  |  max-parallelism=10 segment-costs=[21]
|  JOIN BUILD
|  |  join-table-id=06 plan-id=07 cohort-id=01
|  |  build expressions: tpcds_partitioned_parquet_snap.web_site.web_site_sk
|  |  runtime filters: RF006[bloom] <- tpcds_partitioned_parquet_snap.web_site.web_site_sk, RF007[min_max] <- tpcds_partitioned_parquet_snap.web_site.web_site_sk
|  |  mem-estimate=23.25MB mem-reservation=23.25MB spill-buffer=64.00KB thread-reservation=0 cost=11
|  |
|  23:EXCHANGE [BROADCAST]
|  |  mem-estimate=16.00KB mem-reservation=0B thread-reservation=0
|  |  tuple-ids=16 row-size=465B cardinality=11 cost=10
|  |  in pipelines: 13(GETNEXT)
|  |
|  F02:PLAN FRAGMENT [RANDOM] hosts=1 instances=1
|  Per-Instance Resources: mem-estimate=17.83MB mem-reservation=208.00KB thread-reservation=1
|  max-parallelism=1 segment-costs=[263]
|  13:SCAN HDFS [tpcds_partitioned_parquet_snap.web_site, RANDOM]
|     HDFS partitions=1/1 files=1 size=17.88KB
|     predicates: tpcds_partitioned_parquet_snap.web_site.web_company_name = 'pri'
|     stored statistics:
|       table: rows=66 size=17.88KB
|       columns: all
|     extrapolated-rows=disabled max-scan-range-rows=66
|     parquet statistics predicates: tpcds_partitioned_parquet_snap.web_site.web_company_name = 'pri'
|     parquet dictionary predicates: tpcds_partitioned_parquet_snap.web_site.web_company_name = 'pri'
|     mem-estimate=16.00MB mem-reservation=208.00KB thread-reservation=0
|     tuple-ids=16 row-size=465B cardinality=11 cost=249
|     in pipelines: 13(GETNEXT)
|
12:HASH JOIN [INNER JOIN, BROADCAST]
|  hash-table-id=07
|  hash predicates: tpcds_partitioned_parquet_snap.web_sales_3.ws_ship_addr_sk = tpcds_partitioned_parquet_snap.customer_address.ca_address_sk
|  fk/pk conjuncts: tpcds_partitioned_parquet_snap.web_sales_3.ws_ship_addr_sk = tpcds_partitioned_parquet_snap.customer_address.ca_address_sk
|  mem-estimate=0B mem-reservation=0B spill-buffer=2.00MB thread-reservation=0
|  tuple-ids=12,14 row-size=372B cardinality=39.75M(filtered from 39.75M) cost=17399234
|  in pipelines: 10(GETNEXT), 11(OPEN)
|
|--F19:PLAN FRAGMENT [RANDOM] hosts=10 instances=10
|  |  Per-Instance Resources: mem-estimate=421.30MB mem-reservation=409.00MB thread-reservation=1 runtime-filters-memory=1.00MB
|  |  max-parallelism=10 segment-costs=[664482]
|  JOIN BUILD
|  |  join-table-id=07 plan-id=08 cohort-id=01
|  |  build expressions: tpcds_partitioned_parquet_snap.customer_address.ca_address_sk
|  |  runtime filters: RF008[bloom] <- tpcds_partitioned_parquet_snap.customer_address.ca_address_sk, RF009[min_max] <- tpcds_partitioned_parquet_snap.customer_address.ca_address_sk
|  |  mem-estimate=408.00MB mem-reservation=408.00MB spill-buffer=2.00MB thread-reservation=0 cost=285312
|  |
|  22:EXCHANGE [BROADCAST]
|  |  mem-estimate=12.30MB mem-reservation=0B thread-reservation=0
|  |  tuple-ids=14 row-size=232B cardinality=285.31K cost=379170
|  |  in pipelines: 11(GETNEXT)
|  |
|  F01:PLAN FRAGMENT [RANDOM] hosts=10 instances=10
|  Per-Instance Resources: mem-estimate=16.92MB mem-reservation=128.00KB thread-reservation=1
|  max-parallelism=10 segment-costs=[22121285]
|  11:SCAN HDFS [tpcds_partitioned_parquet_snap.customer_address, RANDOM]
|     HDFS partitions=1/1 files=1 size=307.36MB
|     predicates: tpcds_partitioned_parquet_snap.customer_address.ca_state = 'TN'
|     stored statistics:
|       table: rows=15.00M size=307.36MB
|       columns: all
|     extrapolated-rows=disabled max-scan-range-rows=1.58M
|     parquet statistics predicates: tpcds_partitioned_parquet_snap.customer_address.ca_state = 'TN'
|     parquet dictionary predicates: tpcds_partitioned_parquet_snap.customer_address.ca_state = 'TN'
|     mem-estimate=16.00MB mem-reservation=128.00KB thread-reservation=0
|     tuple-ids=14 row-size=232B cardinality=285.31K cost=21936706
|     in pipelines: 11(GETNEXT)
|
10:SCAN HDFS [tpcds_partitioned_parquet_snap.web_sales, RANDOM]
   HDFS partitions=1824/1824 files=1824 size=145.75GB
   runtime filters: RF009[min_max] -> tpcds_partitioned_parquet_snap.web_sales_3.ws_ship_addr_sk, RF007[min_max] -> tpcds_partitioned_parquet_snap.web_sales_3.ws_web_site_sk, RF001[min_max] -> tpcds_partitioned_parquet_snap.web_sales_3.ws_ship_date_sk, RF005[min_max] -> tpcds_partitioned_parquet_snap.web_sales_3.ws_order_number, RF003[min_max] -> tpcds_partitioned_parquet_snap.web_sales_3.ws_order_number, RF008[bloom] -> tpcds_partitioned_parquet_snap.web_sales_3.ws_ship_addr_sk, RF006[bloom] -> tpcds_partitioned_parquet_snap.web_sales_3.ws_web_site_sk, RF000[bloom] -> tpcds_partitioned_parquet_snap.web_sales_3.ws_ship_date_sk, RF004[bloom] -> tpcds_partitioned_parquet_snap.web_sales_3.ws_order_number, RF002[bloom] -> tpcds_partitioned_parquet_snap.web_sales_3.ws_order_number
   stored statistics:
     table: rows=2.16G size=145.75GB
     partitions: 1824/1824 rows=2.16G
     columns: all
   extrapolated-rows=disabled max-scan-range-rows=3.37M
   mem-estimate=16.00MB mem-reservation=264.00KB thread-reservation=0
   tuple-ids=12 row-size=140B cardinality=39.75M(filtered from 2.16G) cost=4354495421
   in pipelines: 10(GETNEXT)
====
