# TPCDS-Q91
# start query 91 in stream 0 using template query91.tpl using seed 1610635104
select
        cc_call_center_id Call_Center,
        cc_name Call_Center_Name,
        cc_manager Manager,
        sum(cr_net_loss) Returns_Loss
from
        call_center,
        catalog_returns,
        date_dim,
        customer,
        customer_address,
        customer_demographics,
        household_demographics
where
        cr_call_center_sk       = cc_call_center_sk
and     cr_returned_date_sk     = d_date_sk
and     cr_returning_customer_sk= c_customer_sk
and     cd_demo_sk              = c_current_cdemo_sk
and     hd_demo_sk              = c_current_hdemo_sk
and     ca_address_sk           = c_current_addr_sk
and     d_year                  = 2002
and     d_moy                   = 11
and     ( (cd_marital_status       = 'M' and cd_education_status     = 'Unknown')
        or(cd_marital_status       = 'W' and cd_education_status     = 'Advanced Degree'))
and     hd_buy_potential like '5001-10000%'
and     ca_gmt_offset           = -6
group by cc_call_center_id,cc_name,cc_manager,cd_marital_status,cd_education_status
order by sum(cr_net_loss) desc

# end query 91 in stream 0 using template query91.tpl
---- PLAN
Max Per-Host Resource Reservation: Memory=82.45MB Threads=1
Per-Host Resource Estimates: Memory=185MB
F00:PLAN FRAGMENT [UNPARTITIONED] hosts=1 instances=1
|  Per-Instance Resources: mem-estimate=185.35MB mem-reservation=82.45MB thread-reservation=1 runtime-filters-memory=6.00MB
|  max-parallelism=1 segment-costs=[192598163, 7558, 6720]
PLAN-ROOT SINK
|  output exprs: tpcds_partitioned_parquet_snap.call_center.cc_call_center_id, tpcds_partitioned_parquet_snap.call_center.cc_name, tpcds_partitioned_parquet_snap.call_center.cc_manager, sum(tpcds_partitioned_parquet_snap.catalog_returns.cr_net_loss)
|  mem-estimate=4.00MB mem-reservation=4.00MB spill-buffer=2.00MB thread-reservation=0 cost=6720
|
14:SORT
|  order by: sum(tpcds_partitioned_parquet_snap.catalog_returns.cr_net_loss) DESC NULLS FIRST
|  mem-estimate=12.00MB mem-reservation=12.00MB spill-buffer=2.00MB thread-reservation=0
|  tuple-ids=15 row-size=94B cardinality=1.68K cost=7558
|  in pipelines: 14(GETNEXT), 13(OPEN)
|
13:AGGREGATE [FINALIZE]
|  output: sum(tpcds_partitioned_parquet_snap.catalog_returns.cr_net_loss)
|  group by: tpcds_partitioned_parquet_snap.call_center.cc_call_center_id, tpcds_partitioned_parquet_snap.call_center.cc_name, tpcds_partitioned_parquet_snap.call_center.cc_manager, tpcds_partitioned_parquet_snap.customer_demographics.cd_marital_status, tpcds_partitioned_parquet_snap.customer_demographics.cd_education_status
|  mem-estimate=73.16MB mem-reservation=34.00MB spill-buffer=2.00MB thread-reservation=0
|  tuple-ids=14 row-size=129B cardinality=1.68K cost=757123
|  in pipelines: 13(GETNEXT), 07(OPEN)
|
12:HASH JOIN [INNER JOIN]
|  hash predicates: tpcds_partitioned_parquet_snap.catalog_returns.cr_returning_customer_sk = tpcds_partitioned_parquet_snap.customer.c_customer_sk
|  fk/pk conjuncts: none
|  runtime filters: RF000[bloom] <- tpcds_partitioned_parquet_snap.customer.c_customer_sk, RF001[min_max] <- tpcds_partitioned_parquet_snap.customer.c_customer_sk
|  mem-estimate=34.00MB mem-reservation=34.00MB spill-buffer=2.00MB thread-reservation=0
|  tuple-ids=8,10,12,6,0,2,4 row-size=1.38KB cardinality=545.46K cost=279931
|  in pipelines: 07(GETNEXT), 05(OPEN)
|
|--06:HASH JOIN [INNER JOIN]
|  |  hash predicates: tpcds_partitioned_parquet_snap.customer_address.ca_address_sk = tpcds_partitioned_parquet_snap.customer.c_current_addr_sk
|  |  fk/pk conjuncts: tpcds_partitioned_parquet_snap.customer_address.ca_address_sk = tpcds_partitioned_parquet_snap.customer.c_current_addr_sk
|  |  runtime filters: RF006[bloom] <- tpcds_partitioned_parquet_snap.customer.c_current_addr_sk, RF007[min_max] <- tpcds_partitioned_parquet_snap.customer.c_current_addr_sk
|  |  mem-estimate=76.54MB mem-reservation=34.00MB spill-buffer=2.00MB thread-reservation=0
|  |  tuple-ids=6,0,2,4 row-size=558B cardinality=41.18K cost=292152
|  |  in pipelines: 05(GETNEXT), 00(OPEN)
|  |
|  |--04:HASH JOIN [INNER JOIN]
|  |  |  hash predicates: tpcds_partitioned_parquet_snap.customer.c_current_cdemo_sk = tpcds_partitioned_parquet_snap.customer_demographics.cd_demo_sk
|  |  |  fk/pk conjuncts: tpcds_partitioned_parquet_snap.customer.c_current_cdemo_sk = tpcds_partitioned_parquet_snap.customer_demographics.cd_demo_sk
|  |  |  runtime filters: RF008[bloom] <- tpcds_partitioned_parquet_snap.customer_demographics.cd_demo_sk, RF009[min_max] <- tpcds_partitioned_parquet_snap.customer_demographics.cd_demo_sk
|  |  |  mem-estimate=17.00MB mem-reservation=17.00MB spill-buffer=1.00MB thread-reservation=0
|  |  |  tuple-ids=0,2,4 row-size=326B cardinality=226.57K cost=786879
|  |  |  in pipelines: 00(GETNEXT), 03(OPEN)
|  |  |
|  |  |--03:SCAN HDFS [tpcds_partitioned_parquet_snap.customer_demographics]
|  |  |     HDFS partitions=1/1 files=1 size=11.15MB
|  |  |     predicates: tpcds_partitioned_parquet_snap.customer_demographics.cd_education_status = 'Advanced Degree' OR tpcds_partitioned_parquet_snap.customer_demographics.cd_education_status = 'Unknown', tpcds_partitioned_parquet_snap.customer_demographics.cd_education_status = 'Unknown' OR tpcds_partitioned_parquet_snap.customer_demographics.cd_marital_status = 'W', tpcds_partitioned_parquet_snap.customer_demographics.cd_marital_status = 'M' OR tpcds_partitioned_parquet_snap.customer_demographics.cd_education_status = 'Advanced Degree', tpcds_partitioned_parquet_snap.customer_demographics.cd_marital_status = 'M' OR tpcds_partitioned_parquet_snap.customer_demographics.cd_marital_status = 'W'
|  |  |     stored statistics:
|  |  |       table: rows=1.92M size=11.15MB
|  |  |       columns: all
|  |  |     extrapolated-rows=disabled max-scan-range-rows=197.97K
|  |  |     parquet dictionary predicates: tpcds_partitioned_parquet_snap.customer_demographics.cd_education_status = 'Advanced Degree' OR tpcds_partitioned_parquet_snap.customer_demographics.cd_education_status = 'Unknown', tpcds_partitioned_parquet_snap.customer_demographics.cd_marital_status = 'M' OR tpcds_partitioned_parquet_snap.customer_demographics.cd_marital_status = 'W'
|  |  |     mem-estimate=16.00MB mem-reservation=1.00MB thread-reservation=0
|  |  |     tuple-ids=4 row-size=87B cardinality=150.46K cost=1282765
|  |  |     in pipelines: 03(GETNEXT)
|  |  |
|  |  02:HASH JOIN [INNER JOIN]
|  |  |  hash predicates: tpcds_partitioned_parquet_snap.customer.c_current_hdemo_sk = tpcds_partitioned_parquet_snap.household_demographics.hd_demo_sk
|  |  |  fk/pk conjuncts: tpcds_partitioned_parquet_snap.customer.c_current_hdemo_sk = tpcds_partitioned_parquet_snap.household_demographics.hd_demo_sk
|  |  |  runtime filters: RF010[bloom] <- tpcds_partitioned_parquet_snap.household_demographics.hd_demo_sk, RF011[min_max] <- tpcds_partitioned_parquet_snap.household_demographics.hd_demo_sk
|  |  |  mem-estimate=1.94MB mem-reservation=1.94MB spill-buffer=64.00KB thread-reservation=0
|  |  |  tuple-ids=0,2 row-size=240B cardinality=2.32M(filtered from 2.93M) cost=1126717
|  |  |  in pipelines: 00(GETNEXT), 01(OPEN)
|  |  |
|  |  |--01:SCAN HDFS [tpcds_partitioned_parquet_snap.household_demographics]
|  |  |     HDFS partitions=1/1 files=1 size=41.69KB
|  |  |     predicates: like(tpcds_partitioned_parquet_snap.household_demographics.hd_buy_potential, '5001-10000%')
|  |  |     stored statistics:
|  |  |       table: rows=7.20K size=41.69KB
|  |  |       columns: all
|  |  |     extrapolated-rows=disabled max-scan-range-rows=7.20K
|  |  |     parquet dictionary predicates: like(tpcds_partitioned_parquet_snap.household_demographics.hd_buy_potential, '5001-10000%')
|  |  |     mem-estimate=16.00MB mem-reservation=64.00KB thread-reservation=0
|  |  |     tuple-ids=2 row-size=36B cardinality=720 cost=2638
|  |  |     in pipelines: 01(GETNEXT)
|  |  |
|  |  00:SCAN HDFS [tpcds_partitioned_parquet_snap.customer]
|  |     HDFS partitions=1/1 files=1 size=1.55GB
|  |     runtime filters: RF009[min_max] -> tpcds_partitioned_parquet_snap.customer.c_current_cdemo_sk, RF011[min_max] -> tpcds_partitioned_parquet_snap.customer.c_current_hdemo_sk, RF008[bloom] -> tpcds_partitioned_parquet_snap.customer.c_current_cdemo_sk, RF010[bloom] -> tpcds_partitioned_parquet_snap.customer.c_current_hdemo_sk
|  |     stored statistics:
|  |       table: rows=30.00M size=1.55GB
|  |       columns: all
|  |     extrapolated-rows=disabled max-scan-range-rows=3.10M
|  |     mem-estimate=16.00MB mem-reservation=1.00MB thread-reservation=0
|  |     tuple-ids=0 row-size=204B cardinality=2.32M(filtered from 30.00M) cost=46823813
|  |     in pipelines: 00(GETNEXT)
|  |
|  05:SCAN HDFS [tpcds_partitioned_parquet_snap.customer_address]
|     HDFS partitions=1/1 files=1 size=307.36MB
|     predicates: CAST(tpcds_partitioned_parquet_snap.customer_address.ca_gmt_offset AS DECIMAL(12,2)) = CAST(-6 AS DECIMAL(12,2))
|     runtime filters: RF007[min_max] -> tpcds_partitioned_parquet_snap.customer_address.ca_address_sk, RF006[bloom] -> tpcds_partitioned_parquet_snap.customer_address.ca_address_sk
|     stored statistics:
|       table: rows=15.00M size=307.36MB
|       columns: all
|     extrapolated-rows=disabled max-scan-range-rows=1.58M
|     parquet dictionary predicates: CAST(tpcds_partitioned_parquet_snap.customer_address.ca_gmt_offset AS DECIMAL(12,2)) = CAST(-6 AS DECIMAL(12,2))
|     mem-estimate=16.00MB mem-reservation=128.00KB thread-reservation=0
|     tuple-ids=6 row-size=232B cardinality=226.57K(filtered from 2.43M) cost=21936706
|     in pipelines: 05(GETNEXT)
|
11:HASH JOIN [INNER JOIN]
|  hash predicates: tpcds_partitioned_parquet_snap.catalog_returns.cr_returned_date_sk = tpcds_partitioned_parquet_snap.date_dim.d_date_sk
|  fk/pk conjuncts: tpcds_partitioned_parquet_snap.catalog_returns.cr_returned_date_sk = tpcds_partitioned_parquet_snap.date_dim.d_date_sk
|  runtime filters: RF002[bloom] <- tpcds_partitioned_parquet_snap.date_dim.d_date_sk
|  mem-estimate=1.94MB mem-reservation=1.94MB spill-buffer=64.00KB thread-reservation=0
|  tuple-ids=8,10,12 row-size=859B cardinality=545.46K(filtered from 22.65M) cost=4244095
|  in pipelines: 07(GETNEXT), 10(OPEN)
|
|--10:SCAN HDFS [tpcds_partitioned_parquet_snap.date_dim]
|     HDFS partitions=1/1 files=1 size=2.17MB
|     predicates: tpcds_partitioned_parquet_snap.date_dim.d_year = CAST(2002 AS INT), tpcds_partitioned_parquet_snap.date_dim.d_moy = CAST(11 AS INT)
|     stored statistics:
|       table: rows=73.05K size=2.17MB
|       columns: all
|     extrapolated-rows=disabled max-scan-range-rows=73.05K
|     parquet statistics predicates: tpcds_partitioned_parquet_snap.date_dim.d_year = CAST(2002 AS INT), tpcds_partitioned_parquet_snap.date_dim.d_moy = CAST(11 AS INT)
|     parquet dictionary predicates: tpcds_partitioned_parquet_snap.date_dim.d_year = CAST(2002 AS INT), tpcds_partitioned_parquet_snap.date_dim.d_moy = CAST(11 AS INT)
|     mem-estimate=16.00MB mem-reservation=4.00MB thread-reservation=0
|     tuple-ids=12 row-size=237B cardinality=108 cost=114705
|     in pipelines: 10(GETNEXT)
|
09:HASH JOIN [INNER JOIN]
|  hash predicates: tpcds_partitioned_parquet_snap.catalog_returns.cr_call_center_sk = tpcds_partitioned_parquet_snap.call_center.cc_call_center_sk
|  fk/pk conjuncts: tpcds_partitioned_parquet_snap.catalog_returns.cr_call_center_sk = tpcds_partitioned_parquet_snap.call_center.cc_call_center_sk
|  runtime filters: RF004[bloom] <- tpcds_partitioned_parquet_snap.call_center.cc_call_center_sk, RF005[min_max] <- tpcds_partitioned_parquet_snap.call_center.cc_call_center_sk
|  mem-estimate=1.94MB mem-reservation=1.94MB spill-buffer=64.00KB thread-reservation=0
|  tuple-ids=8,10 row-size=622B cardinality=545.46K(filtered from 432.02M) cost=78421437
|  in pipelines: 07(GETNEXT), 08(OPEN)
|
|--08:SCAN HDFS [tpcds_partitioned_parquet_snap.call_center]
|     HDFS partitions=1/1 files=1 size=16.57KB
|     stored statistics:
|       table: rows=48 size=16.57KB
|       columns: all
|     extrapolated-rows=disabled max-scan-range-rows=48
|     mem-estimate=16.00MB mem-reservation=248.00KB thread-reservation=0
|     tuple-ids=10 row-size=510B cardinality=48 cost=194
|     in pipelines: 08(GETNEXT)
|
07:SCAN HDFS [tpcds_partitioned_parquet_snap.catalog_returns]
   HDFS partitions=2060/2060 files=2060 size=32.77GB
   runtime filters: RF001[min_max] -> tpcds_partitioned_parquet_snap.catalog_returns.cr_returning_customer_sk, RF005[min_max] -> tpcds_partitioned_parquet_snap.catalog_returns.cr_call_center_sk, RF000[bloom] -> tpcds_partitioned_parquet_snap.catalog_returns.cr_returning_customer_sk, RF002[bloom] -> tpcds_partitioned_parquet_snap.catalog_returns.cr_returned_date_sk, RF004[bloom] -> tpcds_partitioned_parquet_snap.catalog_returns.cr_call_center_sk
   stored statistics:
     table: rows=432.02M size=32.77GB
     partitions: 2060/2060 rows=432.02M
     columns: all
   extrapolated-rows=disabled max-scan-range-rows=416.82K est-scan-range=109(filtered from 2060)
   mem-estimate=16.00MB mem-reservation=208.00KB thread-reservation=0
   tuple-ids=8 row-size=112B cardinality=545.46K(filtered from 432.02M) cost=36529008
   in pipelines: 07(GETNEXT)
---- DISTRIBUTEDPLAN
Max Per-Host Resource Reservation: Memory=152.77MB Threads=17
Per-Host Resource Estimates: Memory=378MB
F09:PLAN FRAGMENT [UNPARTITIONED] hosts=1 instances=1
|  Per-Instance Resources: mem-estimate=4.97MB mem-reservation=4.00MB thread-reservation=1
|  max-parallelism=1 segment-costs=[7460] cpu-comparison-result=53 [max(1 (self) vs 53 (sum children))]
PLAN-ROOT SINK
|  output exprs: tpcds_partitioned_parquet_snap.call_center.cc_call_center_id, tpcds_partitioned_parquet_snap.call_center.cc_name, tpcds_partitioned_parquet_snap.call_center.cc_manager, sum(tpcds_partitioned_parquet_snap.catalog_returns.cr_net_loss)
|  mem-estimate=4.00MB mem-reservation=4.00MB spill-buffer=2.00MB thread-reservation=0 cost=6720
|
24:MERGING-EXCHANGE [UNPARTITIONED]
|  order by: sum(tpcds_partitioned_parquet_snap.catalog_returns.cr_net_loss) DESC NULLS FIRST
|  mem-estimate=996.06KB mem-reservation=0B thread-reservation=0
|  tuple-ids=15 row-size=94B cardinality=1.68K cost=740
|  in pipelines: 14(GETNEXT)
|
F08:PLAN FRAGMENT [HASH(tpcds_partitioned_parquet_snap.call_center.cc_call_center_id,tpcds_partitioned_parquet_snap.call_center.cc_name,tpcds_partitioned_parquet_snap.call_center.cc_manager,tpcds_partitioned_parquet_snap.customer_demographics.cd_marital_status,tpcds_partitioned_parquet_snap.customer_demographics.cd_education_status)] hosts=10 instances=10 (adjusted from 120)
Per-Instance Resources: mem-estimate=22.00MB mem-reservation=16.75MB thread-reservation=1
max-parallelism=10 segment-costs=[398399, 7558, 4668] cpu-comparison-result=53 [max(10 (self) vs 53 (sum children))]
14:SORT
|  order by: sum(tpcds_partitioned_parquet_snap.catalog_returns.cr_net_loss) DESC NULLS FIRST
|  mem-estimate=12.00MB mem-reservation=12.00MB spill-buffer=2.00MB thread-reservation=0
|  tuple-ids=15 row-size=94B cardinality=1.68K cost=7558
|  in pipelines: 14(GETNEXT), 23(OPEN)
|
23:AGGREGATE [FINALIZE]
|  output: sum:merge(tpcds_partitioned_parquet_snap.catalog_returns.cr_net_loss)
|  group by: tpcds_partitioned_parquet_snap.call_center.cc_call_center_id, tpcds_partitioned_parquet_snap.call_center.cc_name, tpcds_partitioned_parquet_snap.call_center.cc_manager, tpcds_partitioned_parquet_snap.customer_demographics.cd_marital_status, tpcds_partitioned_parquet_snap.customer_demographics.cd_education_status
|  mem-estimate=10.00MB mem-reservation=4.75MB spill-buffer=256.00KB thread-reservation=0
|  tuple-ids=14 row-size=129B cardinality=1.68K cost=266158
|  in pipelines: 23(GETNEXT), 07(OPEN)
|
22:EXCHANGE [HASH(tpcds_partitioned_parquet_snap.call_center.cc_call_center_id,tpcds_partitioned_parquet_snap.call_center.cc_name,tpcds_partitioned_parquet_snap.call_center.cc_manager,tpcds_partitioned_parquet_snap.customer_demographics.cd_marital_status,tpcds_partitioned_parquet_snap.customer_demographics.cd_education_status)]
|  mem-estimate=4.90MB mem-reservation=0B thread-reservation=0
|  tuple-ids=14 row-size=129B cardinality=188.16K cost=132241
|  in pipelines: 07(GETNEXT)
|
F00:PLAN FRAGMENT [RANDOM] hosts=10 instances=20 (adjusted from 120)
Per-Host Shared Resources: mem-estimate=3.00MB mem-reservation=3.00MB thread-reservation=0 runtime-filters-memory=3.00MB
Per-Instance Resources: mem-estimate=31.18MB mem-reservation=5.20MB thread-reservation=1
max-parallelism=20 segment-costs=[121034728, 1655662] cpu-comparison-result=53 [max(20 (self) vs 53 (sum children))]
13:AGGREGATE [STREAMING]
|  output: sum(tpcds_partitioned_parquet_snap.catalog_returns.cr_net_loss)
|  group by: tpcds_partitioned_parquet_snap.call_center.cc_call_center_id, tpcds_partitioned_parquet_snap.call_center.cc_name, tpcds_partitioned_parquet_snap.call_center.cc_manager, tpcds_partitioned_parquet_snap.customer_demographics.cd_marital_status, tpcds_partitioned_parquet_snap.customer_demographics.cd_education_status
|  mem-estimate=10.00MB mem-reservation=5.00MB spill-buffer=256.00KB thread-reservation=0
|  tuple-ids=14 row-size=129B cardinality=188.16K cost=1601597
|  in pipelines: 07(GETNEXT)
|
12:HASH JOIN [INNER JOIN, BROADCAST]
|  hash-table-id=00
|  hash predicates: tpcds_partitioned_parquet_snap.catalog_returns.cr_returning_customer_sk = tpcds_partitioned_parquet_snap.customer.c_customer_sk
|  fk/pk conjuncts: none
|  mem-estimate=0B mem-reservation=0B spill-buffer=2.00MB thread-reservation=0
|  tuple-ids=8,10,12,6,0,2,4 row-size=1.38KB cardinality=545.46K cost=238747
|  in pipelines: 07(GETNEXT), 05(OPEN)
|
|--F10:PLAN FRAGMENT [RANDOM] hosts=10 instances=10
|  |  Per-Instance Resources: mem-estimate=84.61MB mem-reservation=69.00MB thread-reservation=1 runtime-filters-memory=1.00MB
|  |  max-parallelism=10 segment-costs=[95914] cpu-comparison-result=31 [max(30 (self) vs 31 (sum children))]
|  JOIN BUILD
|  |  join-table-id=00 plan-id=01 cohort-id=01
|  |  build expressions: tpcds_partitioned_parquet_snap.customer.c_customer_sk
|  |  runtime filters: RF000[bloom] <- tpcds_partitioned_parquet_snap.customer.c_customer_sk, RF001[min_max] <- tpcds_partitioned_parquet_snap.customer.c_customer_sk
|  |  mem-estimate=68.00MB mem-reservation=68.00MB spill-buffer=2.00MB thread-reservation=0 cost=41184
|  |
|  21:EXCHANGE [BROADCAST]
|  |  mem-estimate=15.61MB mem-reservation=0B thread-reservation=0
|  |  tuple-ids=6,0,2,4 row-size=558B cardinality=41.18K cost=54730
|  |  in pipelines: 05(GETNEXT)
|  |
|  F07:PLAN FRAGMENT [HASH(tpcds_partitioned_parquet_snap.customer_address.ca_address_sk)] hosts=10 instances=10
|  Per-Instance Resources: mem-estimate=14.54MB mem-reservation=0B thread-reservation=1
|  max-parallelism=10 segment-costs=[397753]
|  06:HASH JOIN [INNER JOIN, PARTITIONED]
|  |  hash-table-id=01
|  |  hash predicates: tpcds_partitioned_parquet_snap.customer_address.ca_address_sk = tpcds_partitioned_parquet_snap.customer.c_current_addr_sk
|  |  fk/pk conjuncts: tpcds_partitioned_parquet_snap.customer_address.ca_address_sk = tpcds_partitioned_parquet_snap.customer.c_current_addr_sk
|  |  mem-estimate=0B mem-reservation=0B spill-buffer=512.00KB thread-reservation=0
|  |  tuple-ids=6,0,2,4 row-size=558B cardinality=41.18K cost=65578
|  |  in pipelines: 05(GETNEXT), 00(OPEN)
|  |
|  |--F11:PLAN FRAGMENT [HASH(tpcds_partitioned_parquet_snap.customer_address.ca_address_sk)] hosts=10 instances=10
|  |  |  Per-Instance Resources: mem-estimate=19.86MB mem-reservation=9.50MB thread-reservation=1 runtime-filters-memory=1.00MB
|  |  |  max-parallelism=10 segment-costs=[608671] cpu-comparison-result=31 [max(20 (self) vs 31 (sum children))]
|  |  JOIN BUILD
|  |  |  join-table-id=01 plan-id=02 cohort-id=02
|  |  |  build expressions: tpcds_partitioned_parquet_snap.customer.c_current_addr_sk
|  |  |  runtime filters: RF006[bloom] <- tpcds_partitioned_parquet_snap.customer.c_current_addr_sk, RF007[min_max] <- tpcds_partitioned_parquet_snap.customer.c_current_addr_sk
|  |  |  mem-estimate=8.50MB mem-reservation=8.50MB spill-buffer=512.00KB thread-reservation=0 cost=226574
|  |  |
|  |  20:EXCHANGE [HASH(tpcds_partitioned_parquet_snap.customer.c_current_addr_sk)]
|  |  |  mem-estimate=10.36MB mem-reservation=0B thread-reservation=0
|  |  |  tuple-ids=0,2,4 row-size=326B cardinality=226.57K cost=382097
|  |  |  in pipelines: 00(GETNEXT)
|  |  |
|  |  F04:PLAN FRAGMENT [RANDOM] hosts=10 instances=10
|  |  Per-Host Shared Resources: mem-estimate=2.00MB mem-reservation=2.00MB thread-reservation=0 runtime-filters-memory=2.00MB
|  |  Per-Instance Resources: mem-estimate=29.22MB mem-reservation=1.00MB thread-reservation=1
|  |  max-parallelism=10 segment-costs=[53699921]
|  |  04:HASH JOIN [INNER JOIN, BROADCAST]
|  |  |  hash-table-id=02
|  |  |  hash predicates: tpcds_partitioned_parquet_snap.customer.c_current_cdemo_sk = tpcds_partitioned_parquet_snap.customer_demographics.cd_demo_sk
|  |  |  fk/pk conjuncts: tpcds_partitioned_parquet_snap.customer.c_current_cdemo_sk = tpcds_partitioned_parquet_snap.customer_demographics.cd_demo_sk
|  |  |  mem-estimate=0B mem-reservation=0B spill-buffer=1.00MB thread-reservation=0
|  |  |  tuple-ids=0,2,4 row-size=326B cardinality=226.57K cost=636423
|  |  |  in pipelines: 00(GETNEXT), 03(OPEN)
|  |  |
|  |  |--F12:PLAN FRAGMENT [RANDOM] hosts=10 instances=10
|  |  |  |  Per-Instance Resources: mem-estimate=28.88MB mem-reservation=18.00MB thread-reservation=1 runtime-filters-memory=1.00MB
|  |  |  |  max-parallelism=10 segment-costs=[350406]
|  |  |  JOIN BUILD
|  |  |  |  join-table-id=02 plan-id=03 cohort-id=03
|  |  |  |  build expressions: tpcds_partitioned_parquet_snap.customer_demographics.cd_demo_sk
|  |  |  |  runtime filters: RF008[bloom] <- tpcds_partitioned_parquet_snap.customer_demographics.cd_demo_sk, RF009[min_max] <- tpcds_partitioned_parquet_snap.customer_demographics.cd_demo_sk
|  |  |  |  mem-estimate=17.00MB mem-reservation=17.00MB spill-buffer=1.00MB thread-reservation=0 cost=150456
|  |  |  |
|  |  |  18:EXCHANGE [BROADCAST]
|  |  |  |  mem-estimate=10.88MB mem-reservation=0B thread-reservation=0
|  |  |  |  tuple-ids=4 row-size=87B cardinality=150.46K cost=199950
|  |  |  |  in pipelines: 03(GETNEXT)
|  |  |  |
|  |  |  F06:PLAN FRAGMENT [RANDOM] hosts=10 instances=10
|  |  |  Per-Instance Resources: mem-estimate=16.35MB mem-reservation=1.00MB thread-reservation=1
|  |  |  max-parallelism=10 segment-costs=[1321182]
|  |  |  03:SCAN HDFS [tpcds_partitioned_parquet_snap.customer_demographics, RANDOM]
|  |  |     HDFS partitions=1/1 files=1 size=11.15MB
|  |  |     predicates: tpcds_partitioned_parquet_snap.customer_demographics.cd_education_status = 'Advanced Degree' OR tpcds_partitioned_parquet_snap.customer_demographics.cd_education_status = 'Unknown', tpcds_partitioned_parquet_snap.customer_demographics.cd_education_status = 'Unknown' OR tpcds_partitioned_parquet_snap.customer_demographics.cd_marital_status = 'W', tpcds_partitioned_parquet_snap.customer_demographics.cd_marital_status = 'M' OR tpcds_partitioned_parquet_snap.customer_demographics.cd_education_status = 'Advanced Degree', tpcds_partitioned_parquet_snap.customer_demographics.cd_marital_status = 'M' OR tpcds_partitioned_parquet_snap.customer_demographics.cd_marital_status = 'W'
|  |  |     stored statistics:
|  |  |       table: rows=1.92M size=11.15MB
|  |  |       columns: all
|  |  |     extrapolated-rows=disabled max-scan-range-rows=197.97K
|  |  |     parquet dictionary predicates: tpcds_partitioned_parquet_snap.customer_demographics.cd_education_status = 'Advanced Degree' OR tpcds_partitioned_parquet_snap.customer_demographics.cd_education_status = 'Unknown', tpcds_partitioned_parquet_snap.customer_demographics.cd_marital_status = 'M' OR tpcds_partitioned_parquet_snap.customer_demographics.cd_marital_status = 'W'
|  |  |     mem-estimate=16.00MB mem-reservation=1.00MB thread-reservation=0
|  |  |     tuple-ids=4 row-size=87B cardinality=150.46K cost=1282765
|  |  |     in pipelines: 03(GETNEXT)
|  |  |
|  |  02:HASH JOIN [INNER JOIN, BROADCAST]
|  |  |  hash-table-id=03
|  |  |  hash predicates: tpcds_partitioned_parquet_snap.customer.c_current_hdemo_sk = tpcds_partitioned_parquet_snap.household_demographics.hd_demo_sk
|  |  |  fk/pk conjuncts: tpcds_partitioned_parquet_snap.customer.c_current_hdemo_sk = tpcds_partitioned_parquet_snap.household_demographics.hd_demo_sk
|  |  |  mem-estimate=0B mem-reservation=0B spill-buffer=64.00KB thread-reservation=0
|  |  |  tuple-ids=0,2 row-size=240B cardinality=2.32M(filtered from 2.93M) cost=1125997
|  |  |  in pipelines: 00(GETNEXT), 01(OPEN)
|  |  |
|  |  |--F13:PLAN FRAGMENT [RANDOM] hosts=10 instances=10
|  |  |  |  Per-Instance Resources: mem-estimate=2.99MB mem-reservation=2.94MB thread-reservation=1 runtime-filters-memory=1.00MB
|  |  |  |  max-parallelism=10 segment-costs=[1670]
|  |  |  JOIN BUILD
|  |  |  |  join-table-id=03 plan-id=04 cohort-id=03
|  |  |  |  build expressions: tpcds_partitioned_parquet_snap.household_demographics.hd_demo_sk
|  |  |  |  runtime filters: RF010[bloom] <- tpcds_partitioned_parquet_snap.household_demographics.hd_demo_sk, RF011[min_max] <- tpcds_partitioned_parquet_snap.household_demographics.hd_demo_sk
|  |  |  |  mem-estimate=1.94MB mem-reservation=1.94MB spill-buffer=64.00KB thread-reservation=0 cost=720
|  |  |  |
|  |  |  17:EXCHANGE [BROADCAST]
|  |  |  |  mem-estimate=52.73KB mem-reservation=0B thread-reservation=0
|  |  |  |  tuple-ids=2 row-size=36B cardinality=720 cost=950
|  |  |  |  in pipelines: 01(GETNEXT)
|  |  |  |
|  |  |  F05:PLAN FRAGMENT [RANDOM] hosts=1 instances=1
|  |  |  Per-Instance Resources: mem-estimate=16.15MB mem-reservation=64.00KB thread-reservation=1
|  |  |  max-parallelism=1 segment-costs=[2722]
|  |  |  01:SCAN HDFS [tpcds_partitioned_parquet_snap.household_demographics, RANDOM]
|  |  |     HDFS partitions=1/1 files=1 size=41.69KB
|  |  |     predicates: like(tpcds_partitioned_parquet_snap.household_demographics.hd_buy_potential, '5001-10000%')
|  |  |     stored statistics:
|  |  |       table: rows=7.20K size=41.69KB
|  |  |       columns: all
|  |  |     extrapolated-rows=disabled max-scan-range-rows=7.20K
|  |  |     parquet dictionary predicates: like(tpcds_partitioned_parquet_snap.household_demographics.hd_buy_potential, '5001-10000%')
|  |  |     mem-estimate=16.00MB mem-reservation=64.00KB thread-reservation=0
|  |  |     tuple-ids=2 row-size=36B cardinality=720 cost=2638
|  |  |     in pipelines: 01(GETNEXT)
|  |  |
|  |  00:SCAN HDFS [tpcds_partitioned_parquet_snap.customer, RANDOM]
|  |     HDFS partitions=1/1 files=1 size=1.55GB
|  |     runtime filters: RF009[min_max] -> tpcds_partitioned_parquet_snap.customer.c_current_cdemo_sk, RF011[min_max] -> tpcds_partitioned_parquet_snap.customer.c_current_hdemo_sk, RF008[bloom] -> tpcds_partitioned_parquet_snap.customer.c_current_cdemo_sk, RF010[bloom] -> tpcds_partitioned_parquet_snap.customer.c_current_hdemo_sk
|  |     stored statistics:
|  |       table: rows=30.00M size=1.55GB
|  |       columns: all
|  |     extrapolated-rows=disabled max-scan-range-rows=3.10M
|  |     mem-estimate=16.00MB mem-reservation=1.00MB thread-reservation=0
|  |     tuple-ids=0 row-size=204B cardinality=2.32M(filtered from 30.00M) cost=46823813
|  |     in pipelines: 00(GETNEXT)
|  |
|  19:EXCHANGE [HASH(tpcds_partitioned_parquet_snap.customer_address.ca_address_sk)]
|  |  mem-estimate=12.30MB mem-reservation=0B thread-reservation=0
|  |  tuple-ids=6 row-size=232B cardinality=226.57K(filtered from 2.43M) cost=266562
|  |  in pipelines: 05(GETNEXT)
|  |
|  F03:PLAN FRAGMENT [RANDOM] hosts=10 instances=10
|  Per-Host Shared Resources: mem-estimate=1.00MB mem-reservation=1.00MB thread-reservation=0 runtime-filters-memory=1.00MB
|  Per-Instance Resources: mem-estimate=25.20MB mem-reservation=128.00KB thread-reservation=1
|  max-parallelism=10 segment-costs=[25432905]
|  05:SCAN HDFS [tpcds_partitioned_parquet_snap.customer_address, RANDOM]
|     HDFS partitions=1/1 files=1 size=307.36MB
|     predicates: CAST(tpcds_partitioned_parquet_snap.customer_address.ca_gmt_offset AS DECIMAL(12,2)) = CAST(-6 AS DECIMAL(12,2))
|     runtime filters: RF007[min_max] -> tpcds_partitioned_parquet_snap.customer_address.ca_address_sk, RF006[bloom] -> tpcds_partitioned_parquet_snap.customer_address.ca_address_sk
|     stored statistics:
|       table: rows=15.00M size=307.36MB
|       columns: all
|     extrapolated-rows=disabled max-scan-range-rows=1.58M
|     parquet dictionary predicates: CAST(tpcds_partitioned_parquet_snap.customer_address.ca_gmt_offset AS DECIMAL(12,2)) = CAST(-6 AS DECIMAL(12,2))
|     mem-estimate=16.00MB mem-reservation=128.00KB thread-reservation=0
|     tuple-ids=6 row-size=232B cardinality=226.57K(filtered from 2.43M) cost=21936706
|     in pipelines: 05(GETNEXT)
|
11:HASH JOIN [INNER JOIN, BROADCAST]
|  hash-table-id=04
|  hash predicates: tpcds_partitioned_parquet_snap.catalog_returns.cr_returned_date_sk = tpcds_partitioned_parquet_snap.date_dim.d_date_sk
|  fk/pk conjuncts: tpcds_partitioned_parquet_snap.catalog_returns.cr_returned_date_sk = tpcds_partitioned_parquet_snap.date_dim.d_date_sk
|  mem-estimate=0B mem-reservation=0B spill-buffer=64.00KB thread-reservation=0
|  tuple-ids=8,10,12 row-size=859B cardinality=545.46K(filtered from 22.65M) cost=4243987
|  in pipelines: 07(GETNEXT), 10(OPEN)
|
|--F14:PLAN FRAGMENT [RANDOM] hosts=10 instances=10
|  |  Per-Instance Resources: mem-estimate=4.92MB mem-reservation=4.88MB thread-reservation=1 runtime-filters-memory=1.00MB
|  |  max-parallelism=10 segment-costs=[248]
|  JOIN BUILD
|  |  join-table-id=04 plan-id=05 cohort-id=01
|  |  build expressions: tpcds_partitioned_parquet_snap.date_dim.d_date_sk
|  |  runtime filters: RF002[bloom] <- tpcds_partitioned_parquet_snap.date_dim.d_date_sk
|  |  mem-estimate=3.88MB mem-reservation=3.88MB spill-buffer=64.00KB thread-reservation=0 cost=108
|  |
|  16:EXCHANGE [BROADCAST]
|  |  mem-estimate=50.45KB mem-reservation=0B thread-reservation=0
|  |  tuple-ids=12 row-size=237B cardinality=108 cost=140
|  |  in pipelines: 10(GETNEXT)
|  |
|  F02:PLAN FRAGMENT [RANDOM] hosts=1 instances=1
|  Per-Instance Resources: mem-estimate=16.94MB mem-reservation=4.00MB thread-reservation=1
|  max-parallelism=1 segment-costs=[114776]
|  10:SCAN HDFS [tpcds_partitioned_parquet_snap.date_dim, RANDOM]
|     HDFS partitions=1/1 files=1 size=2.17MB
|     predicates: tpcds_partitioned_parquet_snap.date_dim.d_year = CAST(2002 AS INT), tpcds_partitioned_parquet_snap.date_dim.d_moy = CAST(11 AS INT)
|     stored statistics:
|       table: rows=73.05K size=2.17MB
|       columns: all
|     extrapolated-rows=disabled max-scan-range-rows=73.05K
|     parquet statistics predicates: tpcds_partitioned_parquet_snap.date_dim.d_year = CAST(2002 AS INT), tpcds_partitioned_parquet_snap.date_dim.d_moy = CAST(11 AS INT)
|     parquet dictionary predicates: tpcds_partitioned_parquet_snap.date_dim.d_year = CAST(2002 AS INT), tpcds_partitioned_parquet_snap.date_dim.d_moy = CAST(11 AS INT)
|     mem-estimate=16.00MB mem-reservation=4.00MB thread-reservation=0
|     tuple-ids=12 row-size=237B cardinality=108 cost=114705
|     in pipelines: 10(GETNEXT)
|
09:HASH JOIN [INNER JOIN, BROADCAST]
|  hash-table-id=05
|  hash predicates: tpcds_partitioned_parquet_snap.catalog_returns.cr_call_center_sk = tpcds_partitioned_parquet_snap.call_center.cc_call_center_sk
|  fk/pk conjuncts: tpcds_partitioned_parquet_snap.catalog_returns.cr_call_center_sk = tpcds_partitioned_parquet_snap.call_center.cc_call_center_sk
|  mem-estimate=0B mem-reservation=0B spill-buffer=64.00KB thread-reservation=0
|  tuple-ids=8,10 row-size=622B cardinality=545.46K(filtered from 432.02M) cost=78421389
|  in pipelines: 07(GETNEXT), 08(OPEN)
|
|--F15:PLAN FRAGMENT [RANDOM] hosts=10 instances=10
|  |  Per-Instance Resources: mem-estimate=4.92MB mem-reservation=4.88MB thread-reservation=1 runtime-filters-memory=1.00MB
|  |  max-parallelism=10 segment-costs=[108]
|  JOIN BUILD
|  |  join-table-id=05 plan-id=06 cohort-id=01
|  |  build expressions: tpcds_partitioned_parquet_snap.call_center.cc_call_center_sk
|  |  runtime filters: RF004[bloom] <- tpcds_partitioned_parquet_snap.call_center.cc_call_center_sk, RF005[min_max] <- tpcds_partitioned_parquet_snap.call_center.cc_call_center_sk
|  |  mem-estimate=3.88MB mem-reservation=3.88MB spill-buffer=64.00KB thread-reservation=0 cost=48
|  |
|  15:EXCHANGE [BROADCAST]
|  |  mem-estimate=48.01KB mem-reservation=0B thread-reservation=0
|  |  tuple-ids=10 row-size=510B cardinality=48 cost=60
|  |  in pipelines: 08(GETNEXT)
|  |
|  F01:PLAN FRAGMENT [RANDOM] hosts=1 instances=1
|  Per-Instance Resources: mem-estimate=18.01MB mem-reservation=248.00KB thread-reservation=1
|  max-parallelism=1 segment-costs=[261]
|  08:SCAN HDFS [tpcds_partitioned_parquet_snap.call_center, RANDOM]
|     HDFS partitions=1/1 files=1 size=16.57KB
|     stored statistics:
|       table: rows=48 size=16.57KB
|       columns: all
|     extrapolated-rows=disabled max-scan-range-rows=48
|     mem-estimate=16.00MB mem-reservation=248.00KB thread-reservation=0
|     tuple-ids=10 row-size=510B cardinality=48 cost=194
|     in pipelines: 08(GETNEXT)
|
07:SCAN HDFS [tpcds_partitioned_parquet_snap.catalog_returns, RANDOM]
   HDFS partitions=2060/2060 files=2060 size=32.77GB
   runtime filters: RF001[min_max] -> tpcds_partitioned_parquet_snap.catalog_returns.cr_returning_customer_sk, RF005[min_max] -> tpcds_partitioned_parquet_snap.catalog_returns.cr_call_center_sk, RF000[bloom] -> tpcds_partitioned_parquet_snap.catalog_returns.cr_returning_customer_sk, RF002[bloom] -> tpcds_partitioned_parquet_snap.catalog_returns.cr_returned_date_sk, RF004[bloom] -> tpcds_partitioned_parquet_snap.catalog_returns.cr_call_center_sk
   stored statistics:
     table: rows=432.02M size=32.77GB
     partitions: 2060/2060 rows=432.02M
     columns: all
   extrapolated-rows=disabled max-scan-range-rows=416.82K est-scan-range=109(filtered from 2060)
   mem-estimate=16.00MB mem-reservation=208.00KB thread-reservation=0
   tuple-ids=8 row-size=112B cardinality=545.46K(filtered from 432.02M) cost=36529008
   in pipelines: 07(GETNEXT)
---- PARALLELPLANS
Max Per-Host Resource Reservation: Memory=152.77MB Threads=17
Per-Host Resource Estimates: Memory=378MB
F09:PLAN FRAGMENT [UNPARTITIONED] hosts=1 instances=1
|  Per-Instance Resources: mem-estimate=4.97MB mem-reservation=4.00MB thread-reservation=1
|  max-parallelism=1 segment-costs=[7460] cpu-comparison-result=53 [max(1 (self) vs 53 (sum children))]
PLAN-ROOT SINK
|  output exprs: tpcds_partitioned_parquet_snap.call_center.cc_call_center_id, tpcds_partitioned_parquet_snap.call_center.cc_name, tpcds_partitioned_parquet_snap.call_center.cc_manager, sum(tpcds_partitioned_parquet_snap.catalog_returns.cr_net_loss)
|  mem-estimate=4.00MB mem-reservation=4.00MB spill-buffer=2.00MB thread-reservation=0 cost=6720
|
24:MERGING-EXCHANGE [UNPARTITIONED]
|  order by: sum(tpcds_partitioned_parquet_snap.catalog_returns.cr_net_loss) DESC NULLS FIRST
|  mem-estimate=996.06KB mem-reservation=0B thread-reservation=0
|  tuple-ids=15 row-size=94B cardinality=1.68K cost=740
|  in pipelines: 14(GETNEXT)
|
F08:PLAN FRAGMENT [HASH(tpcds_partitioned_parquet_snap.call_center.cc_call_center_id,tpcds_partitioned_parquet_snap.call_center.cc_name,tpcds_partitioned_parquet_snap.call_center.cc_manager,tpcds_partitioned_parquet_snap.customer_demographics.cd_marital_status,tpcds_partitioned_parquet_snap.customer_demographics.cd_education_status)] hosts=10 instances=10 (adjusted from 120)
Per-Instance Resources: mem-estimate=22.00MB mem-reservation=16.75MB thread-reservation=1
max-parallelism=10 segment-costs=[398399, 7558, 4668] cpu-comparison-result=53 [max(10 (self) vs 53 (sum children))]
14:SORT
|  order by: sum(tpcds_partitioned_parquet_snap.catalog_returns.cr_net_loss) DESC NULLS FIRST
|  mem-estimate=12.00MB mem-reservation=12.00MB spill-buffer=2.00MB thread-reservation=0
|  tuple-ids=15 row-size=94B cardinality=1.68K cost=7558
|  in pipelines: 14(GETNEXT), 23(OPEN)
|
23:AGGREGATE [FINALIZE]
|  output: sum:merge(tpcds_partitioned_parquet_snap.catalog_returns.cr_net_loss)
|  group by: tpcds_partitioned_parquet_snap.call_center.cc_call_center_id, tpcds_partitioned_parquet_snap.call_center.cc_name, tpcds_partitioned_parquet_snap.call_center.cc_manager, tpcds_partitioned_parquet_snap.customer_demographics.cd_marital_status, tpcds_partitioned_parquet_snap.customer_demographics.cd_education_status
|  mem-estimate=10.00MB mem-reservation=4.75MB spill-buffer=256.00KB thread-reservation=0
|  tuple-ids=14 row-size=129B cardinality=1.68K cost=266158
|  in pipelines: 23(GETNEXT), 07(OPEN)
|
22:EXCHANGE [HASH(tpcds_partitioned_parquet_snap.call_center.cc_call_center_id,tpcds_partitioned_parquet_snap.call_center.cc_name,tpcds_partitioned_parquet_snap.call_center.cc_manager,tpcds_partitioned_parquet_snap.customer_demographics.cd_marital_status,tpcds_partitioned_parquet_snap.customer_demographics.cd_education_status)]
|  mem-estimate=4.90MB mem-reservation=0B thread-reservation=0
|  tuple-ids=14 row-size=129B cardinality=188.16K cost=132241
|  in pipelines: 07(GETNEXT)
|
F00:PLAN FRAGMENT [RANDOM] hosts=10 instances=20 (adjusted from 120)
Per-Host Shared Resources: mem-estimate=3.00MB mem-reservation=3.00MB thread-reservation=0 runtime-filters-memory=3.00MB
Per-Instance Resources: mem-estimate=31.18MB mem-reservation=5.20MB thread-reservation=1
max-parallelism=20 segment-costs=[121034728, 1655662] cpu-comparison-result=53 [max(20 (self) vs 53 (sum children))]
13:AGGREGATE [STREAMING]
|  output: sum(tpcds_partitioned_parquet_snap.catalog_returns.cr_net_loss)
|  group by: tpcds_partitioned_parquet_snap.call_center.cc_call_center_id, tpcds_partitioned_parquet_snap.call_center.cc_name, tpcds_partitioned_parquet_snap.call_center.cc_manager, tpcds_partitioned_parquet_snap.customer_demographics.cd_marital_status, tpcds_partitioned_parquet_snap.customer_demographics.cd_education_status
|  mem-estimate=10.00MB mem-reservation=5.00MB spill-buffer=256.00KB thread-reservation=0
|  tuple-ids=14 row-size=129B cardinality=188.16K cost=1601597
|  in pipelines: 07(GETNEXT)
|
12:HASH JOIN [INNER JOIN, BROADCAST]
|  hash-table-id=00
|  hash predicates: tpcds_partitioned_parquet_snap.catalog_returns.cr_returning_customer_sk = tpcds_partitioned_parquet_snap.customer.c_customer_sk
|  fk/pk conjuncts: none
|  mem-estimate=0B mem-reservation=0B spill-buffer=2.00MB thread-reservation=0
|  tuple-ids=8,10,12,6,0,2,4 row-size=1.38KB cardinality=545.46K cost=238747
|  in pipelines: 07(GETNEXT), 05(OPEN)
|
|--F10:PLAN FRAGMENT [RANDOM] hosts=10 instances=10
|  |  Per-Instance Resources: mem-estimate=84.61MB mem-reservation=69.00MB thread-reservation=1 runtime-filters-memory=1.00MB
|  |  max-parallelism=10 segment-costs=[95914] cpu-comparison-result=31 [max(30 (self) vs 31 (sum children))]
|  JOIN BUILD
|  |  join-table-id=00 plan-id=01 cohort-id=01
|  |  build expressions: tpcds_partitioned_parquet_snap.customer.c_customer_sk
|  |  runtime filters: RF000[bloom] <- tpcds_partitioned_parquet_snap.customer.c_customer_sk, RF001[min_max] <- tpcds_partitioned_parquet_snap.customer.c_customer_sk
|  |  mem-estimate=68.00MB mem-reservation=68.00MB spill-buffer=2.00MB thread-reservation=0 cost=41184
|  |
|  21:EXCHANGE [BROADCAST]
|  |  mem-estimate=15.61MB mem-reservation=0B thread-reservation=0
|  |  tuple-ids=6,0,2,4 row-size=558B cardinality=41.18K cost=54730
|  |  in pipelines: 05(GETNEXT)
|  |
|  F07:PLAN FRAGMENT [HASH(tpcds_partitioned_parquet_snap.customer_address.ca_address_sk)] hosts=10 instances=10
|  Per-Instance Resources: mem-estimate=14.54MB mem-reservation=0B thread-reservation=1
|  max-parallelism=10 segment-costs=[397753]
|  06:HASH JOIN [INNER JOIN, PARTITIONED]
|  |  hash-table-id=01
|  |  hash predicates: tpcds_partitioned_parquet_snap.customer_address.ca_address_sk = tpcds_partitioned_parquet_snap.customer.c_current_addr_sk
|  |  fk/pk conjuncts: tpcds_partitioned_parquet_snap.customer_address.ca_address_sk = tpcds_partitioned_parquet_snap.customer.c_current_addr_sk
|  |  mem-estimate=0B mem-reservation=0B spill-buffer=512.00KB thread-reservation=0
|  |  tuple-ids=6,0,2,4 row-size=558B cardinality=41.18K cost=65578
|  |  in pipelines: 05(GETNEXT), 00(OPEN)
|  |
|  |--F11:PLAN FRAGMENT [HASH(tpcds_partitioned_parquet_snap.customer_address.ca_address_sk)] hosts=10 instances=10
|  |  |  Per-Instance Resources: mem-estimate=19.86MB mem-reservation=9.50MB thread-reservation=1 runtime-filters-memory=1.00MB
|  |  |  max-parallelism=10 segment-costs=[608671] cpu-comparison-result=31 [max(20 (self) vs 31 (sum children))]
|  |  JOIN BUILD
|  |  |  join-table-id=01 plan-id=02 cohort-id=02
|  |  |  build expressions: tpcds_partitioned_parquet_snap.customer.c_current_addr_sk
|  |  |  runtime filters: RF006[bloom] <- tpcds_partitioned_parquet_snap.customer.c_current_addr_sk, RF007[min_max] <- tpcds_partitioned_parquet_snap.customer.c_current_addr_sk
|  |  |  mem-estimate=8.50MB mem-reservation=8.50MB spill-buffer=512.00KB thread-reservation=0 cost=226574
|  |  |
|  |  20:EXCHANGE [HASH(tpcds_partitioned_parquet_snap.customer.c_current_addr_sk)]
|  |  |  mem-estimate=10.36MB mem-reservation=0B thread-reservation=0
|  |  |  tuple-ids=0,2,4 row-size=326B cardinality=226.57K cost=382097
|  |  |  in pipelines: 00(GETNEXT)
|  |  |
|  |  F04:PLAN FRAGMENT [RANDOM] hosts=10 instances=10
|  |  Per-Host Shared Resources: mem-estimate=2.00MB mem-reservation=2.00MB thread-reservation=0 runtime-filters-memory=2.00MB
|  |  Per-Instance Resources: mem-estimate=29.22MB mem-reservation=1.00MB thread-reservation=1
|  |  max-parallelism=10 segment-costs=[53699921]
|  |  04:HASH JOIN [INNER JOIN, BROADCAST]
|  |  |  hash-table-id=02
|  |  |  hash predicates: tpcds_partitioned_parquet_snap.customer.c_current_cdemo_sk = tpcds_partitioned_parquet_snap.customer_demographics.cd_demo_sk
|  |  |  fk/pk conjuncts: tpcds_partitioned_parquet_snap.customer.c_current_cdemo_sk = tpcds_partitioned_parquet_snap.customer_demographics.cd_demo_sk
|  |  |  mem-estimate=0B mem-reservation=0B spill-buffer=1.00MB thread-reservation=0
|  |  |  tuple-ids=0,2,4 row-size=326B cardinality=226.57K cost=636423
|  |  |  in pipelines: 00(GETNEXT), 03(OPEN)
|  |  |
|  |  |--F12:PLAN FRAGMENT [RANDOM] hosts=10 instances=10
|  |  |  |  Per-Instance Resources: mem-estimate=28.88MB mem-reservation=18.00MB thread-reservation=1 runtime-filters-memory=1.00MB
|  |  |  |  max-parallelism=10 segment-costs=[350406]
|  |  |  JOIN BUILD
|  |  |  |  join-table-id=02 plan-id=03 cohort-id=03
|  |  |  |  build expressions: tpcds_partitioned_parquet_snap.customer_demographics.cd_demo_sk
|  |  |  |  runtime filters: RF008[bloom] <- tpcds_partitioned_parquet_snap.customer_demographics.cd_demo_sk, RF009[min_max] <- tpcds_partitioned_parquet_snap.customer_demographics.cd_demo_sk
|  |  |  |  mem-estimate=17.00MB mem-reservation=17.00MB spill-buffer=1.00MB thread-reservation=0 cost=150456
|  |  |  |
|  |  |  18:EXCHANGE [BROADCAST]
|  |  |  |  mem-estimate=10.88MB mem-reservation=0B thread-reservation=0
|  |  |  |  tuple-ids=4 row-size=87B cardinality=150.46K cost=199950
|  |  |  |  in pipelines: 03(GETNEXT)
|  |  |  |
|  |  |  F06:PLAN FRAGMENT [RANDOM] hosts=10 instances=10
|  |  |  Per-Instance Resources: mem-estimate=16.35MB mem-reservation=1.00MB thread-reservation=1
|  |  |  max-parallelism=10 segment-costs=[1321182]
|  |  |  03:SCAN HDFS [tpcds_partitioned_parquet_snap.customer_demographics, RANDOM]
|  |  |     HDFS partitions=1/1 files=1 size=11.15MB
|  |  |     predicates: tpcds_partitioned_parquet_snap.customer_demographics.cd_education_status = 'Advanced Degree' OR tpcds_partitioned_parquet_snap.customer_demographics.cd_education_status = 'Unknown', tpcds_partitioned_parquet_snap.customer_demographics.cd_education_status = 'Unknown' OR tpcds_partitioned_parquet_snap.customer_demographics.cd_marital_status = 'W', tpcds_partitioned_parquet_snap.customer_demographics.cd_marital_status = 'M' OR tpcds_partitioned_parquet_snap.customer_demographics.cd_education_status = 'Advanced Degree', tpcds_partitioned_parquet_snap.customer_demographics.cd_marital_status = 'M' OR tpcds_partitioned_parquet_snap.customer_demographics.cd_marital_status = 'W'
|  |  |     stored statistics:
|  |  |       table: rows=1.92M size=11.15MB
|  |  |       columns: all
|  |  |     extrapolated-rows=disabled max-scan-range-rows=197.97K
|  |  |     parquet dictionary predicates: tpcds_partitioned_parquet_snap.customer_demographics.cd_education_status = 'Advanced Degree' OR tpcds_partitioned_parquet_snap.customer_demographics.cd_education_status = 'Unknown', tpcds_partitioned_parquet_snap.customer_demographics.cd_marital_status = 'M' OR tpcds_partitioned_parquet_snap.customer_demographics.cd_marital_status = 'W'
|  |  |     mem-estimate=16.00MB mem-reservation=1.00MB thread-reservation=0
|  |  |     tuple-ids=4 row-size=87B cardinality=150.46K cost=1282765
|  |  |     in pipelines: 03(GETNEXT)
|  |  |
|  |  02:HASH JOIN [INNER JOIN, BROADCAST]
|  |  |  hash-table-id=03
|  |  |  hash predicates: tpcds_partitioned_parquet_snap.customer.c_current_hdemo_sk = tpcds_partitioned_parquet_snap.household_demographics.hd_demo_sk
|  |  |  fk/pk conjuncts: tpcds_partitioned_parquet_snap.customer.c_current_hdemo_sk = tpcds_partitioned_parquet_snap.household_demographics.hd_demo_sk
|  |  |  mem-estimate=0B mem-reservation=0B spill-buffer=64.00KB thread-reservation=0
|  |  |  tuple-ids=0,2 row-size=240B cardinality=2.32M(filtered from 2.93M) cost=1125997
|  |  |  in pipelines: 00(GETNEXT), 01(OPEN)
|  |  |
|  |  |--F13:PLAN FRAGMENT [RANDOM] hosts=10 instances=10
|  |  |  |  Per-Instance Resources: mem-estimate=2.99MB mem-reservation=2.94MB thread-reservation=1 runtime-filters-memory=1.00MB
|  |  |  |  max-parallelism=10 segment-costs=[1670]
|  |  |  JOIN BUILD
|  |  |  |  join-table-id=03 plan-id=04 cohort-id=03
|  |  |  |  build expressions: tpcds_partitioned_parquet_snap.household_demographics.hd_demo_sk
|  |  |  |  runtime filters: RF010[bloom] <- tpcds_partitioned_parquet_snap.household_demographics.hd_demo_sk, RF011[min_max] <- tpcds_partitioned_parquet_snap.household_demographics.hd_demo_sk
|  |  |  |  mem-estimate=1.94MB mem-reservation=1.94MB spill-buffer=64.00KB thread-reservation=0 cost=720
|  |  |  |
|  |  |  17:EXCHANGE [BROADCAST]
|  |  |  |  mem-estimate=52.73KB mem-reservation=0B thread-reservation=0
|  |  |  |  tuple-ids=2 row-size=36B cardinality=720 cost=950
|  |  |  |  in pipelines: 01(GETNEXT)
|  |  |  |
|  |  |  F05:PLAN FRAGMENT [RANDOM] hosts=1 instances=1
|  |  |  Per-Instance Resources: mem-estimate=16.15MB mem-reservation=64.00KB thread-reservation=1
|  |  |  max-parallelism=1 segment-costs=[2722]
|  |  |  01:SCAN HDFS [tpcds_partitioned_parquet_snap.household_demographics, RANDOM]
|  |  |     HDFS partitions=1/1 files=1 size=41.69KB
|  |  |     predicates: like(tpcds_partitioned_parquet_snap.household_demographics.hd_buy_potential, '5001-10000%')
|  |  |     stored statistics:
|  |  |       table: rows=7.20K size=41.69KB
|  |  |       columns: all
|  |  |     extrapolated-rows=disabled max-scan-range-rows=7.20K
|  |  |     parquet dictionary predicates: like(tpcds_partitioned_parquet_snap.household_demographics.hd_buy_potential, '5001-10000%')
|  |  |     mem-estimate=16.00MB mem-reservation=64.00KB thread-reservation=0
|  |  |     tuple-ids=2 row-size=36B cardinality=720 cost=2638
|  |  |     in pipelines: 01(GETNEXT)
|  |  |
|  |  00:SCAN HDFS [tpcds_partitioned_parquet_snap.customer, RANDOM]
|  |     HDFS partitions=1/1 files=1 size=1.55GB
|  |     runtime filters: RF009[min_max] -> tpcds_partitioned_parquet_snap.customer.c_current_cdemo_sk, RF011[min_max] -> tpcds_partitioned_parquet_snap.customer.c_current_hdemo_sk, RF008[bloom] -> tpcds_partitioned_parquet_snap.customer.c_current_cdemo_sk, RF010[bloom] -> tpcds_partitioned_parquet_snap.customer.c_current_hdemo_sk
|  |     stored statistics:
|  |       table: rows=30.00M size=1.55GB
|  |       columns: all
|  |     extrapolated-rows=disabled max-scan-range-rows=3.10M
|  |     mem-estimate=16.00MB mem-reservation=1.00MB thread-reservation=0
|  |     tuple-ids=0 row-size=204B cardinality=2.32M(filtered from 30.00M) cost=46823813
|  |     in pipelines: 00(GETNEXT)
|  |
|  19:EXCHANGE [HASH(tpcds_partitioned_parquet_snap.customer_address.ca_address_sk)]
|  |  mem-estimate=12.30MB mem-reservation=0B thread-reservation=0
|  |  tuple-ids=6 row-size=232B cardinality=226.57K(filtered from 2.43M) cost=266562
|  |  in pipelines: 05(GETNEXT)
|  |
|  F03:PLAN FRAGMENT [RANDOM] hosts=10 instances=10
|  Per-Host Shared Resources: mem-estimate=1.00MB mem-reservation=1.00MB thread-reservation=0 runtime-filters-memory=1.00MB
|  Per-Instance Resources: mem-estimate=25.20MB mem-reservation=128.00KB thread-reservation=1
|  max-parallelism=10 segment-costs=[25432905]
|  05:SCAN HDFS [tpcds_partitioned_parquet_snap.customer_address, RANDOM]
|     HDFS partitions=1/1 files=1 size=307.36MB
|     predicates: CAST(tpcds_partitioned_parquet_snap.customer_address.ca_gmt_offset AS DECIMAL(12,2)) = CAST(-6 AS DECIMAL(12,2))
|     runtime filters: RF007[min_max] -> tpcds_partitioned_parquet_snap.customer_address.ca_address_sk, RF006[bloom] -> tpcds_partitioned_parquet_snap.customer_address.ca_address_sk
|     stored statistics:
|       table: rows=15.00M size=307.36MB
|       columns: all
|     extrapolated-rows=disabled max-scan-range-rows=1.58M
|     parquet dictionary predicates: CAST(tpcds_partitioned_parquet_snap.customer_address.ca_gmt_offset AS DECIMAL(12,2)) = CAST(-6 AS DECIMAL(12,2))
|     mem-estimate=16.00MB mem-reservation=128.00KB thread-reservation=0
|     tuple-ids=6 row-size=232B cardinality=226.57K(filtered from 2.43M) cost=21936706
|     in pipelines: 05(GETNEXT)
|
11:HASH JOIN [INNER JOIN, BROADCAST]
|  hash-table-id=04
|  hash predicates: tpcds_partitioned_parquet_snap.catalog_returns.cr_returned_date_sk = tpcds_partitioned_parquet_snap.date_dim.d_date_sk
|  fk/pk conjuncts: tpcds_partitioned_parquet_snap.catalog_returns.cr_returned_date_sk = tpcds_partitioned_parquet_snap.date_dim.d_date_sk
|  mem-estimate=0B mem-reservation=0B spill-buffer=64.00KB thread-reservation=0
|  tuple-ids=8,10,12 row-size=859B cardinality=545.46K(filtered from 22.65M) cost=4243987
|  in pipelines: 07(GETNEXT), 10(OPEN)
|
|--F14:PLAN FRAGMENT [RANDOM] hosts=10 instances=10
|  |  Per-Instance Resources: mem-estimate=4.92MB mem-reservation=4.88MB thread-reservation=1 runtime-filters-memory=1.00MB
|  |  max-parallelism=10 segment-costs=[248]
|  JOIN BUILD
|  |  join-table-id=04 plan-id=05 cohort-id=01
|  |  build expressions: tpcds_partitioned_parquet_snap.date_dim.d_date_sk
|  |  runtime filters: RF002[bloom] <- tpcds_partitioned_parquet_snap.date_dim.d_date_sk
|  |  mem-estimate=3.88MB mem-reservation=3.88MB spill-buffer=64.00KB thread-reservation=0 cost=108
|  |
|  16:EXCHANGE [BROADCAST]
|  |  mem-estimate=50.45KB mem-reservation=0B thread-reservation=0
|  |  tuple-ids=12 row-size=237B cardinality=108 cost=140
|  |  in pipelines: 10(GETNEXT)
|  |
|  F02:PLAN FRAGMENT [RANDOM] hosts=1 instances=1
|  Per-Instance Resources: mem-estimate=16.94MB mem-reservation=4.00MB thread-reservation=1
|  max-parallelism=1 segment-costs=[114776]
|  10:SCAN HDFS [tpcds_partitioned_parquet_snap.date_dim, RANDOM]
|     HDFS partitions=1/1 files=1 size=2.17MB
|     predicates: tpcds_partitioned_parquet_snap.date_dim.d_year = CAST(2002 AS INT), tpcds_partitioned_parquet_snap.date_dim.d_moy = CAST(11 AS INT)
|     stored statistics:
|       table: rows=73.05K size=2.17MB
|       columns: all
|     extrapolated-rows=disabled max-scan-range-rows=73.05K
|     parquet statistics predicates: tpcds_partitioned_parquet_snap.date_dim.d_year = CAST(2002 AS INT), tpcds_partitioned_parquet_snap.date_dim.d_moy = CAST(11 AS INT)
|     parquet dictionary predicates: tpcds_partitioned_parquet_snap.date_dim.d_year = CAST(2002 AS INT), tpcds_partitioned_parquet_snap.date_dim.d_moy = CAST(11 AS INT)
|     mem-estimate=16.00MB mem-reservation=4.00MB thread-reservation=0
|     tuple-ids=12 row-size=237B cardinality=108 cost=114705
|     in pipelines: 10(GETNEXT)
|
09:HASH JOIN [INNER JOIN, BROADCAST]
|  hash-table-id=05
|  hash predicates: tpcds_partitioned_parquet_snap.catalog_returns.cr_call_center_sk = tpcds_partitioned_parquet_snap.call_center.cc_call_center_sk
|  fk/pk conjuncts: tpcds_partitioned_parquet_snap.catalog_returns.cr_call_center_sk = tpcds_partitioned_parquet_snap.call_center.cc_call_center_sk
|  mem-estimate=0B mem-reservation=0B spill-buffer=64.00KB thread-reservation=0
|  tuple-ids=8,10 row-size=622B cardinality=545.46K(filtered from 432.02M) cost=78421389
|  in pipelines: 07(GETNEXT), 08(OPEN)
|
|--F15:PLAN FRAGMENT [RANDOM] hosts=10 instances=10
|  |  Per-Instance Resources: mem-estimate=4.92MB mem-reservation=4.88MB thread-reservation=1 runtime-filters-memory=1.00MB
|  |  max-parallelism=10 segment-costs=[108]
|  JOIN BUILD
|  |  join-table-id=05 plan-id=06 cohort-id=01
|  |  build expressions: tpcds_partitioned_parquet_snap.call_center.cc_call_center_sk
|  |  runtime filters: RF004[bloom] <- tpcds_partitioned_parquet_snap.call_center.cc_call_center_sk, RF005[min_max] <- tpcds_partitioned_parquet_snap.call_center.cc_call_center_sk
|  |  mem-estimate=3.88MB mem-reservation=3.88MB spill-buffer=64.00KB thread-reservation=0 cost=48
|  |
|  15:EXCHANGE [BROADCAST]
|  |  mem-estimate=48.01KB mem-reservation=0B thread-reservation=0
|  |  tuple-ids=10 row-size=510B cardinality=48 cost=60
|  |  in pipelines: 08(GETNEXT)
|  |
|  F01:PLAN FRAGMENT [RANDOM] hosts=1 instances=1
|  Per-Instance Resources: mem-estimate=18.01MB mem-reservation=248.00KB thread-reservation=1
|  max-parallelism=1 segment-costs=[261]
|  08:SCAN HDFS [tpcds_partitioned_parquet_snap.call_center, RANDOM]
|     HDFS partitions=1/1 files=1 size=16.57KB
|     stored statistics:
|       table: rows=48 size=16.57KB
|       columns: all
|     extrapolated-rows=disabled max-scan-range-rows=48
|     mem-estimate=16.00MB mem-reservation=248.00KB thread-reservation=0
|     tuple-ids=10 row-size=510B cardinality=48 cost=194
|     in pipelines: 08(GETNEXT)
|
07:SCAN HDFS [tpcds_partitioned_parquet_snap.catalog_returns, RANDOM]
   HDFS partitions=2060/2060 files=2060 size=32.77GB
   runtime filters: RF001[min_max] -> tpcds_partitioned_parquet_snap.catalog_returns.cr_returning_customer_sk, RF005[min_max] -> tpcds_partitioned_parquet_snap.catalog_returns.cr_call_center_sk, RF000[bloom] -> tpcds_partitioned_parquet_snap.catalog_returns.cr_returning_customer_sk, RF002[bloom] -> tpcds_partitioned_parquet_snap.catalog_returns.cr_returned_date_sk, RF004[bloom] -> tpcds_partitioned_parquet_snap.catalog_returns.cr_call_center_sk
   stored statistics:
     table: rows=432.02M size=32.77GB
     partitions: 2060/2060 rows=432.02M
     columns: all
   extrapolated-rows=disabled max-scan-range-rows=416.82K est-scan-range=109(filtered from 2060)
   mem-estimate=16.00MB mem-reservation=208.00KB thread-reservation=0
   tuple-ids=8 row-size=112B cardinality=545.46K(filtered from 432.02M) cost=36529008
   in pipelines: 07(GETNEXT)
====
