# TPCDS-Q39b
with inv as
(select w_warehouse_name,w_warehouse_sk,i_item_sk,d_moy
       ,stdev,mean, case mean when 0 then null else stdev/mean end cov
 from(select w_warehouse_name,w_warehouse_sk,i_item_sk,d_moy
            ,stddev_samp(inv_quantity_on_hand) stdev,avg(inv_quantity_on_hand) mean
      from inventory
          ,item
          ,warehouse
          ,date_dim
      where inv_item_sk = i_item_sk
        and inv_warehouse_sk = w_warehouse_sk
        and inv_date_sk = d_date_sk
        and d_year =1998
      group by w_warehouse_name,w_warehouse_sk,i_item_sk,d_moy) foo
 where case mean when 0 then 0 else stdev/mean end > 1)
select inv1.w_warehouse_sk,inv1.i_item_sk,inv1.d_moy,inv1.mean, inv1.cov
        ,inv2.w_warehouse_sk,inv2.i_item_sk,inv2.d_moy,inv2.mean, inv2.cov
from inv inv1,inv inv2
where inv1.i_item_sk = inv2.i_item_sk
  and inv1.w_warehouse_sk =  inv2.w_warehouse_sk
  and inv1.d_moy=4
  and inv2.d_moy=4+1
  and inv1.cov > 1.5
order by inv1.w_warehouse_sk,inv1.i_item_sk,inv1.d_moy,inv1.mean,inv1.cov
        ,inv2.d_moy,inv2.mean, inv2.cov


# end query 39 in stream 0 using template query39.tpl
---- PLAN
Max Per-Host Resource Reservation: Memory=152.25MB Threads=1
Per-Host Resource Estimates: Memory=19.88GB
F00:PLAN FRAGMENT [UNPARTITIONED] hosts=1 instances=1
|  Per-Instance Resources: mem-estimate=19.88GB mem-reservation=152.25MB thread-reservation=1 runtime-filters-memory=8.00MB
|  max-parallelism=1 segment-costs=[7766592976, 7766592976, 116536585, 272230848]
PLAN-ROOT SINK
|  output exprs: tpcds_partitioned_parquet_snap.warehouse_0.w_warehouse_sk, tpcds_partitioned_parquet_snap.item_0.i_item_sk, tpcds_partitioned_parquet_snap.date_dim_0.d_moy, avg(tpcds_partitioned_parquet_snap.inventory_0.inv_quantity_on_hand), CASE WHEN avg(tpcds_partitioned_parquet_snap.inventory_0.inv_quantity_on_hand) = CAST(0 AS DOUBLE) THEN NULL ELSE divide(stddev_samp(tpcds_partitioned_parquet_snap.inventory_0.inv_quantity_on_hand), avg(tpcds_partitioned_parquet_snap.inventory_0.inv_quantity_on_hand)) END, tpcds_partitioned_parquet_snap.warehouse.w_warehouse_sk, tpcds_partitioned_parquet_snap.item.i_item_sk, tpcds_partitioned_parquet_snap.date_dim.d_moy, avg(tpcds_partitioned_parquet_snap.inventory.inv_quantity_on_hand), CASE WHEN avg(tpcds_partitioned_parquet_snap.inventory.inv_quantity_on_hand) = CAST(0 AS DOUBLE) THEN NULL ELSE divide(stddev_samp(tpcds_partitioned_parquet_snap.inventory.inv_quantity_on_hand), avg(tpcds_partitioned_parquet_snap.inventory.inv_quantity_on_hand)) END
|  mem-estimate=100.00MB mem-reservation=4.00MB spill-buffer=2.00MB thread-reservation=0 cost=272230848
|
17:SORT
|  order by: tpcds_partitioned_parquet_snap.warehouse_0.w_warehouse_sk ASC NULLS LAST, tpcds_partitioned_parquet_snap.item_0.i_item_sk ASC NULLS LAST, avg(tpcds_partitioned_parquet_snap.inventory_0.inv_quantity_on_hand) ASC NULLS LAST, CASE WHEN avg(tpcds_partitioned_parquet_snap.inventory_0.inv_quantity_on_hand) = 0 THEN NULL ELSE divide(stddev_samp(tpcds_partitioned_parquet_snap.inventory_0.inv_quantity_on_hand), avg(tpcds_partitioned_parquet_snap.inventory_0.inv_quantity_on_hand)) END ASC NULLS LAST, avg(tpcds_partitioned_parquet_snap.inventory.inv_quantity_on_hand) ASC NULLS LAST, CASE WHEN avg(tpcds_partitioned_parquet_snap.inventory.inv_quantity_on_hand) = 0 THEN NULL ELSE divide(stddev_samp(tpcds_partitioned_parquet_snap.inventory.inv_quantity_on_hand), avg(tpcds_partitioned_parquet_snap.inventory.inv_quantity_on_hand)) END ASC NULLS LAST
|  mem-estimate=1.42GB mem-reservation=6.00MB spill-buffer=2.00MB thread-reservation=0
|  tuple-ids=20 row-size=56B cardinality=27.22M cost=77397955
|  in pipelines: 17(GETNEXT), 07(OPEN)
|
16:HASH JOIN [INNER JOIN]
|  hash predicates: tpcds_partitioned_parquet_snap.item.i_item_sk = tpcds_partitioned_parquet_snap.item_0.i_item_sk, tpcds_partitioned_parquet_snap.warehouse.w_warehouse_sk = tpcds_partitioned_parquet_snap.warehouse_0.w_warehouse_sk
|  fk/pk conjuncts: tpcds_partitioned_parquet_snap.item.i_item_sk = tpcds_partitioned_parquet_snap.item_0.i_item_sk, tpcds_partitioned_parquet_snap.warehouse.w_warehouse_sk = tpcds_partitioned_parquet_snap.warehouse_0.w_warehouse_sk
|  runtime filters: RF000[bloom] <- tpcds_partitioned_parquet_snap.item_0.i_item_sk, RF001[bloom] <- tpcds_partitioned_parquet_snap.warehouse_0.w_warehouse_sk, RF002[min_max] <- tpcds_partitioned_parquet_snap.item_0.i_item_sk, RF003[min_max] <- tpcds_partitioned_parquet_snap.warehouse_0.w_warehouse_sk
|  mem-estimate=2.46GB mem-reservation=34.00MB spill-buffer=2.00MB thread-reservation=0
|  tuple-ids=9,19 row-size=112B cardinality=27.22M cost=39138630
|  in pipelines: 07(GETNEXT), 15(OPEN)
|
|--15:AGGREGATE [FINALIZE]
|  |  output: stddev_samp(tpcds_partitioned_parquet_snap.inventory_0.inv_quantity_on_hand), avg(CAST(tpcds_partitioned_parquet_snap.inventory_0.inv_quantity_on_hand AS BIGINT))
|  |  group by: tpcds_partitioned_parquet_snap.warehouse_0.w_warehouse_name, tpcds_partitioned_parquet_snap.warehouse_0.w_warehouse_sk, tpcds_partitioned_parquet_snap.item_0.i_item_sk, tpcds_partitioned_parquet_snap.date_dim_0.d_moy
|  |  having: tpcds_partitioned_parquet_snap.date_dim_0.d_moy = CAST(4 AS INT), CASE WHEN avg(tpcds_partitioned_parquet_snap.inventory_0.inv_quantity_on_hand) = CAST(0 AS DOUBLE) THEN CAST(0 AS DOUBLE) ELSE divide(stddev_samp(tpcds_partitioned_parquet_snap.inventory_0.inv_quantity_on_hand), avg(tpcds_partitioned_parquet_snap.inventory_0.inv_quantity_on_hand)) END > CAST(1 AS DOUBLE), CASE WHEN avg(tpcds_partitioned_parquet_snap.inventory_0.inv_quantity_on_hand) = CAST(0 AS DOUBLE) THEN NULL ELSE divide(stddev_samp(tpcds_partitioned_parquet_snap.inventory_0.inv_quantity_on_hand), avg(tpcds_partitioned_parquet_snap.inventory_0.inv_quantity_on_hand)) END > CAST(1.5 AS DOUBLE)
|  |  mem-estimate=8.62GB mem-reservation=34.00MB spill-buffer=2.00MB thread-reservation=0
|  |  tuple-ids=19 row-size=56B cardinality=27.22M cost=6169955482
|  |  in pipelines: 15(GETNEXT), 08(OPEN)
|  |
|  14:HASH JOIN [INNER JOIN]
|  |  hash predicates: tpcds_partitioned_parquet_snap.inventory_0.inv_item_sk = tpcds_partitioned_parquet_snap.item_0.i_item_sk
|  |  fk/pk conjuncts: tpcds_partitioned_parquet_snap.inventory_0.inv_item_sk = tpcds_partitioned_parquet_snap.item_0.i_item_sk
|  |  runtime filters: RF010[bloom] <- tpcds_partitioned_parquet_snap.item_0.i_item_sk, RF011[min_max] <- tpcds_partitioned_parquet_snap.item_0.i_item_sk
|  |  mem-estimate=151.22MB mem-reservation=34.00MB spill-buffer=2.00MB thread-reservation=0
|  |  tuple-ids=10,12,14,16 row-size=903B cardinality=1.03G cost=452523130
|  |  in pipelines: 08(GETNEXT), 13(OPEN)
|  |
|  |--13:SCAN HDFS [tpcds_partitioned_parquet_snap.item]
|  |     HDFS partitions=1/1 files=1 size=33.54MB
|  |     stored statistics:
|  |       table: rows=360.00K size=33.54MB
|  |       columns: all
|  |     extrapolated-rows=disabled max-scan-range-rows=101.54K
|  |     mem-estimate=16.00MB mem-reservation=512.00KB thread-reservation=0
|  |     tuple-ids=16 row-size=405B cardinality=360.00K cost=1355609
|  |     in pipelines: 13(GETNEXT)
|  |
|  12:HASH JOIN [INNER JOIN]
|  |  hash predicates: tpcds_partitioned_parquet_snap.inventory_0.inv_date_sk = tpcds_partitioned_parquet_snap.date_dim_0.d_date_sk
|  |  fk/pk conjuncts: tpcds_partitioned_parquet_snap.inventory_0.inv_date_sk = tpcds_partitioned_parquet_snap.date_dim_0.d_date_sk
|  |  runtime filters: RF012[bloom] <- tpcds_partitioned_parquet_snap.date_dim_0.d_date_sk
|  |  mem-estimate=1.94MB mem-reservation=1.94MB spill-buffer=64.00KB thread-reservation=0
|  |  tuple-ids=10,12,14 row-size=497B cardinality=1.03G(filtered from 1.03G) cost=452257097
|  |  in pipelines: 08(GETNEXT), 11(OPEN)
|  |
|  |--11:SCAN HDFS [tpcds_partitioned_parquet_snap.date_dim]
|  |     HDFS partitions=1/1 files=1 size=2.17MB
|  |     predicates: tpcds_partitioned_parquet_snap.date_dim_0.d_year = CAST(1998 AS INT)
|  |     stored statistics:
|  |       table: rows=73.05K size=2.17MB
|  |       columns: all
|  |     extrapolated-rows=disabled max-scan-range-rows=73.05K
|  |     parquet statistics predicates: tpcds_partitioned_parquet_snap.date_dim_0.d_year = CAST(1998 AS INT)
|  |     parquet dictionary predicates: tpcds_partitioned_parquet_snap.date_dim_0.d_year = CAST(1998 AS INT)
|  |     mem-estimate=16.00MB mem-reservation=4.00MB thread-reservation=0
|  |     tuple-ids=14 row-size=237B cardinality=373 cost=112653
|  |     in pipelines: 11(GETNEXT)
|  |
|  10:HASH JOIN [INNER JOIN]
|  |  hash predicates: tpcds_partitioned_parquet_snap.inventory_0.inv_warehouse_sk = tpcds_partitioned_parquet_snap.warehouse_0.w_warehouse_sk
|  |  fk/pk conjuncts: tpcds_partitioned_parquet_snap.inventory_0.inv_warehouse_sk = tpcds_partitioned_parquet_snap.warehouse_0.w_warehouse_sk
|  |  runtime filters: RF014[bloom] <- tpcds_partitioned_parquet_snap.warehouse_0.w_warehouse_sk, RF015[min_max] <- tpcds_partitioned_parquet_snap.warehouse_0.w_warehouse_sk
|  |  mem-estimate=1.94MB mem-reservation=1.94MB spill-buffer=64.00KB thread-reservation=0
|  |  tuple-ids=10,12 row-size=260B cardinality=1.03G(filtered from 1.03G) cost=452256746
|  |  in pipelines: 08(GETNEXT), 09(OPEN)
|  |
|  |--09:SCAN HDFS [tpcds_partitioned_parquet_snap.warehouse]
|  |     HDFS partitions=1/1 files=1 size=5.99KB
|  |     stored statistics:
|  |       table: rows=22 size=5.99KB
|  |       columns: all
|  |     extrapolated-rows=disabled max-scan-range-rows=22
|  |     mem-estimate=16.00MB mem-reservation=112.00KB thread-reservation=0
|  |     tuple-ids=12 row-size=244B cardinality=22 cost=35
|  |     in pipelines: 09(GETNEXT)
|  |
|  08:SCAN HDFS [tpcds_partitioned_parquet_snap.inventory]
|     HDFS partitions=261/261 files=261 size=5.10GB
|     runtime filters: RF011[min_max] -> tpcds_partitioned_parquet_snap.inventory_0.inv_item_sk, RF015[min_max] -> tpcds_partitioned_parquet_snap.inventory_0.inv_warehouse_sk, RF010[bloom] -> tpcds_partitioned_parquet_snap.inventory_0.inv_item_sk, RF012[bloom] -> tpcds_partitioned_parquet_snap.inventory_0.inv_date_sk, RF014[bloom] -> tpcds_partitioned_parquet_snap.inventory_0.inv_warehouse_sk
|     stored statistics:
|       table: rows=1.03G size=5.10GB
|       partitions: 261/261 rows=1.03G
|       columns: all
|     extrapolated-rows=disabled max-scan-range-rows=3.99M
|     mem-estimate=16.00MB mem-reservation=256.00KB thread-reservation=0
|     tuple-ids=10 row-size=16B cardinality=1.03G(filtered from 1.03G) cost=238132224
|     in pipelines: 08(GETNEXT)
|
07:AGGREGATE [FINALIZE]
|  output: stddev_samp(tpcds_partitioned_parquet_snap.inventory.inv_quantity_on_hand), avg(CAST(tpcds_partitioned_parquet_snap.inventory.inv_quantity_on_hand AS BIGINT))
|  group by: tpcds_partitioned_parquet_snap.warehouse.w_warehouse_name, tpcds_partitioned_parquet_snap.warehouse.w_warehouse_sk, tpcds_partitioned_parquet_snap.item.i_item_sk, tpcds_partitioned_parquet_snap.date_dim.d_moy
|  having: tpcds_partitioned_parquet_snap.date_dim.d_moy = CAST(add(CAST(4 AS SMALLINT), CAST(1 AS SMALLINT)) AS INT), CASE WHEN avg(tpcds_partitioned_parquet_snap.inventory.inv_quantity_on_hand) = CAST(0 AS DOUBLE) THEN CAST(0 AS DOUBLE) ELSE divide(stddev_samp(tpcds_partitioned_parquet_snap.inventory.inv_quantity_on_hand), avg(tpcds_partitioned_parquet_snap.inventory.inv_quantity_on_hand)) END > CAST(1 AS DOUBLE)
|  mem-estimate=8.62GB mem-reservation=34.00MB spill-buffer=2.00MB thread-reservation=0
|  tuple-ids=9 row-size=56B cardinality=27.22M cost=6169955482
|  in pipelines: 07(GETNEXT), 00(OPEN)
|
06:HASH JOIN [INNER JOIN]
|  hash predicates: tpcds_partitioned_parquet_snap.inventory.inv_item_sk = tpcds_partitioned_parquet_snap.item.i_item_sk
|  fk/pk conjuncts: tpcds_partitioned_parquet_snap.inventory.inv_item_sk = tpcds_partitioned_parquet_snap.item.i_item_sk
|  runtime filters: RF004[bloom] <- tpcds_partitioned_parquet_snap.item.i_item_sk, RF005[min_max] <- tpcds_partitioned_parquet_snap.item.i_item_sk
|  mem-estimate=151.22MB mem-reservation=34.00MB spill-buffer=2.00MB thread-reservation=0
|  tuple-ids=0,2,4,6 row-size=903B cardinality=1.03G cost=452523130
|  in pipelines: 00(GETNEXT), 05(OPEN)
|
|--05:SCAN HDFS [tpcds_partitioned_parquet_snap.item]
|     HDFS partitions=1/1 files=1 size=33.54MB
|     runtime filters: RF002[min_max] -> tpcds_partitioned_parquet_snap.item.i_item_sk, RF000[bloom] -> tpcds_partitioned_parquet_snap.item.i_item_sk
|     stored statistics:
|       table: rows=360.00K size=33.54MB
|       columns: all
|     extrapolated-rows=disabled max-scan-range-rows=101.54K
|     mem-estimate=16.00MB mem-reservation=512.00KB thread-reservation=0
|     tuple-ids=6 row-size=405B cardinality=360.00K cost=1355609
|     in pipelines: 05(GETNEXT)
|
04:HASH JOIN [INNER JOIN]
|  hash predicates: tpcds_partitioned_parquet_snap.inventory.inv_date_sk = tpcds_partitioned_parquet_snap.date_dim.d_date_sk
|  fk/pk conjuncts: tpcds_partitioned_parquet_snap.inventory.inv_date_sk = tpcds_partitioned_parquet_snap.date_dim.d_date_sk
|  runtime filters: RF006[bloom] <- tpcds_partitioned_parquet_snap.date_dim.d_date_sk
|  mem-estimate=1.94MB mem-reservation=1.94MB spill-buffer=64.00KB thread-reservation=0
|  tuple-ids=0,2,4 row-size=497B cardinality=1.03G(filtered from 1.03G) cost=452257097
|  in pipelines: 00(GETNEXT), 03(OPEN)
|
|--03:SCAN HDFS [tpcds_partitioned_parquet_snap.date_dim]
|     HDFS partitions=1/1 files=1 size=2.17MB
|     predicates: tpcds_partitioned_parquet_snap.date_dim.d_year = CAST(1998 AS INT)
|     stored statistics:
|       table: rows=73.05K size=2.17MB
|       columns: all
|     extrapolated-rows=disabled max-scan-range-rows=73.05K
|     parquet statistics predicates: tpcds_partitioned_parquet_snap.date_dim.d_year = CAST(1998 AS INT)
|     parquet dictionary predicates: tpcds_partitioned_parquet_snap.date_dim.d_year = CAST(1998 AS INT)
|     mem-estimate=16.00MB mem-reservation=4.00MB thread-reservation=0
|     tuple-ids=4 row-size=237B cardinality=373 cost=112653
|     in pipelines: 03(GETNEXT)
|
02:HASH JOIN [INNER JOIN]
|  hash predicates: tpcds_partitioned_parquet_snap.inventory.inv_warehouse_sk = tpcds_partitioned_parquet_snap.warehouse.w_warehouse_sk
|  fk/pk conjuncts: tpcds_partitioned_parquet_snap.inventory.inv_warehouse_sk = tpcds_partitioned_parquet_snap.warehouse.w_warehouse_sk
|  runtime filters: RF008[bloom] <- tpcds_partitioned_parquet_snap.warehouse.w_warehouse_sk, RF009[min_max] <- tpcds_partitioned_parquet_snap.warehouse.w_warehouse_sk
|  mem-estimate=1.94MB mem-reservation=1.94MB spill-buffer=64.00KB thread-reservation=0
|  tuple-ids=0,2 row-size=260B cardinality=1.03G(filtered from 1.03G) cost=452256746
|  in pipelines: 00(GETNEXT), 01(OPEN)
|
|--01:SCAN HDFS [tpcds_partitioned_parquet_snap.warehouse]
|     HDFS partitions=1/1 files=1 size=5.99KB
|     runtime filters: RF003[min_max] -> tpcds_partitioned_parquet_snap.warehouse.w_warehouse_sk, RF001[bloom] -> tpcds_partitioned_parquet_snap.warehouse.w_warehouse_sk
|     stored statistics:
|       table: rows=22 size=5.99KB
|       columns: all
|     extrapolated-rows=disabled max-scan-range-rows=22
|     mem-estimate=16.00MB mem-reservation=112.00KB thread-reservation=0
|     tuple-ids=2 row-size=244B cardinality=22 cost=35
|     in pipelines: 01(GETNEXT)
|
00:SCAN HDFS [tpcds_partitioned_parquet_snap.inventory]
   HDFS partitions=261/261 files=261 size=5.10GB
   runtime filters: RF005[min_max] -> tpcds_partitioned_parquet_snap.inventory.inv_item_sk, RF002[min_max] -> tpcds_partitioned_parquet_snap.inventory.inv_item_sk, RF003[min_max] -> tpcds_partitioned_parquet_snap.inventory.inv_warehouse_sk, RF009[min_max] -> tpcds_partitioned_parquet_snap.inventory.inv_warehouse_sk, RF004[bloom] -> tpcds_partitioned_parquet_snap.inventory.inv_item_sk, RF000[bloom] -> tpcds_partitioned_parquet_snap.inventory.inv_item_sk, RF001[bloom] -> tpcds_partitioned_parquet_snap.inventory.inv_warehouse_sk, RF006[bloom] -> tpcds_partitioned_parquet_snap.inventory.inv_date_sk, RF008[bloom] -> tpcds_partitioned_parquet_snap.inventory.inv_warehouse_sk
   stored statistics:
     table: rows=1.03G size=5.10GB
     partitions: 261/261 rows=1.03G
     columns: all
   extrapolated-rows=disabled max-scan-range-rows=3.99M
   mem-estimate=16.00MB mem-reservation=256.00KB thread-reservation=0
   tuple-ids=0 row-size=16B cardinality=1.03G(filtered from 1.03G) cost=238132224
   in pipelines: 00(GETNEXT)
---- DISTRIBUTEDPLAN
Max Per-Host Resource Reservation: Memory=2.56GB Threads=63
Per-Host Resource Estimates: Memory=25.04GB
F11:PLAN FRAGMENT [UNPARTITIONED] hosts=1 instances=1
|  Per-Instance Resources: mem-estimate=200.59MB mem-reservation=4.00MB thread-reservation=1
|  max-parallelism=1 segment-costs=[282164552] cpu-comparison-result=240 [max(1 (self) vs 240 (sum children))]
PLAN-ROOT SINK
|  output exprs: tpcds_partitioned_parquet_snap.warehouse_0.w_warehouse_sk, tpcds_partitioned_parquet_snap.item_0.i_item_sk, tpcds_partitioned_parquet_snap.date_dim_0.d_moy, avg(tpcds_partitioned_parquet_snap.inventory_0.inv_quantity_on_hand), CASE WHEN avg(tpcds_partitioned_parquet_snap.inventory_0.inv_quantity_on_hand) = CAST(0 AS DOUBLE) THEN NULL ELSE divide(stddev_samp(tpcds_partitioned_parquet_snap.inventory_0.inv_quantity_on_hand), avg(tpcds_partitioned_parquet_snap.inventory_0.inv_quantity_on_hand)) END, tpcds_partitioned_parquet_snap.warehouse.w_warehouse_sk, tpcds_partitioned_parquet_snap.item.i_item_sk, tpcds_partitioned_parquet_snap.date_dim.d_moy, avg(tpcds_partitioned_parquet_snap.inventory.inv_quantity_on_hand), CASE WHEN avg(tpcds_partitioned_parquet_snap.inventory.inv_quantity_on_hand) = CAST(0 AS DOUBLE) THEN NULL ELSE divide(stddev_samp(tpcds_partitioned_parquet_snap.inventory.inv_quantity_on_hand), avg(tpcds_partitioned_parquet_snap.inventory.inv_quantity_on_hand)) END
|  mem-estimate=100.00MB mem-reservation=4.00MB spill-buffer=2.00MB thread-reservation=0 cost=272230848
|
30:MERGING-EXCHANGE [UNPARTITIONED]
|  order by: tpcds_partitioned_parquet_snap.warehouse_0.w_warehouse_sk ASC NULLS LAST, tpcds_partitioned_parquet_snap.item_0.i_item_sk ASC NULLS LAST, avg(tpcds_partitioned_parquet_snap.inventory_0.inv_quantity_on_hand) ASC NULLS LAST, CASE WHEN avg(tpcds_partitioned_parquet_snap.inventory_0.inv_quantity_on_hand) = 0 THEN NULL ELSE divide(stddev_samp(tpcds_partitioned_parquet_snap.inventory_0.inv_quantity_on_hand), avg(tpcds_partitioned_parquet_snap.inventory_0.inv_quantity_on_hand)) END ASC NULLS LAST, avg(tpcds_partitioned_parquet_snap.inventory.inv_quantity_on_hand) ASC NULLS LAST, CASE WHEN avg(tpcds_partitioned_parquet_snap.inventory.inv_quantity_on_hand) = 0 THEN NULL ELSE divide(stddev_samp(tpcds_partitioned_parquet_snap.inventory.inv_quantity_on_hand), avg(tpcds_partitioned_parquet_snap.inventory.inv_quantity_on_hand)) END ASC NULLS LAST
|  mem-estimate=100.59MB mem-reservation=0B thread-reservation=0
|  tuple-ids=20 row-size=56B cardinality=27.22M cost=9933704
|  in pipelines: 17(GETNEXT)
|
F10:PLAN FRAGMENT [HASH(tpcds_partitioned_parquet_snap.item.i_item_sk,tpcds_partitioned_parquet_snap.warehouse.w_warehouse_sk)] hosts=10 instances=10 (adjusted from 120)
Per-Instance Resources: mem-estimate=162.42MB mem-reservation=6.00MB thread-reservation=1
max-parallelism=10 segment-costs=[99356613, 48497927] cpu-comparison-result=240 [max(10 (self) vs 240 (sum children))]
17:SORT
|  order by: tpcds_partitioned_parquet_snap.warehouse_0.w_warehouse_sk ASC NULLS LAST, tpcds_partitioned_parquet_snap.item_0.i_item_sk ASC NULLS LAST, avg(tpcds_partitioned_parquet_snap.inventory_0.inv_quantity_on_hand) ASC NULLS LAST, CASE WHEN avg(tpcds_partitioned_parquet_snap.inventory_0.inv_quantity_on_hand) = 0 THEN NULL ELSE divide(stddev_samp(tpcds_partitioned_parquet_snap.inventory_0.inv_quantity_on_hand), avg(tpcds_partitioned_parquet_snap.inventory_0.inv_quantity_on_hand)) END ASC NULLS LAST, avg(tpcds_partitioned_parquet_snap.inventory.inv_quantity_on_hand) ASC NULLS LAST, CASE WHEN avg(tpcds_partitioned_parquet_snap.inventory.inv_quantity_on_hand) = 0 THEN NULL ELSE divide(stddev_samp(tpcds_partitioned_parquet_snap.inventory.inv_quantity_on_hand), avg(tpcds_partitioned_parquet_snap.inventory.inv_quantity_on_hand)) END ASC NULLS LAST
|  mem-estimate=145.39MB mem-reservation=6.00MB spill-buffer=2.00MB thread-reservation=0
|  tuple-ids=20 row-size=56B cardinality=27.22M cost=77397955
|  in pipelines: 17(GETNEXT), 22(OPEN)
|
16:HASH JOIN [INNER JOIN, PARTITIONED]
|  hash-table-id=00
|  hash predicates: tpcds_partitioned_parquet_snap.item.i_item_sk = tpcds_partitioned_parquet_snap.item_0.i_item_sk, tpcds_partitioned_parquet_snap.warehouse.w_warehouse_sk = tpcds_partitioned_parquet_snap.warehouse_0.w_warehouse_sk
|  fk/pk conjuncts: tpcds_partitioned_parquet_snap.item.i_item_sk = tpcds_partitioned_parquet_snap.item_0.i_item_sk, tpcds_partitioned_parquet_snap.warehouse.w_warehouse_sk = tpcds_partitioned_parquet_snap.warehouse_0.w_warehouse_sk
|  mem-estimate=0B mem-reservation=0B spill-buffer=2.00MB thread-reservation=0
|  tuple-ids=9,19 row-size=112B cardinality=27.22M cost=11915544
|  in pipelines: 22(GETNEXT), 27(OPEN)
|
|--F12:PLAN FRAGMENT [HASH(tpcds_partitioned_parquet_snap.item.i_item_sk,tpcds_partitioned_parquet_snap.warehouse.w_warehouse_sk)] hosts=10 instances=10 (adjusted from 120)
|  |  Per-Instance Resources: mem-estimate=270.80MB mem-reservation=36.00MB thread-reservation=1 runtime-filters-memory=2.00MB
|  |  max-parallelism=10 segment-costs=[37266200] cpu-comparison-result=120 [max(10 (self) vs 120 (sum children))]
|  JOIN BUILD
|  |  join-table-id=00 plan-id=01 cohort-id=01
|  |  build expressions: tpcds_partitioned_parquet_snap.item_0.i_item_sk, tpcds_partitioned_parquet_snap.warehouse_0.w_warehouse_sk
|  |  runtime filters: RF000[bloom] <- tpcds_partitioned_parquet_snap.item_0.i_item_sk, RF001[bloom] <- tpcds_partitioned_parquet_snap.warehouse_0.w_warehouse_sk, RF002[min_max] <- tpcds_partitioned_parquet_snap.item_0.i_item_sk, RF003[min_max] <- tpcds_partitioned_parquet_snap.warehouse_0.w_warehouse_sk
|  |  mem-estimate=251.76MB mem-reservation=34.00MB spill-buffer=2.00MB thread-reservation=0 cost=27223086
|  |
|  29:EXCHANGE [HASH(tpcds_partitioned_parquet_snap.item_0.i_item_sk,tpcds_partitioned_parquet_snap.warehouse_0.w_warehouse_sk)]
|  |  mem-estimate=17.04MB mem-reservation=0B thread-reservation=0
|  |  tuple-ids=19 row-size=56B cardinality=27.22M cost=10043114
|  |  in pipelines: 27(GETNEXT)
|  |
|  F09:PLAN FRAGMENT [HASH(tpcds_partitioned_parquet_snap.warehouse_0.w_warehouse_name,tpcds_partitioned_parquet_snap.warehouse_0.w_warehouse_sk,tpcds_partitioned_parquet_snap.item_0.i_item_sk,tpcds_partitioned_parquet_snap.date_dim_0.d_moy)] hosts=10 instances=120
|  Per-Instance Resources: mem-estimate=534.87MB mem-reservation=34.00MB thread-reservation=1
|  max-parallelism=660 segment-costs=[6551064897, 112286155] cpu-comparison-result=120 [max(120 (self) vs 120 (sum children))]
|  27:AGGREGATE [FINALIZE]
|  |  output: stddev_samp:merge(tpcds_partitioned_parquet_snap.inventory_0.inv_quantity_on_hand), avg:merge(tpcds_partitioned_parquet_snap.inventory_0.inv_quantity_on_hand)
|  |  group by: tpcds_partitioned_parquet_snap.warehouse_0.w_warehouse_name, tpcds_partitioned_parquet_snap.warehouse_0.w_warehouse_sk, tpcds_partitioned_parquet_snap.item_0.i_item_sk, tpcds_partitioned_parquet_snap.date_dim_0.d_moy
|  |  having: tpcds_partitioned_parquet_snap.date_dim_0.d_moy = CAST(4 AS INT), CASE WHEN avg(tpcds_partitioned_parquet_snap.inventory_0.inv_quantity_on_hand) = CAST(0 AS DOUBLE) THEN CAST(0 AS DOUBLE) ELSE divide(stddev_samp(tpcds_partitioned_parquet_snap.inventory_0.inv_quantity_on_hand), avg(tpcds_partitioned_parquet_snap.inventory_0.inv_quantity_on_hand)) END > CAST(1 AS DOUBLE), CASE WHEN avg(tpcds_partitioned_parquet_snap.inventory_0.inv_quantity_on_hand) = CAST(0 AS DOUBLE) THEN NULL ELSE divide(stddev_samp(tpcds_partitioned_parquet_snap.inventory_0.inv_quantity_on_hand), avg(tpcds_partitioned_parquet_snap.inventory_0.inv_quantity_on_hand)) END > CAST(1.5 AS DOUBLE)
|  |  mem-estimate=517.83MB mem-reservation=34.00MB spill-buffer=2.00MB thread-reservation=0
|  |  tuple-ids=19 row-size=56B cardinality=27.22M cost=6169955482
|  |  in pipelines: 27(GETNEXT), 08(OPEN)
|  |
|  26:EXCHANGE [HASH(tpcds_partitioned_parquet_snap.warehouse_0.w_warehouse_name,tpcds_partitioned_parquet_snap.warehouse_0.w_warehouse_sk,tpcds_partitioned_parquet_snap.item_0.i_item_sk,tpcds_partitioned_parquet_snap.date_dim_0.d_moy)]
|  |  mem-estimate=17.04MB mem-reservation=0B thread-reservation=0
|  |  tuple-ids=18 row-size=56B cardinality=1.03G cost=381109415
|  |  in pipelines: 08(GETNEXT)
|  |
|  F05:PLAN FRAGMENT [RANDOM] hosts=10 instances=120
|  Per-Host Shared Resources: mem-estimate=3.00MB mem-reservation=3.00MB thread-reservation=0 runtime-filters-memory=3.00MB
|  Per-Instance Resources: mem-estimate=463.15MB mem-reservation=34.25MB thread-reservation=1
|  max-parallelism=261 segment-costs=[7764764284, 4260959990] cpu-comparison-result=120 [max(120 (self) vs 36 (sum children))]
|  15:AGGREGATE [STREAMING]
|  |  output: stddev_samp(tpcds_partitioned_parquet_snap.inventory_0.inv_quantity_on_hand), avg(CAST(tpcds_partitioned_parquet_snap.inventory_0.inv_quantity_on_hand AS BIGINT))
|  |  group by: tpcds_partitioned_parquet_snap.warehouse_0.w_warehouse_name, tpcds_partitioned_parquet_snap.warehouse_0.w_warehouse_sk, tpcds_partitioned_parquet_snap.item_0.i_item_sk, tpcds_partitioned_parquet_snap.date_dim_0.d_moy
|  |  mem-estimate=419.00MB mem-reservation=34.00MB spill-buffer=2.00MB thread-reservation=0
|  |  tuple-ids=18 row-size=56B cardinality=1.03G cost=6169955482
|  |  in pipelines: 08(GETNEXT)
|  |
|  14:HASH JOIN [INNER JOIN, BROADCAST]
|  |  hash-table-id=01
|  |  hash predicates: tpcds_partitioned_parquet_snap.inventory_0.inv_item_sk = tpcds_partitioned_parquet_snap.item_0.i_item_sk
|  |  fk/pk conjuncts: tpcds_partitioned_parquet_snap.inventory_0.inv_item_sk = tpcds_partitioned_parquet_snap.item_0.i_item_sk
|  |  mem-estimate=0B mem-reservation=0B spill-buffer=2.00MB thread-reservation=0
|  |  tuple-ids=10,12,14,16 row-size=903B cardinality=1.03G cost=452163130
|  |  in pipelines: 08(GETNEXT), 13(OPEN)
|  |
|  |--F13:PLAN FRAGMENT [RANDOM] hosts=10 instances=10
|  |  |  Per-Instance Resources: mem-estimate=420.60MB mem-reservation=409.00MB thread-reservation=1 runtime-filters-memory=1.00MB
|  |  |  max-parallelism=10 segment-costs=[838440]
|  |  JOIN BUILD
|  |  |  join-table-id=01 plan-id=02 cohort-id=02
|  |  |  build expressions: tpcds_partitioned_parquet_snap.item_0.i_item_sk
|  |  |  runtime filters: RF010[bloom] <- tpcds_partitioned_parquet_snap.item_0.i_item_sk, RF011[min_max] <- tpcds_partitioned_parquet_snap.item_0.i_item_sk
|  |  |  mem-estimate=408.00MB mem-reservation=408.00MB spill-buffer=2.00MB thread-reservation=0 cost=360000
|  |  |
|  |  25:EXCHANGE [BROADCAST]
|  |  |  mem-estimate=11.60MB mem-reservation=0B thread-reservation=0
|  |  |  tuple-ids=16 row-size=405B cardinality=360.00K cost=478440
|  |  |  in pipelines: 13(GETNEXT)
|  |  |
|  |  F08:PLAN FRAGMENT [RANDOM] hosts=4 instances=4
|  |  Per-Instance Resources: mem-estimate=17.60MB mem-reservation=512.00KB thread-reservation=1
|  |  max-parallelism=4 segment-costs=[1757529]
|  |  13:SCAN HDFS [tpcds_partitioned_parquet_snap.item, RANDOM]
|  |     HDFS partitions=1/1 files=1 size=33.54MB
|  |     stored statistics:
|  |       table: rows=360.00K size=33.54MB
|  |       columns: all
|  |     extrapolated-rows=disabled max-scan-range-rows=101.54K
|  |     mem-estimate=16.00MB mem-reservation=512.00KB thread-reservation=0
|  |     tuple-ids=16 row-size=405B cardinality=360.00K cost=1355609
|  |     in pipelines: 13(GETNEXT)
|  |
|  12:HASH JOIN [INNER JOIN, BROADCAST]
|  |  hash-table-id=02
|  |  hash predicates: tpcds_partitioned_parquet_snap.inventory_0.inv_date_sk = tpcds_partitioned_parquet_snap.date_dim_0.d_date_sk
|  |  fk/pk conjuncts: tpcds_partitioned_parquet_snap.inventory_0.inv_date_sk = tpcds_partitioned_parquet_snap.date_dim_0.d_date_sk
|  |  mem-estimate=0B mem-reservation=0B spill-buffer=64.00KB thread-reservation=0
|  |  tuple-ids=10,12,14 row-size=497B cardinality=1.03G(filtered from 1.03G) cost=452256724
|  |  in pipelines: 08(GETNEXT), 11(OPEN)
|  |
|  |--F14:PLAN FRAGMENT [RANDOM] hosts=10 instances=10
|  |  |  Per-Instance Resources: mem-estimate=24.42MB mem-reservation=24.25MB thread-reservation=1 runtime-filters-memory=1.00MB
|  |  |  max-parallelism=10 segment-costs=[863]
|  |  JOIN BUILD
|  |  |  join-table-id=02 plan-id=03 cohort-id=02
|  |  |  build expressions: tpcds_partitioned_parquet_snap.date_dim_0.d_date_sk
|  |  |  runtime filters: RF012[bloom] <- tpcds_partitioned_parquet_snap.date_dim_0.d_date_sk
|  |  |  mem-estimate=23.25MB mem-reservation=23.25MB spill-buffer=64.00KB thread-reservation=0 cost=373
|  |  |
|  |  24:EXCHANGE [BROADCAST]
|  |  |  mem-estimate=174.22KB mem-reservation=0B thread-reservation=0
|  |  |  tuple-ids=14 row-size=237B cardinality=373 cost=490
|  |  |  in pipelines: 11(GETNEXT)
|  |  |
|  |  F07:PLAN FRAGMENT [RANDOM] hosts=1 instances=1
|  |  Per-Instance Resources: mem-estimate=16.94MB mem-reservation=4.00MB thread-reservation=1
|  |  max-parallelism=1 segment-costs=[112899]
|  |  11:SCAN HDFS [tpcds_partitioned_parquet_snap.date_dim, RANDOM]
|  |     HDFS partitions=1/1 files=1 size=2.17MB
|  |     predicates: tpcds_partitioned_parquet_snap.date_dim_0.d_year = CAST(1998 AS INT)
|  |     stored statistics:
|  |       table: rows=73.05K size=2.17MB
|  |       columns: all
|  |     extrapolated-rows=disabled max-scan-range-rows=73.05K
|  |     parquet statistics predicates: tpcds_partitioned_parquet_snap.date_dim_0.d_year = CAST(1998 AS INT)
|  |     parquet dictionary predicates: tpcds_partitioned_parquet_snap.date_dim_0.d_year = CAST(1998 AS INT)
|  |     mem-estimate=16.00MB mem-reservation=4.00MB thread-reservation=0
|  |     tuple-ids=14 row-size=237B cardinality=373 cost=112653
|  |     in pipelines: 11(GETNEXT)
|  |
|  10:HASH JOIN [INNER JOIN, BROADCAST]
|  |  hash-table-id=03
|  |  hash predicates: tpcds_partitioned_parquet_snap.inventory_0.inv_warehouse_sk = tpcds_partitioned_parquet_snap.warehouse_0.w_warehouse_sk
|  |  fk/pk conjuncts: tpcds_partitioned_parquet_snap.inventory_0.inv_warehouse_sk = tpcds_partitioned_parquet_snap.warehouse_0.w_warehouse_sk
|  |  mem-estimate=0B mem-reservation=0B spill-buffer=64.00KB thread-reservation=0
|  |  tuple-ids=10,12 row-size=260B cardinality=1.03G(filtered from 1.03G) cost=452256724
|  |  in pipelines: 08(GETNEXT), 09(OPEN)
|  |
|  |--F15:PLAN FRAGMENT [RANDOM] hosts=10 instances=10
|  |  |  Per-Instance Resources: mem-estimate=24.27MB mem-reservation=24.25MB thread-reservation=1 runtime-filters-memory=1.00MB
|  |  |  max-parallelism=10 segment-costs=[42]
|  |  JOIN BUILD
|  |  |  join-table-id=03 plan-id=04 cohort-id=02
|  |  |  build expressions: tpcds_partitioned_parquet_snap.warehouse_0.w_warehouse_sk
|  |  |  runtime filters: RF014[bloom] <- tpcds_partitioned_parquet_snap.warehouse_0.w_warehouse_sk, RF015[min_max] <- tpcds_partitioned_parquet_snap.warehouse_0.w_warehouse_sk
|  |  |  mem-estimate=23.25MB mem-reservation=23.25MB spill-buffer=64.00KB thread-reservation=0 cost=22
|  |  |
|  |  23:EXCHANGE [BROADCAST]
|  |  |  mem-estimate=16.00KB mem-reservation=0B thread-reservation=0
|  |  |  tuple-ids=12 row-size=244B cardinality=22 cost=20
|  |  |  in pipelines: 09(GETNEXT)
|  |  |
|  |  F06:PLAN FRAGMENT [RANDOM] hosts=1 instances=1
|  |  Per-Instance Resources: mem-estimate=16.97MB mem-reservation=112.00KB thread-reservation=1
|  |  max-parallelism=1 segment-costs=[49]
|  |  09:SCAN HDFS [tpcds_partitioned_parquet_snap.warehouse, RANDOM]
|  |     HDFS partitions=1/1 files=1 size=5.99KB
|  |     stored statistics:
|  |       table: rows=22 size=5.99KB
|  |       columns: all
|  |     extrapolated-rows=disabled max-scan-range-rows=22
|  |     mem-estimate=16.00MB mem-reservation=112.00KB thread-reservation=0
|  |     tuple-ids=12 row-size=244B cardinality=22 cost=35
|  |     in pipelines: 09(GETNEXT)
|  |
|  08:SCAN HDFS [tpcds_partitioned_parquet_snap.inventory, RANDOM]
|     HDFS partitions=261/261 files=261 size=5.10GB
|     runtime filters: RF011[min_max] -> tpcds_partitioned_parquet_snap.inventory_0.inv_item_sk, RF015[min_max] -> tpcds_partitioned_parquet_snap.inventory_0.inv_warehouse_sk, RF010[bloom] -> tpcds_partitioned_parquet_snap.inventory_0.inv_item_sk, RF012[bloom] -> tpcds_partitioned_parquet_snap.inventory_0.inv_date_sk, RF014[bloom] -> tpcds_partitioned_parquet_snap.inventory_0.inv_warehouse_sk
|     stored statistics:
|       table: rows=1.03G size=5.10GB
|       partitions: 261/261 rows=1.03G
|       columns: all
|     extrapolated-rows=disabled max-scan-range-rows=3.99M
|     mem-estimate=16.00MB mem-reservation=256.00KB thread-reservation=0
|     tuple-ids=10 row-size=16B cardinality=1.03G(filtered from 1.03G) cost=238132224
|     in pipelines: 08(GETNEXT)
|
28:EXCHANGE [HASH(tpcds_partitioned_parquet_snap.item.i_item_sk,tpcds_partitioned_parquet_snap.warehouse.w_warehouse_sk)]
|  mem-estimate=17.04MB mem-reservation=0B thread-reservation=0
|  tuple-ids=9 row-size=56B cardinality=27.22M cost=10043114
|  in pipelines: 22(GETNEXT)
|
F04:PLAN FRAGMENT [HASH(tpcds_partitioned_parquet_snap.warehouse.w_warehouse_name,tpcds_partitioned_parquet_snap.warehouse.w_warehouse_sk,tpcds_partitioned_parquet_snap.item.i_item_sk,tpcds_partitioned_parquet_snap.date_dim.d_moy)] hosts=10 instances=120
Per-Instance Resources: mem-estimate=534.87MB mem-reservation=34.00MB thread-reservation=1
max-parallelism=660 segment-costs=[6551064897, 112286155] cpu-comparison-result=120 [max(120 (self) vs 120 (sum children))]
22:AGGREGATE [FINALIZE]
|  output: stddev_samp:merge(tpcds_partitioned_parquet_snap.inventory.inv_quantity_on_hand), avg:merge(tpcds_partitioned_parquet_snap.inventory.inv_quantity_on_hand)
|  group by: tpcds_partitioned_parquet_snap.warehouse.w_warehouse_name, tpcds_partitioned_parquet_snap.warehouse.w_warehouse_sk, tpcds_partitioned_parquet_snap.item.i_item_sk, tpcds_partitioned_parquet_snap.date_dim.d_moy
|  having: tpcds_partitioned_parquet_snap.date_dim.d_moy = CAST(add(CAST(4 AS SMALLINT), CAST(1 AS SMALLINT)) AS INT), CASE WHEN avg(tpcds_partitioned_parquet_snap.inventory.inv_quantity_on_hand) = CAST(0 AS DOUBLE) THEN CAST(0 AS DOUBLE) ELSE divide(stddev_samp(tpcds_partitioned_parquet_snap.inventory.inv_quantity_on_hand), avg(tpcds_partitioned_parquet_snap.inventory.inv_quantity_on_hand)) END > CAST(1 AS DOUBLE)
|  mem-estimate=517.83MB mem-reservation=34.00MB spill-buffer=2.00MB thread-reservation=0
|  tuple-ids=9 row-size=56B cardinality=27.22M cost=6169955482
|  in pipelines: 22(GETNEXT), 00(OPEN)
|
21:EXCHANGE [HASH(tpcds_partitioned_parquet_snap.warehouse.w_warehouse_name,tpcds_partitioned_parquet_snap.warehouse.w_warehouse_sk,tpcds_partitioned_parquet_snap.item.i_item_sk,tpcds_partitioned_parquet_snap.date_dim.d_moy)]
|  mem-estimate=17.04MB mem-reservation=0B thread-reservation=0
|  tuple-ids=8 row-size=56B cardinality=1.03G cost=381109415
|  in pipelines: 00(GETNEXT)
|
F00:PLAN FRAGMENT [RANDOM] hosts=10 instances=120
Per-Host Shared Resources: mem-estimate=5.00MB mem-reservation=5.00MB thread-reservation=0 runtime-filters-memory=5.00MB
Per-Instance Resources: mem-estimate=463.15MB mem-reservation=34.25MB thread-reservation=1
max-parallelism=261 segment-costs=[7764764284, 4260959990] cpu-comparison-result=120 [max(120 (self) vs 36 (sum children))]
07:AGGREGATE [STREAMING]
|  output: stddev_samp(tpcds_partitioned_parquet_snap.inventory.inv_quantity_on_hand), avg(CAST(tpcds_partitioned_parquet_snap.inventory.inv_quantity_on_hand AS BIGINT))
|  group by: tpcds_partitioned_parquet_snap.warehouse.w_warehouse_name, tpcds_partitioned_parquet_snap.warehouse.w_warehouse_sk, tpcds_partitioned_parquet_snap.item.i_item_sk, tpcds_partitioned_parquet_snap.date_dim.d_moy
|  mem-estimate=419.00MB mem-reservation=34.00MB spill-buffer=2.00MB thread-reservation=0
|  tuple-ids=8 row-size=56B cardinality=1.03G cost=6169955482
|  in pipelines: 00(GETNEXT)
|
06:HASH JOIN [INNER JOIN, BROADCAST]
|  hash-table-id=04
|  hash predicates: tpcds_partitioned_parquet_snap.inventory.inv_item_sk = tpcds_partitioned_parquet_snap.item.i_item_sk
|  fk/pk conjuncts: tpcds_partitioned_parquet_snap.inventory.inv_item_sk = tpcds_partitioned_parquet_snap.item.i_item_sk
|  mem-estimate=0B mem-reservation=0B spill-buffer=2.00MB thread-reservation=0
|  tuple-ids=0,2,4,6 row-size=903B cardinality=1.03G cost=452163130
|  in pipelines: 00(GETNEXT), 05(OPEN)
|
|--F16:PLAN FRAGMENT [RANDOM] hosts=10 instances=10
|  |  Per-Instance Resources: mem-estimate=420.60MB mem-reservation=409.00MB thread-reservation=1 runtime-filters-memory=1.00MB
|  |  max-parallelism=10 segment-costs=[838440]
|  JOIN BUILD
|  |  join-table-id=04 plan-id=05 cohort-id=01
|  |  build expressions: tpcds_partitioned_parquet_snap.item.i_item_sk
|  |  runtime filters: RF004[bloom] <- tpcds_partitioned_parquet_snap.item.i_item_sk, RF005[min_max] <- tpcds_partitioned_parquet_snap.item.i_item_sk
|  |  mem-estimate=408.00MB mem-reservation=408.00MB spill-buffer=2.00MB thread-reservation=0 cost=360000
|  |
|  20:EXCHANGE [BROADCAST]
|  |  mem-estimate=11.60MB mem-reservation=0B thread-reservation=0
|  |  tuple-ids=6 row-size=405B cardinality=360.00K cost=478440
|  |  in pipelines: 05(GETNEXT)
|  |
|  F03:PLAN FRAGMENT [RANDOM] hosts=4 instances=4
|  Per-Host Shared Resources: mem-estimate=1.00MB mem-reservation=1.00MB thread-reservation=0 runtime-filters-memory=1.00MB
|  Per-Instance Resources: mem-estimate=17.60MB mem-reservation=512.00KB thread-reservation=1
|  max-parallelism=4 segment-costs=[1757529]
|  05:SCAN HDFS [tpcds_partitioned_parquet_snap.item, RANDOM]
|     HDFS partitions=1/1 files=1 size=33.54MB
|     runtime filters: RF002[min_max] -> tpcds_partitioned_parquet_snap.item.i_item_sk, RF000[bloom] -> tpcds_partitioned_parquet_snap.item.i_item_sk
|     stored statistics:
|       table: rows=360.00K size=33.54MB
|       columns: all
|     extrapolated-rows=disabled max-scan-range-rows=101.54K
|     mem-estimate=16.00MB mem-reservation=512.00KB thread-reservation=0
|     tuple-ids=6 row-size=405B cardinality=360.00K cost=1355609
|     in pipelines: 05(GETNEXT)
|
04:HASH JOIN [INNER JOIN, BROADCAST]
|  hash-table-id=05
|  hash predicates: tpcds_partitioned_parquet_snap.inventory.inv_date_sk = tpcds_partitioned_parquet_snap.date_dim.d_date_sk
|  fk/pk conjuncts: tpcds_partitioned_parquet_snap.inventory.inv_date_sk = tpcds_partitioned_parquet_snap.date_dim.d_date_sk
|  mem-estimate=0B mem-reservation=0B spill-buffer=64.00KB thread-reservation=0
|  tuple-ids=0,2,4 row-size=497B cardinality=1.03G(filtered from 1.03G) cost=452256724
|  in pipelines: 00(GETNEXT), 03(OPEN)
|
|--F17:PLAN FRAGMENT [RANDOM] hosts=10 instances=10
|  |  Per-Instance Resources: mem-estimate=24.42MB mem-reservation=24.25MB thread-reservation=1 runtime-filters-memory=1.00MB
|  |  max-parallelism=10 segment-costs=[863]
|  JOIN BUILD
|  |  join-table-id=05 plan-id=06 cohort-id=01
|  |  build expressions: tpcds_partitioned_parquet_snap.date_dim.d_date_sk
|  |  runtime filters: RF006[bloom] <- tpcds_partitioned_parquet_snap.date_dim.d_date_sk
|  |  mem-estimate=23.25MB mem-reservation=23.25MB spill-buffer=64.00KB thread-reservation=0 cost=373
|  |
|  19:EXCHANGE [BROADCAST]
|  |  mem-estimate=174.22KB mem-reservation=0B thread-reservation=0
|  |  tuple-ids=4 row-size=237B cardinality=373 cost=490
|  |  in pipelines: 03(GETNEXT)
|  |
|  F02:PLAN FRAGMENT [RANDOM] hosts=1 instances=1
|  Per-Instance Resources: mem-estimate=16.94MB mem-reservation=4.00MB thread-reservation=1
|  max-parallelism=1 segment-costs=[112899]
|  03:SCAN HDFS [tpcds_partitioned_parquet_snap.date_dim, RANDOM]
|     HDFS partitions=1/1 files=1 size=2.17MB
|     predicates: tpcds_partitioned_parquet_snap.date_dim.d_year = CAST(1998 AS INT)
|     stored statistics:
|       table: rows=73.05K size=2.17MB
|       columns: all
|     extrapolated-rows=disabled max-scan-range-rows=73.05K
|     parquet statistics predicates: tpcds_partitioned_parquet_snap.date_dim.d_year = CAST(1998 AS INT)
|     parquet dictionary predicates: tpcds_partitioned_parquet_snap.date_dim.d_year = CAST(1998 AS INT)
|     mem-estimate=16.00MB mem-reservation=4.00MB thread-reservation=0
|     tuple-ids=4 row-size=237B cardinality=373 cost=112653
|     in pipelines: 03(GETNEXT)
|
02:HASH JOIN [INNER JOIN, BROADCAST]
|  hash-table-id=06
|  hash predicates: tpcds_partitioned_parquet_snap.inventory.inv_warehouse_sk = tpcds_partitioned_parquet_snap.warehouse.w_warehouse_sk
|  fk/pk conjuncts: tpcds_partitioned_parquet_snap.inventory.inv_warehouse_sk = tpcds_partitioned_parquet_snap.warehouse.w_warehouse_sk
|  mem-estimate=0B mem-reservation=0B spill-buffer=64.00KB thread-reservation=0
|  tuple-ids=0,2 row-size=260B cardinality=1.03G(filtered from 1.03G) cost=452256724
|  in pipelines: 00(GETNEXT), 01(OPEN)
|
|--F18:PLAN FRAGMENT [RANDOM] hosts=10 instances=10
|  |  Per-Instance Resources: mem-estimate=24.27MB mem-reservation=24.25MB thread-reservation=1 runtime-filters-memory=1.00MB
|  |  max-parallelism=10 segment-costs=[42]
|  JOIN BUILD
|  |  join-table-id=06 plan-id=07 cohort-id=01
|  |  build expressions: tpcds_partitioned_parquet_snap.warehouse.w_warehouse_sk
|  |  runtime filters: RF008[bloom] <- tpcds_partitioned_parquet_snap.warehouse.w_warehouse_sk, RF009[min_max] <- tpcds_partitioned_parquet_snap.warehouse.w_warehouse_sk
|  |  mem-estimate=23.25MB mem-reservation=23.25MB spill-buffer=64.00KB thread-reservation=0 cost=22
|  |
|  18:EXCHANGE [BROADCAST]
|  |  mem-estimate=16.00KB mem-reservation=0B thread-reservation=0
|  |  tuple-ids=2 row-size=244B cardinality=22 cost=20
|  |  in pipelines: 01(GETNEXT)
|  |
|  F01:PLAN FRAGMENT [RANDOM] hosts=1 instances=1
|  Per-Host Shared Resources: mem-estimate=1.00MB mem-reservation=1.00MB thread-reservation=0 runtime-filters-memory=1.00MB
|  Per-Instance Resources: mem-estimate=16.97MB mem-reservation=112.00KB thread-reservation=1
|  max-parallelism=1 segment-costs=[49]
|  01:SCAN HDFS [tpcds_partitioned_parquet_snap.warehouse, RANDOM]
|     HDFS partitions=1/1 files=1 size=5.99KB
|     runtime filters: RF003[min_max] -> tpcds_partitioned_parquet_snap.warehouse.w_warehouse_sk, RF001[bloom] -> tpcds_partitioned_parquet_snap.warehouse.w_warehouse_sk
|     stored statistics:
|       table: rows=22 size=5.99KB
|       columns: all
|     extrapolated-rows=disabled max-scan-range-rows=22
|     mem-estimate=16.00MB mem-reservation=112.00KB thread-reservation=0
|     tuple-ids=2 row-size=244B cardinality=22 cost=35
|     in pipelines: 01(GETNEXT)
|
00:SCAN HDFS [tpcds_partitioned_parquet_snap.inventory, RANDOM]
   HDFS partitions=261/261 files=261 size=5.10GB
   runtime filters: RF005[min_max] -> tpcds_partitioned_parquet_snap.inventory.inv_item_sk, RF002[min_max] -> tpcds_partitioned_parquet_snap.inventory.inv_item_sk, RF003[min_max] -> tpcds_partitioned_parquet_snap.inventory.inv_warehouse_sk, RF009[min_max] -> tpcds_partitioned_parquet_snap.inventory.inv_warehouse_sk, RF004[bloom] -> tpcds_partitioned_parquet_snap.inventory.inv_item_sk, RF000[bloom] -> tpcds_partitioned_parquet_snap.inventory.inv_item_sk, RF001[bloom] -> tpcds_partitioned_parquet_snap.inventory.inv_warehouse_sk, RF006[bloom] -> tpcds_partitioned_parquet_snap.inventory.inv_date_sk, RF008[bloom] -> tpcds_partitioned_parquet_snap.inventory.inv_warehouse_sk
   stored statistics:
     table: rows=1.03G size=5.10GB
     partitions: 261/261 rows=1.03G
     columns: all
   extrapolated-rows=disabled max-scan-range-rows=3.99M
   mem-estimate=16.00MB mem-reservation=256.00KB thread-reservation=0
   tuple-ids=0 row-size=16B cardinality=1.03G(filtered from 1.03G) cost=238132224
   in pipelines: 00(GETNEXT)
---- PARALLELPLANS
Max Per-Host Resource Reservation: Memory=2.56GB Threads=63
Per-Host Resource Estimates: Memory=25.04GB
F11:PLAN FRAGMENT [UNPARTITIONED] hosts=1 instances=1
|  Per-Instance Resources: mem-estimate=200.59MB mem-reservation=4.00MB thread-reservation=1
|  max-parallelism=1 segment-costs=[282164552] cpu-comparison-result=240 [max(1 (self) vs 240 (sum children))]
PLAN-ROOT SINK
|  output exprs: tpcds_partitioned_parquet_snap.warehouse_0.w_warehouse_sk, tpcds_partitioned_parquet_snap.item_0.i_item_sk, tpcds_partitioned_parquet_snap.date_dim_0.d_moy, avg(tpcds_partitioned_parquet_snap.inventory_0.inv_quantity_on_hand), CASE WHEN avg(tpcds_partitioned_parquet_snap.inventory_0.inv_quantity_on_hand) = CAST(0 AS DOUBLE) THEN NULL ELSE divide(stddev_samp(tpcds_partitioned_parquet_snap.inventory_0.inv_quantity_on_hand), avg(tpcds_partitioned_parquet_snap.inventory_0.inv_quantity_on_hand)) END, tpcds_partitioned_parquet_snap.warehouse.w_warehouse_sk, tpcds_partitioned_parquet_snap.item.i_item_sk, tpcds_partitioned_parquet_snap.date_dim.d_moy, avg(tpcds_partitioned_parquet_snap.inventory.inv_quantity_on_hand), CASE WHEN avg(tpcds_partitioned_parquet_snap.inventory.inv_quantity_on_hand) = CAST(0 AS DOUBLE) THEN NULL ELSE divide(stddev_samp(tpcds_partitioned_parquet_snap.inventory.inv_quantity_on_hand), avg(tpcds_partitioned_parquet_snap.inventory.inv_quantity_on_hand)) END
|  mem-estimate=100.00MB mem-reservation=4.00MB spill-buffer=2.00MB thread-reservation=0 cost=272230848
|
30:MERGING-EXCHANGE [UNPARTITIONED]
|  order by: tpcds_partitioned_parquet_snap.warehouse_0.w_warehouse_sk ASC NULLS LAST, tpcds_partitioned_parquet_snap.item_0.i_item_sk ASC NULLS LAST, avg(tpcds_partitioned_parquet_snap.inventory_0.inv_quantity_on_hand) ASC NULLS LAST, CASE WHEN avg(tpcds_partitioned_parquet_snap.inventory_0.inv_quantity_on_hand) = 0 THEN NULL ELSE divide(stddev_samp(tpcds_partitioned_parquet_snap.inventory_0.inv_quantity_on_hand), avg(tpcds_partitioned_parquet_snap.inventory_0.inv_quantity_on_hand)) END ASC NULLS LAST, avg(tpcds_partitioned_parquet_snap.inventory.inv_quantity_on_hand) ASC NULLS LAST, CASE WHEN avg(tpcds_partitioned_parquet_snap.inventory.inv_quantity_on_hand) = 0 THEN NULL ELSE divide(stddev_samp(tpcds_partitioned_parquet_snap.inventory.inv_quantity_on_hand), avg(tpcds_partitioned_parquet_snap.inventory.inv_quantity_on_hand)) END ASC NULLS LAST
|  mem-estimate=100.59MB mem-reservation=0B thread-reservation=0
|  tuple-ids=20 row-size=56B cardinality=27.22M cost=9933704
|  in pipelines: 17(GETNEXT)
|
F10:PLAN FRAGMENT [HASH(tpcds_partitioned_parquet_snap.item.i_item_sk,tpcds_partitioned_parquet_snap.warehouse.w_warehouse_sk)] hosts=10 instances=10 (adjusted from 120)
Per-Instance Resources: mem-estimate=162.42MB mem-reservation=6.00MB thread-reservation=1
max-parallelism=10 segment-costs=[99356613, 48497927] cpu-comparison-result=240 [max(10 (self) vs 240 (sum children))]
17:SORT
|  order by: tpcds_partitioned_parquet_snap.warehouse_0.w_warehouse_sk ASC NULLS LAST, tpcds_partitioned_parquet_snap.item_0.i_item_sk ASC NULLS LAST, avg(tpcds_partitioned_parquet_snap.inventory_0.inv_quantity_on_hand) ASC NULLS LAST, CASE WHEN avg(tpcds_partitioned_parquet_snap.inventory_0.inv_quantity_on_hand) = 0 THEN NULL ELSE divide(stddev_samp(tpcds_partitioned_parquet_snap.inventory_0.inv_quantity_on_hand), avg(tpcds_partitioned_parquet_snap.inventory_0.inv_quantity_on_hand)) END ASC NULLS LAST, avg(tpcds_partitioned_parquet_snap.inventory.inv_quantity_on_hand) ASC NULLS LAST, CASE WHEN avg(tpcds_partitioned_parquet_snap.inventory.inv_quantity_on_hand) = 0 THEN NULL ELSE divide(stddev_samp(tpcds_partitioned_parquet_snap.inventory.inv_quantity_on_hand), avg(tpcds_partitioned_parquet_snap.inventory.inv_quantity_on_hand)) END ASC NULLS LAST
|  mem-estimate=145.39MB mem-reservation=6.00MB spill-buffer=2.00MB thread-reservation=0
|  tuple-ids=20 row-size=56B cardinality=27.22M cost=77397955
|  in pipelines: 17(GETNEXT), 22(OPEN)
|
16:HASH JOIN [INNER JOIN, PARTITIONED]
|  hash-table-id=00
|  hash predicates: tpcds_partitioned_parquet_snap.item.i_item_sk = tpcds_partitioned_parquet_snap.item_0.i_item_sk, tpcds_partitioned_parquet_snap.warehouse.w_warehouse_sk = tpcds_partitioned_parquet_snap.warehouse_0.w_warehouse_sk
|  fk/pk conjuncts: tpcds_partitioned_parquet_snap.item.i_item_sk = tpcds_partitioned_parquet_snap.item_0.i_item_sk, tpcds_partitioned_parquet_snap.warehouse.w_warehouse_sk = tpcds_partitioned_parquet_snap.warehouse_0.w_warehouse_sk
|  mem-estimate=0B mem-reservation=0B spill-buffer=2.00MB thread-reservation=0
|  tuple-ids=9,19 row-size=112B cardinality=27.22M cost=11915544
|  in pipelines: 22(GETNEXT), 27(OPEN)
|
|--F12:PLAN FRAGMENT [HASH(tpcds_partitioned_parquet_snap.item.i_item_sk,tpcds_partitioned_parquet_snap.warehouse.w_warehouse_sk)] hosts=10 instances=10 (adjusted from 120)
|  |  Per-Instance Resources: mem-estimate=270.80MB mem-reservation=36.00MB thread-reservation=1 runtime-filters-memory=2.00MB
|  |  max-parallelism=10 segment-costs=[37266200] cpu-comparison-result=120 [max(10 (self) vs 120 (sum children))]
|  JOIN BUILD
|  |  join-table-id=00 plan-id=01 cohort-id=01
|  |  build expressions: tpcds_partitioned_parquet_snap.item_0.i_item_sk, tpcds_partitioned_parquet_snap.warehouse_0.w_warehouse_sk
|  |  runtime filters: RF000[bloom] <- tpcds_partitioned_parquet_snap.item_0.i_item_sk, RF001[bloom] <- tpcds_partitioned_parquet_snap.warehouse_0.w_warehouse_sk, RF002[min_max] <- tpcds_partitioned_parquet_snap.item_0.i_item_sk, RF003[min_max] <- tpcds_partitioned_parquet_snap.warehouse_0.w_warehouse_sk
|  |  mem-estimate=251.76MB mem-reservation=34.00MB spill-buffer=2.00MB thread-reservation=0 cost=27223086
|  |
|  29:EXCHANGE [HASH(tpcds_partitioned_parquet_snap.item_0.i_item_sk,tpcds_partitioned_parquet_snap.warehouse_0.w_warehouse_sk)]
|  |  mem-estimate=17.04MB mem-reservation=0B thread-reservation=0
|  |  tuple-ids=19 row-size=56B cardinality=27.22M cost=10043114
|  |  in pipelines: 27(GETNEXT)
|  |
|  F09:PLAN FRAGMENT [HASH(tpcds_partitioned_parquet_snap.warehouse_0.w_warehouse_name,tpcds_partitioned_parquet_snap.warehouse_0.w_warehouse_sk,tpcds_partitioned_parquet_snap.item_0.i_item_sk,tpcds_partitioned_parquet_snap.date_dim_0.d_moy)] hosts=10 instances=120
|  Per-Instance Resources: mem-estimate=534.87MB mem-reservation=34.00MB thread-reservation=1
|  max-parallelism=660 segment-costs=[6551064897, 112286155] cpu-comparison-result=120 [max(120 (self) vs 120 (sum children))]
|  27:AGGREGATE [FINALIZE]
|  |  output: stddev_samp:merge(tpcds_partitioned_parquet_snap.inventory_0.inv_quantity_on_hand), avg:merge(tpcds_partitioned_parquet_snap.inventory_0.inv_quantity_on_hand)
|  |  group by: tpcds_partitioned_parquet_snap.warehouse_0.w_warehouse_name, tpcds_partitioned_parquet_snap.warehouse_0.w_warehouse_sk, tpcds_partitioned_parquet_snap.item_0.i_item_sk, tpcds_partitioned_parquet_snap.date_dim_0.d_moy
|  |  having: tpcds_partitioned_parquet_snap.date_dim_0.d_moy = CAST(4 AS INT), CASE WHEN avg(tpcds_partitioned_parquet_snap.inventory_0.inv_quantity_on_hand) = CAST(0 AS DOUBLE) THEN CAST(0 AS DOUBLE) ELSE divide(stddev_samp(tpcds_partitioned_parquet_snap.inventory_0.inv_quantity_on_hand), avg(tpcds_partitioned_parquet_snap.inventory_0.inv_quantity_on_hand)) END > CAST(1 AS DOUBLE), CASE WHEN avg(tpcds_partitioned_parquet_snap.inventory_0.inv_quantity_on_hand) = CAST(0 AS DOUBLE) THEN NULL ELSE divide(stddev_samp(tpcds_partitioned_parquet_snap.inventory_0.inv_quantity_on_hand), avg(tpcds_partitioned_parquet_snap.inventory_0.inv_quantity_on_hand)) END > CAST(1.5 AS DOUBLE)
|  |  mem-estimate=517.83MB mem-reservation=34.00MB spill-buffer=2.00MB thread-reservation=0
|  |  tuple-ids=19 row-size=56B cardinality=27.22M cost=6169955482
|  |  in pipelines: 27(GETNEXT), 08(OPEN)
|  |
|  26:EXCHANGE [HASH(tpcds_partitioned_parquet_snap.warehouse_0.w_warehouse_name,tpcds_partitioned_parquet_snap.warehouse_0.w_warehouse_sk,tpcds_partitioned_parquet_snap.item_0.i_item_sk,tpcds_partitioned_parquet_snap.date_dim_0.d_moy)]
|  |  mem-estimate=17.04MB mem-reservation=0B thread-reservation=0
|  |  tuple-ids=18 row-size=56B cardinality=1.03G cost=381109415
|  |  in pipelines: 08(GETNEXT)
|  |
|  F05:PLAN FRAGMENT [RANDOM] hosts=10 instances=120
|  Per-Host Shared Resources: mem-estimate=3.00MB mem-reservation=3.00MB thread-reservation=0 runtime-filters-memory=3.00MB
|  Per-Instance Resources: mem-estimate=463.15MB mem-reservation=34.25MB thread-reservation=1
|  max-parallelism=261 segment-costs=[7764764284, 4260959990] cpu-comparison-result=120 [max(120 (self) vs 36 (sum children))]
|  15:AGGREGATE [STREAMING]
|  |  output: stddev_samp(tpcds_partitioned_parquet_snap.inventory_0.inv_quantity_on_hand), avg(CAST(tpcds_partitioned_parquet_snap.inventory_0.inv_quantity_on_hand AS BIGINT))
|  |  group by: tpcds_partitioned_parquet_snap.warehouse_0.w_warehouse_name, tpcds_partitioned_parquet_snap.warehouse_0.w_warehouse_sk, tpcds_partitioned_parquet_snap.item_0.i_item_sk, tpcds_partitioned_parquet_snap.date_dim_0.d_moy
|  |  mem-estimate=419.00MB mem-reservation=34.00MB spill-buffer=2.00MB thread-reservation=0
|  |  tuple-ids=18 row-size=56B cardinality=1.03G cost=6169955482
|  |  in pipelines: 08(GETNEXT)
|  |
|  14:HASH JOIN [INNER JOIN, BROADCAST]
|  |  hash-table-id=01
|  |  hash predicates: tpcds_partitioned_parquet_snap.inventory_0.inv_item_sk = tpcds_partitioned_parquet_snap.item_0.i_item_sk
|  |  fk/pk conjuncts: tpcds_partitioned_parquet_snap.inventory_0.inv_item_sk = tpcds_partitioned_parquet_snap.item_0.i_item_sk
|  |  mem-estimate=0B mem-reservation=0B spill-buffer=2.00MB thread-reservation=0
|  |  tuple-ids=10,12,14,16 row-size=903B cardinality=1.03G cost=452163130
|  |  in pipelines: 08(GETNEXT), 13(OPEN)
|  |
|  |--F13:PLAN FRAGMENT [RANDOM] hosts=10 instances=10
|  |  |  Per-Instance Resources: mem-estimate=420.60MB mem-reservation=409.00MB thread-reservation=1 runtime-filters-memory=1.00MB
|  |  |  max-parallelism=10 segment-costs=[838440]
|  |  JOIN BUILD
|  |  |  join-table-id=01 plan-id=02 cohort-id=02
|  |  |  build expressions: tpcds_partitioned_parquet_snap.item_0.i_item_sk
|  |  |  runtime filters: RF010[bloom] <- tpcds_partitioned_parquet_snap.item_0.i_item_sk, RF011[min_max] <- tpcds_partitioned_parquet_snap.item_0.i_item_sk
|  |  |  mem-estimate=408.00MB mem-reservation=408.00MB spill-buffer=2.00MB thread-reservation=0 cost=360000
|  |  |
|  |  25:EXCHANGE [BROADCAST]
|  |  |  mem-estimate=11.60MB mem-reservation=0B thread-reservation=0
|  |  |  tuple-ids=16 row-size=405B cardinality=360.00K cost=478440
|  |  |  in pipelines: 13(GETNEXT)
|  |  |
|  |  F08:PLAN FRAGMENT [RANDOM] hosts=4 instances=4
|  |  Per-Instance Resources: mem-estimate=17.60MB mem-reservation=512.00KB thread-reservation=1
|  |  max-parallelism=4 segment-costs=[1757529]
|  |  13:SCAN HDFS [tpcds_partitioned_parquet_snap.item, RANDOM]
|  |     HDFS partitions=1/1 files=1 size=33.54MB
|  |     stored statistics:
|  |       table: rows=360.00K size=33.54MB
|  |       columns: all
|  |     extrapolated-rows=disabled max-scan-range-rows=101.54K
|  |     mem-estimate=16.00MB mem-reservation=512.00KB thread-reservation=0
|  |     tuple-ids=16 row-size=405B cardinality=360.00K cost=1355609
|  |     in pipelines: 13(GETNEXT)
|  |
|  12:HASH JOIN [INNER JOIN, BROADCAST]
|  |  hash-table-id=02
|  |  hash predicates: tpcds_partitioned_parquet_snap.inventory_0.inv_date_sk = tpcds_partitioned_parquet_snap.date_dim_0.d_date_sk
|  |  fk/pk conjuncts: tpcds_partitioned_parquet_snap.inventory_0.inv_date_sk = tpcds_partitioned_parquet_snap.date_dim_0.d_date_sk
|  |  mem-estimate=0B mem-reservation=0B spill-buffer=64.00KB thread-reservation=0
|  |  tuple-ids=10,12,14 row-size=497B cardinality=1.03G(filtered from 1.03G) cost=452256724
|  |  in pipelines: 08(GETNEXT), 11(OPEN)
|  |
|  |--F14:PLAN FRAGMENT [RANDOM] hosts=10 instances=10
|  |  |  Per-Instance Resources: mem-estimate=24.42MB mem-reservation=24.25MB thread-reservation=1 runtime-filters-memory=1.00MB
|  |  |  max-parallelism=10 segment-costs=[863]
|  |  JOIN BUILD
|  |  |  join-table-id=02 plan-id=03 cohort-id=02
|  |  |  build expressions: tpcds_partitioned_parquet_snap.date_dim_0.d_date_sk
|  |  |  runtime filters: RF012[bloom] <- tpcds_partitioned_parquet_snap.date_dim_0.d_date_sk
|  |  |  mem-estimate=23.25MB mem-reservation=23.25MB spill-buffer=64.00KB thread-reservation=0 cost=373
|  |  |
|  |  24:EXCHANGE [BROADCAST]
|  |  |  mem-estimate=174.22KB mem-reservation=0B thread-reservation=0
|  |  |  tuple-ids=14 row-size=237B cardinality=373 cost=490
|  |  |  in pipelines: 11(GETNEXT)
|  |  |
|  |  F07:PLAN FRAGMENT [RANDOM] hosts=1 instances=1
|  |  Per-Instance Resources: mem-estimate=16.94MB mem-reservation=4.00MB thread-reservation=1
|  |  max-parallelism=1 segment-costs=[112899]
|  |  11:SCAN HDFS [tpcds_partitioned_parquet_snap.date_dim, RANDOM]
|  |     HDFS partitions=1/1 files=1 size=2.17MB
|  |     predicates: tpcds_partitioned_parquet_snap.date_dim_0.d_year = CAST(1998 AS INT)
|  |     stored statistics:
|  |       table: rows=73.05K size=2.17MB
|  |       columns: all
|  |     extrapolated-rows=disabled max-scan-range-rows=73.05K
|  |     parquet statistics predicates: tpcds_partitioned_parquet_snap.date_dim_0.d_year = CAST(1998 AS INT)
|  |     parquet dictionary predicates: tpcds_partitioned_parquet_snap.date_dim_0.d_year = CAST(1998 AS INT)
|  |     mem-estimate=16.00MB mem-reservation=4.00MB thread-reservation=0
|  |     tuple-ids=14 row-size=237B cardinality=373 cost=112653
|  |     in pipelines: 11(GETNEXT)
|  |
|  10:HASH JOIN [INNER JOIN, BROADCAST]
|  |  hash-table-id=03
|  |  hash predicates: tpcds_partitioned_parquet_snap.inventory_0.inv_warehouse_sk = tpcds_partitioned_parquet_snap.warehouse_0.w_warehouse_sk
|  |  fk/pk conjuncts: tpcds_partitioned_parquet_snap.inventory_0.inv_warehouse_sk = tpcds_partitioned_parquet_snap.warehouse_0.w_warehouse_sk
|  |  mem-estimate=0B mem-reservation=0B spill-buffer=64.00KB thread-reservation=0
|  |  tuple-ids=10,12 row-size=260B cardinality=1.03G(filtered from 1.03G) cost=452256724
|  |  in pipelines: 08(GETNEXT), 09(OPEN)
|  |
|  |--F15:PLAN FRAGMENT [RANDOM] hosts=10 instances=10
|  |  |  Per-Instance Resources: mem-estimate=24.27MB mem-reservation=24.25MB thread-reservation=1 runtime-filters-memory=1.00MB
|  |  |  max-parallelism=10 segment-costs=[42]
|  |  JOIN BUILD
|  |  |  join-table-id=03 plan-id=04 cohort-id=02
|  |  |  build expressions: tpcds_partitioned_parquet_snap.warehouse_0.w_warehouse_sk
|  |  |  runtime filters: RF014[bloom] <- tpcds_partitioned_parquet_snap.warehouse_0.w_warehouse_sk, RF015[min_max] <- tpcds_partitioned_parquet_snap.warehouse_0.w_warehouse_sk
|  |  |  mem-estimate=23.25MB mem-reservation=23.25MB spill-buffer=64.00KB thread-reservation=0 cost=22
|  |  |
|  |  23:EXCHANGE [BROADCAST]
|  |  |  mem-estimate=16.00KB mem-reservation=0B thread-reservation=0
|  |  |  tuple-ids=12 row-size=244B cardinality=22 cost=20
|  |  |  in pipelines: 09(GETNEXT)
|  |  |
|  |  F06:PLAN FRAGMENT [RANDOM] hosts=1 instances=1
|  |  Per-Instance Resources: mem-estimate=16.97MB mem-reservation=112.00KB thread-reservation=1
|  |  max-parallelism=1 segment-costs=[49]
|  |  09:SCAN HDFS [tpcds_partitioned_parquet_snap.warehouse, RANDOM]
|  |     HDFS partitions=1/1 files=1 size=5.99KB
|  |     stored statistics:
|  |       table: rows=22 size=5.99KB
|  |       columns: all
|  |     extrapolated-rows=disabled max-scan-range-rows=22
|  |     mem-estimate=16.00MB mem-reservation=112.00KB thread-reservation=0
|  |     tuple-ids=12 row-size=244B cardinality=22 cost=35
|  |     in pipelines: 09(GETNEXT)
|  |
|  08:SCAN HDFS [tpcds_partitioned_parquet_snap.inventory, RANDOM]
|     HDFS partitions=261/261 files=261 size=5.10GB
|     runtime filters: RF011[min_max] -> tpcds_partitioned_parquet_snap.inventory_0.inv_item_sk, RF015[min_max] -> tpcds_partitioned_parquet_snap.inventory_0.inv_warehouse_sk, RF010[bloom] -> tpcds_partitioned_parquet_snap.inventory_0.inv_item_sk, RF012[bloom] -> tpcds_partitioned_parquet_snap.inventory_0.inv_date_sk, RF014[bloom] -> tpcds_partitioned_parquet_snap.inventory_0.inv_warehouse_sk
|     stored statistics:
|       table: rows=1.03G size=5.10GB
|       partitions: 261/261 rows=1.03G
|       columns: all
|     extrapolated-rows=disabled max-scan-range-rows=3.99M
|     mem-estimate=16.00MB mem-reservation=256.00KB thread-reservation=0
|     tuple-ids=10 row-size=16B cardinality=1.03G(filtered from 1.03G) cost=238132224
|     in pipelines: 08(GETNEXT)
|
28:EXCHANGE [HASH(tpcds_partitioned_parquet_snap.item.i_item_sk,tpcds_partitioned_parquet_snap.warehouse.w_warehouse_sk)]
|  mem-estimate=17.04MB mem-reservation=0B thread-reservation=0
|  tuple-ids=9 row-size=56B cardinality=27.22M cost=10043114
|  in pipelines: 22(GETNEXT)
|
F04:PLAN FRAGMENT [HASH(tpcds_partitioned_parquet_snap.warehouse.w_warehouse_name,tpcds_partitioned_parquet_snap.warehouse.w_warehouse_sk,tpcds_partitioned_parquet_snap.item.i_item_sk,tpcds_partitioned_parquet_snap.date_dim.d_moy)] hosts=10 instances=120
Per-Instance Resources: mem-estimate=534.87MB mem-reservation=34.00MB thread-reservation=1
max-parallelism=660 segment-costs=[6551064897, 112286155] cpu-comparison-result=120 [max(120 (self) vs 120 (sum children))]
22:AGGREGATE [FINALIZE]
|  output: stddev_samp:merge(tpcds_partitioned_parquet_snap.inventory.inv_quantity_on_hand), avg:merge(tpcds_partitioned_parquet_snap.inventory.inv_quantity_on_hand)
|  group by: tpcds_partitioned_parquet_snap.warehouse.w_warehouse_name, tpcds_partitioned_parquet_snap.warehouse.w_warehouse_sk, tpcds_partitioned_parquet_snap.item.i_item_sk, tpcds_partitioned_parquet_snap.date_dim.d_moy
|  having: tpcds_partitioned_parquet_snap.date_dim.d_moy = CAST(add(CAST(4 AS SMALLINT), CAST(1 AS SMALLINT)) AS INT), CASE WHEN avg(tpcds_partitioned_parquet_snap.inventory.inv_quantity_on_hand) = CAST(0 AS DOUBLE) THEN CAST(0 AS DOUBLE) ELSE divide(stddev_samp(tpcds_partitioned_parquet_snap.inventory.inv_quantity_on_hand), avg(tpcds_partitioned_parquet_snap.inventory.inv_quantity_on_hand)) END > CAST(1 AS DOUBLE)
|  mem-estimate=517.83MB mem-reservation=34.00MB spill-buffer=2.00MB thread-reservation=0
|  tuple-ids=9 row-size=56B cardinality=27.22M cost=6169955482
|  in pipelines: 22(GETNEXT), 00(OPEN)
|
21:EXCHANGE [HASH(tpcds_partitioned_parquet_snap.warehouse.w_warehouse_name,tpcds_partitioned_parquet_snap.warehouse.w_warehouse_sk,tpcds_partitioned_parquet_snap.item.i_item_sk,tpcds_partitioned_parquet_snap.date_dim.d_moy)]
|  mem-estimate=17.04MB mem-reservation=0B thread-reservation=0
|  tuple-ids=8 row-size=56B cardinality=1.03G cost=381109415
|  in pipelines: 00(GETNEXT)
|
F00:PLAN FRAGMENT [RANDOM] hosts=10 instances=120
Per-Host Shared Resources: mem-estimate=5.00MB mem-reservation=5.00MB thread-reservation=0 runtime-filters-memory=5.00MB
Per-Instance Resources: mem-estimate=463.15MB mem-reservation=34.25MB thread-reservation=1
max-parallelism=261 segment-costs=[7764764284, 4260959990] cpu-comparison-result=120 [max(120 (self) vs 36 (sum children))]
07:AGGREGATE [STREAMING]
|  output: stddev_samp(tpcds_partitioned_parquet_snap.inventory.inv_quantity_on_hand), avg(CAST(tpcds_partitioned_parquet_snap.inventory.inv_quantity_on_hand AS BIGINT))
|  group by: tpcds_partitioned_parquet_snap.warehouse.w_warehouse_name, tpcds_partitioned_parquet_snap.warehouse.w_warehouse_sk, tpcds_partitioned_parquet_snap.item.i_item_sk, tpcds_partitioned_parquet_snap.date_dim.d_moy
|  mem-estimate=419.00MB mem-reservation=34.00MB spill-buffer=2.00MB thread-reservation=0
|  tuple-ids=8 row-size=56B cardinality=1.03G cost=6169955482
|  in pipelines: 00(GETNEXT)
|
06:HASH JOIN [INNER JOIN, BROADCAST]
|  hash-table-id=04
|  hash predicates: tpcds_partitioned_parquet_snap.inventory.inv_item_sk = tpcds_partitioned_parquet_snap.item.i_item_sk
|  fk/pk conjuncts: tpcds_partitioned_parquet_snap.inventory.inv_item_sk = tpcds_partitioned_parquet_snap.item.i_item_sk
|  mem-estimate=0B mem-reservation=0B spill-buffer=2.00MB thread-reservation=0
|  tuple-ids=0,2,4,6 row-size=903B cardinality=1.03G cost=452163130
|  in pipelines: 00(GETNEXT), 05(OPEN)
|
|--F16:PLAN FRAGMENT [RANDOM] hosts=10 instances=10
|  |  Per-Instance Resources: mem-estimate=420.60MB mem-reservation=409.00MB thread-reservation=1 runtime-filters-memory=1.00MB
|  |  max-parallelism=10 segment-costs=[838440]
|  JOIN BUILD
|  |  join-table-id=04 plan-id=05 cohort-id=01
|  |  build expressions: tpcds_partitioned_parquet_snap.item.i_item_sk
|  |  runtime filters: RF004[bloom] <- tpcds_partitioned_parquet_snap.item.i_item_sk, RF005[min_max] <- tpcds_partitioned_parquet_snap.item.i_item_sk
|  |  mem-estimate=408.00MB mem-reservation=408.00MB spill-buffer=2.00MB thread-reservation=0 cost=360000
|  |
|  20:EXCHANGE [BROADCAST]
|  |  mem-estimate=11.60MB mem-reservation=0B thread-reservation=0
|  |  tuple-ids=6 row-size=405B cardinality=360.00K cost=478440
|  |  in pipelines: 05(GETNEXT)
|  |
|  F03:PLAN FRAGMENT [RANDOM] hosts=4 instances=4
|  Per-Host Shared Resources: mem-estimate=1.00MB mem-reservation=1.00MB thread-reservation=0 runtime-filters-memory=1.00MB
|  Per-Instance Resources: mem-estimate=17.60MB mem-reservation=512.00KB thread-reservation=1
|  max-parallelism=4 segment-costs=[1757529]
|  05:SCAN HDFS [tpcds_partitioned_parquet_snap.item, RANDOM]
|     HDFS partitions=1/1 files=1 size=33.54MB
|     runtime filters: RF002[min_max] -> tpcds_partitioned_parquet_snap.item.i_item_sk, RF000[bloom] -> tpcds_partitioned_parquet_snap.item.i_item_sk
|     stored statistics:
|       table: rows=360.00K size=33.54MB
|       columns: all
|     extrapolated-rows=disabled max-scan-range-rows=101.54K
|     mem-estimate=16.00MB mem-reservation=512.00KB thread-reservation=0
|     tuple-ids=6 row-size=405B cardinality=360.00K cost=1355609
|     in pipelines: 05(GETNEXT)
|
04:HASH JOIN [INNER JOIN, BROADCAST]
|  hash-table-id=05
|  hash predicates: tpcds_partitioned_parquet_snap.inventory.inv_date_sk = tpcds_partitioned_parquet_snap.date_dim.d_date_sk
|  fk/pk conjuncts: tpcds_partitioned_parquet_snap.inventory.inv_date_sk = tpcds_partitioned_parquet_snap.date_dim.d_date_sk
|  mem-estimate=0B mem-reservation=0B spill-buffer=64.00KB thread-reservation=0
|  tuple-ids=0,2,4 row-size=497B cardinality=1.03G(filtered from 1.03G) cost=452256724
|  in pipelines: 00(GETNEXT), 03(OPEN)
|
|--F17:PLAN FRAGMENT [RANDOM] hosts=10 instances=10
|  |  Per-Instance Resources: mem-estimate=24.42MB mem-reservation=24.25MB thread-reservation=1 runtime-filters-memory=1.00MB
|  |  max-parallelism=10 segment-costs=[863]
|  JOIN BUILD
|  |  join-table-id=05 plan-id=06 cohort-id=01
|  |  build expressions: tpcds_partitioned_parquet_snap.date_dim.d_date_sk
|  |  runtime filters: RF006[bloom] <- tpcds_partitioned_parquet_snap.date_dim.d_date_sk
|  |  mem-estimate=23.25MB mem-reservation=23.25MB spill-buffer=64.00KB thread-reservation=0 cost=373
|  |
|  19:EXCHANGE [BROADCAST]
|  |  mem-estimate=174.22KB mem-reservation=0B thread-reservation=0
|  |  tuple-ids=4 row-size=237B cardinality=373 cost=490
|  |  in pipelines: 03(GETNEXT)
|  |
|  F02:PLAN FRAGMENT [RANDOM] hosts=1 instances=1
|  Per-Instance Resources: mem-estimate=16.94MB mem-reservation=4.00MB thread-reservation=1
|  max-parallelism=1 segment-costs=[112899]
|  03:SCAN HDFS [tpcds_partitioned_parquet_snap.date_dim, RANDOM]
|     HDFS partitions=1/1 files=1 size=2.17MB
|     predicates: tpcds_partitioned_parquet_snap.date_dim.d_year = CAST(1998 AS INT)
|     stored statistics:
|       table: rows=73.05K size=2.17MB
|       columns: all
|     extrapolated-rows=disabled max-scan-range-rows=73.05K
|     parquet statistics predicates: tpcds_partitioned_parquet_snap.date_dim.d_year = CAST(1998 AS INT)
|     parquet dictionary predicates: tpcds_partitioned_parquet_snap.date_dim.d_year = CAST(1998 AS INT)
|     mem-estimate=16.00MB mem-reservation=4.00MB thread-reservation=0
|     tuple-ids=4 row-size=237B cardinality=373 cost=112653
|     in pipelines: 03(GETNEXT)
|
02:HASH JOIN [INNER JOIN, BROADCAST]
|  hash-table-id=06
|  hash predicates: tpcds_partitioned_parquet_snap.inventory.inv_warehouse_sk = tpcds_partitioned_parquet_snap.warehouse.w_warehouse_sk
|  fk/pk conjuncts: tpcds_partitioned_parquet_snap.inventory.inv_warehouse_sk = tpcds_partitioned_parquet_snap.warehouse.w_warehouse_sk
|  mem-estimate=0B mem-reservation=0B spill-buffer=64.00KB thread-reservation=0
|  tuple-ids=0,2 row-size=260B cardinality=1.03G(filtered from 1.03G) cost=452256724
|  in pipelines: 00(GETNEXT), 01(OPEN)
|
|--F18:PLAN FRAGMENT [RANDOM] hosts=10 instances=10
|  |  Per-Instance Resources: mem-estimate=24.27MB mem-reservation=24.25MB thread-reservation=1 runtime-filters-memory=1.00MB
|  |  max-parallelism=10 segment-costs=[42]
|  JOIN BUILD
|  |  join-table-id=06 plan-id=07 cohort-id=01
|  |  build expressions: tpcds_partitioned_parquet_snap.warehouse.w_warehouse_sk
|  |  runtime filters: RF008[bloom] <- tpcds_partitioned_parquet_snap.warehouse.w_warehouse_sk, RF009[min_max] <- tpcds_partitioned_parquet_snap.warehouse.w_warehouse_sk
|  |  mem-estimate=23.25MB mem-reservation=23.25MB spill-buffer=64.00KB thread-reservation=0 cost=22
|  |
|  18:EXCHANGE [BROADCAST]
|  |  mem-estimate=16.00KB mem-reservation=0B thread-reservation=0
|  |  tuple-ids=2 row-size=244B cardinality=22 cost=20
|  |  in pipelines: 01(GETNEXT)
|  |
|  F01:PLAN FRAGMENT [RANDOM] hosts=1 instances=1
|  Per-Host Shared Resources: mem-estimate=1.00MB mem-reservation=1.00MB thread-reservation=0 runtime-filters-memory=1.00MB
|  Per-Instance Resources: mem-estimate=16.97MB mem-reservation=112.00KB thread-reservation=1
|  max-parallelism=1 segment-costs=[49]
|  01:SCAN HDFS [tpcds_partitioned_parquet_snap.warehouse, RANDOM]
|     HDFS partitions=1/1 files=1 size=5.99KB
|     runtime filters: RF003[min_max] -> tpcds_partitioned_parquet_snap.warehouse.w_warehouse_sk, RF001[bloom] -> tpcds_partitioned_parquet_snap.warehouse.w_warehouse_sk
|     stored statistics:
|       table: rows=22 size=5.99KB
|       columns: all
|     extrapolated-rows=disabled max-scan-range-rows=22
|     mem-estimate=16.00MB mem-reservation=112.00KB thread-reservation=0
|     tuple-ids=2 row-size=244B cardinality=22 cost=35
|     in pipelines: 01(GETNEXT)
|
00:SCAN HDFS [tpcds_partitioned_parquet_snap.inventory, RANDOM]
   HDFS partitions=261/261 files=261 size=5.10GB
   runtime filters: RF005[min_max] -> tpcds_partitioned_parquet_snap.inventory.inv_item_sk, RF002[min_max] -> tpcds_partitioned_parquet_snap.inventory.inv_item_sk, RF003[min_max] -> tpcds_partitioned_parquet_snap.inventory.inv_warehouse_sk, RF009[min_max] -> tpcds_partitioned_parquet_snap.inventory.inv_warehouse_sk, RF004[bloom] -> tpcds_partitioned_parquet_snap.inventory.inv_item_sk, RF000[bloom] -> tpcds_partitioned_parquet_snap.inventory.inv_item_sk, RF001[bloom] -> tpcds_partitioned_parquet_snap.inventory.inv_warehouse_sk, RF006[bloom] -> tpcds_partitioned_parquet_snap.inventory.inv_date_sk, RF008[bloom] -> tpcds_partitioned_parquet_snap.inventory.inv_warehouse_sk
   stored statistics:
     table: rows=1.03G size=5.10GB
     partitions: 261/261 rows=1.03G
     columns: all
   extrapolated-rows=disabled max-scan-range-rows=3.99M
   mem-estimate=16.00MB mem-reservation=256.00KB thread-reservation=0
   tuple-ids=0 row-size=16B cardinality=1.03G(filtered from 1.03G) cost=238132224
   in pipelines: 00(GETNEXT)
====
