# TPCDS-Q14b second of two queries
with  cross_items as
 (select i_item_sk ss_item_sk
 from item,
 (select iss.i_brand_id brand_id
     ,iss.i_class_id class_id
     ,iss.i_category_id category_id
 from store_sales
     ,item iss
     ,date_dim d1
 where ss_item_sk = iss.i_item_sk
   and ss_sold_date_sk = d1.d_date_sk
   and d1.d_year between 1998 AND 1998 + 2
 intersect
 select ics.i_brand_id
     ,ics.i_class_id
     ,ics.i_category_id
 from catalog_sales
     ,item ics
     ,date_dim d2
 where cs_item_sk = ics.i_item_sk
   and cs_sold_date_sk = d2.d_date_sk
   and d2.d_year between 1998 AND 1998 + 2
 intersect
 select iws.i_brand_id
     ,iws.i_class_id
     ,iws.i_category_id
 from web_sales
     ,item iws
     ,date_dim d3
 where ws_item_sk = iws.i_item_sk
   and ws_sold_date_sk = d3.d_date_sk
   and d3.d_year between 1998 AND 1998 + 2) x
 where i_brand_id = brand_id
      and i_class_id = class_id
      and i_category_id = category_id
),
 avg_sales as
(select avg(quantity*list_price) average_sales
  from (select ss_quantity quantity
             ,ss_list_price list_price
       from store_sales
           ,date_dim
       where ss_sold_date_sk = d_date_sk
         and d_year between 1998 and 1998 + 2
       union all
       select cs_quantity quantity
             ,cs_list_price list_price
       from catalog_sales
           ,date_dim
       where cs_sold_date_sk = d_date_sk
         and d_year between 1998 and 1998 + 2
       union all
       select ws_quantity quantity
             ,ws_list_price list_price
       from web_sales
           ,date_dim
       where ws_sold_date_sk = d_date_sk
         and d_year between 1998 and 1998 + 2) x)
  select  this_year.channel ty_channel
                           ,this_year.i_brand_id ty_brand
                           ,this_year.i_class_id ty_class
                           ,this_year.i_category_id ty_category
                           ,this_year.sales ty_sales
                           ,this_year.number_sales ty_number_sales
                           ,last_year.channel ly_channel
                           ,last_year.i_brand_id ly_brand
                           ,last_year.i_class_id ly_class
                           ,last_year.i_category_id ly_category
                           ,last_year.sales ly_sales
                           ,last_year.number_sales ly_number_sales
 from
 (select 'store' channel, i_brand_id,i_class_id,i_category_id
        ,sum(ss_quantity*ss_list_price) sales, count(*) number_sales
 from store_sales
     ,item
     ,date_dim
 where ss_item_sk in (select ss_item_sk from cross_items)
   and ss_item_sk = i_item_sk
   and ss_sold_date_sk = d_date_sk
   and d_week_seq = (select d_week_seq
                     from date_dim
                     where d_year = 1998 + 1
                       and d_moy = 12
                       and d_dom = 20)
 group by i_brand_id,i_class_id,i_category_id
 having sum(ss_quantity*ss_list_price) > (select average_sales from avg_sales)) this_year,
 (select 'store' channel, i_brand_id,i_class_id
        ,i_category_id, sum(ss_quantity*ss_list_price) sales, count(*) number_sales
 from store_sales
     ,item
     ,date_dim
 where ss_item_sk in (select ss_item_sk from cross_items)
   and ss_item_sk = i_item_sk
   and ss_sold_date_sk = d_date_sk
   and d_week_seq = (select d_week_seq
                     from date_dim
                     where d_year = 1998
                       and d_moy = 12
                       and d_dom = 20)
 group by i_brand_id,i_class_id,i_category_id
 having sum(ss_quantity*ss_list_price) > (select average_sales from avg_sales)) last_year
 where this_year.i_brand_id= last_year.i_brand_id
   and this_year.i_class_id = last_year.i_class_id
   and this_year.i_category_id = last_year.i_category_id
 order by this_year.channel, this_year.i_brand_id, this_year.i_class_id, this_year.i_category_id
 limit 100

# end query 14 in stream 0 using template query14.tpl
---- PLAN
Max Per-Host Resource Reservation: Memory=384.25MB Threads=1
Per-Host Resource Estimates: Memory=1.42GB
F00:PLAN FRAGMENT [UNPARTITIONED] hosts=1 instances=1
|  Per-Instance Resources: mem-estimate=1.42GB mem-reservation=384.25MB thread-reservation=1 runtime-filters-memory=10.00MB
|  max-parallelism=1 segment-costs=[22988, 31372963012, 18425340152, 1786964, 1760391, 9213623656, 2680446, 3045814, 140059802, 33456425724, 22988, 31372963012, 18425340152, 1786964, 1760391, 9213623656, 2680446, 3045814, 140059802, 33456425724, 847873892, 1200]
PLAN-ROOT SINK
|  output exprs: 'store', tpcds_partitioned_parquet_snap.item.i_brand_id, tpcds_partitioned_parquet_snap.item.i_class_id, tpcds_partitioned_parquet_snap.item.i_category_id, sum(multiply(tpcds_partitioned_parquet_snap.store_sales.ss_quantity, tpcds_partitioned_parquet_snap.store_sales.ss_list_price)), count(), 'store', tpcds_partitioned_parquet_snap.item_4.i_brand_id, tpcds_partitioned_parquet_snap.item_4.i_class_id, tpcds_partitioned_parquet_snap.item_4.i_category_id, sum(multiply(tpcds_partitioned_parquet_snap.store_sales_2.ss_quantity, tpcds_partitioned_parquet_snap.store_sales_2.ss_list_price)), count()
|  mem-estimate=4.00MB mem-reservation=4.00MB spill-buffer=2.00MB thread-reservation=0 cost=1200
|
99:TOP-N [LIMIT=100]
|  order by: tpcds_partitioned_parquet_snap.item.i_brand_id ASC NULLS LAST, tpcds_partitioned_parquet_snap.item.i_class_id ASC NULLS LAST, tpcds_partitioned_parquet_snap.item.i_category_id ASC NULLS LAST
|  mem-estimate=7.03KB mem-reservation=0B thread-reservation=0
|  tuple-ids=108 row-size=72B cardinality=100 cost=837188295
|  in pipelines: 99(GETNEXT), 35(OPEN)
|
98:HASH JOIN [INNER JOIN]
|  hash predicates: tpcds_partitioned_parquet_snap.item.i_brand_id = tpcds_partitioned_parquet_snap.item_4.i_brand_id, tpcds_partitioned_parquet_snap.item.i_category_id = tpcds_partitioned_parquet_snap.item_4.i_category_id, tpcds_partitioned_parquet_snap.item.i_class_id = tpcds_partitioned_parquet_snap.item_4.i_class_id
|  fk/pk conjuncts: none
|  runtime filters: RF003[min_max] <- tpcds_partitioned_parquet_snap.item_4.i_brand_id, RF004[min_max] <- tpcds_partitioned_parquet_snap.item_4.i_category_id, RF005[min_max] <- tpcds_partitioned_parquet_snap.item_4.i_class_id
|  mem-estimate=17.00MB mem-reservation=17.00MB spill-buffer=1.00MB thread-reservation=0
|  tuple-ids=37,53,91,107 row-size=104B cardinality=57.60M cost=10624489
|  in pipelines: 35(GETNEXT), 84(OPEN)
|
|--97:NESTED LOOP JOIN [INNER JOIN]
|  |  join predicates: sum(multiply(tpcds_partitioned_parquet_snap.store_sales_2.ss_quantity, tpcds_partitioned_parquet_snap.store_sales_2.ss_list_price)) > avg(multiply(QUANTITY, LIST_PRICE))
|  |  mem-estimate=16B mem-reservation=0B thread-reservation=0
|  |  tuple-ids=91,107 row-size=52B cardinality=149.12K cost=30554
|  |  in pipelines: 84(GETNEXT), 96(OPEN)
|  |
|  |--96:AGGREGATE [FINALIZE]
|  |  |  output: avg(multiply(CAST(QUANTITY AS DECIMAL(10,0)), LIST_PRICE))
|  |  |  mem-estimate=16.00KB mem-reservation=0B spill-buffer=2.00MB thread-reservation=0
|  |  |  tuple-ids=107 row-size=16B cardinality=1 cost=1058398679
|  |  |  in pipelines: 96(GETNEXT), 87(OPEN), 90(OPEN), 93(OPEN)
|  |  |
|  |  85:UNION
|  |  |  pass-through-operands: 86
|  |  |  mem-estimate=0B mem-reservation=0B thread-reservation=0
|  |  |  tuple-ids=105 row-size=8B cardinality=15.12G cost=110287964
|  |  |  in pipelines: 87(GETNEXT), 90(GETNEXT), 93(GETNEXT)
|  |  |
|  |  |--95:HASH JOIN [INNER JOIN]
|  |  |  |  hash predicates: tpcds_partitioned_parquet_snap.web_sales_2.ws_sold_date_sk = tpcds_partitioned_parquet_snap.date_dim_14.d_date_sk
|  |  |  |  fk/pk conjuncts: tpcds_partitioned_parquet_snap.web_sales_2.ws_sold_date_sk = tpcds_partitioned_parquet_snap.date_dim_14.d_date_sk
|  |  |  |  mem-estimate=2.88MB mem-reservation=2.88MB spill-buffer=128.00KB thread-reservation=0
|  |  |  |  tuple-ids=101,103 row-size=377B cardinality=2.16G cost=945425284
|  |  |  |  in pipelines: 93(GETNEXT), 94(OPEN)
|  |  |  |
|  |  |  |--94:SCAN HDFS [tpcds_partitioned_parquet_snap.date_dim]
|  |  |  |     HDFS partitions=1/1 files=1 size=2.17MB
|  |  |  |     predicates: tpcds_partitioned_parquet_snap.date_dim_14.d_year <= add(CAST(1998 AS INT), CAST(2 AS INT)), tpcds_partitioned_parquet_snap.date_dim_14.d_year >= CAST(1998 AS INT)
|  |  |  |     stored statistics:
|  |  |  |       table: rows=73.05K size=2.17MB
|  |  |  |       columns: all
|  |  |  |     extrapolated-rows=disabled max-scan-range-rows=73.05K
|  |  |  |     parquet statistics predicates: tpcds_partitioned_parquet_snap.date_dim_14.d_year <= add(CAST(1998 AS INT), CAST(2 AS INT)), tpcds_partitioned_parquet_snap.date_dim_14.d_year >= CAST(1998 AS INT)
|  |  |  |     parquet dictionary predicates: tpcds_partitioned_parquet_snap.date_dim_14.d_year <= add(CAST(1998 AS INT), CAST(2 AS INT)), tpcds_partitioned_parquet_snap.date_dim_14.d_year >= CAST(1998 AS INT)
|  |  |  |     mem-estimate=16.00MB mem-reservation=4.00MB thread-reservation=0
|  |  |  |     tuple-ids=103 row-size=237B cardinality=7.30K cost=114705
|  |  |  |     in pipelines: 94(GETNEXT)
|  |  |  |
|  |  |  93:SCAN HDFS [tpcds_partitioned_parquet_snap.web_sales]
|  |  |     HDFS partitions=1824/1824 files=1824 size=145.75GB
|  |  |     stored statistics:
|  |  |       table: rows=2.16G size=145.75GB
|  |  |       partitions: 1824/1824 rows=2.16G
|  |  |       columns: all
|  |  |     extrapolated-rows=disabled max-scan-range-rows=3.37M
|  |  |     mem-estimate=16.00MB mem-reservation=264.00KB thread-reservation=0
|  |  |     tuple-ids=101 row-size=140B cardinality=2.16G cost=4354495421
|  |  |     in pipelines: 93(GETNEXT)
|  |  |
|  |  86:UNION
|  |  |  mem-estimate=0B mem-reservation=0B thread-reservation=0
|  |  |  tuple-ids=100 row-size=8B cardinality=12.96G cost=661738272
|  |  |  in pipelines: 87(GETNEXT), 90(GETNEXT)
|  |  |
|  |  |--92:HASH JOIN [INNER JOIN]
|  |  |  |  hash predicates: tpcds_partitioned_parquet_snap.catalog_sales_2.cs_sold_date_sk = tpcds_partitioned_parquet_snap.date_dim_13.d_date_sk
|  |  |  |  fk/pk conjuncts: tpcds_partitioned_parquet_snap.catalog_sales_2.cs_sold_date_sk = tpcds_partitioned_parquet_snap.date_dim_13.d_date_sk
|  |  |  |  mem-estimate=2.88MB mem-reservation=2.88MB spill-buffer=128.00KB thread-reservation=0
|  |  |  |  tuple-ids=96,98 row-size=377B cardinality=4.32G cost=1890905436
|  |  |  |  in pipelines: 90(GETNEXT), 91(OPEN)
|  |  |  |
|  |  |  |--91:SCAN HDFS [tpcds_partitioned_parquet_snap.date_dim]
|  |  |  |     HDFS partitions=1/1 files=1 size=2.17MB
|  |  |  |     predicates: tpcds_partitioned_parquet_snap.date_dim_13.d_year <= add(CAST(1998 AS INT), CAST(2 AS INT)), tpcds_partitioned_parquet_snap.date_dim_13.d_year >= CAST(1998 AS INT)
|  |  |  |     stored statistics:
|  |  |  |       table: rows=73.05K size=2.17MB
|  |  |  |       columns: all
|  |  |  |     extrapolated-rows=disabled max-scan-range-rows=73.05K
|  |  |  |     parquet statistics predicates: tpcds_partitioned_parquet_snap.date_dim_13.d_year <= add(CAST(1998 AS INT), CAST(2 AS INT)), tpcds_partitioned_parquet_snap.date_dim_13.d_year >= CAST(1998 AS INT)
|  |  |  |     parquet dictionary predicates: tpcds_partitioned_parquet_snap.date_dim_13.d_year <= add(CAST(1998 AS INT), CAST(2 AS INT)), tpcds_partitioned_parquet_snap.date_dim_13.d_year >= CAST(1998 AS INT)
|  |  |  |     mem-estimate=16.00MB mem-reservation=4.00MB thread-reservation=0
|  |  |  |     tuple-ids=98 row-size=237B cardinality=7.30K cost=114705
|  |  |  |     in pipelines: 91(GETNEXT)
|  |  |  |
|  |  |  90:SCAN HDFS [tpcds_partitioned_parquet_snap.catalog_sales]
|  |  |     HDFS partitions=1831/1831 files=1831 size=280.96GB
|  |  |     stored statistics:
|  |  |       table: rows=4.32G size=280.96GB
|  |  |       partitions: 1831/1831 rows=4.32G
|  |  |       columns: all
|  |  |     extrapolated-rows=disabled max-scan-range-rows=21.52M
|  |  |     mem-estimate=16.00MB mem-reservation=1.00MB thread-reservation=0
|  |  |     tuple-ids=96 row-size=140B cardinality=4.32G cost=8709277205
|  |  |     in pipelines: 90(GETNEXT)
|  |  |
|  |  89:HASH JOIN [INNER JOIN]
|  |  |  hash predicates: tpcds_partitioned_parquet_snap.store_sales_4.ss_sold_date_sk = tpcds_partitioned_parquet_snap.date_dim_12.d_date_sk
|  |  |  fk/pk conjuncts: tpcds_partitioned_parquet_snap.store_sales_4.ss_sold_date_sk = tpcds_partitioned_parquet_snap.date_dim_12.d_date_sk
|  |  |  mem-estimate=2.88MB mem-reservation=2.88MB spill-buffer=128.00KB thread-reservation=0
|  |  |  tuple-ids=92,94 row-size=333B cardinality=8.64G cost=3781706938
|  |  |  in pipelines: 87(GETNEXT), 88(OPEN)
|  |  |
|  |  |--88:SCAN HDFS [tpcds_partitioned_parquet_snap.date_dim]
|  |  |     HDFS partitions=1/1 files=1 size=2.17MB
|  |  |     predicates: tpcds_partitioned_parquet_snap.date_dim_12.d_year <= add(CAST(1998 AS INT), CAST(2 AS INT)), tpcds_partitioned_parquet_snap.date_dim_12.d_year >= CAST(1998 AS INT)
|  |  |     stored statistics:
|  |  |       table: rows=73.05K size=2.17MB
|  |  |       columns: all
|  |  |     extrapolated-rows=disabled max-scan-range-rows=73.05K
|  |  |     parquet statistics predicates: tpcds_partitioned_parquet_snap.date_dim_12.d_year <= add(CAST(1998 AS INT), CAST(2 AS INT)), tpcds_partitioned_parquet_snap.date_dim_12.d_year >= CAST(1998 AS INT)
|  |  |     parquet dictionary predicates: tpcds_partitioned_parquet_snap.date_dim_12.d_year <= add(CAST(1998 AS INT), CAST(2 AS INT)), tpcds_partitioned_parquet_snap.date_dim_12.d_year >= CAST(1998 AS INT)
|  |  |     mem-estimate=16.00MB mem-reservation=4.00MB thread-reservation=0
|  |  |     tuple-ids=94 row-size=237B cardinality=7.30K cost=114705
|  |  |     in pipelines: 88(GETNEXT)
|  |  |
|  |  87:SCAN HDFS [tpcds_partitioned_parquet_snap.store_sales]
|  |     HDFS partitions=1824/1824 files=1824 size=389.90GB
|  |     stored statistics:
|  |       table: rows=8.64G size=389.90GB
|  |       partitions: 1824/1824 rows=8.64G
|  |       columns: all
|  |     extrapolated-rows=disabled max-scan-range-rows=390.22M
|  |     mem-estimate=16.00MB mem-reservation=8.00MB thread-reservation=0
|  |     tuple-ids=92 row-size=96B cardinality=8.64G cost=11943846410
|  |     in pipelines: 87(GETNEXT)
|  |
|  84:AGGREGATE [FINALIZE]
|  |  output: sum(multiply(CAST(tpcds_partitioned_parquet_snap.store_sales_2.ss_quantity AS DECIMAL(10,0)), tpcds_partitioned_parquet_snap.store_sales_2.ss_list_price)), count()
|  |  group by: tpcds_partitioned_parquet_snap.item_4.i_brand_id, tpcds_partitioned_parquet_snap.item_4.i_class_id, tpcds_partitioned_parquet_snap.item_4.i_category_id
|  |  mem-estimate=10.00MB mem-reservation=8.50MB spill-buffer=512.00KB thread-reservation=0
|  |  tuple-ids=91 row-size=36B cardinality=149.12K cost=48510402
|  |  in pipelines: 84(GETNEXT), 49(OPEN)
|  |
|  83:HASH JOIN [INNER JOIN]
|  |  hash predicates: tpcds_partitioned_parquet_snap.store_sales_2.ss_item_sk = tpcds_partitioned_parquet_snap.item_8.i_item_sk
|  |  fk/pk conjuncts: tpcds_partitioned_parquet_snap.store_sales_2.ss_item_sk = tpcds_partitioned_parquet_snap.item_8.i_item_sk
|  |  runtime filters: RF039[min_max] <- tpcds_partitioned_parquet_snap.item_8.i_item_sk
|  |  mem-estimate=17.00MB mem-reservation=17.00MB spill-buffer=1.00MB thread-reservation=0
|  |  tuple-ids=54,56,58,60,90 row-size=759B cardinality=33.12M cost=14862848
|  |  in pipelines: 49(GETNEXT), 82(OPEN)
|  |
|  |--82:AGGREGATE [FINALIZE]
|  |  |  group by: tpcds_partitioned_parquet_snap.item_8.i_item_sk
|  |  |  mem-estimate=10.00MB mem-reservation=8.50MB spill-buffer=512.00KB thread-reservation=0
|  |  |  tuple-ids=90 row-size=4B cardinality=360.00K cost=1069444
|  |  |  in pipelines: 82(GETNEXT), 80(OPEN)
|  |  |
|  |  81:HASH JOIN [INNER JOIN]
|  |  |  hash predicates: tpcds_partitioned_parquet_snap.item_8.i_brand_id = BRAND_ID, tpcds_partitioned_parquet_snap.item_8.i_category_id = CATEGORY_ID, tpcds_partitioned_parquet_snap.item_8.i_class_id = CLASS_ID
|  |  |  fk/pk conjuncts: assumed fk/pk
|  |  |  runtime filters: RF049[min_max] <- BRAND_ID, RF050[min_max] <- CATEGORY_ID, RF051[min_max] <- CLASS_ID
|  |  |  mem-estimate=34.00MB mem-reservation=34.00MB spill-buffer=2.00MB thread-reservation=0
|  |  |  tuple-ids=88,87 row-size=425B cardinality=447.36K cost=620761
|  |  |  in pipelines: 80(GETNEXT), 79(OPEN)
|  |  |
|  |  |--79:AGGREGATE [FINALIZE]
|  |  |  |  output: count()
|  |  |  |  group by: BRAND_ID, CLASS_ID, CATEGORY_ID
|  |  |  |  having: count() = CAST(2 AS BIGINT)
|  |  |  |  mem-estimate=128.00MB mem-reservation=34.00MB spill-buffer=2.00MB thread-reservation=0
|  |  |  |  tuple-ids=87 row-size=20B cardinality=447.36K cost=2640587
|  |  |  |  in pipelines: 79(GETNEXT), 72(OPEN), 78(OPEN)
|  |  |  |
|  |  |  57:UNION
|  |  |  |  mem-estimate=0B mem-reservation=0B thread-reservation=0
|  |  |  |  tuple-ids=86 row-size=20B cardinality=447.36K cost=39859
|  |  |  |  in pipelines: 72(GETNEXT), 78(GETNEXT)
|  |  |  |
|  |  |  |--78:AGGREGATE [FINALIZE]
|  |  |  |  |  output: count()
|  |  |  |  |  group by: tpcds_partitioned_parquet_snap.item_7.i_brand_id, tpcds_partitioned_parquet_snap.item_7.i_class_id, tpcds_partitioned_parquet_snap.item_7.i_category_id
|  |  |  |  |  mem-estimate=10.00MB mem-reservation=8.50MB spill-buffer=512.00KB thread-reservation=0
|  |  |  |  |  tuple-ids=85 row-size=20B cardinality=149.12K cost=2967204009
|  |  |  |  |  in pipelines: 78(GETNEXT), 73(OPEN)
|  |  |  |  |
|  |  |  |  77:HASH JOIN [INNER JOIN]
|  |  |  |  |  hash predicates: tpcds_partitioned_parquet_snap.web_sales_1.ws_item_sk = tpcds_partitioned_parquet_snap.item_7.i_item_sk
|  |  |  |  |  fk/pk conjuncts: tpcds_partitioned_parquet_snap.web_sales_1.ws_item_sk = tpcds_partitioned_parquet_snap.item_7.i_item_sk
|  |  |  |  |  runtime filters: RF060[bloom] <- tpcds_partitioned_parquet_snap.item_7.i_item_sk, RF061[min_max] <- tpcds_partitioned_parquet_snap.item_7.i_item_sk
|  |  |  |  |  mem-estimate=151.22MB mem-reservation=34.00MB spill-buffer=2.00MB thread-reservation=0
|  |  |  |  |  tuple-ids=79,81,83 row-size=783B cardinality=2.16G cost=945305506
|  |  |  |  |  in pipelines: 73(GETNEXT), 76(OPEN)
|  |  |  |  |
|  |  |  |  |--76:SCAN HDFS [tpcds_partitioned_parquet_snap.item]
|  |  |  |  |     HDFS partitions=1/1 files=1 size=33.54MB
|  |  |  |  |     stored statistics:
|  |  |  |  |       table: rows=360.00K size=33.54MB
|  |  |  |  |       columns: all
|  |  |  |  |     extrapolated-rows=disabled max-scan-range-rows=101.54K
|  |  |  |  |     mem-estimate=16.00MB mem-reservation=512.00KB thread-reservation=0
|  |  |  |  |     tuple-ids=83 row-size=405B cardinality=360.00K cost=1355609
|  |  |  |  |     in pipelines: 76(GETNEXT)
|  |  |  |  |
|  |  |  |  75:HASH JOIN [INNER JOIN]
|  |  |  |  |  hash predicates: tpcds_partitioned_parquet_snap.web_sales_1.ws_sold_date_sk = tpcds_partitioned_parquet_snap.date_dim_11.d_date_sk
|  |  |  |  |  fk/pk conjuncts: tpcds_partitioned_parquet_snap.web_sales_1.ws_sold_date_sk = tpcds_partitioned_parquet_snap.date_dim_11.d_date_sk
|  |  |  |  |  mem-estimate=2.88MB mem-reservation=2.88MB spill-buffer=128.00KB thread-reservation=0
|  |  |  |  |  tuple-ids=79,81 row-size=377B cardinality=2.16G(filtered from 2.16G) cost=945148406
|  |  |  |  |  in pipelines: 73(GETNEXT), 74(OPEN)
|  |  |  |  |
|  |  |  |  |--74:SCAN HDFS [tpcds_partitioned_parquet_snap.date_dim]
|  |  |  |  |     HDFS partitions=1/1 files=1 size=2.17MB
|  |  |  |  |     predicates: tpcds_partitioned_parquet_snap.date_dim_11.d_year <= add(CAST(1998 AS INT), CAST(2 AS INT)), tpcds_partitioned_parquet_snap.date_dim_11.d_year >= CAST(1998 AS INT)
|  |  |  |  |     stored statistics:
|  |  |  |  |       table: rows=73.05K size=2.17MB
|  |  |  |  |       columns: all
|  |  |  |  |     extrapolated-rows=disabled max-scan-range-rows=73.05K
|  |  |  |  |     parquet statistics predicates: tpcds_partitioned_parquet_snap.date_dim_11.d_year <= add(CAST(1998 AS INT), CAST(2 AS INT)), tpcds_partitioned_parquet_snap.date_dim_11.d_year >= CAST(1998 AS INT)
|  |  |  |  |     parquet dictionary predicates: tpcds_partitioned_parquet_snap.date_dim_11.d_year <= add(CAST(1998 AS INT), CAST(2 AS INT)), tpcds_partitioned_parquet_snap.date_dim_11.d_year >= CAST(1998 AS INT)
|  |  |  |  |     mem-estimate=16.00MB mem-reservation=4.00MB thread-reservation=0
|  |  |  |  |     tuple-ids=81 row-size=237B cardinality=7.30K cost=114705
|  |  |  |  |     in pipelines: 74(GETNEXT)
|  |  |  |  |
|  |  |  |  73:SCAN HDFS [tpcds_partitioned_parquet_snap.web_sales]
|  |  |  |     HDFS partitions=1824/1824 files=1824 size=145.75GB
|  |  |  |     runtime filters: RF061[min_max] -> tpcds_partitioned_parquet_snap.web_sales_1.ws_item_sk, RF060[bloom] -> tpcds_partitioned_parquet_snap.web_sales_1.ws_item_sk
|  |  |  |     stored statistics:
|  |  |  |       table: rows=2.16G size=145.75GB
|  |  |  |       partitions: 1824/1824 rows=2.16G
|  |  |  |       columns: all
|  |  |  |     extrapolated-rows=disabled max-scan-range-rows=3.37M
|  |  |  |     mem-estimate=16.00MB mem-reservation=264.00KB thread-reservation=0
|  |  |  |     tuple-ids=79 row-size=140B cardinality=2.16G(filtered from 2.16G) cost=4354495421
|  |  |  |     in pipelines: 73(GETNEXT)
|  |  |  |
|  |  |  72:AGGREGATE [FINALIZE]
|  |  |  |  output: count()
|  |  |  |  group by: BRAND_ID, CLASS_ID, CATEGORY_ID
|  |  |  |  mem-estimate=128.00MB mem-reservation=34.00MB spill-buffer=2.00MB thread-reservation=0
|  |  |  |  tuple-ids=78 row-size=20B cardinality=298.24K cost=1760391
|  |  |  |  in pipelines: 72(GETNEXT), 71(OPEN)
|  |  |  |
|  |  |  71:AGGREGATE [FINALIZE]
|  |  |  |  output: count()
|  |  |  |  group by: BRAND_ID, CLASS_ID, CATEGORY_ID
|  |  |  |  having: count() = CAST(2 AS BIGINT)
|  |  |  |  mem-estimate=128.00MB mem-reservation=34.00MB spill-buffer=2.00MB thread-reservation=0
|  |  |  |  tuple-ids=77 row-size=20B cardinality=298.24K cost=1760391
|  |  |  |  in pipelines: 71(GETNEXT), 64(OPEN), 70(OPEN)
|  |  |  |
|  |  |  58:UNION
|  |  |  |  mem-estimate=0B mem-reservation=0B thread-reservation=0
|  |  |  |  tuple-ids=76 row-size=20B cardinality=298.24K cost=26573
|  |  |  |  in pipelines: 64(GETNEXT), 70(GETNEXT)
|  |  |  |
|  |  |  |--70:AGGREGATE [FINALIZE]
|  |  |  |  |  output: count()
|  |  |  |  |  group by: tpcds_partitioned_parquet_snap.item_6.i_brand_id, tpcds_partitioned_parquet_snap.item_6.i_class_id, tpcds_partitioned_parquet_snap.item_6.i_category_id
|  |  |  |  |  mem-estimate=10.00MB mem-reservation=8.50MB spill-buffer=512.00KB thread-reservation=0
|  |  |  |  |  tuple-ids=75 row-size=20B cardinality=149.12K cost=5933927815
|  |  |  |  |  in pipelines: 70(GETNEXT), 65(OPEN)
|  |  |  |  |
|  |  |  |  69:HASH JOIN [INNER JOIN]
|  |  |  |  |  hash predicates: tpcds_partitioned_parquet_snap.catalog_sales_1.cs_item_sk = tpcds_partitioned_parquet_snap.item_6.i_item_sk
|  |  |  |  |  fk/pk conjuncts: tpcds_partitioned_parquet_snap.catalog_sales_1.cs_item_sk = tpcds_partitioned_parquet_snap.item_6.i_item_sk
|  |  |  |  |  runtime filters: RF056[bloom] <- tpcds_partitioned_parquet_snap.item_6.i_item_sk, RF057[min_max] <- tpcds_partitioned_parquet_snap.item_6.i_item_sk
|  |  |  |  |  mem-estimate=151.22MB mem-reservation=34.00MB spill-buffer=2.00MB thread-reservation=0
|  |  |  |  |  tuple-ids=69,71,73 row-size=783B cardinality=4.32G cost=1890313155
|  |  |  |  |  in pipelines: 65(GETNEXT), 68(OPEN)
|  |  |  |  |
|  |  |  |  |--68:SCAN HDFS [tpcds_partitioned_parquet_snap.item]
|  |  |  |  |     HDFS partitions=1/1 files=1 size=33.54MB
|  |  |  |  |     stored statistics:
|  |  |  |  |       table: rows=360.00K size=33.54MB
|  |  |  |  |       columns: all
|  |  |  |  |     extrapolated-rows=disabled max-scan-range-rows=101.54K
|  |  |  |  |     mem-estimate=16.00MB mem-reservation=512.00KB thread-reservation=0
|  |  |  |  |     tuple-ids=73 row-size=405B cardinality=360.00K cost=1355609
|  |  |  |  |     in pipelines: 68(GETNEXT)
|  |  |  |  |
|  |  |  |  67:HASH JOIN [INNER JOIN]
|  |  |  |  |  hash predicates: tpcds_partitioned_parquet_snap.catalog_sales_1.cs_sold_date_sk = tpcds_partitioned_parquet_snap.date_dim_10.d_date_sk
|  |  |  |  |  fk/pk conjuncts: tpcds_partitioned_parquet_snap.catalog_sales_1.cs_sold_date_sk = tpcds_partitioned_parquet_snap.date_dim_10.d_date_sk
|  |  |  |  |  mem-estimate=2.88MB mem-reservation=2.88MB spill-buffer=128.00KB thread-reservation=0
|  |  |  |  |  tuple-ids=69,71 row-size=377B cardinality=4.32G(filtered from 4.32G) cost=1890351663
|  |  |  |  |  in pipelines: 65(GETNEXT), 66(OPEN)
|  |  |  |  |
|  |  |  |  |--66:SCAN HDFS [tpcds_partitioned_parquet_snap.date_dim]
|  |  |  |  |     HDFS partitions=1/1 files=1 size=2.17MB
|  |  |  |  |     predicates: tpcds_partitioned_parquet_snap.date_dim_10.d_year <= add(CAST(1998 AS INT), CAST(2 AS INT)), tpcds_partitioned_parquet_snap.date_dim_10.d_year >= CAST(1998 AS INT)
|  |  |  |  |     stored statistics:
|  |  |  |  |       table: rows=73.05K size=2.17MB
|  |  |  |  |       columns: all
|  |  |  |  |     extrapolated-rows=disabled max-scan-range-rows=73.05K
|  |  |  |  |     parquet statistics predicates: tpcds_partitioned_parquet_snap.date_dim_10.d_year <= add(CAST(1998 AS INT), CAST(2 AS INT)), tpcds_partitioned_parquet_snap.date_dim_10.d_year >= CAST(1998 AS INT)
|  |  |  |  |     parquet dictionary predicates: tpcds_partitioned_parquet_snap.date_dim_10.d_year <= add(CAST(1998 AS INT), CAST(2 AS INT)), tpcds_partitioned_parquet_snap.date_dim_10.d_year >= CAST(1998 AS INT)
|  |  |  |  |     mem-estimate=16.00MB mem-reservation=4.00MB thread-reservation=0
|  |  |  |  |     tuple-ids=71 row-size=237B cardinality=7.30K cost=114705
|  |  |  |  |     in pipelines: 66(GETNEXT)
|  |  |  |  |
|  |  |  |  65:SCAN HDFS [tpcds_partitioned_parquet_snap.catalog_sales]
|  |  |  |     HDFS partitions=1831/1831 files=1831 size=280.96GB
|  |  |  |     runtime filters: RF057[min_max] -> tpcds_partitioned_parquet_snap.catalog_sales_1.cs_item_sk, RF056[bloom] -> tpcds_partitioned_parquet_snap.catalog_sales_1.cs_item_sk
|  |  |  |     stored statistics:
|  |  |  |       table: rows=4.32G size=280.96GB
|  |  |  |       partitions: 1831/1831 rows=4.32G
|  |  |  |       columns: all
|  |  |  |     extrapolated-rows=disabled max-scan-range-rows=21.52M
|  |  |  |     mem-estimate=16.00MB mem-reservation=1.00MB thread-reservation=0
|  |  |  |     tuple-ids=69 row-size=140B cardinality=4.32G(filtered from 4.32G) cost=8709277205
|  |  |  |     in pipelines: 65(GETNEXT)
|  |  |  |
|  |  |  64:AGGREGATE [FINALIZE]
|  |  |  |  output: count()
|  |  |  |  group by: tpcds_partitioned_parquet_snap.item_5.i_brand_id, tpcds_partitioned_parquet_snap.item_5.i_class_id, tpcds_partitioned_parquet_snap.item_5.i_category_id
|  |  |  |  mem-estimate=10.00MB mem-reservation=8.50MB spill-buffer=512.00KB thread-reservation=0
|  |  |  |  tuple-ids=68 row-size=20B cardinality=149.12K cost=11866877138
|  |  |  |  in pipelines: 64(GETNEXT), 59(OPEN)
|  |  |  |
|  |  |  63:HASH JOIN [INNER JOIN]
|  |  |  |  hash predicates: tpcds_partitioned_parquet_snap.store_sales_3.ss_item_sk = tpcds_partitioned_parquet_snap.item_5.i_item_sk
|  |  |  |  fk/pk conjuncts: tpcds_partitioned_parquet_snap.store_sales_3.ss_item_sk = tpcds_partitioned_parquet_snap.item_5.i_item_sk
|  |  |  |  runtime filters: RF052[bloom] <- tpcds_partitioned_parquet_snap.item_5.i_item_sk, RF053[min_max] <- tpcds_partitioned_parquet_snap.item_5.i_item_sk
|  |  |  |  mem-estimate=151.22MB mem-reservation=34.00MB spill-buffer=2.00MB thread-reservation=0
|  |  |  |  tuple-ids=62,64,66 row-size=739B cardinality=8.64G cost=3780169729
|  |  |  |  in pipelines: 59(GETNEXT), 62(OPEN)
|  |  |  |
|  |  |  |--62:SCAN HDFS [tpcds_partitioned_parquet_snap.item]
|  |  |  |     HDFS partitions=1/1 files=1 size=33.54MB
|  |  |  |     stored statistics:
|  |  |  |       table: rows=360.00K size=33.54MB
|  |  |  |       columns: all
|  |  |  |     extrapolated-rows=disabled max-scan-range-rows=101.54K
|  |  |  |     mem-estimate=16.00MB mem-reservation=512.00KB thread-reservation=0
|  |  |  |     tuple-ids=66 row-size=405B cardinality=360.00K cost=1355609
|  |  |  |     in pipelines: 62(GETNEXT)
|  |  |  |
|  |  |  61:HASH JOIN [INNER JOIN]
|  |  |  |  hash predicates: tpcds_partitioned_parquet_snap.store_sales_3.ss_sold_date_sk = tpcds_partitioned_parquet_snap.date_dim_9.d_date_sk
|  |  |  |  fk/pk conjuncts: tpcds_partitioned_parquet_snap.store_sales_3.ss_sold_date_sk = tpcds_partitioned_parquet_snap.date_dim_9.d_date_sk
|  |  |  |  mem-estimate=2.88MB mem-reservation=2.88MB spill-buffer=128.00KB thread-reservation=0
|  |  |  |  tuple-ids=62,64 row-size=333B cardinality=8.64G(filtered from 8.64G) cost=3780599421
|  |  |  |  in pipelines: 59(GETNEXT), 60(OPEN)
|  |  |  |
|  |  |  |--60:SCAN HDFS [tpcds_partitioned_parquet_snap.date_dim]
|  |  |  |     HDFS partitions=1/1 files=1 size=2.17MB
|  |  |  |     predicates: tpcds_partitioned_parquet_snap.date_dim_9.d_year <= add(CAST(1998 AS INT), CAST(2 AS INT)), tpcds_partitioned_parquet_snap.date_dim_9.d_year >= CAST(1998 AS INT)
|  |  |  |     stored statistics:
|  |  |  |       table: rows=73.05K size=2.17MB
|  |  |  |       columns: all
|  |  |  |     extrapolated-rows=disabled max-scan-range-rows=73.05K
|  |  |  |     parquet statistics predicates: tpcds_partitioned_parquet_snap.date_dim_9.d_year <= add(CAST(1998 AS INT), CAST(2 AS INT)), tpcds_partitioned_parquet_snap.date_dim_9.d_year >= CAST(1998 AS INT)
|  |  |  |     parquet dictionary predicates: tpcds_partitioned_parquet_snap.date_dim_9.d_year <= add(CAST(1998 AS INT), CAST(2 AS INT)), tpcds_partitioned_parquet_snap.date_dim_9.d_year >= CAST(1998 AS INT)
|  |  |  |     mem-estimate=16.00MB mem-reservation=4.00MB thread-reservation=0
|  |  |  |     tuple-ids=64 row-size=237B cardinality=7.30K cost=114705
|  |  |  |     in pipelines: 60(GETNEXT)
|  |  |  |
|  |  |  59:SCAN HDFS [tpcds_partitioned_parquet_snap.store_sales]
|  |  |     HDFS partitions=1824/1824 files=1824 size=389.90GB
|  |  |     runtime filters: RF053[min_max] -> tpcds_partitioned_parquet_snap.store_sales_3.ss_item_sk, RF052[bloom] -> tpcds_partitioned_parquet_snap.store_sales_3.ss_item_sk
|  |  |     stored statistics:
|  |  |       table: rows=8.64G size=389.90GB
|  |  |       partitions: 1824/1824 rows=8.64G
|  |  |       columns: all
|  |  |     extrapolated-rows=disabled max-scan-range-rows=390.22M
|  |  |     mem-estimate=16.00MB mem-reservation=8.00MB thread-reservation=0
|  |  |     tuple-ids=62 row-size=96B cardinality=8.64G(filtered from 8.64G) cost=11943846410
|  |  |     in pipelines: 59(GETNEXT)
|  |  |
|  |  80:SCAN HDFS [tpcds_partitioned_parquet_snap.item]
|  |     HDFS partitions=1/1 files=1 size=33.54MB
|  |     runtime filters: RF049[min_max] -> tpcds_partitioned_parquet_snap.item_8.i_brand_id, RF050[min_max] -> tpcds_partitioned_parquet_snap.item_8.i_category_id, RF051[min_max] -> tpcds_partitioned_parquet_snap.item_8.i_class_id
|  |     stored statistics:
|  |       table: rows=360.00K size=33.54MB
|  |       columns: all
|  |     extrapolated-rows=disabled max-scan-range-rows=101.54K
|  |     mem-estimate=16.00MB mem-reservation=512.00KB thread-reservation=0
|  |     tuple-ids=88 row-size=405B cardinality=360.00K cost=1355609
|  |     in pipelines: 80(GETNEXT)
|  |
|  56:HASH JOIN [INNER JOIN]
|  |  hash predicates: tpcds_partitioned_parquet_snap.store_sales_2.ss_item_sk = tpcds_partitioned_parquet_snap.item_4.i_item_sk
|  |  fk/pk conjuncts: tpcds_partitioned_parquet_snap.store_sales_2.ss_item_sk = tpcds_partitioned_parquet_snap.item_4.i_item_sk
|  |  runtime filters: RF041[min_max] <- tpcds_partitioned_parquet_snap.item_4.i_item_sk
|  |  mem-estimate=151.22MB mem-reservation=34.00MB spill-buffer=2.00MB thread-reservation=0
|  |  tuple-ids=54,56,58,60 row-size=755B cardinality=33.14M cost=14870099
|  |  in pipelines: 49(GETNEXT), 55(OPEN)
|  |
|  |--55:SCAN HDFS [tpcds_partitioned_parquet_snap.item]
|  |     HDFS partitions=1/1 files=1 size=33.54MB
|  |     runtime filters: RF039[min_max] -> tpcds_partitioned_parquet_snap.item_4.i_item_sk
|  |     stored statistics:
|  |       table: rows=360.00K size=33.54MB
|  |       columns: all
|  |     extrapolated-rows=disabled max-scan-range-rows=101.54K
|  |     mem-estimate=16.00MB mem-reservation=512.00KB thread-reservation=0
|  |     tuple-ids=60 row-size=405B cardinality=360.00K cost=1355609
|  |     in pipelines: 55(GETNEXT)
|  |
|  54:HASH JOIN [INNER JOIN]
|  |  hash predicates: tpcds_partitioned_parquet_snap.store_sales_2.ss_sold_date_sk = tpcds_partitioned_parquet_snap.date_dim_7.d_date_sk
|  |  fk/pk conjuncts: tpcds_partitioned_parquet_snap.store_sales_2.ss_sold_date_sk = tpcds_partitioned_parquet_snap.date_dim_7.d_date_sk
|  |  runtime filters: RF042[bloom] <- tpcds_partitioned_parquet_snap.date_dim_7.d_date_sk
|  |  mem-estimate=1.94MB mem-reservation=1.94MB spill-buffer=64.00KB thread-reservation=0
|  |  tuple-ids=54,56,58 row-size=349B cardinality=33.16M cost=14513109
|  |  in pipelines: 49(GETNEXT), 50(OPEN)
|  |
|  |--53:HASH JOIN [INNER JOIN]
|  |  |  hash predicates: tpcds_partitioned_parquet_snap.date_dim_7.d_week_seq = tpcds_partitioned_parquet_snap.date_dim_8.d_week_seq
|  |  |  fk/pk conjuncts: none
|  |  |  runtime filters: RF044[bloom] <- tpcds_partitioned_parquet_snap.date_dim_8.d_week_seq, RF045[min_max] <- tpcds_partitioned_parquet_snap.date_dim_8.d_week_seq
|  |  |  mem-estimate=1.94MB mem-reservation=1.94MB spill-buffer=64.00KB thread-reservation=0
|  |  |  tuple-ids=56,58 row-size=253B cardinality=7 cost=4
|  |  |  in pipelines: 50(GETNEXT), 52(OPEN)
|  |  |
|  |  |--52:CARDINALITY CHECK
|  |  |  |  limit: 1
|  |  |  |  mem-estimate=0B mem-reservation=0B thread-reservation=0
|  |  |  |  tuple-ids=58 row-size=16B cardinality=1 cost=0
|  |  |  |  in pipelines: 52(GETNEXT), 51(OPEN)
|  |  |  |
|  |  |  51:SCAN HDFS [tpcds_partitioned_parquet_snap.date_dim]
|  |  |     HDFS partitions=1/1 files=1 size=2.17MB
|  |  |     predicates: tpcds_partitioned_parquet_snap.date_dim_8.d_year = CAST(1998 AS INT), tpcds_partitioned_parquet_snap.date_dim_8.d_dom = CAST(20 AS INT), tpcds_partitioned_parquet_snap.date_dim_8.d_moy = CAST(12 AS INT)
|  |  |     stored statistics:
|  |  |       table: rows=73.05K size=2.17MB
|  |  |       columns: all
|  |  |     extrapolated-rows=disabled max-scan-range-rows=73.05K
|  |  |     parquet statistics predicates: tpcds_partitioned_parquet_snap.date_dim_8.d_year = CAST(1998 AS INT), tpcds_partitioned_parquet_snap.date_dim_8.d_dom = CAST(20 AS INT), tpcds_partitioned_parquet_snap.date_dim_8.d_moy = CAST(12 AS INT)
|  |  |     parquet dictionary predicates: tpcds_partitioned_parquet_snap.date_dim_8.d_year = CAST(1998 AS INT), tpcds_partitioned_parquet_snap.date_dim_8.d_dom = CAST(20 AS INT), tpcds_partitioned_parquet_snap.date_dim_8.d_moy = CAST(12 AS INT)
|  |  |     limit: 2
|  |  |     mem-estimate=16.00MB mem-reservation=512.00KB thread-reservation=0
|  |  |     tuple-ids=58 row-size=16B cardinality=29 cost=22988
|  |  |     in pipelines: 51(GETNEXT)
|  |  |
|  |  50:SCAN HDFS [tpcds_partitioned_parquet_snap.date_dim]
|  |     HDFS partitions=1/1 files=1 size=2.17MB
|  |     runtime filters: RF045[min_max] -> tpcds_partitioned_parquet_snap.date_dim_7.d_week_seq, RF044[bloom] -> tpcds_partitioned_parquet_snap.date_dim_7.d_week_seq
|  |     stored statistics:
|  |       table: rows=73.05K size=2.17MB
|  |       columns: all
|  |     extrapolated-rows=disabled max-scan-range-rows=73.05K
|  |     mem-estimate=16.00MB mem-reservation=4.00MB thread-reservation=0
|  |     tuple-ids=56 row-size=237B cardinality=7(filtered from 73.05K) cost=110600
|  |     in pipelines: 50(GETNEXT)
|  |
|  49:SCAN HDFS [tpcds_partitioned_parquet_snap.store_sales]
|     HDFS partitions=1824/1824 files=1824 size=389.90GB
|     runtime filters: RF039[min_max] -> tpcds_partitioned_parquet_snap.store_sales_2.ss_item_sk, RF041[min_max] -> tpcds_partitioned_parquet_snap.store_sales_2.ss_item_sk, RF042[bloom] -> tpcds_partitioned_parquet_snap.store_sales_2.ss_sold_date_sk
|     stored statistics:
|       table: rows=8.64G size=389.90GB
|       partitions: 1824/1824 rows=8.64G
|       columns: all
|     extrapolated-rows=disabled max-scan-range-rows=390.22M est-scan-range=7(filtered from 1824)
|     mem-estimate=16.00MB mem-reservation=8.00MB thread-reservation=0
|     tuple-ids=54 row-size=96B cardinality=33.16M(filtered from 8.64G) cost=45837131
|     in pipelines: 49(GETNEXT)
|
48:NESTED LOOP JOIN [INNER JOIN]
|  join predicates: sum(multiply(tpcds_partitioned_parquet_snap.store_sales.ss_quantity, tpcds_partitioned_parquet_snap.store_sales.ss_list_price)) > avg(multiply(QUANTITY, LIST_PRICE))
|  mem-estimate=16B mem-reservation=0B thread-reservation=0
|  tuple-ids=37,53 row-size=52B cardinality=149.12K cost=30554
|  in pipelines: 35(GETNEXT), 47(OPEN)
|
|--47:AGGREGATE [FINALIZE]
|  |  output: avg(multiply(CAST(QUANTITY AS DECIMAL(10,0)), LIST_PRICE))
|  |  mem-estimate=16.00KB mem-reservation=0B spill-buffer=2.00MB thread-reservation=0
|  |  tuple-ids=53 row-size=16B cardinality=1 cost=1058398679
|  |  in pipelines: 47(GETNEXT), 38(OPEN), 41(OPEN), 44(OPEN)
|  |
|  36:UNION
|  |  pass-through-operands: 37
|  |  mem-estimate=0B mem-reservation=0B thread-reservation=0
|  |  tuple-ids=51 row-size=8B cardinality=15.12G cost=110287964
|  |  in pipelines: 38(GETNEXT), 41(GETNEXT), 44(GETNEXT)
|  |
|  |--46:HASH JOIN [INNER JOIN]
|  |  |  hash predicates: tpcds_partitioned_parquet_snap.web_sales_0.ws_sold_date_sk = tpcds_partitioned_parquet_snap.date_dim_6.d_date_sk
|  |  |  fk/pk conjuncts: tpcds_partitioned_parquet_snap.web_sales_0.ws_sold_date_sk = tpcds_partitioned_parquet_snap.date_dim_6.d_date_sk
|  |  |  mem-estimate=2.88MB mem-reservation=2.88MB spill-buffer=128.00KB thread-reservation=0
|  |  |  tuple-ids=47,49 row-size=377B cardinality=2.16G cost=945425284
|  |  |  in pipelines: 44(GETNEXT), 45(OPEN)
|  |  |
|  |  |--45:SCAN HDFS [tpcds_partitioned_parquet_snap.date_dim]
|  |  |     HDFS partitions=1/1 files=1 size=2.17MB
|  |  |     predicates: tpcds_partitioned_parquet_snap.date_dim_6.d_year <= add(CAST(1998 AS INT), CAST(2 AS INT)), tpcds_partitioned_parquet_snap.date_dim_6.d_year >= CAST(1998 AS INT)
|  |  |     stored statistics:
|  |  |       table: rows=73.05K size=2.17MB
|  |  |       columns: all
|  |  |     extrapolated-rows=disabled max-scan-range-rows=73.05K
|  |  |     parquet statistics predicates: tpcds_partitioned_parquet_snap.date_dim_6.d_year <= add(CAST(1998 AS INT), CAST(2 AS INT)), tpcds_partitioned_parquet_snap.date_dim_6.d_year >= CAST(1998 AS INT)
|  |  |     parquet dictionary predicates: tpcds_partitioned_parquet_snap.date_dim_6.d_year <= add(CAST(1998 AS INT), CAST(2 AS INT)), tpcds_partitioned_parquet_snap.date_dim_6.d_year >= CAST(1998 AS INT)
|  |  |     mem-estimate=16.00MB mem-reservation=4.00MB thread-reservation=0
|  |  |     tuple-ids=49 row-size=237B cardinality=7.30K cost=114705
|  |  |     in pipelines: 45(GETNEXT)
|  |  |
|  |  44:SCAN HDFS [tpcds_partitioned_parquet_snap.web_sales]
|  |     HDFS partitions=1824/1824 files=1824 size=145.75GB
|  |     stored statistics:
|  |       table: rows=2.16G size=145.75GB
|  |       partitions: 1824/1824 rows=2.16G
|  |       columns: all
|  |     extrapolated-rows=disabled max-scan-range-rows=3.37M
|  |     mem-estimate=16.00MB mem-reservation=264.00KB thread-reservation=0
|  |     tuple-ids=47 row-size=140B cardinality=2.16G cost=4354495421
|  |     in pipelines: 44(GETNEXT)
|  |
|  37:UNION
|  |  mem-estimate=0B mem-reservation=0B thread-reservation=0
|  |  tuple-ids=46 row-size=8B cardinality=12.96G cost=661738272
|  |  in pipelines: 38(GETNEXT), 41(GETNEXT)
|  |
|  |--43:HASH JOIN [INNER JOIN]
|  |  |  hash predicates: tpcds_partitioned_parquet_snap.catalog_sales_0.cs_sold_date_sk = tpcds_partitioned_parquet_snap.date_dim_5.d_date_sk
|  |  |  fk/pk conjuncts: tpcds_partitioned_parquet_snap.catalog_sales_0.cs_sold_date_sk = tpcds_partitioned_parquet_snap.date_dim_5.d_date_sk
|  |  |  mem-estimate=2.88MB mem-reservation=2.88MB spill-buffer=128.00KB thread-reservation=0
|  |  |  tuple-ids=42,44 row-size=377B cardinality=4.32G cost=1890905436
|  |  |  in pipelines: 41(GETNEXT), 42(OPEN)
|  |  |
|  |  |--42:SCAN HDFS [tpcds_partitioned_parquet_snap.date_dim]
|  |  |     HDFS partitions=1/1 files=1 size=2.17MB
|  |  |     predicates: tpcds_partitioned_parquet_snap.date_dim_5.d_year <= add(CAST(1998 AS INT), CAST(2 AS INT)), tpcds_partitioned_parquet_snap.date_dim_5.d_year >= CAST(1998 AS INT)
|  |  |     stored statistics:
|  |  |       table: rows=73.05K size=2.17MB
|  |  |       columns: all
|  |  |     extrapolated-rows=disabled max-scan-range-rows=73.05K
|  |  |     parquet statistics predicates: tpcds_partitioned_parquet_snap.date_dim_5.d_year <= add(CAST(1998 AS INT), CAST(2 AS INT)), tpcds_partitioned_parquet_snap.date_dim_5.d_year >= CAST(1998 AS INT)
|  |  |     parquet dictionary predicates: tpcds_partitioned_parquet_snap.date_dim_5.d_year <= add(CAST(1998 AS INT), CAST(2 AS INT)), tpcds_partitioned_parquet_snap.date_dim_5.d_year >= CAST(1998 AS INT)
|  |  |     mem-estimate=16.00MB mem-reservation=4.00MB thread-reservation=0
|  |  |     tuple-ids=44 row-size=237B cardinality=7.30K cost=114705
|  |  |     in pipelines: 42(GETNEXT)
|  |  |
|  |  41:SCAN HDFS [tpcds_partitioned_parquet_snap.catalog_sales]
|  |     HDFS partitions=1831/1831 files=1831 size=280.96GB
|  |     stored statistics:
|  |       table: rows=4.32G size=280.96GB
|  |       partitions: 1831/1831 rows=4.32G
|  |       columns: all
|  |     extrapolated-rows=disabled max-scan-range-rows=21.52M
|  |     mem-estimate=16.00MB mem-reservation=1.00MB thread-reservation=0
|  |     tuple-ids=42 row-size=140B cardinality=4.32G cost=8709277205
|  |     in pipelines: 41(GETNEXT)
|  |
|  40:HASH JOIN [INNER JOIN]
|  |  hash predicates: tpcds_partitioned_parquet_snap.store_sales_1.ss_sold_date_sk = tpcds_partitioned_parquet_snap.date_dim_4.d_date_sk
|  |  fk/pk conjuncts: tpcds_partitioned_parquet_snap.store_sales_1.ss_sold_date_sk = tpcds_partitioned_parquet_snap.date_dim_4.d_date_sk
|  |  mem-estimate=2.88MB mem-reservation=2.88MB spill-buffer=128.00KB thread-reservation=0
|  |  tuple-ids=38,40 row-size=333B cardinality=8.64G cost=3781706938
|  |  in pipelines: 38(GETNEXT), 39(OPEN)
|  |
|  |--39:SCAN HDFS [tpcds_partitioned_parquet_snap.date_dim]
|  |     HDFS partitions=1/1 files=1 size=2.17MB
|  |     predicates: tpcds_partitioned_parquet_snap.date_dim_4.d_year <= add(CAST(1998 AS INT), CAST(2 AS INT)), tpcds_partitioned_parquet_snap.date_dim_4.d_year >= CAST(1998 AS INT)
|  |     stored statistics:
|  |       table: rows=73.05K size=2.17MB
|  |       columns: all
|  |     extrapolated-rows=disabled max-scan-range-rows=73.05K
|  |     parquet statistics predicates: tpcds_partitioned_parquet_snap.date_dim_4.d_year <= add(CAST(1998 AS INT), CAST(2 AS INT)), tpcds_partitioned_parquet_snap.date_dim_4.d_year >= CAST(1998 AS INT)
|  |     parquet dictionary predicates: tpcds_partitioned_parquet_snap.date_dim_4.d_year <= add(CAST(1998 AS INT), CAST(2 AS INT)), tpcds_partitioned_parquet_snap.date_dim_4.d_year >= CAST(1998 AS INT)
|  |     mem-estimate=16.00MB mem-reservation=4.00MB thread-reservation=0
|  |     tuple-ids=40 row-size=237B cardinality=7.30K cost=114705
|  |     in pipelines: 39(GETNEXT)
|  |
|  38:SCAN HDFS [tpcds_partitioned_parquet_snap.store_sales]
|     HDFS partitions=1824/1824 files=1824 size=389.90GB
|     stored statistics:
|       table: rows=8.64G size=389.90GB
|       partitions: 1824/1824 rows=8.64G
|       columns: all
|     extrapolated-rows=disabled max-scan-range-rows=390.22M
|     mem-estimate=16.00MB mem-reservation=8.00MB thread-reservation=0
|     tuple-ids=38 row-size=96B cardinality=8.64G cost=11943846410
|     in pipelines: 38(GETNEXT)
|
35:AGGREGATE [FINALIZE]
|  output: sum(multiply(CAST(tpcds_partitioned_parquet_snap.store_sales.ss_quantity AS DECIMAL(10,0)), tpcds_partitioned_parquet_snap.store_sales.ss_list_price)), count()
|  group by: tpcds_partitioned_parquet_snap.item.i_brand_id, tpcds_partitioned_parquet_snap.item.i_class_id, tpcds_partitioned_parquet_snap.item.i_category_id
|  mem-estimate=10.00MB mem-reservation=8.50MB spill-buffer=512.00KB thread-reservation=0
|  tuple-ids=37 row-size=36B cardinality=149.12K cost=48510402
|  in pipelines: 35(GETNEXT), 00(OPEN)
|
34:HASH JOIN [INNER JOIN]
|  hash predicates: tpcds_partitioned_parquet_snap.store_sales.ss_item_sk = tpcds_partitioned_parquet_snap.item_3.i_item_sk
|  fk/pk conjuncts: tpcds_partitioned_parquet_snap.store_sales.ss_item_sk = tpcds_partitioned_parquet_snap.item_3.i_item_sk
|  runtime filters: RF007[min_max] <- tpcds_partitioned_parquet_snap.item_3.i_item_sk
|  mem-estimate=17.00MB mem-reservation=17.00MB spill-buffer=1.00MB thread-reservation=0
|  tuple-ids=0,2,4,6,36 row-size=759B cardinality=33.12M cost=14862848
|  in pipelines: 00(GETNEXT), 33(OPEN)
|
|--33:AGGREGATE [FINALIZE]
|  |  group by: tpcds_partitioned_parquet_snap.item_3.i_item_sk
|  |  mem-estimate=10.00MB mem-reservation=8.50MB spill-buffer=512.00KB thread-reservation=0
|  |  tuple-ids=36 row-size=4B cardinality=360.00K cost=1069444
|  |  in pipelines: 33(GETNEXT), 31(OPEN)
|  |
|  32:HASH JOIN [INNER JOIN]
|  |  hash predicates: tpcds_partitioned_parquet_snap.item_3.i_brand_id = BRAND_ID, tpcds_partitioned_parquet_snap.item_3.i_category_id = CATEGORY_ID, tpcds_partitioned_parquet_snap.item_3.i_class_id = CLASS_ID
|  |  fk/pk conjuncts: assumed fk/pk
|  |  runtime filters: RF017[min_max] <- BRAND_ID, RF018[min_max] <- CATEGORY_ID, RF019[min_max] <- CLASS_ID
|  |  mem-estimate=34.00MB mem-reservation=34.00MB spill-buffer=2.00MB thread-reservation=0
|  |  tuple-ids=34,33 row-size=425B cardinality=447.36K cost=620761
|  |  in pipelines: 31(GETNEXT), 30(OPEN)
|  |
|  |--30:AGGREGATE [FINALIZE]
|  |  |  output: count()
|  |  |  group by: BRAND_ID, CLASS_ID, CATEGORY_ID
|  |  |  having: count() = CAST(2 AS BIGINT)
|  |  |  mem-estimate=128.00MB mem-reservation=34.00MB spill-buffer=2.00MB thread-reservation=0
|  |  |  tuple-ids=33 row-size=20B cardinality=447.36K cost=2640587
|  |  |  in pipelines: 30(GETNEXT), 23(OPEN), 29(OPEN)
|  |  |
|  |  08:UNION
|  |  |  mem-estimate=0B mem-reservation=0B thread-reservation=0
|  |  |  tuple-ids=32 row-size=20B cardinality=447.36K cost=39859
|  |  |  in pipelines: 23(GETNEXT), 29(GETNEXT)
|  |  |
|  |  |--29:AGGREGATE [FINALIZE]
|  |  |  |  output: count()
|  |  |  |  group by: tpcds_partitioned_parquet_snap.item_2.i_brand_id, tpcds_partitioned_parquet_snap.item_2.i_class_id, tpcds_partitioned_parquet_snap.item_2.i_category_id
|  |  |  |  mem-estimate=10.00MB mem-reservation=8.50MB spill-buffer=512.00KB thread-reservation=0
|  |  |  |  tuple-ids=31 row-size=20B cardinality=149.12K cost=2967204009
|  |  |  |  in pipelines: 29(GETNEXT), 24(OPEN)
|  |  |  |
|  |  |  28:HASH JOIN [INNER JOIN]
|  |  |  |  hash predicates: tpcds_partitioned_parquet_snap.web_sales.ws_item_sk = tpcds_partitioned_parquet_snap.item_2.i_item_sk
|  |  |  |  fk/pk conjuncts: tpcds_partitioned_parquet_snap.web_sales.ws_item_sk = tpcds_partitioned_parquet_snap.item_2.i_item_sk
|  |  |  |  runtime filters: RF028[bloom] <- tpcds_partitioned_parquet_snap.item_2.i_item_sk, RF029[min_max] <- tpcds_partitioned_parquet_snap.item_2.i_item_sk
|  |  |  |  mem-estimate=151.22MB mem-reservation=34.00MB spill-buffer=2.00MB thread-reservation=0
|  |  |  |  tuple-ids=25,27,29 row-size=783B cardinality=2.16G cost=945305506
|  |  |  |  in pipelines: 24(GETNEXT), 27(OPEN)
|  |  |  |
|  |  |  |--27:SCAN HDFS [tpcds_partitioned_parquet_snap.item]
|  |  |  |     HDFS partitions=1/1 files=1 size=33.54MB
|  |  |  |     stored statistics:
|  |  |  |       table: rows=360.00K size=33.54MB
|  |  |  |       columns: all
|  |  |  |     extrapolated-rows=disabled max-scan-range-rows=101.54K
|  |  |  |     mem-estimate=16.00MB mem-reservation=512.00KB thread-reservation=0
|  |  |  |     tuple-ids=29 row-size=405B cardinality=360.00K cost=1355609
|  |  |  |     in pipelines: 27(GETNEXT)
|  |  |  |
|  |  |  26:HASH JOIN [INNER JOIN]
|  |  |  |  hash predicates: tpcds_partitioned_parquet_snap.web_sales.ws_sold_date_sk = tpcds_partitioned_parquet_snap.date_dim_3.d_date_sk
|  |  |  |  fk/pk conjuncts: tpcds_partitioned_parquet_snap.web_sales.ws_sold_date_sk = tpcds_partitioned_parquet_snap.date_dim_3.d_date_sk
|  |  |  |  mem-estimate=2.88MB mem-reservation=2.88MB spill-buffer=128.00KB thread-reservation=0
|  |  |  |  tuple-ids=25,27 row-size=377B cardinality=2.16G(filtered from 2.16G) cost=945148406
|  |  |  |  in pipelines: 24(GETNEXT), 25(OPEN)
|  |  |  |
|  |  |  |--25:SCAN HDFS [tpcds_partitioned_parquet_snap.date_dim]
|  |  |  |     HDFS partitions=1/1 files=1 size=2.17MB
|  |  |  |     predicates: tpcds_partitioned_parquet_snap.date_dim_3.d_year <= add(CAST(1998 AS INT), CAST(2 AS INT)), tpcds_partitioned_parquet_snap.date_dim_3.d_year >= CAST(1998 AS INT)
|  |  |  |     stored statistics:
|  |  |  |       table: rows=73.05K size=2.17MB
|  |  |  |       columns: all
|  |  |  |     extrapolated-rows=disabled max-scan-range-rows=73.05K
|  |  |  |     parquet statistics predicates: tpcds_partitioned_parquet_snap.date_dim_3.d_year <= add(CAST(1998 AS INT), CAST(2 AS INT)), tpcds_partitioned_parquet_snap.date_dim_3.d_year >= CAST(1998 AS INT)
|  |  |  |     parquet dictionary predicates: tpcds_partitioned_parquet_snap.date_dim_3.d_year <= add(CAST(1998 AS INT), CAST(2 AS INT)), tpcds_partitioned_parquet_snap.date_dim_3.d_year >= CAST(1998 AS INT)
|  |  |  |     mem-estimate=16.00MB mem-reservation=4.00MB thread-reservation=0
|  |  |  |     tuple-ids=27 row-size=237B cardinality=7.30K cost=114705
|  |  |  |     in pipelines: 25(GETNEXT)
|  |  |  |
|  |  |  24:SCAN HDFS [tpcds_partitioned_parquet_snap.web_sales]
|  |  |     HDFS partitions=1824/1824 files=1824 size=145.75GB
|  |  |     runtime filters: RF029[min_max] -> tpcds_partitioned_parquet_snap.web_sales.ws_item_sk, RF028[bloom] -> tpcds_partitioned_parquet_snap.web_sales.ws_item_sk
|  |  |     stored statistics:
|  |  |       table: rows=2.16G size=145.75GB
|  |  |       partitions: 1824/1824 rows=2.16G
|  |  |       columns: all
|  |  |     extrapolated-rows=disabled max-scan-range-rows=3.37M
|  |  |     mem-estimate=16.00MB mem-reservation=264.00KB thread-reservation=0
|  |  |     tuple-ids=25 row-size=140B cardinality=2.16G(filtered from 2.16G) cost=4354495421
|  |  |     in pipelines: 24(GETNEXT)
|  |  |
|  |  23:AGGREGATE [FINALIZE]
|  |  |  output: count()
|  |  |  group by: BRAND_ID, CLASS_ID, CATEGORY_ID
|  |  |  mem-estimate=128.00MB mem-reservation=34.00MB spill-buffer=2.00MB thread-reservation=0
|  |  |  tuple-ids=24 row-size=20B cardinality=298.24K cost=1760391
|  |  |  in pipelines: 23(GETNEXT), 22(OPEN)
|  |  |
|  |  22:AGGREGATE [FINALIZE]
|  |  |  output: count()
|  |  |  group by: BRAND_ID, CLASS_ID, CATEGORY_ID
|  |  |  having: count() = CAST(2 AS BIGINT)
|  |  |  mem-estimate=128.00MB mem-reservation=34.00MB spill-buffer=2.00MB thread-reservation=0
|  |  |  tuple-ids=23 row-size=20B cardinality=298.24K cost=1760391
|  |  |  in pipelines: 22(GETNEXT), 15(OPEN), 21(OPEN)
|  |  |
|  |  09:UNION
|  |  |  mem-estimate=0B mem-reservation=0B thread-reservation=0
|  |  |  tuple-ids=22 row-size=20B cardinality=298.24K cost=26573
|  |  |  in pipelines: 15(GETNEXT), 21(GETNEXT)
|  |  |
|  |  |--21:AGGREGATE [FINALIZE]
|  |  |  |  output: count()
|  |  |  |  group by: tpcds_partitioned_parquet_snap.item_1.i_brand_id, tpcds_partitioned_parquet_snap.item_1.i_class_id, tpcds_partitioned_parquet_snap.item_1.i_category_id
|  |  |  |  mem-estimate=10.00MB mem-reservation=8.50MB spill-buffer=512.00KB thread-reservation=0
|  |  |  |  tuple-ids=21 row-size=20B cardinality=149.12K cost=5933927815
|  |  |  |  in pipelines: 21(GETNEXT), 16(OPEN)
|  |  |  |
|  |  |  20:HASH JOIN [INNER JOIN]
|  |  |  |  hash predicates: tpcds_partitioned_parquet_snap.catalog_sales.cs_item_sk = tpcds_partitioned_parquet_snap.item_1.i_item_sk
|  |  |  |  fk/pk conjuncts: tpcds_partitioned_parquet_snap.catalog_sales.cs_item_sk = tpcds_partitioned_parquet_snap.item_1.i_item_sk
|  |  |  |  runtime filters: RF024[bloom] <- tpcds_partitioned_parquet_snap.item_1.i_item_sk, RF025[min_max] <- tpcds_partitioned_parquet_snap.item_1.i_item_sk
|  |  |  |  mem-estimate=151.22MB mem-reservation=34.00MB spill-buffer=2.00MB thread-reservation=0
|  |  |  |  tuple-ids=15,17,19 row-size=783B cardinality=4.32G cost=1890313155
|  |  |  |  in pipelines: 16(GETNEXT), 19(OPEN)
|  |  |  |
|  |  |  |--19:SCAN HDFS [tpcds_partitioned_parquet_snap.item]
|  |  |  |     HDFS partitions=1/1 files=1 size=33.54MB
|  |  |  |     stored statistics:
|  |  |  |       table: rows=360.00K size=33.54MB
|  |  |  |       columns: all
|  |  |  |     extrapolated-rows=disabled max-scan-range-rows=101.54K
|  |  |  |     mem-estimate=16.00MB mem-reservation=512.00KB thread-reservation=0
|  |  |  |     tuple-ids=19 row-size=405B cardinality=360.00K cost=1355609
|  |  |  |     in pipelines: 19(GETNEXT)
|  |  |  |
|  |  |  18:HASH JOIN [INNER JOIN]
|  |  |  |  hash predicates: tpcds_partitioned_parquet_snap.catalog_sales.cs_sold_date_sk = tpcds_partitioned_parquet_snap.date_dim_2.d_date_sk
|  |  |  |  fk/pk conjuncts: tpcds_partitioned_parquet_snap.catalog_sales.cs_sold_date_sk = tpcds_partitioned_parquet_snap.date_dim_2.d_date_sk
|  |  |  |  mem-estimate=2.88MB mem-reservation=2.88MB spill-buffer=128.00KB thread-reservation=0
|  |  |  |  tuple-ids=15,17 row-size=377B cardinality=4.32G(filtered from 4.32G) cost=1890351663
|  |  |  |  in pipelines: 16(GETNEXT), 17(OPEN)
|  |  |  |
|  |  |  |--17:SCAN HDFS [tpcds_partitioned_parquet_snap.date_dim]
|  |  |  |     HDFS partitions=1/1 files=1 size=2.17MB
|  |  |  |     predicates: tpcds_partitioned_parquet_snap.date_dim_2.d_year <= add(CAST(1998 AS INT), CAST(2 AS INT)), tpcds_partitioned_parquet_snap.date_dim_2.d_year >= CAST(1998 AS INT)
|  |  |  |     stored statistics:
|  |  |  |       table: rows=73.05K size=2.17MB
|  |  |  |       columns: all
|  |  |  |     extrapolated-rows=disabled max-scan-range-rows=73.05K
|  |  |  |     parquet statistics predicates: tpcds_partitioned_parquet_snap.date_dim_2.d_year <= add(CAST(1998 AS INT), CAST(2 AS INT)), tpcds_partitioned_parquet_snap.date_dim_2.d_year >= CAST(1998 AS INT)
|  |  |  |     parquet dictionary predicates: tpcds_partitioned_parquet_snap.date_dim_2.d_year <= add(CAST(1998 AS INT), CAST(2 AS INT)), tpcds_partitioned_parquet_snap.date_dim_2.d_year >= CAST(1998 AS INT)
|  |  |  |     mem-estimate=16.00MB mem-reservation=4.00MB thread-reservation=0
|  |  |  |     tuple-ids=17 row-size=237B cardinality=7.30K cost=114705
|  |  |  |     in pipelines: 17(GETNEXT)
|  |  |  |
|  |  |  16:SCAN HDFS [tpcds_partitioned_parquet_snap.catalog_sales]
|  |  |     HDFS partitions=1831/1831 files=1831 size=280.96GB
|  |  |     runtime filters: RF025[min_max] -> tpcds_partitioned_parquet_snap.catalog_sales.cs_item_sk, RF024[bloom] -> tpcds_partitioned_parquet_snap.catalog_sales.cs_item_sk
|  |  |     stored statistics:
|  |  |       table: rows=4.32G size=280.96GB
|  |  |       partitions: 1831/1831 rows=4.32G
|  |  |       columns: all
|  |  |     extrapolated-rows=disabled max-scan-range-rows=21.52M
|  |  |     mem-estimate=16.00MB mem-reservation=1.00MB thread-reservation=0
|  |  |     tuple-ids=15 row-size=140B cardinality=4.32G(filtered from 4.32G) cost=8709277205
|  |  |     in pipelines: 16(GETNEXT)
|  |  |
|  |  15:AGGREGATE [FINALIZE]
|  |  |  output: count()
|  |  |  group by: tpcds_partitioned_parquet_snap.item_0.i_brand_id, tpcds_partitioned_parquet_snap.item_0.i_class_id, tpcds_partitioned_parquet_snap.item_0.i_category_id
|  |  |  mem-estimate=10.00MB mem-reservation=8.50MB spill-buffer=512.00KB thread-reservation=0
|  |  |  tuple-ids=14 row-size=20B cardinality=149.12K cost=11866877138
|  |  |  in pipelines: 15(GETNEXT), 10(OPEN)
|  |  |
|  |  14:HASH JOIN [INNER JOIN]
|  |  |  hash predicates: tpcds_partitioned_parquet_snap.store_sales_0.ss_item_sk = tpcds_partitioned_parquet_snap.item_0.i_item_sk
|  |  |  fk/pk conjuncts: tpcds_partitioned_parquet_snap.store_sales_0.ss_item_sk = tpcds_partitioned_parquet_snap.item_0.i_item_sk
|  |  |  runtime filters: RF020[bloom] <- tpcds_partitioned_parquet_snap.item_0.i_item_sk, RF021[min_max] <- tpcds_partitioned_parquet_snap.item_0.i_item_sk
|  |  |  mem-estimate=151.22MB mem-reservation=34.00MB spill-buffer=2.00MB thread-reservation=0
|  |  |  tuple-ids=8,10,12 row-size=739B cardinality=8.64G cost=3780169729
|  |  |  in pipelines: 10(GETNEXT), 13(OPEN)
|  |  |
|  |  |--13:SCAN HDFS [tpcds_partitioned_parquet_snap.item]
|  |  |     HDFS partitions=1/1 files=1 size=33.54MB
|  |  |     stored statistics:
|  |  |       table: rows=360.00K size=33.54MB
|  |  |       columns: all
|  |  |     extrapolated-rows=disabled max-scan-range-rows=101.54K
|  |  |     mem-estimate=16.00MB mem-reservation=512.00KB thread-reservation=0
|  |  |     tuple-ids=12 row-size=405B cardinality=360.00K cost=1355609
|  |  |     in pipelines: 13(GETNEXT)
|  |  |
|  |  12:HASH JOIN [INNER JOIN]
|  |  |  hash predicates: tpcds_partitioned_parquet_snap.store_sales_0.ss_sold_date_sk = tpcds_partitioned_parquet_snap.date_dim_1.d_date_sk
|  |  |  fk/pk conjuncts: tpcds_partitioned_parquet_snap.store_sales_0.ss_sold_date_sk = tpcds_partitioned_parquet_snap.date_dim_1.d_date_sk
|  |  |  mem-estimate=2.88MB mem-reservation=2.88MB spill-buffer=128.00KB thread-reservation=0
|  |  |  tuple-ids=8,10 row-size=333B cardinality=8.64G(filtered from 8.64G) cost=3780599421
|  |  |  in pipelines: 10(GETNEXT), 11(OPEN)
|  |  |
|  |  |--11:SCAN HDFS [tpcds_partitioned_parquet_snap.date_dim]
|  |  |     HDFS partitions=1/1 files=1 size=2.17MB
|  |  |     predicates: tpcds_partitioned_parquet_snap.date_dim_1.d_year <= add(CAST(1998 AS INT), CAST(2 AS INT)), tpcds_partitioned_parquet_snap.date_dim_1.d_year >= CAST(1998 AS INT)
|  |  |     stored statistics:
|  |  |       table: rows=73.05K size=2.17MB
|  |  |       columns: all
|  |  |     extrapolated-rows=disabled max-scan-range-rows=73.05K
|  |  |     parquet statistics predicates: tpcds_partitioned_parquet_snap.date_dim_1.d_year <= add(CAST(1998 AS INT), CAST(2 AS INT)), tpcds_partitioned_parquet_snap.date_dim_1.d_year >= CAST(1998 AS INT)
|  |  |     parquet dictionary predicates: tpcds_partitioned_parquet_snap.date_dim_1.d_year <= add(CAST(1998 AS INT), CAST(2 AS INT)), tpcds_partitioned_parquet_snap.date_dim_1.d_year >= CAST(1998 AS INT)
|  |  |     mem-estimate=16.00MB mem-reservation=4.00MB thread-reservation=0
|  |  |     tuple-ids=10 row-size=237B cardinality=7.30K cost=114705
|  |  |     in pipelines: 11(GETNEXT)
|  |  |
|  |  10:SCAN HDFS [tpcds_partitioned_parquet_snap.store_sales]
|  |     HDFS partitions=1824/1824 files=1824 size=389.90GB
|  |     runtime filters: RF021[min_max] -> tpcds_partitioned_parquet_snap.store_sales_0.ss_item_sk, RF020[bloom] -> tpcds_partitioned_parquet_snap.store_sales_0.ss_item_sk
|  |     stored statistics:
|  |       table: rows=8.64G size=389.90GB
|  |       partitions: 1824/1824 rows=8.64G
|  |       columns: all
|  |     extrapolated-rows=disabled max-scan-range-rows=390.22M
|  |     mem-estimate=16.00MB mem-reservation=8.00MB thread-reservation=0
|  |     tuple-ids=8 row-size=96B cardinality=8.64G(filtered from 8.64G) cost=11943846410
|  |     in pipelines: 10(GETNEXT)
|  |
|  31:SCAN HDFS [tpcds_partitioned_parquet_snap.item]
|     HDFS partitions=1/1 files=1 size=33.54MB
|     runtime filters: RF017[min_max] -> tpcds_partitioned_parquet_snap.item_3.i_brand_id, RF018[min_max] -> tpcds_partitioned_parquet_snap.item_3.i_category_id, RF019[min_max] -> tpcds_partitioned_parquet_snap.item_3.i_class_id
|     stored statistics:
|       table: rows=360.00K size=33.54MB
|       columns: all
|     extrapolated-rows=disabled max-scan-range-rows=101.54K
|     mem-estimate=16.00MB mem-reservation=512.00KB thread-reservation=0
|     tuple-ids=34 row-size=405B cardinality=360.00K cost=1355609
|     in pipelines: 31(GETNEXT)
|
07:HASH JOIN [INNER JOIN]
|  hash predicates: tpcds_partitioned_parquet_snap.store_sales.ss_item_sk = tpcds_partitioned_parquet_snap.item.i_item_sk
|  fk/pk conjuncts: tpcds_partitioned_parquet_snap.store_sales.ss_item_sk = tpcds_partitioned_parquet_snap.item.i_item_sk
|  runtime filters: RF009[min_max] <- tpcds_partitioned_parquet_snap.item.i_item_sk
|  mem-estimate=151.22MB mem-reservation=34.00MB spill-buffer=2.00MB thread-reservation=0
|  tuple-ids=0,2,4,6 row-size=755B cardinality=33.14M cost=14870099
|  in pipelines: 00(GETNEXT), 06(OPEN)
|
|--06:SCAN HDFS [tpcds_partitioned_parquet_snap.item]
|     HDFS partitions=1/1 files=1 size=33.54MB
|     runtime filters: RF007[min_max] -> tpcds_partitioned_parquet_snap.item.i_item_sk, RF003[min_max] -> tpcds_partitioned_parquet_snap.item.i_brand_id, RF004[min_max] -> tpcds_partitioned_parquet_snap.item.i_category_id, RF005[min_max] -> tpcds_partitioned_parquet_snap.item.i_class_id
|     stored statistics:
|       table: rows=360.00K size=33.54MB
|       columns: all
|     extrapolated-rows=disabled max-scan-range-rows=101.54K
|     mem-estimate=16.00MB mem-reservation=512.00KB thread-reservation=0
|     tuple-ids=6 row-size=405B cardinality=360.00K cost=1355609
|     in pipelines: 06(GETNEXT)
|
05:HASH JOIN [INNER JOIN]
|  hash predicates: tpcds_partitioned_parquet_snap.store_sales.ss_sold_date_sk = tpcds_partitioned_parquet_snap.date_dim.d_date_sk
|  fk/pk conjuncts: tpcds_partitioned_parquet_snap.store_sales.ss_sold_date_sk = tpcds_partitioned_parquet_snap.date_dim.d_date_sk
|  runtime filters: RF010[bloom] <- tpcds_partitioned_parquet_snap.date_dim.d_date_sk
|  mem-estimate=1.94MB mem-reservation=1.94MB spill-buffer=64.00KB thread-reservation=0
|  tuple-ids=0,2,4 row-size=349B cardinality=33.16M cost=14513109
|  in pipelines: 00(GETNEXT), 01(OPEN)
|
|--04:HASH JOIN [INNER JOIN]
|  |  hash predicates: tpcds_partitioned_parquet_snap.date_dim.d_week_seq = tpcds_partitioned_parquet_snap.date_dim_0.d_week_seq
|  |  fk/pk conjuncts: none
|  |  runtime filters: RF012[bloom] <- tpcds_partitioned_parquet_snap.date_dim_0.d_week_seq, RF013[min_max] <- tpcds_partitioned_parquet_snap.date_dim_0.d_week_seq
|  |  mem-estimate=1.94MB mem-reservation=1.94MB spill-buffer=64.00KB thread-reservation=0
|  |  tuple-ids=2,4 row-size=253B cardinality=7 cost=4
|  |  in pipelines: 01(GETNEXT), 03(OPEN)
|  |
|  |--03:CARDINALITY CHECK
|  |  |  limit: 1
|  |  |  mem-estimate=0B mem-reservation=0B thread-reservation=0
|  |  |  tuple-ids=4 row-size=16B cardinality=1 cost=0
|  |  |  in pipelines: 03(GETNEXT), 02(OPEN)
|  |  |
|  |  02:SCAN HDFS [tpcds_partitioned_parquet_snap.date_dim]
|  |     HDFS partitions=1/1 files=1 size=2.17MB
|  |     predicates: tpcds_partitioned_parquet_snap.date_dim_0.d_year = add(CAST(1998 AS INT), CAST(1 AS INT)), tpcds_partitioned_parquet_snap.date_dim_0.d_dom = CAST(20 AS INT), tpcds_partitioned_parquet_snap.date_dim_0.d_moy = CAST(12 AS INT)
|  |     stored statistics:
|  |       table: rows=73.05K size=2.17MB
|  |       columns: all
|  |     extrapolated-rows=disabled max-scan-range-rows=73.05K
|  |     parquet statistics predicates: tpcds_partitioned_parquet_snap.date_dim_0.d_year = add(CAST(1998 AS INT), CAST(1 AS INT)), tpcds_partitioned_parquet_snap.date_dim_0.d_dom = CAST(20 AS INT), tpcds_partitioned_parquet_snap.date_dim_0.d_moy = CAST(12 AS INT)
|  |     parquet dictionary predicates: tpcds_partitioned_parquet_snap.date_dim_0.d_year = add(CAST(1998 AS INT), CAST(1 AS INT)), tpcds_partitioned_parquet_snap.date_dim_0.d_dom = CAST(20 AS INT), tpcds_partitioned_parquet_snap.date_dim_0.d_moy = CAST(12 AS INT)
|  |     limit: 2
|  |     mem-estimate=16.00MB mem-reservation=512.00KB thread-reservation=0
|  |     tuple-ids=4 row-size=16B cardinality=29 cost=22988
|  |     in pipelines: 02(GETNEXT)
|  |
|  01:SCAN HDFS [tpcds_partitioned_parquet_snap.date_dim]
|     HDFS partitions=1/1 files=1 size=2.17MB
|     runtime filters: RF013[min_max] -> tpcds_partitioned_parquet_snap.date_dim.d_week_seq, RF012[bloom] -> tpcds_partitioned_parquet_snap.date_dim.d_week_seq
|     stored statistics:
|       table: rows=73.05K size=2.17MB
|       columns: all
|     extrapolated-rows=disabled max-scan-range-rows=73.05K
|     mem-estimate=16.00MB mem-reservation=4.00MB thread-reservation=0
|     tuple-ids=2 row-size=237B cardinality=7(filtered from 73.05K) cost=110600
|     in pipelines: 01(GETNEXT)
|
00:SCAN HDFS [tpcds_partitioned_parquet_snap.store_sales]
   HDFS partitions=1824/1824 files=1824 size=389.90GB
   runtime filters: RF007[min_max] -> tpcds_partitioned_parquet_snap.store_sales.ss_item_sk, RF009[min_max] -> tpcds_partitioned_parquet_snap.store_sales.ss_item_sk, RF010[bloom] -> tpcds_partitioned_parquet_snap.store_sales.ss_sold_date_sk
   stored statistics:
     table: rows=8.64G size=389.90GB
     partitions: 1824/1824 rows=8.64G
     columns: all
   extrapolated-rows=disabled max-scan-range-rows=390.22M est-scan-range=7(filtered from 1824)
   mem-estimate=16.00MB mem-reservation=8.00MB thread-reservation=0
   tuple-ids=0 row-size=96B cardinality=33.16M(filtered from 8.64G) cost=45837131
   in pipelines: 00(GETNEXT)
---- DISTRIBUTEDPLAN
Max Per-Host Resource Reservation: Memory=7.66GB Threads=229
Per-Host Resource Estimates: Memory=20.34GB
F66:PLAN FRAGMENT [UNPARTITIONED] hosts=1 instances=1
|  Per-Instance Resources: mem-estimate=4.65MB mem-reservation=4.00MB thread-reservation=1
|  max-parallelism=1 segment-costs=[1239] cpu-comparison-result=1038 [max(1 (self) vs 1038 (sum children))]
PLAN-ROOT SINK
|  output exprs: 'store', tpcds_partitioned_parquet_snap.item.i_brand_id, tpcds_partitioned_parquet_snap.item.i_class_id, tpcds_partitioned_parquet_snap.item.i_category_id, sum(multiply(tpcds_partitioned_parquet_snap.store_sales.ss_quantity, tpcds_partitioned_parquet_snap.store_sales.ss_list_price)), count(), 'store', tpcds_partitioned_parquet_snap.item_4.i_brand_id, tpcds_partitioned_parquet_snap.item_4.i_class_id, tpcds_partitioned_parquet_snap.item_4.i_category_id, sum(multiply(tpcds_partitioned_parquet_snap.store_sales_2.ss_quantity, tpcds_partitioned_parquet_snap.store_sales_2.ss_list_price)), count()
|  mem-estimate=4.00MB mem-reservation=4.00MB spill-buffer=2.00MB thread-reservation=0 cost=1200
|
164:MERGING-EXCHANGE [UNPARTITIONED]
|  order by: tpcds_partitioned_parquet_snap.item.i_brand_id ASC NULLS LAST, tpcds_partitioned_parquet_snap.item.i_class_id ASC NULLS LAST, tpcds_partitioned_parquet_snap.item.i_category_id ASC NULLS LAST
|  limit: 100
|  mem-estimate=668.67KB mem-reservation=0B thread-reservation=0
|  tuple-ids=108 row-size=72B cardinality=100 cost=39
|  in pipelines: 99(GETNEXT)
|
F23:PLAN FRAGMENT [HASH(tpcds_partitioned_parquet_snap.item.i_brand_id,tpcds_partitioned_parquet_snap.item.i_class_id,tpcds_partitioned_parquet_snap.item.i_category_id)] hosts=10 instances=90 (adjusted from 120)
Per-Instance Resources: mem-estimate=20.27MB mem-reservation=1.94MB thread-reservation=1
max-parallelism=90 segment-costs=[26631836, 847694218, 220] cpu-comparison-result=1038 [max(90 (self) vs 1038 (sum children))]
99:TOP-N [LIMIT=100]
|  order by: tpcds_partitioned_parquet_snap.item.i_brand_id ASC NULLS LAST, tpcds_partitioned_parquet_snap.item.i_class_id ASC NULLS LAST, tpcds_partitioned_parquet_snap.item.i_category_id ASC NULLS LAST
|  mem-estimate=7.03KB mem-reservation=0B thread-reservation=0
|  tuple-ids=108 row-size=72B cardinality=100 cost=837188295
|  in pipelines: 99(GETNEXT), 125(OPEN)
|
98:HASH JOIN [INNER JOIN, PARTITIONED]
|  hash-table-id=00
|  hash predicates: tpcds_partitioned_parquet_snap.item.i_brand_id = tpcds_partitioned_parquet_snap.item_4.i_brand_id, tpcds_partitioned_parquet_snap.item.i_category_id = tpcds_partitioned_parquet_snap.item_4.i_category_id, tpcds_partitioned_parquet_snap.item.i_class_id = tpcds_partitioned_parquet_snap.item_4.i_class_id
|  fk/pk conjuncts: none
|  mem-estimate=0B mem-reservation=0B spill-buffer=64.00KB thread-reservation=0
|  tuple-ids=37,53,91,107 row-size=104B cardinality=57.60M cost=10475369
|  in pipelines: 125(GETNEXT), 157(OPEN)
|
|--F67:PLAN FRAGMENT [HASH(tpcds_partitioned_parquet_snap.item.i_brand_id,tpcds_partitioned_parquet_snap.item.i_class_id,tpcds_partitioned_parquet_snap.item.i_category_id)] hosts=10 instances=90 (adjusted from 120)
|  |  Per-Instance Resources: mem-estimate=20.27MB mem-reservation=10.44MB thread-reservation=1
|  |  max-parallelism=90 segment-costs=[26631836, 179674] cpu-comparison-result=519 [max(90 (self) vs 519 (sum children))]
|  JOIN BUILD
|  |  join-table-id=00 plan-id=01 cohort-id=01
|  |  build expressions: tpcds_partitioned_parquet_snap.item_4.i_brand_id, tpcds_partitioned_parquet_snap.item_4.i_category_id, tpcds_partitioned_parquet_snap.item_4.i_class_id
|  |  runtime filters: RF003[min_max] <- tpcds_partitioned_parquet_snap.item_4.i_brand_id, RF004[min_max] <- tpcds_partitioned_parquet_snap.item_4.i_category_id, RF005[min_max] <- tpcds_partitioned_parquet_snap.item_4.i_class_id
|  |  mem-estimate=1.94MB mem-reservation=1.94MB spill-buffer=64.00KB thread-reservation=0 cost=149120
|  |
|  97:NESTED LOOP JOIN [INNER JOIN, BROADCAST]
|  |  join table id: 01
|  |  join predicates: sum(multiply(tpcds_partitioned_parquet_snap.store_sales_2.ss_quantity, tpcds_partitioned_parquet_snap.store_sales_2.ss_list_price)) > avg(multiply(QUANTITY, LIST_PRICE))
|  |  mem-estimate=0B mem-reservation=0B thread-reservation=0
|  |  tuple-ids=91,107 row-size=52B cardinality=149.12K cost=30554
|  |  in pipelines: 157(GETNEXT), 162(OPEN)
|  |
|  |--F68:PLAN FRAGMENT [HASH(tpcds_partitioned_parquet_snap.item.i_brand_id,tpcds_partitioned_parquet_snap.item.i_class_id,tpcds_partitioned_parquet_snap.item.i_category_id)] hosts=10 instances=10
|  |  |  Per-Instance Resources: mem-estimate=16.02KB mem-reservation=0B thread-reservation=1
|  |  |  max-parallelism=10 segment-costs=[0] cpu-comparison-result=120 [max(10 (self) vs 120 (sum children))]
|  |  JOIN BUILD
|  |  |  join-table-id=01 plan-id=02 cohort-id=02
|  |  |  mem-estimate=16B mem-reservation=0B thread-reservation=0 cost=0
|  |  |
|  |  163:EXCHANGE [BROADCAST]
|  |  |  mem-estimate=16.00KB mem-reservation=0B thread-reservation=0
|  |  |  tuple-ids=107 row-size=16B cardinality=1 cost=0
|  |  |  in pipelines: 162(GETNEXT)
|  |  |
|  |  F65:PLAN FRAGMENT [UNPARTITIONED] hosts=1 instances=1
|  |  Per-Instance Resources: mem-estimate=297.44KB mem-reservation=0B thread-reservation=1
|  |  max-parallelism=1 segment-costs=[30, 0] cpu-comparison-result=120 [max(1 (self) vs 120 (sum children))]
|  |  162:AGGREGATE [FINALIZE]
|  |  |  output: avg:merge(multiply(QUANTITY, LIST_PRICE))
|  |  |  mem-estimate=16.00KB mem-reservation=0B spill-buffer=2.00MB thread-reservation=0
|  |  |  tuple-ids=107 row-size=16B cardinality=1 cost=8
|  |  |  in pipelines: 162(GETNEXT), 96(OPEN)
|  |  |
|  |  161:EXCHANGE [UNPARTITIONED]
|  |  |  mem-estimate=281.44KB mem-reservation=0B thread-reservation=0
|  |  |  tuple-ids=106 row-size=16B cardinality=120 cost=22
|  |  |  in pipelines: 96(GETNEXT)
|  |  |
|  |  F64:PLAN FRAGMENT [RANDOM] hosts=10 instances=120
|  |  Per-Instance Resources: mem-estimate=16.02MB mem-reservation=8.00MB thread-reservation=1
|  |  max-parallelism=120 segment-costs=[33456059694, 185] cpu-comparison-result=120 [max(120 (self) vs 33 (sum children))]
|  |  96:AGGREGATE
|  |  |  output: avg(multiply(CAST(QUANTITY AS DECIMAL(10,0)), LIST_PRICE))
|  |  |  mem-estimate=16.00KB mem-reservation=0B spill-buffer=2.00MB thread-reservation=0
|  |  |  tuple-ids=106 row-size=16B cardinality=120 cost=1058398679
|  |  |  in pipelines: 96(GETNEXT), 87(OPEN), 90(OPEN), 93(OPEN)
|  |  |
|  |  85:UNION
|  |  |  pass-through-operands: 86
|  |  |  mem-estimate=0B mem-reservation=0B thread-reservation=0
|  |  |  tuple-ids=105 row-size=8B cardinality=15.12G cost=110287964
|  |  |  in pipelines: 87(GETNEXT), 90(GETNEXT), 93(GETNEXT)
|  |  |
|  |  |--95:HASH JOIN [INNER JOIN, BROADCAST]
|  |  |  |  hash-table-id=04
|  |  |  |  hash predicates: tpcds_partitioned_parquet_snap.web_sales_2.ws_sold_date_sk = tpcds_partitioned_parquet_snap.date_dim_14.d_date_sk
|  |  |  |  fk/pk conjuncts: tpcds_partitioned_parquet_snap.web_sales_2.ws_sold_date_sk = tpcds_partitioned_parquet_snap.date_dim_14.d_date_sk
|  |  |  |  mem-estimate=0B mem-reservation=0B spill-buffer=128.00KB thread-reservation=0
|  |  |  |  tuple-ids=101,103 row-size=377B cardinality=2.16G cost=945417979
|  |  |  |  in pipelines: 93(GETNEXT), 94(OPEN)
|  |  |  |
|  |  |  |--F71:PLAN FRAGMENT [RANDOM] hosts=10 instances=10
|  |  |  |  |  Per-Instance Resources: mem-estimate=36.39MB mem-reservation=34.50MB thread-reservation=1
|  |  |  |  |  max-parallelism=10 segment-costs=[17005]
|  |  |  |  JOIN BUILD
|  |  |  |  |  join-table-id=04 plan-id=05 cohort-id=03
|  |  |  |  |  build expressions: tpcds_partitioned_parquet_snap.date_dim_14.d_date_sk
|  |  |  |  |  mem-estimate=34.50MB mem-reservation=34.50MB spill-buffer=128.00KB thread-reservation=0 cost=7305
|  |  |  |  |
|  |  |  |  160:EXCHANGE [BROADCAST]
|  |  |  |  |  mem-estimate=1.89MB mem-reservation=0B thread-reservation=0
|  |  |  |  |  tuple-ids=103 row-size=237B cardinality=7.30K cost=9700
|  |  |  |  |  in pipelines: 94(GETNEXT)
|  |  |  |  |
|  |  |  |  F63:PLAN FRAGMENT [RANDOM] hosts=1 instances=1
|  |  |  |  Per-Instance Resources: mem-estimate=16.94MB mem-reservation=4.00MB thread-reservation=1
|  |  |  |  max-parallelism=1 segment-costs=[119540]
|  |  |  |  94:SCAN HDFS [tpcds_partitioned_parquet_snap.date_dim, RANDOM]
|  |  |  |     HDFS partitions=1/1 files=1 size=2.17MB
|  |  |  |     predicates: tpcds_partitioned_parquet_snap.date_dim_14.d_year <= add(CAST(1998 AS INT), CAST(2 AS INT)), tpcds_partitioned_parquet_snap.date_dim_14.d_year >= CAST(1998 AS INT)
|  |  |  |     stored statistics:
|  |  |  |       table: rows=73.05K size=2.17MB
|  |  |  |       columns: all
|  |  |  |     extrapolated-rows=disabled max-scan-range-rows=73.05K
|  |  |  |     parquet statistics predicates: tpcds_partitioned_parquet_snap.date_dim_14.d_year <= add(CAST(1998 AS INT), CAST(2 AS INT)), tpcds_partitioned_parquet_snap.date_dim_14.d_year >= CAST(1998 AS INT)
|  |  |  |     parquet dictionary predicates: tpcds_partitioned_parquet_snap.date_dim_14.d_year <= add(CAST(1998 AS INT), CAST(2 AS INT)), tpcds_partitioned_parquet_snap.date_dim_14.d_year >= CAST(1998 AS INT)
|  |  |  |     mem-estimate=16.00MB mem-reservation=4.00MB thread-reservation=0
|  |  |  |     tuple-ids=103 row-size=237B cardinality=7.30K cost=114705
|  |  |  |     in pipelines: 94(GETNEXT)
|  |  |  |
|  |  |  93:SCAN HDFS [tpcds_partitioned_parquet_snap.web_sales, RANDOM]
|  |  |     HDFS partitions=1824/1824 files=1824 size=145.75GB
|  |  |     stored statistics:
|  |  |       table: rows=2.16G size=145.75GB
|  |  |       partitions: 1824/1824 rows=2.16G
|  |  |       columns: all
|  |  |     extrapolated-rows=disabled max-scan-range-rows=3.37M
|  |  |     mem-estimate=16.00MB mem-reservation=264.00KB thread-reservation=0
|  |  |     tuple-ids=101 row-size=140B cardinality=2.16G cost=4354495421
|  |  |     in pipelines: 93(GETNEXT)
|  |  |
|  |  86:UNION
|  |  |  mem-estimate=0B mem-reservation=0B thread-reservation=0
|  |  |  tuple-ids=100 row-size=8B cardinality=12.96G cost=661738272
|  |  |  in pipelines: 87(GETNEXT), 90(GETNEXT)
|  |  |
|  |  |--92:HASH JOIN [INNER JOIN, BROADCAST]
|  |  |  |  hash-table-id=03
|  |  |  |  hash predicates: tpcds_partitioned_parquet_snap.catalog_sales_2.cs_sold_date_sk = tpcds_partitioned_parquet_snap.date_dim_13.d_date_sk
|  |  |  |  fk/pk conjuncts: tpcds_partitioned_parquet_snap.catalog_sales_2.cs_sold_date_sk = tpcds_partitioned_parquet_snap.date_dim_13.d_date_sk
|  |  |  |  mem-estimate=0B mem-reservation=0B spill-buffer=128.00KB thread-reservation=0
|  |  |  |  tuple-ids=96,98 row-size=377B cardinality=4.32G cost=1890898131
|  |  |  |  in pipelines: 90(GETNEXT), 91(OPEN)
|  |  |  |
|  |  |  |--F70:PLAN FRAGMENT [RANDOM] hosts=10 instances=10
|  |  |  |  |  Per-Instance Resources: mem-estimate=36.39MB mem-reservation=34.50MB thread-reservation=1
|  |  |  |  |  max-parallelism=10 segment-costs=[17005]
|  |  |  |  JOIN BUILD
|  |  |  |  |  join-table-id=03 plan-id=04 cohort-id=03
|  |  |  |  |  build expressions: tpcds_partitioned_parquet_snap.date_dim_13.d_date_sk
|  |  |  |  |  mem-estimate=34.50MB mem-reservation=34.50MB spill-buffer=128.00KB thread-reservation=0 cost=7305
|  |  |  |  |
|  |  |  |  159:EXCHANGE [BROADCAST]
|  |  |  |  |  mem-estimate=1.89MB mem-reservation=0B thread-reservation=0
|  |  |  |  |  tuple-ids=98 row-size=237B cardinality=7.30K cost=9700
|  |  |  |  |  in pipelines: 91(GETNEXT)
|  |  |  |  |
|  |  |  |  F60:PLAN FRAGMENT [RANDOM] hosts=1 instances=1
|  |  |  |  Per-Instance Resources: mem-estimate=16.94MB mem-reservation=4.00MB thread-reservation=1
|  |  |  |  max-parallelism=1 segment-costs=[119540]
|  |  |  |  91:SCAN HDFS [tpcds_partitioned_parquet_snap.date_dim, RANDOM]
|  |  |  |     HDFS partitions=1/1 files=1 size=2.17MB
|  |  |  |     predicates: tpcds_partitioned_parquet_snap.date_dim_13.d_year <= add(CAST(1998 AS INT), CAST(2 AS INT)), tpcds_partitioned_parquet_snap.date_dim_13.d_year >= CAST(1998 AS INT)
|  |  |  |     stored statistics:
|  |  |  |       table: rows=73.05K size=2.17MB
|  |  |  |       columns: all
|  |  |  |     extrapolated-rows=disabled max-scan-range-rows=73.05K
|  |  |  |     parquet statistics predicates: tpcds_partitioned_parquet_snap.date_dim_13.d_year <= add(CAST(1998 AS INT), CAST(2 AS INT)), tpcds_partitioned_parquet_snap.date_dim_13.d_year >= CAST(1998 AS INT)
|  |  |  |     parquet dictionary predicates: tpcds_partitioned_parquet_snap.date_dim_13.d_year <= add(CAST(1998 AS INT), CAST(2 AS INT)), tpcds_partitioned_parquet_snap.date_dim_13.d_year >= CAST(1998 AS INT)
|  |  |  |     mem-estimate=16.00MB mem-reservation=4.00MB thread-reservation=0
|  |  |  |     tuple-ids=98 row-size=237B cardinality=7.30K cost=114705
|  |  |  |     in pipelines: 91(GETNEXT)
|  |  |  |
|  |  |  90:SCAN HDFS [tpcds_partitioned_parquet_snap.catalog_sales, RANDOM]
|  |  |     HDFS partitions=1831/1831 files=1831 size=280.96GB
|  |  |     stored statistics:
|  |  |       table: rows=4.32G size=280.96GB
|  |  |       partitions: 1831/1831 rows=4.32G
|  |  |       columns: all
|  |  |     extrapolated-rows=disabled max-scan-range-rows=21.52M
|  |  |     mem-estimate=16.00MB mem-reservation=1.00MB thread-reservation=0
|  |  |     tuple-ids=96 row-size=140B cardinality=4.32G cost=8709277205
|  |  |     in pipelines: 90(GETNEXT)
|  |  |
|  |  89:HASH JOIN [INNER JOIN, BROADCAST]
|  |  |  hash-table-id=02
|  |  |  hash predicates: tpcds_partitioned_parquet_snap.store_sales_4.ss_sold_date_sk = tpcds_partitioned_parquet_snap.date_dim_12.d_date_sk
|  |  |  fk/pk conjuncts: tpcds_partitioned_parquet_snap.store_sales_4.ss_sold_date_sk = tpcds_partitioned_parquet_snap.date_dim_12.d_date_sk
|  |  |  mem-estimate=0B mem-reservation=0B spill-buffer=128.00KB thread-reservation=0
|  |  |  tuple-ids=92,94 row-size=333B cardinality=8.64G cost=3781699633
|  |  |  in pipelines: 87(GETNEXT), 88(OPEN)
|  |  |
|  |  |--F69:PLAN FRAGMENT [RANDOM] hosts=10 instances=10
|  |  |  |  Per-Instance Resources: mem-estimate=36.39MB mem-reservation=34.50MB thread-reservation=1
|  |  |  |  max-parallelism=10 segment-costs=[17005]
|  |  |  JOIN BUILD
|  |  |  |  join-table-id=02 plan-id=03 cohort-id=03
|  |  |  |  build expressions: tpcds_partitioned_parquet_snap.date_dim_12.d_date_sk
|  |  |  |  mem-estimate=34.50MB mem-reservation=34.50MB spill-buffer=128.00KB thread-reservation=0 cost=7305
|  |  |  |
|  |  |  158:EXCHANGE [BROADCAST]
|  |  |  |  mem-estimate=1.89MB mem-reservation=0B thread-reservation=0
|  |  |  |  tuple-ids=94 row-size=237B cardinality=7.30K cost=9700
|  |  |  |  in pipelines: 88(GETNEXT)
|  |  |  |
|  |  |  F58:PLAN FRAGMENT [RANDOM] hosts=1 instances=1
|  |  |  Per-Instance Resources: mem-estimate=16.94MB mem-reservation=4.00MB thread-reservation=1
|  |  |  max-parallelism=1 segment-costs=[119540]
|  |  |  88:SCAN HDFS [tpcds_partitioned_parquet_snap.date_dim, RANDOM]
|  |  |     HDFS partitions=1/1 files=1 size=2.17MB
|  |  |     predicates: tpcds_partitioned_parquet_snap.date_dim_12.d_year <= add(CAST(1998 AS INT), CAST(2 AS INT)), tpcds_partitioned_parquet_snap.date_dim_12.d_year >= CAST(1998 AS INT)
|  |  |     stored statistics:
|  |  |       table: rows=73.05K size=2.17MB
|  |  |       columns: all
|  |  |     extrapolated-rows=disabled max-scan-range-rows=73.05K
|  |  |     parquet statistics predicates: tpcds_partitioned_parquet_snap.date_dim_12.d_year <= add(CAST(1998 AS INT), CAST(2 AS INT)), tpcds_partitioned_parquet_snap.date_dim_12.d_year >= CAST(1998 AS INT)
|  |  |     parquet dictionary predicates: tpcds_partitioned_parquet_snap.date_dim_12.d_year <= add(CAST(1998 AS INT), CAST(2 AS INT)), tpcds_partitioned_parquet_snap.date_dim_12.d_year >= CAST(1998 AS INT)
|  |  |     mem-estimate=16.00MB mem-reservation=4.00MB thread-reservation=0
|  |  |     tuple-ids=94 row-size=237B cardinality=7.30K cost=114705
|  |  |     in pipelines: 88(GETNEXT)
|  |  |
|  |  87:SCAN HDFS [tpcds_partitioned_parquet_snap.store_sales, RANDOM]
|  |     HDFS partitions=1824/1824 files=1824 size=389.90GB
|  |     stored statistics:
|  |       table: rows=8.64G size=389.90GB
|  |       partitions: 1824/1824 rows=8.64G
|  |       columns: all
|  |     extrapolated-rows=disabled max-scan-range-rows=390.22M
|  |     mem-estimate=16.00MB mem-reservation=8.00MB thread-reservation=0
|  |     tuple-ids=92 row-size=96B cardinality=8.64G cost=11943846410
|  |     in pipelines: 87(GETNEXT)
|  |
|  157:AGGREGATE [FINALIZE]
|  |  output: sum:merge(multiply(tpcds_partitioned_parquet_snap.store_sales_2.ss_quantity, tpcds_partitioned_parquet_snap.store_sales_2.ss_list_price)), count:merge()
|  |  group by: tpcds_partitioned_parquet_snap.item_4.i_brand_id, tpcds_partitioned_parquet_snap.item_4.i_class_id, tpcds_partitioned_parquet_snap.item_4.i_category_id
|  |  mem-estimate=10.00MB mem-reservation=8.50MB spill-buffer=512.00KB thread-reservation=0
|  |  tuple-ids=91 row-size=36B cardinality=149.12K cost=22458094
|  |  in pipelines: 157(GETNEXT), 49(OPEN)
|  |
|  156:EXCHANGE [HASH(tpcds_partitioned_parquet_snap.item_4.i_brand_id,tpcds_partitioned_parquet_snap.item_4.i_class_id,tpcds_partitioned_parquet_snap.item_4.i_category_id)]
|  |  mem-estimate=10.27MB mem-reservation=0B thread-reservation=0
|  |  tuple-ids=91 row-size=36B cardinality=15.08M cost=4173742
|  |  in pipelines: 49(GETNEXT)
|  |
|  F33:PLAN FRAGMENT [RANDOM] hosts=10 instances=7 (adjusted from 120)
|  Per-Host Shared Resources: mem-estimate=1.00MB mem-reservation=1.00MB thread-reservation=0 runtime-filters-memory=1.00MB
|  Per-Instance Resources: mem-estimate=40.06MB mem-reservation=17.00MB thread-reservation=1
|  max-parallelism=7 segment-costs=[205506186, 42742022] cpu-comparison-result=399 [max(7 (self) vs 399 (sum children))]
|  84:AGGREGATE [STREAMING]
|  |  output: sum(multiply(CAST(tpcds_partitioned_parquet_snap.store_sales_2.ss_quantity AS DECIMAL(10,0)), tpcds_partitioned_parquet_snap.store_sales_2.ss_list_price)), count()
|  |  group by: tpcds_partitioned_parquet_snap.item_4.i_brand_id, tpcds_partitioned_parquet_snap.item_4.i_class_id, tpcds_partitioned_parquet_snap.item_4.i_category_id
|  |  mem-estimate=10.00MB mem-reservation=9.00MB spill-buffer=512.00KB thread-reservation=0
|  |  tuple-ids=91 row-size=36B cardinality=15.08M cost=116143006
|  |  in pipelines: 49(GETNEXT)
|  |
|  83:HASH JOIN [INNER JOIN, BROADCAST]
|  |  hash-table-id=05
|  |  hash predicates: tpcds_partitioned_parquet_snap.store_sales_2.ss_item_sk = tpcds_partitioned_parquet_snap.item_8.i_item_sk
|  |  fk/pk conjuncts: tpcds_partitioned_parquet_snap.store_sales_2.ss_item_sk = tpcds_partitioned_parquet_snap.item_8.i_item_sk
|  |  mem-estimate=0B mem-reservation=0B spill-buffer=1.00MB thread-reservation=0
|  |  tuple-ids=54,56,58,60,90 row-size=759B cardinality=33.12M cost=14502848
|  |  in pipelines: 49(GETNEXT), 154(OPEN)
|  |
|  |--F72:PLAN FRAGMENT [RANDOM] hosts=10 instances=10
|  |  |  Per-Instance Resources: mem-estimate=18.45MB mem-reservation=17.00MB thread-reservation=1
|  |  |  max-parallelism=10 segment-costs=[838440] cpu-comparison-result=374 [max(10 (self) vs 374 (sum children))]
|  |  JOIN BUILD
|  |  |  join-table-id=05 plan-id=06 cohort-id=02
|  |  |  build expressions: tpcds_partitioned_parquet_snap.item_8.i_item_sk
|  |  |  runtime filters: RF039[min_max] <- tpcds_partitioned_parquet_snap.item_8.i_item_sk
|  |  |  mem-estimate=17.00MB mem-reservation=17.00MB spill-buffer=1.00MB thread-reservation=0 cost=360000
|  |  |
|  |  155:EXCHANGE [BROADCAST]
|  |  |  mem-estimate=1.45MB mem-reservation=0B thread-reservation=0
|  |  |  tuple-ids=90 row-size=4B cardinality=360.00K cost=478440
|  |  |  in pipelines: 154(GETNEXT)
|  |  |
|  |  F55:PLAN FRAGMENT [HASH(tpcds_partitioned_parquet_snap.item_8.i_item_sk)] hosts=10 instances=10 (adjusted from 120)
|  |  Per-Instance Resources: mem-estimate=10.25MB mem-reservation=1.94MB thread-reservation=1
|  |  max-parallelism=10 segment-costs=[1126414, 11664] cpu-comparison-result=374 [max(10 (self) vs 374 (sum children))]
|  |  154:AGGREGATE [FINALIZE]
|  |  |  group by: tpcds_partitioned_parquet_snap.item_8.i_item_sk
|  |  |  mem-estimate=10.00MB mem-reservation=1.94MB spill-buffer=64.00KB thread-reservation=0
|  |  |  tuple-ids=90 row-size=4B cardinality=360.00K cost=1068777
|  |  |  in pipelines: 154(GETNEXT), 151(OPEN)
|  |  |
|  |  153:EXCHANGE [HASH(tpcds_partitioned_parquet_snap.item_8.i_item_sk)]
|  |  |  mem-estimate=253.86KB mem-reservation=0B thread-reservation=0
|  |  |  tuple-ids=90 row-size=4B cardinality=445.08K cost=57637
|  |  |  in pipelines: 151(GETNEXT)
|  |  |
|  |  F53:PLAN FRAGMENT [HASH(BRAND_ID,CLASS_ID,CATEGORY_ID)] hosts=10 instances=10 (adjusted from 120)
|  |  Per-Instance Resources: mem-estimate=141.67MB mem-reservation=36.00MB thread-reservation=1
|  |  max-parallelism=10 segment-costs=[2731445, 1487074, 343957] cpu-comparison-result=374 [max(10 (self) vs 374 (sum children))]
|  |  82:AGGREGATE [STREAMING]
|  |  |  group by: tpcds_partitioned_parquet_snap.item_8.i_item_sk
|  |  |  mem-estimate=10.00MB mem-reservation=2.00MB spill-buffer=64.00KB thread-reservation=0
|  |  |  tuple-ids=90 row-size=4B cardinality=445.08K cost=1291265
|  |  |  in pipelines: 151(GETNEXT)
|  |  |
|  |  81:HASH JOIN [INNER JOIN, PARTITIONED]
|  |  |  hash-table-id=06
|  |  |  hash predicates: BRAND_ID = tpcds_partitioned_parquet_snap.item_8.i_brand_id, CATEGORY_ID = tpcds_partitioned_parquet_snap.item_8.i_category_id, CLASS_ID = tpcds_partitioned_parquet_snap.item_8.i_class_id
|  |  |  fk/pk conjuncts: assumed fk/pk
|  |  |  mem-estimate=0B mem-reservation=0B spill-buffer=1.00MB thread-reservation=0
|  |  |  tuple-ids=87,88 row-size=425B cardinality=447.36K cost=195809
|  |  |  in pipelines: 151(GETNEXT), 80(OPEN)
|  |  |
|  |  |--F73:PLAN FRAGMENT [HASH(BRAND_ID,CLASS_ID,CATEGORY_ID)] hosts=10 instances=10 (adjusted from 120)
|  |  |  |  Per-Instance Resources: mem-estimate=28.60MB mem-reservation=17.00MB thread-reservation=1
|  |  |  |  max-parallelism=10 segment-costs=[1071501]
|  |  |  JOIN BUILD
|  |  |  |  join-table-id=06 plan-id=07 cohort-id=04
|  |  |  |  build expressions: tpcds_partitioned_parquet_snap.item_8.i_brand_id, tpcds_partitioned_parquet_snap.item_8.i_category_id, tpcds_partitioned_parquet_snap.item_8.i_class_id
|  |  |  |  mem-estimate=17.00MB mem-reservation=17.00MB spill-buffer=1.00MB thread-reservation=0 cost=360000
|  |  |  |
|  |  |  152:EXCHANGE [HASH(tpcds_partitioned_parquet_snap.item_8.i_brand_id,tpcds_partitioned_parquet_snap.item_8.i_class_id,tpcds_partitioned_parquet_snap.item_8.i_category_id)]
|  |  |  |  mem-estimate=11.60MB mem-reservation=0B thread-reservation=0
|  |  |  |  tuple-ids=88 row-size=405B cardinality=360.00K cost=711501
|  |  |  |  in pipelines: 80(GETNEXT)
|  |  |  |
|  |  |  F54:PLAN FRAGMENT [RANDOM] hosts=4 instances=4
|  |  |  Per-Instance Resources: mem-estimate=32.00MB mem-reservation=512.00KB thread-reservation=1
|  |  |  max-parallelism=4 segment-costs=[10942162]
|  |  |  80:SCAN HDFS [tpcds_partitioned_parquet_snap.item, RANDOM]
|  |  |     HDFS partitions=1/1 files=1 size=33.54MB
|  |  |     stored statistics:
|  |  |       table: rows=360.00K size=33.54MB
|  |  |       columns: all
|  |  |     extrapolated-rows=disabled max-scan-range-rows=101.54K
|  |  |     mem-estimate=16.00MB mem-reservation=512.00KB thread-reservation=0
|  |  |     tuple-ids=88 row-size=405B cardinality=360.00K cost=1355609
|  |  |     in pipelines: 80(GETNEXT)
|  |  |
|  |  151:AGGREGATE [FINALIZE]
|  |  |  output: count:merge()
|  |  |  group by: BRAND_ID, CLASS_ID, CATEGORY_ID
|  |  |  having: count() = CAST(2 AS BIGINT)
|  |  |  mem-estimate=128.00MB mem-reservation=34.00MB spill-buffer=2.00MB thread-reservation=0
|  |  |  tuple-ids=87 row-size=20B cardinality=447.36K cost=2640587
|  |  |  in pipelines: 151(GETNEXT), 72(OPEN), 149(OPEN)
|  |  |
|  |  150:EXCHANGE [HASH(BRAND_ID,CLASS_ID,CATEGORY_ID)]
|  |  |  mem-estimate=3.67MB mem-reservation=0B thread-reservation=0
|  |  |  tuple-ids=87 row-size=20B cardinality=447.36K cost=90858
|  |  |  in pipelines: 72(GETNEXT), 149(GETNEXT)
|  |  |
|  |  F52:PLAN FRAGMENT [RANDOM] hosts=10 instances=120
|  |  Per-Instance Resources: mem-estimate=384.94MB mem-reservation=102.00MB thread-reservation=1
|  |  max-parallelism=120 segment-costs=[1820963, 1760391, 28898336, 2680446, 806679] cpu-comparison-result=360 [max(120 (self) vs 360 (sum children))]
|  |  79:AGGREGATE [STREAMING]
|  |  |  output: count()
|  |  |  group by: BRAND_ID, CLASS_ID, CATEGORY_ID
|  |  |  mem-estimate=128.00MB mem-reservation=34.00MB spill-buffer=2.00MB thread-reservation=0
|  |  |  tuple-ids=87 row-size=20B cardinality=447.36K cost=2640587
|  |  |  in pipelines: 72(GETNEXT), 149(GETNEXT)
|  |  |
|  |  57:UNION
|  |  |  mem-estimate=0B mem-reservation=0B thread-reservation=0
|  |  |  tuple-ids=86 row-size=20B cardinality=447.36K cost=39859
|  |  |  in pipelines: 72(GETNEXT), 149(GETNEXT)
|  |  |
|  |  |--149:AGGREGATE [FINALIZE]
|  |  |  |  output: count:merge()
|  |  |  |  group by: tpcds_partitioned_parquet_snap.item_7.i_brand_id, tpcds_partitioned_parquet_snap.item_7.i_class_id, tpcds_partitioned_parquet_snap.item_7.i_category_id
|  |  |  |  mem-estimate=10.00MB mem-reservation=8.50MB spill-buffer=512.00KB thread-reservation=0
|  |  |  |  tuple-ids=85 row-size=20B cardinality=149.12K cost=25263984
|  |  |  |  in pipelines: 149(GETNEXT), 73(OPEN)
|  |  |  |
|  |  |  148:EXCHANGE [HASH(tpcds_partitioned_parquet_snap.item_7.i_brand_id,tpcds_partitioned_parquet_snap.item_7.i_class_id,tpcds_partitioned_parquet_snap.item_7.i_category_id)]
|  |  |  |  mem-estimate=12.81MB mem-reservation=0B thread-reservation=0
|  |  |  |  tuple-ids=85 row-size=20B cardinality=17.89M cost=3634352
|  |  |  |  in pipelines: 73(GETNEXT)
|  |  |  |
|  |  |  F48:PLAN FRAGMENT [RANDOM] hosts=10 instances=120
|  |  |  Per-Host Shared Resources: mem-estimate=1.00MB mem-reservation=1.00MB thread-reservation=0 runtime-filters-memory=1.00MB
|  |  |  Per-Instance Resources: mem-estimate=37.25MB mem-reservation=9.26MB thread-reservation=1
|  |  |  max-parallelism=930 segment-costs=[9292145537, 32267182] cpu-comparison-result=120 [max(120 (self) vs 25 (sum children))]
|  |  |  78:AGGREGATE [STREAMING]
|  |  |  |  output: count()
|  |  |  |  group by: tpcds_partitioned_parquet_snap.item_7.i_brand_id, tpcds_partitioned_parquet_snap.item_7.i_class_id, tpcds_partitioned_parquet_snap.item_7.i_category_id
|  |  |  |  mem-estimate=10.00MB mem-reservation=9.00MB spill-buffer=512.00KB thread-reservation=0
|  |  |  |  tuple-ids=85 row-size=20B cardinality=17.89M cost=3047563509
|  |  |  |  in pipelines: 73(GETNEXT)
|  |  |  |
|  |  |  77:HASH JOIN [INNER JOIN, BROADCAST]
|  |  |  |  hash-table-id=11
|  |  |  |  hash predicates: tpcds_partitioned_parquet_snap.web_sales_1.ws_item_sk = tpcds_partitioned_parquet_snap.item_7.i_item_sk
|  |  |  |  fk/pk conjuncts: tpcds_partitioned_parquet_snap.web_sales_1.ws_item_sk = tpcds_partitioned_parquet_snap.item_7.i_item_sk
|  |  |  |  mem-estimate=0B mem-reservation=0B spill-buffer=2.00MB thread-reservation=0
|  |  |  |  tuple-ids=79,81,83 row-size=783B cardinality=2.16G cost=944945506
|  |  |  |  in pipelines: 73(GETNEXT), 76(OPEN)
|  |  |  |
|  |  |  |--F78:PLAN FRAGMENT [RANDOM] hosts=10 instances=10
|  |  |  |  |  Per-Instance Resources: mem-estimate=420.60MB mem-reservation=409.00MB thread-reservation=1 runtime-filters-memory=1.00MB
|  |  |  |  |  max-parallelism=10 segment-costs=[838440]
|  |  |  |  JOIN BUILD
|  |  |  |  |  join-table-id=11 plan-id=12 cohort-id=04
|  |  |  |  |  build expressions: tpcds_partitioned_parquet_snap.item_7.i_item_sk
|  |  |  |  |  runtime filters: RF060[bloom] <- tpcds_partitioned_parquet_snap.item_7.i_item_sk, RF061[min_max] <- tpcds_partitioned_parquet_snap.item_7.i_item_sk
|  |  |  |  |  mem-estimate=408.00MB mem-reservation=408.00MB spill-buffer=2.00MB thread-reservation=0 cost=360000
|  |  |  |  |
|  |  |  |  147:EXCHANGE [BROADCAST]
|  |  |  |  |  mem-estimate=11.60MB mem-reservation=0B thread-reservation=0
|  |  |  |  |  tuple-ids=83 row-size=405B cardinality=360.00K cost=478440
|  |  |  |  |  in pipelines: 76(GETNEXT)
|  |  |  |  |
|  |  |  |  F50:PLAN FRAGMENT [RANDOM] hosts=4 instances=4
|  |  |  |  Per-Instance Resources: mem-estimate=17.60MB mem-reservation=512.00KB thread-reservation=1
|  |  |  |  max-parallelism=4 segment-costs=[1757529]
|  |  |  |  76:SCAN HDFS [tpcds_partitioned_parquet_snap.item, RANDOM]
|  |  |  |     HDFS partitions=1/1 files=1 size=33.54MB
|  |  |  |     stored statistics:
|  |  |  |       table: rows=360.00K size=33.54MB
|  |  |  |       columns: all
|  |  |  |     extrapolated-rows=disabled max-scan-range-rows=101.54K
|  |  |  |     mem-estimate=16.00MB mem-reservation=512.00KB thread-reservation=0
|  |  |  |     tuple-ids=83 row-size=405B cardinality=360.00K cost=1355609
|  |  |  |     in pipelines: 76(GETNEXT)
|  |  |  |
|  |  |  75:HASH JOIN [INNER JOIN, BROADCAST]
|  |  |  |  hash-table-id=12
|  |  |  |  hash predicates: tpcds_partitioned_parquet_snap.web_sales_1.ws_sold_date_sk = tpcds_partitioned_parquet_snap.date_dim_11.d_date_sk
|  |  |  |  fk/pk conjuncts: tpcds_partitioned_parquet_snap.web_sales_1.ws_sold_date_sk = tpcds_partitioned_parquet_snap.date_dim_11.d_date_sk
|  |  |  |  mem-estimate=0B mem-reservation=0B spill-buffer=128.00KB thread-reservation=0
|  |  |  |  tuple-ids=79,81 row-size=377B cardinality=2.16G(filtered from 2.16G) cost=945141101
|  |  |  |  in pipelines: 73(GETNEXT), 74(OPEN)
|  |  |  |
|  |  |  |--F79:PLAN FRAGMENT [RANDOM] hosts=10 instances=10
|  |  |  |  |  Per-Instance Resources: mem-estimate=36.39MB mem-reservation=34.50MB thread-reservation=1
|  |  |  |  |  max-parallelism=10 segment-costs=[17005]
|  |  |  |  JOIN BUILD
|  |  |  |  |  join-table-id=12 plan-id=13 cohort-id=04
|  |  |  |  |  build expressions: tpcds_partitioned_parquet_snap.date_dim_11.d_date_sk
|  |  |  |  |  mem-estimate=34.50MB mem-reservation=34.50MB spill-buffer=128.00KB thread-reservation=0 cost=7305
|  |  |  |  |
|  |  |  |  146:EXCHANGE [BROADCAST]
|  |  |  |  |  mem-estimate=1.89MB mem-reservation=0B thread-reservation=0
|  |  |  |  |  tuple-ids=81 row-size=237B cardinality=7.30K cost=9700
|  |  |  |  |  in pipelines: 74(GETNEXT)
|  |  |  |  |
|  |  |  |  F49:PLAN FRAGMENT [RANDOM] hosts=1 instances=1
|  |  |  |  Per-Instance Resources: mem-estimate=16.94MB mem-reservation=4.00MB thread-reservation=1
|  |  |  |  max-parallelism=1 segment-costs=[119540]
|  |  |  |  74:SCAN HDFS [tpcds_partitioned_parquet_snap.date_dim, RANDOM]
|  |  |  |     HDFS partitions=1/1 files=1 size=2.17MB
|  |  |  |     predicates: tpcds_partitioned_parquet_snap.date_dim_11.d_year <= add(CAST(1998 AS INT), CAST(2 AS INT)), tpcds_partitioned_parquet_snap.date_dim_11.d_year >= CAST(1998 AS INT)
|  |  |  |     stored statistics:
|  |  |  |       table: rows=73.05K size=2.17MB
|  |  |  |       columns: all
|  |  |  |     extrapolated-rows=disabled max-scan-range-rows=73.05K
|  |  |  |     parquet statistics predicates: tpcds_partitioned_parquet_snap.date_dim_11.d_year <= add(CAST(1998 AS INT), CAST(2 AS INT)), tpcds_partitioned_parquet_snap.date_dim_11.d_year >= CAST(1998 AS INT)
|  |  |  |     parquet dictionary predicates: tpcds_partitioned_parquet_snap.date_dim_11.d_year <= add(CAST(1998 AS INT), CAST(2 AS INT)), tpcds_partitioned_parquet_snap.date_dim_11.d_year >= CAST(1998 AS INT)
|  |  |  |     mem-estimate=16.00MB mem-reservation=4.00MB thread-reservation=0
|  |  |  |     tuple-ids=81 row-size=237B cardinality=7.30K cost=114705
|  |  |  |     in pipelines: 74(GETNEXT)
|  |  |  |
|  |  |  73:SCAN HDFS [tpcds_partitioned_parquet_snap.web_sales, RANDOM]
|  |  |     HDFS partitions=1824/1824 files=1824 size=145.75GB
|  |  |     runtime filters: RF061[min_max] -> tpcds_partitioned_parquet_snap.web_sales_1.ws_item_sk, RF060[bloom] -> tpcds_partitioned_parquet_snap.web_sales_1.ws_item_sk
|  |  |     stored statistics:
|  |  |       table: rows=2.16G size=145.75GB
|  |  |       partitions: 1824/1824 rows=2.16G
|  |  |       columns: all
|  |  |     extrapolated-rows=disabled max-scan-range-rows=3.37M
|  |  |     mem-estimate=16.00MB mem-reservation=264.00KB thread-reservation=0
|  |  |     tuple-ids=79 row-size=140B cardinality=2.16G(filtered from 2.16G) cost=4354495421
|  |  |     in pipelines: 73(GETNEXT)
|  |  |
|  |  72:AGGREGATE [FINALIZE]
|  |  |  output: count()
|  |  |  group by: BRAND_ID, CLASS_ID, CATEGORY_ID
|  |  |  mem-estimate=128.00MB mem-reservation=34.00MB spill-buffer=2.00MB thread-reservation=0
|  |  |  tuple-ids=78 row-size=20B cardinality=298.24K cost=1760391
|  |  |  in pipelines: 72(GETNEXT), 145(OPEN)
|  |  |
|  |  145:AGGREGATE [FINALIZE]
|  |  |  output: count:merge()
|  |  |  group by: BRAND_ID, CLASS_ID, CATEGORY_ID
|  |  |  having: count() = CAST(2 AS BIGINT)
|  |  |  mem-estimate=128.00MB mem-reservation=34.00MB spill-buffer=2.00MB thread-reservation=0
|  |  |  tuple-ids=77 row-size=20B cardinality=298.24K cost=1760391
|  |  |  in pipelines: 145(GETNEXT), 139(OPEN), 143(OPEN)
|  |  |
|  |  144:EXCHANGE [HASH(BRAND_ID,CLASS_ID,CATEGORY_ID)]
|  |  |  mem-estimate=3.38MB mem-reservation=0B thread-reservation=0
|  |  |  tuple-ids=77 row-size=20B cardinality=298.24K cost=60572
|  |  |  in pipelines: 139(GETNEXT), 143(GETNEXT)
|  |  |
|  |  F46:PLAN FRAGMENT [RANDOM] hosts=10 instances=120
|  |  Per-Instance Resources: mem-estimate=162.06MB mem-reservation=42.50MB thread-reservation=1
|  |  max-parallelism=120 segment-costs=[28898336, 28898336, 1786964, 537786] cpu-comparison-result=240 [max(120 (self) vs 240 (sum children))]
|  |  71:AGGREGATE [STREAMING]
|  |  |  output: count()
|  |  |  group by: BRAND_ID, CLASS_ID, CATEGORY_ID
|  |  |  mem-estimate=128.00MB mem-reservation=34.00MB spill-buffer=2.00MB thread-reservation=0
|  |  |  tuple-ids=77 row-size=20B cardinality=298.24K cost=1760391
|  |  |  in pipelines: 139(GETNEXT), 143(GETNEXT)
|  |  |
|  |  58:UNION
|  |  |  mem-estimate=0B mem-reservation=0B thread-reservation=0
|  |  |  tuple-ids=76 row-size=20B cardinality=298.24K cost=26573
|  |  |  in pipelines: 139(GETNEXT), 143(GETNEXT)
|  |  |
|  |  |--143:AGGREGATE [FINALIZE]
|  |  |  |  output: count:merge()
|  |  |  |  group by: tpcds_partitioned_parquet_snap.item_6.i_brand_id, tpcds_partitioned_parquet_snap.item_6.i_class_id, tpcds_partitioned_parquet_snap.item_6.i_category_id
|  |  |  |  mem-estimate=10.00MB mem-reservation=8.50MB spill-buffer=512.00KB thread-reservation=0
|  |  |  |  tuple-ids=75 row-size=20B cardinality=149.12K cost=25263984
|  |  |  |  in pipelines: 143(GETNEXT), 65(OPEN)
|  |  |  |
|  |  |  142:EXCHANGE [HASH(tpcds_partitioned_parquet_snap.item_6.i_brand_id,tpcds_partitioned_parquet_snap.item_6.i_class_id,tpcds_partitioned_parquet_snap.item_6.i_category_id)]
|  |  |  |  mem-estimate=12.81MB mem-reservation=0B thread-reservation=0
|  |  |  |  tuple-ids=75 row-size=20B cardinality=17.89M cost=3634352
|  |  |  |  in pipelines: 65(GETNEXT)
|  |  |  |
|  |  |  F42:PLAN FRAGMENT [RANDOM] hosts=10 instances=120
|  |  |  Per-Host Shared Resources: mem-estimate=1.00MB mem-reservation=1.00MB thread-reservation=0 runtime-filters-memory=1.00MB
|  |  |  Per-Instance Resources: mem-estimate=37.25MB mem-reservation=10.00MB thread-reservation=1
|  |  |  max-parallelism=1831 segment-costs=[18503862033, 32267182] cpu-comparison-result=120 [max(120 (self) vs 25 (sum children))]
|  |  |  70:AGGREGATE [STREAMING]
|  |  |  |  output: count()
|  |  |  |  group by: tpcds_partitioned_parquet_snap.item_6.i_brand_id, tpcds_partitioned_parquet_snap.item_6.i_class_id, tpcds_partitioned_parquet_snap.item_6.i_category_id
|  |  |  |  mem-estimate=10.00MB mem-reservation=9.00MB spill-buffer=512.00KB thread-reservation=0
|  |  |  |  tuple-ids=75 row-size=20B cardinality=17.89M cost=6014287315
|  |  |  |  in pipelines: 65(GETNEXT)
|  |  |  |
|  |  |  69:HASH JOIN [INNER JOIN, BROADCAST]
|  |  |  |  hash-table-id=09
|  |  |  |  hash predicates: tpcds_partitioned_parquet_snap.catalog_sales_1.cs_item_sk = tpcds_partitioned_parquet_snap.item_6.i_item_sk
|  |  |  |  fk/pk conjuncts: tpcds_partitioned_parquet_snap.catalog_sales_1.cs_item_sk = tpcds_partitioned_parquet_snap.item_6.i_item_sk
|  |  |  |  mem-estimate=0B mem-reservation=0B spill-buffer=2.00MB thread-reservation=0
|  |  |  |  tuple-ids=69,71,73 row-size=783B cardinality=4.32G cost=1889953155
|  |  |  |  in pipelines: 65(GETNEXT), 68(OPEN)
|  |  |  |
|  |  |  |--F76:PLAN FRAGMENT [RANDOM] hosts=10 instances=10
|  |  |  |  |  Per-Instance Resources: mem-estimate=420.60MB mem-reservation=409.00MB thread-reservation=1 runtime-filters-memory=1.00MB
|  |  |  |  |  max-parallelism=10 segment-costs=[838440]
|  |  |  |  JOIN BUILD
|  |  |  |  |  join-table-id=09 plan-id=10 cohort-id=04
|  |  |  |  |  build expressions: tpcds_partitioned_parquet_snap.item_6.i_item_sk
|  |  |  |  |  runtime filters: RF056[bloom] <- tpcds_partitioned_parquet_snap.item_6.i_item_sk, RF057[min_max] <- tpcds_partitioned_parquet_snap.item_6.i_item_sk
|  |  |  |  |  mem-estimate=408.00MB mem-reservation=408.00MB spill-buffer=2.00MB thread-reservation=0 cost=360000
|  |  |  |  |
|  |  |  |  141:EXCHANGE [BROADCAST]
|  |  |  |  |  mem-estimate=11.60MB mem-reservation=0B thread-reservation=0
|  |  |  |  |  tuple-ids=73 row-size=405B cardinality=360.00K cost=478440
|  |  |  |  |  in pipelines: 68(GETNEXT)
|  |  |  |  |
|  |  |  |  F44:PLAN FRAGMENT [RANDOM] hosts=4 instances=4
|  |  |  |  Per-Instance Resources: mem-estimate=17.60MB mem-reservation=512.00KB thread-reservation=1
|  |  |  |  max-parallelism=4 segment-costs=[1757529]
|  |  |  |  68:SCAN HDFS [tpcds_partitioned_parquet_snap.item, RANDOM]
|  |  |  |     HDFS partitions=1/1 files=1 size=33.54MB
|  |  |  |     stored statistics:
|  |  |  |       table: rows=360.00K size=33.54MB
|  |  |  |       columns: all
|  |  |  |     extrapolated-rows=disabled max-scan-range-rows=101.54K
|  |  |  |     mem-estimate=16.00MB mem-reservation=512.00KB thread-reservation=0
|  |  |  |     tuple-ids=73 row-size=405B cardinality=360.00K cost=1355609
|  |  |  |     in pipelines: 68(GETNEXT)
|  |  |  |
|  |  |  67:HASH JOIN [INNER JOIN, BROADCAST]
|  |  |  |  hash-table-id=10
|  |  |  |  hash predicates: tpcds_partitioned_parquet_snap.catalog_sales_1.cs_sold_date_sk = tpcds_partitioned_parquet_snap.date_dim_10.d_date_sk
|  |  |  |  fk/pk conjuncts: tpcds_partitioned_parquet_snap.catalog_sales_1.cs_sold_date_sk = tpcds_partitioned_parquet_snap.date_dim_10.d_date_sk
|  |  |  |  mem-estimate=0B mem-reservation=0B spill-buffer=128.00KB thread-reservation=0
|  |  |  |  tuple-ids=69,71 row-size=377B cardinality=4.32G(filtered from 4.32G) cost=1890344358
|  |  |  |  in pipelines: 65(GETNEXT), 66(OPEN)
|  |  |  |
|  |  |  |--F77:PLAN FRAGMENT [RANDOM] hosts=10 instances=10
|  |  |  |  |  Per-Instance Resources: mem-estimate=36.39MB mem-reservation=34.50MB thread-reservation=1
|  |  |  |  |  max-parallelism=10 segment-costs=[17005]
|  |  |  |  JOIN BUILD
|  |  |  |  |  join-table-id=10 plan-id=11 cohort-id=04
|  |  |  |  |  build expressions: tpcds_partitioned_parquet_snap.date_dim_10.d_date_sk
|  |  |  |  |  mem-estimate=34.50MB mem-reservation=34.50MB spill-buffer=128.00KB thread-reservation=0 cost=7305
|  |  |  |  |
|  |  |  |  140:EXCHANGE [BROADCAST]
|  |  |  |  |  mem-estimate=1.89MB mem-reservation=0B thread-reservation=0
|  |  |  |  |  tuple-ids=71 row-size=237B cardinality=7.30K cost=9700
|  |  |  |  |  in pipelines: 66(GETNEXT)
|  |  |  |  |
|  |  |  |  F43:PLAN FRAGMENT [RANDOM] hosts=1 instances=1
|  |  |  |  Per-Instance Resources: mem-estimate=16.94MB mem-reservation=4.00MB thread-reservation=1
|  |  |  |  max-parallelism=1 segment-costs=[119540]
|  |  |  |  66:SCAN HDFS [tpcds_partitioned_parquet_snap.date_dim, RANDOM]
|  |  |  |     HDFS partitions=1/1 files=1 size=2.17MB
|  |  |  |     predicates: tpcds_partitioned_parquet_snap.date_dim_10.d_year <= add(CAST(1998 AS INT), CAST(2 AS INT)), tpcds_partitioned_parquet_snap.date_dim_10.d_year >= CAST(1998 AS INT)
|  |  |  |     stored statistics:
|  |  |  |       table: rows=73.05K size=2.17MB
|  |  |  |       columns: all
|  |  |  |     extrapolated-rows=disabled max-scan-range-rows=73.05K
|  |  |  |     parquet statistics predicates: tpcds_partitioned_parquet_snap.date_dim_10.d_year <= add(CAST(1998 AS INT), CAST(2 AS INT)), tpcds_partitioned_parquet_snap.date_dim_10.d_year >= CAST(1998 AS INT)
|  |  |  |     parquet dictionary predicates: tpcds_partitioned_parquet_snap.date_dim_10.d_year <= add(CAST(1998 AS INT), CAST(2 AS INT)), tpcds_partitioned_parquet_snap.date_dim_10.d_year >= CAST(1998 AS INT)
|  |  |  |     mem-estimate=16.00MB mem-reservation=4.00MB thread-reservation=0
|  |  |  |     tuple-ids=71 row-size=237B cardinality=7.30K cost=114705
|  |  |  |     in pipelines: 66(GETNEXT)
|  |  |  |
|  |  |  65:SCAN HDFS [tpcds_partitioned_parquet_snap.catalog_sales, RANDOM]
|  |  |     HDFS partitions=1831/1831 files=1831 size=280.96GB
|  |  |     runtime filters: RF057[min_max] -> tpcds_partitioned_parquet_snap.catalog_sales_1.cs_item_sk, RF056[bloom] -> tpcds_partitioned_parquet_snap.catalog_sales_1.cs_item_sk
|  |  |     stored statistics:
|  |  |       table: rows=4.32G size=280.96GB
|  |  |       partitions: 1831/1831 rows=4.32G
|  |  |       columns: all
|  |  |     extrapolated-rows=disabled max-scan-range-rows=21.52M
|  |  |     mem-estimate=16.00MB mem-reservation=1.00MB thread-reservation=0
|  |  |     tuple-ids=69 row-size=140B cardinality=4.32G(filtered from 4.32G) cost=8709277205
|  |  |     in pipelines: 65(GETNEXT)
|  |  |
|  |  139:AGGREGATE [FINALIZE]
|  |  |  output: count:merge()
|  |  |  group by: tpcds_partitioned_parquet_snap.item_5.i_brand_id, tpcds_partitioned_parquet_snap.item_5.i_class_id, tpcds_partitioned_parquet_snap.item_5.i_category_id
|  |  |  mem-estimate=10.00MB mem-reservation=8.50MB spill-buffer=512.00KB thread-reservation=0
|  |  |  tuple-ids=68 row-size=20B cardinality=149.12K cost=25263984
|  |  |  in pipelines: 139(GETNEXT), 59(OPEN)
|  |  |
|  |  138:EXCHANGE [HASH(tpcds_partitioned_parquet_snap.item_5.i_brand_id,tpcds_partitioned_parquet_snap.item_5.i_class_id,tpcds_partitioned_parquet_snap.item_5.i_category_id)]
|  |  |  mem-estimate=12.81MB mem-reservation=0B thread-reservation=0
|  |  |  tuple-ids=68 row-size=20B cardinality=17.89M cost=3634352
|  |  |  in pipelines: 59(GETNEXT)
|  |  |
|  |  F38:PLAN FRAGMENT [RANDOM] hosts=10 instances=120
|  |  Per-Host Shared Resources: mem-estimate=1.00MB mem-reservation=1.00MB thread-reservation=0 runtime-filters-memory=1.00MB
|  |  Per-Instance Resources: mem-estimate=37.25MB mem-reservation=17.00MB thread-reservation=1
|  |  max-parallelism=1824 segment-costs=[31451484894, 32267182] cpu-comparison-result=120 [max(120 (self) vs 25 (sum children))]
|  |  64:AGGREGATE [STREAMING]
|  |  |  output: count()
|  |  |  group by: tpcds_partitioned_parquet_snap.item_5.i_brand_id, tpcds_partitioned_parquet_snap.item_5.i_class_id, tpcds_partitioned_parquet_snap.item_5.i_category_id
|  |  |  mem-estimate=10.00MB mem-reservation=9.00MB spill-buffer=512.00KB thread-reservation=0
|  |  |  tuple-ids=68 row-size=20B cardinality=17.89M cost=11947236639
|  |  |  in pipelines: 59(GETNEXT)
|  |  |
|  |  63:HASH JOIN [INNER JOIN, BROADCAST]
|  |  |  hash-table-id=07
|  |  |  hash predicates: tpcds_partitioned_parquet_snap.store_sales_3.ss_item_sk = tpcds_partitioned_parquet_snap.item_5.i_item_sk
|  |  |  fk/pk conjuncts: tpcds_partitioned_parquet_snap.store_sales_3.ss_item_sk = tpcds_partitioned_parquet_snap.item_5.i_item_sk
|  |  |  mem-estimate=0B mem-reservation=0B spill-buffer=2.00MB thread-reservation=0
|  |  |  tuple-ids=62,64,66 row-size=739B cardinality=8.64G cost=3779809729
|  |  |  in pipelines: 59(GETNEXT), 62(OPEN)
|  |  |
|  |  |--F74:PLAN FRAGMENT [RANDOM] hosts=10 instances=10
|  |  |  |  Per-Instance Resources: mem-estimate=420.60MB mem-reservation=409.00MB thread-reservation=1 runtime-filters-memory=1.00MB
|  |  |  |  max-parallelism=10 segment-costs=[838440]
|  |  |  JOIN BUILD
|  |  |  |  join-table-id=07 plan-id=08 cohort-id=04
|  |  |  |  build expressions: tpcds_partitioned_parquet_snap.item_5.i_item_sk
|  |  |  |  runtime filters: RF052[bloom] <- tpcds_partitioned_parquet_snap.item_5.i_item_sk, RF053[min_max] <- tpcds_partitioned_parquet_snap.item_5.i_item_sk
|  |  |  |  mem-estimate=408.00MB mem-reservation=408.00MB spill-buffer=2.00MB thread-reservation=0 cost=360000
|  |  |  |
|  |  |  137:EXCHANGE [BROADCAST]
|  |  |  |  mem-estimate=11.60MB mem-reservation=0B thread-reservation=0
|  |  |  |  tuple-ids=66 row-size=405B cardinality=360.00K cost=478440
|  |  |  |  in pipelines: 62(GETNEXT)
|  |  |  |
|  |  |  F40:PLAN FRAGMENT [RANDOM] hosts=4 instances=4
|  |  |  Per-Instance Resources: mem-estimate=17.60MB mem-reservation=512.00KB thread-reservation=1
|  |  |  max-parallelism=4 segment-costs=[1757529]
|  |  |  62:SCAN HDFS [tpcds_partitioned_parquet_snap.item, RANDOM]
|  |  |     HDFS partitions=1/1 files=1 size=33.54MB
|  |  |     stored statistics:
|  |  |       table: rows=360.00K size=33.54MB
|  |  |       columns: all
|  |  |     extrapolated-rows=disabled max-scan-range-rows=101.54K
|  |  |     mem-estimate=16.00MB mem-reservation=512.00KB thread-reservation=0
|  |  |     tuple-ids=66 row-size=405B cardinality=360.00K cost=1355609
|  |  |     in pipelines: 62(GETNEXT)
|  |  |
|  |  61:HASH JOIN [INNER JOIN, BROADCAST]
|  |  |  hash-table-id=08
|  |  |  hash predicates: tpcds_partitioned_parquet_snap.store_sales_3.ss_sold_date_sk = tpcds_partitioned_parquet_snap.date_dim_9.d_date_sk
|  |  |  fk/pk conjuncts: tpcds_partitioned_parquet_snap.store_sales_3.ss_sold_date_sk = tpcds_partitioned_parquet_snap.date_dim_9.d_date_sk
|  |  |  mem-estimate=0B mem-reservation=0B spill-buffer=128.00KB thread-reservation=0
|  |  |  tuple-ids=62,64 row-size=333B cardinality=8.64G(filtered from 8.64G) cost=3780592116
|  |  |  in pipelines: 59(GETNEXT), 60(OPEN)
|  |  |
|  |  |--F75:PLAN FRAGMENT [RANDOM] hosts=10 instances=10
|  |  |  |  Per-Instance Resources: mem-estimate=36.39MB mem-reservation=34.50MB thread-reservation=1
|  |  |  |  max-parallelism=10 segment-costs=[17005]
|  |  |  JOIN BUILD
|  |  |  |  join-table-id=08 plan-id=09 cohort-id=04
|  |  |  |  build expressions: tpcds_partitioned_parquet_snap.date_dim_9.d_date_sk
|  |  |  |  mem-estimate=34.50MB mem-reservation=34.50MB spill-buffer=128.00KB thread-reservation=0 cost=7305
|  |  |  |
|  |  |  136:EXCHANGE [BROADCAST]
|  |  |  |  mem-estimate=1.89MB mem-reservation=0B thread-reservation=0
|  |  |  |  tuple-ids=64 row-size=237B cardinality=7.30K cost=9700
|  |  |  |  in pipelines: 60(GETNEXT)
|  |  |  |
|  |  |  F39:PLAN FRAGMENT [RANDOM] hosts=1 instances=1
|  |  |  Per-Instance Resources: mem-estimate=16.94MB mem-reservation=4.00MB thread-reservation=1
|  |  |  max-parallelism=1 segment-costs=[119540]
|  |  |  60:SCAN HDFS [tpcds_partitioned_parquet_snap.date_dim, RANDOM]
|  |  |     HDFS partitions=1/1 files=1 size=2.17MB
|  |  |     predicates: tpcds_partitioned_parquet_snap.date_dim_9.d_year <= add(CAST(1998 AS INT), CAST(2 AS INT)), tpcds_partitioned_parquet_snap.date_dim_9.d_year >= CAST(1998 AS INT)
|  |  |     stored statistics:
|  |  |       table: rows=73.05K size=2.17MB
|  |  |       columns: all
|  |  |     extrapolated-rows=disabled max-scan-range-rows=73.05K
|  |  |     parquet statistics predicates: tpcds_partitioned_parquet_snap.date_dim_9.d_year <= add(CAST(1998 AS INT), CAST(2 AS INT)), tpcds_partitioned_parquet_snap.date_dim_9.d_year >= CAST(1998 AS INT)
|  |  |     parquet dictionary predicates: tpcds_partitioned_parquet_snap.date_dim_9.d_year <= add(CAST(1998 AS INT), CAST(2 AS INT)), tpcds_partitioned_parquet_snap.date_dim_9.d_year >= CAST(1998 AS INT)
|  |  |     mem-estimate=16.00MB mem-reservation=4.00MB thread-reservation=0
|  |  |     tuple-ids=64 row-size=237B cardinality=7.30K cost=114705
|  |  |     in pipelines: 60(GETNEXT)
|  |  |
|  |  59:SCAN HDFS [tpcds_partitioned_parquet_snap.store_sales, RANDOM]
|  |     HDFS partitions=1824/1824 files=1824 size=389.90GB
|  |     runtime filters: RF053[min_max] -> tpcds_partitioned_parquet_snap.store_sales_3.ss_item_sk, RF052[bloom] -> tpcds_partitioned_parquet_snap.store_sales_3.ss_item_sk
|  |     stored statistics:
|  |       table: rows=8.64G size=389.90GB
|  |       partitions: 1824/1824 rows=8.64G
|  |       columns: all
|  |     extrapolated-rows=disabled max-scan-range-rows=390.22M
|  |     mem-estimate=16.00MB mem-reservation=8.00MB thread-reservation=0
|  |     tuple-ids=62 row-size=96B cardinality=8.64G(filtered from 8.64G) cost=11943846410
|  |     in pipelines: 59(GETNEXT)
|  |
|  56:HASH JOIN [INNER JOIN, BROADCAST]
|  |  hash-table-id=13
|  |  hash predicates: tpcds_partitioned_parquet_snap.store_sales_2.ss_item_sk = tpcds_partitioned_parquet_snap.item_4.i_item_sk
|  |  fk/pk conjuncts: tpcds_partitioned_parquet_snap.store_sales_2.ss_item_sk = tpcds_partitioned_parquet_snap.item_4.i_item_sk
|  |  mem-estimate=0B mem-reservation=0B spill-buffer=2.00MB thread-reservation=0
|  |  tuple-ids=54,56,58,60 row-size=755B cardinality=33.14M cost=14510099
|  |  in pipelines: 49(GETNEXT), 55(OPEN)
|  |
|  |--F80:PLAN FRAGMENT [RANDOM] hosts=10 instances=10
|  |  |  Per-Instance Resources: mem-estimate=162.82MB mem-reservation=34.00MB thread-reservation=1
|  |  |  max-parallelism=10 segment-costs=[838440]
|  |  JOIN BUILD
|  |  |  join-table-id=13 plan-id=14 cohort-id=02
|  |  |  build expressions: tpcds_partitioned_parquet_snap.item_4.i_item_sk
|  |  |  runtime filters: RF041[min_max] <- tpcds_partitioned_parquet_snap.item_4.i_item_sk
|  |  |  mem-estimate=151.22MB mem-reservation=34.00MB spill-buffer=2.00MB thread-reservation=0 cost=360000
|  |  |
|  |  135:EXCHANGE [BROADCAST]
|  |  |  mem-estimate=11.60MB mem-reservation=0B thread-reservation=0
|  |  |  tuple-ids=60 row-size=405B cardinality=360.00K cost=478440
|  |  |  in pipelines: 55(GETNEXT)
|  |  |
|  |  F37:PLAN FRAGMENT [RANDOM] hosts=4 instances=4
|  |  Per-Instance Resources: mem-estimate=17.60MB mem-reservation=512.00KB thread-reservation=1
|  |  max-parallelism=4 segment-costs=[1757529]
|  |  55:SCAN HDFS [tpcds_partitioned_parquet_snap.item, RANDOM]
|  |     HDFS partitions=1/1 files=1 size=33.54MB
|  |     runtime filters: RF039[min_max] -> tpcds_partitioned_parquet_snap.item_4.i_item_sk
|  |     stored statistics:
|  |       table: rows=360.00K size=33.54MB
|  |       columns: all
|  |     extrapolated-rows=disabled max-scan-range-rows=101.54K
|  |     mem-estimate=16.00MB mem-reservation=512.00KB thread-reservation=0
|  |     tuple-ids=60 row-size=405B cardinality=360.00K cost=1355609
|  |     in pipelines: 55(GETNEXT)
|  |
|  54:HASH JOIN [INNER JOIN, BROADCAST]
|  |  hash-table-id=14
|  |  hash predicates: tpcds_partitioned_parquet_snap.store_sales_2.ss_sold_date_sk = tpcds_partitioned_parquet_snap.date_dim_7.d_date_sk
|  |  fk/pk conjuncts: tpcds_partitioned_parquet_snap.store_sales_2.ss_sold_date_sk = tpcds_partitioned_parquet_snap.date_dim_7.d_date_sk
|  |  mem-estimate=0B mem-reservation=0B spill-buffer=64.00KB thread-reservation=0
|  |  tuple-ids=54,56,58 row-size=349B cardinality=33.16M cost=14513102
|  |  in pipelines: 49(GETNEXT), 50(OPEN)
|  |
|  |--F81:PLAN FRAGMENT [RANDOM] hosts=10 instances=10
|  |  |  Per-Instance Resources: mem-estimate=2.95MB mem-reservation=2.94MB thread-reservation=1 runtime-filters-memory=1.00MB
|  |  |  max-parallelism=10 segment-costs=[7] cpu-comparison-result=11 [max(11 (self) vs 2 (sum children))]
|  |  JOIN BUILD
|  |  |  join-table-id=14 plan-id=15 cohort-id=02
|  |  |  build expressions: tpcds_partitioned_parquet_snap.date_dim_7.d_date_sk
|  |  |  runtime filters: RF042[bloom] <- tpcds_partitioned_parquet_snap.date_dim_7.d_date_sk
|  |  |  mem-estimate=1.94MB mem-reservation=1.94MB spill-buffer=64.00KB thread-reservation=0 cost=7
|  |  |
|  |  134:EXCHANGE [BROADCAST]
|  |  |  mem-estimate=16.00KB mem-reservation=0B thread-reservation=0
|  |  |  tuple-ids=56,58 row-size=253B cardinality=7 cost=0
|  |  |  in pipelines: 50(GETNEXT)
|  |  |
|  |  F34:PLAN FRAGMENT [RANDOM] hosts=1 instances=1
|  |  Per-Host Shared Resources: mem-estimate=1.00MB mem-reservation=1.00MB thread-reservation=0 runtime-filters-memory=1.00MB
|  |  Per-Instance Resources: mem-estimate=17.02MB mem-reservation=4.00MB thread-reservation=1
|  |  max-parallelism=1 segment-costs=[110608]
|  |  53:HASH JOIN [INNER JOIN, BROADCAST]
|  |  |  hash-table-id=15
|  |  |  hash predicates: tpcds_partitioned_parquet_snap.date_dim_7.d_week_seq = tpcds_partitioned_parquet_snap.date_dim_8.d_week_seq
|  |  |  fk/pk conjuncts: none
|  |  |  mem-estimate=0B mem-reservation=0B spill-buffer=64.00KB thread-reservation=0
|  |  |  tuple-ids=56,58 row-size=253B cardinality=7 cost=3
|  |  |  in pipelines: 50(GETNEXT), 52(OPEN)
|  |  |
|  |  |--F82:PLAN FRAGMENT [RANDOM] hosts=1 instances=1
|  |  |  |  Per-Instance Resources: mem-estimate=2.95MB mem-reservation=2.94MB thread-reservation=1 runtime-filters-memory=1.00MB
|  |  |  |  max-parallelism=1 segment-costs=[1] cpu-comparison-result=2 [max(1 (self) vs 2 (sum children))]
|  |  |  JOIN BUILD
|  |  |  |  join-table-id=15 plan-id=16 cohort-id=05
|  |  |  |  build expressions: tpcds_partitioned_parquet_snap.date_dim_8.d_week_seq
|  |  |  |  runtime filters: RF044[bloom] <- tpcds_partitioned_parquet_snap.date_dim_8.d_week_seq, RF045[min_max] <- tpcds_partitioned_parquet_snap.date_dim_8.d_week_seq
|  |  |  |  mem-estimate=1.94MB mem-reservation=1.94MB spill-buffer=64.00KB thread-reservation=0 cost=1
|  |  |  |
|  |  |  133:EXCHANGE [BROADCAST]
|  |  |  |  mem-estimate=16.00KB mem-reservation=0B thread-reservation=0
|  |  |  |  tuple-ids=58 row-size=16B cardinality=1 cost=0
|  |  |  |  in pipelines: 52(GETNEXT)
|  |  |  |
|  |  |  F36:PLAN FRAGMENT [UNPARTITIONED] hosts=1 instances=1
|  |  |  Per-Instance Resources: mem-estimate=80.00KB mem-reservation=0B thread-reservation=1
|  |  |  max-parallelism=1 segment-costs=[5, 0]
|  |  |  52:CARDINALITY CHECK
|  |  |  |  limit: 1
|  |  |  |  mem-estimate=0B mem-reservation=0B thread-reservation=0
|  |  |  |  tuple-ids=58 row-size=16B cardinality=1 cost=0
|  |  |  |  in pipelines: 52(GETNEXT), 51(OPEN)
|  |  |  |
|  |  |  132:EXCHANGE [UNPARTITIONED]
|  |  |  |  limit: 2
|  |  |  |  mem-estimate=16.00KB mem-reservation=0B thread-reservation=0
|  |  |  |  tuple-ids=58 row-size=16B cardinality=2 cost=5
|  |  |  |  in pipelines: 51(GETNEXT)
|  |  |  |
|  |  |  F35:PLAN FRAGMENT [RANDOM] hosts=1 instances=1
|  |  |  Per-Instance Resources: mem-estimate=16.08MB mem-reservation=512.00KB thread-reservation=1
|  |  |  max-parallelism=1 segment-costs=[22991]
|  |  |  51:SCAN HDFS [tpcds_partitioned_parquet_snap.date_dim, RANDOM]
|  |  |     HDFS partitions=1/1 files=1 size=2.17MB
|  |  |     predicates: tpcds_partitioned_parquet_snap.date_dim_8.d_year = CAST(1998 AS INT), tpcds_partitioned_parquet_snap.date_dim_8.d_dom = CAST(20 AS INT), tpcds_partitioned_parquet_snap.date_dim_8.d_moy = CAST(12 AS INT)
|  |  |     stored statistics:
|  |  |       table: rows=73.05K size=2.17MB
|  |  |       columns: all
|  |  |     extrapolated-rows=disabled max-scan-range-rows=73.05K
|  |  |     parquet statistics predicates: tpcds_partitioned_parquet_snap.date_dim_8.d_year = CAST(1998 AS INT), tpcds_partitioned_parquet_snap.date_dim_8.d_dom = CAST(20 AS INT), tpcds_partitioned_parquet_snap.date_dim_8.d_moy = CAST(12 AS INT)
|  |  |     parquet dictionary predicates: tpcds_partitioned_parquet_snap.date_dim_8.d_year = CAST(1998 AS INT), tpcds_partitioned_parquet_snap.date_dim_8.d_dom = CAST(20 AS INT), tpcds_partitioned_parquet_snap.date_dim_8.d_moy = CAST(12 AS INT)
|  |  |     limit: 2
|  |  |     mem-estimate=16.00MB mem-reservation=512.00KB thread-reservation=0
|  |  |     tuple-ids=58 row-size=16B cardinality=29 cost=22988
|  |  |     in pipelines: 51(GETNEXT)
|  |  |
|  |  50:SCAN HDFS [tpcds_partitioned_parquet_snap.date_dim, RANDOM]
|  |     HDFS partitions=1/1 files=1 size=2.17MB
|  |     runtime filters: RF045[min_max] -> tpcds_partitioned_parquet_snap.date_dim_7.d_week_seq, RF044[bloom] -> tpcds_partitioned_parquet_snap.date_dim_7.d_week_seq
|  |     stored statistics:
|  |       table: rows=73.05K size=2.17MB
|  |       columns: all
|  |     extrapolated-rows=disabled max-scan-range-rows=73.05K
|  |     mem-estimate=16.00MB mem-reservation=4.00MB thread-reservation=0
|  |     tuple-ids=56 row-size=237B cardinality=7(filtered from 73.05K) cost=110600
|  |     in pipelines: 50(GETNEXT)
|  |
|  49:SCAN HDFS [tpcds_partitioned_parquet_snap.store_sales, RANDOM]
|     HDFS partitions=1824/1824 files=1824 size=389.90GB
|     runtime filters: RF039[min_max] -> tpcds_partitioned_parquet_snap.store_sales_2.ss_item_sk, RF041[min_max] -> tpcds_partitioned_parquet_snap.store_sales_2.ss_item_sk, RF042[bloom] -> tpcds_partitioned_parquet_snap.store_sales_2.ss_sold_date_sk
|     stored statistics:
|       table: rows=8.64G size=389.90GB
|       partitions: 1824/1824 rows=8.64G
|       columns: all
|     extrapolated-rows=disabled max-scan-range-rows=390.22M est-scan-range=7(filtered from 1824)
|     mem-estimate=16.00MB mem-reservation=8.00MB thread-reservation=0
|     tuple-ids=54 row-size=96B cardinality=33.16M(filtered from 8.64G) cost=45837131
|     in pipelines: 49(GETNEXT)
|
48:NESTED LOOP JOIN [INNER JOIN, BROADCAST]
|  join table id: 16
|  join predicates: sum(multiply(tpcds_partitioned_parquet_snap.store_sales.ss_quantity, tpcds_partitioned_parquet_snap.store_sales.ss_list_price)) > avg(multiply(QUANTITY, LIST_PRICE))
|  mem-estimate=0B mem-reservation=0B thread-reservation=0
|  tuple-ids=37,53 row-size=52B cardinality=149.12K cost=30554
|  in pipelines: 125(GETNEXT), 130(OPEN)
|
|--F83:PLAN FRAGMENT [HASH(tpcds_partitioned_parquet_snap.item.i_brand_id,tpcds_partitioned_parquet_snap.item.i_class_id,tpcds_partitioned_parquet_snap.item.i_category_id)] hosts=10 instances=10
|  |  Per-Instance Resources: mem-estimate=16.02KB mem-reservation=0B thread-reservation=1
|  |  max-parallelism=10 segment-costs=[0] cpu-comparison-result=120 [max(10 (self) vs 120 (sum children))]
|  JOIN BUILD
|  |  join-table-id=16 plan-id=17 cohort-id=01
|  |  mem-estimate=16B mem-reservation=0B thread-reservation=0 cost=0
|  |
|  131:EXCHANGE [BROADCAST]
|  |  mem-estimate=16.00KB mem-reservation=0B thread-reservation=0
|  |  tuple-ids=53 row-size=16B cardinality=1 cost=0
|  |  in pipelines: 130(GETNEXT)
|  |
|  F32:PLAN FRAGMENT [UNPARTITIONED] hosts=1 instances=1
|  Per-Instance Resources: mem-estimate=297.44KB mem-reservation=0B thread-reservation=1
|  max-parallelism=1 segment-costs=[30, 0] cpu-comparison-result=120 [max(1 (self) vs 120 (sum children))]
|  130:AGGREGATE [FINALIZE]
|  |  output: avg:merge(multiply(QUANTITY, LIST_PRICE))
|  |  mem-estimate=16.00KB mem-reservation=0B spill-buffer=2.00MB thread-reservation=0
|  |  tuple-ids=53 row-size=16B cardinality=1 cost=8
|  |  in pipelines: 130(GETNEXT), 47(OPEN)
|  |
|  129:EXCHANGE [UNPARTITIONED]
|  |  mem-estimate=281.44KB mem-reservation=0B thread-reservation=0
|  |  tuple-ids=52 row-size=16B cardinality=120 cost=22
|  |  in pipelines: 47(GETNEXT)
|  |
|  F31:PLAN FRAGMENT [RANDOM] hosts=10 instances=120
|  Per-Instance Resources: mem-estimate=16.02MB mem-reservation=8.00MB thread-reservation=1
|  max-parallelism=120 segment-costs=[33456059694, 185] cpu-comparison-result=120 [max(120 (self) vs 33 (sum children))]
|  47:AGGREGATE
|  |  output: avg(multiply(CAST(QUANTITY AS DECIMAL(10,0)), LIST_PRICE))
|  |  mem-estimate=16.00KB mem-reservation=0B spill-buffer=2.00MB thread-reservation=0
|  |  tuple-ids=52 row-size=16B cardinality=120 cost=1058398679
|  |  in pipelines: 47(GETNEXT), 38(OPEN), 41(OPEN), 44(OPEN)
|  |
|  36:UNION
|  |  pass-through-operands: 37
|  |  mem-estimate=0B mem-reservation=0B thread-reservation=0
|  |  tuple-ids=51 row-size=8B cardinality=15.12G cost=110287964
|  |  in pipelines: 38(GETNEXT), 41(GETNEXT), 44(GETNEXT)
|  |
|  |--46:HASH JOIN [INNER JOIN, BROADCAST]
|  |  |  hash-table-id=19
|  |  |  hash predicates: tpcds_partitioned_parquet_snap.web_sales_0.ws_sold_date_sk = tpcds_partitioned_parquet_snap.date_dim_6.d_date_sk
|  |  |  fk/pk conjuncts: tpcds_partitioned_parquet_snap.web_sales_0.ws_sold_date_sk = tpcds_partitioned_parquet_snap.date_dim_6.d_date_sk
|  |  |  mem-estimate=0B mem-reservation=0B spill-buffer=128.00KB thread-reservation=0
|  |  |  tuple-ids=47,49 row-size=377B cardinality=2.16G cost=945417979
|  |  |  in pipelines: 44(GETNEXT), 45(OPEN)
|  |  |
|  |  |--F86:PLAN FRAGMENT [RANDOM] hosts=10 instances=10
|  |  |  |  Per-Instance Resources: mem-estimate=36.39MB mem-reservation=34.50MB thread-reservation=1
|  |  |  |  max-parallelism=10 segment-costs=[17005]
|  |  |  JOIN BUILD
|  |  |  |  join-table-id=19 plan-id=20 cohort-id=06
|  |  |  |  build expressions: tpcds_partitioned_parquet_snap.date_dim_6.d_date_sk
|  |  |  |  mem-estimate=34.50MB mem-reservation=34.50MB spill-buffer=128.00KB thread-reservation=0 cost=7305
|  |  |  |
|  |  |  128:EXCHANGE [BROADCAST]
|  |  |  |  mem-estimate=1.89MB mem-reservation=0B thread-reservation=0
|  |  |  |  tuple-ids=49 row-size=237B cardinality=7.30K cost=9700
|  |  |  |  in pipelines: 45(GETNEXT)
|  |  |  |
|  |  |  F30:PLAN FRAGMENT [RANDOM] hosts=1 instances=1
|  |  |  Per-Instance Resources: mem-estimate=16.94MB mem-reservation=4.00MB thread-reservation=1
|  |  |  max-parallelism=1 segment-costs=[119540]
|  |  |  45:SCAN HDFS [tpcds_partitioned_parquet_snap.date_dim, RANDOM]
|  |  |     HDFS partitions=1/1 files=1 size=2.17MB
|  |  |     predicates: tpcds_partitioned_parquet_snap.date_dim_6.d_year <= add(CAST(1998 AS INT), CAST(2 AS INT)), tpcds_partitioned_parquet_snap.date_dim_6.d_year >= CAST(1998 AS INT)
|  |  |     stored statistics:
|  |  |       table: rows=73.05K size=2.17MB
|  |  |       columns: all
|  |  |     extrapolated-rows=disabled max-scan-range-rows=73.05K
|  |  |     parquet statistics predicates: tpcds_partitioned_parquet_snap.date_dim_6.d_year <= add(CAST(1998 AS INT), CAST(2 AS INT)), tpcds_partitioned_parquet_snap.date_dim_6.d_year >= CAST(1998 AS INT)
|  |  |     parquet dictionary predicates: tpcds_partitioned_parquet_snap.date_dim_6.d_year <= add(CAST(1998 AS INT), CAST(2 AS INT)), tpcds_partitioned_parquet_snap.date_dim_6.d_year >= CAST(1998 AS INT)
|  |  |     mem-estimate=16.00MB mem-reservation=4.00MB thread-reservation=0
|  |  |     tuple-ids=49 row-size=237B cardinality=7.30K cost=114705
|  |  |     in pipelines: 45(GETNEXT)
|  |  |
|  |  44:SCAN HDFS [tpcds_partitioned_parquet_snap.web_sales, RANDOM]
|  |     HDFS partitions=1824/1824 files=1824 size=145.75GB
|  |     stored statistics:
|  |       table: rows=2.16G size=145.75GB
|  |       partitions: 1824/1824 rows=2.16G
|  |       columns: all
|  |     extrapolated-rows=disabled max-scan-range-rows=3.37M
|  |     mem-estimate=16.00MB mem-reservation=264.00KB thread-reservation=0
|  |     tuple-ids=47 row-size=140B cardinality=2.16G cost=4354495421
|  |     in pipelines: 44(GETNEXT)
|  |
|  37:UNION
|  |  mem-estimate=0B mem-reservation=0B thread-reservation=0
|  |  tuple-ids=46 row-size=8B cardinality=12.96G cost=661738272
|  |  in pipelines: 38(GETNEXT), 41(GETNEXT)
|  |
|  |--43:HASH JOIN [INNER JOIN, BROADCAST]
|  |  |  hash-table-id=18
|  |  |  hash predicates: tpcds_partitioned_parquet_snap.catalog_sales_0.cs_sold_date_sk = tpcds_partitioned_parquet_snap.date_dim_5.d_date_sk
|  |  |  fk/pk conjuncts: tpcds_partitioned_parquet_snap.catalog_sales_0.cs_sold_date_sk = tpcds_partitioned_parquet_snap.date_dim_5.d_date_sk
|  |  |  mem-estimate=0B mem-reservation=0B spill-buffer=128.00KB thread-reservation=0
|  |  |  tuple-ids=42,44 row-size=377B cardinality=4.32G cost=1890898131
|  |  |  in pipelines: 41(GETNEXT), 42(OPEN)
|  |  |
|  |  |--F85:PLAN FRAGMENT [RANDOM] hosts=10 instances=10
|  |  |  |  Per-Instance Resources: mem-estimate=36.39MB mem-reservation=34.50MB thread-reservation=1
|  |  |  |  max-parallelism=10 segment-costs=[17005]
|  |  |  JOIN BUILD
|  |  |  |  join-table-id=18 plan-id=19 cohort-id=06
|  |  |  |  build expressions: tpcds_partitioned_parquet_snap.date_dim_5.d_date_sk
|  |  |  |  mem-estimate=34.50MB mem-reservation=34.50MB spill-buffer=128.00KB thread-reservation=0 cost=7305
|  |  |  |
|  |  |  127:EXCHANGE [BROADCAST]
|  |  |  |  mem-estimate=1.89MB mem-reservation=0B thread-reservation=0
|  |  |  |  tuple-ids=44 row-size=237B cardinality=7.30K cost=9700
|  |  |  |  in pipelines: 42(GETNEXT)
|  |  |  |
|  |  |  F27:PLAN FRAGMENT [RANDOM] hosts=1 instances=1
|  |  |  Per-Instance Resources: mem-estimate=16.94MB mem-reservation=4.00MB thread-reservation=1
|  |  |  max-parallelism=1 segment-costs=[119540]
|  |  |  42:SCAN HDFS [tpcds_partitioned_parquet_snap.date_dim, RANDOM]
|  |  |     HDFS partitions=1/1 files=1 size=2.17MB
|  |  |     predicates: tpcds_partitioned_parquet_snap.date_dim_5.d_year <= add(CAST(1998 AS INT), CAST(2 AS INT)), tpcds_partitioned_parquet_snap.date_dim_5.d_year >= CAST(1998 AS INT)
|  |  |     stored statistics:
|  |  |       table: rows=73.05K size=2.17MB
|  |  |       columns: all
|  |  |     extrapolated-rows=disabled max-scan-range-rows=73.05K
|  |  |     parquet statistics predicates: tpcds_partitioned_parquet_snap.date_dim_5.d_year <= add(CAST(1998 AS INT), CAST(2 AS INT)), tpcds_partitioned_parquet_snap.date_dim_5.d_year >= CAST(1998 AS INT)
|  |  |     parquet dictionary predicates: tpcds_partitioned_parquet_snap.date_dim_5.d_year <= add(CAST(1998 AS INT), CAST(2 AS INT)), tpcds_partitioned_parquet_snap.date_dim_5.d_year >= CAST(1998 AS INT)
|  |  |     mem-estimate=16.00MB mem-reservation=4.00MB thread-reservation=0
|  |  |     tuple-ids=44 row-size=237B cardinality=7.30K cost=114705
|  |  |     in pipelines: 42(GETNEXT)
|  |  |
|  |  41:SCAN HDFS [tpcds_partitioned_parquet_snap.catalog_sales, RANDOM]
|  |     HDFS partitions=1831/1831 files=1831 size=280.96GB
|  |     stored statistics:
|  |       table: rows=4.32G size=280.96GB
|  |       partitions: 1831/1831 rows=4.32G
|  |       columns: all
|  |     extrapolated-rows=disabled max-scan-range-rows=21.52M
|  |     mem-estimate=16.00MB mem-reservation=1.00MB thread-reservation=0
|  |     tuple-ids=42 row-size=140B cardinality=4.32G cost=8709277205
|  |     in pipelines: 41(GETNEXT)
|  |
|  40:HASH JOIN [INNER JOIN, BROADCAST]
|  |  hash-table-id=17
|  |  hash predicates: tpcds_partitioned_parquet_snap.store_sales_1.ss_sold_date_sk = tpcds_partitioned_parquet_snap.date_dim_4.d_date_sk
|  |  fk/pk conjuncts: tpcds_partitioned_parquet_snap.store_sales_1.ss_sold_date_sk = tpcds_partitioned_parquet_snap.date_dim_4.d_date_sk
|  |  mem-estimate=0B mem-reservation=0B spill-buffer=128.00KB thread-reservation=0
|  |  tuple-ids=38,40 row-size=333B cardinality=8.64G cost=3781699633
|  |  in pipelines: 38(GETNEXT), 39(OPEN)
|  |
|  |--F84:PLAN FRAGMENT [RANDOM] hosts=10 instances=10
|  |  |  Per-Instance Resources: mem-estimate=36.39MB mem-reservation=34.50MB thread-reservation=1
|  |  |  max-parallelism=10 segment-costs=[17005]
|  |  JOIN BUILD
|  |  |  join-table-id=17 plan-id=18 cohort-id=06
|  |  |  build expressions: tpcds_partitioned_parquet_snap.date_dim_4.d_date_sk
|  |  |  mem-estimate=34.50MB mem-reservation=34.50MB spill-buffer=128.00KB thread-reservation=0 cost=7305
|  |  |
|  |  126:EXCHANGE [BROADCAST]
|  |  |  mem-estimate=1.89MB mem-reservation=0B thread-reservation=0
|  |  |  tuple-ids=40 row-size=237B cardinality=7.30K cost=9700
|  |  |  in pipelines: 39(GETNEXT)
|  |  |
|  |  F25:PLAN FRAGMENT [RANDOM] hosts=1 instances=1
|  |  Per-Instance Resources: mem-estimate=16.94MB mem-reservation=4.00MB thread-reservation=1
|  |  max-parallelism=1 segment-costs=[119540]
|  |  39:SCAN HDFS [tpcds_partitioned_parquet_snap.date_dim, RANDOM]
|  |     HDFS partitions=1/1 files=1 size=2.17MB
|  |     predicates: tpcds_partitioned_parquet_snap.date_dim_4.d_year <= add(CAST(1998 AS INT), CAST(2 AS INT)), tpcds_partitioned_parquet_snap.date_dim_4.d_year >= CAST(1998 AS INT)
|  |     stored statistics:
|  |       table: rows=73.05K size=2.17MB
|  |       columns: all
|  |     extrapolated-rows=disabled max-scan-range-rows=73.05K
|  |     parquet statistics predicates: tpcds_partitioned_parquet_snap.date_dim_4.d_year <= add(CAST(1998 AS INT), CAST(2 AS INT)), tpcds_partitioned_parquet_snap.date_dim_4.d_year >= CAST(1998 AS INT)
|  |     parquet dictionary predicates: tpcds_partitioned_parquet_snap.date_dim_4.d_year <= add(CAST(1998 AS INT), CAST(2 AS INT)), tpcds_partitioned_parquet_snap.date_dim_4.d_year >= CAST(1998 AS INT)
|  |     mem-estimate=16.00MB mem-reservation=4.00MB thread-reservation=0
|  |     tuple-ids=40 row-size=237B cardinality=7.30K cost=114705
|  |     in pipelines: 39(GETNEXT)
|  |
|  38:SCAN HDFS [tpcds_partitioned_parquet_snap.store_sales, RANDOM]
|     HDFS partitions=1824/1824 files=1824 size=389.90GB
|     stored statistics:
|       table: rows=8.64G size=389.90GB
|       partitions: 1824/1824 rows=8.64G
|       columns: all
|     extrapolated-rows=disabled max-scan-range-rows=390.22M
|     mem-estimate=16.00MB mem-reservation=8.00MB thread-reservation=0
|     tuple-ids=38 row-size=96B cardinality=8.64G cost=11943846410
|     in pipelines: 38(GETNEXT)
|
125:AGGREGATE [FINALIZE]
|  output: sum:merge(multiply(tpcds_partitioned_parquet_snap.store_sales.ss_quantity, tpcds_partitioned_parquet_snap.store_sales.ss_list_price)), count:merge()
|  group by: tpcds_partitioned_parquet_snap.item.i_brand_id, tpcds_partitioned_parquet_snap.item.i_class_id, tpcds_partitioned_parquet_snap.item.i_category_id
|  mem-estimate=10.00MB mem-reservation=1.94MB spill-buffer=64.00KB thread-reservation=0
|  tuple-ids=37 row-size=36B cardinality=149.12K cost=22458094
|  in pipelines: 125(GETNEXT), 00(OPEN)
|
124:EXCHANGE [HASH(tpcds_partitioned_parquet_snap.item.i_brand_id,tpcds_partitioned_parquet_snap.item.i_class_id,tpcds_partitioned_parquet_snap.item.i_category_id)]
|  mem-estimate=10.27MB mem-reservation=0B thread-reservation=0
|  tuple-ids=37 row-size=36B cardinality=15.08M cost=4173742
|  in pipelines: 00(GETNEXT)
|
F00:PLAN FRAGMENT [RANDOM] hosts=10 instances=7 (adjusted from 120)
Per-Host Shared Resources: mem-estimate=1.00MB mem-reservation=1.00MB thread-reservation=0 runtime-filters-memory=1.00MB
Per-Instance Resources: mem-estimate=40.06MB mem-reservation=17.00MB thread-reservation=1
max-parallelism=7 segment-costs=[205506186, 42742022] cpu-comparison-result=399 [max(7 (self) vs 399 (sum children))]
35:AGGREGATE [STREAMING]
|  output: sum(multiply(CAST(tpcds_partitioned_parquet_snap.store_sales.ss_quantity AS DECIMAL(10,0)), tpcds_partitioned_parquet_snap.store_sales.ss_list_price)), count()
|  group by: tpcds_partitioned_parquet_snap.item.i_brand_id, tpcds_partitioned_parquet_snap.item.i_class_id, tpcds_partitioned_parquet_snap.item.i_category_id
|  mem-estimate=10.00MB mem-reservation=9.00MB spill-buffer=512.00KB thread-reservation=0
|  tuple-ids=37 row-size=36B cardinality=15.08M cost=116143006
|  in pipelines: 00(GETNEXT)
|
34:HASH JOIN [INNER JOIN, BROADCAST]
|  hash-table-id=20
|  hash predicates: tpcds_partitioned_parquet_snap.store_sales.ss_item_sk = tpcds_partitioned_parquet_snap.item_3.i_item_sk
|  fk/pk conjuncts: tpcds_partitioned_parquet_snap.store_sales.ss_item_sk = tpcds_partitioned_parquet_snap.item_3.i_item_sk
|  mem-estimate=0B mem-reservation=0B spill-buffer=1.00MB thread-reservation=0
|  tuple-ids=0,2,4,6,36 row-size=759B cardinality=33.12M cost=14502848
|  in pipelines: 00(GETNEXT), 122(OPEN)
|
|--F87:PLAN FRAGMENT [RANDOM] hosts=10 instances=10
|  |  Per-Instance Resources: mem-estimate=18.45MB mem-reservation=17.00MB thread-reservation=1
|  |  max-parallelism=10 segment-costs=[838440] cpu-comparison-result=374 [max(10 (self) vs 374 (sum children))]
|  JOIN BUILD
|  |  join-table-id=20 plan-id=21 cohort-id=01
|  |  build expressions: tpcds_partitioned_parquet_snap.item_3.i_item_sk
|  |  runtime filters: RF007[min_max] <- tpcds_partitioned_parquet_snap.item_3.i_item_sk
|  |  mem-estimate=17.00MB mem-reservation=17.00MB spill-buffer=1.00MB thread-reservation=0 cost=360000
|  |
|  123:EXCHANGE [BROADCAST]
|  |  mem-estimate=1.45MB mem-reservation=0B thread-reservation=0
|  |  tuple-ids=36 row-size=4B cardinality=360.00K cost=478440
|  |  in pipelines: 122(GETNEXT)
|  |
|  F22:PLAN FRAGMENT [HASH(tpcds_partitioned_parquet_snap.item_3.i_item_sk)] hosts=10 instances=10 (adjusted from 120)
|  Per-Instance Resources: mem-estimate=10.25MB mem-reservation=1.94MB thread-reservation=1
|  max-parallelism=10 segment-costs=[1126414, 11664] cpu-comparison-result=374 [max(10 (self) vs 374 (sum children))]
|  122:AGGREGATE [FINALIZE]
|  |  group by: tpcds_partitioned_parquet_snap.item_3.i_item_sk
|  |  mem-estimate=10.00MB mem-reservation=1.94MB spill-buffer=64.00KB thread-reservation=0
|  |  tuple-ids=36 row-size=4B cardinality=360.00K cost=1068777
|  |  in pipelines: 122(GETNEXT), 119(OPEN)
|  |
|  121:EXCHANGE [HASH(tpcds_partitioned_parquet_snap.item_3.i_item_sk)]
|  |  mem-estimate=253.86KB mem-reservation=0B thread-reservation=0
|  |  tuple-ids=36 row-size=4B cardinality=445.08K cost=57637
|  |  in pipelines: 119(GETNEXT)
|  |
|  F20:PLAN FRAGMENT [HASH(BRAND_ID,CLASS_ID,CATEGORY_ID)] hosts=10 instances=10 (adjusted from 120)
|  Per-Instance Resources: mem-estimate=141.67MB mem-reservation=36.00MB thread-reservation=1
|  max-parallelism=10 segment-costs=[2731445, 1487074, 343957] cpu-comparison-result=374 [max(10 (self) vs 374 (sum children))]
|  33:AGGREGATE [STREAMING]
|  |  group by: tpcds_partitioned_parquet_snap.item_3.i_item_sk
|  |  mem-estimate=10.00MB mem-reservation=2.00MB spill-buffer=64.00KB thread-reservation=0
|  |  tuple-ids=36 row-size=4B cardinality=445.08K cost=1291265
|  |  in pipelines: 119(GETNEXT)
|  |
|  32:HASH JOIN [INNER JOIN, PARTITIONED]
|  |  hash-table-id=21
|  |  hash predicates: BRAND_ID = tpcds_partitioned_parquet_snap.item_3.i_brand_id, CATEGORY_ID = tpcds_partitioned_parquet_snap.item_3.i_category_id, CLASS_ID = tpcds_partitioned_parquet_snap.item_3.i_class_id
|  |  fk/pk conjuncts: assumed fk/pk
|  |  mem-estimate=0B mem-reservation=0B spill-buffer=1.00MB thread-reservation=0
|  |  tuple-ids=33,34 row-size=425B cardinality=447.36K cost=195809
|  |  in pipelines: 119(GETNEXT), 31(OPEN)
|  |
|  |--F88:PLAN FRAGMENT [HASH(BRAND_ID,CLASS_ID,CATEGORY_ID)] hosts=10 instances=10 (adjusted from 120)
|  |  |  Per-Instance Resources: mem-estimate=28.60MB mem-reservation=17.00MB thread-reservation=1
|  |  |  max-parallelism=10 segment-costs=[1071501]
|  |  JOIN BUILD
|  |  |  join-table-id=21 plan-id=22 cohort-id=07
|  |  |  build expressions: tpcds_partitioned_parquet_snap.item_3.i_brand_id, tpcds_partitioned_parquet_snap.item_3.i_category_id, tpcds_partitioned_parquet_snap.item_3.i_class_id
|  |  |  mem-estimate=17.00MB mem-reservation=17.00MB spill-buffer=1.00MB thread-reservation=0 cost=360000
|  |  |
|  |  120:EXCHANGE [HASH(tpcds_partitioned_parquet_snap.item_3.i_brand_id,tpcds_partitioned_parquet_snap.item_3.i_class_id,tpcds_partitioned_parquet_snap.item_3.i_category_id)]
|  |  |  mem-estimate=11.60MB mem-reservation=0B thread-reservation=0
|  |  |  tuple-ids=34 row-size=405B cardinality=360.00K cost=711501
|  |  |  in pipelines: 31(GETNEXT)
|  |  |
|  |  F21:PLAN FRAGMENT [RANDOM] hosts=4 instances=4
|  |  Per-Instance Resources: mem-estimate=32.00MB mem-reservation=512.00KB thread-reservation=1
|  |  max-parallelism=4 segment-costs=[10942162]
|  |  31:SCAN HDFS [tpcds_partitioned_parquet_snap.item, RANDOM]
|  |     HDFS partitions=1/1 files=1 size=33.54MB
|  |     stored statistics:
|  |       table: rows=360.00K size=33.54MB
|  |       columns: all
|  |     extrapolated-rows=disabled max-scan-range-rows=101.54K
|  |     mem-estimate=16.00MB mem-reservation=512.00KB thread-reservation=0
|  |     tuple-ids=34 row-size=405B cardinality=360.00K cost=1355609
|  |     in pipelines: 31(GETNEXT)
|  |
|  119:AGGREGATE [FINALIZE]
|  |  output: count:merge()
|  |  group by: BRAND_ID, CLASS_ID, CATEGORY_ID
|  |  having: count() = CAST(2 AS BIGINT)
|  |  mem-estimate=128.00MB mem-reservation=34.00MB spill-buffer=2.00MB thread-reservation=0
|  |  tuple-ids=33 row-size=20B cardinality=447.36K cost=2640587
|  |  in pipelines: 119(GETNEXT), 23(OPEN), 117(OPEN)
|  |
|  118:EXCHANGE [HASH(BRAND_ID,CLASS_ID,CATEGORY_ID)]
|  |  mem-estimate=3.67MB mem-reservation=0B thread-reservation=0
|  |  tuple-ids=33 row-size=20B cardinality=447.36K cost=90858
|  |  in pipelines: 23(GETNEXT), 117(GETNEXT)
|  |
|  F19:PLAN FRAGMENT [RANDOM] hosts=10 instances=120
|  Per-Instance Resources: mem-estimate=384.94MB mem-reservation=102.00MB thread-reservation=1
|  max-parallelism=120 segment-costs=[1820963, 1760391, 28898336, 2680446, 806679] cpu-comparison-result=360 [max(120 (self) vs 360 (sum children))]
|  30:AGGREGATE [STREAMING]
|  |  output: count()
|  |  group by: BRAND_ID, CLASS_ID, CATEGORY_ID
|  |  mem-estimate=128.00MB mem-reservation=34.00MB spill-buffer=2.00MB thread-reservation=0
|  |  tuple-ids=33 row-size=20B cardinality=447.36K cost=2640587
|  |  in pipelines: 23(GETNEXT), 117(GETNEXT)
|  |
|  08:UNION
|  |  mem-estimate=0B mem-reservation=0B thread-reservation=0
|  |  tuple-ids=32 row-size=20B cardinality=447.36K cost=39859
|  |  in pipelines: 23(GETNEXT), 117(GETNEXT)
|  |
|  |--117:AGGREGATE [FINALIZE]
|  |  |  output: count:merge()
|  |  |  group by: tpcds_partitioned_parquet_snap.item_2.i_brand_id, tpcds_partitioned_parquet_snap.item_2.i_class_id, tpcds_partitioned_parquet_snap.item_2.i_category_id
|  |  |  mem-estimate=10.00MB mem-reservation=8.50MB spill-buffer=512.00KB thread-reservation=0
|  |  |  tuple-ids=31 row-size=20B cardinality=149.12K cost=25263984
|  |  |  in pipelines: 117(GETNEXT), 24(OPEN)
|  |  |
|  |  116:EXCHANGE [HASH(tpcds_partitioned_parquet_snap.item_2.i_brand_id,tpcds_partitioned_parquet_snap.item_2.i_class_id,tpcds_partitioned_parquet_snap.item_2.i_category_id)]
|  |  |  mem-estimate=12.81MB mem-reservation=0B thread-reservation=0
|  |  |  tuple-ids=31 row-size=20B cardinality=17.89M cost=3634352
|  |  |  in pipelines: 24(GETNEXT)
|  |  |
|  |  F15:PLAN FRAGMENT [RANDOM] hosts=10 instances=120
|  |  Per-Host Shared Resources: mem-estimate=1.00MB mem-reservation=1.00MB thread-reservation=0 runtime-filters-memory=1.00MB
|  |  Per-Instance Resources: mem-estimate=37.25MB mem-reservation=9.26MB thread-reservation=1
|  |  max-parallelism=930 segment-costs=[9292145537, 32267182] cpu-comparison-result=120 [max(120 (self) vs 25 (sum children))]
|  |  29:AGGREGATE [STREAMING]
|  |  |  output: count()
|  |  |  group by: tpcds_partitioned_parquet_snap.item_2.i_brand_id, tpcds_partitioned_parquet_snap.item_2.i_class_id, tpcds_partitioned_parquet_snap.item_2.i_category_id
|  |  |  mem-estimate=10.00MB mem-reservation=9.00MB spill-buffer=512.00KB thread-reservation=0
|  |  |  tuple-ids=31 row-size=20B cardinality=17.89M cost=3047563509
|  |  |  in pipelines: 24(GETNEXT)
|  |  |
|  |  28:HASH JOIN [INNER JOIN, BROADCAST]
|  |  |  hash-table-id=26
|  |  |  hash predicates: tpcds_partitioned_parquet_snap.web_sales.ws_item_sk = tpcds_partitioned_parquet_snap.item_2.i_item_sk
|  |  |  fk/pk conjuncts: tpcds_partitioned_parquet_snap.web_sales.ws_item_sk = tpcds_partitioned_parquet_snap.item_2.i_item_sk
|  |  |  mem-estimate=0B mem-reservation=0B spill-buffer=2.00MB thread-reservation=0
|  |  |  tuple-ids=25,27,29 row-size=783B cardinality=2.16G cost=944945506
|  |  |  in pipelines: 24(GETNEXT), 27(OPEN)
|  |  |
|  |  |--F93:PLAN FRAGMENT [RANDOM] hosts=10 instances=10
|  |  |  |  Per-Instance Resources: mem-estimate=420.60MB mem-reservation=409.00MB thread-reservation=1 runtime-filters-memory=1.00MB
|  |  |  |  max-parallelism=10 segment-costs=[838440]
|  |  |  JOIN BUILD
|  |  |  |  join-table-id=26 plan-id=27 cohort-id=07
|  |  |  |  build expressions: tpcds_partitioned_parquet_snap.item_2.i_item_sk
|  |  |  |  runtime filters: RF028[bloom] <- tpcds_partitioned_parquet_snap.item_2.i_item_sk, RF029[min_max] <- tpcds_partitioned_parquet_snap.item_2.i_item_sk
|  |  |  |  mem-estimate=408.00MB mem-reservation=408.00MB spill-buffer=2.00MB thread-reservation=0 cost=360000
|  |  |  |
|  |  |  115:EXCHANGE [BROADCAST]
|  |  |  |  mem-estimate=11.60MB mem-reservation=0B thread-reservation=0
|  |  |  |  tuple-ids=29 row-size=405B cardinality=360.00K cost=478440
|  |  |  |  in pipelines: 27(GETNEXT)
|  |  |  |
|  |  |  F17:PLAN FRAGMENT [RANDOM] hosts=4 instances=4
|  |  |  Per-Instance Resources: mem-estimate=17.60MB mem-reservation=512.00KB thread-reservation=1
|  |  |  max-parallelism=4 segment-costs=[1757529]
|  |  |  27:SCAN HDFS [tpcds_partitioned_parquet_snap.item, RANDOM]
|  |  |     HDFS partitions=1/1 files=1 size=33.54MB
|  |  |     stored statistics:
|  |  |       table: rows=360.00K size=33.54MB
|  |  |       columns: all
|  |  |     extrapolated-rows=disabled max-scan-range-rows=101.54K
|  |  |     mem-estimate=16.00MB mem-reservation=512.00KB thread-reservation=0
|  |  |     tuple-ids=29 row-size=405B cardinality=360.00K cost=1355609
|  |  |     in pipelines: 27(GETNEXT)
|  |  |
|  |  26:HASH JOIN [INNER JOIN, BROADCAST]
|  |  |  hash-table-id=27
|  |  |  hash predicates: tpcds_partitioned_parquet_snap.web_sales.ws_sold_date_sk = tpcds_partitioned_parquet_snap.date_dim_3.d_date_sk
|  |  |  fk/pk conjuncts: tpcds_partitioned_parquet_snap.web_sales.ws_sold_date_sk = tpcds_partitioned_parquet_snap.date_dim_3.d_date_sk
|  |  |  mem-estimate=0B mem-reservation=0B spill-buffer=128.00KB thread-reservation=0
|  |  |  tuple-ids=25,27 row-size=377B cardinality=2.16G(filtered from 2.16G) cost=945141101
|  |  |  in pipelines: 24(GETNEXT), 25(OPEN)
|  |  |
|  |  |--F94:PLAN FRAGMENT [RANDOM] hosts=10 instances=10
|  |  |  |  Per-Instance Resources: mem-estimate=36.39MB mem-reservation=34.50MB thread-reservation=1
|  |  |  |  max-parallelism=10 segment-costs=[17005]
|  |  |  JOIN BUILD
|  |  |  |  join-table-id=27 plan-id=28 cohort-id=07
|  |  |  |  build expressions: tpcds_partitioned_parquet_snap.date_dim_3.d_date_sk
|  |  |  |  mem-estimate=34.50MB mem-reservation=34.50MB spill-buffer=128.00KB thread-reservation=0 cost=7305
|  |  |  |
|  |  |  114:EXCHANGE [BROADCAST]
|  |  |  |  mem-estimate=1.89MB mem-reservation=0B thread-reservation=0
|  |  |  |  tuple-ids=27 row-size=237B cardinality=7.30K cost=9700
|  |  |  |  in pipelines: 25(GETNEXT)
|  |  |  |
|  |  |  F16:PLAN FRAGMENT [RANDOM] hosts=1 instances=1
|  |  |  Per-Instance Resources: mem-estimate=16.94MB mem-reservation=4.00MB thread-reservation=1
|  |  |  max-parallelism=1 segment-costs=[119540]
|  |  |  25:SCAN HDFS [tpcds_partitioned_parquet_snap.date_dim, RANDOM]
|  |  |     HDFS partitions=1/1 files=1 size=2.17MB
|  |  |     predicates: tpcds_partitioned_parquet_snap.date_dim_3.d_year <= add(CAST(1998 AS INT), CAST(2 AS INT)), tpcds_partitioned_parquet_snap.date_dim_3.d_year >= CAST(1998 AS INT)
|  |  |     stored statistics:
|  |  |       table: rows=73.05K size=2.17MB
|  |  |       columns: all
|  |  |     extrapolated-rows=disabled max-scan-range-rows=73.05K
|  |  |     parquet statistics predicates: tpcds_partitioned_parquet_snap.date_dim_3.d_year <= add(CAST(1998 AS INT), CAST(2 AS INT)), tpcds_partitioned_parquet_snap.date_dim_3.d_year >= CAST(1998 AS INT)
|  |  |     parquet dictionary predicates: tpcds_partitioned_parquet_snap.date_dim_3.d_year <= add(CAST(1998 AS INT), CAST(2 AS INT)), tpcds_partitioned_parquet_snap.date_dim_3.d_year >= CAST(1998 AS INT)
|  |  |     mem-estimate=16.00MB mem-reservation=4.00MB thread-reservation=0
|  |  |     tuple-ids=27 row-size=237B cardinality=7.30K cost=114705
|  |  |     in pipelines: 25(GETNEXT)
|  |  |
|  |  24:SCAN HDFS [tpcds_partitioned_parquet_snap.web_sales, RANDOM]
|  |     HDFS partitions=1824/1824 files=1824 size=145.75GB
|  |     runtime filters: RF029[min_max] -> tpcds_partitioned_parquet_snap.web_sales.ws_item_sk, RF028[bloom] -> tpcds_partitioned_parquet_snap.web_sales.ws_item_sk
|  |     stored statistics:
|  |       table: rows=2.16G size=145.75GB
|  |       partitions: 1824/1824 rows=2.16G
|  |       columns: all
|  |     extrapolated-rows=disabled max-scan-range-rows=3.37M
|  |     mem-estimate=16.00MB mem-reservation=264.00KB thread-reservation=0
|  |     tuple-ids=25 row-size=140B cardinality=2.16G(filtered from 2.16G) cost=4354495421
|  |     in pipelines: 24(GETNEXT)
|  |
|  23:AGGREGATE [FINALIZE]
|  |  output: count()
|  |  group by: BRAND_ID, CLASS_ID, CATEGORY_ID
|  |  mem-estimate=128.00MB mem-reservation=34.00MB spill-buffer=2.00MB thread-reservation=0
|  |  tuple-ids=24 row-size=20B cardinality=298.24K cost=1760391
|  |  in pipelines: 23(GETNEXT), 113(OPEN)
|  |
|  113:AGGREGATE [FINALIZE]
|  |  output: count:merge()
|  |  group by: BRAND_ID, CLASS_ID, CATEGORY_ID
|  |  having: count() = CAST(2 AS BIGINT)
|  |  mem-estimate=128.00MB mem-reservation=34.00MB spill-buffer=2.00MB thread-reservation=0
|  |  tuple-ids=23 row-size=20B cardinality=298.24K cost=1760391
|  |  in pipelines: 113(GETNEXT), 107(OPEN), 111(OPEN)
|  |
|  112:EXCHANGE [HASH(BRAND_ID,CLASS_ID,CATEGORY_ID)]
|  |  mem-estimate=3.38MB mem-reservation=0B thread-reservation=0
|  |  tuple-ids=23 row-size=20B cardinality=298.24K cost=60572
|  |  in pipelines: 107(GETNEXT), 111(GETNEXT)
|  |
|  F13:PLAN FRAGMENT [RANDOM] hosts=10 instances=120
|  Per-Instance Resources: mem-estimate=162.06MB mem-reservation=42.50MB thread-reservation=1
|  max-parallelism=120 segment-costs=[28898336, 28898336, 1786964, 537786] cpu-comparison-result=240 [max(120 (self) vs 240 (sum children))]
|  22:AGGREGATE [STREAMING]
|  |  output: count()
|  |  group by: BRAND_ID, CLASS_ID, CATEGORY_ID
|  |  mem-estimate=128.00MB mem-reservation=34.00MB spill-buffer=2.00MB thread-reservation=0
|  |  tuple-ids=23 row-size=20B cardinality=298.24K cost=1760391
|  |  in pipelines: 107(GETNEXT), 111(GETNEXT)
|  |
|  09:UNION
|  |  mem-estimate=0B mem-reservation=0B thread-reservation=0
|  |  tuple-ids=22 row-size=20B cardinality=298.24K cost=26573
|  |  in pipelines: 107(GETNEXT), 111(GETNEXT)
|  |
|  |--111:AGGREGATE [FINALIZE]
|  |  |  output: count:merge()
|  |  |  group by: tpcds_partitioned_parquet_snap.item_1.i_brand_id, tpcds_partitioned_parquet_snap.item_1.i_class_id, tpcds_partitioned_parquet_snap.item_1.i_category_id
|  |  |  mem-estimate=10.00MB mem-reservation=8.50MB spill-buffer=512.00KB thread-reservation=0
|  |  |  tuple-ids=21 row-size=20B cardinality=149.12K cost=25263984
|  |  |  in pipelines: 111(GETNEXT), 16(OPEN)
|  |  |
|  |  110:EXCHANGE [HASH(tpcds_partitioned_parquet_snap.item_1.i_brand_id,tpcds_partitioned_parquet_snap.item_1.i_class_id,tpcds_partitioned_parquet_snap.item_1.i_category_id)]
|  |  |  mem-estimate=12.81MB mem-reservation=0B thread-reservation=0
|  |  |  tuple-ids=21 row-size=20B cardinality=17.89M cost=3634352
|  |  |  in pipelines: 16(GETNEXT)
|  |  |
|  |  F09:PLAN FRAGMENT [RANDOM] hosts=10 instances=120
|  |  Per-Host Shared Resources: mem-estimate=1.00MB mem-reservation=1.00MB thread-reservation=0 runtime-filters-memory=1.00MB
|  |  Per-Instance Resources: mem-estimate=37.25MB mem-reservation=10.00MB thread-reservation=1
|  |  max-parallelism=1831 segment-costs=[18503862033, 32267182] cpu-comparison-result=120 [max(120 (self) vs 25 (sum children))]
|  |  21:AGGREGATE [STREAMING]
|  |  |  output: count()
|  |  |  group by: tpcds_partitioned_parquet_snap.item_1.i_brand_id, tpcds_partitioned_parquet_snap.item_1.i_class_id, tpcds_partitioned_parquet_snap.item_1.i_category_id
|  |  |  mem-estimate=10.00MB mem-reservation=9.00MB spill-buffer=512.00KB thread-reservation=0
|  |  |  tuple-ids=21 row-size=20B cardinality=17.89M cost=6014287315
|  |  |  in pipelines: 16(GETNEXT)
|  |  |
|  |  20:HASH JOIN [INNER JOIN, BROADCAST]
|  |  |  hash-table-id=24
|  |  |  hash predicates: tpcds_partitioned_parquet_snap.catalog_sales.cs_item_sk = tpcds_partitioned_parquet_snap.item_1.i_item_sk
|  |  |  fk/pk conjuncts: tpcds_partitioned_parquet_snap.catalog_sales.cs_item_sk = tpcds_partitioned_parquet_snap.item_1.i_item_sk
|  |  |  mem-estimate=0B mem-reservation=0B spill-buffer=2.00MB thread-reservation=0
|  |  |  tuple-ids=15,17,19 row-size=783B cardinality=4.32G cost=1889953155
|  |  |  in pipelines: 16(GETNEXT), 19(OPEN)
|  |  |
|  |  |--F91:PLAN FRAGMENT [RANDOM] hosts=10 instances=10
|  |  |  |  Per-Instance Resources: mem-estimate=420.60MB mem-reservation=409.00MB thread-reservation=1 runtime-filters-memory=1.00MB
|  |  |  |  max-parallelism=10 segment-costs=[838440]
|  |  |  JOIN BUILD
|  |  |  |  join-table-id=24 plan-id=25 cohort-id=07
|  |  |  |  build expressions: tpcds_partitioned_parquet_snap.item_1.i_item_sk
|  |  |  |  runtime filters: RF024[bloom] <- tpcds_partitioned_parquet_snap.item_1.i_item_sk, RF025[min_max] <- tpcds_partitioned_parquet_snap.item_1.i_item_sk
|  |  |  |  mem-estimate=408.00MB mem-reservation=408.00MB spill-buffer=2.00MB thread-reservation=0 cost=360000
|  |  |  |
|  |  |  109:EXCHANGE [BROADCAST]
|  |  |  |  mem-estimate=11.60MB mem-reservation=0B thread-reservation=0
|  |  |  |  tuple-ids=19 row-size=405B cardinality=360.00K cost=478440
|  |  |  |  in pipelines: 19(GETNEXT)
|  |  |  |
|  |  |  F11:PLAN FRAGMENT [RANDOM] hosts=4 instances=4
|  |  |  Per-Instance Resources: mem-estimate=17.60MB mem-reservation=512.00KB thread-reservation=1
|  |  |  max-parallelism=4 segment-costs=[1757529]
|  |  |  19:SCAN HDFS [tpcds_partitioned_parquet_snap.item, RANDOM]
|  |  |     HDFS partitions=1/1 files=1 size=33.54MB
|  |  |     stored statistics:
|  |  |       table: rows=360.00K size=33.54MB
|  |  |       columns: all
|  |  |     extrapolated-rows=disabled max-scan-range-rows=101.54K
|  |  |     mem-estimate=16.00MB mem-reservation=512.00KB thread-reservation=0
|  |  |     tuple-ids=19 row-size=405B cardinality=360.00K cost=1355609
|  |  |     in pipelines: 19(GETNEXT)
|  |  |
|  |  18:HASH JOIN [INNER JOIN, BROADCAST]
|  |  |  hash-table-id=25
|  |  |  hash predicates: tpcds_partitioned_parquet_snap.catalog_sales.cs_sold_date_sk = tpcds_partitioned_parquet_snap.date_dim_2.d_date_sk
|  |  |  fk/pk conjuncts: tpcds_partitioned_parquet_snap.catalog_sales.cs_sold_date_sk = tpcds_partitioned_parquet_snap.date_dim_2.d_date_sk
|  |  |  mem-estimate=0B mem-reservation=0B spill-buffer=128.00KB thread-reservation=0
|  |  |  tuple-ids=15,17 row-size=377B cardinality=4.32G(filtered from 4.32G) cost=1890344358
|  |  |  in pipelines: 16(GETNEXT), 17(OPEN)
|  |  |
|  |  |--F92:PLAN FRAGMENT [RANDOM] hosts=10 instances=10
|  |  |  |  Per-Instance Resources: mem-estimate=36.39MB mem-reservation=34.50MB thread-reservation=1
|  |  |  |  max-parallelism=10 segment-costs=[17005]
|  |  |  JOIN BUILD
|  |  |  |  join-table-id=25 plan-id=26 cohort-id=07
|  |  |  |  build expressions: tpcds_partitioned_parquet_snap.date_dim_2.d_date_sk
|  |  |  |  mem-estimate=34.50MB mem-reservation=34.50MB spill-buffer=128.00KB thread-reservation=0 cost=7305
|  |  |  |
|  |  |  108:EXCHANGE [BROADCAST]
|  |  |  |  mem-estimate=1.89MB mem-reservation=0B thread-reservation=0
|  |  |  |  tuple-ids=17 row-size=237B cardinality=7.30K cost=9700
|  |  |  |  in pipelines: 17(GETNEXT)
|  |  |  |
|  |  |  F10:PLAN FRAGMENT [RANDOM] hosts=1 instances=1
|  |  |  Per-Instance Resources: mem-estimate=16.94MB mem-reservation=4.00MB thread-reservation=1
|  |  |  max-parallelism=1 segment-costs=[119540]
|  |  |  17:SCAN HDFS [tpcds_partitioned_parquet_snap.date_dim, RANDOM]
|  |  |     HDFS partitions=1/1 files=1 size=2.17MB
|  |  |     predicates: tpcds_partitioned_parquet_snap.date_dim_2.d_year <= add(CAST(1998 AS INT), CAST(2 AS INT)), tpcds_partitioned_parquet_snap.date_dim_2.d_year >= CAST(1998 AS INT)
|  |  |     stored statistics:
|  |  |       table: rows=73.05K size=2.17MB
|  |  |       columns: all
|  |  |     extrapolated-rows=disabled max-scan-range-rows=73.05K
|  |  |     parquet statistics predicates: tpcds_partitioned_parquet_snap.date_dim_2.d_year <= add(CAST(1998 AS INT), CAST(2 AS INT)), tpcds_partitioned_parquet_snap.date_dim_2.d_year >= CAST(1998 AS INT)
|  |  |     parquet dictionary predicates: tpcds_partitioned_parquet_snap.date_dim_2.d_year <= add(CAST(1998 AS INT), CAST(2 AS INT)), tpcds_partitioned_parquet_snap.date_dim_2.d_year >= CAST(1998 AS INT)
|  |  |     mem-estimate=16.00MB mem-reservation=4.00MB thread-reservation=0
|  |  |     tuple-ids=17 row-size=237B cardinality=7.30K cost=114705
|  |  |     in pipelines: 17(GETNEXT)
|  |  |
|  |  16:SCAN HDFS [tpcds_partitioned_parquet_snap.catalog_sales, RANDOM]
|  |     HDFS partitions=1831/1831 files=1831 size=280.96GB
|  |     runtime filters: RF025[min_max] -> tpcds_partitioned_parquet_snap.catalog_sales.cs_item_sk, RF024[bloom] -> tpcds_partitioned_parquet_snap.catalog_sales.cs_item_sk
|  |     stored statistics:
|  |       table: rows=4.32G size=280.96GB
|  |       partitions: 1831/1831 rows=4.32G
|  |       columns: all
|  |     extrapolated-rows=disabled max-scan-range-rows=21.52M
|  |     mem-estimate=16.00MB mem-reservation=1.00MB thread-reservation=0
|  |     tuple-ids=15 row-size=140B cardinality=4.32G(filtered from 4.32G) cost=8709277205
|  |     in pipelines: 16(GETNEXT)
|  |
|  107:AGGREGATE [FINALIZE]
|  |  output: count:merge()
|  |  group by: tpcds_partitioned_parquet_snap.item_0.i_brand_id, tpcds_partitioned_parquet_snap.item_0.i_class_id, tpcds_partitioned_parquet_snap.item_0.i_category_id
|  |  mem-estimate=10.00MB mem-reservation=8.50MB spill-buffer=512.00KB thread-reservation=0
|  |  tuple-ids=14 row-size=20B cardinality=149.12K cost=25263984
|  |  in pipelines: 107(GETNEXT), 10(OPEN)
|  |
|  106:EXCHANGE [HASH(tpcds_partitioned_parquet_snap.item_0.i_brand_id,tpcds_partitioned_parquet_snap.item_0.i_class_id,tpcds_partitioned_parquet_snap.item_0.i_category_id)]
|  |  mem-estimate=12.81MB mem-reservation=0B thread-reservation=0
|  |  tuple-ids=14 row-size=20B cardinality=17.89M cost=3634352
|  |  in pipelines: 10(GETNEXT)
|  |
|  F05:PLAN FRAGMENT [RANDOM] hosts=10 instances=120
|  Per-Host Shared Resources: mem-estimate=1.00MB mem-reservation=1.00MB thread-reservation=0 runtime-filters-memory=1.00MB
|  Per-Instance Resources: mem-estimate=37.25MB mem-reservation=17.00MB thread-reservation=1
|  max-parallelism=1824 segment-costs=[31451484894, 32267182] cpu-comparison-result=120 [max(120 (self) vs 25 (sum children))]
|  15:AGGREGATE [STREAMING]
|  |  output: count()
|  |  group by: tpcds_partitioned_parquet_snap.item_0.i_brand_id, tpcds_partitioned_parquet_snap.item_0.i_class_id, tpcds_partitioned_parquet_snap.item_0.i_category_id
|  |  mem-estimate=10.00MB mem-reservation=9.00MB spill-buffer=512.00KB thread-reservation=0
|  |  tuple-ids=14 row-size=20B cardinality=17.89M cost=11947236639
|  |  in pipelines: 10(GETNEXT)
|  |
|  14:HASH JOIN [INNER JOIN, BROADCAST]
|  |  hash-table-id=22
|  |  hash predicates: tpcds_partitioned_parquet_snap.store_sales_0.ss_item_sk = tpcds_partitioned_parquet_snap.item_0.i_item_sk
|  |  fk/pk conjuncts: tpcds_partitioned_parquet_snap.store_sales_0.ss_item_sk = tpcds_partitioned_parquet_snap.item_0.i_item_sk
|  |  mem-estimate=0B mem-reservation=0B spill-buffer=2.00MB thread-reservation=0
|  |  tuple-ids=8,10,12 row-size=739B cardinality=8.64G cost=3779809729
|  |  in pipelines: 10(GETNEXT), 13(OPEN)
|  |
|  |--F89:PLAN FRAGMENT [RANDOM] hosts=10 instances=10
|  |  |  Per-Instance Resources: mem-estimate=420.60MB mem-reservation=409.00MB thread-reservation=1 runtime-filters-memory=1.00MB
|  |  |  max-parallelism=10 segment-costs=[838440]
|  |  JOIN BUILD
|  |  |  join-table-id=22 plan-id=23 cohort-id=07
|  |  |  build expressions: tpcds_partitioned_parquet_snap.item_0.i_item_sk
|  |  |  runtime filters: RF020[bloom] <- tpcds_partitioned_parquet_snap.item_0.i_item_sk, RF021[min_max] <- tpcds_partitioned_parquet_snap.item_0.i_item_sk
|  |  |  mem-estimate=408.00MB mem-reservation=408.00MB spill-buffer=2.00MB thread-reservation=0 cost=360000
|  |  |
|  |  105:EXCHANGE [BROADCAST]
|  |  |  mem-estimate=11.60MB mem-reservation=0B thread-reservation=0
|  |  |  tuple-ids=12 row-size=405B cardinality=360.00K cost=478440
|  |  |  in pipelines: 13(GETNEXT)
|  |  |
|  |  F07:PLAN FRAGMENT [RANDOM] hosts=4 instances=4
|  |  Per-Instance Resources: mem-estimate=17.60MB mem-reservation=512.00KB thread-reservation=1
|  |  max-parallelism=4 segment-costs=[1757529]
|  |  13:SCAN HDFS [tpcds_partitioned_parquet_snap.item, RANDOM]
|  |     HDFS partitions=1/1 files=1 size=33.54MB
|  |     stored statistics:
|  |       table: rows=360.00K size=33.54MB
|  |       columns: all
|  |     extrapolated-rows=disabled max-scan-range-rows=101.54K
|  |     mem-estimate=16.00MB mem-reservation=512.00KB thread-reservation=0
|  |     tuple-ids=12 row-size=405B cardinality=360.00K cost=1355609
|  |     in pipelines: 13(GETNEXT)
|  |
|  12:HASH JOIN [INNER JOIN, BROADCAST]
|  |  hash-table-id=23
|  |  hash predicates: tpcds_partitioned_parquet_snap.store_sales_0.ss_sold_date_sk = tpcds_partitioned_parquet_snap.date_dim_1.d_date_sk
|  |  fk/pk conjuncts: tpcds_partitioned_parquet_snap.store_sales_0.ss_sold_date_sk = tpcds_partitioned_parquet_snap.date_dim_1.d_date_sk
|  |  mem-estimate=0B mem-reservation=0B spill-buffer=128.00KB thread-reservation=0
|  |  tuple-ids=8,10 row-size=333B cardinality=8.64G(filtered from 8.64G) cost=3780592116
|  |  in pipelines: 10(GETNEXT), 11(OPEN)
|  |
|  |--F90:PLAN FRAGMENT [RANDOM] hosts=10 instances=10
|  |  |  Per-Instance Resources: mem-estimate=36.39MB mem-reservation=34.50MB thread-reservation=1
|  |  |  max-parallelism=10 segment-costs=[17005]
|  |  JOIN BUILD
|  |  |  join-table-id=23 plan-id=24 cohort-id=07
|  |  |  build expressions: tpcds_partitioned_parquet_snap.date_dim_1.d_date_sk
|  |  |  mem-estimate=34.50MB mem-reservation=34.50MB spill-buffer=128.00KB thread-reservation=0 cost=7305
|  |  |
|  |  104:EXCHANGE [BROADCAST]
|  |  |  mem-estimate=1.89MB mem-reservation=0B thread-reservation=0
|  |  |  tuple-ids=10 row-size=237B cardinality=7.30K cost=9700
|  |  |  in pipelines: 11(GETNEXT)
|  |  |
|  |  F06:PLAN FRAGMENT [RANDOM] hosts=1 instances=1
|  |  Per-Instance Resources: mem-estimate=16.94MB mem-reservation=4.00MB thread-reservation=1
|  |  max-parallelism=1 segment-costs=[119540]
|  |  11:SCAN HDFS [tpcds_partitioned_parquet_snap.date_dim, RANDOM]
|  |     HDFS partitions=1/1 files=1 size=2.17MB
|  |     predicates: tpcds_partitioned_parquet_snap.date_dim_1.d_year <= add(CAST(1998 AS INT), CAST(2 AS INT)), tpcds_partitioned_parquet_snap.date_dim_1.d_year >= CAST(1998 AS INT)
|  |     stored statistics:
|  |       table: rows=73.05K size=2.17MB
|  |       columns: all
|  |     extrapolated-rows=disabled max-scan-range-rows=73.05K
|  |     parquet statistics predicates: tpcds_partitioned_parquet_snap.date_dim_1.d_year <= add(CAST(1998 AS INT), CAST(2 AS INT)), tpcds_partitioned_parquet_snap.date_dim_1.d_year >= CAST(1998 AS INT)
|  |     parquet dictionary predicates: tpcds_partitioned_parquet_snap.date_dim_1.d_year <= add(CAST(1998 AS INT), CAST(2 AS INT)), tpcds_partitioned_parquet_snap.date_dim_1.d_year >= CAST(1998 AS INT)
|  |     mem-estimate=16.00MB mem-reservation=4.00MB thread-reservation=0
|  |     tuple-ids=10 row-size=237B cardinality=7.30K cost=114705
|  |     in pipelines: 11(GETNEXT)
|  |
|  10:SCAN HDFS [tpcds_partitioned_parquet_snap.store_sales, RANDOM]
|     HDFS partitions=1824/1824 files=1824 size=389.90GB
|     runtime filters: RF021[min_max] -> tpcds_partitioned_parquet_snap.store_sales_0.ss_item_sk, RF020[bloom] -> tpcds_partitioned_parquet_snap.store_sales_0.ss_item_sk
|     stored statistics:
|       table: rows=8.64G size=389.90GB
|       partitions: 1824/1824 rows=8.64G
|       columns: all
|     extrapolated-rows=disabled max-scan-range-rows=390.22M
|     mem-estimate=16.00MB mem-reservation=8.00MB thread-reservation=0
|     tuple-ids=8 row-size=96B cardinality=8.64G(filtered from 8.64G) cost=11943846410
|     in pipelines: 10(GETNEXT)
|
07:HASH JOIN [INNER JOIN, BROADCAST]
|  hash-table-id=28
|  hash predicates: tpcds_partitioned_parquet_snap.store_sales.ss_item_sk = tpcds_partitioned_parquet_snap.item.i_item_sk
|  fk/pk conjuncts: tpcds_partitioned_parquet_snap.store_sales.ss_item_sk = tpcds_partitioned_parquet_snap.item.i_item_sk
|  mem-estimate=0B mem-reservation=0B spill-buffer=2.00MB thread-reservation=0
|  tuple-ids=0,2,4,6 row-size=755B cardinality=33.14M cost=14510099
|  in pipelines: 00(GETNEXT), 06(OPEN)
|
|--F95:PLAN FRAGMENT [RANDOM] hosts=10 instances=10
|  |  Per-Instance Resources: mem-estimate=162.82MB mem-reservation=34.00MB thread-reservation=1
|  |  max-parallelism=10 segment-costs=[838440]
|  JOIN BUILD
|  |  join-table-id=28 plan-id=29 cohort-id=01
|  |  build expressions: tpcds_partitioned_parquet_snap.item.i_item_sk
|  |  runtime filters: RF009[min_max] <- tpcds_partitioned_parquet_snap.item.i_item_sk
|  |  mem-estimate=151.22MB mem-reservation=34.00MB spill-buffer=2.00MB thread-reservation=0 cost=360000
|  |
|  103:EXCHANGE [BROADCAST]
|  |  mem-estimate=11.60MB mem-reservation=0B thread-reservation=0
|  |  tuple-ids=6 row-size=405B cardinality=360.00K cost=478440
|  |  in pipelines: 06(GETNEXT)
|  |
|  F04:PLAN FRAGMENT [RANDOM] hosts=4 instances=4
|  Per-Instance Resources: mem-estimate=17.60MB mem-reservation=512.00KB thread-reservation=1
|  max-parallelism=4 segment-costs=[1757529]
|  06:SCAN HDFS [tpcds_partitioned_parquet_snap.item, RANDOM]
|     HDFS partitions=1/1 files=1 size=33.54MB
|     runtime filters: RF007[min_max] -> tpcds_partitioned_parquet_snap.item.i_item_sk, RF003[min_max] -> tpcds_partitioned_parquet_snap.item.i_brand_id, RF004[min_max] -> tpcds_partitioned_parquet_snap.item.i_category_id, RF005[min_max] -> tpcds_partitioned_parquet_snap.item.i_class_id
|     stored statistics:
|       table: rows=360.00K size=33.54MB
|       columns: all
|     extrapolated-rows=disabled max-scan-range-rows=101.54K
|     mem-estimate=16.00MB mem-reservation=512.00KB thread-reservation=0
|     tuple-ids=6 row-size=405B cardinality=360.00K cost=1355609
|     in pipelines: 06(GETNEXT)
|
05:HASH JOIN [INNER JOIN, BROADCAST]
|  hash-table-id=29
|  hash predicates: tpcds_partitioned_parquet_snap.store_sales.ss_sold_date_sk = tpcds_partitioned_parquet_snap.date_dim.d_date_sk
|  fk/pk conjuncts: tpcds_partitioned_parquet_snap.store_sales.ss_sold_date_sk = tpcds_partitioned_parquet_snap.date_dim.d_date_sk
|  mem-estimate=0B mem-reservation=0B spill-buffer=64.00KB thread-reservation=0
|  tuple-ids=0,2,4 row-size=349B cardinality=33.16M cost=14513102
|  in pipelines: 00(GETNEXT), 01(OPEN)
|
|--F96:PLAN FRAGMENT [RANDOM] hosts=10 instances=10
|  |  Per-Instance Resources: mem-estimate=2.95MB mem-reservation=2.94MB thread-reservation=1 runtime-filters-memory=1.00MB
|  |  max-parallelism=10 segment-costs=[7] cpu-comparison-result=11 [max(11 (self) vs 2 (sum children))]
|  JOIN BUILD
|  |  join-table-id=29 plan-id=30 cohort-id=01
|  |  build expressions: tpcds_partitioned_parquet_snap.date_dim.d_date_sk
|  |  runtime filters: RF010[bloom] <- tpcds_partitioned_parquet_snap.date_dim.d_date_sk
|  |  mem-estimate=1.94MB mem-reservation=1.94MB spill-buffer=64.00KB thread-reservation=0 cost=7
|  |
|  102:EXCHANGE [BROADCAST]
|  |  mem-estimate=16.00KB mem-reservation=0B thread-reservation=0
|  |  tuple-ids=2,4 row-size=253B cardinality=7 cost=0
|  |  in pipelines: 01(GETNEXT)
|  |
|  F01:PLAN FRAGMENT [RANDOM] hosts=1 instances=1
|  Per-Host Shared Resources: mem-estimate=1.00MB mem-reservation=1.00MB thread-reservation=0 runtime-filters-memory=1.00MB
|  Per-Instance Resources: mem-estimate=17.02MB mem-reservation=4.00MB thread-reservation=1
|  max-parallelism=1 segment-costs=[110608]
|  04:HASH JOIN [INNER JOIN, BROADCAST]
|  |  hash-table-id=30
|  |  hash predicates: tpcds_partitioned_parquet_snap.date_dim.d_week_seq = tpcds_partitioned_parquet_snap.date_dim_0.d_week_seq
|  |  fk/pk conjuncts: none
|  |  mem-estimate=0B mem-reservation=0B spill-buffer=64.00KB thread-reservation=0
|  |  tuple-ids=2,4 row-size=253B cardinality=7 cost=3
|  |  in pipelines: 01(GETNEXT), 03(OPEN)
|  |
|  |--F97:PLAN FRAGMENT [RANDOM] hosts=1 instances=1
|  |  |  Per-Instance Resources: mem-estimate=2.95MB mem-reservation=2.94MB thread-reservation=1 runtime-filters-memory=1.00MB
|  |  |  max-parallelism=1 segment-costs=[1] cpu-comparison-result=2 [max(1 (self) vs 2 (sum children))]
|  |  JOIN BUILD
|  |  |  join-table-id=30 plan-id=31 cohort-id=08
|  |  |  build expressions: tpcds_partitioned_parquet_snap.date_dim_0.d_week_seq
|  |  |  runtime filters: RF012[bloom] <- tpcds_partitioned_parquet_snap.date_dim_0.d_week_seq, RF013[min_max] <- tpcds_partitioned_parquet_snap.date_dim_0.d_week_seq
|  |  |  mem-estimate=1.94MB mem-reservation=1.94MB spill-buffer=64.00KB thread-reservation=0 cost=1
|  |  |
|  |  101:EXCHANGE [BROADCAST]
|  |  |  mem-estimate=16.00KB mem-reservation=0B thread-reservation=0
|  |  |  tuple-ids=4 row-size=16B cardinality=1 cost=0
|  |  |  in pipelines: 03(GETNEXT)
|  |  |
|  |  F03:PLAN FRAGMENT [UNPARTITIONED] hosts=1 instances=1
|  |  Per-Instance Resources: mem-estimate=80.00KB mem-reservation=0B thread-reservation=1
|  |  max-parallelism=1 segment-costs=[5, 0]
|  |  03:CARDINALITY CHECK
|  |  |  limit: 1
|  |  |  mem-estimate=0B mem-reservation=0B thread-reservation=0
|  |  |  tuple-ids=4 row-size=16B cardinality=1 cost=0
|  |  |  in pipelines: 03(GETNEXT), 02(OPEN)
|  |  |
|  |  100:EXCHANGE [UNPARTITIONED]
|  |  |  limit: 2
|  |  |  mem-estimate=16.00KB mem-reservation=0B thread-reservation=0
|  |  |  tuple-ids=4 row-size=16B cardinality=2 cost=5
|  |  |  in pipelines: 02(GETNEXT)
|  |  |
|  |  F02:PLAN FRAGMENT [RANDOM] hosts=1 instances=1
|  |  Per-Instance Resources: mem-estimate=16.08MB mem-reservation=512.00KB thread-reservation=1
|  |  max-parallelism=1 segment-costs=[22991]
|  |  02:SCAN HDFS [tpcds_partitioned_parquet_snap.date_dim, RANDOM]
|  |     HDFS partitions=1/1 files=1 size=2.17MB
|  |     predicates: tpcds_partitioned_parquet_snap.date_dim_0.d_year = add(CAST(1998 AS INT), CAST(1 AS INT)), tpcds_partitioned_parquet_snap.date_dim_0.d_dom = CAST(20 AS INT), tpcds_partitioned_parquet_snap.date_dim_0.d_moy = CAST(12 AS INT)
|  |     stored statistics:
|  |       table: rows=73.05K size=2.17MB
|  |       columns: all
|  |     extrapolated-rows=disabled max-scan-range-rows=73.05K
|  |     parquet statistics predicates: tpcds_partitioned_parquet_snap.date_dim_0.d_year = add(CAST(1998 AS INT), CAST(1 AS INT)), tpcds_partitioned_parquet_snap.date_dim_0.d_dom = CAST(20 AS INT), tpcds_partitioned_parquet_snap.date_dim_0.d_moy = CAST(12 AS INT)
|  |     parquet dictionary predicates: tpcds_partitioned_parquet_snap.date_dim_0.d_year = add(CAST(1998 AS INT), CAST(1 AS INT)), tpcds_partitioned_parquet_snap.date_dim_0.d_dom = CAST(20 AS INT), tpcds_partitioned_parquet_snap.date_dim_0.d_moy = CAST(12 AS INT)
|  |     limit: 2
|  |     mem-estimate=16.00MB mem-reservation=512.00KB thread-reservation=0
|  |     tuple-ids=4 row-size=16B cardinality=29 cost=22988
|  |     in pipelines: 02(GETNEXT)
|  |
|  01:SCAN HDFS [tpcds_partitioned_parquet_snap.date_dim, RANDOM]
|     HDFS partitions=1/1 files=1 size=2.17MB
|     runtime filters: RF013[min_max] -> tpcds_partitioned_parquet_snap.date_dim.d_week_seq, RF012[bloom] -> tpcds_partitioned_parquet_snap.date_dim.d_week_seq
|     stored statistics:
|       table: rows=73.05K size=2.17MB
|       columns: all
|     extrapolated-rows=disabled max-scan-range-rows=73.05K
|     mem-estimate=16.00MB mem-reservation=4.00MB thread-reservation=0
|     tuple-ids=2 row-size=237B cardinality=7(filtered from 73.05K) cost=110600
|     in pipelines: 01(GETNEXT)
|
00:SCAN HDFS [tpcds_partitioned_parquet_snap.store_sales, RANDOM]
   HDFS partitions=1824/1824 files=1824 size=389.90GB
   runtime filters: RF007[min_max] -> tpcds_partitioned_parquet_snap.store_sales.ss_item_sk, RF009[min_max] -> tpcds_partitioned_parquet_snap.store_sales.ss_item_sk, RF010[bloom] -> tpcds_partitioned_parquet_snap.store_sales.ss_sold_date_sk
   stored statistics:
     table: rows=8.64G size=389.90GB
     partitions: 1824/1824 rows=8.64G
     columns: all
   extrapolated-rows=disabled max-scan-range-rows=390.22M est-scan-range=7(filtered from 1824)
   mem-estimate=16.00MB mem-reservation=8.00MB thread-reservation=0
   tuple-ids=0 row-size=96B cardinality=33.16M(filtered from 8.64G) cost=45837131
   in pipelines: 00(GETNEXT)
---- PARALLELPLANS
Max Per-Host Resource Reservation: Memory=7.66GB Threads=229
Per-Host Resource Estimates: Memory=20.34GB
F66:PLAN FRAGMENT [UNPARTITIONED] hosts=1 instances=1
|  Per-Instance Resources: mem-estimate=4.65MB mem-reservation=4.00MB thread-reservation=1
|  max-parallelism=1 segment-costs=[1239] cpu-comparison-result=1038 [max(1 (self) vs 1038 (sum children))]
PLAN-ROOT SINK
|  output exprs: 'store', tpcds_partitioned_parquet_snap.item.i_brand_id, tpcds_partitioned_parquet_snap.item.i_class_id, tpcds_partitioned_parquet_snap.item.i_category_id, sum(multiply(tpcds_partitioned_parquet_snap.store_sales.ss_quantity, tpcds_partitioned_parquet_snap.store_sales.ss_list_price)), count(), 'store', tpcds_partitioned_parquet_snap.item_4.i_brand_id, tpcds_partitioned_parquet_snap.item_4.i_class_id, tpcds_partitioned_parquet_snap.item_4.i_category_id, sum(multiply(tpcds_partitioned_parquet_snap.store_sales_2.ss_quantity, tpcds_partitioned_parquet_snap.store_sales_2.ss_list_price)), count()
|  mem-estimate=4.00MB mem-reservation=4.00MB spill-buffer=2.00MB thread-reservation=0 cost=1200
|
164:MERGING-EXCHANGE [UNPARTITIONED]
|  order by: tpcds_partitioned_parquet_snap.item.i_brand_id ASC NULLS LAST, tpcds_partitioned_parquet_snap.item.i_class_id ASC NULLS LAST, tpcds_partitioned_parquet_snap.item.i_category_id ASC NULLS LAST
|  limit: 100
|  mem-estimate=668.67KB mem-reservation=0B thread-reservation=0
|  tuple-ids=108 row-size=72B cardinality=100 cost=39
|  in pipelines: 99(GETNEXT)
|
F23:PLAN FRAGMENT [HASH(tpcds_partitioned_parquet_snap.item.i_brand_id,tpcds_partitioned_parquet_snap.item.i_class_id,tpcds_partitioned_parquet_snap.item.i_category_id)] hosts=10 instances=90 (adjusted from 120)
Per-Instance Resources: mem-estimate=20.27MB mem-reservation=1.94MB thread-reservation=1
max-parallelism=90 segment-costs=[26631836, 847694218, 220] cpu-comparison-result=1038 [max(90 (self) vs 1038 (sum children))]
99:TOP-N [LIMIT=100]
|  order by: tpcds_partitioned_parquet_snap.item.i_brand_id ASC NULLS LAST, tpcds_partitioned_parquet_snap.item.i_class_id ASC NULLS LAST, tpcds_partitioned_parquet_snap.item.i_category_id ASC NULLS LAST
|  mem-estimate=7.03KB mem-reservation=0B thread-reservation=0
|  tuple-ids=108 row-size=72B cardinality=100 cost=837188295
|  in pipelines: 99(GETNEXT), 125(OPEN)
|
98:HASH JOIN [INNER JOIN, PARTITIONED]
|  hash-table-id=00
|  hash predicates: tpcds_partitioned_parquet_snap.item.i_brand_id = tpcds_partitioned_parquet_snap.item_4.i_brand_id, tpcds_partitioned_parquet_snap.item.i_category_id = tpcds_partitioned_parquet_snap.item_4.i_category_id, tpcds_partitioned_parquet_snap.item.i_class_id = tpcds_partitioned_parquet_snap.item_4.i_class_id
|  fk/pk conjuncts: none
|  mem-estimate=0B mem-reservation=0B spill-buffer=64.00KB thread-reservation=0
|  tuple-ids=37,53,91,107 row-size=104B cardinality=57.60M cost=10475369
|  in pipelines: 125(GETNEXT), 157(OPEN)
|
|--F67:PLAN FRAGMENT [HASH(tpcds_partitioned_parquet_snap.item.i_brand_id,tpcds_partitioned_parquet_snap.item.i_class_id,tpcds_partitioned_parquet_snap.item.i_category_id)] hosts=10 instances=90 (adjusted from 120)
|  |  Per-Instance Resources: mem-estimate=20.27MB mem-reservation=10.44MB thread-reservation=1
|  |  max-parallelism=90 segment-costs=[26631836, 179674] cpu-comparison-result=519 [max(90 (self) vs 519 (sum children))]
|  JOIN BUILD
|  |  join-table-id=00 plan-id=01 cohort-id=01
|  |  build expressions: tpcds_partitioned_parquet_snap.item_4.i_brand_id, tpcds_partitioned_parquet_snap.item_4.i_category_id, tpcds_partitioned_parquet_snap.item_4.i_class_id
|  |  runtime filters: RF003[min_max] <- tpcds_partitioned_parquet_snap.item_4.i_brand_id, RF004[min_max] <- tpcds_partitioned_parquet_snap.item_4.i_category_id, RF005[min_max] <- tpcds_partitioned_parquet_snap.item_4.i_class_id
|  |  mem-estimate=1.94MB mem-reservation=1.94MB spill-buffer=64.00KB thread-reservation=0 cost=149120
|  |
|  97:NESTED LOOP JOIN [INNER JOIN, BROADCAST]
|  |  join table id: 01
|  |  join predicates: sum(multiply(tpcds_partitioned_parquet_snap.store_sales_2.ss_quantity, tpcds_partitioned_parquet_snap.store_sales_2.ss_list_price)) > avg(multiply(QUANTITY, LIST_PRICE))
|  |  mem-estimate=0B mem-reservation=0B thread-reservation=0
|  |  tuple-ids=91,107 row-size=52B cardinality=149.12K cost=30554
|  |  in pipelines: 157(GETNEXT), 162(OPEN)
|  |
|  |--F68:PLAN FRAGMENT [HASH(tpcds_partitioned_parquet_snap.item.i_brand_id,tpcds_partitioned_parquet_snap.item.i_class_id,tpcds_partitioned_parquet_snap.item.i_category_id)] hosts=10 instances=10
|  |  |  Per-Instance Resources: mem-estimate=16.02KB mem-reservation=0B thread-reservation=1
|  |  |  max-parallelism=10 segment-costs=[0] cpu-comparison-result=120 [max(10 (self) vs 120 (sum children))]
|  |  JOIN BUILD
|  |  |  join-table-id=01 plan-id=02 cohort-id=02
|  |  |  mem-estimate=16B mem-reservation=0B thread-reservation=0 cost=0
|  |  |
|  |  163:EXCHANGE [BROADCAST]
|  |  |  mem-estimate=16.00KB mem-reservation=0B thread-reservation=0
|  |  |  tuple-ids=107 row-size=16B cardinality=1 cost=0
|  |  |  in pipelines: 162(GETNEXT)
|  |  |
|  |  F65:PLAN FRAGMENT [UNPARTITIONED] hosts=1 instances=1
|  |  Per-Instance Resources: mem-estimate=297.44KB mem-reservation=0B thread-reservation=1
|  |  max-parallelism=1 segment-costs=[30, 0] cpu-comparison-result=120 [max(1 (self) vs 120 (sum children))]
|  |  162:AGGREGATE [FINALIZE]
|  |  |  output: avg:merge(multiply(QUANTITY, LIST_PRICE))
|  |  |  mem-estimate=16.00KB mem-reservation=0B spill-buffer=2.00MB thread-reservation=0
|  |  |  tuple-ids=107 row-size=16B cardinality=1 cost=8
|  |  |  in pipelines: 162(GETNEXT), 96(OPEN)
|  |  |
|  |  161:EXCHANGE [UNPARTITIONED]
|  |  |  mem-estimate=281.44KB mem-reservation=0B thread-reservation=0
|  |  |  tuple-ids=106 row-size=16B cardinality=120 cost=22
|  |  |  in pipelines: 96(GETNEXT)
|  |  |
|  |  F64:PLAN FRAGMENT [RANDOM] hosts=10 instances=120
|  |  Per-Instance Resources: mem-estimate=16.02MB mem-reservation=8.00MB thread-reservation=1
|  |  max-parallelism=120 segment-costs=[33456059694, 185] cpu-comparison-result=120 [max(120 (self) vs 33 (sum children))]
|  |  96:AGGREGATE
|  |  |  output: avg(multiply(CAST(QUANTITY AS DECIMAL(10,0)), LIST_PRICE))
|  |  |  mem-estimate=16.00KB mem-reservation=0B spill-buffer=2.00MB thread-reservation=0
|  |  |  tuple-ids=106 row-size=16B cardinality=120 cost=1058398679
|  |  |  in pipelines: 96(GETNEXT), 87(OPEN), 90(OPEN), 93(OPEN)
|  |  |
|  |  85:UNION
|  |  |  pass-through-operands: 86
|  |  |  mem-estimate=0B mem-reservation=0B thread-reservation=0
|  |  |  tuple-ids=105 row-size=8B cardinality=15.12G cost=110287964
|  |  |  in pipelines: 87(GETNEXT), 90(GETNEXT), 93(GETNEXT)
|  |  |
|  |  |--95:HASH JOIN [INNER JOIN, BROADCAST]
|  |  |  |  hash-table-id=04
|  |  |  |  hash predicates: tpcds_partitioned_parquet_snap.web_sales_2.ws_sold_date_sk = tpcds_partitioned_parquet_snap.date_dim_14.d_date_sk
|  |  |  |  fk/pk conjuncts: tpcds_partitioned_parquet_snap.web_sales_2.ws_sold_date_sk = tpcds_partitioned_parquet_snap.date_dim_14.d_date_sk
|  |  |  |  mem-estimate=0B mem-reservation=0B spill-buffer=128.00KB thread-reservation=0
|  |  |  |  tuple-ids=101,103 row-size=377B cardinality=2.16G cost=945417979
|  |  |  |  in pipelines: 93(GETNEXT), 94(OPEN)
|  |  |  |
|  |  |  |--F71:PLAN FRAGMENT [RANDOM] hosts=10 instances=10
|  |  |  |  |  Per-Instance Resources: mem-estimate=36.39MB mem-reservation=34.50MB thread-reservation=1
|  |  |  |  |  max-parallelism=10 segment-costs=[17005]
|  |  |  |  JOIN BUILD
|  |  |  |  |  join-table-id=04 plan-id=05 cohort-id=03
|  |  |  |  |  build expressions: tpcds_partitioned_parquet_snap.date_dim_14.d_date_sk
|  |  |  |  |  mem-estimate=34.50MB mem-reservation=34.50MB spill-buffer=128.00KB thread-reservation=0 cost=7305
|  |  |  |  |
|  |  |  |  160:EXCHANGE [BROADCAST]
|  |  |  |  |  mem-estimate=1.89MB mem-reservation=0B thread-reservation=0
|  |  |  |  |  tuple-ids=103 row-size=237B cardinality=7.30K cost=9700
|  |  |  |  |  in pipelines: 94(GETNEXT)
|  |  |  |  |
|  |  |  |  F63:PLAN FRAGMENT [RANDOM] hosts=1 instances=1
|  |  |  |  Per-Instance Resources: mem-estimate=16.94MB mem-reservation=4.00MB thread-reservation=1
|  |  |  |  max-parallelism=1 segment-costs=[119540]
|  |  |  |  94:SCAN HDFS [tpcds_partitioned_parquet_snap.date_dim, RANDOM]
|  |  |  |     HDFS partitions=1/1 files=1 size=2.17MB
|  |  |  |     predicates: tpcds_partitioned_parquet_snap.date_dim_14.d_year <= add(CAST(1998 AS INT), CAST(2 AS INT)), tpcds_partitioned_parquet_snap.date_dim_14.d_year >= CAST(1998 AS INT)
|  |  |  |     stored statistics:
|  |  |  |       table: rows=73.05K size=2.17MB
|  |  |  |       columns: all
|  |  |  |     extrapolated-rows=disabled max-scan-range-rows=73.05K
|  |  |  |     parquet statistics predicates: tpcds_partitioned_parquet_snap.date_dim_14.d_year <= add(CAST(1998 AS INT), CAST(2 AS INT)), tpcds_partitioned_parquet_snap.date_dim_14.d_year >= CAST(1998 AS INT)
|  |  |  |     parquet dictionary predicates: tpcds_partitioned_parquet_snap.date_dim_14.d_year <= add(CAST(1998 AS INT), CAST(2 AS INT)), tpcds_partitioned_parquet_snap.date_dim_14.d_year >= CAST(1998 AS INT)
|  |  |  |     mem-estimate=16.00MB mem-reservation=4.00MB thread-reservation=0
|  |  |  |     tuple-ids=103 row-size=237B cardinality=7.30K cost=114705
|  |  |  |     in pipelines: 94(GETNEXT)
|  |  |  |
|  |  |  93:SCAN HDFS [tpcds_partitioned_parquet_snap.web_sales, RANDOM]
|  |  |     HDFS partitions=1824/1824 files=1824 size=145.75GB
|  |  |     stored statistics:
|  |  |       table: rows=2.16G size=145.75GB
|  |  |       partitions: 1824/1824 rows=2.16G
|  |  |       columns: all
|  |  |     extrapolated-rows=disabled max-scan-range-rows=3.37M
|  |  |     mem-estimate=16.00MB mem-reservation=264.00KB thread-reservation=0
|  |  |     tuple-ids=101 row-size=140B cardinality=2.16G cost=4354495421
|  |  |     in pipelines: 93(GETNEXT)
|  |  |
|  |  86:UNION
|  |  |  mem-estimate=0B mem-reservation=0B thread-reservation=0
|  |  |  tuple-ids=100 row-size=8B cardinality=12.96G cost=661738272
|  |  |  in pipelines: 87(GETNEXT), 90(GETNEXT)
|  |  |
|  |  |--92:HASH JOIN [INNER JOIN, BROADCAST]
|  |  |  |  hash-table-id=03
|  |  |  |  hash predicates: tpcds_partitioned_parquet_snap.catalog_sales_2.cs_sold_date_sk = tpcds_partitioned_parquet_snap.date_dim_13.d_date_sk
|  |  |  |  fk/pk conjuncts: tpcds_partitioned_parquet_snap.catalog_sales_2.cs_sold_date_sk = tpcds_partitioned_parquet_snap.date_dim_13.d_date_sk
|  |  |  |  mem-estimate=0B mem-reservation=0B spill-buffer=128.00KB thread-reservation=0
|  |  |  |  tuple-ids=96,98 row-size=377B cardinality=4.32G cost=1890898131
|  |  |  |  in pipelines: 90(GETNEXT), 91(OPEN)
|  |  |  |
|  |  |  |--F70:PLAN FRAGMENT [RANDOM] hosts=10 instances=10
|  |  |  |  |  Per-Instance Resources: mem-estimate=36.39MB mem-reservation=34.50MB thread-reservation=1
|  |  |  |  |  max-parallelism=10 segment-costs=[17005]
|  |  |  |  JOIN BUILD
|  |  |  |  |  join-table-id=03 plan-id=04 cohort-id=03
|  |  |  |  |  build expressions: tpcds_partitioned_parquet_snap.date_dim_13.d_date_sk
|  |  |  |  |  mem-estimate=34.50MB mem-reservation=34.50MB spill-buffer=128.00KB thread-reservation=0 cost=7305
|  |  |  |  |
|  |  |  |  159:EXCHANGE [BROADCAST]
|  |  |  |  |  mem-estimate=1.89MB mem-reservation=0B thread-reservation=0
|  |  |  |  |  tuple-ids=98 row-size=237B cardinality=7.30K cost=9700
|  |  |  |  |  in pipelines: 91(GETNEXT)
|  |  |  |  |
|  |  |  |  F60:PLAN FRAGMENT [RANDOM] hosts=1 instances=1
|  |  |  |  Per-Instance Resources: mem-estimate=16.94MB mem-reservation=4.00MB thread-reservation=1
|  |  |  |  max-parallelism=1 segment-costs=[119540]
|  |  |  |  91:SCAN HDFS [tpcds_partitioned_parquet_snap.date_dim, RANDOM]
|  |  |  |     HDFS partitions=1/1 files=1 size=2.17MB
|  |  |  |     predicates: tpcds_partitioned_parquet_snap.date_dim_13.d_year <= add(CAST(1998 AS INT), CAST(2 AS INT)), tpcds_partitioned_parquet_snap.date_dim_13.d_year >= CAST(1998 AS INT)
|  |  |  |     stored statistics:
|  |  |  |       table: rows=73.05K size=2.17MB
|  |  |  |       columns: all
|  |  |  |     extrapolated-rows=disabled max-scan-range-rows=73.05K
|  |  |  |     parquet statistics predicates: tpcds_partitioned_parquet_snap.date_dim_13.d_year <= add(CAST(1998 AS INT), CAST(2 AS INT)), tpcds_partitioned_parquet_snap.date_dim_13.d_year >= CAST(1998 AS INT)
|  |  |  |     parquet dictionary predicates: tpcds_partitioned_parquet_snap.date_dim_13.d_year <= add(CAST(1998 AS INT), CAST(2 AS INT)), tpcds_partitioned_parquet_snap.date_dim_13.d_year >= CAST(1998 AS INT)
|  |  |  |     mem-estimate=16.00MB mem-reservation=4.00MB thread-reservation=0
|  |  |  |     tuple-ids=98 row-size=237B cardinality=7.30K cost=114705
|  |  |  |     in pipelines: 91(GETNEXT)
|  |  |  |
|  |  |  90:SCAN HDFS [tpcds_partitioned_parquet_snap.catalog_sales, RANDOM]
|  |  |     HDFS partitions=1831/1831 files=1831 size=280.96GB
|  |  |     stored statistics:
|  |  |       table: rows=4.32G size=280.96GB
|  |  |       partitions: 1831/1831 rows=4.32G
|  |  |       columns: all
|  |  |     extrapolated-rows=disabled max-scan-range-rows=21.52M
|  |  |     mem-estimate=16.00MB mem-reservation=1.00MB thread-reservation=0
|  |  |     tuple-ids=96 row-size=140B cardinality=4.32G cost=8709277205
|  |  |     in pipelines: 90(GETNEXT)
|  |  |
|  |  89:HASH JOIN [INNER JOIN, BROADCAST]
|  |  |  hash-table-id=02
|  |  |  hash predicates: tpcds_partitioned_parquet_snap.store_sales_4.ss_sold_date_sk = tpcds_partitioned_parquet_snap.date_dim_12.d_date_sk
|  |  |  fk/pk conjuncts: tpcds_partitioned_parquet_snap.store_sales_4.ss_sold_date_sk = tpcds_partitioned_parquet_snap.date_dim_12.d_date_sk
|  |  |  mem-estimate=0B mem-reservation=0B spill-buffer=128.00KB thread-reservation=0
|  |  |  tuple-ids=92,94 row-size=333B cardinality=8.64G cost=3781699633
|  |  |  in pipelines: 87(GETNEXT), 88(OPEN)
|  |  |
|  |  |--F69:PLAN FRAGMENT [RANDOM] hosts=10 instances=10
|  |  |  |  Per-Instance Resources: mem-estimate=36.39MB mem-reservation=34.50MB thread-reservation=1
|  |  |  |  max-parallelism=10 segment-costs=[17005]
|  |  |  JOIN BUILD
|  |  |  |  join-table-id=02 plan-id=03 cohort-id=03
|  |  |  |  build expressions: tpcds_partitioned_parquet_snap.date_dim_12.d_date_sk
|  |  |  |  mem-estimate=34.50MB mem-reservation=34.50MB spill-buffer=128.00KB thread-reservation=0 cost=7305
|  |  |  |
|  |  |  158:EXCHANGE [BROADCAST]
|  |  |  |  mem-estimate=1.89MB mem-reservation=0B thread-reservation=0
|  |  |  |  tuple-ids=94 row-size=237B cardinality=7.30K cost=9700
|  |  |  |  in pipelines: 88(GETNEXT)
|  |  |  |
|  |  |  F58:PLAN FRAGMENT [RANDOM] hosts=1 instances=1
|  |  |  Per-Instance Resources: mem-estimate=16.94MB mem-reservation=4.00MB thread-reservation=1
|  |  |  max-parallelism=1 segment-costs=[119540]
|  |  |  88:SCAN HDFS [tpcds_partitioned_parquet_snap.date_dim, RANDOM]
|  |  |     HDFS partitions=1/1 files=1 size=2.17MB
|  |  |     predicates: tpcds_partitioned_parquet_snap.date_dim_12.d_year <= add(CAST(1998 AS INT), CAST(2 AS INT)), tpcds_partitioned_parquet_snap.date_dim_12.d_year >= CAST(1998 AS INT)
|  |  |     stored statistics:
|  |  |       table: rows=73.05K size=2.17MB
|  |  |       columns: all
|  |  |     extrapolated-rows=disabled max-scan-range-rows=73.05K
|  |  |     parquet statistics predicates: tpcds_partitioned_parquet_snap.date_dim_12.d_year <= add(CAST(1998 AS INT), CAST(2 AS INT)), tpcds_partitioned_parquet_snap.date_dim_12.d_year >= CAST(1998 AS INT)
|  |  |     parquet dictionary predicates: tpcds_partitioned_parquet_snap.date_dim_12.d_year <= add(CAST(1998 AS INT), CAST(2 AS INT)), tpcds_partitioned_parquet_snap.date_dim_12.d_year >= CAST(1998 AS INT)
|  |  |     mem-estimate=16.00MB mem-reservation=4.00MB thread-reservation=0
|  |  |     tuple-ids=94 row-size=237B cardinality=7.30K cost=114705
|  |  |     in pipelines: 88(GETNEXT)
|  |  |
|  |  87:SCAN HDFS [tpcds_partitioned_parquet_snap.store_sales, RANDOM]
|  |     HDFS partitions=1824/1824 files=1824 size=389.90GB
|  |     stored statistics:
|  |       table: rows=8.64G size=389.90GB
|  |       partitions: 1824/1824 rows=8.64G
|  |       columns: all
|  |     extrapolated-rows=disabled max-scan-range-rows=390.22M
|  |     mem-estimate=16.00MB mem-reservation=8.00MB thread-reservation=0
|  |     tuple-ids=92 row-size=96B cardinality=8.64G cost=11943846410
|  |     in pipelines: 87(GETNEXT)
|  |
|  157:AGGREGATE [FINALIZE]
|  |  output: sum:merge(multiply(tpcds_partitioned_parquet_snap.store_sales_2.ss_quantity, tpcds_partitioned_parquet_snap.store_sales_2.ss_list_price)), count:merge()
|  |  group by: tpcds_partitioned_parquet_snap.item_4.i_brand_id, tpcds_partitioned_parquet_snap.item_4.i_class_id, tpcds_partitioned_parquet_snap.item_4.i_category_id
|  |  mem-estimate=10.00MB mem-reservation=8.50MB spill-buffer=512.00KB thread-reservation=0
|  |  tuple-ids=91 row-size=36B cardinality=149.12K cost=22458094
|  |  in pipelines: 157(GETNEXT), 49(OPEN)
|  |
|  156:EXCHANGE [HASH(tpcds_partitioned_parquet_snap.item_4.i_brand_id,tpcds_partitioned_parquet_snap.item_4.i_class_id,tpcds_partitioned_parquet_snap.item_4.i_category_id)]
|  |  mem-estimate=10.27MB mem-reservation=0B thread-reservation=0
|  |  tuple-ids=91 row-size=36B cardinality=15.08M cost=4173742
|  |  in pipelines: 49(GETNEXT)
|  |
|  F33:PLAN FRAGMENT [RANDOM] hosts=10 instances=7 (adjusted from 120)
|  Per-Host Shared Resources: mem-estimate=1.00MB mem-reservation=1.00MB thread-reservation=0 runtime-filters-memory=1.00MB
|  Per-Instance Resources: mem-estimate=40.06MB mem-reservation=17.00MB thread-reservation=1
|  max-parallelism=7 segment-costs=[205506186, 42742022] cpu-comparison-result=399 [max(7 (self) vs 399 (sum children))]
|  84:AGGREGATE [STREAMING]
|  |  output: sum(multiply(CAST(tpcds_partitioned_parquet_snap.store_sales_2.ss_quantity AS DECIMAL(10,0)), tpcds_partitioned_parquet_snap.store_sales_2.ss_list_price)), count()
|  |  group by: tpcds_partitioned_parquet_snap.item_4.i_brand_id, tpcds_partitioned_parquet_snap.item_4.i_class_id, tpcds_partitioned_parquet_snap.item_4.i_category_id
|  |  mem-estimate=10.00MB mem-reservation=9.00MB spill-buffer=512.00KB thread-reservation=0
|  |  tuple-ids=91 row-size=36B cardinality=15.08M cost=116143006
|  |  in pipelines: 49(GETNEXT)
|  |
|  83:HASH JOIN [INNER JOIN, BROADCAST]
|  |  hash-table-id=05
|  |  hash predicates: tpcds_partitioned_parquet_snap.store_sales_2.ss_item_sk = tpcds_partitioned_parquet_snap.item_8.i_item_sk
|  |  fk/pk conjuncts: tpcds_partitioned_parquet_snap.store_sales_2.ss_item_sk = tpcds_partitioned_parquet_snap.item_8.i_item_sk
|  |  mem-estimate=0B mem-reservation=0B spill-buffer=1.00MB thread-reservation=0
|  |  tuple-ids=54,56,58,60,90 row-size=759B cardinality=33.12M cost=14502848
|  |  in pipelines: 49(GETNEXT), 154(OPEN)
|  |
|  |--F72:PLAN FRAGMENT [RANDOM] hosts=10 instances=10
|  |  |  Per-Instance Resources: mem-estimate=18.45MB mem-reservation=17.00MB thread-reservation=1
|  |  |  max-parallelism=10 segment-costs=[838440] cpu-comparison-result=374 [max(10 (self) vs 374 (sum children))]
|  |  JOIN BUILD
|  |  |  join-table-id=05 plan-id=06 cohort-id=02
|  |  |  build expressions: tpcds_partitioned_parquet_snap.item_8.i_item_sk
|  |  |  runtime filters: RF039[min_max] <- tpcds_partitioned_parquet_snap.item_8.i_item_sk
|  |  |  mem-estimate=17.00MB mem-reservation=17.00MB spill-buffer=1.00MB thread-reservation=0 cost=360000
|  |  |
|  |  155:EXCHANGE [BROADCAST]
|  |  |  mem-estimate=1.45MB mem-reservation=0B thread-reservation=0
|  |  |  tuple-ids=90 row-size=4B cardinality=360.00K cost=478440
|  |  |  in pipelines: 154(GETNEXT)
|  |  |
|  |  F55:PLAN FRAGMENT [HASH(tpcds_partitioned_parquet_snap.item_8.i_item_sk)] hosts=10 instances=10 (adjusted from 120)
|  |  Per-Instance Resources: mem-estimate=10.25MB mem-reservation=1.94MB thread-reservation=1
|  |  max-parallelism=10 segment-costs=[1126414, 11664] cpu-comparison-result=374 [max(10 (self) vs 374 (sum children))]
|  |  154:AGGREGATE [FINALIZE]
|  |  |  group by: tpcds_partitioned_parquet_snap.item_8.i_item_sk
|  |  |  mem-estimate=10.00MB mem-reservation=1.94MB spill-buffer=64.00KB thread-reservation=0
|  |  |  tuple-ids=90 row-size=4B cardinality=360.00K cost=1068777
|  |  |  in pipelines: 154(GETNEXT), 151(OPEN)
|  |  |
|  |  153:EXCHANGE [HASH(tpcds_partitioned_parquet_snap.item_8.i_item_sk)]
|  |  |  mem-estimate=253.86KB mem-reservation=0B thread-reservation=0
|  |  |  tuple-ids=90 row-size=4B cardinality=445.08K cost=57637
|  |  |  in pipelines: 151(GETNEXT)
|  |  |
|  |  F53:PLAN FRAGMENT [HASH(BRAND_ID,CLASS_ID,CATEGORY_ID)] hosts=10 instances=10 (adjusted from 120)
|  |  Per-Instance Resources: mem-estimate=141.67MB mem-reservation=36.00MB thread-reservation=1
|  |  max-parallelism=10 segment-costs=[2731445, 1487074, 343957] cpu-comparison-result=374 [max(10 (self) vs 374 (sum children))]
|  |  82:AGGREGATE [STREAMING]
|  |  |  group by: tpcds_partitioned_parquet_snap.item_8.i_item_sk
|  |  |  mem-estimate=10.00MB mem-reservation=2.00MB spill-buffer=64.00KB thread-reservation=0
|  |  |  tuple-ids=90 row-size=4B cardinality=445.08K cost=1291265
|  |  |  in pipelines: 151(GETNEXT)
|  |  |
|  |  81:HASH JOIN [INNER JOIN, PARTITIONED]
|  |  |  hash-table-id=06
|  |  |  hash predicates: BRAND_ID = tpcds_partitioned_parquet_snap.item_8.i_brand_id, CATEGORY_ID = tpcds_partitioned_parquet_snap.item_8.i_category_id, CLASS_ID = tpcds_partitioned_parquet_snap.item_8.i_class_id
|  |  |  fk/pk conjuncts: assumed fk/pk
|  |  |  mem-estimate=0B mem-reservation=0B spill-buffer=1.00MB thread-reservation=0
|  |  |  tuple-ids=87,88 row-size=425B cardinality=447.36K cost=195809
|  |  |  in pipelines: 151(GETNEXT), 80(OPEN)
|  |  |
|  |  |--F73:PLAN FRAGMENT [HASH(BRAND_ID,CLASS_ID,CATEGORY_ID)] hosts=10 instances=10 (adjusted from 120)
|  |  |  |  Per-Instance Resources: mem-estimate=28.60MB mem-reservation=17.00MB thread-reservation=1
|  |  |  |  max-parallelism=10 segment-costs=[1071501]
|  |  |  JOIN BUILD
|  |  |  |  join-table-id=06 plan-id=07 cohort-id=04
|  |  |  |  build expressions: tpcds_partitioned_parquet_snap.item_8.i_brand_id, tpcds_partitioned_parquet_snap.item_8.i_category_id, tpcds_partitioned_parquet_snap.item_8.i_class_id
|  |  |  |  mem-estimate=17.00MB mem-reservation=17.00MB spill-buffer=1.00MB thread-reservation=0 cost=360000
|  |  |  |
|  |  |  152:EXCHANGE [HASH(tpcds_partitioned_parquet_snap.item_8.i_brand_id,tpcds_partitioned_parquet_snap.item_8.i_class_id,tpcds_partitioned_parquet_snap.item_8.i_category_id)]
|  |  |  |  mem-estimate=11.60MB mem-reservation=0B thread-reservation=0
|  |  |  |  tuple-ids=88 row-size=405B cardinality=360.00K cost=711501
|  |  |  |  in pipelines: 80(GETNEXT)
|  |  |  |
|  |  |  F54:PLAN FRAGMENT [RANDOM] hosts=4 instances=4
|  |  |  Per-Instance Resources: mem-estimate=32.00MB mem-reservation=512.00KB thread-reservation=1
|  |  |  max-parallelism=4 segment-costs=[10942162]
|  |  |  80:SCAN HDFS [tpcds_partitioned_parquet_snap.item, RANDOM]
|  |  |     HDFS partitions=1/1 files=1 size=33.54MB
|  |  |     stored statistics:
|  |  |       table: rows=360.00K size=33.54MB
|  |  |       columns: all
|  |  |     extrapolated-rows=disabled max-scan-range-rows=101.54K
|  |  |     mem-estimate=16.00MB mem-reservation=512.00KB thread-reservation=0
|  |  |     tuple-ids=88 row-size=405B cardinality=360.00K cost=1355609
|  |  |     in pipelines: 80(GETNEXT)
|  |  |
|  |  151:AGGREGATE [FINALIZE]
|  |  |  output: count:merge()
|  |  |  group by: BRAND_ID, CLASS_ID, CATEGORY_ID
|  |  |  having: count() = CAST(2 AS BIGINT)
|  |  |  mem-estimate=128.00MB mem-reservation=34.00MB spill-buffer=2.00MB thread-reservation=0
|  |  |  tuple-ids=87 row-size=20B cardinality=447.36K cost=2640587
|  |  |  in pipelines: 151(GETNEXT), 72(OPEN), 149(OPEN)
|  |  |
|  |  150:EXCHANGE [HASH(BRAND_ID,CLASS_ID,CATEGORY_ID)]
|  |  |  mem-estimate=3.67MB mem-reservation=0B thread-reservation=0
|  |  |  tuple-ids=87 row-size=20B cardinality=447.36K cost=90858
|  |  |  in pipelines: 72(GETNEXT), 149(GETNEXT)
|  |  |
|  |  F52:PLAN FRAGMENT [RANDOM] hosts=10 instances=120
|  |  Per-Instance Resources: mem-estimate=384.94MB mem-reservation=102.00MB thread-reservation=1
|  |  max-parallelism=120 segment-costs=[1820963, 1760391, 28898336, 2680446, 806679] cpu-comparison-result=360 [max(120 (self) vs 360 (sum children))]
|  |  79:AGGREGATE [STREAMING]
|  |  |  output: count()
|  |  |  group by: BRAND_ID, CLASS_ID, CATEGORY_ID
|  |  |  mem-estimate=128.00MB mem-reservation=34.00MB spill-buffer=2.00MB thread-reservation=0
|  |  |  tuple-ids=87 row-size=20B cardinality=447.36K cost=2640587
|  |  |  in pipelines: 72(GETNEXT), 149(GETNEXT)
|  |  |
|  |  57:UNION
|  |  |  mem-estimate=0B mem-reservation=0B thread-reservation=0
|  |  |  tuple-ids=86 row-size=20B cardinality=447.36K cost=39859
|  |  |  in pipelines: 72(GETNEXT), 149(GETNEXT)
|  |  |
|  |  |--149:AGGREGATE [FINALIZE]
|  |  |  |  output: count:merge()
|  |  |  |  group by: tpcds_partitioned_parquet_snap.item_7.i_brand_id, tpcds_partitioned_parquet_snap.item_7.i_class_id, tpcds_partitioned_parquet_snap.item_7.i_category_id
|  |  |  |  mem-estimate=10.00MB mem-reservation=8.50MB spill-buffer=512.00KB thread-reservation=0
|  |  |  |  tuple-ids=85 row-size=20B cardinality=149.12K cost=25263984
|  |  |  |  in pipelines: 149(GETNEXT), 73(OPEN)
|  |  |  |
|  |  |  148:EXCHANGE [HASH(tpcds_partitioned_parquet_snap.item_7.i_brand_id,tpcds_partitioned_parquet_snap.item_7.i_class_id,tpcds_partitioned_parquet_snap.item_7.i_category_id)]
|  |  |  |  mem-estimate=12.81MB mem-reservation=0B thread-reservation=0
|  |  |  |  tuple-ids=85 row-size=20B cardinality=17.89M cost=3634352
|  |  |  |  in pipelines: 73(GETNEXT)
|  |  |  |
|  |  |  F48:PLAN FRAGMENT [RANDOM] hosts=10 instances=120
|  |  |  Per-Host Shared Resources: mem-estimate=1.00MB mem-reservation=1.00MB thread-reservation=0 runtime-filters-memory=1.00MB
|  |  |  Per-Instance Resources: mem-estimate=37.25MB mem-reservation=9.26MB thread-reservation=1
|  |  |  max-parallelism=930 segment-costs=[9292145537, 32267182] cpu-comparison-result=120 [max(120 (self) vs 25 (sum children))]
|  |  |  78:AGGREGATE [STREAMING]
|  |  |  |  output: count()
|  |  |  |  group by: tpcds_partitioned_parquet_snap.item_7.i_brand_id, tpcds_partitioned_parquet_snap.item_7.i_class_id, tpcds_partitioned_parquet_snap.item_7.i_category_id
|  |  |  |  mem-estimate=10.00MB mem-reservation=9.00MB spill-buffer=512.00KB thread-reservation=0
|  |  |  |  tuple-ids=85 row-size=20B cardinality=17.89M cost=3047563509
|  |  |  |  in pipelines: 73(GETNEXT)
|  |  |  |
|  |  |  77:HASH JOIN [INNER JOIN, BROADCAST]
|  |  |  |  hash-table-id=11
|  |  |  |  hash predicates: tpcds_partitioned_parquet_snap.web_sales_1.ws_item_sk = tpcds_partitioned_parquet_snap.item_7.i_item_sk
|  |  |  |  fk/pk conjuncts: tpcds_partitioned_parquet_snap.web_sales_1.ws_item_sk = tpcds_partitioned_parquet_snap.item_7.i_item_sk
|  |  |  |  mem-estimate=0B mem-reservation=0B spill-buffer=2.00MB thread-reservation=0
|  |  |  |  tuple-ids=79,81,83 row-size=783B cardinality=2.16G cost=944945506
|  |  |  |  in pipelines: 73(GETNEXT), 76(OPEN)
|  |  |  |
|  |  |  |--F78:PLAN FRAGMENT [RANDOM] hosts=10 instances=10
|  |  |  |  |  Per-Instance Resources: mem-estimate=420.60MB mem-reservation=409.00MB thread-reservation=1 runtime-filters-memory=1.00MB
|  |  |  |  |  max-parallelism=10 segment-costs=[838440]
|  |  |  |  JOIN BUILD
|  |  |  |  |  join-table-id=11 plan-id=12 cohort-id=04
|  |  |  |  |  build expressions: tpcds_partitioned_parquet_snap.item_7.i_item_sk
|  |  |  |  |  runtime filters: RF060[bloom] <- tpcds_partitioned_parquet_snap.item_7.i_item_sk, RF061[min_max] <- tpcds_partitioned_parquet_snap.item_7.i_item_sk
|  |  |  |  |  mem-estimate=408.00MB mem-reservation=408.00MB spill-buffer=2.00MB thread-reservation=0 cost=360000
|  |  |  |  |
|  |  |  |  147:EXCHANGE [BROADCAST]
|  |  |  |  |  mem-estimate=11.60MB mem-reservation=0B thread-reservation=0
|  |  |  |  |  tuple-ids=83 row-size=405B cardinality=360.00K cost=478440
|  |  |  |  |  in pipelines: 76(GETNEXT)
|  |  |  |  |
|  |  |  |  F50:PLAN FRAGMENT [RANDOM] hosts=4 instances=4
|  |  |  |  Per-Instance Resources: mem-estimate=17.60MB mem-reservation=512.00KB thread-reservation=1
|  |  |  |  max-parallelism=4 segment-costs=[1757529]
|  |  |  |  76:SCAN HDFS [tpcds_partitioned_parquet_snap.item, RANDOM]
|  |  |  |     HDFS partitions=1/1 files=1 size=33.54MB
|  |  |  |     stored statistics:
|  |  |  |       table: rows=360.00K size=33.54MB
|  |  |  |       columns: all
|  |  |  |     extrapolated-rows=disabled max-scan-range-rows=101.54K
|  |  |  |     mem-estimate=16.00MB mem-reservation=512.00KB thread-reservation=0
|  |  |  |     tuple-ids=83 row-size=405B cardinality=360.00K cost=1355609
|  |  |  |     in pipelines: 76(GETNEXT)
|  |  |  |
|  |  |  75:HASH JOIN [INNER JOIN, BROADCAST]
|  |  |  |  hash-table-id=12
|  |  |  |  hash predicates: tpcds_partitioned_parquet_snap.web_sales_1.ws_sold_date_sk = tpcds_partitioned_parquet_snap.date_dim_11.d_date_sk
|  |  |  |  fk/pk conjuncts: tpcds_partitioned_parquet_snap.web_sales_1.ws_sold_date_sk = tpcds_partitioned_parquet_snap.date_dim_11.d_date_sk
|  |  |  |  mem-estimate=0B mem-reservation=0B spill-buffer=128.00KB thread-reservation=0
|  |  |  |  tuple-ids=79,81 row-size=377B cardinality=2.16G(filtered from 2.16G) cost=945141101
|  |  |  |  in pipelines: 73(GETNEXT), 74(OPEN)
|  |  |  |
|  |  |  |--F79:PLAN FRAGMENT [RANDOM] hosts=10 instances=10
|  |  |  |  |  Per-Instance Resources: mem-estimate=36.39MB mem-reservation=34.50MB thread-reservation=1
|  |  |  |  |  max-parallelism=10 segment-costs=[17005]
|  |  |  |  JOIN BUILD
|  |  |  |  |  join-table-id=12 plan-id=13 cohort-id=04
|  |  |  |  |  build expressions: tpcds_partitioned_parquet_snap.date_dim_11.d_date_sk
|  |  |  |  |  mem-estimate=34.50MB mem-reservation=34.50MB spill-buffer=128.00KB thread-reservation=0 cost=7305
|  |  |  |  |
|  |  |  |  146:EXCHANGE [BROADCAST]
|  |  |  |  |  mem-estimate=1.89MB mem-reservation=0B thread-reservation=0
|  |  |  |  |  tuple-ids=81 row-size=237B cardinality=7.30K cost=9700
|  |  |  |  |  in pipelines: 74(GETNEXT)
|  |  |  |  |
|  |  |  |  F49:PLAN FRAGMENT [RANDOM] hosts=1 instances=1
|  |  |  |  Per-Instance Resources: mem-estimate=16.94MB mem-reservation=4.00MB thread-reservation=1
|  |  |  |  max-parallelism=1 segment-costs=[119540]
|  |  |  |  74:SCAN HDFS [tpcds_partitioned_parquet_snap.date_dim, RANDOM]
|  |  |  |     HDFS partitions=1/1 files=1 size=2.17MB
|  |  |  |     predicates: tpcds_partitioned_parquet_snap.date_dim_11.d_year <= add(CAST(1998 AS INT), CAST(2 AS INT)), tpcds_partitioned_parquet_snap.date_dim_11.d_year >= CAST(1998 AS INT)
|  |  |  |     stored statistics:
|  |  |  |       table: rows=73.05K size=2.17MB
|  |  |  |       columns: all
|  |  |  |     extrapolated-rows=disabled max-scan-range-rows=73.05K
|  |  |  |     parquet statistics predicates: tpcds_partitioned_parquet_snap.date_dim_11.d_year <= add(CAST(1998 AS INT), CAST(2 AS INT)), tpcds_partitioned_parquet_snap.date_dim_11.d_year >= CAST(1998 AS INT)
|  |  |  |     parquet dictionary predicates: tpcds_partitioned_parquet_snap.date_dim_11.d_year <= add(CAST(1998 AS INT), CAST(2 AS INT)), tpcds_partitioned_parquet_snap.date_dim_11.d_year >= CAST(1998 AS INT)
|  |  |  |     mem-estimate=16.00MB mem-reservation=4.00MB thread-reservation=0
|  |  |  |     tuple-ids=81 row-size=237B cardinality=7.30K cost=114705
|  |  |  |     in pipelines: 74(GETNEXT)
|  |  |  |
|  |  |  73:SCAN HDFS [tpcds_partitioned_parquet_snap.web_sales, RANDOM]
|  |  |     HDFS partitions=1824/1824 files=1824 size=145.75GB
|  |  |     runtime filters: RF061[min_max] -> tpcds_partitioned_parquet_snap.web_sales_1.ws_item_sk, RF060[bloom] -> tpcds_partitioned_parquet_snap.web_sales_1.ws_item_sk
|  |  |     stored statistics:
|  |  |       table: rows=2.16G size=145.75GB
|  |  |       partitions: 1824/1824 rows=2.16G
|  |  |       columns: all
|  |  |     extrapolated-rows=disabled max-scan-range-rows=3.37M
|  |  |     mem-estimate=16.00MB mem-reservation=264.00KB thread-reservation=0
|  |  |     tuple-ids=79 row-size=140B cardinality=2.16G(filtered from 2.16G) cost=4354495421
|  |  |     in pipelines: 73(GETNEXT)
|  |  |
|  |  72:AGGREGATE [FINALIZE]
|  |  |  output: count()
|  |  |  group by: BRAND_ID, CLASS_ID, CATEGORY_ID
|  |  |  mem-estimate=128.00MB mem-reservation=34.00MB spill-buffer=2.00MB thread-reservation=0
|  |  |  tuple-ids=78 row-size=20B cardinality=298.24K cost=1760391
|  |  |  in pipelines: 72(GETNEXT), 145(OPEN)
|  |  |
|  |  145:AGGREGATE [FINALIZE]
|  |  |  output: count:merge()
|  |  |  group by: BRAND_ID, CLASS_ID, CATEGORY_ID
|  |  |  having: count() = CAST(2 AS BIGINT)
|  |  |  mem-estimate=128.00MB mem-reservation=34.00MB spill-buffer=2.00MB thread-reservation=0
|  |  |  tuple-ids=77 row-size=20B cardinality=298.24K cost=1760391
|  |  |  in pipelines: 145(GETNEXT), 139(OPEN), 143(OPEN)
|  |  |
|  |  144:EXCHANGE [HASH(BRAND_ID,CLASS_ID,CATEGORY_ID)]
|  |  |  mem-estimate=3.38MB mem-reservation=0B thread-reservation=0
|  |  |  tuple-ids=77 row-size=20B cardinality=298.24K cost=60572
|  |  |  in pipelines: 139(GETNEXT), 143(GETNEXT)
|  |  |
|  |  F46:PLAN FRAGMENT [RANDOM] hosts=10 instances=120
|  |  Per-Instance Resources: mem-estimate=162.06MB mem-reservation=42.50MB thread-reservation=1
|  |  max-parallelism=120 segment-costs=[28898336, 28898336, 1786964, 537786] cpu-comparison-result=240 [max(120 (self) vs 240 (sum children))]
|  |  71:AGGREGATE [STREAMING]
|  |  |  output: count()
|  |  |  group by: BRAND_ID, CLASS_ID, CATEGORY_ID
|  |  |  mem-estimate=128.00MB mem-reservation=34.00MB spill-buffer=2.00MB thread-reservation=0
|  |  |  tuple-ids=77 row-size=20B cardinality=298.24K cost=1760391
|  |  |  in pipelines: 139(GETNEXT), 143(GETNEXT)
|  |  |
|  |  58:UNION
|  |  |  mem-estimate=0B mem-reservation=0B thread-reservation=0
|  |  |  tuple-ids=76 row-size=20B cardinality=298.24K cost=26573
|  |  |  in pipelines: 139(GETNEXT), 143(GETNEXT)
|  |  |
|  |  |--143:AGGREGATE [FINALIZE]
|  |  |  |  output: count:merge()
|  |  |  |  group by: tpcds_partitioned_parquet_snap.item_6.i_brand_id, tpcds_partitioned_parquet_snap.item_6.i_class_id, tpcds_partitioned_parquet_snap.item_6.i_category_id
|  |  |  |  mem-estimate=10.00MB mem-reservation=8.50MB spill-buffer=512.00KB thread-reservation=0
|  |  |  |  tuple-ids=75 row-size=20B cardinality=149.12K cost=25263984
|  |  |  |  in pipelines: 143(GETNEXT), 65(OPEN)
|  |  |  |
|  |  |  142:EXCHANGE [HASH(tpcds_partitioned_parquet_snap.item_6.i_brand_id,tpcds_partitioned_parquet_snap.item_6.i_class_id,tpcds_partitioned_parquet_snap.item_6.i_category_id)]
|  |  |  |  mem-estimate=12.81MB mem-reservation=0B thread-reservation=0
|  |  |  |  tuple-ids=75 row-size=20B cardinality=17.89M cost=3634352
|  |  |  |  in pipelines: 65(GETNEXT)
|  |  |  |
|  |  |  F42:PLAN FRAGMENT [RANDOM] hosts=10 instances=120
|  |  |  Per-Host Shared Resources: mem-estimate=1.00MB mem-reservation=1.00MB thread-reservation=0 runtime-filters-memory=1.00MB
|  |  |  Per-Instance Resources: mem-estimate=37.25MB mem-reservation=10.00MB thread-reservation=1
|  |  |  max-parallelism=1831 segment-costs=[18503862033, 32267182] cpu-comparison-result=120 [max(120 (self) vs 25 (sum children))]
|  |  |  70:AGGREGATE [STREAMING]
|  |  |  |  output: count()
|  |  |  |  group by: tpcds_partitioned_parquet_snap.item_6.i_brand_id, tpcds_partitioned_parquet_snap.item_6.i_class_id, tpcds_partitioned_parquet_snap.item_6.i_category_id
|  |  |  |  mem-estimate=10.00MB mem-reservation=9.00MB spill-buffer=512.00KB thread-reservation=0
|  |  |  |  tuple-ids=75 row-size=20B cardinality=17.89M cost=6014287315
|  |  |  |  in pipelines: 65(GETNEXT)
|  |  |  |
|  |  |  69:HASH JOIN [INNER JOIN, BROADCAST]
|  |  |  |  hash-table-id=09
|  |  |  |  hash predicates: tpcds_partitioned_parquet_snap.catalog_sales_1.cs_item_sk = tpcds_partitioned_parquet_snap.item_6.i_item_sk
|  |  |  |  fk/pk conjuncts: tpcds_partitioned_parquet_snap.catalog_sales_1.cs_item_sk = tpcds_partitioned_parquet_snap.item_6.i_item_sk
|  |  |  |  mem-estimate=0B mem-reservation=0B spill-buffer=2.00MB thread-reservation=0
|  |  |  |  tuple-ids=69,71,73 row-size=783B cardinality=4.32G cost=1889953155
|  |  |  |  in pipelines: 65(GETNEXT), 68(OPEN)
|  |  |  |
|  |  |  |--F76:PLAN FRAGMENT [RANDOM] hosts=10 instances=10
|  |  |  |  |  Per-Instance Resources: mem-estimate=420.60MB mem-reservation=409.00MB thread-reservation=1 runtime-filters-memory=1.00MB
|  |  |  |  |  max-parallelism=10 segment-costs=[838440]
|  |  |  |  JOIN BUILD
|  |  |  |  |  join-table-id=09 plan-id=10 cohort-id=04
|  |  |  |  |  build expressions: tpcds_partitioned_parquet_snap.item_6.i_item_sk
|  |  |  |  |  runtime filters: RF056[bloom] <- tpcds_partitioned_parquet_snap.item_6.i_item_sk, RF057[min_max] <- tpcds_partitioned_parquet_snap.item_6.i_item_sk
|  |  |  |  |  mem-estimate=408.00MB mem-reservation=408.00MB spill-buffer=2.00MB thread-reservation=0 cost=360000
|  |  |  |  |
|  |  |  |  141:EXCHANGE [BROADCAST]
|  |  |  |  |  mem-estimate=11.60MB mem-reservation=0B thread-reservation=0
|  |  |  |  |  tuple-ids=73 row-size=405B cardinality=360.00K cost=478440
|  |  |  |  |  in pipelines: 68(GETNEXT)
|  |  |  |  |
|  |  |  |  F44:PLAN FRAGMENT [RANDOM] hosts=4 instances=4
|  |  |  |  Per-Instance Resources: mem-estimate=17.60MB mem-reservation=512.00KB thread-reservation=1
|  |  |  |  max-parallelism=4 segment-costs=[1757529]
|  |  |  |  68:SCAN HDFS [tpcds_partitioned_parquet_snap.item, RANDOM]
|  |  |  |     HDFS partitions=1/1 files=1 size=33.54MB
|  |  |  |     stored statistics:
|  |  |  |       table: rows=360.00K size=33.54MB
|  |  |  |       columns: all
|  |  |  |     extrapolated-rows=disabled max-scan-range-rows=101.54K
|  |  |  |     mem-estimate=16.00MB mem-reservation=512.00KB thread-reservation=0
|  |  |  |     tuple-ids=73 row-size=405B cardinality=360.00K cost=1355609
|  |  |  |     in pipelines: 68(GETNEXT)
|  |  |  |
|  |  |  67:HASH JOIN [INNER JOIN, BROADCAST]
|  |  |  |  hash-table-id=10
|  |  |  |  hash predicates: tpcds_partitioned_parquet_snap.catalog_sales_1.cs_sold_date_sk = tpcds_partitioned_parquet_snap.date_dim_10.d_date_sk
|  |  |  |  fk/pk conjuncts: tpcds_partitioned_parquet_snap.catalog_sales_1.cs_sold_date_sk = tpcds_partitioned_parquet_snap.date_dim_10.d_date_sk
|  |  |  |  mem-estimate=0B mem-reservation=0B spill-buffer=128.00KB thread-reservation=0
|  |  |  |  tuple-ids=69,71 row-size=377B cardinality=4.32G(filtered from 4.32G) cost=1890344358
|  |  |  |  in pipelines: 65(GETNEXT), 66(OPEN)
|  |  |  |
|  |  |  |--F77:PLAN FRAGMENT [RANDOM] hosts=10 instances=10
|  |  |  |  |  Per-Instance Resources: mem-estimate=36.39MB mem-reservation=34.50MB thread-reservation=1
|  |  |  |  |  max-parallelism=10 segment-costs=[17005]
|  |  |  |  JOIN BUILD
|  |  |  |  |  join-table-id=10 plan-id=11 cohort-id=04
|  |  |  |  |  build expressions: tpcds_partitioned_parquet_snap.date_dim_10.d_date_sk
|  |  |  |  |  mem-estimate=34.50MB mem-reservation=34.50MB spill-buffer=128.00KB thread-reservation=0 cost=7305
|  |  |  |  |
|  |  |  |  140:EXCHANGE [BROADCAST]
|  |  |  |  |  mem-estimate=1.89MB mem-reservation=0B thread-reservation=0
|  |  |  |  |  tuple-ids=71 row-size=237B cardinality=7.30K cost=9700
|  |  |  |  |  in pipelines: 66(GETNEXT)
|  |  |  |  |
|  |  |  |  F43:PLAN FRAGMENT [RANDOM] hosts=1 instances=1
|  |  |  |  Per-Instance Resources: mem-estimate=16.94MB mem-reservation=4.00MB thread-reservation=1
|  |  |  |  max-parallelism=1 segment-costs=[119540]
|  |  |  |  66:SCAN HDFS [tpcds_partitioned_parquet_snap.date_dim, RANDOM]
|  |  |  |     HDFS partitions=1/1 files=1 size=2.17MB
|  |  |  |     predicates: tpcds_partitioned_parquet_snap.date_dim_10.d_year <= add(CAST(1998 AS INT), CAST(2 AS INT)), tpcds_partitioned_parquet_snap.date_dim_10.d_year >= CAST(1998 AS INT)
|  |  |  |     stored statistics:
|  |  |  |       table: rows=73.05K size=2.17MB
|  |  |  |       columns: all
|  |  |  |     extrapolated-rows=disabled max-scan-range-rows=73.05K
|  |  |  |     parquet statistics predicates: tpcds_partitioned_parquet_snap.date_dim_10.d_year <= add(CAST(1998 AS INT), CAST(2 AS INT)), tpcds_partitioned_parquet_snap.date_dim_10.d_year >= CAST(1998 AS INT)
|  |  |  |     parquet dictionary predicates: tpcds_partitioned_parquet_snap.date_dim_10.d_year <= add(CAST(1998 AS INT), CAST(2 AS INT)), tpcds_partitioned_parquet_snap.date_dim_10.d_year >= CAST(1998 AS INT)
|  |  |  |     mem-estimate=16.00MB mem-reservation=4.00MB thread-reservation=0
|  |  |  |     tuple-ids=71 row-size=237B cardinality=7.30K cost=114705
|  |  |  |     in pipelines: 66(GETNEXT)
|  |  |  |
|  |  |  65:SCAN HDFS [tpcds_partitioned_parquet_snap.catalog_sales, RANDOM]
|  |  |     HDFS partitions=1831/1831 files=1831 size=280.96GB
|  |  |     runtime filters: RF057[min_max] -> tpcds_partitioned_parquet_snap.catalog_sales_1.cs_item_sk, RF056[bloom] -> tpcds_partitioned_parquet_snap.catalog_sales_1.cs_item_sk
|  |  |     stored statistics:
|  |  |       table: rows=4.32G size=280.96GB
|  |  |       partitions: 1831/1831 rows=4.32G
|  |  |       columns: all
|  |  |     extrapolated-rows=disabled max-scan-range-rows=21.52M
|  |  |     mem-estimate=16.00MB mem-reservation=1.00MB thread-reservation=0
|  |  |     tuple-ids=69 row-size=140B cardinality=4.32G(filtered from 4.32G) cost=8709277205
|  |  |     in pipelines: 65(GETNEXT)
|  |  |
|  |  139:AGGREGATE [FINALIZE]
|  |  |  output: count:merge()
|  |  |  group by: tpcds_partitioned_parquet_snap.item_5.i_brand_id, tpcds_partitioned_parquet_snap.item_5.i_class_id, tpcds_partitioned_parquet_snap.item_5.i_category_id
|  |  |  mem-estimate=10.00MB mem-reservation=8.50MB spill-buffer=512.00KB thread-reservation=0
|  |  |  tuple-ids=68 row-size=20B cardinality=149.12K cost=25263984
|  |  |  in pipelines: 139(GETNEXT), 59(OPEN)
|  |  |
|  |  138:EXCHANGE [HASH(tpcds_partitioned_parquet_snap.item_5.i_brand_id,tpcds_partitioned_parquet_snap.item_5.i_class_id,tpcds_partitioned_parquet_snap.item_5.i_category_id)]
|  |  |  mem-estimate=12.81MB mem-reservation=0B thread-reservation=0
|  |  |  tuple-ids=68 row-size=20B cardinality=17.89M cost=3634352
|  |  |  in pipelines: 59(GETNEXT)
|  |  |
|  |  F38:PLAN FRAGMENT [RANDOM] hosts=10 instances=120
|  |  Per-Host Shared Resources: mem-estimate=1.00MB mem-reservation=1.00MB thread-reservation=0 runtime-filters-memory=1.00MB
|  |  Per-Instance Resources: mem-estimate=37.25MB mem-reservation=17.00MB thread-reservation=1
|  |  max-parallelism=1824 segment-costs=[31451484894, 32267182] cpu-comparison-result=120 [max(120 (self) vs 25 (sum children))]
|  |  64:AGGREGATE [STREAMING]
|  |  |  output: count()
|  |  |  group by: tpcds_partitioned_parquet_snap.item_5.i_brand_id, tpcds_partitioned_parquet_snap.item_5.i_class_id, tpcds_partitioned_parquet_snap.item_5.i_category_id
|  |  |  mem-estimate=10.00MB mem-reservation=9.00MB spill-buffer=512.00KB thread-reservation=0
|  |  |  tuple-ids=68 row-size=20B cardinality=17.89M cost=11947236639
|  |  |  in pipelines: 59(GETNEXT)
|  |  |
|  |  63:HASH JOIN [INNER JOIN, BROADCAST]
|  |  |  hash-table-id=07
|  |  |  hash predicates: tpcds_partitioned_parquet_snap.store_sales_3.ss_item_sk = tpcds_partitioned_parquet_snap.item_5.i_item_sk
|  |  |  fk/pk conjuncts: tpcds_partitioned_parquet_snap.store_sales_3.ss_item_sk = tpcds_partitioned_parquet_snap.item_5.i_item_sk
|  |  |  mem-estimate=0B mem-reservation=0B spill-buffer=2.00MB thread-reservation=0
|  |  |  tuple-ids=62,64,66 row-size=739B cardinality=8.64G cost=3779809729
|  |  |  in pipelines: 59(GETNEXT), 62(OPEN)
|  |  |
|  |  |--F74:PLAN FRAGMENT [RANDOM] hosts=10 instances=10
|  |  |  |  Per-Instance Resources: mem-estimate=420.60MB mem-reservation=409.00MB thread-reservation=1 runtime-filters-memory=1.00MB
|  |  |  |  max-parallelism=10 segment-costs=[838440]
|  |  |  JOIN BUILD
|  |  |  |  join-table-id=07 plan-id=08 cohort-id=04
|  |  |  |  build expressions: tpcds_partitioned_parquet_snap.item_5.i_item_sk
|  |  |  |  runtime filters: RF052[bloom] <- tpcds_partitioned_parquet_snap.item_5.i_item_sk, RF053[min_max] <- tpcds_partitioned_parquet_snap.item_5.i_item_sk
|  |  |  |  mem-estimate=408.00MB mem-reservation=408.00MB spill-buffer=2.00MB thread-reservation=0 cost=360000
|  |  |  |
|  |  |  137:EXCHANGE [BROADCAST]
|  |  |  |  mem-estimate=11.60MB mem-reservation=0B thread-reservation=0
|  |  |  |  tuple-ids=66 row-size=405B cardinality=360.00K cost=478440
|  |  |  |  in pipelines: 62(GETNEXT)
|  |  |  |
|  |  |  F40:PLAN FRAGMENT [RANDOM] hosts=4 instances=4
|  |  |  Per-Instance Resources: mem-estimate=17.60MB mem-reservation=512.00KB thread-reservation=1
|  |  |  max-parallelism=4 segment-costs=[1757529]
|  |  |  62:SCAN HDFS [tpcds_partitioned_parquet_snap.item, RANDOM]
|  |  |     HDFS partitions=1/1 files=1 size=33.54MB
|  |  |     stored statistics:
|  |  |       table: rows=360.00K size=33.54MB
|  |  |       columns: all
|  |  |     extrapolated-rows=disabled max-scan-range-rows=101.54K
|  |  |     mem-estimate=16.00MB mem-reservation=512.00KB thread-reservation=0
|  |  |     tuple-ids=66 row-size=405B cardinality=360.00K cost=1355609
|  |  |     in pipelines: 62(GETNEXT)
|  |  |
|  |  61:HASH JOIN [INNER JOIN, BROADCAST]
|  |  |  hash-table-id=08
|  |  |  hash predicates: tpcds_partitioned_parquet_snap.store_sales_3.ss_sold_date_sk = tpcds_partitioned_parquet_snap.date_dim_9.d_date_sk
|  |  |  fk/pk conjuncts: tpcds_partitioned_parquet_snap.store_sales_3.ss_sold_date_sk = tpcds_partitioned_parquet_snap.date_dim_9.d_date_sk
|  |  |  mem-estimate=0B mem-reservation=0B spill-buffer=128.00KB thread-reservation=0
|  |  |  tuple-ids=62,64 row-size=333B cardinality=8.64G(filtered from 8.64G) cost=3780592116
|  |  |  in pipelines: 59(GETNEXT), 60(OPEN)
|  |  |
|  |  |--F75:PLAN FRAGMENT [RANDOM] hosts=10 instances=10
|  |  |  |  Per-Instance Resources: mem-estimate=36.39MB mem-reservation=34.50MB thread-reservation=1
|  |  |  |  max-parallelism=10 segment-costs=[17005]
|  |  |  JOIN BUILD
|  |  |  |  join-table-id=08 plan-id=09 cohort-id=04
|  |  |  |  build expressions: tpcds_partitioned_parquet_snap.date_dim_9.d_date_sk
|  |  |  |  mem-estimate=34.50MB mem-reservation=34.50MB spill-buffer=128.00KB thread-reservation=0 cost=7305
|  |  |  |
|  |  |  136:EXCHANGE [BROADCAST]
|  |  |  |  mem-estimate=1.89MB mem-reservation=0B thread-reservation=0
|  |  |  |  tuple-ids=64 row-size=237B cardinality=7.30K cost=9700
|  |  |  |  in pipelines: 60(GETNEXT)
|  |  |  |
|  |  |  F39:PLAN FRAGMENT [RANDOM] hosts=1 instances=1
|  |  |  Per-Instance Resources: mem-estimate=16.94MB mem-reservation=4.00MB thread-reservation=1
|  |  |  max-parallelism=1 segment-costs=[119540]
|  |  |  60:SCAN HDFS [tpcds_partitioned_parquet_snap.date_dim, RANDOM]
|  |  |     HDFS partitions=1/1 files=1 size=2.17MB
|  |  |     predicates: tpcds_partitioned_parquet_snap.date_dim_9.d_year <= add(CAST(1998 AS INT), CAST(2 AS INT)), tpcds_partitioned_parquet_snap.date_dim_9.d_year >= CAST(1998 AS INT)
|  |  |     stored statistics:
|  |  |       table: rows=73.05K size=2.17MB
|  |  |       columns: all
|  |  |     extrapolated-rows=disabled max-scan-range-rows=73.05K
|  |  |     parquet statistics predicates: tpcds_partitioned_parquet_snap.date_dim_9.d_year <= add(CAST(1998 AS INT), CAST(2 AS INT)), tpcds_partitioned_parquet_snap.date_dim_9.d_year >= CAST(1998 AS INT)
|  |  |     parquet dictionary predicates: tpcds_partitioned_parquet_snap.date_dim_9.d_year <= add(CAST(1998 AS INT), CAST(2 AS INT)), tpcds_partitioned_parquet_snap.date_dim_9.d_year >= CAST(1998 AS INT)
|  |  |     mem-estimate=16.00MB mem-reservation=4.00MB thread-reservation=0
|  |  |     tuple-ids=64 row-size=237B cardinality=7.30K cost=114705
|  |  |     in pipelines: 60(GETNEXT)
|  |  |
|  |  59:SCAN HDFS [tpcds_partitioned_parquet_snap.store_sales, RANDOM]
|  |     HDFS partitions=1824/1824 files=1824 size=389.90GB
|  |     runtime filters: RF053[min_max] -> tpcds_partitioned_parquet_snap.store_sales_3.ss_item_sk, RF052[bloom] -> tpcds_partitioned_parquet_snap.store_sales_3.ss_item_sk
|  |     stored statistics:
|  |       table: rows=8.64G size=389.90GB
|  |       partitions: 1824/1824 rows=8.64G
|  |       columns: all
|  |     extrapolated-rows=disabled max-scan-range-rows=390.22M
|  |     mem-estimate=16.00MB mem-reservation=8.00MB thread-reservation=0
|  |     tuple-ids=62 row-size=96B cardinality=8.64G(filtered from 8.64G) cost=11943846410
|  |     in pipelines: 59(GETNEXT)
|  |
|  56:HASH JOIN [INNER JOIN, BROADCAST]
|  |  hash-table-id=13
|  |  hash predicates: tpcds_partitioned_parquet_snap.store_sales_2.ss_item_sk = tpcds_partitioned_parquet_snap.item_4.i_item_sk
|  |  fk/pk conjuncts: tpcds_partitioned_parquet_snap.store_sales_2.ss_item_sk = tpcds_partitioned_parquet_snap.item_4.i_item_sk
|  |  mem-estimate=0B mem-reservation=0B spill-buffer=2.00MB thread-reservation=0
|  |  tuple-ids=54,56,58,60 row-size=755B cardinality=33.14M cost=14510099
|  |  in pipelines: 49(GETNEXT), 55(OPEN)
|  |
|  |--F80:PLAN FRAGMENT [RANDOM] hosts=10 instances=10
|  |  |  Per-Instance Resources: mem-estimate=162.82MB mem-reservation=34.00MB thread-reservation=1
|  |  |  max-parallelism=10 segment-costs=[838440]
|  |  JOIN BUILD
|  |  |  join-table-id=13 plan-id=14 cohort-id=02
|  |  |  build expressions: tpcds_partitioned_parquet_snap.item_4.i_item_sk
|  |  |  runtime filters: RF041[min_max] <- tpcds_partitioned_parquet_snap.item_4.i_item_sk
|  |  |  mem-estimate=151.22MB mem-reservation=34.00MB spill-buffer=2.00MB thread-reservation=0 cost=360000
|  |  |
|  |  135:EXCHANGE [BROADCAST]
|  |  |  mem-estimate=11.60MB mem-reservation=0B thread-reservation=0
|  |  |  tuple-ids=60 row-size=405B cardinality=360.00K cost=478440
|  |  |  in pipelines: 55(GETNEXT)
|  |  |
|  |  F37:PLAN FRAGMENT [RANDOM] hosts=4 instances=4
|  |  Per-Instance Resources: mem-estimate=17.60MB mem-reservation=512.00KB thread-reservation=1
|  |  max-parallelism=4 segment-costs=[1757529]
|  |  55:SCAN HDFS [tpcds_partitioned_parquet_snap.item, RANDOM]
|  |     HDFS partitions=1/1 files=1 size=33.54MB
|  |     runtime filters: RF039[min_max] -> tpcds_partitioned_parquet_snap.item_4.i_item_sk
|  |     stored statistics:
|  |       table: rows=360.00K size=33.54MB
|  |       columns: all
|  |     extrapolated-rows=disabled max-scan-range-rows=101.54K
|  |     mem-estimate=16.00MB mem-reservation=512.00KB thread-reservation=0
|  |     tuple-ids=60 row-size=405B cardinality=360.00K cost=1355609
|  |     in pipelines: 55(GETNEXT)
|  |
|  54:HASH JOIN [INNER JOIN, BROADCAST]
|  |  hash-table-id=14
|  |  hash predicates: tpcds_partitioned_parquet_snap.store_sales_2.ss_sold_date_sk = tpcds_partitioned_parquet_snap.date_dim_7.d_date_sk
|  |  fk/pk conjuncts: tpcds_partitioned_parquet_snap.store_sales_2.ss_sold_date_sk = tpcds_partitioned_parquet_snap.date_dim_7.d_date_sk
|  |  mem-estimate=0B mem-reservation=0B spill-buffer=64.00KB thread-reservation=0
|  |  tuple-ids=54,56,58 row-size=349B cardinality=33.16M cost=14513102
|  |  in pipelines: 49(GETNEXT), 50(OPEN)
|  |
|  |--F81:PLAN FRAGMENT [RANDOM] hosts=10 instances=10
|  |  |  Per-Instance Resources: mem-estimate=2.95MB mem-reservation=2.94MB thread-reservation=1 runtime-filters-memory=1.00MB
|  |  |  max-parallelism=10 segment-costs=[7] cpu-comparison-result=11 [max(11 (self) vs 2 (sum children))]
|  |  JOIN BUILD
|  |  |  join-table-id=14 plan-id=15 cohort-id=02
|  |  |  build expressions: tpcds_partitioned_parquet_snap.date_dim_7.d_date_sk
|  |  |  runtime filters: RF042[bloom] <- tpcds_partitioned_parquet_snap.date_dim_7.d_date_sk
|  |  |  mem-estimate=1.94MB mem-reservation=1.94MB spill-buffer=64.00KB thread-reservation=0 cost=7
|  |  |
|  |  134:EXCHANGE [BROADCAST]
|  |  |  mem-estimate=16.00KB mem-reservation=0B thread-reservation=0
|  |  |  tuple-ids=56,58 row-size=253B cardinality=7 cost=0
|  |  |  in pipelines: 50(GETNEXT)
|  |  |
|  |  F34:PLAN FRAGMENT [RANDOM] hosts=1 instances=1
|  |  Per-Host Shared Resources: mem-estimate=1.00MB mem-reservation=1.00MB thread-reservation=0 runtime-filters-memory=1.00MB
|  |  Per-Instance Resources: mem-estimate=17.02MB mem-reservation=4.00MB thread-reservation=1
|  |  max-parallelism=1 segment-costs=[110608]
|  |  53:HASH JOIN [INNER JOIN, BROADCAST]
|  |  |  hash-table-id=15
|  |  |  hash predicates: tpcds_partitioned_parquet_snap.date_dim_7.d_week_seq = tpcds_partitioned_parquet_snap.date_dim_8.d_week_seq
|  |  |  fk/pk conjuncts: none
|  |  |  mem-estimate=0B mem-reservation=0B spill-buffer=64.00KB thread-reservation=0
|  |  |  tuple-ids=56,58 row-size=253B cardinality=7 cost=3
|  |  |  in pipelines: 50(GETNEXT), 52(OPEN)
|  |  |
|  |  |--F82:PLAN FRAGMENT [RANDOM] hosts=1 instances=1
|  |  |  |  Per-Instance Resources: mem-estimate=2.95MB mem-reservation=2.94MB thread-reservation=1 runtime-filters-memory=1.00MB
|  |  |  |  max-parallelism=1 segment-costs=[1] cpu-comparison-result=2 [max(1 (self) vs 2 (sum children))]
|  |  |  JOIN BUILD
|  |  |  |  join-table-id=15 plan-id=16 cohort-id=05
|  |  |  |  build expressions: tpcds_partitioned_parquet_snap.date_dim_8.d_week_seq
|  |  |  |  runtime filters: RF044[bloom] <- tpcds_partitioned_parquet_snap.date_dim_8.d_week_seq, RF045[min_max] <- tpcds_partitioned_parquet_snap.date_dim_8.d_week_seq
|  |  |  |  mem-estimate=1.94MB mem-reservation=1.94MB spill-buffer=64.00KB thread-reservation=0 cost=1
|  |  |  |
|  |  |  133:EXCHANGE [BROADCAST]
|  |  |  |  mem-estimate=16.00KB mem-reservation=0B thread-reservation=0
|  |  |  |  tuple-ids=58 row-size=16B cardinality=1 cost=0
|  |  |  |  in pipelines: 52(GETNEXT)
|  |  |  |
|  |  |  F36:PLAN FRAGMENT [UNPARTITIONED] hosts=1 instances=1
|  |  |  Per-Instance Resources: mem-estimate=80.00KB mem-reservation=0B thread-reservation=1
|  |  |  max-parallelism=1 segment-costs=[5, 0]
|  |  |  52:CARDINALITY CHECK
|  |  |  |  limit: 1
|  |  |  |  mem-estimate=0B mem-reservation=0B thread-reservation=0
|  |  |  |  tuple-ids=58 row-size=16B cardinality=1 cost=0
|  |  |  |  in pipelines: 52(GETNEXT), 51(OPEN)
|  |  |  |
|  |  |  132:EXCHANGE [UNPARTITIONED]
|  |  |  |  limit: 2
|  |  |  |  mem-estimate=16.00KB mem-reservation=0B thread-reservation=0
|  |  |  |  tuple-ids=58 row-size=16B cardinality=2 cost=5
|  |  |  |  in pipelines: 51(GETNEXT)
|  |  |  |
|  |  |  F35:PLAN FRAGMENT [RANDOM] hosts=1 instances=1
|  |  |  Per-Instance Resources: mem-estimate=16.08MB mem-reservation=512.00KB thread-reservation=1
|  |  |  max-parallelism=1 segment-costs=[22991]
|  |  |  51:SCAN HDFS [tpcds_partitioned_parquet_snap.date_dim, RANDOM]
|  |  |     HDFS partitions=1/1 files=1 size=2.17MB
|  |  |     predicates: tpcds_partitioned_parquet_snap.date_dim_8.d_year = CAST(1998 AS INT), tpcds_partitioned_parquet_snap.date_dim_8.d_dom = CAST(20 AS INT), tpcds_partitioned_parquet_snap.date_dim_8.d_moy = CAST(12 AS INT)
|  |  |     stored statistics:
|  |  |       table: rows=73.05K size=2.17MB
|  |  |       columns: all
|  |  |     extrapolated-rows=disabled max-scan-range-rows=73.05K
|  |  |     parquet statistics predicates: tpcds_partitioned_parquet_snap.date_dim_8.d_year = CAST(1998 AS INT), tpcds_partitioned_parquet_snap.date_dim_8.d_dom = CAST(20 AS INT), tpcds_partitioned_parquet_snap.date_dim_8.d_moy = CAST(12 AS INT)
|  |  |     parquet dictionary predicates: tpcds_partitioned_parquet_snap.date_dim_8.d_year = CAST(1998 AS INT), tpcds_partitioned_parquet_snap.date_dim_8.d_dom = CAST(20 AS INT), tpcds_partitioned_parquet_snap.date_dim_8.d_moy = CAST(12 AS INT)
|  |  |     limit: 2
|  |  |     mem-estimate=16.00MB mem-reservation=512.00KB thread-reservation=0
|  |  |     tuple-ids=58 row-size=16B cardinality=29 cost=22988
|  |  |     in pipelines: 51(GETNEXT)
|  |  |
|  |  50:SCAN HDFS [tpcds_partitioned_parquet_snap.date_dim, RANDOM]
|  |     HDFS partitions=1/1 files=1 size=2.17MB
|  |     runtime filters: RF045[min_max] -> tpcds_partitioned_parquet_snap.date_dim_7.d_week_seq, RF044[bloom] -> tpcds_partitioned_parquet_snap.date_dim_7.d_week_seq
|  |     stored statistics:
|  |       table: rows=73.05K size=2.17MB
|  |       columns: all
|  |     extrapolated-rows=disabled max-scan-range-rows=73.05K
|  |     mem-estimate=16.00MB mem-reservation=4.00MB thread-reservation=0
|  |     tuple-ids=56 row-size=237B cardinality=7(filtered from 73.05K) cost=110600
|  |     in pipelines: 50(GETNEXT)
|  |
|  49:SCAN HDFS [tpcds_partitioned_parquet_snap.store_sales, RANDOM]
|     HDFS partitions=1824/1824 files=1824 size=389.90GB
|     runtime filters: RF039[min_max] -> tpcds_partitioned_parquet_snap.store_sales_2.ss_item_sk, RF041[min_max] -> tpcds_partitioned_parquet_snap.store_sales_2.ss_item_sk, RF042[bloom] -> tpcds_partitioned_parquet_snap.store_sales_2.ss_sold_date_sk
|     stored statistics:
|       table: rows=8.64G size=389.90GB
|       partitions: 1824/1824 rows=8.64G
|       columns: all
|     extrapolated-rows=disabled max-scan-range-rows=390.22M est-scan-range=7(filtered from 1824)
|     mem-estimate=16.00MB mem-reservation=8.00MB thread-reservation=0
|     tuple-ids=54 row-size=96B cardinality=33.16M(filtered from 8.64G) cost=45837131
|     in pipelines: 49(GETNEXT)
|
48:NESTED LOOP JOIN [INNER JOIN, BROADCAST]
|  join table id: 16
|  join predicates: sum(multiply(tpcds_partitioned_parquet_snap.store_sales.ss_quantity, tpcds_partitioned_parquet_snap.store_sales.ss_list_price)) > avg(multiply(QUANTITY, LIST_PRICE))
|  mem-estimate=0B mem-reservation=0B thread-reservation=0
|  tuple-ids=37,53 row-size=52B cardinality=149.12K cost=30554
|  in pipelines: 125(GETNEXT), 130(OPEN)
|
|--F83:PLAN FRAGMENT [HASH(tpcds_partitioned_parquet_snap.item.i_brand_id,tpcds_partitioned_parquet_snap.item.i_class_id,tpcds_partitioned_parquet_snap.item.i_category_id)] hosts=10 instances=10
|  |  Per-Instance Resources: mem-estimate=16.02KB mem-reservation=0B thread-reservation=1
|  |  max-parallelism=10 segment-costs=[0] cpu-comparison-result=120 [max(10 (self) vs 120 (sum children))]
|  JOIN BUILD
|  |  join-table-id=16 plan-id=17 cohort-id=01
|  |  mem-estimate=16B mem-reservation=0B thread-reservation=0 cost=0
|  |
|  131:EXCHANGE [BROADCAST]
|  |  mem-estimate=16.00KB mem-reservation=0B thread-reservation=0
|  |  tuple-ids=53 row-size=16B cardinality=1 cost=0
|  |  in pipelines: 130(GETNEXT)
|  |
|  F32:PLAN FRAGMENT [UNPARTITIONED] hosts=1 instances=1
|  Per-Instance Resources: mem-estimate=297.44KB mem-reservation=0B thread-reservation=1
|  max-parallelism=1 segment-costs=[30, 0] cpu-comparison-result=120 [max(1 (self) vs 120 (sum children))]
|  130:AGGREGATE [FINALIZE]
|  |  output: avg:merge(multiply(QUANTITY, LIST_PRICE))
|  |  mem-estimate=16.00KB mem-reservation=0B spill-buffer=2.00MB thread-reservation=0
|  |  tuple-ids=53 row-size=16B cardinality=1 cost=8
|  |  in pipelines: 130(GETNEXT), 47(OPEN)
|  |
|  129:EXCHANGE [UNPARTITIONED]
|  |  mem-estimate=281.44KB mem-reservation=0B thread-reservation=0
|  |  tuple-ids=52 row-size=16B cardinality=120 cost=22
|  |  in pipelines: 47(GETNEXT)
|  |
|  F31:PLAN FRAGMENT [RANDOM] hosts=10 instances=120
|  Per-Instance Resources: mem-estimate=16.02MB mem-reservation=8.00MB thread-reservation=1
|  max-parallelism=120 segment-costs=[33456059694, 185] cpu-comparison-result=120 [max(120 (self) vs 33 (sum children))]
|  47:AGGREGATE
|  |  output: avg(multiply(CAST(QUANTITY AS DECIMAL(10,0)), LIST_PRICE))
|  |  mem-estimate=16.00KB mem-reservation=0B spill-buffer=2.00MB thread-reservation=0
|  |  tuple-ids=52 row-size=16B cardinality=120 cost=1058398679
|  |  in pipelines: 47(GETNEXT), 38(OPEN), 41(OPEN), 44(OPEN)
|  |
|  36:UNION
|  |  pass-through-operands: 37
|  |  mem-estimate=0B mem-reservation=0B thread-reservation=0
|  |  tuple-ids=51 row-size=8B cardinality=15.12G cost=110287964
|  |  in pipelines: 38(GETNEXT), 41(GETNEXT), 44(GETNEXT)
|  |
|  |--46:HASH JOIN [INNER JOIN, BROADCAST]
|  |  |  hash-table-id=19
|  |  |  hash predicates: tpcds_partitioned_parquet_snap.web_sales_0.ws_sold_date_sk = tpcds_partitioned_parquet_snap.date_dim_6.d_date_sk
|  |  |  fk/pk conjuncts: tpcds_partitioned_parquet_snap.web_sales_0.ws_sold_date_sk = tpcds_partitioned_parquet_snap.date_dim_6.d_date_sk
|  |  |  mem-estimate=0B mem-reservation=0B spill-buffer=128.00KB thread-reservation=0
|  |  |  tuple-ids=47,49 row-size=377B cardinality=2.16G cost=945417979
|  |  |  in pipelines: 44(GETNEXT), 45(OPEN)
|  |  |
|  |  |--F86:PLAN FRAGMENT [RANDOM] hosts=10 instances=10
|  |  |  |  Per-Instance Resources: mem-estimate=36.39MB mem-reservation=34.50MB thread-reservation=1
|  |  |  |  max-parallelism=10 segment-costs=[17005]
|  |  |  JOIN BUILD
|  |  |  |  join-table-id=19 plan-id=20 cohort-id=06
|  |  |  |  build expressions: tpcds_partitioned_parquet_snap.date_dim_6.d_date_sk
|  |  |  |  mem-estimate=34.50MB mem-reservation=34.50MB spill-buffer=128.00KB thread-reservation=0 cost=7305
|  |  |  |
|  |  |  128:EXCHANGE [BROADCAST]
|  |  |  |  mem-estimate=1.89MB mem-reservation=0B thread-reservation=0
|  |  |  |  tuple-ids=49 row-size=237B cardinality=7.30K cost=9700
|  |  |  |  in pipelines: 45(GETNEXT)
|  |  |  |
|  |  |  F30:PLAN FRAGMENT [RANDOM] hosts=1 instances=1
|  |  |  Per-Instance Resources: mem-estimate=16.94MB mem-reservation=4.00MB thread-reservation=1
|  |  |  max-parallelism=1 segment-costs=[119540]
|  |  |  45:SCAN HDFS [tpcds_partitioned_parquet_snap.date_dim, RANDOM]
|  |  |     HDFS partitions=1/1 files=1 size=2.17MB
|  |  |     predicates: tpcds_partitioned_parquet_snap.date_dim_6.d_year <= add(CAST(1998 AS INT), CAST(2 AS INT)), tpcds_partitioned_parquet_snap.date_dim_6.d_year >= CAST(1998 AS INT)
|  |  |     stored statistics:
|  |  |       table: rows=73.05K size=2.17MB
|  |  |       columns: all
|  |  |     extrapolated-rows=disabled max-scan-range-rows=73.05K
|  |  |     parquet statistics predicates: tpcds_partitioned_parquet_snap.date_dim_6.d_year <= add(CAST(1998 AS INT), CAST(2 AS INT)), tpcds_partitioned_parquet_snap.date_dim_6.d_year >= CAST(1998 AS INT)
|  |  |     parquet dictionary predicates: tpcds_partitioned_parquet_snap.date_dim_6.d_year <= add(CAST(1998 AS INT), CAST(2 AS INT)), tpcds_partitioned_parquet_snap.date_dim_6.d_year >= CAST(1998 AS INT)
|  |  |     mem-estimate=16.00MB mem-reservation=4.00MB thread-reservation=0
|  |  |     tuple-ids=49 row-size=237B cardinality=7.30K cost=114705
|  |  |     in pipelines: 45(GETNEXT)
|  |  |
|  |  44:SCAN HDFS [tpcds_partitioned_parquet_snap.web_sales, RANDOM]
|  |     HDFS partitions=1824/1824 files=1824 size=145.75GB
|  |     stored statistics:
|  |       table: rows=2.16G size=145.75GB
|  |       partitions: 1824/1824 rows=2.16G
|  |       columns: all
|  |     extrapolated-rows=disabled max-scan-range-rows=3.37M
|  |     mem-estimate=16.00MB mem-reservation=264.00KB thread-reservation=0
|  |     tuple-ids=47 row-size=140B cardinality=2.16G cost=4354495421
|  |     in pipelines: 44(GETNEXT)
|  |
|  37:UNION
|  |  mem-estimate=0B mem-reservation=0B thread-reservation=0
|  |  tuple-ids=46 row-size=8B cardinality=12.96G cost=661738272
|  |  in pipelines: 38(GETNEXT), 41(GETNEXT)
|  |
|  |--43:HASH JOIN [INNER JOIN, BROADCAST]
|  |  |  hash-table-id=18
|  |  |  hash predicates: tpcds_partitioned_parquet_snap.catalog_sales_0.cs_sold_date_sk = tpcds_partitioned_parquet_snap.date_dim_5.d_date_sk
|  |  |  fk/pk conjuncts: tpcds_partitioned_parquet_snap.catalog_sales_0.cs_sold_date_sk = tpcds_partitioned_parquet_snap.date_dim_5.d_date_sk
|  |  |  mem-estimate=0B mem-reservation=0B spill-buffer=128.00KB thread-reservation=0
|  |  |  tuple-ids=42,44 row-size=377B cardinality=4.32G cost=1890898131
|  |  |  in pipelines: 41(GETNEXT), 42(OPEN)
|  |  |
|  |  |--F85:PLAN FRAGMENT [RANDOM] hosts=10 instances=10
|  |  |  |  Per-Instance Resources: mem-estimate=36.39MB mem-reservation=34.50MB thread-reservation=1
|  |  |  |  max-parallelism=10 segment-costs=[17005]
|  |  |  JOIN BUILD
|  |  |  |  join-table-id=18 plan-id=19 cohort-id=06
|  |  |  |  build expressions: tpcds_partitioned_parquet_snap.date_dim_5.d_date_sk
|  |  |  |  mem-estimate=34.50MB mem-reservation=34.50MB spill-buffer=128.00KB thread-reservation=0 cost=7305
|  |  |  |
|  |  |  127:EXCHANGE [BROADCAST]
|  |  |  |  mem-estimate=1.89MB mem-reservation=0B thread-reservation=0
|  |  |  |  tuple-ids=44 row-size=237B cardinality=7.30K cost=9700
|  |  |  |  in pipelines: 42(GETNEXT)
|  |  |  |
|  |  |  F27:PLAN FRAGMENT [RANDOM] hosts=1 instances=1
|  |  |  Per-Instance Resources: mem-estimate=16.94MB mem-reservation=4.00MB thread-reservation=1
|  |  |  max-parallelism=1 segment-costs=[119540]
|  |  |  42:SCAN HDFS [tpcds_partitioned_parquet_snap.date_dim, RANDOM]
|  |  |     HDFS partitions=1/1 files=1 size=2.17MB
|  |  |     predicates: tpcds_partitioned_parquet_snap.date_dim_5.d_year <= add(CAST(1998 AS INT), CAST(2 AS INT)), tpcds_partitioned_parquet_snap.date_dim_5.d_year >= CAST(1998 AS INT)
|  |  |     stored statistics:
|  |  |       table: rows=73.05K size=2.17MB
|  |  |       columns: all
|  |  |     extrapolated-rows=disabled max-scan-range-rows=73.05K
|  |  |     parquet statistics predicates: tpcds_partitioned_parquet_snap.date_dim_5.d_year <= add(CAST(1998 AS INT), CAST(2 AS INT)), tpcds_partitioned_parquet_snap.date_dim_5.d_year >= CAST(1998 AS INT)
|  |  |     parquet dictionary predicates: tpcds_partitioned_parquet_snap.date_dim_5.d_year <= add(CAST(1998 AS INT), CAST(2 AS INT)), tpcds_partitioned_parquet_snap.date_dim_5.d_year >= CAST(1998 AS INT)
|  |  |     mem-estimate=16.00MB mem-reservation=4.00MB thread-reservation=0
|  |  |     tuple-ids=44 row-size=237B cardinality=7.30K cost=114705
|  |  |     in pipelines: 42(GETNEXT)
|  |  |
|  |  41:SCAN HDFS [tpcds_partitioned_parquet_snap.catalog_sales, RANDOM]
|  |     HDFS partitions=1831/1831 files=1831 size=280.96GB
|  |     stored statistics:
|  |       table: rows=4.32G size=280.96GB
|  |       partitions: 1831/1831 rows=4.32G
|  |       columns: all
|  |     extrapolated-rows=disabled max-scan-range-rows=21.52M
|  |     mem-estimate=16.00MB mem-reservation=1.00MB thread-reservation=0
|  |     tuple-ids=42 row-size=140B cardinality=4.32G cost=8709277205
|  |     in pipelines: 41(GETNEXT)
|  |
|  40:HASH JOIN [INNER JOIN, BROADCAST]
|  |  hash-table-id=17
|  |  hash predicates: tpcds_partitioned_parquet_snap.store_sales_1.ss_sold_date_sk = tpcds_partitioned_parquet_snap.date_dim_4.d_date_sk
|  |  fk/pk conjuncts: tpcds_partitioned_parquet_snap.store_sales_1.ss_sold_date_sk = tpcds_partitioned_parquet_snap.date_dim_4.d_date_sk
|  |  mem-estimate=0B mem-reservation=0B spill-buffer=128.00KB thread-reservation=0
|  |  tuple-ids=38,40 row-size=333B cardinality=8.64G cost=3781699633
|  |  in pipelines: 38(GETNEXT), 39(OPEN)
|  |
|  |--F84:PLAN FRAGMENT [RANDOM] hosts=10 instances=10
|  |  |  Per-Instance Resources: mem-estimate=36.39MB mem-reservation=34.50MB thread-reservation=1
|  |  |  max-parallelism=10 segment-costs=[17005]
|  |  JOIN BUILD
|  |  |  join-table-id=17 plan-id=18 cohort-id=06
|  |  |  build expressions: tpcds_partitioned_parquet_snap.date_dim_4.d_date_sk
|  |  |  mem-estimate=34.50MB mem-reservation=34.50MB spill-buffer=128.00KB thread-reservation=0 cost=7305
|  |  |
|  |  126:EXCHANGE [BROADCAST]
|  |  |  mem-estimate=1.89MB mem-reservation=0B thread-reservation=0
|  |  |  tuple-ids=40 row-size=237B cardinality=7.30K cost=9700
|  |  |  in pipelines: 39(GETNEXT)
|  |  |
|  |  F25:PLAN FRAGMENT [RANDOM] hosts=1 instances=1
|  |  Per-Instance Resources: mem-estimate=16.94MB mem-reservation=4.00MB thread-reservation=1
|  |  max-parallelism=1 segment-costs=[119540]
|  |  39:SCAN HDFS [tpcds_partitioned_parquet_snap.date_dim, RANDOM]
|  |     HDFS partitions=1/1 files=1 size=2.17MB
|  |     predicates: tpcds_partitioned_parquet_snap.date_dim_4.d_year <= add(CAST(1998 AS INT), CAST(2 AS INT)), tpcds_partitioned_parquet_snap.date_dim_4.d_year >= CAST(1998 AS INT)
|  |     stored statistics:
|  |       table: rows=73.05K size=2.17MB
|  |       columns: all
|  |     extrapolated-rows=disabled max-scan-range-rows=73.05K
|  |     parquet statistics predicates: tpcds_partitioned_parquet_snap.date_dim_4.d_year <= add(CAST(1998 AS INT), CAST(2 AS INT)), tpcds_partitioned_parquet_snap.date_dim_4.d_year >= CAST(1998 AS INT)
|  |     parquet dictionary predicates: tpcds_partitioned_parquet_snap.date_dim_4.d_year <= add(CAST(1998 AS INT), CAST(2 AS INT)), tpcds_partitioned_parquet_snap.date_dim_4.d_year >= CAST(1998 AS INT)
|  |     mem-estimate=16.00MB mem-reservation=4.00MB thread-reservation=0
|  |     tuple-ids=40 row-size=237B cardinality=7.30K cost=114705
|  |     in pipelines: 39(GETNEXT)
|  |
|  38:SCAN HDFS [tpcds_partitioned_parquet_snap.store_sales, RANDOM]
|     HDFS partitions=1824/1824 files=1824 size=389.90GB
|     stored statistics:
|       table: rows=8.64G size=389.90GB
|       partitions: 1824/1824 rows=8.64G
|       columns: all
|     extrapolated-rows=disabled max-scan-range-rows=390.22M
|     mem-estimate=16.00MB mem-reservation=8.00MB thread-reservation=0
|     tuple-ids=38 row-size=96B cardinality=8.64G cost=11943846410
|     in pipelines: 38(GETNEXT)
|
125:AGGREGATE [FINALIZE]
|  output: sum:merge(multiply(tpcds_partitioned_parquet_snap.store_sales.ss_quantity, tpcds_partitioned_parquet_snap.store_sales.ss_list_price)), count:merge()
|  group by: tpcds_partitioned_parquet_snap.item.i_brand_id, tpcds_partitioned_parquet_snap.item.i_class_id, tpcds_partitioned_parquet_snap.item.i_category_id
|  mem-estimate=10.00MB mem-reservation=1.94MB spill-buffer=64.00KB thread-reservation=0
|  tuple-ids=37 row-size=36B cardinality=149.12K cost=22458094
|  in pipelines: 125(GETNEXT), 00(OPEN)
|
124:EXCHANGE [HASH(tpcds_partitioned_parquet_snap.item.i_brand_id,tpcds_partitioned_parquet_snap.item.i_class_id,tpcds_partitioned_parquet_snap.item.i_category_id)]
|  mem-estimate=10.27MB mem-reservation=0B thread-reservation=0
|  tuple-ids=37 row-size=36B cardinality=15.08M cost=4173742
|  in pipelines: 00(GETNEXT)
|
F00:PLAN FRAGMENT [RANDOM] hosts=10 instances=7 (adjusted from 120)
Per-Host Shared Resources: mem-estimate=1.00MB mem-reservation=1.00MB thread-reservation=0 runtime-filters-memory=1.00MB
Per-Instance Resources: mem-estimate=40.06MB mem-reservation=17.00MB thread-reservation=1
max-parallelism=7 segment-costs=[205506186, 42742022] cpu-comparison-result=399 [max(7 (self) vs 399 (sum children))]
35:AGGREGATE [STREAMING]
|  output: sum(multiply(CAST(tpcds_partitioned_parquet_snap.store_sales.ss_quantity AS DECIMAL(10,0)), tpcds_partitioned_parquet_snap.store_sales.ss_list_price)), count()
|  group by: tpcds_partitioned_parquet_snap.item.i_brand_id, tpcds_partitioned_parquet_snap.item.i_class_id, tpcds_partitioned_parquet_snap.item.i_category_id
|  mem-estimate=10.00MB mem-reservation=9.00MB spill-buffer=512.00KB thread-reservation=0
|  tuple-ids=37 row-size=36B cardinality=15.08M cost=116143006
|  in pipelines: 00(GETNEXT)
|
34:HASH JOIN [INNER JOIN, BROADCAST]
|  hash-table-id=20
|  hash predicates: tpcds_partitioned_parquet_snap.store_sales.ss_item_sk = tpcds_partitioned_parquet_snap.item_3.i_item_sk
|  fk/pk conjuncts: tpcds_partitioned_parquet_snap.store_sales.ss_item_sk = tpcds_partitioned_parquet_snap.item_3.i_item_sk
|  mem-estimate=0B mem-reservation=0B spill-buffer=1.00MB thread-reservation=0
|  tuple-ids=0,2,4,6,36 row-size=759B cardinality=33.12M cost=14502848
|  in pipelines: 00(GETNEXT), 122(OPEN)
|
|--F87:PLAN FRAGMENT [RANDOM] hosts=10 instances=10
|  |  Per-Instance Resources: mem-estimate=18.45MB mem-reservation=17.00MB thread-reservation=1
|  |  max-parallelism=10 segment-costs=[838440] cpu-comparison-result=374 [max(10 (self) vs 374 (sum children))]
|  JOIN BUILD
|  |  join-table-id=20 plan-id=21 cohort-id=01
|  |  build expressions: tpcds_partitioned_parquet_snap.item_3.i_item_sk
|  |  runtime filters: RF007[min_max] <- tpcds_partitioned_parquet_snap.item_3.i_item_sk
|  |  mem-estimate=17.00MB mem-reservation=17.00MB spill-buffer=1.00MB thread-reservation=0 cost=360000
|  |
|  123:EXCHANGE [BROADCAST]
|  |  mem-estimate=1.45MB mem-reservation=0B thread-reservation=0
|  |  tuple-ids=36 row-size=4B cardinality=360.00K cost=478440
|  |  in pipelines: 122(GETNEXT)
|  |
|  F22:PLAN FRAGMENT [HASH(tpcds_partitioned_parquet_snap.item_3.i_item_sk)] hosts=10 instances=10 (adjusted from 120)
|  Per-Instance Resources: mem-estimate=10.25MB mem-reservation=1.94MB thread-reservation=1
|  max-parallelism=10 segment-costs=[1126414, 11664] cpu-comparison-result=374 [max(10 (self) vs 374 (sum children))]
|  122:AGGREGATE [FINALIZE]
|  |  group by: tpcds_partitioned_parquet_snap.item_3.i_item_sk
|  |  mem-estimate=10.00MB mem-reservation=1.94MB spill-buffer=64.00KB thread-reservation=0
|  |  tuple-ids=36 row-size=4B cardinality=360.00K cost=1068777
|  |  in pipelines: 122(GETNEXT), 119(OPEN)
|  |
|  121:EXCHANGE [HASH(tpcds_partitioned_parquet_snap.item_3.i_item_sk)]
|  |  mem-estimate=253.86KB mem-reservation=0B thread-reservation=0
|  |  tuple-ids=36 row-size=4B cardinality=445.08K cost=57637
|  |  in pipelines: 119(GETNEXT)
|  |
|  F20:PLAN FRAGMENT [HASH(BRAND_ID,CLASS_ID,CATEGORY_ID)] hosts=10 instances=10 (adjusted from 120)
|  Per-Instance Resources: mem-estimate=141.67MB mem-reservation=36.00MB thread-reservation=1
|  max-parallelism=10 segment-costs=[2731445, 1487074, 343957] cpu-comparison-result=374 [max(10 (self) vs 374 (sum children))]
|  33:AGGREGATE [STREAMING]
|  |  group by: tpcds_partitioned_parquet_snap.item_3.i_item_sk
|  |  mem-estimate=10.00MB mem-reservation=2.00MB spill-buffer=64.00KB thread-reservation=0
|  |  tuple-ids=36 row-size=4B cardinality=445.08K cost=1291265
|  |  in pipelines: 119(GETNEXT)
|  |
|  32:HASH JOIN [INNER JOIN, PARTITIONED]
|  |  hash-table-id=21
|  |  hash predicates: BRAND_ID = tpcds_partitioned_parquet_snap.item_3.i_brand_id, CATEGORY_ID = tpcds_partitioned_parquet_snap.item_3.i_category_id, CLASS_ID = tpcds_partitioned_parquet_snap.item_3.i_class_id
|  |  fk/pk conjuncts: assumed fk/pk
|  |  mem-estimate=0B mem-reservation=0B spill-buffer=1.00MB thread-reservation=0
|  |  tuple-ids=33,34 row-size=425B cardinality=447.36K cost=195809
|  |  in pipelines: 119(GETNEXT), 31(OPEN)
|  |
|  |--F88:PLAN FRAGMENT [HASH(BRAND_ID,CLASS_ID,CATEGORY_ID)] hosts=10 instances=10 (adjusted from 120)
|  |  |  Per-Instance Resources: mem-estimate=28.60MB mem-reservation=17.00MB thread-reservation=1
|  |  |  max-parallelism=10 segment-costs=[1071501]
|  |  JOIN BUILD
|  |  |  join-table-id=21 plan-id=22 cohort-id=07
|  |  |  build expressions: tpcds_partitioned_parquet_snap.item_3.i_brand_id, tpcds_partitioned_parquet_snap.item_3.i_category_id, tpcds_partitioned_parquet_snap.item_3.i_class_id
|  |  |  mem-estimate=17.00MB mem-reservation=17.00MB spill-buffer=1.00MB thread-reservation=0 cost=360000
|  |  |
|  |  120:EXCHANGE [HASH(tpcds_partitioned_parquet_snap.item_3.i_brand_id,tpcds_partitioned_parquet_snap.item_3.i_class_id,tpcds_partitioned_parquet_snap.item_3.i_category_id)]
|  |  |  mem-estimate=11.60MB mem-reservation=0B thread-reservation=0
|  |  |  tuple-ids=34 row-size=405B cardinality=360.00K cost=711501
|  |  |  in pipelines: 31(GETNEXT)
|  |  |
|  |  F21:PLAN FRAGMENT [RANDOM] hosts=4 instances=4
|  |  Per-Instance Resources: mem-estimate=32.00MB mem-reservation=512.00KB thread-reservation=1
|  |  max-parallelism=4 segment-costs=[10942162]
|  |  31:SCAN HDFS [tpcds_partitioned_parquet_snap.item, RANDOM]
|  |     HDFS partitions=1/1 files=1 size=33.54MB
|  |     stored statistics:
|  |       table: rows=360.00K size=33.54MB
|  |       columns: all
|  |     extrapolated-rows=disabled max-scan-range-rows=101.54K
|  |     mem-estimate=16.00MB mem-reservation=512.00KB thread-reservation=0
|  |     tuple-ids=34 row-size=405B cardinality=360.00K cost=1355609
|  |     in pipelines: 31(GETNEXT)
|  |
|  119:AGGREGATE [FINALIZE]
|  |  output: count:merge()
|  |  group by: BRAND_ID, CLASS_ID, CATEGORY_ID
|  |  having: count() = CAST(2 AS BIGINT)
|  |  mem-estimate=128.00MB mem-reservation=34.00MB spill-buffer=2.00MB thread-reservation=0
|  |  tuple-ids=33 row-size=20B cardinality=447.36K cost=2640587
|  |  in pipelines: 119(GETNEXT), 23(OPEN), 117(OPEN)
|  |
|  118:EXCHANGE [HASH(BRAND_ID,CLASS_ID,CATEGORY_ID)]
|  |  mem-estimate=3.67MB mem-reservation=0B thread-reservation=0
|  |  tuple-ids=33 row-size=20B cardinality=447.36K cost=90858
|  |  in pipelines: 23(GETNEXT), 117(GETNEXT)
|  |
|  F19:PLAN FRAGMENT [RANDOM] hosts=10 instances=120
|  Per-Instance Resources: mem-estimate=384.94MB mem-reservation=102.00MB thread-reservation=1
|  max-parallelism=120 segment-costs=[1820963, 1760391, 28898336, 2680446, 806679] cpu-comparison-result=360 [max(120 (self) vs 360 (sum children))]
|  30:AGGREGATE [STREAMING]
|  |  output: count()
|  |  group by: BRAND_ID, CLASS_ID, CATEGORY_ID
|  |  mem-estimate=128.00MB mem-reservation=34.00MB spill-buffer=2.00MB thread-reservation=0
|  |  tuple-ids=33 row-size=20B cardinality=447.36K cost=2640587
|  |  in pipelines: 23(GETNEXT), 117(GETNEXT)
|  |
|  08:UNION
|  |  mem-estimate=0B mem-reservation=0B thread-reservation=0
|  |  tuple-ids=32 row-size=20B cardinality=447.36K cost=39859
|  |  in pipelines: 23(GETNEXT), 117(GETNEXT)
|  |
|  |--117:AGGREGATE [FINALIZE]
|  |  |  output: count:merge()
|  |  |  group by: tpcds_partitioned_parquet_snap.item_2.i_brand_id, tpcds_partitioned_parquet_snap.item_2.i_class_id, tpcds_partitioned_parquet_snap.item_2.i_category_id
|  |  |  mem-estimate=10.00MB mem-reservation=8.50MB spill-buffer=512.00KB thread-reservation=0
|  |  |  tuple-ids=31 row-size=20B cardinality=149.12K cost=25263984
|  |  |  in pipelines: 117(GETNEXT), 24(OPEN)
|  |  |
|  |  116:EXCHANGE [HASH(tpcds_partitioned_parquet_snap.item_2.i_brand_id,tpcds_partitioned_parquet_snap.item_2.i_class_id,tpcds_partitioned_parquet_snap.item_2.i_category_id)]
|  |  |  mem-estimate=12.81MB mem-reservation=0B thread-reservation=0
|  |  |  tuple-ids=31 row-size=20B cardinality=17.89M cost=3634352
|  |  |  in pipelines: 24(GETNEXT)
|  |  |
|  |  F15:PLAN FRAGMENT [RANDOM] hosts=10 instances=120
|  |  Per-Host Shared Resources: mem-estimate=1.00MB mem-reservation=1.00MB thread-reservation=0 runtime-filters-memory=1.00MB
|  |  Per-Instance Resources: mem-estimate=37.25MB mem-reservation=9.26MB thread-reservation=1
|  |  max-parallelism=930 segment-costs=[9292145537, 32267182] cpu-comparison-result=120 [max(120 (self) vs 25 (sum children))]
|  |  29:AGGREGATE [STREAMING]
|  |  |  output: count()
|  |  |  group by: tpcds_partitioned_parquet_snap.item_2.i_brand_id, tpcds_partitioned_parquet_snap.item_2.i_class_id, tpcds_partitioned_parquet_snap.item_2.i_category_id
|  |  |  mem-estimate=10.00MB mem-reservation=9.00MB spill-buffer=512.00KB thread-reservation=0
|  |  |  tuple-ids=31 row-size=20B cardinality=17.89M cost=3047563509
|  |  |  in pipelines: 24(GETNEXT)
|  |  |
|  |  28:HASH JOIN [INNER JOIN, BROADCAST]
|  |  |  hash-table-id=26
|  |  |  hash predicates: tpcds_partitioned_parquet_snap.web_sales.ws_item_sk = tpcds_partitioned_parquet_snap.item_2.i_item_sk
|  |  |  fk/pk conjuncts: tpcds_partitioned_parquet_snap.web_sales.ws_item_sk = tpcds_partitioned_parquet_snap.item_2.i_item_sk
|  |  |  mem-estimate=0B mem-reservation=0B spill-buffer=2.00MB thread-reservation=0
|  |  |  tuple-ids=25,27,29 row-size=783B cardinality=2.16G cost=944945506
|  |  |  in pipelines: 24(GETNEXT), 27(OPEN)
|  |  |
|  |  |--F93:PLAN FRAGMENT [RANDOM] hosts=10 instances=10
|  |  |  |  Per-Instance Resources: mem-estimate=420.60MB mem-reservation=409.00MB thread-reservation=1 runtime-filters-memory=1.00MB
|  |  |  |  max-parallelism=10 segment-costs=[838440]
|  |  |  JOIN BUILD
|  |  |  |  join-table-id=26 plan-id=27 cohort-id=07
|  |  |  |  build expressions: tpcds_partitioned_parquet_snap.item_2.i_item_sk
|  |  |  |  runtime filters: RF028[bloom] <- tpcds_partitioned_parquet_snap.item_2.i_item_sk, RF029[min_max] <- tpcds_partitioned_parquet_snap.item_2.i_item_sk
|  |  |  |  mem-estimate=408.00MB mem-reservation=408.00MB spill-buffer=2.00MB thread-reservation=0 cost=360000
|  |  |  |
|  |  |  115:EXCHANGE [BROADCAST]
|  |  |  |  mem-estimate=11.60MB mem-reservation=0B thread-reservation=0
|  |  |  |  tuple-ids=29 row-size=405B cardinality=360.00K cost=478440
|  |  |  |  in pipelines: 27(GETNEXT)
|  |  |  |
|  |  |  F17:PLAN FRAGMENT [RANDOM] hosts=4 instances=4
|  |  |  Per-Instance Resources: mem-estimate=17.60MB mem-reservation=512.00KB thread-reservation=1
|  |  |  max-parallelism=4 segment-costs=[1757529]
|  |  |  27:SCAN HDFS [tpcds_partitioned_parquet_snap.item, RANDOM]
|  |  |     HDFS partitions=1/1 files=1 size=33.54MB
|  |  |     stored statistics:
|  |  |       table: rows=360.00K size=33.54MB
|  |  |       columns: all
|  |  |     extrapolated-rows=disabled max-scan-range-rows=101.54K
|  |  |     mem-estimate=16.00MB mem-reservation=512.00KB thread-reservation=0
|  |  |     tuple-ids=29 row-size=405B cardinality=360.00K cost=1355609
|  |  |     in pipelines: 27(GETNEXT)
|  |  |
|  |  26:HASH JOIN [INNER JOIN, BROADCAST]
|  |  |  hash-table-id=27
|  |  |  hash predicates: tpcds_partitioned_parquet_snap.web_sales.ws_sold_date_sk = tpcds_partitioned_parquet_snap.date_dim_3.d_date_sk
|  |  |  fk/pk conjuncts: tpcds_partitioned_parquet_snap.web_sales.ws_sold_date_sk = tpcds_partitioned_parquet_snap.date_dim_3.d_date_sk
|  |  |  mem-estimate=0B mem-reservation=0B spill-buffer=128.00KB thread-reservation=0
|  |  |  tuple-ids=25,27 row-size=377B cardinality=2.16G(filtered from 2.16G) cost=945141101
|  |  |  in pipelines: 24(GETNEXT), 25(OPEN)
|  |  |
|  |  |--F94:PLAN FRAGMENT [RANDOM] hosts=10 instances=10
|  |  |  |  Per-Instance Resources: mem-estimate=36.39MB mem-reservation=34.50MB thread-reservation=1
|  |  |  |  max-parallelism=10 segment-costs=[17005]
|  |  |  JOIN BUILD
|  |  |  |  join-table-id=27 plan-id=28 cohort-id=07
|  |  |  |  build expressions: tpcds_partitioned_parquet_snap.date_dim_3.d_date_sk
|  |  |  |  mem-estimate=34.50MB mem-reservation=34.50MB spill-buffer=128.00KB thread-reservation=0 cost=7305
|  |  |  |
|  |  |  114:EXCHANGE [BROADCAST]
|  |  |  |  mem-estimate=1.89MB mem-reservation=0B thread-reservation=0
|  |  |  |  tuple-ids=27 row-size=237B cardinality=7.30K cost=9700
|  |  |  |  in pipelines: 25(GETNEXT)
|  |  |  |
|  |  |  F16:PLAN FRAGMENT [RANDOM] hosts=1 instances=1
|  |  |  Per-Instance Resources: mem-estimate=16.94MB mem-reservation=4.00MB thread-reservation=1
|  |  |  max-parallelism=1 segment-costs=[119540]
|  |  |  25:SCAN HDFS [tpcds_partitioned_parquet_snap.date_dim, RANDOM]
|  |  |     HDFS partitions=1/1 files=1 size=2.17MB
|  |  |     predicates: tpcds_partitioned_parquet_snap.date_dim_3.d_year <= add(CAST(1998 AS INT), CAST(2 AS INT)), tpcds_partitioned_parquet_snap.date_dim_3.d_year >= CAST(1998 AS INT)
|  |  |     stored statistics:
|  |  |       table: rows=73.05K size=2.17MB
|  |  |       columns: all
|  |  |     extrapolated-rows=disabled max-scan-range-rows=73.05K
|  |  |     parquet statistics predicates: tpcds_partitioned_parquet_snap.date_dim_3.d_year <= add(CAST(1998 AS INT), CAST(2 AS INT)), tpcds_partitioned_parquet_snap.date_dim_3.d_year >= CAST(1998 AS INT)
|  |  |     parquet dictionary predicates: tpcds_partitioned_parquet_snap.date_dim_3.d_year <= add(CAST(1998 AS INT), CAST(2 AS INT)), tpcds_partitioned_parquet_snap.date_dim_3.d_year >= CAST(1998 AS INT)
|  |  |     mem-estimate=16.00MB mem-reservation=4.00MB thread-reservation=0
|  |  |     tuple-ids=27 row-size=237B cardinality=7.30K cost=114705
|  |  |     in pipelines: 25(GETNEXT)
|  |  |
|  |  24:SCAN HDFS [tpcds_partitioned_parquet_snap.web_sales, RANDOM]
|  |     HDFS partitions=1824/1824 files=1824 size=145.75GB
|  |     runtime filters: RF029[min_max] -> tpcds_partitioned_parquet_snap.web_sales.ws_item_sk, RF028[bloom] -> tpcds_partitioned_parquet_snap.web_sales.ws_item_sk
|  |     stored statistics:
|  |       table: rows=2.16G size=145.75GB
|  |       partitions: 1824/1824 rows=2.16G
|  |       columns: all
|  |     extrapolated-rows=disabled max-scan-range-rows=3.37M
|  |     mem-estimate=16.00MB mem-reservation=264.00KB thread-reservation=0
|  |     tuple-ids=25 row-size=140B cardinality=2.16G(filtered from 2.16G) cost=4354495421
|  |     in pipelines: 24(GETNEXT)
|  |
|  23:AGGREGATE [FINALIZE]
|  |  output: count()
|  |  group by: BRAND_ID, CLASS_ID, CATEGORY_ID
|  |  mem-estimate=128.00MB mem-reservation=34.00MB spill-buffer=2.00MB thread-reservation=0
|  |  tuple-ids=24 row-size=20B cardinality=298.24K cost=1760391
|  |  in pipelines: 23(GETNEXT), 113(OPEN)
|  |
|  113:AGGREGATE [FINALIZE]
|  |  output: count:merge()
|  |  group by: BRAND_ID, CLASS_ID, CATEGORY_ID
|  |  having: count() = CAST(2 AS BIGINT)
|  |  mem-estimate=128.00MB mem-reservation=34.00MB spill-buffer=2.00MB thread-reservation=0
|  |  tuple-ids=23 row-size=20B cardinality=298.24K cost=1760391
|  |  in pipelines: 113(GETNEXT), 107(OPEN), 111(OPEN)
|  |
|  112:EXCHANGE [HASH(BRAND_ID,CLASS_ID,CATEGORY_ID)]
|  |  mem-estimate=3.38MB mem-reservation=0B thread-reservation=0
|  |  tuple-ids=23 row-size=20B cardinality=298.24K cost=60572
|  |  in pipelines: 107(GETNEXT), 111(GETNEXT)
|  |
|  F13:PLAN FRAGMENT [RANDOM] hosts=10 instances=120
|  Per-Instance Resources: mem-estimate=162.06MB mem-reservation=42.50MB thread-reservation=1
|  max-parallelism=120 segment-costs=[28898336, 28898336, 1786964, 537786] cpu-comparison-result=240 [max(120 (self) vs 240 (sum children))]
|  22:AGGREGATE [STREAMING]
|  |  output: count()
|  |  group by: BRAND_ID, CLASS_ID, CATEGORY_ID
|  |  mem-estimate=128.00MB mem-reservation=34.00MB spill-buffer=2.00MB thread-reservation=0
|  |  tuple-ids=23 row-size=20B cardinality=298.24K cost=1760391
|  |  in pipelines: 107(GETNEXT), 111(GETNEXT)
|  |
|  09:UNION
|  |  mem-estimate=0B mem-reservation=0B thread-reservation=0
|  |  tuple-ids=22 row-size=20B cardinality=298.24K cost=26573
|  |  in pipelines: 107(GETNEXT), 111(GETNEXT)
|  |
|  |--111:AGGREGATE [FINALIZE]
|  |  |  output: count:merge()
|  |  |  group by: tpcds_partitioned_parquet_snap.item_1.i_brand_id, tpcds_partitioned_parquet_snap.item_1.i_class_id, tpcds_partitioned_parquet_snap.item_1.i_category_id
|  |  |  mem-estimate=10.00MB mem-reservation=8.50MB spill-buffer=512.00KB thread-reservation=0
|  |  |  tuple-ids=21 row-size=20B cardinality=149.12K cost=25263984
|  |  |  in pipelines: 111(GETNEXT), 16(OPEN)
|  |  |
|  |  110:EXCHANGE [HASH(tpcds_partitioned_parquet_snap.item_1.i_brand_id,tpcds_partitioned_parquet_snap.item_1.i_class_id,tpcds_partitioned_parquet_snap.item_1.i_category_id)]
|  |  |  mem-estimate=12.81MB mem-reservation=0B thread-reservation=0
|  |  |  tuple-ids=21 row-size=20B cardinality=17.89M cost=3634352
|  |  |  in pipelines: 16(GETNEXT)
|  |  |
|  |  F09:PLAN FRAGMENT [RANDOM] hosts=10 instances=120
|  |  Per-Host Shared Resources: mem-estimate=1.00MB mem-reservation=1.00MB thread-reservation=0 runtime-filters-memory=1.00MB
|  |  Per-Instance Resources: mem-estimate=37.25MB mem-reservation=10.00MB thread-reservation=1
|  |  max-parallelism=1831 segment-costs=[18503862033, 32267182] cpu-comparison-result=120 [max(120 (self) vs 25 (sum children))]
|  |  21:AGGREGATE [STREAMING]
|  |  |  output: count()
|  |  |  group by: tpcds_partitioned_parquet_snap.item_1.i_brand_id, tpcds_partitioned_parquet_snap.item_1.i_class_id, tpcds_partitioned_parquet_snap.item_1.i_category_id
|  |  |  mem-estimate=10.00MB mem-reservation=9.00MB spill-buffer=512.00KB thread-reservation=0
|  |  |  tuple-ids=21 row-size=20B cardinality=17.89M cost=6014287315
|  |  |  in pipelines: 16(GETNEXT)
|  |  |
|  |  20:HASH JOIN [INNER JOIN, BROADCAST]
|  |  |  hash-table-id=24
|  |  |  hash predicates: tpcds_partitioned_parquet_snap.catalog_sales.cs_item_sk = tpcds_partitioned_parquet_snap.item_1.i_item_sk
|  |  |  fk/pk conjuncts: tpcds_partitioned_parquet_snap.catalog_sales.cs_item_sk = tpcds_partitioned_parquet_snap.item_1.i_item_sk
|  |  |  mem-estimate=0B mem-reservation=0B spill-buffer=2.00MB thread-reservation=0
|  |  |  tuple-ids=15,17,19 row-size=783B cardinality=4.32G cost=1889953155
|  |  |  in pipelines: 16(GETNEXT), 19(OPEN)
|  |  |
|  |  |--F91:PLAN FRAGMENT [RANDOM] hosts=10 instances=10
|  |  |  |  Per-Instance Resources: mem-estimate=420.60MB mem-reservation=409.00MB thread-reservation=1 runtime-filters-memory=1.00MB
|  |  |  |  max-parallelism=10 segment-costs=[838440]
|  |  |  JOIN BUILD
|  |  |  |  join-table-id=24 plan-id=25 cohort-id=07
|  |  |  |  build expressions: tpcds_partitioned_parquet_snap.item_1.i_item_sk
|  |  |  |  runtime filters: RF024[bloom] <- tpcds_partitioned_parquet_snap.item_1.i_item_sk, RF025[min_max] <- tpcds_partitioned_parquet_snap.item_1.i_item_sk
|  |  |  |  mem-estimate=408.00MB mem-reservation=408.00MB spill-buffer=2.00MB thread-reservation=0 cost=360000
|  |  |  |
|  |  |  109:EXCHANGE [BROADCAST]
|  |  |  |  mem-estimate=11.60MB mem-reservation=0B thread-reservation=0
|  |  |  |  tuple-ids=19 row-size=405B cardinality=360.00K cost=478440
|  |  |  |  in pipelines: 19(GETNEXT)
|  |  |  |
|  |  |  F11:PLAN FRAGMENT [RANDOM] hosts=4 instances=4
|  |  |  Per-Instance Resources: mem-estimate=17.60MB mem-reservation=512.00KB thread-reservation=1
|  |  |  max-parallelism=4 segment-costs=[1757529]
|  |  |  19:SCAN HDFS [tpcds_partitioned_parquet_snap.item, RANDOM]
|  |  |     HDFS partitions=1/1 files=1 size=33.54MB
|  |  |     stored statistics:
|  |  |       table: rows=360.00K size=33.54MB
|  |  |       columns: all
|  |  |     extrapolated-rows=disabled max-scan-range-rows=101.54K
|  |  |     mem-estimate=16.00MB mem-reservation=512.00KB thread-reservation=0
|  |  |     tuple-ids=19 row-size=405B cardinality=360.00K cost=1355609
|  |  |     in pipelines: 19(GETNEXT)
|  |  |
|  |  18:HASH JOIN [INNER JOIN, BROADCAST]
|  |  |  hash-table-id=25
|  |  |  hash predicates: tpcds_partitioned_parquet_snap.catalog_sales.cs_sold_date_sk = tpcds_partitioned_parquet_snap.date_dim_2.d_date_sk
|  |  |  fk/pk conjuncts: tpcds_partitioned_parquet_snap.catalog_sales.cs_sold_date_sk = tpcds_partitioned_parquet_snap.date_dim_2.d_date_sk
|  |  |  mem-estimate=0B mem-reservation=0B spill-buffer=128.00KB thread-reservation=0
|  |  |  tuple-ids=15,17 row-size=377B cardinality=4.32G(filtered from 4.32G) cost=1890344358
|  |  |  in pipelines: 16(GETNEXT), 17(OPEN)
|  |  |
|  |  |--F92:PLAN FRAGMENT [RANDOM] hosts=10 instances=10
|  |  |  |  Per-Instance Resources: mem-estimate=36.39MB mem-reservation=34.50MB thread-reservation=1
|  |  |  |  max-parallelism=10 segment-costs=[17005]
|  |  |  JOIN BUILD
|  |  |  |  join-table-id=25 plan-id=26 cohort-id=07
|  |  |  |  build expressions: tpcds_partitioned_parquet_snap.date_dim_2.d_date_sk
|  |  |  |  mem-estimate=34.50MB mem-reservation=34.50MB spill-buffer=128.00KB thread-reservation=0 cost=7305
|  |  |  |
|  |  |  108:EXCHANGE [BROADCAST]
|  |  |  |  mem-estimate=1.89MB mem-reservation=0B thread-reservation=0
|  |  |  |  tuple-ids=17 row-size=237B cardinality=7.30K cost=9700
|  |  |  |  in pipelines: 17(GETNEXT)
|  |  |  |
|  |  |  F10:PLAN FRAGMENT [RANDOM] hosts=1 instances=1
|  |  |  Per-Instance Resources: mem-estimate=16.94MB mem-reservation=4.00MB thread-reservation=1
|  |  |  max-parallelism=1 segment-costs=[119540]
|  |  |  17:SCAN HDFS [tpcds_partitioned_parquet_snap.date_dim, RANDOM]
|  |  |     HDFS partitions=1/1 files=1 size=2.17MB
|  |  |     predicates: tpcds_partitioned_parquet_snap.date_dim_2.d_year <= add(CAST(1998 AS INT), CAST(2 AS INT)), tpcds_partitioned_parquet_snap.date_dim_2.d_year >= CAST(1998 AS INT)
|  |  |     stored statistics:
|  |  |       table: rows=73.05K size=2.17MB
|  |  |       columns: all
|  |  |     extrapolated-rows=disabled max-scan-range-rows=73.05K
|  |  |     parquet statistics predicates: tpcds_partitioned_parquet_snap.date_dim_2.d_year <= add(CAST(1998 AS INT), CAST(2 AS INT)), tpcds_partitioned_parquet_snap.date_dim_2.d_year >= CAST(1998 AS INT)
|  |  |     parquet dictionary predicates: tpcds_partitioned_parquet_snap.date_dim_2.d_year <= add(CAST(1998 AS INT), CAST(2 AS INT)), tpcds_partitioned_parquet_snap.date_dim_2.d_year >= CAST(1998 AS INT)
|  |  |     mem-estimate=16.00MB mem-reservation=4.00MB thread-reservation=0
|  |  |     tuple-ids=17 row-size=237B cardinality=7.30K cost=114705
|  |  |     in pipelines: 17(GETNEXT)
|  |  |
|  |  16:SCAN HDFS [tpcds_partitioned_parquet_snap.catalog_sales, RANDOM]
|  |     HDFS partitions=1831/1831 files=1831 size=280.96GB
|  |     runtime filters: RF025[min_max] -> tpcds_partitioned_parquet_snap.catalog_sales.cs_item_sk, RF024[bloom] -> tpcds_partitioned_parquet_snap.catalog_sales.cs_item_sk
|  |     stored statistics:
|  |       table: rows=4.32G size=280.96GB
|  |       partitions: 1831/1831 rows=4.32G
|  |       columns: all
|  |     extrapolated-rows=disabled max-scan-range-rows=21.52M
|  |     mem-estimate=16.00MB mem-reservation=1.00MB thread-reservation=0
|  |     tuple-ids=15 row-size=140B cardinality=4.32G(filtered from 4.32G) cost=8709277205
|  |     in pipelines: 16(GETNEXT)
|  |
|  107:AGGREGATE [FINALIZE]
|  |  output: count:merge()
|  |  group by: tpcds_partitioned_parquet_snap.item_0.i_brand_id, tpcds_partitioned_parquet_snap.item_0.i_class_id, tpcds_partitioned_parquet_snap.item_0.i_category_id
|  |  mem-estimate=10.00MB mem-reservation=8.50MB spill-buffer=512.00KB thread-reservation=0
|  |  tuple-ids=14 row-size=20B cardinality=149.12K cost=25263984
|  |  in pipelines: 107(GETNEXT), 10(OPEN)
|  |
|  106:EXCHANGE [HASH(tpcds_partitioned_parquet_snap.item_0.i_brand_id,tpcds_partitioned_parquet_snap.item_0.i_class_id,tpcds_partitioned_parquet_snap.item_0.i_category_id)]
|  |  mem-estimate=12.81MB mem-reservation=0B thread-reservation=0
|  |  tuple-ids=14 row-size=20B cardinality=17.89M cost=3634352
|  |  in pipelines: 10(GETNEXT)
|  |
|  F05:PLAN FRAGMENT [RANDOM] hosts=10 instances=120
|  Per-Host Shared Resources: mem-estimate=1.00MB mem-reservation=1.00MB thread-reservation=0 runtime-filters-memory=1.00MB
|  Per-Instance Resources: mem-estimate=37.25MB mem-reservation=17.00MB thread-reservation=1
|  max-parallelism=1824 segment-costs=[31451484894, 32267182] cpu-comparison-result=120 [max(120 (self) vs 25 (sum children))]
|  15:AGGREGATE [STREAMING]
|  |  output: count()
|  |  group by: tpcds_partitioned_parquet_snap.item_0.i_brand_id, tpcds_partitioned_parquet_snap.item_0.i_class_id, tpcds_partitioned_parquet_snap.item_0.i_category_id
|  |  mem-estimate=10.00MB mem-reservation=9.00MB spill-buffer=512.00KB thread-reservation=0
|  |  tuple-ids=14 row-size=20B cardinality=17.89M cost=11947236639
|  |  in pipelines: 10(GETNEXT)
|  |
|  14:HASH JOIN [INNER JOIN, BROADCAST]
|  |  hash-table-id=22
|  |  hash predicates: tpcds_partitioned_parquet_snap.store_sales_0.ss_item_sk = tpcds_partitioned_parquet_snap.item_0.i_item_sk
|  |  fk/pk conjuncts: tpcds_partitioned_parquet_snap.store_sales_0.ss_item_sk = tpcds_partitioned_parquet_snap.item_0.i_item_sk
|  |  mem-estimate=0B mem-reservation=0B spill-buffer=2.00MB thread-reservation=0
|  |  tuple-ids=8,10,12 row-size=739B cardinality=8.64G cost=3779809729
|  |  in pipelines: 10(GETNEXT), 13(OPEN)
|  |
|  |--F89:PLAN FRAGMENT [RANDOM] hosts=10 instances=10
|  |  |  Per-Instance Resources: mem-estimate=420.60MB mem-reservation=409.00MB thread-reservation=1 runtime-filters-memory=1.00MB
|  |  |  max-parallelism=10 segment-costs=[838440]
|  |  JOIN BUILD
|  |  |  join-table-id=22 plan-id=23 cohort-id=07
|  |  |  build expressions: tpcds_partitioned_parquet_snap.item_0.i_item_sk
|  |  |  runtime filters: RF020[bloom] <- tpcds_partitioned_parquet_snap.item_0.i_item_sk, RF021[min_max] <- tpcds_partitioned_parquet_snap.item_0.i_item_sk
|  |  |  mem-estimate=408.00MB mem-reservation=408.00MB spill-buffer=2.00MB thread-reservation=0 cost=360000
|  |  |
|  |  105:EXCHANGE [BROADCAST]
|  |  |  mem-estimate=11.60MB mem-reservation=0B thread-reservation=0
|  |  |  tuple-ids=12 row-size=405B cardinality=360.00K cost=478440
|  |  |  in pipelines: 13(GETNEXT)
|  |  |
|  |  F07:PLAN FRAGMENT [RANDOM] hosts=4 instances=4
|  |  Per-Instance Resources: mem-estimate=17.60MB mem-reservation=512.00KB thread-reservation=1
|  |  max-parallelism=4 segment-costs=[1757529]
|  |  13:SCAN HDFS [tpcds_partitioned_parquet_snap.item, RANDOM]
|  |     HDFS partitions=1/1 files=1 size=33.54MB
|  |     stored statistics:
|  |       table: rows=360.00K size=33.54MB
|  |       columns: all
|  |     extrapolated-rows=disabled max-scan-range-rows=101.54K
|  |     mem-estimate=16.00MB mem-reservation=512.00KB thread-reservation=0
|  |     tuple-ids=12 row-size=405B cardinality=360.00K cost=1355609
|  |     in pipelines: 13(GETNEXT)
|  |
|  12:HASH JOIN [INNER JOIN, BROADCAST]
|  |  hash-table-id=23
|  |  hash predicates: tpcds_partitioned_parquet_snap.store_sales_0.ss_sold_date_sk = tpcds_partitioned_parquet_snap.date_dim_1.d_date_sk
|  |  fk/pk conjuncts: tpcds_partitioned_parquet_snap.store_sales_0.ss_sold_date_sk = tpcds_partitioned_parquet_snap.date_dim_1.d_date_sk
|  |  mem-estimate=0B mem-reservation=0B spill-buffer=128.00KB thread-reservation=0
|  |  tuple-ids=8,10 row-size=333B cardinality=8.64G(filtered from 8.64G) cost=3780592116
|  |  in pipelines: 10(GETNEXT), 11(OPEN)
|  |
|  |--F90:PLAN FRAGMENT [RANDOM] hosts=10 instances=10
|  |  |  Per-Instance Resources: mem-estimate=36.39MB mem-reservation=34.50MB thread-reservation=1
|  |  |  max-parallelism=10 segment-costs=[17005]
|  |  JOIN BUILD
|  |  |  join-table-id=23 plan-id=24 cohort-id=07
|  |  |  build expressions: tpcds_partitioned_parquet_snap.date_dim_1.d_date_sk
|  |  |  mem-estimate=34.50MB mem-reservation=34.50MB spill-buffer=128.00KB thread-reservation=0 cost=7305
|  |  |
|  |  104:EXCHANGE [BROADCAST]
|  |  |  mem-estimate=1.89MB mem-reservation=0B thread-reservation=0
|  |  |  tuple-ids=10 row-size=237B cardinality=7.30K cost=9700
|  |  |  in pipelines: 11(GETNEXT)
|  |  |
|  |  F06:PLAN FRAGMENT [RANDOM] hosts=1 instances=1
|  |  Per-Instance Resources: mem-estimate=16.94MB mem-reservation=4.00MB thread-reservation=1
|  |  max-parallelism=1 segment-costs=[119540]
|  |  11:SCAN HDFS [tpcds_partitioned_parquet_snap.date_dim, RANDOM]
|  |     HDFS partitions=1/1 files=1 size=2.17MB
|  |     predicates: tpcds_partitioned_parquet_snap.date_dim_1.d_year <= add(CAST(1998 AS INT), CAST(2 AS INT)), tpcds_partitioned_parquet_snap.date_dim_1.d_year >= CAST(1998 AS INT)
|  |     stored statistics:
|  |       table: rows=73.05K size=2.17MB
|  |       columns: all
|  |     extrapolated-rows=disabled max-scan-range-rows=73.05K
|  |     parquet statistics predicates: tpcds_partitioned_parquet_snap.date_dim_1.d_year <= add(CAST(1998 AS INT), CAST(2 AS INT)), tpcds_partitioned_parquet_snap.date_dim_1.d_year >= CAST(1998 AS INT)
|  |     parquet dictionary predicates: tpcds_partitioned_parquet_snap.date_dim_1.d_year <= add(CAST(1998 AS INT), CAST(2 AS INT)), tpcds_partitioned_parquet_snap.date_dim_1.d_year >= CAST(1998 AS INT)
|  |     mem-estimate=16.00MB mem-reservation=4.00MB thread-reservation=0
|  |     tuple-ids=10 row-size=237B cardinality=7.30K cost=114705
|  |     in pipelines: 11(GETNEXT)
|  |
|  10:SCAN HDFS [tpcds_partitioned_parquet_snap.store_sales, RANDOM]
|     HDFS partitions=1824/1824 files=1824 size=389.90GB
|     runtime filters: RF021[min_max] -> tpcds_partitioned_parquet_snap.store_sales_0.ss_item_sk, RF020[bloom] -> tpcds_partitioned_parquet_snap.store_sales_0.ss_item_sk
|     stored statistics:
|       table: rows=8.64G size=389.90GB
|       partitions: 1824/1824 rows=8.64G
|       columns: all
|     extrapolated-rows=disabled max-scan-range-rows=390.22M
|     mem-estimate=16.00MB mem-reservation=8.00MB thread-reservation=0
|     tuple-ids=8 row-size=96B cardinality=8.64G(filtered from 8.64G) cost=11943846410
|     in pipelines: 10(GETNEXT)
|
07:HASH JOIN [INNER JOIN, BROADCAST]
|  hash-table-id=28
|  hash predicates: tpcds_partitioned_parquet_snap.store_sales.ss_item_sk = tpcds_partitioned_parquet_snap.item.i_item_sk
|  fk/pk conjuncts: tpcds_partitioned_parquet_snap.store_sales.ss_item_sk = tpcds_partitioned_parquet_snap.item.i_item_sk
|  mem-estimate=0B mem-reservation=0B spill-buffer=2.00MB thread-reservation=0
|  tuple-ids=0,2,4,6 row-size=755B cardinality=33.14M cost=14510099
|  in pipelines: 00(GETNEXT), 06(OPEN)
|
|--F95:PLAN FRAGMENT [RANDOM] hosts=10 instances=10
|  |  Per-Instance Resources: mem-estimate=162.82MB mem-reservation=34.00MB thread-reservation=1
|  |  max-parallelism=10 segment-costs=[838440]
|  JOIN BUILD
|  |  join-table-id=28 plan-id=29 cohort-id=01
|  |  build expressions: tpcds_partitioned_parquet_snap.item.i_item_sk
|  |  runtime filters: RF009[min_max] <- tpcds_partitioned_parquet_snap.item.i_item_sk
|  |  mem-estimate=151.22MB mem-reservation=34.00MB spill-buffer=2.00MB thread-reservation=0 cost=360000
|  |
|  103:EXCHANGE [BROADCAST]
|  |  mem-estimate=11.60MB mem-reservation=0B thread-reservation=0
|  |  tuple-ids=6 row-size=405B cardinality=360.00K cost=478440
|  |  in pipelines: 06(GETNEXT)
|  |
|  F04:PLAN FRAGMENT [RANDOM] hosts=4 instances=4
|  Per-Instance Resources: mem-estimate=17.60MB mem-reservation=512.00KB thread-reservation=1
|  max-parallelism=4 segment-costs=[1757529]
|  06:SCAN HDFS [tpcds_partitioned_parquet_snap.item, RANDOM]
|     HDFS partitions=1/1 files=1 size=33.54MB
|     runtime filters: RF007[min_max] -> tpcds_partitioned_parquet_snap.item.i_item_sk, RF003[min_max] -> tpcds_partitioned_parquet_snap.item.i_brand_id, RF004[min_max] -> tpcds_partitioned_parquet_snap.item.i_category_id, RF005[min_max] -> tpcds_partitioned_parquet_snap.item.i_class_id
|     stored statistics:
|       table: rows=360.00K size=33.54MB
|       columns: all
|     extrapolated-rows=disabled max-scan-range-rows=101.54K
|     mem-estimate=16.00MB mem-reservation=512.00KB thread-reservation=0
|     tuple-ids=6 row-size=405B cardinality=360.00K cost=1355609
|     in pipelines: 06(GETNEXT)
|
05:HASH JOIN [INNER JOIN, BROADCAST]
|  hash-table-id=29
|  hash predicates: tpcds_partitioned_parquet_snap.store_sales.ss_sold_date_sk = tpcds_partitioned_parquet_snap.date_dim.d_date_sk
|  fk/pk conjuncts: tpcds_partitioned_parquet_snap.store_sales.ss_sold_date_sk = tpcds_partitioned_parquet_snap.date_dim.d_date_sk
|  mem-estimate=0B mem-reservation=0B spill-buffer=64.00KB thread-reservation=0
|  tuple-ids=0,2,4 row-size=349B cardinality=33.16M cost=14513102
|  in pipelines: 00(GETNEXT), 01(OPEN)
|
|--F96:PLAN FRAGMENT [RANDOM] hosts=10 instances=10
|  |  Per-Instance Resources: mem-estimate=2.95MB mem-reservation=2.94MB thread-reservation=1 runtime-filters-memory=1.00MB
|  |  max-parallelism=10 segment-costs=[7] cpu-comparison-result=11 [max(11 (self) vs 2 (sum children))]
|  JOIN BUILD
|  |  join-table-id=29 plan-id=30 cohort-id=01
|  |  build expressions: tpcds_partitioned_parquet_snap.date_dim.d_date_sk
|  |  runtime filters: RF010[bloom] <- tpcds_partitioned_parquet_snap.date_dim.d_date_sk
|  |  mem-estimate=1.94MB mem-reservation=1.94MB spill-buffer=64.00KB thread-reservation=0 cost=7
|  |
|  102:EXCHANGE [BROADCAST]
|  |  mem-estimate=16.00KB mem-reservation=0B thread-reservation=0
|  |  tuple-ids=2,4 row-size=253B cardinality=7 cost=0
|  |  in pipelines: 01(GETNEXT)
|  |
|  F01:PLAN FRAGMENT [RANDOM] hosts=1 instances=1
|  Per-Host Shared Resources: mem-estimate=1.00MB mem-reservation=1.00MB thread-reservation=0 runtime-filters-memory=1.00MB
|  Per-Instance Resources: mem-estimate=17.02MB mem-reservation=4.00MB thread-reservation=1
|  max-parallelism=1 segment-costs=[110608]
|  04:HASH JOIN [INNER JOIN, BROADCAST]
|  |  hash-table-id=30
|  |  hash predicates: tpcds_partitioned_parquet_snap.date_dim.d_week_seq = tpcds_partitioned_parquet_snap.date_dim_0.d_week_seq
|  |  fk/pk conjuncts: none
|  |  mem-estimate=0B mem-reservation=0B spill-buffer=64.00KB thread-reservation=0
|  |  tuple-ids=2,4 row-size=253B cardinality=7 cost=3
|  |  in pipelines: 01(GETNEXT), 03(OPEN)
|  |
|  |--F97:PLAN FRAGMENT [RANDOM] hosts=1 instances=1
|  |  |  Per-Instance Resources: mem-estimate=2.95MB mem-reservation=2.94MB thread-reservation=1 runtime-filters-memory=1.00MB
|  |  |  max-parallelism=1 segment-costs=[1] cpu-comparison-result=2 [max(1 (self) vs 2 (sum children))]
|  |  JOIN BUILD
|  |  |  join-table-id=30 plan-id=31 cohort-id=08
|  |  |  build expressions: tpcds_partitioned_parquet_snap.date_dim_0.d_week_seq
|  |  |  runtime filters: RF012[bloom] <- tpcds_partitioned_parquet_snap.date_dim_0.d_week_seq, RF013[min_max] <- tpcds_partitioned_parquet_snap.date_dim_0.d_week_seq
|  |  |  mem-estimate=1.94MB mem-reservation=1.94MB spill-buffer=64.00KB thread-reservation=0 cost=1
|  |  |
|  |  101:EXCHANGE [BROADCAST]
|  |  |  mem-estimate=16.00KB mem-reservation=0B thread-reservation=0
|  |  |  tuple-ids=4 row-size=16B cardinality=1 cost=0
|  |  |  in pipelines: 03(GETNEXT)
|  |  |
|  |  F03:PLAN FRAGMENT [UNPARTITIONED] hosts=1 instances=1
|  |  Per-Instance Resources: mem-estimate=80.00KB mem-reservation=0B thread-reservation=1
|  |  max-parallelism=1 segment-costs=[5, 0]
|  |  03:CARDINALITY CHECK
|  |  |  limit: 1
|  |  |  mem-estimate=0B mem-reservation=0B thread-reservation=0
|  |  |  tuple-ids=4 row-size=16B cardinality=1 cost=0
|  |  |  in pipelines: 03(GETNEXT), 02(OPEN)
|  |  |
|  |  100:EXCHANGE [UNPARTITIONED]
|  |  |  limit: 2
|  |  |  mem-estimate=16.00KB mem-reservation=0B thread-reservation=0
|  |  |  tuple-ids=4 row-size=16B cardinality=2 cost=5
|  |  |  in pipelines: 02(GETNEXT)
|  |  |
|  |  F02:PLAN FRAGMENT [RANDOM] hosts=1 instances=1
|  |  Per-Instance Resources: mem-estimate=16.08MB mem-reservation=512.00KB thread-reservation=1
|  |  max-parallelism=1 segment-costs=[22991]
|  |  02:SCAN HDFS [tpcds_partitioned_parquet_snap.date_dim, RANDOM]
|  |     HDFS partitions=1/1 files=1 size=2.17MB
|  |     predicates: tpcds_partitioned_parquet_snap.date_dim_0.d_year = add(CAST(1998 AS INT), CAST(1 AS INT)), tpcds_partitioned_parquet_snap.date_dim_0.d_dom = CAST(20 AS INT), tpcds_partitioned_parquet_snap.date_dim_0.d_moy = CAST(12 AS INT)
|  |     stored statistics:
|  |       table: rows=73.05K size=2.17MB
|  |       columns: all
|  |     extrapolated-rows=disabled max-scan-range-rows=73.05K
|  |     parquet statistics predicates: tpcds_partitioned_parquet_snap.date_dim_0.d_year = add(CAST(1998 AS INT), CAST(1 AS INT)), tpcds_partitioned_parquet_snap.date_dim_0.d_dom = CAST(20 AS INT), tpcds_partitioned_parquet_snap.date_dim_0.d_moy = CAST(12 AS INT)
|  |     parquet dictionary predicates: tpcds_partitioned_parquet_snap.date_dim_0.d_year = add(CAST(1998 AS INT), CAST(1 AS INT)), tpcds_partitioned_parquet_snap.date_dim_0.d_dom = CAST(20 AS INT), tpcds_partitioned_parquet_snap.date_dim_0.d_moy = CAST(12 AS INT)
|  |     limit: 2
|  |     mem-estimate=16.00MB mem-reservation=512.00KB thread-reservation=0
|  |     tuple-ids=4 row-size=16B cardinality=29 cost=22988
|  |     in pipelines: 02(GETNEXT)
|  |
|  01:SCAN HDFS [tpcds_partitioned_parquet_snap.date_dim, RANDOM]
|     HDFS partitions=1/1 files=1 size=2.17MB
|     runtime filters: RF013[min_max] -> tpcds_partitioned_parquet_snap.date_dim.d_week_seq, RF012[bloom] -> tpcds_partitioned_parquet_snap.date_dim.d_week_seq
|     stored statistics:
|       table: rows=73.05K size=2.17MB
|       columns: all
|     extrapolated-rows=disabled max-scan-range-rows=73.05K
|     mem-estimate=16.00MB mem-reservation=4.00MB thread-reservation=0
|     tuple-ids=2 row-size=237B cardinality=7(filtered from 73.05K) cost=110600
|     in pipelines: 01(GETNEXT)
|
00:SCAN HDFS [tpcds_partitioned_parquet_snap.store_sales, RANDOM]
   HDFS partitions=1824/1824 files=1824 size=389.90GB
   runtime filters: RF007[min_max] -> tpcds_partitioned_parquet_snap.store_sales.ss_item_sk, RF009[min_max] -> tpcds_partitioned_parquet_snap.store_sales.ss_item_sk, RF010[bloom] -> tpcds_partitioned_parquet_snap.store_sales.ss_sold_date_sk
   stored statistics:
     table: rows=8.64G size=389.90GB
     partitions: 1824/1824 rows=8.64G
     columns: all
   extrapolated-rows=disabled max-scan-range-rows=390.22M est-scan-range=7(filtered from 1824)
   mem-estimate=16.00MB mem-reservation=8.00MB thread-reservation=0
   tuple-ids=0 row-size=96B cardinality=33.16M(filtered from 8.64G) cost=45837131
   in pipelines: 00(GETNEXT)
====
