# TPCDS-Q15
# start query 15 in stream 0 using template query15.tpl using seed 1723782992
select  ca_zip
       ,sum(cs_sales_price)
 from catalog_sales
     ,customer
     ,customer_address
     ,date_dim
 where cs_bill_customer_sk = c_customer_sk
 	and c_current_addr_sk = ca_address_sk
 	and ( substr(ca_zip,1,5) in ('85669', '86197','88274','83405','86475',
                                   '85392', '85460', '80348', '81792')
 	      or ca_state in ('CA','WA','GA')
 	      or cs_sales_price > 500)
 	and cs_sold_date_sk = d_date_sk
 	and d_qoy = 1 and d_year = 2000
 group by ca_zip
 order by ca_zip
 limit 100

# end query 15 in stream 0 using template query15.tpl
---- PLAN
Max Per-Host Resource Reservation: Memory=108.94MB Threads=1
Per-Host Resource Estimates: Memory=16.62GB
F00:PLAN FRAGMENT [UNPARTITIONED] hosts=1 instances=1
|  Per-Instance Resources: mem-estimate=16.62GB mem-reservation=108.94MB thread-reservation=1 runtime-filters-memory=33.00MB
|  max-parallelism=1 segment-costs=[1523866212, 76337, 200]
PLAN-ROOT SINK
|  output exprs: tpcds_partitioned_parquet_snap.customer_address.ca_zip, sum(tpcds_partitioned_parquet_snap.catalog_sales.cs_sales_price)
|  mem-estimate=4.00MB mem-reservation=4.00MB spill-buffer=2.00MB thread-reservation=0 cost=200
|
08:TOP-N [LIMIT=100]
|  order by: tpcds_partitioned_parquet_snap.customer_address.ca_zip ASC NULLS LAST
|  mem-estimate=3.22KB mem-reservation=0B thread-reservation=0
|  tuple-ids=9 row-size=33B cardinality=100 cost=76337
|  in pipelines: 08(GETNEXT), 07(OPEN)
|
07:AGGREGATE [FINALIZE]
|  output: sum(tpcds_partitioned_parquet_snap.catalog_sales.cs_sales_price)
|  group by: tpcds_partitioned_parquet_snap.customer_address.ca_zip
|  mem-estimate=10.00MB mem-reservation=1.94MB spill-buffer=64.00KB thread-reservation=0
|  tuple-ids=8 row-size=33B cardinality=10.17K cost=128390167
|  in pipelines: 07(GETNEXT), 03(OPEN)
|
06:HASH JOIN [INNER JOIN]
|  hash predicates: tpcds_partitioned_parquet_snap.catalog_sales.cs_bill_customer_sk = tpcds_partitioned_parquet_snap.customer.c_customer_sk
|  fk/pk conjuncts: none
|  other join predicates: substr(tpcds_partitioned_parquet_snap.customer_address.ca_zip, CAST(1 AS BIGINT), CAST(5 AS BIGINT)) = '85669' OR substr(tpcds_partitioned_parquet_snap.customer_address.ca_zip, CAST(1 AS BIGINT), CAST(5 AS BIGINT)) = '86197' OR substr(tpcds_partitioned_parquet_snap.customer_address.ca_zip, CAST(1 AS BIGINT), CAST(5 AS BIGINT)) = '88274' OR substr(tpcds_partitioned_parquet_snap.customer_address.ca_zip, CAST(1 AS BIGINT), CAST(5 AS BIGINT)) = '83405' OR substr(tpcds_partitioned_parquet_snap.customer_address.ca_zip, CAST(1 AS BIGINT), CAST(5 AS BIGINT)) = '86475' OR substr(tpcds_partitioned_parquet_snap.customer_address.ca_zip, CAST(1 AS BIGINT), CAST(5 AS BIGINT)) = '85392' OR substr(tpcds_partitioned_parquet_snap.customer_address.ca_zip, CAST(1 AS BIGINT), CAST(5 AS BIGINT)) = '85460' OR substr(tpcds_partitioned_parquet_snap.customer_address.ca_zip, CAST(1 AS BIGINT), CAST(5 AS BIGINT)) = '80348' OR substr(tpcds_partitioned_parquet_snap.customer_address.ca_zip, CAST(1 AS BIGINT), CAST(5 AS BIGINT)) = '81792' OR tpcds_partitioned_parquet_snap.customer_address.ca_state = 'CA' OR tpcds_partitioned_parquet_snap.customer_address.ca_state = 'GA' OR tpcds_partitioned_parquet_snap.customer_address.ca_state = 'WA' OR tpcds_partitioned_parquet_snap.catalog_sales.cs_sales_price > CAST(500 AS DECIMAL(5,0))
|  runtime filters: RF000[bloom] <- tpcds_partitioned_parquet_snap.customer.c_customer_sk, RF001[min_max] <- tpcds_partitioned_parquet_snap.customer.c_customer_sk
|  mem-estimate=12.93GB mem-reservation=34.00MB spill-buffer=2.00MB thread-reservation=0
|  tuple-ids=4,6,0,2 row-size=813B cardinality=438.85M cost=222084682
|  in pipelines: 03(GETNEXT), 00(OPEN)
|
|--02:HASH JOIN [INNER JOIN]
|  |  hash predicates: tpcds_partitioned_parquet_snap.customer.c_current_addr_sk = tpcds_partitioned_parquet_snap.customer_address.ca_address_sk
|  |  fk/pk conjuncts: tpcds_partitioned_parquet_snap.customer.c_current_addr_sk = tpcds_partitioned_parquet_snap.customer_address.ca_address_sk
|  |  runtime filters: RF004[bloom] <- tpcds_partitioned_parquet_snap.customer_address.ca_address_sk, RF005[min_max] <- tpcds_partitioned_parquet_snap.customer_address.ca_address_sk
|  |  mem-estimate=3.61GB mem-reservation=34.00MB spill-buffer=2.00MB thread-reservation=0
|  |  tuple-ids=0,2 row-size=436B cardinality=30.00M cost=28131000
|  |  in pipelines: 00(GETNEXT), 01(OPEN)
|  |
|  |--01:SCAN HDFS [tpcds_partitioned_parquet_snap.customer_address]
|  |     HDFS partitions=1/1 files=1 size=307.36MB
|  |     stored statistics:
|  |       table: rows=15.00M size=307.36MB
|  |       columns: all
|  |     extrapolated-rows=disabled max-scan-range-rows=1.58M
|  |     mem-estimate=16.00MB mem-reservation=128.00KB thread-reservation=0
|  |     tuple-ids=2 row-size=232B cardinality=15.00M cost=21515206
|  |     in pipelines: 01(GETNEXT)
|  |
|  00:SCAN HDFS [tpcds_partitioned_parquet_snap.customer]
|     HDFS partitions=1/1 files=1 size=1.55GB
|     runtime filters: RF005[min_max] -> tpcds_partitioned_parquet_snap.customer.c_current_addr_sk, RF004[bloom] -> tpcds_partitioned_parquet_snap.customer.c_current_addr_sk
|     stored statistics:
|       table: rows=30.00M size=1.55GB
|       columns: all
|     extrapolated-rows=disabled max-scan-range-rows=3.10M
|     mem-estimate=16.00MB mem-reservation=1.00MB thread-reservation=0
|     tuple-ids=0 row-size=204B cardinality=30.00M cost=46823813
|     in pipelines: 00(GETNEXT)
|
05:HASH JOIN [INNER JOIN]
|  hash predicates: tpcds_partitioned_parquet_snap.catalog_sales.cs_sold_date_sk = tpcds_partitioned_parquet_snap.date_dim.d_date_sk
|  fk/pk conjuncts: tpcds_partitioned_parquet_snap.catalog_sales.cs_sold_date_sk = tpcds_partitioned_parquet_snap.date_dim.d_date_sk
|  runtime filters: RF002[bloom] <- tpcds_partitioned_parquet_snap.date_dim.d_date_sk
|  mem-estimate=1.94MB mem-reservation=1.94MB spill-buffer=64.00KB thread-reservation=0
|  tuple-ids=4,6 row-size=377B cardinality=438.85M cost=192084868
|  in pipelines: 03(GETNEXT), 04(OPEN)
|
|--04:SCAN HDFS [tpcds_partitioned_parquet_snap.date_dim]
|     HDFS partitions=1/1 files=1 size=2.17MB
|     predicates: tpcds_partitioned_parquet_snap.date_dim.d_year = CAST(2000 AS INT), tpcds_partitioned_parquet_snap.date_dim.d_qoy = CAST(1 AS INT)
|     stored statistics:
|       table: rows=73.05K size=2.17MB
|       columns: all
|     extrapolated-rows=disabled max-scan-range-rows=73.05K
|     parquet statistics predicates: tpcds_partitioned_parquet_snap.date_dim.d_year = CAST(2000 AS INT), tpcds_partitioned_parquet_snap.date_dim.d_qoy = CAST(1 AS INT)
|     parquet dictionary predicates: tpcds_partitioned_parquet_snap.date_dim.d_year = CAST(2000 AS INT), tpcds_partitioned_parquet_snap.date_dim.d_qoy = CAST(1 AS INT)
|     mem-estimate=16.00MB mem-reservation=4.00MB thread-reservation=0
|     tuple-ids=6 row-size=237B cardinality=186 cost=114705
|     in pipelines: 04(GETNEXT)
|
03:SCAN HDFS [tpcds_partitioned_parquet_snap.catalog_sales]
   HDFS partitions=1831/1831 files=1831 size=280.96GB
   runtime filters: RF001[min_max] -> tpcds_partitioned_parquet_snap.catalog_sales.cs_bill_customer_sk, RF000[bloom] -> tpcds_partitioned_parquet_snap.catalog_sales.cs_bill_customer_sk, RF002[bloom] -> tpcds_partitioned_parquet_snap.catalog_sales.cs_sold_date_sk
   stored statistics:
     table: rows=4.32G size=280.96GB
     partitions: 1831/1831 rows=4.32G
     columns: all
   extrapolated-rows=disabled max-scan-range-rows=21.52M est-scan-range=187(filtered from 1831)
   mem-estimate=16.00MB mem-reservation=1.00MB thread-reservation=0
   tuple-ids=4 row-size=140B cardinality=438.85M(filtered from 4.32G) cost=884721771
   in pipelines: 03(GETNEXT)
---- DISTRIBUTEDPLAN
Max Per-Host Resource Reservation: Memory=386.31MB Threads=30
Per-Host Resource Estimates: Memory=3.12GB
F07:PLAN FRAGMENT [UNPARTITIONED] hosts=1 instances=1
|  Per-Instance Resources: mem-estimate=4.04MB mem-reservation=4.00MB thread-reservation=1
|  max-parallelism=1 segment-costs=[231] cpu-comparison-result=150 [max(1 (self) vs 150 (sum children))]
PLAN-ROOT SINK
|  output exprs: tpcds_partitioned_parquet_snap.customer_address.ca_zip, sum(tpcds_partitioned_parquet_snap.catalog_sales.cs_sales_price)
|  mem-estimate=4.00MB mem-reservation=4.00MB spill-buffer=2.00MB thread-reservation=0 cost=200
|
16:MERGING-EXCHANGE [UNPARTITIONED]
|  order by: tpcds_partitioned_parquet_snap.customer_address.ca_zip ASC NULLS LAST
|  limit: 100
|  mem-estimate=36.46KB mem-reservation=0B thread-reservation=0
|  tuple-ids=9 row-size=33B cardinality=100 cost=31
|  in pipelines: 08(GETNEXT)
|
F06:PLAN FRAGMENT [HASH(tpcds_partitioned_parquet_snap.customer_address.ca_zip)] hosts=10 instances=10 (adjusted from 120)
Per-Instance Resources: mem-estimate=14.93MB mem-reservation=1.94MB thread-reservation=1
max-parallelism=10 segment-costs=[704393, 76337, 117] cpu-comparison-result=150 [max(10 (self) vs 150 (sum children))]
08:TOP-N [LIMIT=100]
|  order by: tpcds_partitioned_parquet_snap.customer_address.ca_zip ASC NULLS LAST
|  mem-estimate=3.22KB mem-reservation=0B thread-reservation=0
|  tuple-ids=9 row-size=33B cardinality=100 cost=76337
|  in pipelines: 08(GETNEXT), 15(OPEN)
|
15:AGGREGATE [FINALIZE]
|  output: sum:merge(tpcds_partitioned_parquet_snap.catalog_sales.cs_sales_price)
|  group by: tpcds_partitioned_parquet_snap.customer_address.ca_zip
|  mem-estimate=10.00MB mem-reservation=1.94MB spill-buffer=64.00KB thread-reservation=0
|  tuple-ids=8 row-size=33B cardinality=10.17K cost=383519
|  in pipelines: 15(GETNEXT), 03(OPEN)
|
14:EXCHANGE [HASH(tpcds_partitioned_parquet_snap.customer_address.ca_zip)]
|  mem-estimate=4.93MB mem-reservation=0B thread-reservation=0
|  tuple-ids=8 row-size=33B cardinality=1.22M cost=320874
|  in pipelines: 03(GETNEXT)
|
F05:PLAN FRAGMENT [HASH(tpcds_partitioned_parquet_snap.catalog_sales.cs_bill_customer_sk)] hosts=10 instances=30 (adjusted from 120)
Per-Instance Resources: mem-estimate=66.58MB mem-reservation=2.00MB thread-reservation=1
max-parallelism=120 segment-costs=[1149878594, 3222661] cpu-comparison-result=150 [max(150 (self) vs 81 (sum children))]
07:AGGREGATE [STREAMING]
|  output: sum(tpcds_partitioned_parquet_snap.catalog_sales.cs_sales_price)
|  group by: tpcds_partitioned_parquet_snap.customer_address.ca_zip
|  mem-estimate=10.00MB mem-reservation=2.00MB spill-buffer=64.00KB thread-reservation=0
|  tuple-ids=8 row-size=33B cardinality=1.22M cost=131545789
|  in pipelines: 03(GETNEXT)
|
06:HASH JOIN [INNER JOIN, PARTITIONED]
|  hash-table-id=00
|  hash predicates: tpcds_partitioned_parquet_snap.catalog_sales.cs_bill_customer_sk = tpcds_partitioned_parquet_snap.customer.c_customer_sk
|  fk/pk conjuncts: none
|  other join predicates: substr(tpcds_partitioned_parquet_snap.customer_address.ca_zip, CAST(1 AS BIGINT), CAST(5 AS BIGINT)) = '85669' OR substr(tpcds_partitioned_parquet_snap.customer_address.ca_zip, CAST(1 AS BIGINT), CAST(5 AS BIGINT)) = '86197' OR substr(tpcds_partitioned_parquet_snap.customer_address.ca_zip, CAST(1 AS BIGINT), CAST(5 AS BIGINT)) = '88274' OR substr(tpcds_partitioned_parquet_snap.customer_address.ca_zip, CAST(1 AS BIGINT), CAST(5 AS BIGINT)) = '83405' OR substr(tpcds_partitioned_parquet_snap.customer_address.ca_zip, CAST(1 AS BIGINT), CAST(5 AS BIGINT)) = '86475' OR substr(tpcds_partitioned_parquet_snap.customer_address.ca_zip, CAST(1 AS BIGINT), CAST(5 AS BIGINT)) = '85392' OR substr(tpcds_partitioned_parquet_snap.customer_address.ca_zip, CAST(1 AS BIGINT), CAST(5 AS BIGINT)) = '85460' OR substr(tpcds_partitioned_parquet_snap.customer_address.ca_zip, CAST(1 AS BIGINT), CAST(5 AS BIGINT)) = '80348' OR substr(tpcds_partitioned_parquet_snap.customer_address.ca_zip, CAST(1 AS BIGINT), CAST(5 AS BIGINT)) = '81792' OR tpcds_partitioned_parquet_snap.customer_address.ca_state = 'CA' OR tpcds_partitioned_parquet_snap.customer_address.ca_state = 'GA' OR tpcds_partitioned_parquet_snap.customer_address.ca_state = 'WA' OR tpcds_partitioned_parquet_snap.catalog_sales.cs_sales_price > CAST(500 AS DECIMAL(5,0))
|  mem-estimate=0B mem-reservation=0B spill-buffer=2.00MB thread-reservation=0
|  tuple-ids=4,6,0,2 row-size=813B cardinality=438.85M cost=192084682
|  in pipelines: 03(GETNEXT), 00(OPEN)
|
|--F08:PLAN FRAGMENT [HASH(tpcds_partitioned_parquet_snap.catalog_sales.cs_bill_customer_sk)] hosts=10 instances=30 (adjusted from 120)
|  |  Per-Instance Resources: mem-estimate=480.41MB mem-reservation=50.00MB thread-reservation=1 runtime-filters-memory=16.00MB
|  |  max-parallelism=120 segment-costs=[94604435] cpu-comparison-result=70 [max(70 (self) vs 40 (sum children))]
|  JOIN BUILD
|  |  join-table-id=00 plan-id=01 cohort-id=01
|  |  build expressions: tpcds_partitioned_parquet_snap.customer.c_customer_sk
|  |  runtime filters: RF000[bloom] <- tpcds_partitioned_parquet_snap.customer.c_customer_sk, RF001[min_max] <- tpcds_partitioned_parquet_snap.customer.c_customer_sk
|  |  mem-estimate=441.40MB mem-reservation=34.00MB spill-buffer=2.00MB thread-reservation=0 cost=30000000
|  |
|  13:EXCHANGE [HASH(tpcds_partitioned_parquet_snap.customer.c_customer_sk)]
|  |  mem-estimate=23.01MB mem-reservation=0B thread-reservation=0
|  |  tuple-ids=0,2 row-size=436B cardinality=30.00M cost=64604435
|  |  in pipelines: 00(GETNEXT)
|  |
|  F04:PLAN FRAGMENT [HASH(tpcds_partitioned_parquet_snap.customer.c_current_addr_sk)] hosts=10 instances=30 (adjusted from 10)
|  Per-Instance Resources: mem-estimate=64.07MB mem-reservation=0B thread-reservation=1
|  max-parallelism=100 segment-costs=[917925706]
|  02:HASH JOIN [INNER JOIN, PARTITIONED]
|  |  hash-table-id=01
|  |  hash predicates: tpcds_partitioned_parquet_snap.customer.c_current_addr_sk = tpcds_partitioned_parquet_snap.customer_address.ca_address_sk
|  |  fk/pk conjuncts: tpcds_partitioned_parquet_snap.customer.c_current_addr_sk = tpcds_partitioned_parquet_snap.customer_address.ca_address_sk
|  |  mem-estimate=0B mem-reservation=0B spill-buffer=2.00MB thread-reservation=0
|  |  tuple-ids=0,2 row-size=436B cardinality=30.00M cost=13131000
|  |  in pipelines: 00(GETNEXT), 01(OPEN)
|  |
|  |--F09:PLAN FRAGMENT [HASH(tpcds_partitioned_parquet_snap.customer.c_current_addr_sk)] hosts=10 instances=30 (adjusted from 10)
|  |  |  Per-Instance Resources: mem-estimate=151.54MB mem-reservation=50.00MB thread-reservation=1 runtime-filters-memory=16.00MB
|  |  |  max-parallelism=100 segment-costs=[32647413]
|  |  JOIN BUILD
|  |  |  join-table-id=01 plan-id=02 cohort-id=02
|  |  |  build expressions: tpcds_partitioned_parquet_snap.customer_address.ca_address_sk
|  |  |  runtime filters: RF004[bloom] <- tpcds_partitioned_parquet_snap.customer_address.ca_address_sk, RF005[min_max] <- tpcds_partitioned_parquet_snap.customer_address.ca_address_sk
|  |  |  mem-estimate=123.24MB mem-reservation=34.00MB spill-buffer=2.00MB thread-reservation=0 cost=15000000
|  |  |
|  |  11:EXCHANGE [HASH(tpcds_partitioned_parquet_snap.customer_address.ca_address_sk)]
|  |  |  mem-estimate=12.30MB mem-reservation=0B thread-reservation=0
|  |  |  tuple-ids=2 row-size=232B cardinality=15.00M cost=17647413
|  |  |  in pipelines: 01(GETNEXT)
|  |  |
|  |  F03:PLAN FRAGMENT [RANDOM] hosts=10 instances=10
|  |  Per-Instance Resources: mem-estimate=43.61MB mem-reservation=128.00KB thread-reservation=1
|  |  max-parallelism=10 segment-costs=[252975990]
|  |  01:SCAN HDFS [tpcds_partitioned_parquet_snap.customer_address, RANDOM]
|  |     HDFS partitions=1/1 files=1 size=307.36MB
|  |     stored statistics:
|  |       table: rows=15.00M size=307.36MB
|  |       columns: all
|  |     extrapolated-rows=disabled max-scan-range-rows=1.58M
|  |     mem-estimate=16.00MB mem-reservation=128.00KB thread-reservation=0
|  |     tuple-ids=2 row-size=232B cardinality=15.00M cost=21515206
|  |     in pipelines: 01(GETNEXT)
|  |
|  10:EXCHANGE [HASH(tpcds_partitioned_parquet_snap.customer.c_current_addr_sk)]
|  |  mem-estimate=12.04MB mem-reservation=0B thread-reservation=0
|  |  tuple-ids=0 row-size=204B cardinality=30.00M cost=31538607
|  |  in pipelines: 00(GETNEXT)
|  |
|  F02:PLAN FRAGMENT [RANDOM] hosts=10 instances=10
|  Per-Host Shared Resources: mem-estimate=16.00MB mem-reservation=16.00MB thread-reservation=0 runtime-filters-memory=16.00MB
|  Per-Instance Resources: mem-estimate=40.42MB mem-reservation=1.00MB thread-reservation=1
|  max-parallelism=10 segment-costs=[457158314]
|  00:SCAN HDFS [tpcds_partitioned_parquet_snap.customer, RANDOM]
|     HDFS partitions=1/1 files=1 size=1.55GB
|     runtime filters: RF005[min_max] -> tpcds_partitioned_parquet_snap.customer.c_current_addr_sk, RF004[bloom] -> tpcds_partitioned_parquet_snap.customer.c_current_addr_sk
|     stored statistics:
|       table: rows=30.00M size=1.55GB
|       columns: all
|     extrapolated-rows=disabled max-scan-range-rows=3.10M
|     mem-estimate=16.00MB mem-reservation=1.00MB thread-reservation=0
|     tuple-ids=0 row-size=204B cardinality=30.00M cost=46823813
|     in pipelines: 00(GETNEXT)
|
12:EXCHANGE [HASH(tpcds_partitioned_parquet_snap.catalog_sales.cs_bill_customer_sk)]
|  mem-estimate=55.13MB mem-reservation=0B thread-reservation=0
|  tuple-ids=4,6 row-size=377B cardinality=438.85M cost=826248123
|  in pipelines: 03(GETNEXT)
|
F00:PLAN FRAGMENT [RANDOM] hosts=10 instances=120
Per-Host Shared Resources: mem-estimate=17.00MB mem-reservation=17.00MB thread-reservation=0 runtime-filters-memory=17.00MB
Per-Instance Resources: mem-estimate=61.13MB mem-reservation=1.00MB thread-reservation=1
max-parallelism=187 segment-costs=[12187788321]
05:HASH JOIN [INNER JOIN, BROADCAST]
|  hash-table-id=02
|  hash predicates: tpcds_partitioned_parquet_snap.catalog_sales.cs_sold_date_sk = tpcds_partitioned_parquet_snap.date_dim.d_date_sk
|  fk/pk conjuncts: tpcds_partitioned_parquet_snap.catalog_sales.cs_sold_date_sk = tpcds_partitioned_parquet_snap.date_dim.d_date_sk
|  mem-estimate=0B mem-reservation=0B spill-buffer=64.00KB thread-reservation=0
|  tuple-ids=4,6 row-size=377B cardinality=438.85M cost=192084682
|  in pipelines: 03(GETNEXT), 04(OPEN)
|
|--F10:PLAN FRAGMENT [RANDOM] hosts=10 instances=10
|  |  Per-Instance Resources: mem-estimate=24.33MB mem-reservation=24.25MB thread-reservation=1 runtime-filters-memory=1.00MB
|  |  max-parallelism=10 segment-costs=[426]
|  JOIN BUILD
|  |  join-table-id=02 plan-id=03 cohort-id=01
|  |  build expressions: tpcds_partitioned_parquet_snap.date_dim.d_date_sk
|  |  runtime filters: RF002[bloom] <- tpcds_partitioned_parquet_snap.date_dim.d_date_sk
|  |  mem-estimate=23.25MB mem-reservation=23.25MB spill-buffer=64.00KB thread-reservation=0 cost=186
|  |
|  09:EXCHANGE [BROADCAST]
|  |  mem-estimate=86.88KB mem-reservation=0B thread-reservation=0
|  |  tuple-ids=6 row-size=237B cardinality=186 cost=240
|  |  in pipelines: 04(GETNEXT)
|  |
|  F01:PLAN FRAGMENT [RANDOM] hosts=1 instances=1
|  Per-Instance Resources: mem-estimate=16.94MB mem-reservation=4.00MB thread-reservation=1
|  max-parallelism=1 segment-costs=[114828]
|  04:SCAN HDFS [tpcds_partitioned_parquet_snap.date_dim, RANDOM]
|     HDFS partitions=1/1 files=1 size=2.17MB
|     predicates: tpcds_partitioned_parquet_snap.date_dim.d_year = CAST(2000 AS INT), tpcds_partitioned_parquet_snap.date_dim.d_qoy = CAST(1 AS INT)
|     stored statistics:
|       table: rows=73.05K size=2.17MB
|       columns: all
|     extrapolated-rows=disabled max-scan-range-rows=73.05K
|     parquet statistics predicates: tpcds_partitioned_parquet_snap.date_dim.d_year = CAST(2000 AS INT), tpcds_partitioned_parquet_snap.date_dim.d_qoy = CAST(1 AS INT)
|     parquet dictionary predicates: tpcds_partitioned_parquet_snap.date_dim.d_year = CAST(2000 AS INT), tpcds_partitioned_parquet_snap.date_dim.d_qoy = CAST(1 AS INT)
|     mem-estimate=16.00MB mem-reservation=4.00MB thread-reservation=0
|     tuple-ids=6 row-size=237B cardinality=186 cost=114705
|     in pipelines: 04(GETNEXT)
|
03:SCAN HDFS [tpcds_partitioned_parquet_snap.catalog_sales, RANDOM]
   HDFS partitions=1831/1831 files=1831 size=280.96GB
   runtime filters: RF001[min_max] -> tpcds_partitioned_parquet_snap.catalog_sales.cs_bill_customer_sk, RF000[bloom] -> tpcds_partitioned_parquet_snap.catalog_sales.cs_bill_customer_sk, RF002[bloom] -> tpcds_partitioned_parquet_snap.catalog_sales.cs_sold_date_sk
   stored statistics:
     table: rows=4.32G size=280.96GB
     partitions: 1831/1831 rows=4.32G
     columns: all
   extrapolated-rows=disabled max-scan-range-rows=21.52M est-scan-range=187(filtered from 1831)
   mem-estimate=16.00MB mem-reservation=1.00MB thread-reservation=0
   tuple-ids=4 row-size=140B cardinality=438.85M(filtered from 4.32G) cost=884721771
   in pipelines: 03(GETNEXT)
---- PARALLELPLANS
Max Per-Host Resource Reservation: Memory=386.31MB Threads=30
Per-Host Resource Estimates: Memory=3.12GB
F07:PLAN FRAGMENT [UNPARTITIONED] hosts=1 instances=1
|  Per-Instance Resources: mem-estimate=4.04MB mem-reservation=4.00MB thread-reservation=1
|  max-parallelism=1 segment-costs=[231] cpu-comparison-result=150 [max(1 (self) vs 150 (sum children))]
PLAN-ROOT SINK
|  output exprs: tpcds_partitioned_parquet_snap.customer_address.ca_zip, sum(tpcds_partitioned_parquet_snap.catalog_sales.cs_sales_price)
|  mem-estimate=4.00MB mem-reservation=4.00MB spill-buffer=2.00MB thread-reservation=0 cost=200
|
16:MERGING-EXCHANGE [UNPARTITIONED]
|  order by: tpcds_partitioned_parquet_snap.customer_address.ca_zip ASC NULLS LAST
|  limit: 100
|  mem-estimate=36.46KB mem-reservation=0B thread-reservation=0
|  tuple-ids=9 row-size=33B cardinality=100 cost=31
|  in pipelines: 08(GETNEXT)
|
F06:PLAN FRAGMENT [HASH(tpcds_partitioned_parquet_snap.customer_address.ca_zip)] hosts=10 instances=10 (adjusted from 120)
Per-Instance Resources: mem-estimate=14.93MB mem-reservation=1.94MB thread-reservation=1
max-parallelism=10 segment-costs=[704393, 76337, 117] cpu-comparison-result=150 [max(10 (self) vs 150 (sum children))]
08:TOP-N [LIMIT=100]
|  order by: tpcds_partitioned_parquet_snap.customer_address.ca_zip ASC NULLS LAST
|  mem-estimate=3.22KB mem-reservation=0B thread-reservation=0
|  tuple-ids=9 row-size=33B cardinality=100 cost=76337
|  in pipelines: 08(GETNEXT), 15(OPEN)
|
15:AGGREGATE [FINALIZE]
|  output: sum:merge(tpcds_partitioned_parquet_snap.catalog_sales.cs_sales_price)
|  group by: tpcds_partitioned_parquet_snap.customer_address.ca_zip
|  mem-estimate=10.00MB mem-reservation=1.94MB spill-buffer=64.00KB thread-reservation=0
|  tuple-ids=8 row-size=33B cardinality=10.17K cost=383519
|  in pipelines: 15(GETNEXT), 03(OPEN)
|
14:EXCHANGE [HASH(tpcds_partitioned_parquet_snap.customer_address.ca_zip)]
|  mem-estimate=4.93MB mem-reservation=0B thread-reservation=0
|  tuple-ids=8 row-size=33B cardinality=1.22M cost=320874
|  in pipelines: 03(GETNEXT)
|
F05:PLAN FRAGMENT [HASH(tpcds_partitioned_parquet_snap.catalog_sales.cs_bill_customer_sk)] hosts=10 instances=30 (adjusted from 120)
Per-Instance Resources: mem-estimate=66.58MB mem-reservation=2.00MB thread-reservation=1
max-parallelism=120 segment-costs=[1149878594, 3222661] cpu-comparison-result=150 [max(150 (self) vs 81 (sum children))]
07:AGGREGATE [STREAMING]
|  output: sum(tpcds_partitioned_parquet_snap.catalog_sales.cs_sales_price)
|  group by: tpcds_partitioned_parquet_snap.customer_address.ca_zip
|  mem-estimate=10.00MB mem-reservation=2.00MB spill-buffer=64.00KB thread-reservation=0
|  tuple-ids=8 row-size=33B cardinality=1.22M cost=131545789
|  in pipelines: 03(GETNEXT)
|
06:HASH JOIN [INNER JOIN, PARTITIONED]
|  hash-table-id=00
|  hash predicates: tpcds_partitioned_parquet_snap.catalog_sales.cs_bill_customer_sk = tpcds_partitioned_parquet_snap.customer.c_customer_sk
|  fk/pk conjuncts: none
|  other join predicates: substr(tpcds_partitioned_parquet_snap.customer_address.ca_zip, CAST(1 AS BIGINT), CAST(5 AS BIGINT)) = '85669' OR substr(tpcds_partitioned_parquet_snap.customer_address.ca_zip, CAST(1 AS BIGINT), CAST(5 AS BIGINT)) = '86197' OR substr(tpcds_partitioned_parquet_snap.customer_address.ca_zip, CAST(1 AS BIGINT), CAST(5 AS BIGINT)) = '88274' OR substr(tpcds_partitioned_parquet_snap.customer_address.ca_zip, CAST(1 AS BIGINT), CAST(5 AS BIGINT)) = '83405' OR substr(tpcds_partitioned_parquet_snap.customer_address.ca_zip, CAST(1 AS BIGINT), CAST(5 AS BIGINT)) = '86475' OR substr(tpcds_partitioned_parquet_snap.customer_address.ca_zip, CAST(1 AS BIGINT), CAST(5 AS BIGINT)) = '85392' OR substr(tpcds_partitioned_parquet_snap.customer_address.ca_zip, CAST(1 AS BIGINT), CAST(5 AS BIGINT)) = '85460' OR substr(tpcds_partitioned_parquet_snap.customer_address.ca_zip, CAST(1 AS BIGINT), CAST(5 AS BIGINT)) = '80348' OR substr(tpcds_partitioned_parquet_snap.customer_address.ca_zip, CAST(1 AS BIGINT), CAST(5 AS BIGINT)) = '81792' OR tpcds_partitioned_parquet_snap.customer_address.ca_state = 'CA' OR tpcds_partitioned_parquet_snap.customer_address.ca_state = 'GA' OR tpcds_partitioned_parquet_snap.customer_address.ca_state = 'WA' OR tpcds_partitioned_parquet_snap.catalog_sales.cs_sales_price > CAST(500 AS DECIMAL(5,0))
|  mem-estimate=0B mem-reservation=0B spill-buffer=2.00MB thread-reservation=0
|  tuple-ids=4,6,0,2 row-size=813B cardinality=438.85M cost=192084682
|  in pipelines: 03(GETNEXT), 00(OPEN)
|
|--F08:PLAN FRAGMENT [HASH(tpcds_partitioned_parquet_snap.catalog_sales.cs_bill_customer_sk)] hosts=10 instances=30 (adjusted from 120)
|  |  Per-Instance Resources: mem-estimate=480.41MB mem-reservation=50.00MB thread-reservation=1 runtime-filters-memory=16.00MB
|  |  max-parallelism=120 segment-costs=[94604435] cpu-comparison-result=70 [max(70 (self) vs 40 (sum children))]
|  JOIN BUILD
|  |  join-table-id=00 plan-id=01 cohort-id=01
|  |  build expressions: tpcds_partitioned_parquet_snap.customer.c_customer_sk
|  |  runtime filters: RF000[bloom] <- tpcds_partitioned_parquet_snap.customer.c_customer_sk, RF001[min_max] <- tpcds_partitioned_parquet_snap.customer.c_customer_sk
|  |  mem-estimate=441.40MB mem-reservation=34.00MB spill-buffer=2.00MB thread-reservation=0 cost=30000000
|  |
|  13:EXCHANGE [HASH(tpcds_partitioned_parquet_snap.customer.c_customer_sk)]
|  |  mem-estimate=23.01MB mem-reservation=0B thread-reservation=0
|  |  tuple-ids=0,2 row-size=436B cardinality=30.00M cost=64604435
|  |  in pipelines: 00(GETNEXT)
|  |
|  F04:PLAN FRAGMENT [HASH(tpcds_partitioned_parquet_snap.customer.c_current_addr_sk)] hosts=10 instances=30 (adjusted from 10)
|  Per-Instance Resources: mem-estimate=64.07MB mem-reservation=0B thread-reservation=1
|  max-parallelism=100 segment-costs=[917925706]
|  02:HASH JOIN [INNER JOIN, PARTITIONED]
|  |  hash-table-id=01
|  |  hash predicates: tpcds_partitioned_parquet_snap.customer.c_current_addr_sk = tpcds_partitioned_parquet_snap.customer_address.ca_address_sk
|  |  fk/pk conjuncts: tpcds_partitioned_parquet_snap.customer.c_current_addr_sk = tpcds_partitioned_parquet_snap.customer_address.ca_address_sk
|  |  mem-estimate=0B mem-reservation=0B spill-buffer=2.00MB thread-reservation=0
|  |  tuple-ids=0,2 row-size=436B cardinality=30.00M cost=13131000
|  |  in pipelines: 00(GETNEXT), 01(OPEN)
|  |
|  |--F09:PLAN FRAGMENT [HASH(tpcds_partitioned_parquet_snap.customer.c_current_addr_sk)] hosts=10 instances=30 (adjusted from 10)
|  |  |  Per-Instance Resources: mem-estimate=151.54MB mem-reservation=50.00MB thread-reservation=1 runtime-filters-memory=16.00MB
|  |  |  max-parallelism=100 segment-costs=[32647413]
|  |  JOIN BUILD
|  |  |  join-table-id=01 plan-id=02 cohort-id=02
|  |  |  build expressions: tpcds_partitioned_parquet_snap.customer_address.ca_address_sk
|  |  |  runtime filters: RF004[bloom] <- tpcds_partitioned_parquet_snap.customer_address.ca_address_sk, RF005[min_max] <- tpcds_partitioned_parquet_snap.customer_address.ca_address_sk
|  |  |  mem-estimate=123.24MB mem-reservation=34.00MB spill-buffer=2.00MB thread-reservation=0 cost=15000000
|  |  |
|  |  11:EXCHANGE [HASH(tpcds_partitioned_parquet_snap.customer_address.ca_address_sk)]
|  |  |  mem-estimate=12.30MB mem-reservation=0B thread-reservation=0
|  |  |  tuple-ids=2 row-size=232B cardinality=15.00M cost=17647413
|  |  |  in pipelines: 01(GETNEXT)
|  |  |
|  |  F03:PLAN FRAGMENT [RANDOM] hosts=10 instances=10
|  |  Per-Instance Resources: mem-estimate=43.61MB mem-reservation=128.00KB thread-reservation=1
|  |  max-parallelism=10 segment-costs=[252975990]
|  |  01:SCAN HDFS [tpcds_partitioned_parquet_snap.customer_address, RANDOM]
|  |     HDFS partitions=1/1 files=1 size=307.36MB
|  |     stored statistics:
|  |       table: rows=15.00M size=307.36MB
|  |       columns: all
|  |     extrapolated-rows=disabled max-scan-range-rows=1.58M
|  |     mem-estimate=16.00MB mem-reservation=128.00KB thread-reservation=0
|  |     tuple-ids=2 row-size=232B cardinality=15.00M cost=21515206
|  |     in pipelines: 01(GETNEXT)
|  |
|  10:EXCHANGE [HASH(tpcds_partitioned_parquet_snap.customer.c_current_addr_sk)]
|  |  mem-estimate=12.04MB mem-reservation=0B thread-reservation=0
|  |  tuple-ids=0 row-size=204B cardinality=30.00M cost=31538607
|  |  in pipelines: 00(GETNEXT)
|  |
|  F02:PLAN FRAGMENT [RANDOM] hosts=10 instances=10
|  Per-Host Shared Resources: mem-estimate=16.00MB mem-reservation=16.00MB thread-reservation=0 runtime-filters-memory=16.00MB
|  Per-Instance Resources: mem-estimate=40.42MB mem-reservation=1.00MB thread-reservation=1
|  max-parallelism=10 segment-costs=[457158314]
|  00:SCAN HDFS [tpcds_partitioned_parquet_snap.customer, RANDOM]
|     HDFS partitions=1/1 files=1 size=1.55GB
|     runtime filters: RF005[min_max] -> tpcds_partitioned_parquet_snap.customer.c_current_addr_sk, RF004[bloom] -> tpcds_partitioned_parquet_snap.customer.c_current_addr_sk
|     stored statistics:
|       table: rows=30.00M size=1.55GB
|       columns: all
|     extrapolated-rows=disabled max-scan-range-rows=3.10M
|     mem-estimate=16.00MB mem-reservation=1.00MB thread-reservation=0
|     tuple-ids=0 row-size=204B cardinality=30.00M cost=46823813
|     in pipelines: 00(GETNEXT)
|
12:EXCHANGE [HASH(tpcds_partitioned_parquet_snap.catalog_sales.cs_bill_customer_sk)]
|  mem-estimate=55.13MB mem-reservation=0B thread-reservation=0
|  tuple-ids=4,6 row-size=377B cardinality=438.85M cost=826248123
|  in pipelines: 03(GETNEXT)
|
F00:PLAN FRAGMENT [RANDOM] hosts=10 instances=120
Per-Host Shared Resources: mem-estimate=17.00MB mem-reservation=17.00MB thread-reservation=0 runtime-filters-memory=17.00MB
Per-Instance Resources: mem-estimate=61.13MB mem-reservation=1.00MB thread-reservation=1
max-parallelism=187 segment-costs=[12187788321]
05:HASH JOIN [INNER JOIN, BROADCAST]
|  hash-table-id=02
|  hash predicates: tpcds_partitioned_parquet_snap.catalog_sales.cs_sold_date_sk = tpcds_partitioned_parquet_snap.date_dim.d_date_sk
|  fk/pk conjuncts: tpcds_partitioned_parquet_snap.catalog_sales.cs_sold_date_sk = tpcds_partitioned_parquet_snap.date_dim.d_date_sk
|  mem-estimate=0B mem-reservation=0B spill-buffer=64.00KB thread-reservation=0
|  tuple-ids=4,6 row-size=377B cardinality=438.85M cost=192084682
|  in pipelines: 03(GETNEXT), 04(OPEN)
|
|--F10:PLAN FRAGMENT [RANDOM] hosts=10 instances=10
|  |  Per-Instance Resources: mem-estimate=24.33MB mem-reservation=24.25MB thread-reservation=1 runtime-filters-memory=1.00MB
|  |  max-parallelism=10 segment-costs=[426]
|  JOIN BUILD
|  |  join-table-id=02 plan-id=03 cohort-id=01
|  |  build expressions: tpcds_partitioned_parquet_snap.date_dim.d_date_sk
|  |  runtime filters: RF002[bloom] <- tpcds_partitioned_parquet_snap.date_dim.d_date_sk
|  |  mem-estimate=23.25MB mem-reservation=23.25MB spill-buffer=64.00KB thread-reservation=0 cost=186
|  |
|  09:EXCHANGE [BROADCAST]
|  |  mem-estimate=86.88KB mem-reservation=0B thread-reservation=0
|  |  tuple-ids=6 row-size=237B cardinality=186 cost=240
|  |  in pipelines: 04(GETNEXT)
|  |
|  F01:PLAN FRAGMENT [RANDOM] hosts=1 instances=1
|  Per-Instance Resources: mem-estimate=16.94MB mem-reservation=4.00MB thread-reservation=1
|  max-parallelism=1 segment-costs=[114828]
|  04:SCAN HDFS [tpcds_partitioned_parquet_snap.date_dim, RANDOM]
|     HDFS partitions=1/1 files=1 size=2.17MB
|     predicates: tpcds_partitioned_parquet_snap.date_dim.d_year = CAST(2000 AS INT), tpcds_partitioned_parquet_snap.date_dim.d_qoy = CAST(1 AS INT)
|     stored statistics:
|       table: rows=73.05K size=2.17MB
|       columns: all
|     extrapolated-rows=disabled max-scan-range-rows=73.05K
|     parquet statistics predicates: tpcds_partitioned_parquet_snap.date_dim.d_year = CAST(2000 AS INT), tpcds_partitioned_parquet_snap.date_dim.d_qoy = CAST(1 AS INT)
|     parquet dictionary predicates: tpcds_partitioned_parquet_snap.date_dim.d_year = CAST(2000 AS INT), tpcds_partitioned_parquet_snap.date_dim.d_qoy = CAST(1 AS INT)
|     mem-estimate=16.00MB mem-reservation=4.00MB thread-reservation=0
|     tuple-ids=6 row-size=237B cardinality=186 cost=114705
|     in pipelines: 04(GETNEXT)
|
03:SCAN HDFS [tpcds_partitioned_parquet_snap.catalog_sales, RANDOM]
   HDFS partitions=1831/1831 files=1831 size=280.96GB
   runtime filters: RF001[min_max] -> tpcds_partitioned_parquet_snap.catalog_sales.cs_bill_customer_sk, RF000[bloom] -> tpcds_partitioned_parquet_snap.catalog_sales.cs_bill_customer_sk, RF002[bloom] -> tpcds_partitioned_parquet_snap.catalog_sales.cs_sold_date_sk
   stored statistics:
     table: rows=4.32G size=280.96GB
     partitions: 1831/1831 rows=4.32G
     columns: all
   extrapolated-rows=disabled max-scan-range-rows=21.52M est-scan-range=187(filtered from 1831)
   mem-estimate=16.00MB mem-reservation=1.00MB thread-reservation=0
   tuple-ids=4 row-size=140B cardinality=438.85M(filtered from 4.32G) cost=884721771
   in pipelines: 03(GETNEXT)
====
