# TPCDS-Q64
# start query 64 in stream 0 using template query64.tpl using seed 975411025
with cs_ui as
 (select cs_item_sk
        ,sum(cs_ext_list_price) as sale,sum(cr_refunded_cash+cr_reversed_charge+cr_store_credit) as refund
  from catalog_sales
      ,catalog_returns
  where cs_item_sk = cr_item_sk
    and cs_order_number = cr_order_number
  group by cs_item_sk
  having sum(cs_ext_list_price)>2*sum(cr_refunded_cash+cr_reversed_charge+cr_store_credit)),
cross_sales as
 (select i_product_name product_name
     ,i_item_sk item_sk
     ,s_store_name store_name
     ,s_zip store_zip
     ,ad1.ca_street_number b_street_number
     ,ad1.ca_street_name b_street_name
     ,ad1.ca_city b_city
     ,ad1.ca_zip b_zip
     ,ad2.ca_street_number c_street_number
     ,ad2.ca_street_name c_street_name
     ,ad2.ca_city c_city
     ,ad2.ca_zip c_zip
     ,d1.d_year as syear
     ,d2.d_year as fsyear
     ,d3.d_year s2year
     ,count(*) cnt
     ,sum(ss_wholesale_cost) s1
     ,sum(ss_list_price) s2
     ,sum(ss_coupon_amt) s3
  FROM   store_sales
        ,store_returns
        ,cs_ui
        ,date_dim d1
        ,date_dim d2
        ,date_dim d3
        ,store
        ,customer
        ,customer_demographics cd1
        ,customer_demographics cd2
        ,promotion
        ,household_demographics hd1
        ,household_demographics hd2
        ,customer_address ad1
        ,customer_address ad2
        ,income_band ib1
        ,income_band ib2
        ,item
  WHERE  ss_store_sk = s_store_sk AND
         ss_sold_date_sk = d1.d_date_sk AND
         ss_customer_sk = c_customer_sk AND
         ss_cdemo_sk= cd1.cd_demo_sk AND
         ss_hdemo_sk = hd1.hd_demo_sk AND
         ss_addr_sk = ad1.ca_address_sk and
         ss_item_sk = i_item_sk and
         ss_item_sk = sr_item_sk and
         ss_ticket_number = sr_ticket_number and
         ss_item_sk = cs_ui.cs_item_sk and
         c_current_cdemo_sk = cd2.cd_demo_sk AND
         c_current_hdemo_sk = hd2.hd_demo_sk AND
         c_current_addr_sk = ad2.ca_address_sk and
         c_first_sales_date_sk = d2.d_date_sk and
         c_first_shipto_date_sk = d3.d_date_sk and
         ss_promo_sk = p_promo_sk and
         hd1.hd_income_band_sk = ib1.ib_income_band_sk and
         hd2.hd_income_band_sk = ib2.ib_income_band_sk and
         cd1.cd_marital_status <> cd2.cd_marital_status and
         i_color in ('peach','misty','drab','chocolate','almond','saddle') and
         i_current_price between 75 and 75 + 10 and
         i_current_price between 75 + 1 and 75 + 15
group by i_product_name
       ,i_item_sk
       ,s_store_name
       ,s_zip
       ,ad1.ca_street_number
       ,ad1.ca_street_name
       ,ad1.ca_city
       ,ad1.ca_zip
       ,ad2.ca_street_number
       ,ad2.ca_street_name
       ,ad2.ca_city
       ,ad2.ca_zip
       ,d1.d_year
       ,d2.d_year
       ,d3.d_year
)
select cs1.product_name
     ,cs1.store_name
     ,cs1.store_zip
     ,cs1.b_street_number
     ,cs1.b_street_name
     ,cs1.b_city
     ,cs1.b_zip
     ,cs1.c_street_number
     ,cs1.c_street_name
     ,cs1.c_city
     ,cs1.c_zip
     ,cs1.syear
     ,cs1.cnt
     ,cs1.s1 as s11
     ,cs1.s2 as s21
     ,cs1.s3 as s31
     ,cs2.s1 as s12
     ,cs2.s2 as s22
     ,cs2.s3 as s32
     ,cs2.syear
     ,cs2.cnt
from cross_sales cs1,cross_sales cs2
where cs1.item_sk=cs2.item_sk and
     cs1.syear = 2000 and
     cs2.syear = 2000 + 1 and
     cs2.cnt <= cs1.cnt and
     cs1.store_name = cs2.store_name and
     cs1.store_zip = cs2.store_zip
order by cs1.product_name
       ,cs1.store_name
       ,cs2.cnt
       ,cs1.s1
       ,cs2.s1

# end query 64 in stream 0 using template query64.tpl
---- PLAN
Max Per-Host Resource Reservation: Memory=880.00MB Threads=1
Per-Host Resource Estimates: Memory=273.75GB
F00:PLAN FRAGMENT [UNPARTITIONED] hosts=1 instances=1
|  Per-Instance Resources: mem-estimate=273.75GB mem-reservation=880.00MB thread-reservation=1 runtime-filters-memory=70.00MB
|  max-parallelism=1 segment-costs=[12256853836, 23239514183, 12256853836, 23239514183, 72351114, 92570752]
PLAN-ROOT SINK
|  output exprs: tpcds_partitioned_parquet_snap.item.i_product_name, tpcds_partitioned_parquet_snap.store.s_store_name, tpcds_partitioned_parquet_snap.store.s_zip, tpcds_partitioned_parquet_snap.customer_address.ca_street_number, tpcds_partitioned_parquet_snap.customer_address.ca_street_name, tpcds_partitioned_parquet_snap.customer_address.ca_city, tpcds_partitioned_parquet_snap.customer_address.ca_zip, tpcds_partitioned_parquet_snap.customer_address_0.ca_street_number, tpcds_partitioned_parquet_snap.customer_address_0.ca_street_name, tpcds_partitioned_parquet_snap.customer_address_0.ca_city, tpcds_partitioned_parquet_snap.customer_address_0.ca_zip, tpcds_partitioned_parquet_snap.date_dim.d_year, count(), sum(tpcds_partitioned_parquet_snap.store_sales.ss_wholesale_cost), sum(tpcds_partitioned_parquet_snap.store_sales.ss_list_price), sum(tpcds_partitioned_parquet_snap.store_sales.ss_coupon_amt), sum(tpcds_partitioned_parquet_snap.store_sales_0.ss_wholesale_cost), sum(tpcds_partitioned_parquet_snap.store_sales_0.ss_list_price), sum(tpcds_partitioned_parquet_snap.store_sales_0.ss_coupon_amt), tpcds_partitioned_parquet_snap.date_dim_2.d_year, count()
|  mem-estimate=100.00MB mem-reservation=4.00MB spill-buffer=2.00MB thread-reservation=0 cost=92570752
|
79:SORT
|  order by: tpcds_partitioned_parquet_snap.item.i_product_name ASC NULLS LAST, tpcds_partitioned_parquet_snap.store.s_store_name ASC NULLS LAST, count() ASC NULLS LAST, sum(tpcds_partitioned_parquet_snap.store_sales.ss_wholesale_cost) ASC NULLS LAST, sum(tpcds_partitioned_parquet_snap.store_sales_0.ss_wholesale_cost) ASC NULLS LAST
|  mem-estimate=1.37GB mem-reservation=12.00MB spill-buffer=2.00MB thread-reservation=0
|  tuple-ids=80 row-size=335B cardinality=4.41M cost=66013545
|  in pipelines: 79(GETNEXT), 38(OPEN)
|
78:HASH JOIN [INNER JOIN]
|  hash predicates: tpcds_partitioned_parquet_snap.item.i_item_sk = tpcds_partitioned_parquet_snap.item_0.i_item_sk, tpcds_partitioned_parquet_snap.store.s_store_name = tpcds_partitioned_parquet_snap.store_0.s_store_name, tpcds_partitioned_parquet_snap.store.s_zip = tpcds_partitioned_parquet_snap.store_0.s_zip
|  fk/pk conjuncts: tpcds_partitioned_parquet_snap.item.i_item_sk = tpcds_partitioned_parquet_snap.item_0.i_item_sk, tpcds_partitioned_parquet_snap.store.s_store_name = tpcds_partitioned_parquet_snap.store_0.s_store_name, tpcds_partitioned_parquet_snap.store.s_zip = tpcds_partitioned_parquet_snap.store_0.s_zip
|  other join predicates: count() <= count()
|  runtime filters: RF003[min_max] <- tpcds_partitioned_parquet_snap.item_0.i_item_sk, RF004[min_max] <- tpcds_partitioned_parquet_snap.store_0.s_store_name, RF005[min_max] <- tpcds_partitioned_parquet_snap.store_0.s_zip
|  mem-estimate=1.27GB mem-reservation=34.00MB spill-buffer=2.00MB thread-reservation=0
|  tuple-ids=39,79 row-size=574B cardinality=4.41M cost=6337569
|  in pipelines: 38(GETNEXT), 77(OPEN)
|
|--77:AGGREGATE [FINALIZE]
|  |  output: count(), sum(tpcds_partitioned_parquet_snap.store_sales_0.ss_wholesale_cost), sum(tpcds_partitioned_parquet_snap.store_sales_0.ss_list_price), sum(tpcds_partitioned_parquet_snap.store_sales_0.ss_coupon_amt)
|  |  group by: tpcds_partitioned_parquet_snap.item_0.i_product_name, tpcds_partitioned_parquet_snap.item_0.i_item_sk, tpcds_partitioned_parquet_snap.store_0.s_store_name, tpcds_partitioned_parquet_snap.store_0.s_zip, tpcds_partitioned_parquet_snap.customer_address_1.ca_street_number, tpcds_partitioned_parquet_snap.customer_address_1.ca_street_name, tpcds_partitioned_parquet_snap.customer_address_1.ca_city, tpcds_partitioned_parquet_snap.customer_address_1.ca_zip, tpcds_partitioned_parquet_snap.customer_address_2.ca_street_number, tpcds_partitioned_parquet_snap.customer_address_2.ca_street_name, tpcds_partitioned_parquet_snap.customer_address_2.ca_city, tpcds_partitioned_parquet_snap.customer_address_2.ca_zip, tpcds_partitioned_parquet_snap.date_dim_2.d_year, tpcds_partitioned_parquet_snap.date_dim_3.d_year, tpcds_partitioned_parquet_snap.date_dim_4.d_year
|  |  having: tpcds_partitioned_parquet_snap.date_dim_2.d_year = add(CAST(2000 AS INT), CAST(1 AS INT))
|  |  mem-estimate=527.00MB mem-reservation=34.00MB spill-buffer=2.00MB thread-reservation=0
|  |  tuple-ids=79 row-size=287B cardinality=4.41M cost=5281247328
|  |  in pipelines: 77(GETNEXT), 39(OPEN)
|  |
|  76:HASH JOIN [INNER JOIN]
|  |  hash predicates: tpcds_partitioned_parquet_snap.store_sales_0.ss_item_sk = tpcds_partitioned_parquet_snap.catalog_sales_0.cs_item_sk
|  |  fk/pk conjuncts: none
|  |  runtime filters: RF047[min_max] <- tpcds_partitioned_parquet_snap.catalog_sales_0.cs_item_sk
|  |  mem-estimate=2.88MB mem-reservation=2.88MB spill-buffer=128.00KB thread-reservation=0
|  |  tuple-ids=40,42,44,46,48,50,52,54,56,58,60,62,64,66,68,70,72,78 row-size=2.92KB cardinality=863.99M cost=182018991
|  |  in pipelines: 39(GETNEXT), 75(OPEN)
|  |
|  |--75:AGGREGATE [FINALIZE]
|  |  |  output: sum(tpcds_partitioned_parquet_snap.catalog_sales_0.cs_ext_list_price), sum(add(add(tpcds_partitioned_parquet_snap.catalog_returns_0.cr_refunded_cash, tpcds_partitioned_parquet_snap.catalog_returns_0.cr_reversed_charge), tpcds_partitioned_parquet_snap.catalog_returns_0.cr_store_credit))
|  |  |  group by: tpcds_partitioned_parquet_snap.catalog_sales_0.cs_item_sk
|  |  |  having: sum(tpcds_partitioned_parquet_snap.catalog_sales_0.cs_ext_list_price) > multiply(CAST(2 AS DECIMAL(3,0)), sum(add(add(tpcds_partitioned_parquet_snap.catalog_returns_0.cr_refunded_cash, tpcds_partitioned_parquet_snap.catalog_returns_0.cr_reversed_charge), tpcds_partitioned_parquet_snap.catalog_returns_0.cr_store_credit)))
|  |  |  mem-estimate=34.00MB mem-reservation=34.00MB spill-buffer=2.00MB thread-reservation=0
|  |  |  tuple-ids=78 row-size=36B cardinality=36.02K cost=928618209
|  |  |  in pipelines: 75(GETNEXT), 72(OPEN)
|  |  |
|  |  74:HASH JOIN [INNER JOIN]
|  |  |  hash predicates: tpcds_partitioned_parquet_snap.catalog_sales_0.cs_item_sk = tpcds_partitioned_parquet_snap.catalog_returns_0.cr_item_sk, tpcds_partitioned_parquet_snap.catalog_sales_0.cs_order_number = tpcds_partitioned_parquet_snap.catalog_returns_0.cr_order_number
|  |  |  fk/pk conjuncts: tpcds_partitioned_parquet_snap.catalog_sales_0.cs_item_sk = tpcds_partitioned_parquet_snap.catalog_returns_0.cr_item_sk, tpcds_partitioned_parquet_snap.catalog_sales_0.cs_order_number = tpcds_partitioned_parquet_snap.catalog_returns_0.cr_order_number
|  |  |  runtime filters: RF082[bloom] <- tpcds_partitioned_parquet_snap.catalog_returns_0.cr_item_sk, RF084[min_max] <- tpcds_partitioned_parquet_snap.catalog_returns_0.cr_item_sk, RF085[min_max] <- tpcds_partitioned_parquet_snap.catalog_returns_0.cr_order_number
|  |  |  mem-estimate=50.00GB mem-reservation=34.00MB spill-buffer=2.00MB thread-reservation=0
|  |  |  tuple-ids=74,76 row-size=252B cardinality=2.56G cost=1922201419
|  |  |  in pipelines: 72(GETNEXT), 73(OPEN)
|  |  |
|  |  |--73:SCAN HDFS [tpcds_partitioned_parquet_snap.catalog_returns]
|  |  |     HDFS partitions=2060/2060 files=2060 size=32.77GB
|  |  |     stored statistics:
|  |  |       table: rows=432.02M size=32.77GB
|  |  |       partitions: 2060/2060 rows=432.02M
|  |  |       columns: all
|  |  |     extrapolated-rows=disabled max-scan-range-rows=416.82K
|  |  |     mem-estimate=16.00MB mem-reservation=208.00KB thread-reservation=0
|  |  |     tuple-ids=76 row-size=112B cardinality=432.02M cost=696757003
|  |  |     in pipelines: 73(GETNEXT)
|  |  |
|  |  72:SCAN HDFS [tpcds_partitioned_parquet_snap.catalog_sales]
|  |     HDFS partitions=1831/1831 files=1831 size=280.96GB
|  |     runtime filters: RF084[min_max] -> tpcds_partitioned_parquet_snap.catalog_sales_0.cs_item_sk, RF085[min_max] -> tpcds_partitioned_parquet_snap.catalog_sales_0.cs_order_number, RF082[bloom] -> tpcds_partitioned_parquet_snap.catalog_sales_0.cs_item_sk
|  |     stored statistics:
|  |       table: rows=4.32G size=280.96GB
|  |       partitions: 1831/1831 rows=4.32G
|  |       columns: all
|  |     extrapolated-rows=disabled max-scan-range-rows=21.52M
|  |     mem-estimate=16.00MB mem-reservation=1.00MB thread-reservation=0
|  |     tuple-ids=74 row-size=140B cardinality=4.00G(filtered from 4.32G) cost=8709277205
|  |     in pipelines: 72(GETNEXT)
|  |
|  71:HASH JOIN [INNER JOIN]
|  |  hash predicates: tpcds_partitioned_parquet_snap.store_sales_0.ss_item_sk = tpcds_partitioned_parquet_snap.store_returns_0.sr_item_sk, tpcds_partitioned_parquet_snap.store_sales_0.ss_ticket_number = tpcds_partitioned_parquet_snap.store_returns_0.sr_ticket_number
|  |  fk/pk conjuncts: tpcds_partitioned_parquet_snap.store_sales_0.ss_item_sk = tpcds_partitioned_parquet_snap.store_returns_0.sr_item_sk, tpcds_partitioned_parquet_snap.store_sales_0.ss_ticket_number = tpcds_partitioned_parquet_snap.store_returns_0.sr_ticket_number
|  |  runtime filters: RF048[bloom] <- tpcds_partitioned_parquet_snap.store_returns_0.sr_item_sk, RF049[bloom] <- tpcds_partitioned_parquet_snap.store_returns_0.sr_ticket_number, RF050[min_max] <- tpcds_partitioned_parquet_snap.store_returns_0.sr_item_sk, RF051[min_max] <- tpcds_partitioned_parquet_snap.store_returns_0.sr_ticket_number
|  |  mem-estimate=50.00GB mem-reservation=34.00MB spill-buffer=2.00MB thread-reservation=0
|  |  tuple-ids=40,42,44,46,48,50,52,54,56,58,60,62,64,66,68,70,72 row-size=2.88KB cardinality=99.13M cost=918566625
|  |  in pipelines: 39(GETNEXT), 70(OPEN)
|  |
|  |--70:SCAN HDFS [tpcds_partitioned_parquet_snap.store_returns]
|  |     HDFS partitions=2004/2004 files=2004 size=48.14GB
|  |     runtime filters: RF047[min_max] -> tpcds_partitioned_parquet_snap.store_returns_0.sr_item_sk
|  |     stored statistics:
|  |       table: rows=863.99M size=48.14GB
|  |       partitions: 2004/2004 rows=863.99M
|  |       columns: all
|  |     extrapolated-rows=disabled max-scan-range-rows=30.09M
|  |     mem-estimate=16.00MB mem-reservation=512.00KB thread-reservation=0
|  |     tuple-ids=72 row-size=84B cardinality=863.99M cost=1045080649
|  |     in pipelines: 70(GETNEXT)
|  |
|  69:HASH JOIN [INNER JOIN]
|  |  hash predicates: tpcds_partitioned_parquet_snap.store_sales_0.ss_cdemo_sk = tpcds_partitioned_parquet_snap.customer_demographics_2.cd_demo_sk
|  |  fk/pk conjuncts: tpcds_partitioned_parquet_snap.store_sales_0.ss_cdemo_sk = tpcds_partitioned_parquet_snap.customer_demographics_2.cd_demo_sk
|  |  other join predicates: tpcds_partitioned_parquet_snap.customer_demographics_2.cd_marital_status != tpcds_partitioned_parquet_snap.customer_demographics_1.cd_marital_status
|  |  runtime filters: RF053[min_max] <- tpcds_partitioned_parquet_snap.customer_demographics_2.cd_demo_sk
|  |  mem-estimate=206.58MB mem-reservation=34.00MB spill-buffer=2.00MB thread-reservation=0
|  |  tuple-ids=40,42,44,46,48,50,52,54,56,58,60,62,64,66,68,70 row-size=2.80KB cardinality=142.75M cost=64856215
|  |  in pipelines: 39(GETNEXT), 68(OPEN)
|  |
|  |--68:SCAN HDFS [tpcds_partitioned_parquet_snap.customer_demographics]
|  |     HDFS partitions=1/1 files=1 size=11.15MB
|  |     stored statistics:
|  |       table: rows=1.92M size=11.15MB
|  |       columns: all
|  |     extrapolated-rows=disabled max-scan-range-rows=197.97K
|  |     mem-estimate=16.00MB mem-reservation=1.00MB thread-reservation=0
|  |     tuple-ids=70 row-size=87B cardinality=1.92M cost=1066867
|  |     in pipelines: 68(GETNEXT)
|  |
|  67:HASH JOIN [INNER JOIN]
|  |  hash predicates: tpcds_partitioned_parquet_snap.store_sales_0.ss_customer_sk = tpcds_partitioned_parquet_snap.customer_0.c_customer_sk
|  |  fk/pk conjuncts: tpcds_partitioned_parquet_snap.store_sales_0.ss_customer_sk = tpcds_partitioned_parquet_snap.customer_0.c_customer_sk
|  |  runtime filters: RF055[min_max] <- tpcds_partitioned_parquet_snap.customer_0.c_customer_sk
|  |  mem-estimate=28.88GB mem-reservation=34.00MB spill-buffer=2.00MB thread-reservation=0
|  |  tuple-ids=40,42,44,46,48,50,52,54,56,58,60,62,64,66,68 row-size=2.72KB cardinality=144.52M cost=96993950
|  |  in pipelines: 39(GETNEXT), 54(OPEN)
|  |
|  |--66:HASH JOIN [INNER JOIN]
|  |  |  hash predicates: tpcds_partitioned_parquet_snap.customer_0.c_current_addr_sk = tpcds_partitioned_parquet_snap.customer_address_2.ca_address_sk
|  |  |  fk/pk conjuncts: tpcds_partitioned_parquet_snap.customer_0.c_current_addr_sk = tpcds_partitioned_parquet_snap.customer_address_2.ca_address_sk
|  |  |  runtime filters: RF071[min_max] <- tpcds_partitioned_parquet_snap.customer_address_2.ca_address_sk
|  |  |  mem-estimate=3.61GB mem-reservation=34.00MB spill-buffer=2.00MB thread-reservation=0
|  |  |  tuple-ids=56,58,60,62,64,66,68 row-size=1.02KB cardinality=28.93M cost=27660738
|  |  |  in pipelines: 54(GETNEXT), 65(OPEN)
|  |  |
|  |  |--65:SCAN HDFS [tpcds_partitioned_parquet_snap.customer_address]
|  |  |     HDFS partitions=1/1 files=1 size=307.36MB
|  |  |     stored statistics:
|  |  |       table: rows=15.00M size=307.36MB
|  |  |       columns: all
|  |  |     extrapolated-rows=disabled max-scan-range-rows=1.58M
|  |  |     mem-estimate=16.00MB mem-reservation=128.00KB thread-reservation=0
|  |  |     tuple-ids=68 row-size=232B cardinality=15.00M cost=21515206
|  |  |     in pipelines: 65(GETNEXT)
|  |  |
|  |  64:HASH JOIN [INNER JOIN]
|  |  |  hash predicates: tpcds_partitioned_parquet_snap.customer_0.c_current_cdemo_sk = tpcds_partitioned_parquet_snap.customer_demographics_1.cd_demo_sk
|  |  |  fk/pk conjuncts: tpcds_partitioned_parquet_snap.customer_0.c_current_cdemo_sk = tpcds_partitioned_parquet_snap.customer_demographics_1.cd_demo_sk
|  |  |  runtime filters: RF073[min_max] <- tpcds_partitioned_parquet_snap.customer_demographics_1.cd_demo_sk
|  |  |  mem-estimate=206.58MB mem-reservation=34.00MB spill-buffer=2.00MB thread-reservation=0
|  |  |  tuple-ids=56,58,60,62,64,66 row-size=813B cardinality=28.93M cost=14673508
|  |  |  in pipelines: 54(GETNEXT), 63(OPEN)
|  |  |
|  |  |--63:SCAN HDFS [tpcds_partitioned_parquet_snap.customer_demographics]
|  |  |     HDFS partitions=1/1 files=1 size=11.15MB
|  |  |     stored statistics:
|  |  |       table: rows=1.92M size=11.15MB
|  |  |       columns: all
|  |  |     extrapolated-rows=disabled max-scan-range-rows=197.97K
|  |  |     mem-estimate=16.00MB mem-reservation=1.00MB thread-reservation=0
|  |  |     tuple-ids=66 row-size=87B cardinality=1.92M cost=1066867
|  |  |     in pipelines: 63(GETNEXT)
|  |  |
|  |  62:HASH JOIN [INNER JOIN]
|  |  |  hash predicates: tpcds_partitioned_parquet_snap.customer_0.c_first_shipto_date_sk = tpcds_partitioned_parquet_snap.date_dim_4.d_date_sk
|  |  |  fk/pk conjuncts: tpcds_partitioned_parquet_snap.customer_0.c_first_shipto_date_sk = tpcds_partitioned_parquet_snap.date_dim_4.d_date_sk
|  |  |  runtime filters: RF075[min_max] <- tpcds_partitioned_parquet_snap.date_dim_4.d_date_sk
|  |  |  mem-estimate=34.00MB mem-reservation=34.00MB spill-buffer=2.00MB thread-reservation=0
|  |  |  tuple-ids=56,58,60,62,64 row-size=726B cardinality=29.28M cost=12890728
|  |  |  in pipelines: 54(GETNEXT), 61(OPEN)
|  |  |
|  |  |--61:SCAN HDFS [tpcds_partitioned_parquet_snap.date_dim]
|  |  |     HDFS partitions=1/1 files=1 size=2.17MB
|  |  |     stored statistics:
|  |  |       table: rows=73.05K size=2.17MB
|  |  |       columns: all
|  |  |     extrapolated-rows=disabled max-scan-range-rows=73.05K
|  |  |     mem-estimate=16.00MB mem-reservation=4.00MB thread-reservation=0
|  |  |     tuple-ids=64 row-size=237B cardinality=73.05K cost=110600
|  |  |     in pipelines: 61(GETNEXT)
|  |  |
|  |  60:HASH JOIN [INNER JOIN]
|  |  |  hash predicates: tpcds_partitioned_parquet_snap.customer_0.c_first_sales_date_sk = tpcds_partitioned_parquet_snap.date_dim_3.d_date_sk
|  |  |  fk/pk conjuncts: tpcds_partitioned_parquet_snap.customer_0.c_first_sales_date_sk = tpcds_partitioned_parquet_snap.date_dim_3.d_date_sk
|  |  |  runtime filters: RF077[min_max] <- tpcds_partitioned_parquet_snap.date_dim_3.d_date_sk
|  |  |  mem-estimate=34.00MB mem-reservation=34.00MB spill-buffer=2.00MB thread-reservation=0
|  |  |  tuple-ids=56,58,60,62 row-size=489B cardinality=29.28M cost=12890728
|  |  |  in pipelines: 54(GETNEXT), 59(OPEN)
|  |  |
|  |  |--59:SCAN HDFS [tpcds_partitioned_parquet_snap.date_dim]
|  |  |     HDFS partitions=1/1 files=1 size=2.17MB
|  |  |     stored statistics:
|  |  |       table: rows=73.05K size=2.17MB
|  |  |       columns: all
|  |  |     extrapolated-rows=disabled max-scan-range-rows=73.05K
|  |  |     mem-estimate=16.00MB mem-reservation=4.00MB thread-reservation=0
|  |  |     tuple-ids=62 row-size=237B cardinality=73.05K cost=110600
|  |  |     in pipelines: 59(GETNEXT)
|  |  |
|  |  58:HASH JOIN [INNER JOIN]
|  |  |  hash predicates: tpcds_partitioned_parquet_snap.customer_0.c_current_hdemo_sk = tpcds_partitioned_parquet_snap.household_demographics_2.hd_demo_sk
|  |  |  fk/pk conjuncts: tpcds_partitioned_parquet_snap.customer_0.c_current_hdemo_sk = tpcds_partitioned_parquet_snap.household_demographics_2.hd_demo_sk
|  |  |  runtime filters: RF079[min_max] <- tpcds_partitioned_parquet_snap.household_demographics_2.hd_demo_sk
|  |  |  mem-estimate=1.94MB mem-reservation=1.94MB spill-buffer=64.00KB thread-reservation=0
|  |  |  tuple-ids=56,58,60 row-size=252B cardinality=29.28M cost=12824879
|  |  |  in pipelines: 54(GETNEXT), 55(OPEN)
|  |  |
|  |  |--57:HASH JOIN [INNER JOIN]
|  |  |  |  hash predicates: tpcds_partitioned_parquet_snap.household_demographics_2.hd_income_band_sk = tpcds_partitioned_parquet_snap.income_band_2.ib_income_band_sk
|  |  |  |  fk/pk conjuncts: tpcds_partitioned_parquet_snap.household_demographics_2.hd_income_band_sk = tpcds_partitioned_parquet_snap.income_band_2.ib_income_band_sk
|  |  |  |  runtime filters: RF081[min_max] <- tpcds_partitioned_parquet_snap.income_band_2.ib_income_band_sk
|  |  |  |  mem-estimate=1.94MB mem-reservation=1.94MB spill-buffer=64.00KB thread-reservation=0
|  |  |  |  tuple-ids=58,60 row-size=48B cardinality=7.20K cost=3171
|  |  |  |  in pipelines: 55(GETNEXT), 56(OPEN)
|  |  |  |
|  |  |  |--56:SCAN HDFS [tpcds_partitioned_parquet_snap.income_band]
|  |  |  |     HDFS partitions=1/1 files=1 size=1.22KB
|  |  |  |     stored statistics:
|  |  |  |       table: rows=20 size=1.22KB
|  |  |  |       columns: all
|  |  |  |     extrapolated-rows=disabled max-scan-range-rows=20
|  |  |  |     mem-estimate=16.00MB mem-reservation=24.00KB thread-reservation=0
|  |  |  |     tuple-ids=60 row-size=12B cardinality=20 cost=3
|  |  |  |     in pipelines: 56(GETNEXT)
|  |  |  |
|  |  |  55:SCAN HDFS [tpcds_partitioned_parquet_snap.household_demographics]
|  |  |     HDFS partitions=1/1 files=1 size=41.69KB
|  |  |     runtime filters: RF081[min_max] -> tpcds_partitioned_parquet_snap.household_demographics_2.hd_income_band_sk
|  |  |     stored statistics:
|  |  |       table: rows=7.20K size=41.69KB
|  |  |       columns: all
|  |  |     extrapolated-rows=disabled max-scan-range-rows=7.20K
|  |  |     mem-estimate=16.00MB mem-reservation=64.00KB thread-reservation=0
|  |  |     tuple-ids=58 row-size=36B cardinality=7.20K cost=2436
|  |  |     in pipelines: 55(GETNEXT)
|  |  |
|  |  54:SCAN HDFS [tpcds_partitioned_parquet_snap.customer]
|  |     HDFS partitions=1/1 files=1 size=1.55GB
|  |     runtime filters: RF079[min_max] -> tpcds_partitioned_parquet_snap.customer_0.c_current_hdemo_sk, RF073[min_max] -> tpcds_partitioned_parquet_snap.customer_0.c_current_cdemo_sk, RF071[min_max] -> tpcds_partitioned_parquet_snap.customer_0.c_current_addr_sk, RF075[min_max] -> tpcds_partitioned_parquet_snap.customer_0.c_first_shipto_date_sk, RF077[min_max] -> tpcds_partitioned_parquet_snap.customer_0.c_first_sales_date_sk
|  |     stored statistics:
|  |       table: rows=30.00M size=1.55GB
|  |       columns: all
|  |     extrapolated-rows=disabled max-scan-range-rows=3.10M
|  |     mem-estimate=16.00MB mem-reservation=1.00MB thread-reservation=0
|  |     tuple-ids=56 row-size=204B cardinality=29.28M(filtered from 30.00M) cost=46823813
|  |     in pipelines: 54(GETNEXT)
|  |
|  53:HASH JOIN [INNER JOIN]
|  |  hash predicates: tpcds_partitioned_parquet_snap.store_sales_0.ss_addr_sk = tpcds_partitioned_parquet_snap.customer_address_1.ca_address_sk
|  |  fk/pk conjuncts: tpcds_partitioned_parquet_snap.store_sales_0.ss_addr_sk = tpcds_partitioned_parquet_snap.customer_address_1.ca_address_sk
|  |  runtime filters: RF057[min_max] <- tpcds_partitioned_parquet_snap.customer_address_1.ca_address_sk
|  |  mem-estimate=3.61GB mem-reservation=34.00MB spill-buffer=2.00MB thread-reservation=0
|  |  tuple-ids=40,42,44,46,48,50,52,54 row-size=1.70KB cardinality=163.28M cost=87872132
|  |  in pipelines: 39(GETNEXT), 52(OPEN)
|  |
|  |--52:SCAN HDFS [tpcds_partitioned_parquet_snap.customer_address]
|  |     HDFS partitions=1/1 files=1 size=307.36MB
|  |     stored statistics:
|  |       table: rows=15.00M size=307.36MB
|  |       columns: all
|  |     extrapolated-rows=disabled max-scan-range-rows=1.58M
|  |     mem-estimate=16.00MB mem-reservation=128.00KB thread-reservation=0
|  |     tuple-ids=54 row-size=232B cardinality=15.00M cost=21515206
|  |     in pipelines: 52(GETNEXT)
|  |
|  51:HASH JOIN [INNER JOIN]
|  |  hash predicates: tpcds_partitioned_parquet_snap.store_sales_0.ss_sold_date_sk = tpcds_partitioned_parquet_snap.date_dim_2.d_date_sk
|  |  fk/pk conjuncts: tpcds_partitioned_parquet_snap.store_sales_0.ss_sold_date_sk = tpcds_partitioned_parquet_snap.date_dim_2.d_date_sk
|  |  mem-estimate=34.00MB mem-reservation=34.00MB spill-buffer=2.00MB thread-reservation=0
|  |  tuple-ids=40,42,44,46,48,50,52 row-size=1.47KB cardinality=168.76M cost=73937172
|  |  in pipelines: 39(GETNEXT), 50(OPEN)
|  |
|  |--50:SCAN HDFS [tpcds_partitioned_parquet_snap.date_dim]
|  |     HDFS partitions=1/1 files=1 size=2.17MB
|  |     stored statistics:
|  |       table: rows=73.05K size=2.17MB
|  |       columns: all
|  |     extrapolated-rows=disabled max-scan-range-rows=73.05K
|  |     mem-estimate=16.00MB mem-reservation=4.00MB thread-reservation=0
|  |     tuple-ids=52 row-size=237B cardinality=73.05K cost=110600
|  |     in pipelines: 50(GETNEXT)
|  |
|  49:HASH JOIN [INNER JOIN]
|  |  hash predicates: tpcds_partitioned_parquet_snap.store_sales_0.ss_hdemo_sk = tpcds_partitioned_parquet_snap.household_demographics_1.hd_demo_sk
|  |  fk/pk conjuncts: tpcds_partitioned_parquet_snap.store_sales_0.ss_hdemo_sk = tpcds_partitioned_parquet_snap.household_demographics_1.hd_demo_sk
|  |  runtime filters: RF061[min_max] <- tpcds_partitioned_parquet_snap.household_demographics_1.hd_demo_sk
|  |  mem-estimate=1.94MB mem-reservation=1.94MB spill-buffer=64.00KB thread-reservation=0
|  |  tuple-ids=40,42,44,46,48,50 row-size=1.24KB cardinality=168.76M cost=74929418
|  |  in pipelines: 39(GETNEXT), 46(OPEN)
|  |
|  |--48:HASH JOIN [INNER JOIN]
|  |  |  hash predicates: tpcds_partitioned_parquet_snap.household_demographics_1.hd_income_band_sk = tpcds_partitioned_parquet_snap.income_band_1.ib_income_band_sk
|  |  |  fk/pk conjuncts: tpcds_partitioned_parquet_snap.household_demographics_1.hd_income_band_sk = tpcds_partitioned_parquet_snap.income_band_1.ib_income_band_sk
|  |  |  runtime filters: RF069[min_max] <- tpcds_partitioned_parquet_snap.income_band_1.ib_income_band_sk
|  |  |  mem-estimate=1.94MB mem-reservation=1.94MB spill-buffer=64.00KB thread-reservation=0
|  |  |  tuple-ids=48,50 row-size=48B cardinality=7.20K cost=3171
|  |  |  in pipelines: 46(GETNEXT), 47(OPEN)
|  |  |
|  |  |--47:SCAN HDFS [tpcds_partitioned_parquet_snap.income_band]
|  |  |     HDFS partitions=1/1 files=1 size=1.22KB
|  |  |     stored statistics:
|  |  |       table: rows=20 size=1.22KB
|  |  |       columns: all
|  |  |     extrapolated-rows=disabled max-scan-range-rows=20
|  |  |     mem-estimate=16.00MB mem-reservation=24.00KB thread-reservation=0
|  |  |     tuple-ids=50 row-size=12B cardinality=20 cost=3
|  |  |     in pipelines: 47(GETNEXT)
|  |  |
|  |  46:SCAN HDFS [tpcds_partitioned_parquet_snap.household_demographics]
|  |     HDFS partitions=1/1 files=1 size=41.69KB
|  |     runtime filters: RF069[min_max] -> tpcds_partitioned_parquet_snap.household_demographics_1.hd_income_band_sk
|  |     stored statistics:
|  |       table: rows=7.20K size=41.69KB
|  |       columns: all
|  |     extrapolated-rows=disabled max-scan-range-rows=7.20K
|  |     mem-estimate=16.00MB mem-reservation=64.00KB thread-reservation=0
|  |     tuple-ids=48 row-size=36B cardinality=7.20K cost=2436
|  |     in pipelines: 46(GETNEXT)
|  |
|  45:HASH JOIN [INNER JOIN]
|  |  hash predicates: tpcds_partitioned_parquet_snap.store_sales_0.ss_item_sk = tpcds_partitioned_parquet_snap.item_0.i_item_sk
|  |  fk/pk conjuncts: tpcds_partitioned_parquet_snap.store_sales_0.ss_item_sk = tpcds_partitioned_parquet_snap.item_0.i_item_sk
|  |  runtime filters: RF062[bloom] <- tpcds_partitioned_parquet_snap.item_0.i_item_sk, RF063[min_max] <- tpcds_partitioned_parquet_snap.item_0.i_item_sk
|  |  mem-estimate=4.75MB mem-reservation=4.75MB spill-buffer=256.00KB thread-reservation=0
|  |  tuple-ids=40,42,44,46 row-size=1.19KB cardinality=172.88M(filtered from 172.88M) cost=75676897
|  |  in pipelines: 39(GETNEXT), 44(OPEN)
|  |
|  |--44:SCAN HDFS [tpcds_partitioned_parquet_snap.item]
|  |     HDFS partitions=1/1 files=1 size=33.54MB
|  |     predicates: tpcds_partitioned_parquet_snap.item_0.i_current_price <= CAST(add(CAST(75 AS SMALLINT), CAST(10 AS SMALLINT)) AS DECIMAL(5,0)), tpcds_partitioned_parquet_snap.item_0.i_current_price <= CAST(add(CAST(75 AS SMALLINT), CAST(15 AS SMALLINT)) AS DECIMAL(5,0)), tpcds_partitioned_parquet_snap.item_0.i_current_price >= CAST(75 AS DECIMAL(3,0)), tpcds_partitioned_parquet_snap.item_0.i_current_price >= CAST(add(CAST(75 AS SMALLINT), CAST(1 AS SMALLINT)) AS DECIMAL(5,0)), tpcds_partitioned_parquet_snap.item_0.i_color = 'almond' OR tpcds_partitioned_parquet_snap.item_0.i_color = 'chocolate' OR tpcds_partitioned_parquet_snap.item_0.i_color = 'drab' OR tpcds_partitioned_parquet_snap.item_0.i_color = 'misty' OR tpcds_partitioned_parquet_snap.item_0.i_color = 'peach' OR tpcds_partitioned_parquet_snap.item_0.i_color = 'saddle'
|  |     runtime filters: RF050[min_max] -> tpcds_partitioned_parquet_snap.item_0.i_item_sk, RF047[min_max] -> tpcds_partitioned_parquet_snap.item_0.i_item_sk, RF048[bloom] -> tpcds_partitioned_parquet_snap.item_0.i_item_sk
|  |     stored statistics:
|  |       table: rows=360.00K size=33.54MB
|  |       columns: all
|  |     extrapolated-rows=disabled max-scan-range-rows=101.54K
|  |     parquet statistics predicates: tpcds_partitioned_parquet_snap.item_0.i_current_price <= CAST(add(CAST(75 AS SMALLINT), CAST(10 AS SMALLINT)) AS DECIMAL(5,0)), tpcds_partitioned_parquet_snap.item_0.i_current_price <= CAST(add(CAST(75 AS SMALLINT), CAST(15 AS SMALLINT)) AS DECIMAL(5,0)), tpcds_partitioned_parquet_snap.item_0.i_current_price >= CAST(75 AS DECIMAL(3,0)), tpcds_partitioned_parquet_snap.item_0.i_current_price >= CAST(add(CAST(75 AS SMALLINT), CAST(1 AS SMALLINT)) AS DECIMAL(5,0))
|  |     parquet dictionary predicates: tpcds_partitioned_parquet_snap.item_0.i_current_price <= CAST(add(CAST(75 AS SMALLINT), CAST(10 AS SMALLINT)) AS DECIMAL(5,0)), tpcds_partitioned_parquet_snap.item_0.i_current_price <= CAST(add(CAST(75 AS SMALLINT), CAST(15 AS SMALLINT)) AS DECIMAL(5,0)), tpcds_partitioned_parquet_snap.item_0.i_current_price >= CAST(75 AS DECIMAL(3,0)), tpcds_partitioned_parquet_snap.item_0.i_current_price >= CAST(add(CAST(75 AS SMALLINT), CAST(1 AS SMALLINT)) AS DECIMAL(5,0)), tpcds_partitioned_parquet_snap.item_0.i_color = 'almond' OR tpcds_partitioned_parquet_snap.item_0.i_color = 'chocolate' OR tpcds_partitioned_parquet_snap.item_0.i_color = 'drab' OR tpcds_partitioned_parquet_snap.item_0.i_color = 'misty' OR tpcds_partitioned_parquet_snap.item_0.i_color = 'peach' OR tpcds_partitioned_parquet_snap.item_0.i_color = 'saddle'
|  |     mem-estimate=16.00MB mem-reservation=512.00KB thread-reservation=0
|  |     tuple-ids=46 row-size=405B cardinality=7.21K cost=1406189
|  |     in pipelines: 44(GETNEXT)
|  |
|  43:HASH JOIN [INNER JOIN]
|  |  hash predicates: tpcds_partitioned_parquet_snap.store_sales_0.ss_promo_sk = tpcds_partitioned_parquet_snap.promotion_0.p_promo_sk
|  |  fk/pk conjuncts: tpcds_partitioned_parquet_snap.store_sales_0.ss_promo_sk = tpcds_partitioned_parquet_snap.promotion_0.p_promo_sk
|  |  runtime filters: RF065[min_max] <- tpcds_partitioned_parquet_snap.promotion_0.p_promo_sk
|  |  mem-estimate=1.94MB mem-reservation=1.94MB spill-buffer=64.00KB thread-reservation=0
|  |  tuple-ids=40,42,44 row-size=815B cardinality=172.88M(filtered from 8.64G) cost=1609901844
|  |  in pipelines: 39(GETNEXT), 42(OPEN)
|  |
|  |--42:SCAN HDFS [tpcds_partitioned_parquet_snap.promotion]
|  |     HDFS partitions=1/1 files=1 size=100.50KB
|  |     stored statistics:
|  |       table: rows=1.80K size=100.50KB
|  |       columns: all
|  |     extrapolated-rows=disabled max-scan-range-rows=1.80K
|  |     mem-estimate=16.00MB mem-reservation=152.00KB thread-reservation=0
|  |     tuple-ids=44 row-size=260B cardinality=1.80K cost=2691
|  |     in pipelines: 42(GETNEXT)
|  |
|  41:HASH JOIN [INNER JOIN]
|  |  hash predicates: tpcds_partitioned_parquet_snap.store_sales_0.ss_store_sk = tpcds_partitioned_parquet_snap.store_0.s_store_sk
|  |  fk/pk conjuncts: tpcds_partitioned_parquet_snap.store_sales_0.ss_store_sk = tpcds_partitioned_parquet_snap.store_0.s_store_sk
|  |  runtime filters: RF067[min_max] <- tpcds_partitioned_parquet_snap.store_0.s_store_sk
|  |  mem-estimate=1.94MB mem-reservation=1.94MB spill-buffer=64.00KB thread-reservation=0
|  |  tuple-ids=40,42 row-size=555B cardinality=172.88M(filtered from 8.64G) cost=1609901394
|  |  in pipelines: 39(GETNEXT), 40(OPEN)
|  |
|  |--40:SCAN HDFS [tpcds_partitioned_parquet_snap.store]
|  |     HDFS partitions=1/1 files=1 size=119.76KB
|  |     stored statistics:
|  |       table: rows=1.35K size=119.76KB
|  |       columns: all
|  |     extrapolated-rows=disabled max-scan-range-rows=1.35K
|  |     mem-estimate=16.00MB mem-reservation=232.00KB thread-reservation=0
|  |     tuple-ids=42 row-size=459B cardinality=1.35K cost=4718
|  |     in pipelines: 40(GETNEXT)
|  |
|  39:SCAN HDFS [tpcds_partitioned_parquet_snap.store_sales]
|     HDFS partitions=1824/1824 files=1824 size=389.90GB
|     runtime filters: RF063[min_max] -> tpcds_partitioned_parquet_snap.store_sales_0.ss_item_sk, RF050[min_max] -> tpcds_partitioned_parquet_snap.store_sales_0.ss_item_sk, RF051[min_max] -> tpcds_partitioned_parquet_snap.store_sales_0.ss_ticket_number, RF055[min_max] -> tpcds_partitioned_parquet_snap.store_sales_0.ss_customer_sk, RF057[min_max] -> tpcds_partitioned_parquet_snap.store_sales_0.ss_addr_sk, RF061[min_max] -> tpcds_partitioned_parquet_snap.store_sales_0.ss_hdemo_sk, RF053[min_max] -> tpcds_partitioned_parquet_snap.store_sales_0.ss_cdemo_sk, RF065[min_max] -> tpcds_partitioned_parquet_snap.store_sales_0.ss_promo_sk, RF067[min_max] -> tpcds_partitioned_parquet_snap.store_sales_0.ss_store_sk, RF047[min_max] -> tpcds_partitioned_parquet_snap.store_sales_0.ss_item_sk, RF062[bloom] -> tpcds_partitioned_parquet_snap.store_sales_0.ss_item_sk, RF048[bloom] -> tpcds_partitioned_parquet_snap.store_sales_0.ss_item_sk, RF049[bloom] -> tpcds_partitioned_parquet_snap.store_sales_0.ss_ticket_number
|     stored statistics:
|       table: rows=8.64G size=389.90GB
|       partitions: 1824/1824 rows=8.64G
|       columns: all
|     extrapolated-rows=disabled max-scan-range-rows=390.22M
|     mem-estimate=16.00MB mem-reservation=8.00MB thread-reservation=0
|     tuple-ids=40 row-size=96B cardinality=172.88M(filtered from 8.64G) cost=11943846410
|     in pipelines: 39(GETNEXT)
|
38:AGGREGATE [FINALIZE]
|  output: count(), sum(tpcds_partitioned_parquet_snap.store_sales.ss_wholesale_cost), sum(tpcds_partitioned_parquet_snap.store_sales.ss_list_price), sum(tpcds_partitioned_parquet_snap.store_sales.ss_coupon_amt)
|  group by: tpcds_partitioned_parquet_snap.item.i_product_name, tpcds_partitioned_parquet_snap.item.i_item_sk, tpcds_partitioned_parquet_snap.store.s_store_name, tpcds_partitioned_parquet_snap.store.s_zip, tpcds_partitioned_parquet_snap.customer_address.ca_street_number, tpcds_partitioned_parquet_snap.customer_address.ca_street_name, tpcds_partitioned_parquet_snap.customer_address.ca_city, tpcds_partitioned_parquet_snap.customer_address.ca_zip, tpcds_partitioned_parquet_snap.customer_address_0.ca_street_number, tpcds_partitioned_parquet_snap.customer_address_0.ca_street_name, tpcds_partitioned_parquet_snap.customer_address_0.ca_city, tpcds_partitioned_parquet_snap.customer_address_0.ca_zip, tpcds_partitioned_parquet_snap.date_dim.d_year, tpcds_partitioned_parquet_snap.date_dim_0.d_year, tpcds_partitioned_parquet_snap.date_dim_1.d_year
|  having: tpcds_partitioned_parquet_snap.date_dim.d_year = CAST(2000 AS INT)
|  mem-estimate=527.00MB mem-reservation=34.00MB spill-buffer=2.00MB thread-reservation=0
|  tuple-ids=39 row-size=287B cardinality=4.41M cost=5281247328
|  in pipelines: 38(GETNEXT), 00(OPEN)
|
37:HASH JOIN [INNER JOIN]
|  hash predicates: tpcds_partitioned_parquet_snap.store_sales.ss_item_sk = tpcds_partitioned_parquet_snap.catalog_sales.cs_item_sk
|  fk/pk conjuncts: none
|  runtime filters: RF007[min_max] <- tpcds_partitioned_parquet_snap.catalog_sales.cs_item_sk
|  mem-estimate=2.88MB mem-reservation=2.88MB spill-buffer=128.00KB thread-reservation=0
|  tuple-ids=0,2,4,6,8,10,12,14,16,18,20,22,24,26,28,30,32,38 row-size=2.92KB cardinality=863.99M cost=182018991
|  in pipelines: 00(GETNEXT), 36(OPEN)
|
|--36:AGGREGATE [FINALIZE]
|  |  output: sum(tpcds_partitioned_parquet_snap.catalog_sales.cs_ext_list_price), sum(add(add(tpcds_partitioned_parquet_snap.catalog_returns.cr_refunded_cash, tpcds_partitioned_parquet_snap.catalog_returns.cr_reversed_charge), tpcds_partitioned_parquet_snap.catalog_returns.cr_store_credit))
|  |  group by: tpcds_partitioned_parquet_snap.catalog_sales.cs_item_sk
|  |  having: sum(tpcds_partitioned_parquet_snap.catalog_sales.cs_ext_list_price) > multiply(CAST(2 AS DECIMAL(3,0)), sum(add(add(tpcds_partitioned_parquet_snap.catalog_returns.cr_refunded_cash, tpcds_partitioned_parquet_snap.catalog_returns.cr_reversed_charge), tpcds_partitioned_parquet_snap.catalog_returns.cr_store_credit)))
|  |  mem-estimate=34.00MB mem-reservation=34.00MB spill-buffer=2.00MB thread-reservation=0
|  |  tuple-ids=38 row-size=36B cardinality=36.02K cost=928618209
|  |  in pipelines: 36(GETNEXT), 33(OPEN)
|  |
|  35:HASH JOIN [INNER JOIN]
|  |  hash predicates: tpcds_partitioned_parquet_snap.catalog_sales.cs_item_sk = tpcds_partitioned_parquet_snap.catalog_returns.cr_item_sk, tpcds_partitioned_parquet_snap.catalog_sales.cs_order_number = tpcds_partitioned_parquet_snap.catalog_returns.cr_order_number
|  |  fk/pk conjuncts: tpcds_partitioned_parquet_snap.catalog_sales.cs_item_sk = tpcds_partitioned_parquet_snap.catalog_returns.cr_item_sk, tpcds_partitioned_parquet_snap.catalog_sales.cs_order_number = tpcds_partitioned_parquet_snap.catalog_returns.cr_order_number
|  |  runtime filters: RF042[bloom] <- tpcds_partitioned_parquet_snap.catalog_returns.cr_item_sk, RF043[bloom] <- tpcds_partitioned_parquet_snap.catalog_returns.cr_order_number, RF044[min_max] <- tpcds_partitioned_parquet_snap.catalog_returns.cr_item_sk, RF045[min_max] <- tpcds_partitioned_parquet_snap.catalog_returns.cr_order_number
|  |  mem-estimate=50.00GB mem-reservation=34.00MB spill-buffer=2.00MB thread-reservation=0
|  |  tuple-ids=34,36 row-size=252B cardinality=2.56G cost=1922201419
|  |  in pipelines: 33(GETNEXT), 34(OPEN)
|  |
|  |--34:SCAN HDFS [tpcds_partitioned_parquet_snap.catalog_returns]
|  |     HDFS partitions=2060/2060 files=2060 size=32.77GB
|  |     runtime filters: RF003[min_max] -> tpcds_partitioned_parquet_snap.catalog_returns.cr_item_sk
|  |     stored statistics:
|  |       table: rows=432.02M size=32.77GB
|  |       partitions: 2060/2060 rows=432.02M
|  |       columns: all
|  |     extrapolated-rows=disabled max-scan-range-rows=416.82K
|  |     mem-estimate=16.00MB mem-reservation=208.00KB thread-reservation=0
|  |     tuple-ids=36 row-size=112B cardinality=432.02M cost=696757003
|  |     in pipelines: 34(GETNEXT)
|  |
|  33:SCAN HDFS [tpcds_partitioned_parquet_snap.catalog_sales]
|     HDFS partitions=1831/1831 files=1831 size=280.96GB
|     runtime filters: RF044[min_max] -> tpcds_partitioned_parquet_snap.catalog_sales.cs_item_sk, RF045[min_max] -> tpcds_partitioned_parquet_snap.catalog_sales.cs_order_number, RF003[min_max] -> tpcds_partitioned_parquet_snap.catalog_sales.cs_item_sk, RF042[bloom] -> tpcds_partitioned_parquet_snap.catalog_sales.cs_item_sk, RF043[bloom] -> tpcds_partitioned_parquet_snap.catalog_sales.cs_order_number
|     stored statistics:
|       table: rows=4.32G size=280.96GB
|       partitions: 1831/1831 rows=4.32G
|       columns: all
|     extrapolated-rows=disabled max-scan-range-rows=21.52M
|     mem-estimate=16.00MB mem-reservation=1.00MB thread-reservation=0
|     tuple-ids=34 row-size=140B cardinality=4.00G(filtered from 4.32G) cost=8709277205
|     in pipelines: 33(GETNEXT)
|
32:HASH JOIN [INNER JOIN]
|  hash predicates: tpcds_partitioned_parquet_snap.store_sales.ss_item_sk = tpcds_partitioned_parquet_snap.store_returns.sr_item_sk, tpcds_partitioned_parquet_snap.store_sales.ss_ticket_number = tpcds_partitioned_parquet_snap.store_returns.sr_ticket_number
|  fk/pk conjuncts: tpcds_partitioned_parquet_snap.store_sales.ss_item_sk = tpcds_partitioned_parquet_snap.store_returns.sr_item_sk, tpcds_partitioned_parquet_snap.store_sales.ss_ticket_number = tpcds_partitioned_parquet_snap.store_returns.sr_ticket_number
|  runtime filters: RF008[bloom] <- tpcds_partitioned_parquet_snap.store_returns.sr_item_sk, RF009[bloom] <- tpcds_partitioned_parquet_snap.store_returns.sr_ticket_number, RF010[min_max] <- tpcds_partitioned_parquet_snap.store_returns.sr_item_sk, RF011[min_max] <- tpcds_partitioned_parquet_snap.store_returns.sr_ticket_number
|  mem-estimate=50.00GB mem-reservation=34.00MB spill-buffer=2.00MB thread-reservation=0
|  tuple-ids=0,2,4,6,8,10,12,14,16,18,20,22,24,26,28,30,32 row-size=2.88KB cardinality=99.13M cost=918566625
|  in pipelines: 00(GETNEXT), 31(OPEN)
|
|--31:SCAN HDFS [tpcds_partitioned_parquet_snap.store_returns]
|     HDFS partitions=2004/2004 files=2004 size=48.14GB
|     runtime filters: RF003[min_max] -> tpcds_partitioned_parquet_snap.store_returns.sr_item_sk, RF007[min_max] -> tpcds_partitioned_parquet_snap.store_returns.sr_item_sk
|     stored statistics:
|       table: rows=863.99M size=48.14GB
|       partitions: 2004/2004 rows=863.99M
|       columns: all
|     extrapolated-rows=disabled max-scan-range-rows=30.09M
|     mem-estimate=16.00MB mem-reservation=512.00KB thread-reservation=0
|     tuple-ids=32 row-size=84B cardinality=863.99M cost=1045080649
|     in pipelines: 31(GETNEXT)
|
30:HASH JOIN [INNER JOIN]
|  hash predicates: tpcds_partitioned_parquet_snap.store_sales.ss_cdemo_sk = tpcds_partitioned_parquet_snap.customer_demographics_0.cd_demo_sk
|  fk/pk conjuncts: tpcds_partitioned_parquet_snap.store_sales.ss_cdemo_sk = tpcds_partitioned_parquet_snap.customer_demographics_0.cd_demo_sk
|  other join predicates: tpcds_partitioned_parquet_snap.customer_demographics_0.cd_marital_status != tpcds_partitioned_parquet_snap.customer_demographics.cd_marital_status
|  runtime filters: RF013[min_max] <- tpcds_partitioned_parquet_snap.customer_demographics_0.cd_demo_sk
|  mem-estimate=206.58MB mem-reservation=34.00MB spill-buffer=2.00MB thread-reservation=0
|  tuple-ids=0,2,4,6,8,10,12,14,16,18,20,22,24,26,28,30 row-size=2.80KB cardinality=142.75M cost=64856215
|  in pipelines: 00(GETNEXT), 29(OPEN)
|
|--29:SCAN HDFS [tpcds_partitioned_parquet_snap.customer_demographics]
|     HDFS partitions=1/1 files=1 size=11.15MB
|     stored statistics:
|       table: rows=1.92M size=11.15MB
|       columns: all
|     extrapolated-rows=disabled max-scan-range-rows=197.97K
|     mem-estimate=16.00MB mem-reservation=1.00MB thread-reservation=0
|     tuple-ids=30 row-size=87B cardinality=1.92M cost=1066867
|     in pipelines: 29(GETNEXT)
|
28:HASH JOIN [INNER JOIN]
|  hash predicates: tpcds_partitioned_parquet_snap.store_sales.ss_customer_sk = tpcds_partitioned_parquet_snap.customer.c_customer_sk
|  fk/pk conjuncts: tpcds_partitioned_parquet_snap.store_sales.ss_customer_sk = tpcds_partitioned_parquet_snap.customer.c_customer_sk
|  runtime filters: RF014[bloom] <- tpcds_partitioned_parquet_snap.customer.c_customer_sk, RF015[min_max] <- tpcds_partitioned_parquet_snap.customer.c_customer_sk
|  mem-estimate=28.88GB mem-reservation=34.00MB spill-buffer=2.00MB thread-reservation=0
|  tuple-ids=0,2,4,6,8,10,12,14,16,18,20,22,24,26,28 row-size=2.72KB cardinality=144.52M cost=96993950
|  in pipelines: 00(GETNEXT), 15(OPEN)
|
|--27:HASH JOIN [INNER JOIN]
|  |  hash predicates: tpcds_partitioned_parquet_snap.customer.c_current_addr_sk = tpcds_partitioned_parquet_snap.customer_address_0.ca_address_sk
|  |  fk/pk conjuncts: tpcds_partitioned_parquet_snap.customer.c_current_addr_sk = tpcds_partitioned_parquet_snap.customer_address_0.ca_address_sk
|  |  runtime filters: RF031[min_max] <- tpcds_partitioned_parquet_snap.customer_address_0.ca_address_sk
|  |  mem-estimate=3.61GB mem-reservation=34.00MB spill-buffer=2.00MB thread-reservation=0
|  |  tuple-ids=16,18,20,22,24,26,28 row-size=1.02KB cardinality=28.93M cost=27660738
|  |  in pipelines: 15(GETNEXT), 26(OPEN)
|  |
|  |--26:SCAN HDFS [tpcds_partitioned_parquet_snap.customer_address]
|  |     HDFS partitions=1/1 files=1 size=307.36MB
|  |     stored statistics:
|  |       table: rows=15.00M size=307.36MB
|  |       columns: all
|  |     extrapolated-rows=disabled max-scan-range-rows=1.58M
|  |     mem-estimate=16.00MB mem-reservation=128.00KB thread-reservation=0
|  |     tuple-ids=28 row-size=232B cardinality=15.00M cost=21515206
|  |     in pipelines: 26(GETNEXT)
|  |
|  25:HASH JOIN [INNER JOIN]
|  |  hash predicates: tpcds_partitioned_parquet_snap.customer.c_current_cdemo_sk = tpcds_partitioned_parquet_snap.customer_demographics.cd_demo_sk
|  |  fk/pk conjuncts: tpcds_partitioned_parquet_snap.customer.c_current_cdemo_sk = tpcds_partitioned_parquet_snap.customer_demographics.cd_demo_sk
|  |  runtime filters: RF033[min_max] <- tpcds_partitioned_parquet_snap.customer_demographics.cd_demo_sk
|  |  mem-estimate=206.58MB mem-reservation=34.00MB spill-buffer=2.00MB thread-reservation=0
|  |  tuple-ids=16,18,20,22,24,26 row-size=813B cardinality=28.93M cost=14673508
|  |  in pipelines: 15(GETNEXT), 24(OPEN)
|  |
|  |--24:SCAN HDFS [tpcds_partitioned_parquet_snap.customer_demographics]
|  |     HDFS partitions=1/1 files=1 size=11.15MB
|  |     stored statistics:
|  |       table: rows=1.92M size=11.15MB
|  |       columns: all
|  |     extrapolated-rows=disabled max-scan-range-rows=197.97K
|  |     mem-estimate=16.00MB mem-reservation=1.00MB thread-reservation=0
|  |     tuple-ids=26 row-size=87B cardinality=1.92M cost=1066867
|  |     in pipelines: 24(GETNEXT)
|  |
|  23:HASH JOIN [INNER JOIN]
|  |  hash predicates: tpcds_partitioned_parquet_snap.customer.c_first_shipto_date_sk = tpcds_partitioned_parquet_snap.date_dim_1.d_date_sk
|  |  fk/pk conjuncts: tpcds_partitioned_parquet_snap.customer.c_first_shipto_date_sk = tpcds_partitioned_parquet_snap.date_dim_1.d_date_sk
|  |  runtime filters: RF035[min_max] <- tpcds_partitioned_parquet_snap.date_dim_1.d_date_sk
|  |  mem-estimate=34.00MB mem-reservation=34.00MB spill-buffer=2.00MB thread-reservation=0
|  |  tuple-ids=16,18,20,22,24 row-size=726B cardinality=29.28M cost=12890728
|  |  in pipelines: 15(GETNEXT), 22(OPEN)
|  |
|  |--22:SCAN HDFS [tpcds_partitioned_parquet_snap.date_dim]
|  |     HDFS partitions=1/1 files=1 size=2.17MB
|  |     stored statistics:
|  |       table: rows=73.05K size=2.17MB
|  |       columns: all
|  |     extrapolated-rows=disabled max-scan-range-rows=73.05K
|  |     mem-estimate=16.00MB mem-reservation=4.00MB thread-reservation=0
|  |     tuple-ids=24 row-size=237B cardinality=73.05K cost=110600
|  |     in pipelines: 22(GETNEXT)
|  |
|  21:HASH JOIN [INNER JOIN]
|  |  hash predicates: tpcds_partitioned_parquet_snap.customer.c_first_sales_date_sk = tpcds_partitioned_parquet_snap.date_dim_0.d_date_sk
|  |  fk/pk conjuncts: tpcds_partitioned_parquet_snap.customer.c_first_sales_date_sk = tpcds_partitioned_parquet_snap.date_dim_0.d_date_sk
|  |  runtime filters: RF037[min_max] <- tpcds_partitioned_parquet_snap.date_dim_0.d_date_sk
|  |  mem-estimate=34.00MB mem-reservation=34.00MB spill-buffer=2.00MB thread-reservation=0
|  |  tuple-ids=16,18,20,22 row-size=489B cardinality=29.28M cost=12890728
|  |  in pipelines: 15(GETNEXT), 20(OPEN)
|  |
|  |--20:SCAN HDFS [tpcds_partitioned_parquet_snap.date_dim]
|  |     HDFS partitions=1/1 files=1 size=2.17MB
|  |     stored statistics:
|  |       table: rows=73.05K size=2.17MB
|  |       columns: all
|  |     extrapolated-rows=disabled max-scan-range-rows=73.05K
|  |     mem-estimate=16.00MB mem-reservation=4.00MB thread-reservation=0
|  |     tuple-ids=22 row-size=237B cardinality=73.05K cost=110600
|  |     in pipelines: 20(GETNEXT)
|  |
|  19:HASH JOIN [INNER JOIN]
|  |  hash predicates: tpcds_partitioned_parquet_snap.customer.c_current_hdemo_sk = tpcds_partitioned_parquet_snap.household_demographics_0.hd_demo_sk
|  |  fk/pk conjuncts: tpcds_partitioned_parquet_snap.customer.c_current_hdemo_sk = tpcds_partitioned_parquet_snap.household_demographics_0.hd_demo_sk
|  |  runtime filters: RF039[min_max] <- tpcds_partitioned_parquet_snap.household_demographics_0.hd_demo_sk
|  |  mem-estimate=1.94MB mem-reservation=1.94MB spill-buffer=64.00KB thread-reservation=0
|  |  tuple-ids=16,18,20 row-size=252B cardinality=29.28M cost=12824879
|  |  in pipelines: 15(GETNEXT), 16(OPEN)
|  |
|  |--18:HASH JOIN [INNER JOIN]
|  |  |  hash predicates: tpcds_partitioned_parquet_snap.household_demographics_0.hd_income_band_sk = tpcds_partitioned_parquet_snap.income_band_0.ib_income_band_sk
|  |  |  fk/pk conjuncts: tpcds_partitioned_parquet_snap.household_demographics_0.hd_income_band_sk = tpcds_partitioned_parquet_snap.income_band_0.ib_income_band_sk
|  |  |  runtime filters: RF041[min_max] <- tpcds_partitioned_parquet_snap.income_band_0.ib_income_band_sk
|  |  |  mem-estimate=1.94MB mem-reservation=1.94MB spill-buffer=64.00KB thread-reservation=0
|  |  |  tuple-ids=18,20 row-size=48B cardinality=7.20K cost=3171
|  |  |  in pipelines: 16(GETNEXT), 17(OPEN)
|  |  |
|  |  |--17:SCAN HDFS [tpcds_partitioned_parquet_snap.income_band]
|  |  |     HDFS partitions=1/1 files=1 size=1.22KB
|  |  |     stored statistics:
|  |  |       table: rows=20 size=1.22KB
|  |  |       columns: all
|  |  |     extrapolated-rows=disabled max-scan-range-rows=20
|  |  |     mem-estimate=16.00MB mem-reservation=24.00KB thread-reservation=0
|  |  |     tuple-ids=20 row-size=12B cardinality=20 cost=3
|  |  |     in pipelines: 17(GETNEXT)
|  |  |
|  |  16:SCAN HDFS [tpcds_partitioned_parquet_snap.household_demographics]
|  |     HDFS partitions=1/1 files=1 size=41.69KB
|  |     runtime filters: RF041[min_max] -> tpcds_partitioned_parquet_snap.household_demographics_0.hd_income_band_sk
|  |     stored statistics:
|  |       table: rows=7.20K size=41.69KB
|  |       columns: all
|  |     extrapolated-rows=disabled max-scan-range-rows=7.20K
|  |     mem-estimate=16.00MB mem-reservation=64.00KB thread-reservation=0
|  |     tuple-ids=18 row-size=36B cardinality=7.20K cost=2436
|  |     in pipelines: 16(GETNEXT)
|  |
|  15:SCAN HDFS [tpcds_partitioned_parquet_snap.customer]
|     HDFS partitions=1/1 files=1 size=1.55GB
|     runtime filters: RF039[min_max] -> tpcds_partitioned_parquet_snap.customer.c_current_hdemo_sk, RF033[min_max] -> tpcds_partitioned_parquet_snap.customer.c_current_cdemo_sk, RF031[min_max] -> tpcds_partitioned_parquet_snap.customer.c_current_addr_sk, RF035[min_max] -> tpcds_partitioned_parquet_snap.customer.c_first_shipto_date_sk, RF037[min_max] -> tpcds_partitioned_parquet_snap.customer.c_first_sales_date_sk
|     stored statistics:
|       table: rows=30.00M size=1.55GB
|       columns: all
|     extrapolated-rows=disabled max-scan-range-rows=3.10M
|     mem-estimate=16.00MB mem-reservation=1.00MB thread-reservation=0
|     tuple-ids=16 row-size=204B cardinality=29.28M(filtered from 30.00M) cost=46823813
|     in pipelines: 15(GETNEXT)
|
14:HASH JOIN [INNER JOIN]
|  hash predicates: tpcds_partitioned_parquet_snap.store_sales.ss_addr_sk = tpcds_partitioned_parquet_snap.customer_address.ca_address_sk
|  fk/pk conjuncts: tpcds_partitioned_parquet_snap.store_sales.ss_addr_sk = tpcds_partitioned_parquet_snap.customer_address.ca_address_sk
|  runtime filters: RF017[min_max] <- tpcds_partitioned_parquet_snap.customer_address.ca_address_sk
|  mem-estimate=3.61GB mem-reservation=34.00MB spill-buffer=2.00MB thread-reservation=0
|  tuple-ids=0,2,4,6,8,10,12,14 row-size=1.70KB cardinality=163.28M cost=87872132
|  in pipelines: 00(GETNEXT), 13(OPEN)
|
|--13:SCAN HDFS [tpcds_partitioned_parquet_snap.customer_address]
|     HDFS partitions=1/1 files=1 size=307.36MB
|     stored statistics:
|       table: rows=15.00M size=307.36MB
|       columns: all
|     extrapolated-rows=disabled max-scan-range-rows=1.58M
|     mem-estimate=16.00MB mem-reservation=128.00KB thread-reservation=0
|     tuple-ids=14 row-size=232B cardinality=15.00M cost=21515206
|     in pipelines: 13(GETNEXT)
|
12:HASH JOIN [INNER JOIN]
|  hash predicates: tpcds_partitioned_parquet_snap.store_sales.ss_sold_date_sk = tpcds_partitioned_parquet_snap.date_dim.d_date_sk
|  fk/pk conjuncts: tpcds_partitioned_parquet_snap.store_sales.ss_sold_date_sk = tpcds_partitioned_parquet_snap.date_dim.d_date_sk
|  mem-estimate=34.00MB mem-reservation=34.00MB spill-buffer=2.00MB thread-reservation=0
|  tuple-ids=0,2,4,6,8,10,12 row-size=1.47KB cardinality=168.76M cost=73937172
|  in pipelines: 00(GETNEXT), 11(OPEN)
|
|--11:SCAN HDFS [tpcds_partitioned_parquet_snap.date_dim]
|     HDFS partitions=1/1 files=1 size=2.17MB
|     stored statistics:
|       table: rows=73.05K size=2.17MB
|       columns: all
|     extrapolated-rows=disabled max-scan-range-rows=73.05K
|     mem-estimate=16.00MB mem-reservation=4.00MB thread-reservation=0
|     tuple-ids=12 row-size=237B cardinality=73.05K cost=110600
|     in pipelines: 11(GETNEXT)
|
10:HASH JOIN [INNER JOIN]
|  hash predicates: tpcds_partitioned_parquet_snap.store_sales.ss_hdemo_sk = tpcds_partitioned_parquet_snap.household_demographics.hd_demo_sk
|  fk/pk conjuncts: tpcds_partitioned_parquet_snap.store_sales.ss_hdemo_sk = tpcds_partitioned_parquet_snap.household_demographics.hd_demo_sk
|  runtime filters: RF021[min_max] <- tpcds_partitioned_parquet_snap.household_demographics.hd_demo_sk
|  mem-estimate=1.94MB mem-reservation=1.94MB spill-buffer=64.00KB thread-reservation=0
|  tuple-ids=0,2,4,6,8,10 row-size=1.24KB cardinality=168.76M cost=74929418
|  in pipelines: 00(GETNEXT), 07(OPEN)
|
|--09:HASH JOIN [INNER JOIN]
|  |  hash predicates: tpcds_partitioned_parquet_snap.household_demographics.hd_income_band_sk = tpcds_partitioned_parquet_snap.income_band.ib_income_band_sk
|  |  fk/pk conjuncts: tpcds_partitioned_parquet_snap.household_demographics.hd_income_band_sk = tpcds_partitioned_parquet_snap.income_band.ib_income_band_sk
|  |  runtime filters: RF029[min_max] <- tpcds_partitioned_parquet_snap.income_band.ib_income_band_sk
|  |  mem-estimate=1.94MB mem-reservation=1.94MB spill-buffer=64.00KB thread-reservation=0
|  |  tuple-ids=8,10 row-size=48B cardinality=7.20K cost=3171
|  |  in pipelines: 07(GETNEXT), 08(OPEN)
|  |
|  |--08:SCAN HDFS [tpcds_partitioned_parquet_snap.income_band]
|  |     HDFS partitions=1/1 files=1 size=1.22KB
|  |     stored statistics:
|  |       table: rows=20 size=1.22KB
|  |       columns: all
|  |     extrapolated-rows=disabled max-scan-range-rows=20
|  |     mem-estimate=16.00MB mem-reservation=24.00KB thread-reservation=0
|  |     tuple-ids=10 row-size=12B cardinality=20 cost=3
|  |     in pipelines: 08(GETNEXT)
|  |
|  07:SCAN HDFS [tpcds_partitioned_parquet_snap.household_demographics]
|     HDFS partitions=1/1 files=1 size=41.69KB
|     runtime filters: RF029[min_max] -> tpcds_partitioned_parquet_snap.household_demographics.hd_income_band_sk
|     stored statistics:
|       table: rows=7.20K size=41.69KB
|       columns: all
|     extrapolated-rows=disabled max-scan-range-rows=7.20K
|     mem-estimate=16.00MB mem-reservation=64.00KB thread-reservation=0
|     tuple-ids=8 row-size=36B cardinality=7.20K cost=2436
|     in pipelines: 07(GETNEXT)
|
06:HASH JOIN [INNER JOIN]
|  hash predicates: tpcds_partitioned_parquet_snap.store_sales.ss_item_sk = tpcds_partitioned_parquet_snap.item.i_item_sk
|  fk/pk conjuncts: tpcds_partitioned_parquet_snap.store_sales.ss_item_sk = tpcds_partitioned_parquet_snap.item.i_item_sk
|  runtime filters: RF022[bloom] <- tpcds_partitioned_parquet_snap.item.i_item_sk, RF023[min_max] <- tpcds_partitioned_parquet_snap.item.i_item_sk
|  mem-estimate=4.75MB mem-reservation=4.75MB spill-buffer=256.00KB thread-reservation=0
|  tuple-ids=0,2,4,6 row-size=1.19KB cardinality=172.88M(filtered from 172.88M) cost=75676897
|  in pipelines: 00(GETNEXT), 05(OPEN)
|
|--05:SCAN HDFS [tpcds_partitioned_parquet_snap.item]
|     HDFS partitions=1/1 files=1 size=33.54MB
|     predicates: tpcds_partitioned_parquet_snap.item.i_current_price <= CAST(add(CAST(75 AS SMALLINT), CAST(10 AS SMALLINT)) AS DECIMAL(5,0)), tpcds_partitioned_parquet_snap.item.i_current_price <= CAST(add(CAST(75 AS SMALLINT), CAST(15 AS SMALLINT)) AS DECIMAL(5,0)), tpcds_partitioned_parquet_snap.item.i_current_price >= CAST(75 AS DECIMAL(3,0)), tpcds_partitioned_parquet_snap.item.i_current_price >= CAST(add(CAST(75 AS SMALLINT), CAST(1 AS SMALLINT)) AS DECIMAL(5,0)), tpcds_partitioned_parquet_snap.item.i_color = 'almond' OR tpcds_partitioned_parquet_snap.item.i_color = 'chocolate' OR tpcds_partitioned_parquet_snap.item.i_color = 'drab' OR tpcds_partitioned_parquet_snap.item.i_color = 'misty' OR tpcds_partitioned_parquet_snap.item.i_color = 'peach' OR tpcds_partitioned_parquet_snap.item.i_color = 'saddle'
|     runtime filters: RF010[min_max] -> tpcds_partitioned_parquet_snap.item.i_item_sk, RF003[min_max] -> tpcds_partitioned_parquet_snap.item.i_item_sk, RF007[min_max] -> tpcds_partitioned_parquet_snap.item.i_item_sk, RF008[bloom] -> tpcds_partitioned_parquet_snap.item.i_item_sk
|     stored statistics:
|       table: rows=360.00K size=33.54MB
|       columns: all
|     extrapolated-rows=disabled max-scan-range-rows=101.54K
|     parquet statistics predicates: tpcds_partitioned_parquet_snap.item.i_current_price <= CAST(add(CAST(75 AS SMALLINT), CAST(10 AS SMALLINT)) AS DECIMAL(5,0)), tpcds_partitioned_parquet_snap.item.i_current_price <= CAST(add(CAST(75 AS SMALLINT), CAST(15 AS SMALLINT)) AS DECIMAL(5,0)), tpcds_partitioned_parquet_snap.item.i_current_price >= CAST(75 AS DECIMAL(3,0)), tpcds_partitioned_parquet_snap.item.i_current_price >= CAST(add(CAST(75 AS SMALLINT), CAST(1 AS SMALLINT)) AS DECIMAL(5,0))
|     parquet dictionary predicates: tpcds_partitioned_parquet_snap.item.i_current_price <= CAST(add(CAST(75 AS SMALLINT), CAST(10 AS SMALLINT)) AS DECIMAL(5,0)), tpcds_partitioned_parquet_snap.item.i_current_price <= CAST(add(CAST(75 AS SMALLINT), CAST(15 AS SMALLINT)) AS DECIMAL(5,0)), tpcds_partitioned_parquet_snap.item.i_current_price >= CAST(75 AS DECIMAL(3,0)), tpcds_partitioned_parquet_snap.item.i_current_price >= CAST(add(CAST(75 AS SMALLINT), CAST(1 AS SMALLINT)) AS DECIMAL(5,0)), tpcds_partitioned_parquet_snap.item.i_color = 'almond' OR tpcds_partitioned_parquet_snap.item.i_color = 'chocolate' OR tpcds_partitioned_parquet_snap.item.i_color = 'drab' OR tpcds_partitioned_parquet_snap.item.i_color = 'misty' OR tpcds_partitioned_parquet_snap.item.i_color = 'peach' OR tpcds_partitioned_parquet_snap.item.i_color = 'saddle'
|     mem-estimate=16.00MB mem-reservation=512.00KB thread-reservation=0
|     tuple-ids=6 row-size=405B cardinality=7.21K cost=1406189
|     in pipelines: 05(GETNEXT)
|
04:HASH JOIN [INNER JOIN]
|  hash predicates: tpcds_partitioned_parquet_snap.store_sales.ss_promo_sk = tpcds_partitioned_parquet_snap.promotion.p_promo_sk
|  fk/pk conjuncts: tpcds_partitioned_parquet_snap.store_sales.ss_promo_sk = tpcds_partitioned_parquet_snap.promotion.p_promo_sk
|  runtime filters: RF025[min_max] <- tpcds_partitioned_parquet_snap.promotion.p_promo_sk
|  mem-estimate=1.94MB mem-reservation=1.94MB spill-buffer=64.00KB thread-reservation=0
|  tuple-ids=0,2,4 row-size=815B cardinality=172.88M(filtered from 8.64G) cost=1609901844
|  in pipelines: 00(GETNEXT), 03(OPEN)
|
|--03:SCAN HDFS [tpcds_partitioned_parquet_snap.promotion]
|     HDFS partitions=1/1 files=1 size=100.50KB
|     stored statistics:
|       table: rows=1.80K size=100.50KB
|       columns: all
|     extrapolated-rows=disabled max-scan-range-rows=1.80K
|     mem-estimate=16.00MB mem-reservation=152.00KB thread-reservation=0
|     tuple-ids=4 row-size=260B cardinality=1.80K cost=2691
|     in pipelines: 03(GETNEXT)
|
02:HASH JOIN [INNER JOIN]
|  hash predicates: tpcds_partitioned_parquet_snap.store_sales.ss_store_sk = tpcds_partitioned_parquet_snap.store.s_store_sk
|  fk/pk conjuncts: tpcds_partitioned_parquet_snap.store_sales.ss_store_sk = tpcds_partitioned_parquet_snap.store.s_store_sk
|  runtime filters: RF027[min_max] <- tpcds_partitioned_parquet_snap.store.s_store_sk
|  mem-estimate=1.94MB mem-reservation=1.94MB spill-buffer=64.00KB thread-reservation=0
|  tuple-ids=0,2 row-size=555B cardinality=172.88M(filtered from 8.64G) cost=1609901394
|  in pipelines: 00(GETNEXT), 01(OPEN)
|
|--01:SCAN HDFS [tpcds_partitioned_parquet_snap.store]
|     HDFS partitions=1/1 files=1 size=119.76KB
|     runtime filters: RF004[min_max] -> tpcds_partitioned_parquet_snap.store.s_store_name, RF005[min_max] -> tpcds_partitioned_parquet_snap.store.s_zip
|     stored statistics:
|       table: rows=1.35K size=119.76KB
|       columns: all
|     extrapolated-rows=disabled max-scan-range-rows=1.35K
|     mem-estimate=16.00MB mem-reservation=232.00KB thread-reservation=0
|     tuple-ids=2 row-size=459B cardinality=1.35K cost=4718
|     in pipelines: 01(GETNEXT)
|
00:SCAN HDFS [tpcds_partitioned_parquet_snap.store_sales]
   HDFS partitions=1824/1824 files=1824 size=389.90GB
   runtime filters: RF023[min_max] -> tpcds_partitioned_parquet_snap.store_sales.ss_item_sk, RF010[min_max] -> tpcds_partitioned_parquet_snap.store_sales.ss_item_sk, RF011[min_max] -> tpcds_partitioned_parquet_snap.store_sales.ss_ticket_number, RF015[min_max] -> tpcds_partitioned_parquet_snap.store_sales.ss_customer_sk, RF017[min_max] -> tpcds_partitioned_parquet_snap.store_sales.ss_addr_sk, RF021[min_max] -> tpcds_partitioned_parquet_snap.store_sales.ss_hdemo_sk, RF013[min_max] -> tpcds_partitioned_parquet_snap.store_sales.ss_cdemo_sk, RF003[min_max] -> tpcds_partitioned_parquet_snap.store_sales.ss_item_sk, RF025[min_max] -> tpcds_partitioned_parquet_snap.store_sales.ss_promo_sk, RF027[min_max] -> tpcds_partitioned_parquet_snap.store_sales.ss_store_sk, RF007[min_max] -> tpcds_partitioned_parquet_snap.store_sales.ss_item_sk, RF022[bloom] -> tpcds_partitioned_parquet_snap.store_sales.ss_item_sk, RF008[bloom] -> tpcds_partitioned_parquet_snap.store_sales.ss_item_sk, RF009[bloom] -> tpcds_partitioned_parquet_snap.store_sales.ss_ticket_number, RF014[bloom] -> tpcds_partitioned_parquet_snap.store_sales.ss_customer_sk
   stored statistics:
     table: rows=8.64G size=389.90GB
     partitions: 1824/1824 rows=8.64G
     columns: all
   extrapolated-rows=disabled max-scan-range-rows=390.22M
   mem-estimate=16.00MB mem-reservation=8.00MB thread-reservation=0
   tuple-ids=0 row-size=96B cardinality=172.88M(filtered from 8.64G) cost=11943846410
   in pipelines: 00(GETNEXT)
---- DISTRIBUTEDPLAN
Max Per-Host Resource Reservation: Memory=6.20GB Threads=267
Per-Host Resource Estimates: Memory=114.56GB
F51:PLAN FRAGMENT [UNPARTITIONED] hosts=1 instances=1
|  Per-Instance Resources: mem-estimate=203.31MB mem-reservation=4.00MB thread-reservation=1
|  max-parallelism=1 segment-costs=[96638165] cpu-comparison-result=1156 [max(1 (self) vs 1156 (sum children))]
PLAN-ROOT SINK
|  output exprs: tpcds_partitioned_parquet_snap.item.i_product_name, tpcds_partitioned_parquet_snap.store.s_store_name, tpcds_partitioned_parquet_snap.store.s_zip, tpcds_partitioned_parquet_snap.customer_address.ca_street_number, tpcds_partitioned_parquet_snap.customer_address.ca_street_name, tpcds_partitioned_parquet_snap.customer_address.ca_city, tpcds_partitioned_parquet_snap.customer_address.ca_zip, tpcds_partitioned_parquet_snap.customer_address_0.ca_street_number, tpcds_partitioned_parquet_snap.customer_address_0.ca_street_name, tpcds_partitioned_parquet_snap.customer_address_0.ca_city, tpcds_partitioned_parquet_snap.customer_address_0.ca_zip, tpcds_partitioned_parquet_snap.date_dim.d_year, count(), sum(tpcds_partitioned_parquet_snap.store_sales.ss_wholesale_cost), sum(tpcds_partitioned_parquet_snap.store_sales.ss_list_price), sum(tpcds_partitioned_parquet_snap.store_sales.ss_coupon_amt), sum(tpcds_partitioned_parquet_snap.store_sales_0.ss_wholesale_cost), sum(tpcds_partitioned_parquet_snap.store_sales_0.ss_list_price), sum(tpcds_partitioned_parquet_snap.store_sales_0.ss_coupon_amt), tpcds_partitioned_parquet_snap.date_dim_2.d_year, count()
|  mem-estimate=100.00MB mem-reservation=4.00MB spill-buffer=2.00MB thread-reservation=0 cost=92570752
|
134:MERGING-EXCHANGE [UNPARTITIONED]
|  order by: tpcds_partitioned_parquet_snap.item.i_product_name ASC NULLS LAST, tpcds_partitioned_parquet_snap.store.s_store_name ASC NULLS LAST, count() ASC NULLS LAST, sum(tpcds_partitioned_parquet_snap.store_sales.ss_wholesale_cost) ASC NULLS LAST, sum(tpcds_partitioned_parquet_snap.store_sales_0.ss_wholesale_cost) ASC NULLS LAST
|  mem-estimate=103.31MB mem-reservation=0B thread-reservation=0
|  tuple-ids=80 row-size=335B cardinality=4.41M cost=4067413
|  in pipelines: 79(GETNEXT)
|
F50:PLAN FRAGMENT [HASH(tpcds_partitioned_parquet_snap.item.i_item_sk,tpcds_partitioned_parquet_snap.store.s_store_name,tpcds_partitioned_parquet_snap.store.s_zip)] hosts=10 instances=10 (adjusted from 120)
Per-Instance Resources: mem-estimate=173.52MB mem-reservation=12.00MB thread-reservation=1
max-parallelism=10 segment-costs=[74250385, 40064503] cpu-comparison-result=1156 [max(10 (self) vs 1156 (sum children))]
79:SORT
|  order by: tpcds_partitioned_parquet_snap.item.i_product_name ASC NULLS LAST, tpcds_partitioned_parquet_snap.store.s_store_name ASC NULLS LAST, count() ASC NULLS LAST, sum(tpcds_partitioned_parquet_snap.store_sales.ss_wholesale_cost) ASC NULLS LAST, sum(tpcds_partitioned_parquet_snap.store_sales_0.ss_wholesale_cost) ASC NULLS LAST
|  mem-estimate=140.79MB mem-reservation=12.00MB spill-buffer=2.00MB thread-reservation=0
|  tuple-ids=80 row-size=335B cardinality=4.41M cost=66013545
|  in pipelines: 79(GETNEXT), 105(OPEN)
|
78:HASH JOIN [INNER JOIN, PARTITIONED]
|  hash-table-id=00
|  hash predicates: tpcds_partitioned_parquet_snap.item.i_item_sk = tpcds_partitioned_parquet_snap.item_0.i_item_sk, tpcds_partitioned_parquet_snap.store.s_store_name = tpcds_partitioned_parquet_snap.store_0.s_store_name, tpcds_partitioned_parquet_snap.store.s_zip = tpcds_partitioned_parquet_snap.store_0.s_zip
|  fk/pk conjuncts: tpcds_partitioned_parquet_snap.item.i_item_sk = tpcds_partitioned_parquet_snap.item_0.i_item_sk, tpcds_partitioned_parquet_snap.store.s_store_name = tpcds_partitioned_parquet_snap.store_0.s_store_name, tpcds_partitioned_parquet_snap.store.s_zip = tpcds_partitioned_parquet_snap.store_0.s_zip
|  other join predicates: count() <= count()
|  mem-estimate=0B mem-reservation=0B spill-buffer=2.00MB thread-reservation=0
|  tuple-ids=39,79 row-size=574B cardinality=4.41M cost=1929438
|  in pipelines: 105(GETNEXT), 131(OPEN)
|
|--F52:PLAN FRAGMENT [HASH(tpcds_partitioned_parquet_snap.item.i_item_sk,tpcds_partitioned_parquet_snap.store.s_store_name,tpcds_partitioned_parquet_snap.store.s_zip)] hosts=10 instances=10 (adjusted from 120)
|  |  Per-Instance Resources: mem-estimate=162.94MB mem-reservation=34.00MB thread-reservation=1
|  |  max-parallelism=10 segment-costs=[10715533] cpu-comparison-result=578 [max(10 (self) vs 578 (sum children))]
|  JOIN BUILD
|  |  join-table-id=00 plan-id=01 cohort-id=01
|  |  build expressions: tpcds_partitioned_parquet_snap.item_0.i_item_sk, tpcds_partitioned_parquet_snap.store_0.s_store_name, tpcds_partitioned_parquet_snap.store_0.s_zip
|  |  runtime filters: RF003[min_max] <- tpcds_partitioned_parquet_snap.item_0.i_item_sk, RF004[min_max] <- tpcds_partitioned_parquet_snap.store_0.s_store_name, RF005[min_max] <- tpcds_partitioned_parquet_snap.store_0.s_zip
|  |  mem-estimate=130.21MB mem-reservation=34.00MB spill-buffer=2.00MB thread-reservation=0 cost=4408131
|  |
|  133:EXCHANGE [HASH(tpcds_partitioned_parquet_snap.item_0.i_item_sk,tpcds_partitioned_parquet_snap.store_0.s_store_name,tpcds_partitioned_parquet_snap.store_0.s_zip)]
|  |  mem-estimate=32.73MB mem-reservation=0B thread-reservation=0
|  |  tuple-ids=79 row-size=287B cardinality=4.41M cost=6307402
|  |  in pipelines: 131(GETNEXT)
|  |
|  F49:PLAN FRAGMENT [HASH(tpcds_partitioned_parquet_snap.item_0.i_product_name,tpcds_partitioned_parquet_snap.item_0.i_item_sk,tpcds_partitioned_parquet_snap.store_0.s_store_name,tpcds_partitioned_parquet_snap.store_0.s_zip,tpcds_partitioned_parquet_snap.customer_address_1.ca_street_number,tpcds_partitioned_parquet_snap.customer_address_1.ca_street_name,tpcds_partitioned_parquet_snap.customer_address_1.ca_city,tpcds_partitioned_parquet_snap.customer_address_1.ca_zip,tpcds_partitioned_parquet_snap.customer_address_2.ca_street_number,tpcds_partitioned_parquet_snap.customer_address_2.ca_street_name,tpcds_partitioned_parquet_snap.customer_address_2.ca_city,tpcds_partitioned_parquet_snap.customer_address_2.ca_zip,tpcds_partitioned_parquet_snap.date_dim_2.d_year,tpcds_partitioned_parquet_snap.date_dim_3.d_year,tpcds_partitioned_parquet_snap.date_dim_4.d_year)] hosts=10 instances=80 (adjusted from 120)
|  Per-Instance Resources: mem-estimate=542.04MB mem-reservation=34.00MB thread-reservation=1
|  max-parallelism=660 segment-costs=[6517498108, 83718296] cpu-comparison-result=578 [max(80 (self) vs 578 (sum children))]
|  131:AGGREGATE [FINALIZE]
|  |  output: count:merge(), sum:merge(tpcds_partitioned_parquet_snap.store_sales_0.ss_wholesale_cost), sum:merge(tpcds_partitioned_parquet_snap.store_sales_0.ss_list_price), sum:merge(tpcds_partitioned_parquet_snap.store_sales_0.ss_coupon_amt)
|  |  group by: tpcds_partitioned_parquet_snap.item_0.i_product_name, tpcds_partitioned_parquet_snap.item_0.i_item_sk, tpcds_partitioned_parquet_snap.store_0.s_store_name, tpcds_partitioned_parquet_snap.store_0.s_zip, tpcds_partitioned_parquet_snap.customer_address_1.ca_street_number, tpcds_partitioned_parquet_snap.customer_address_1.ca_street_name, tpcds_partitioned_parquet_snap.customer_address_1.ca_city, tpcds_partitioned_parquet_snap.customer_address_1.ca_zip, tpcds_partitioned_parquet_snap.customer_address_2.ca_street_number, tpcds_partitioned_parquet_snap.customer_address_2.ca_street_name, tpcds_partitioned_parquet_snap.customer_address_2.ca_city, tpcds_partitioned_parquet_snap.customer_address_2.ca_zip, tpcds_partitioned_parquet_snap.date_dim_2.d_year, tpcds_partitioned_parquet_snap.date_dim_3.d_year, tpcds_partitioned_parquet_snap.date_dim_4.d_year
|  |  having: tpcds_partitioned_parquet_snap.date_dim_2.d_year = add(CAST(2000 AS INT), CAST(1 AS INT))
|  |  mem-estimate=512.16MB mem-reservation=34.00MB spill-buffer=2.00MB thread-reservation=0
|  |  tuple-ids=79 row-size=287B cardinality=4.41M cost=5281247328
|  |  in pipelines: 131(GETNEXT), 39(OPEN)
|  |
|  130:EXCHANGE [HASH(tpcds_partitioned_parquet_snap.item_0.i_product_name,tpcds_partitioned_parquet_snap.item_0.i_item_sk,tpcds_partitioned_parquet_snap.store_0.s_store_name,tpcds_partitioned_parquet_snap.store_0.s_zip,tpcds_partitioned_parquet_snap.customer_address_1.ca_street_number,tpcds_partitioned_parquet_snap.customer_address_1.ca_street_name,tpcds_partitioned_parquet_snap.customer_address_1.ca_city,tpcds_partitioned_parquet_snap.customer_address_1.ca_zip,tpcds_partitioned_parquet_snap.customer_address_2.ca_street_number,tpcds_partitioned_parquet_snap.customer_address_2.ca_street_name,tpcds_partitioned_parquet_snap.customer_address_2.ca_city,tpcds_partitioned_parquet_snap.customer_address_2.ca_zip,tpcds_partitioned_parquet_snap.date_dim_2.d_year,tpcds_partitioned_parquet_snap.date_dim_3.d_year,tpcds_partitioned_parquet_snap.date_dim_4.d_year)]
|  |  mem-estimate=29.89MB mem-reservation=0B thread-reservation=0
|  |  tuple-ids=79 row-size=287B cardinality=863.99M cost=1236250780
|  |  in pipelines: 39(GETNEXT)
|  |
|  F44:PLAN FRAGMENT [HASH(tpcds_partitioned_parquet_snap.store_sales_0.ss_item_sk,tpcds_partitioned_parquet_snap.store_sales_0.ss_ticket_number)] hosts=10 instances=70 (adjusted from 120)
|  Per-Instance Resources: mem-estimate=927.91MB mem-reservation=34.00MB thread-reservation=1
|  max-parallelism=1650 segment-costs=[7495214862, 16408784776] cpu-comparison-result=578 [max(300 (self) vs 578 (sum children))]
|  77:AGGREGATE [STREAMING]
|  |  output: count(), sum(tpcds_partitioned_parquet_snap.store_sales_0.ss_wholesale_cost), sum(tpcds_partitioned_parquet_snap.store_sales_0.ss_list_price), sum(tpcds_partitioned_parquet_snap.store_sales_0.ss_coupon_amt)
|  |  group by: tpcds_partitioned_parquet_snap.item_0.i_product_name, tpcds_partitioned_parquet_snap.item_0.i_item_sk, tpcds_partitioned_parquet_snap.store_0.s_store_name, tpcds_partitioned_parquet_snap.store_0.s_zip, tpcds_partitioned_parquet_snap.customer_address_1.ca_street_number, tpcds_partitioned_parquet_snap.customer_address_1.ca_street_name, tpcds_partitioned_parquet_snap.customer_address_1.ca_city, tpcds_partitioned_parquet_snap.customer_address_1.ca_zip, tpcds_partitioned_parquet_snap.customer_address_2.ca_street_number, tpcds_partitioned_parquet_snap.customer_address_2.ca_street_name, tpcds_partitioned_parquet_snap.customer_address_2.ca_city, tpcds_partitioned_parquet_snap.customer_address_2.ca_zip, tpcds_partitioned_parquet_snap.date_dim_2.d_year, tpcds_partitioned_parquet_snap.date_dim_3.d_year, tpcds_partitioned_parquet_snap.date_dim_4.d_year
|  |  mem-estimate=512.13MB mem-reservation=34.00MB spill-buffer=2.00MB thread-reservation=0
|  |  tuple-ids=79 row-size=287B cardinality=863.99M cost=5281247328
|  |  in pipelines: 39(GETNEXT)
|  |
|  76:HASH JOIN [INNER JOIN, BROADCAST]
|  |  hash-table-id=01
|  |  hash predicates: tpcds_partitioned_parquet_snap.store_sales_0.ss_item_sk = tpcds_partitioned_parquet_snap.catalog_sales_0.cs_item_sk
|  |  fk/pk conjuncts: none
|  |  mem-estimate=0B mem-reservation=0B spill-buffer=128.00KB thread-reservation=0
|  |  tuple-ids=40,42,44,46,48,50,52,54,56,58,60,62,64,66,68,70,72,78 row-size=2.92KB cardinality=863.99M cost=181982973
|  |  in pipelines: 39(GETNEXT), 128(OPEN)
|  |
|  |--F53:PLAN FRAGMENT [HASH(tpcds_partitioned_parquet_snap.store_sales_0.ss_item_sk,tpcds_partitioned_parquet_snap.store_sales_0.ss_ticket_number)] hosts=10 instances=10
|  |  |  Per-Instance Resources: mem-estimate=21.75MB mem-reservation=20.12MB thread-reservation=1
|  |  |  max-parallelism=10 segment-costs=[83878] cpu-comparison-result=150 [max(10 (self) vs 150 (sum children))]
|  |  JOIN BUILD
|  |  |  join-table-id=01 plan-id=02 cohort-id=02
|  |  |  build expressions: tpcds_partitioned_parquet_snap.catalog_sales_0.cs_item_sk
|  |  |  runtime filters: RF047[min_max] <- tpcds_partitioned_parquet_snap.catalog_sales_0.cs_item_sk
|  |  |  mem-estimate=20.12MB mem-reservation=20.12MB spill-buffer=128.00KB thread-reservation=0 cost=36018
|  |  |
|  |  129:EXCHANGE [BROADCAST]
|  |  |  mem-estimate=1.63MB mem-reservation=0B thread-reservation=0
|  |  |  tuple-ids=78 row-size=36B cardinality=36.02K cost=47860
|  |  |  in pipelines: 128(GETNEXT)
|  |  |
|  |  F48:PLAN FRAGMENT [HASH(tpcds_partitioned_parquet_snap.catalog_sales_0.cs_item_sk)] hosts=10 instances=10 (adjusted from 120)
|  |  Per-Instance Resources: mem-estimate=21.17MB mem-reservation=2.88MB thread-reservation=1
|  |  max-parallelism=10 segment-costs=[28566307, 4278] cpu-comparison-result=150 [max(10 (self) vs 150 (sum children))]
|  |  128:AGGREGATE [FINALIZE]
|  |  |  output: sum:merge(tpcds_partitioned_parquet_snap.catalog_sales_0.cs_ext_list_price), sum:merge(add(add(tpcds_partitioned_parquet_snap.catalog_returns_0.cr_refunded_cash, tpcds_partitioned_parquet_snap.catalog_returns_0.cr_reversed_charge), tpcds_partitioned_parquet_snap.catalog_returns_0.cr_store_credit))
|  |  |  group by: tpcds_partitioned_parquet_snap.catalog_sales_0.cs_item_sk
|  |  |  having: sum(tpcds_partitioned_parquet_snap.catalog_sales_0.cs_ext_list_price) > multiply(CAST(2 AS DECIMAL(3,0)), sum(add(add(tpcds_partitioned_parquet_snap.catalog_returns_0.cr_refunded_cash, tpcds_partitioned_parquet_snap.catalog_returns_0.cr_reversed_charge), tpcds_partitioned_parquet_snap.catalog_returns_0.cr_store_credit)))
|  |  |  mem-estimate=10.00MB mem-reservation=2.88MB spill-buffer=128.00KB thread-reservation=0
|  |  |  tuple-ids=78 row-size=36B cardinality=36.02K cost=16606891
|  |  |  in pipelines: 128(GETNEXT), 72(OPEN)
|  |  |
|  |  127:EXCHANGE [HASH(tpcds_partitioned_parquet_snap.catalog_sales_0.cs_item_sk)]
|  |  |  mem-estimate=11.17MB mem-reservation=0B thread-reservation=0
|  |  |  tuple-ids=78 row-size=36B cardinality=43.22M cost=11959416
|  |  |  in pipelines: 72(GETNEXT)
|  |  |
|  |  F47:PLAN FRAGMENT [HASH(tpcds_partitioned_parquet_snap.catalog_sales_0.cs_item_sk,tpcds_partitioned_parquet_snap.catalog_sales_0.cs_order_number)] hosts=10 instances=30 (adjusted from 120)
|  |  Per-Instance Resources: mem-estimate=38.44MB mem-reservation=2.00MB thread-reservation=1
|  |  max-parallelism=560 segment-costs=[5552342816, 122472725] cpu-comparison-result=150 [max(150 (self) vs 150 (sum children))]
|  |  75:AGGREGATE [STREAMING]
|  |  |  output: sum(tpcds_partitioned_parquet_snap.catalog_sales_0.cs_ext_list_price), sum(add(add(tpcds_partitioned_parquet_snap.catalog_returns_0.cr_refunded_cash, tpcds_partitioned_parquet_snap.catalog_returns_0.cr_reversed_charge), tpcds_partitioned_parquet_snap.catalog_returns_0.cr_store_credit))
|  |  |  group by: tpcds_partitioned_parquet_snap.catalog_sales_0.cs_item_sk
|  |  |  mem-estimate=10.00MB mem-reservation=2.00MB spill-buffer=64.00KB thread-reservation=0
|  |  |  tuple-ids=78 row-size=36B cardinality=43.22M cost=1040366503
|  |  |  in pipelines: 72(GETNEXT)
|  |  |
|  |  74:HASH JOIN [INNER JOIN, PARTITIONED]
|  |  |  hash-table-id=02
|  |  |  hash predicates: tpcds_partitioned_parquet_snap.catalog_sales_0.cs_item_sk = tpcds_partitioned_parquet_snap.catalog_returns_0.cr_item_sk, tpcds_partitioned_parquet_snap.catalog_sales_0.cs_order_number = tpcds_partitioned_parquet_snap.catalog_returns_0.cr_order_number
|  |  |  fk/pk conjuncts: tpcds_partitioned_parquet_snap.catalog_sales_0.cs_item_sk = tpcds_partitioned_parquet_snap.catalog_returns_0.cr_item_sk, tpcds_partitioned_parquet_snap.catalog_sales_0.cs_order_number = tpcds_partitioned_parquet_snap.catalog_returns_0.cr_order_number
|  |  |  mem-estimate=0B mem-reservation=0B spill-buffer=2.00MB thread-reservation=0
|  |  |  tuple-ids=74,76 row-size=252B cardinality=2.56G cost=1490184428
|  |  |  in pipelines: 72(GETNEXT), 73(OPEN)
|  |  |
|  |  |--F54:PLAN FRAGMENT [HASH(tpcds_partitioned_parquet_snap.catalog_sales_0.cs_item_sk,tpcds_partitioned_parquet_snap.catalog_sales_0.cs_order_number)] hosts=10 instances=30 (adjusted from 120)
|  |  |  |  Per-Instance Resources: mem-estimate=1.93GB mem-reservation=35.00MB thread-reservation=1 runtime-filters-memory=1.00MB
|  |  |  |  max-parallelism=560 segment-costs=[702589232]
|  |  |  JOIN BUILD
|  |  |  |  join-table-id=02 plan-id=03 cohort-id=03
|  |  |  |  build expressions: tpcds_partitioned_parquet_snap.catalog_returns_0.cr_item_sk, tpcds_partitioned_parquet_snap.catalog_returns_0.cr_order_number
|  |  |  |  runtime filters: RF082[bloom] <- tpcds_partitioned_parquet_snap.catalog_returns_0.cr_item_sk, RF084[min_max] <- tpcds_partitioned_parquet_snap.catalog_returns_0.cr_item_sk, RF085[min_max] <- tpcds_partitioned_parquet_snap.catalog_returns_0.cr_order_number
|  |  |  |  mem-estimate=1.90GB mem-reservation=34.00MB spill-buffer=2.00MB thread-reservation=0 cost=432016991
|  |  |  |
|  |  |  126:EXCHANGE [HASH(tpcds_partitioned_parquet_snap.catalog_returns_0.cr_item_sk,tpcds_partitioned_parquet_snap.catalog_returns_0.cr_order_number)]
|  |  |  |  mem-estimate=23.59MB mem-reservation=0B thread-reservation=0
|  |  |  |  tuple-ids=76 row-size=112B cardinality=432.02M cost=270572241
|  |  |  |  in pipelines: 73(GETNEXT)
|  |  |  |
|  |  |  F46:PLAN FRAGMENT [RANDOM] hosts=10 instances=120
|  |  |  Per-Instance Resources: mem-estimate=29.59MB mem-reservation=208.00KB thread-reservation=1
|  |  |  max-parallelism=410 segment-costs=[4035384309]
|  |  |  73:SCAN HDFS [tpcds_partitioned_parquet_snap.catalog_returns, RANDOM]
|  |  |     HDFS partitions=2060/2060 files=2060 size=32.77GB
|  |  |     stored statistics:
|  |  |       table: rows=432.02M size=32.77GB
|  |  |       partitions: 2060/2060 rows=432.02M
|  |  |       columns: all
|  |  |     extrapolated-rows=disabled max-scan-range-rows=416.82K
|  |  |     mem-estimate=16.00MB mem-reservation=208.00KB thread-reservation=0
|  |  |     tuple-ids=76 row-size=112B cardinality=432.02M cost=696757003
|  |  |     in pipelines: 73(GETNEXT)
|  |  |
|  |  125:EXCHANGE [HASH(tpcds_partitioned_parquet_snap.catalog_sales_0.cs_item_sk,tpcds_partitioned_parquet_snap.catalog_sales_0.cs_order_number)]
|  |  |  mem-estimate=26.88MB mem-reservation=0B thread-reservation=0
|  |  |  tuple-ids=74 row-size=140B cardinality=4.00G(filtered from 4.32G) cost=3021791885
|  |  |  in pipelines: 72(GETNEXT)
|  |  |
|  |  F45:PLAN FRAGMENT [RANDOM] hosts=10 instances=120
|  |  Per-Host Shared Resources: mem-estimate=1.00MB mem-reservation=1.00MB thread-reservation=0 runtime-filters-memory=1.00MB
|  |  Per-Instance Resources: mem-estimate=32.88MB mem-reservation=1.00MB thread-reservation=1
|  |  max-parallelism=1831 segment-costs=[46851646189]
|  |  72:SCAN HDFS [tpcds_partitioned_parquet_snap.catalog_sales, RANDOM]
|  |     HDFS partitions=1831/1831 files=1831 size=280.96GB
|  |     runtime filters: RF084[min_max] -> tpcds_partitioned_parquet_snap.catalog_sales_0.cs_item_sk, RF085[min_max] -> tpcds_partitioned_parquet_snap.catalog_sales_0.cs_order_number, RF082[bloom] -> tpcds_partitioned_parquet_snap.catalog_sales_0.cs_item_sk
|  |     stored statistics:
|  |       table: rows=4.32G size=280.96GB
|  |       partitions: 1831/1831 rows=4.32G
|  |       columns: all
|  |     extrapolated-rows=disabled max-scan-range-rows=21.52M
|  |     mem-estimate=16.00MB mem-reservation=1.00MB thread-reservation=0
|  |     tuple-ids=74 row-size=140B cardinality=4.00G(filtered from 4.32G) cost=8709277205
|  |     in pipelines: 72(GETNEXT)
|  |
|  71:HASH JOIN [INNER JOIN, PARTITIONED]
|  |  hash-table-id=03
|  |  hash predicates: tpcds_partitioned_parquet_snap.store_sales_0.ss_item_sk = tpcds_partitioned_parquet_snap.store_returns_0.sr_item_sk, tpcds_partitioned_parquet_snap.store_sales_0.ss_ticket_number = tpcds_partitioned_parquet_snap.store_returns_0.sr_ticket_number
|  |  fk/pk conjuncts: tpcds_partitioned_parquet_snap.store_sales_0.ss_item_sk = tpcds_partitioned_parquet_snap.store_returns_0.sr_item_sk, tpcds_partitioned_parquet_snap.store_sales_0.ss_ticket_number = tpcds_partitioned_parquet_snap.store_returns_0.sr_ticket_number
|  |  mem-estimate=0B mem-reservation=0B spill-buffer=2.00MB thread-reservation=0
|  |  tuple-ids=40,42,44,46,48,50,52,54,56,58,60,62,64,66,68,70,72 row-size=2.88KB cardinality=99.13M cost=54577993
|  |  in pipelines: 39(GETNEXT), 70(OPEN)
|  |
|  |--F55:PLAN FRAGMENT [HASH(tpcds_partitioned_parquet_snap.store_sales_0.ss_item_sk,tpcds_partitioned_parquet_snap.store_sales_0.ss_ticket_number)] hosts=10 instances=70 (adjusted from 120)
|  |  |  Per-Instance Resources: mem-estimate=1.34GB mem-reservation=51.00MB thread-reservation=1 runtime-filters-memory=17.00MB
|  |  |  max-parallelism=1650 segment-costs=[1293822976]
|  |  JOIN BUILD
|  |  |  join-table-id=03 plan-id=04 cohort-id=02
|  |  |  build expressions: tpcds_partitioned_parquet_snap.store_returns_0.sr_item_sk, tpcds_partitioned_parquet_snap.store_returns_0.sr_ticket_number
|  |  |  runtime filters: RF048[bloom] <- tpcds_partitioned_parquet_snap.store_returns_0.sr_item_sk, RF049[bloom] <- tpcds_partitioned_parquet_snap.store_returns_0.sr_ticket_number, RF050[min_max] <- tpcds_partitioned_parquet_snap.store_returns_0.sr_item_sk, RF051[min_max] <- tpcds_partitioned_parquet_snap.store_returns_0.sr_ticket_number
|  |  |  mem-estimate=1.31GB mem-reservation=34.00MB spill-buffer=2.00MB thread-reservation=0 cost=863988632
|  |  |
|  |  124:EXCHANGE [HASH(tpcds_partitioned_parquet_snap.store_returns_0.sr_item_sk,tpcds_partitioned_parquet_snap.store_returns_0.sr_ticket_number)]
|  |  |  mem-estimate=20.31MB mem-reservation=0B thread-reservation=0
|  |  |  tuple-ids=72 row-size=84B cardinality=863.99M cost=429834344
|  |  |  in pipelines: 70(GETNEXT)
|  |  |
|  |  F43:PLAN FRAGMENT [RANDOM] hosts=10 instances=120
|  |  Per-Instance Resources: mem-estimate=40.06MB mem-reservation=512.00KB thread-reservation=1
|  |  max-parallelism=620 segment-costs=[6164040495]
|  |  70:SCAN HDFS [tpcds_partitioned_parquet_snap.store_returns, RANDOM]
|  |     HDFS partitions=2004/2004 files=2004 size=48.14GB
|  |     runtime filters: RF047[min_max] -> tpcds_partitioned_parquet_snap.store_returns_0.sr_item_sk
|  |     stored statistics:
|  |       table: rows=863.99M size=48.14GB
|  |       partitions: 2004/2004 rows=863.99M
|  |       columns: all
|  |     extrapolated-rows=disabled max-scan-range-rows=30.09M
|  |     mem-estimate=16.00MB mem-reservation=512.00KB thread-reservation=0
|  |     tuple-ids=72 row-size=84B cardinality=863.99M cost=1045080649
|  |     in pipelines: 70(GETNEXT)
|  |
|  123:EXCHANGE [HASH(tpcds_partitioned_parquet_snap.store_sales_0.ss_item_sk,tpcds_partitioned_parquet_snap.store_sales_0.ss_ticket_number)]
|  |  mem-estimate=324.88MB mem-reservation=0B thread-reservation=0
|  |  tuple-ids=40,42,44,46,48,50,52,54,56,58,60,62,64,66,68,70 row-size=2.80KB cardinality=142.75M cost=1977406568
|  |  in pipelines: 39(GETNEXT)
|  |
|  F41:PLAN FRAGMENT [HASH(tpcds_partitioned_parquet_snap.store_sales_0.ss_customer_sk)] hosts=10 instances=110 (adjusted from 120)
|  Per-Instance Resources: mem-estimate=1018.72MB mem-reservation=0B thread-reservation=1
|  max-parallelism=2910 segment-costs=[29030516631]
|  69:HASH JOIN [INNER JOIN, BROADCAST]
|  |  hash-table-id=04
|  |  hash predicates: tpcds_partitioned_parquet_snap.store_sales_0.ss_cdemo_sk = tpcds_partitioned_parquet_snap.customer_demographics_2.cd_demo_sk
|  |  fk/pk conjuncts: tpcds_partitioned_parquet_snap.store_sales_0.ss_cdemo_sk = tpcds_partitioned_parquet_snap.customer_demographics_2.cd_demo_sk
|  |  other join predicates: tpcds_partitioned_parquet_snap.customer_demographics_2.cd_marital_status != tpcds_partitioned_parquet_snap.customer_demographics_1.cd_marital_status
|  |  mem-estimate=0B mem-reservation=0B spill-buffer=2.00MB thread-reservation=0
|  |  tuple-ids=40,42,44,46,48,50,52,54,56,58,60,62,64,66,68,70 row-size=2.80KB cardinality=142.75M cost=62935415
|  |  in pipelines: 39(GETNEXT), 68(OPEN)
|  |
|  |--F56:PLAN FRAGMENT [HASH(tpcds_partitioned_parquet_snap.store_sales_0.ss_customer_sk)] hosts=10 instances=10
|  |  |  Per-Instance Resources: mem-estimate=384.88MB mem-reservation=374.00MB thread-reservation=1
|  |  |  max-parallelism=10 segment-costs=[4473540]
|  |  JOIN BUILD
|  |  |  join-table-id=04 plan-id=05 cohort-id=02
|  |  |  build expressions: tpcds_partitioned_parquet_snap.customer_demographics_2.cd_demo_sk
|  |  |  runtime filters: RF053[min_max] <- tpcds_partitioned_parquet_snap.customer_demographics_2.cd_demo_sk
|  |  |  mem-estimate=374.00MB mem-reservation=374.00MB spill-buffer=2.00MB thread-reservation=0 cost=1920800
|  |  |
|  |  122:EXCHANGE [BROADCAST]
|  |  |  mem-estimate=10.88MB mem-reservation=0B thread-reservation=0
|  |  |  tuple-ids=70 row-size=87B cardinality=1.92M cost=2552740
|  |  |  in pipelines: 68(GETNEXT)
|  |  |
|  |  F42:PLAN FRAGMENT [RANDOM] hosts=10 instances=10
|  |  Per-Instance Resources: mem-estimate=16.35MB mem-reservation=1.00MB thread-reservation=1
|  |  max-parallelism=10 segment-costs=[1557329]
|  |  68:SCAN HDFS [tpcds_partitioned_parquet_snap.customer_demographics, RANDOM]
|  |     HDFS partitions=1/1 files=1 size=11.15MB
|  |     stored statistics:
|  |       table: rows=1.92M size=11.15MB
|  |       columns: all
|  |     extrapolated-rows=disabled max-scan-range-rows=197.97K
|  |     mem-estimate=16.00MB mem-reservation=1.00MB thread-reservation=0
|  |     tuple-ids=70 row-size=87B cardinality=1.92M cost=1066867
|  |     in pipelines: 68(GETNEXT)
|  |
|  67:HASH JOIN [INNER JOIN, PARTITIONED]
|  |  hash-table-id=05
|  |  hash predicates: tpcds_partitioned_parquet_snap.store_sales_0.ss_customer_sk = tpcds_partitioned_parquet_snap.customer_0.c_customer_sk
|  |  fk/pk conjuncts: tpcds_partitioned_parquet_snap.store_sales_0.ss_customer_sk = tpcds_partitioned_parquet_snap.customer_0.c_customer_sk
|  |  mem-estimate=0B mem-reservation=0B spill-buffer=2.00MB thread-reservation=0
|  |  tuple-ids=40,42,44,46,48,50,52,54,56,58,60,62,64,66,68 row-size=2.72KB cardinality=144.52M cost=68068343
|  |  in pipelines: 39(GETNEXT), 54(OPEN)
|  |
|  |--F57:PLAN FRAGMENT [HASH(tpcds_partitioned_parquet_snap.store_sales_0.ss_customer_sk)] hosts=10 instances=110 (adjusted from 120)
|  |  |  Per-Instance Resources: mem-estimate=299.83MB mem-reservation=34.00MB thread-reservation=1
|  |  |  max-parallelism=2910 segment-costs=[177485324] cpu-comparison-result=140 [max(140 (self) vs 83 (sum children))]
|  |  JOIN BUILD
|  |  |  join-table-id=05 plan-id=06 cohort-id=02
|  |  |  build expressions: tpcds_partitioned_parquet_snap.customer_0.c_customer_sk
|  |  |  runtime filters: RF055[min_max] <- tpcds_partitioned_parquet_snap.customer_0.c_customer_sk
|  |  |  mem-estimate=268.88MB mem-reservation=34.00MB spill-buffer=2.00MB thread-reservation=0 cost=28925607
|  |  |
|  |  121:EXCHANGE [HASH(tpcds_partitioned_parquet_snap.customer_0.c_customer_sk)]
|  |  |  mem-estimate=30.94MB mem-reservation=0B thread-reservation=0
|  |  |  tuple-ids=56,58,60,62,64,66,68 row-size=1.02KB cardinality=28.93M cost=148559717
|  |  |  in pipelines: 54(GETNEXT)
|  |  |
|  |  F40:PLAN FRAGMENT [HASH(tpcds_partitioned_parquet_snap.customer_0.c_current_addr_sk)] hosts=10 instances=20 (adjusted from 10)
|  |  Per-Instance Resources: mem-estimate=478.95MB mem-reservation=0B thread-reservation=1
|  |  max-parallelism=220 segment-costs=[2179086442]
|  |  66:HASH JOIN [INNER JOIN, PARTITIONED]
|  |  |  hash-table-id=06
|  |  |  hash predicates: tpcds_partitioned_parquet_snap.customer_0.c_current_addr_sk = tpcds_partitioned_parquet_snap.customer_address_2.ca_address_sk
|  |  |  fk/pk conjuncts: tpcds_partitioned_parquet_snap.customer_0.c_current_addr_sk = tpcds_partitioned_parquet_snap.customer_address_2.ca_address_sk
|  |  |  mem-estimate=0B mem-reservation=0B spill-buffer=2.00MB thread-reservation=0
|  |  |  tuple-ids=56,58,60,62,64,66,68 row-size=1.02KB cardinality=28.93M cost=12660738
|  |  |  in pipelines: 54(GETNEXT), 65(OPEN)
|  |  |
|  |  |--F58:PLAN FRAGMENT [HASH(tpcds_partitioned_parquet_snap.customer_0.c_current_addr_sk)] hosts=10 instances=20 (adjusted from 10)
|  |  |  |  Per-Instance Resources: mem-estimate=197.16MB mem-reservation=34.00MB thread-reservation=1
|  |  |  |  max-parallelism=220 segment-costs=[32647413]
|  |  |  JOIN BUILD
|  |  |  |  join-table-id=06 plan-id=07 cohort-id=04
|  |  |  |  build expressions: tpcds_partitioned_parquet_snap.customer_address_2.ca_address_sk
|  |  |  |  runtime filters: RF071[min_max] <- tpcds_partitioned_parquet_snap.customer_address_2.ca_address_sk
|  |  |  |  mem-estimate=184.86MB mem-reservation=34.00MB spill-buffer=2.00MB thread-reservation=0 cost=15000000
|  |  |  |
|  |  |  119:EXCHANGE [HASH(tpcds_partitioned_parquet_snap.customer_address_2.ca_address_sk)]
|  |  |  |  mem-estimate=12.30MB mem-reservation=0B thread-reservation=0
|  |  |  |  tuple-ids=68 row-size=232B cardinality=15.00M cost=17647413
|  |  |  |  in pipelines: 65(GETNEXT)
|  |  |  |
|  |  |  F39:PLAN FRAGMENT [RANDOM] hosts=10 instances=10
|  |  |  Per-Instance Resources: mem-estimate=34.41MB mem-reservation=128.00KB thread-reservation=1
|  |  |  max-parallelism=10 segment-costs=[252975990]
|  |  |  65:SCAN HDFS [tpcds_partitioned_parquet_snap.customer_address, RANDOM]
|  |  |     HDFS partitions=1/1 files=1 size=307.36MB
|  |  |     stored statistics:
|  |  |       table: rows=15.00M size=307.36MB
|  |  |       columns: all
|  |  |     extrapolated-rows=disabled max-scan-range-rows=1.58M
|  |  |     mem-estimate=16.00MB mem-reservation=128.00KB thread-reservation=0
|  |  |     tuple-ids=68 row-size=232B cardinality=15.00M cost=21515206
|  |  |     in pipelines: 65(GETNEXT)
|  |  |
|  |  118:EXCHANGE [HASH(tpcds_partitioned_parquet_snap.customer_0.c_current_addr_sk)]
|  |  |  mem-estimate=18.17MB mem-reservation=0B thread-reservation=0
|  |  |  tuple-ids=56,58,60,62,64,66 row-size=813B cardinality=28.93M cost=116678082
|  |  |  in pipelines: 54(GETNEXT)
|  |  |
|  |  F33:PLAN FRAGMENT [RANDOM] hosts=10 instances=10
|  |  Per-Instance Resources: mem-estimate=81.37MB mem-reservation=1.00MB thread-reservation=1
|  |  max-parallelism=10 segment-costs=[1701434296]
|  |  64:HASH JOIN [INNER JOIN, BROADCAST]
|  |  |  hash-table-id=07
|  |  |  hash predicates: tpcds_partitioned_parquet_snap.customer_0.c_current_cdemo_sk = tpcds_partitioned_parquet_snap.customer_demographics_1.cd_demo_sk
|  |  |  fk/pk conjuncts: tpcds_partitioned_parquet_snap.customer_0.c_current_cdemo_sk = tpcds_partitioned_parquet_snap.customer_demographics_1.cd_demo_sk
|  |  |  mem-estimate=0B mem-reservation=0B spill-buffer=2.00MB thread-reservation=0
|  |  |  tuple-ids=56,58,60,62,64,66 row-size=813B cardinality=28.93M cost=12752708
|  |  |  in pipelines: 54(GETNEXT), 63(OPEN)
|  |  |
|  |  |--F59:PLAN FRAGMENT [RANDOM] hosts=10 instances=10
|  |  |  |  Per-Instance Resources: mem-estimate=217.47MB mem-reservation=34.00MB thread-reservation=1
|  |  |  |  max-parallelism=10 segment-costs=[4473540]
|  |  |  JOIN BUILD
|  |  |  |  join-table-id=07 plan-id=08 cohort-id=04
|  |  |  |  build expressions: tpcds_partitioned_parquet_snap.customer_demographics_1.cd_demo_sk
|  |  |  |  runtime filters: RF073[min_max] <- tpcds_partitioned_parquet_snap.customer_demographics_1.cd_demo_sk
|  |  |  |  mem-estimate=206.58MB mem-reservation=34.00MB spill-buffer=2.00MB thread-reservation=0 cost=1920800
|  |  |  |
|  |  |  117:EXCHANGE [BROADCAST]
|  |  |  |  mem-estimate=10.88MB mem-reservation=0B thread-reservation=0
|  |  |  |  tuple-ids=66 row-size=87B cardinality=1.92M cost=2552740
|  |  |  |  in pipelines: 63(GETNEXT)
|  |  |  |
|  |  |  F38:PLAN FRAGMENT [RANDOM] hosts=10 instances=10
|  |  |  Per-Instance Resources: mem-estimate=16.35MB mem-reservation=1.00MB thread-reservation=1
|  |  |  max-parallelism=10 segment-costs=[1557329]
|  |  |  63:SCAN HDFS [tpcds_partitioned_parquet_snap.customer_demographics, RANDOM]
|  |  |     HDFS partitions=1/1 files=1 size=11.15MB
|  |  |     stored statistics:
|  |  |       table: rows=1.92M size=11.15MB
|  |  |       columns: all
|  |  |     extrapolated-rows=disabled max-scan-range-rows=197.97K
|  |  |     mem-estimate=16.00MB mem-reservation=1.00MB thread-reservation=0
|  |  |     tuple-ids=66 row-size=87B cardinality=1.92M cost=1066867
|  |  |     in pipelines: 63(GETNEXT)
|  |  |
|  |  62:HASH JOIN [INNER JOIN, BROADCAST]
|  |  |  hash-table-id=08
|  |  |  hash predicates: tpcds_partitioned_parquet_snap.customer_0.c_first_shipto_date_sk = tpcds_partitioned_parquet_snap.date_dim_4.d_date_sk
|  |  |  fk/pk conjuncts: tpcds_partitioned_parquet_snap.customer_0.c_first_shipto_date_sk = tpcds_partitioned_parquet_snap.date_dim_4.d_date_sk
|  |  |  mem-estimate=0B mem-reservation=0B spill-buffer=2.00MB thread-reservation=0
|  |  |  tuple-ids=56,58,60,62,64 row-size=726B cardinality=29.28M cost=12817679
|  |  |  in pipelines: 54(GETNEXT), 61(OPEN)
|  |  |
|  |  |--F60:PLAN FRAGMENT [RANDOM] hosts=10 instances=10
|  |  |  |  Per-Instance Resources: mem-estimate=44.24MB mem-reservation=34.00MB thread-reservation=1
|  |  |  |  max-parallelism=10 segment-costs=[170129]
|  |  |  JOIN BUILD
|  |  |  |  join-table-id=08 plan-id=09 cohort-id=04
|  |  |  |  build expressions: tpcds_partitioned_parquet_snap.date_dim_4.d_date_sk
|  |  |  |  runtime filters: RF075[min_max] <- tpcds_partitioned_parquet_snap.date_dim_4.d_date_sk
|  |  |  |  mem-estimate=34.00MB mem-reservation=34.00MB spill-buffer=2.00MB thread-reservation=0 cost=73049
|  |  |  |
|  |  |  116:EXCHANGE [BROADCAST]
|  |  |  |  mem-estimate=10.24MB mem-reservation=0B thread-reservation=0
|  |  |  |  tuple-ids=64 row-size=237B cardinality=73.05K cost=97080
|  |  |  |  in pipelines: 61(GETNEXT)
|  |  |  |
|  |  |  F37:PLAN FRAGMENT [RANDOM] hosts=1 instances=1
|  |  |  Per-Instance Resources: mem-estimate=16.94MB mem-reservation=4.00MB thread-reservation=1
|  |  |  max-parallelism=1 segment-costs=[158950]
|  |  |  61:SCAN HDFS [tpcds_partitioned_parquet_snap.date_dim, RANDOM]
|  |  |     HDFS partitions=1/1 files=1 size=2.17MB
|  |  |     stored statistics:
|  |  |       table: rows=73.05K size=2.17MB
|  |  |       columns: all
|  |  |     extrapolated-rows=disabled max-scan-range-rows=73.05K
|  |  |     mem-estimate=16.00MB mem-reservation=4.00MB thread-reservation=0
|  |  |     tuple-ids=64 row-size=237B cardinality=73.05K cost=110600
|  |  |     in pipelines: 61(GETNEXT)
|  |  |
|  |  60:HASH JOIN [INNER JOIN, BROADCAST]
|  |  |  hash-table-id=09
|  |  |  hash predicates: tpcds_partitioned_parquet_snap.customer_0.c_first_sales_date_sk = tpcds_partitioned_parquet_snap.date_dim_3.d_date_sk
|  |  |  fk/pk conjuncts: tpcds_partitioned_parquet_snap.customer_0.c_first_sales_date_sk = tpcds_partitioned_parquet_snap.date_dim_3.d_date_sk
|  |  |  mem-estimate=0B mem-reservation=0B spill-buffer=2.00MB thread-reservation=0
|  |  |  tuple-ids=56,58,60,62 row-size=489B cardinality=29.28M cost=12817679
|  |  |  in pipelines: 54(GETNEXT), 59(OPEN)
|  |  |
|  |  |--F61:PLAN FRAGMENT [RANDOM] hosts=10 instances=10
|  |  |  |  Per-Instance Resources: mem-estimate=44.24MB mem-reservation=34.00MB thread-reservation=1
|  |  |  |  max-parallelism=10 segment-costs=[170129]
|  |  |  JOIN BUILD
|  |  |  |  join-table-id=09 plan-id=10 cohort-id=04
|  |  |  |  build expressions: tpcds_partitioned_parquet_snap.date_dim_3.d_date_sk
|  |  |  |  runtime filters: RF077[min_max] <- tpcds_partitioned_parquet_snap.date_dim_3.d_date_sk
|  |  |  |  mem-estimate=34.00MB mem-reservation=34.00MB spill-buffer=2.00MB thread-reservation=0 cost=73049
|  |  |  |
|  |  |  115:EXCHANGE [BROADCAST]
|  |  |  |  mem-estimate=10.24MB mem-reservation=0B thread-reservation=0
|  |  |  |  tuple-ids=62 row-size=237B cardinality=73.05K cost=97080
|  |  |  |  in pipelines: 59(GETNEXT)
|  |  |  |
|  |  |  F36:PLAN FRAGMENT [RANDOM] hosts=1 instances=1
|  |  |  Per-Instance Resources: mem-estimate=16.94MB mem-reservation=4.00MB thread-reservation=1
|  |  |  max-parallelism=1 segment-costs=[158950]
|  |  |  59:SCAN HDFS [tpcds_partitioned_parquet_snap.date_dim, RANDOM]
|  |  |     HDFS partitions=1/1 files=1 size=2.17MB
|  |  |     stored statistics:
|  |  |       table: rows=73.05K size=2.17MB
|  |  |       columns: all
|  |  |     extrapolated-rows=disabled max-scan-range-rows=73.05K
|  |  |     mem-estimate=16.00MB mem-reservation=4.00MB thread-reservation=0
|  |  |     tuple-ids=62 row-size=237B cardinality=73.05K cost=110600
|  |  |     in pipelines: 59(GETNEXT)
|  |  |
|  |  58:HASH JOIN [INNER JOIN, BROADCAST]
|  |  |  hash-table-id=10
|  |  |  hash predicates: tpcds_partitioned_parquet_snap.customer_0.c_current_hdemo_sk = tpcds_partitioned_parquet_snap.household_demographics_2.hd_demo_sk
|  |  |  fk/pk conjuncts: tpcds_partitioned_parquet_snap.customer_0.c_current_hdemo_sk = tpcds_partitioned_parquet_snap.household_demographics_2.hd_demo_sk
|  |  |  mem-estimate=0B mem-reservation=0B spill-buffer=64.00KB thread-reservation=0
|  |  |  tuple-ids=56,58,60 row-size=252B cardinality=29.28M cost=12817679
|  |  |  in pipelines: 54(GETNEXT), 55(OPEN)
|  |  |
|  |  |--F62:PLAN FRAGMENT [RANDOM] hosts=10 instances=10
|  |  |  |  Per-Instance Resources: mem-estimate=2.32MB mem-reservation=1.94MB thread-reservation=1
|  |  |  |  max-parallelism=10 segment-costs=[16760] cpu-comparison-result=11 [max(11 (self) vs 2 (sum children))]
|  |  |  JOIN BUILD
|  |  |  |  join-table-id=10 plan-id=11 cohort-id=04
|  |  |  |  build expressions: tpcds_partitioned_parquet_snap.household_demographics_2.hd_demo_sk
|  |  |  |  runtime filters: RF079[min_max] <- tpcds_partitioned_parquet_snap.household_demographics_2.hd_demo_sk
|  |  |  |  mem-estimate=1.94MB mem-reservation=1.94MB spill-buffer=64.00KB thread-reservation=0 cost=7200
|  |  |  |
|  |  |  114:EXCHANGE [BROADCAST]
|  |  |  |  mem-estimate=389.48KB mem-reservation=0B thread-reservation=0
|  |  |  |  tuple-ids=58,60 row-size=48B cardinality=7.20K cost=9560
|  |  |  |  in pipelines: 55(GETNEXT)
|  |  |  |
|  |  |  F34:PLAN FRAGMENT [RANDOM] hosts=1 instances=1
|  |  |  Per-Instance Resources: mem-estimate=16.22MB mem-reservation=64.00KB thread-reservation=1
|  |  |  max-parallelism=1 segment-costs=[6821]
|  |  |  57:HASH JOIN [INNER JOIN, BROADCAST]
|  |  |  |  hash-table-id=11
|  |  |  |  hash predicates: tpcds_partitioned_parquet_snap.household_demographics_2.hd_income_band_sk = tpcds_partitioned_parquet_snap.income_band_2.ib_income_band_sk
|  |  |  |  fk/pk conjuncts: tpcds_partitioned_parquet_snap.household_demographics_2.hd_income_band_sk = tpcds_partitioned_parquet_snap.income_band_2.ib_income_band_sk
|  |  |  |  mem-estimate=0B mem-reservation=0B spill-buffer=64.00KB thread-reservation=0
|  |  |  |  tuple-ids=58,60 row-size=48B cardinality=7.20K cost=3151
|  |  |  |  in pipelines: 55(GETNEXT), 56(OPEN)
|  |  |  |
|  |  |  |--F63:PLAN FRAGMENT [RANDOM] hosts=1 instances=1
|  |  |  |  |  Per-Instance Resources: mem-estimate=1.95MB mem-reservation=1.94MB thread-reservation=1
|  |  |  |  |  max-parallelism=1 segment-costs=[22]
|  |  |  |  JOIN BUILD
|  |  |  |  |  join-table-id=11 plan-id=12 cohort-id=05
|  |  |  |  |  build expressions: tpcds_partitioned_parquet_snap.income_band_2.ib_income_band_sk
|  |  |  |  |  runtime filters: RF081[min_max] <- tpcds_partitioned_parquet_snap.income_band_2.ib_income_band_sk
|  |  |  |  |  mem-estimate=1.94MB mem-reservation=1.94MB spill-buffer=64.00KB thread-reservation=0 cost=20
|  |  |  |  |
|  |  |  |  113:EXCHANGE [BROADCAST]
|  |  |  |  |  mem-estimate=16.00KB mem-reservation=0B thread-reservation=0
|  |  |  |  |  tuple-ids=60 row-size=12B cardinality=20 cost=2
|  |  |  |  |  in pipelines: 56(GETNEXT)
|  |  |  |  |
|  |  |  |  F35:PLAN FRAGMENT [RANDOM] hosts=1 instances=1
|  |  |  |  Per-Instance Resources: mem-estimate=16.06MB mem-reservation=24.00KB thread-reservation=1
|  |  |  |  max-parallelism=1 segment-costs=[4]
|  |  |  |  56:SCAN HDFS [tpcds_partitioned_parquet_snap.income_band, RANDOM]
|  |  |  |     HDFS partitions=1/1 files=1 size=1.22KB
|  |  |  |     stored statistics:
|  |  |  |       table: rows=20 size=1.22KB
|  |  |  |       columns: all
|  |  |  |     extrapolated-rows=disabled max-scan-range-rows=20
|  |  |  |     mem-estimate=16.00MB mem-reservation=24.00KB thread-reservation=0
|  |  |  |     tuple-ids=60 row-size=12B cardinality=20 cost=3
|  |  |  |     in pipelines: 56(GETNEXT)
|  |  |  |
|  |  |  55:SCAN HDFS [tpcds_partitioned_parquet_snap.household_demographics, RANDOM]
|  |  |     HDFS partitions=1/1 files=1 size=41.69KB
|  |  |     runtime filters: RF081[min_max] -> tpcds_partitioned_parquet_snap.household_demographics_2.hd_income_band_sk
|  |  |     stored statistics:
|  |  |       table: rows=7.20K size=41.69KB
|  |  |       columns: all
|  |  |     extrapolated-rows=disabled max-scan-range-rows=7.20K
|  |  |     mem-estimate=16.00MB mem-reservation=64.00KB thread-reservation=0
|  |  |     tuple-ids=58 row-size=36B cardinality=7.20K cost=2436
|  |  |     in pipelines: 55(GETNEXT)
|  |  |
|  |  54:SCAN HDFS [tpcds_partitioned_parquet_snap.customer, RANDOM]
|  |     HDFS partitions=1/1 files=1 size=1.55GB
|  |     runtime filters: RF079[min_max] -> tpcds_partitioned_parquet_snap.customer_0.c_current_hdemo_sk, RF073[min_max] -> tpcds_partitioned_parquet_snap.customer_0.c_current_cdemo_sk, RF071[min_max] -> tpcds_partitioned_parquet_snap.customer_0.c_current_addr_sk, RF075[min_max] -> tpcds_partitioned_parquet_snap.customer_0.c_first_shipto_date_sk, RF077[min_max] -> tpcds_partitioned_parquet_snap.customer_0.c_first_sales_date_sk
|  |     stored statistics:
|  |       table: rows=30.00M size=1.55GB
|  |       columns: all
|  |     extrapolated-rows=disabled max-scan-range-rows=3.10M
|  |     mem-estimate=16.00MB mem-reservation=1.00MB thread-reservation=0
|  |     tuple-ids=56 row-size=204B cardinality=29.28M(filtered from 30.00M) cost=46823813
|  |     in pipelines: 54(GETNEXT)
|  |
|  120:EXCHANGE [HASH(tpcds_partitioned_parquet_snap.store_sales_0.ss_customer_sk)]
|  |  mem-estimate=217.22MB mem-reservation=0B thread-reservation=0
|  |  tuple-ids=40,42,44,46,48,50,52,54 row-size=1.70KB cardinality=163.28M cost=1364309135
|  |  in pipelines: 39(GETNEXT)
|  |
|  F25:PLAN FRAGMENT [RANDOM] hosts=10 instances=120
|  Per-Host Shared Resources: mem-estimate=18.00MB mem-reservation=18.00MB thread-reservation=0 runtime-filters-memory=18.00MB
|  Per-Instance Resources: mem-estimate=775.81MB mem-reservation=8.00MB thread-reservation=1
|  max-parallelism=1824 segment-costs=[34391458113]
|  53:HASH JOIN [INNER JOIN, BROADCAST]
|  |  hash-table-id=12
|  |  hash predicates: tpcds_partitioned_parquet_snap.store_sales_0.ss_addr_sk = tpcds_partitioned_parquet_snap.customer_address_1.ca_address_sk
|  |  fk/pk conjuncts: tpcds_partitioned_parquet_snap.store_sales_0.ss_addr_sk = tpcds_partitioned_parquet_snap.customer_address_1.ca_address_sk
|  |  mem-estimate=0B mem-reservation=0B spill-buffer=2.00MB thread-reservation=0
|  |  tuple-ids=40,42,44,46,48,50,52,54 row-size=1.70KB cardinality=163.28M cost=72872132
|  |  in pipelines: 39(GETNEXT), 52(OPEN)
|  |
|  |--F64:PLAN FRAGMENT [RANDOM] hosts=10 instances=10
|  |  |  Per-Instance Resources: mem-estimate=3.62GB mem-reservation=408.00MB thread-reservation=1
|  |  |  max-parallelism=10 segment-costs=[34934990]
|  |  JOIN BUILD
|  |  |  join-table-id=12 plan-id=13 cohort-id=02
|  |  |  build expressions: tpcds_partitioned_parquet_snap.customer_address_1.ca_address_sk
|  |  |  runtime filters: RF057[min_max] <- tpcds_partitioned_parquet_snap.customer_address_1.ca_address_sk
|  |  |  mem-estimate=3.61GB mem-reservation=408.00MB spill-buffer=2.00MB thread-reservation=0 cost=15000000
|  |  |
|  |  112:EXCHANGE [BROADCAST]
|  |  |  mem-estimate=12.30MB mem-reservation=0B thread-reservation=0
|  |  |  tuple-ids=54 row-size=232B cardinality=15.00M cost=19934990
|  |  |  in pipelines: 52(GETNEXT)
|  |  |
|  |  F32:PLAN FRAGMENT [RANDOM] hosts=10 instances=10
|  |  Per-Instance Resources: mem-estimate=16.92MB mem-reservation=128.00KB thread-reservation=1
|  |  max-parallelism=10 segment-costs=[31219307]
|  |  52:SCAN HDFS [tpcds_partitioned_parquet_snap.customer_address, RANDOM]
|  |     HDFS partitions=1/1 files=1 size=307.36MB
|  |     stored statistics:
|  |       table: rows=15.00M size=307.36MB
|  |       columns: all
|  |     extrapolated-rows=disabled max-scan-range-rows=1.58M
|  |     mem-estimate=16.00MB mem-reservation=128.00KB thread-reservation=0
|  |     tuple-ids=54 row-size=232B cardinality=15.00M cost=21515206
|  |     in pipelines: 52(GETNEXT)
|  |
|  51:HASH JOIN [INNER JOIN, BROADCAST]
|  |  hash-table-id=13
|  |  hash predicates: tpcds_partitioned_parquet_snap.store_sales_0.ss_sold_date_sk = tpcds_partitioned_parquet_snap.date_dim_2.d_date_sk
|  |  fk/pk conjuncts: tpcds_partitioned_parquet_snap.store_sales_0.ss_sold_date_sk = tpcds_partitioned_parquet_snap.date_dim_2.d_date_sk
|  |  mem-estimate=0B mem-reservation=0B spill-buffer=2.00MB thread-reservation=0
|  |  tuple-ids=40,42,44,46,48,50,52 row-size=1.47KB cardinality=168.76M cost=73864123
|  |  in pipelines: 39(GETNEXT), 50(OPEN)
|  |
|  |--F65:PLAN FRAGMENT [RANDOM] hosts=10 instances=10
|  |  |  Per-Instance Resources: mem-estimate=418.24MB mem-reservation=408.00MB thread-reservation=1
|  |  |  max-parallelism=10 segment-costs=[170129]
|  |  JOIN BUILD
|  |  |  join-table-id=13 plan-id=14 cohort-id=02
|  |  |  build expressions: tpcds_partitioned_parquet_snap.date_dim_2.d_date_sk
|  |  |  mem-estimate=408.00MB mem-reservation=408.00MB spill-buffer=2.00MB thread-reservation=0 cost=73049
|  |  |
|  |  111:EXCHANGE [BROADCAST]
|  |  |  mem-estimate=10.24MB mem-reservation=0B thread-reservation=0
|  |  |  tuple-ids=52 row-size=237B cardinality=73.05K cost=97080
|  |  |  in pipelines: 50(GETNEXT)
|  |  |
|  |  F31:PLAN FRAGMENT [RANDOM] hosts=1 instances=1
|  |  Per-Instance Resources: mem-estimate=16.94MB mem-reservation=4.00MB thread-reservation=1
|  |  max-parallelism=1 segment-costs=[158950]
|  |  50:SCAN HDFS [tpcds_partitioned_parquet_snap.date_dim, RANDOM]
|  |     HDFS partitions=1/1 files=1 size=2.17MB
|  |     stored statistics:
|  |       table: rows=73.05K size=2.17MB
|  |       columns: all
|  |     extrapolated-rows=disabled max-scan-range-rows=73.05K
|  |     mem-estimate=16.00MB mem-reservation=4.00MB thread-reservation=0
|  |     tuple-ids=52 row-size=237B cardinality=73.05K cost=110600
|  |     in pipelines: 50(GETNEXT)
|  |
|  49:HASH JOIN [INNER JOIN, BROADCAST]
|  |  hash-table-id=14
|  |  hash predicates: tpcds_partitioned_parquet_snap.store_sales_0.ss_hdemo_sk = tpcds_partitioned_parquet_snap.household_demographics_1.hd_demo_sk
|  |  fk/pk conjuncts: tpcds_partitioned_parquet_snap.store_sales_0.ss_hdemo_sk = tpcds_partitioned_parquet_snap.household_demographics_1.hd_demo_sk
|  |  mem-estimate=0B mem-reservation=0B spill-buffer=64.00KB thread-reservation=0
|  |  tuple-ids=40,42,44,46,48,50 row-size=1.24KB cardinality=168.76M cost=74922218
|  |  in pipelines: 39(GETNEXT), 46(OPEN)
|  |
|  |--F66:PLAN FRAGMENT [RANDOM] hosts=10 instances=10
|  |  |  Per-Instance Resources: mem-estimate=23.63MB mem-reservation=23.25MB thread-reservation=1
|  |  |  max-parallelism=10 segment-costs=[16760] cpu-comparison-result=11 [max(11 (self) vs 2 (sum children))]
|  |  JOIN BUILD
|  |  |  join-table-id=14 plan-id=15 cohort-id=02
|  |  |  build expressions: tpcds_partitioned_parquet_snap.household_demographics_1.hd_demo_sk
|  |  |  runtime filters: RF061[min_max] <- tpcds_partitioned_parquet_snap.household_demographics_1.hd_demo_sk
|  |  |  mem-estimate=23.25MB mem-reservation=23.25MB spill-buffer=64.00KB thread-reservation=0 cost=7200
|  |  |
|  |  110:EXCHANGE [BROADCAST]
|  |  |  mem-estimate=389.48KB mem-reservation=0B thread-reservation=0
|  |  |  tuple-ids=48,50 row-size=48B cardinality=7.20K cost=9560
|  |  |  in pipelines: 46(GETNEXT)
|  |  |
|  |  F29:PLAN FRAGMENT [RANDOM] hosts=1 instances=1
|  |  Per-Instance Resources: mem-estimate=16.22MB mem-reservation=64.00KB thread-reservation=1
|  |  max-parallelism=1 segment-costs=[6821]
|  |  48:HASH JOIN [INNER JOIN, BROADCAST]
|  |  |  hash-table-id=15
|  |  |  hash predicates: tpcds_partitioned_parquet_snap.household_demographics_1.hd_income_band_sk = tpcds_partitioned_parquet_snap.income_band_1.ib_income_band_sk
|  |  |  fk/pk conjuncts: tpcds_partitioned_parquet_snap.household_demographics_1.hd_income_band_sk = tpcds_partitioned_parquet_snap.income_band_1.ib_income_band_sk
|  |  |  mem-estimate=0B mem-reservation=0B spill-buffer=64.00KB thread-reservation=0
|  |  |  tuple-ids=48,50 row-size=48B cardinality=7.20K cost=3151
|  |  |  in pipelines: 46(GETNEXT), 47(OPEN)
|  |  |
|  |  |--F67:PLAN FRAGMENT [RANDOM] hosts=1 instances=1
|  |  |  |  Per-Instance Resources: mem-estimate=1.95MB mem-reservation=1.94MB thread-reservation=1
|  |  |  |  max-parallelism=1 segment-costs=[22]
|  |  |  JOIN BUILD
|  |  |  |  join-table-id=15 plan-id=16 cohort-id=06
|  |  |  |  build expressions: tpcds_partitioned_parquet_snap.income_band_1.ib_income_band_sk
|  |  |  |  runtime filters: RF069[min_max] <- tpcds_partitioned_parquet_snap.income_band_1.ib_income_band_sk
|  |  |  |  mem-estimate=1.94MB mem-reservation=1.94MB spill-buffer=64.00KB thread-reservation=0 cost=20
|  |  |  |
|  |  |  109:EXCHANGE [BROADCAST]
|  |  |  |  mem-estimate=16.00KB mem-reservation=0B thread-reservation=0
|  |  |  |  tuple-ids=50 row-size=12B cardinality=20 cost=2
|  |  |  |  in pipelines: 47(GETNEXT)
|  |  |  |
|  |  |  F30:PLAN FRAGMENT [RANDOM] hosts=1 instances=1
|  |  |  Per-Instance Resources: mem-estimate=16.06MB mem-reservation=24.00KB thread-reservation=1
|  |  |  max-parallelism=1 segment-costs=[4]
|  |  |  47:SCAN HDFS [tpcds_partitioned_parquet_snap.income_band, RANDOM]
|  |  |     HDFS partitions=1/1 files=1 size=1.22KB
|  |  |     stored statistics:
|  |  |       table: rows=20 size=1.22KB
|  |  |       columns: all
|  |  |     extrapolated-rows=disabled max-scan-range-rows=20
|  |  |     mem-estimate=16.00MB mem-reservation=24.00KB thread-reservation=0
|  |  |     tuple-ids=50 row-size=12B cardinality=20 cost=3
|  |  |     in pipelines: 47(GETNEXT)
|  |  |
|  |  46:SCAN HDFS [tpcds_partitioned_parquet_snap.household_demographics, RANDOM]
|  |     HDFS partitions=1/1 files=1 size=41.69KB
|  |     runtime filters: RF069[min_max] -> tpcds_partitioned_parquet_snap.household_demographics_1.hd_income_band_sk
|  |     stored statistics:
|  |       table: rows=7.20K size=41.69KB
|  |       columns: all
|  |     extrapolated-rows=disabled max-scan-range-rows=7.20K
|  |     mem-estimate=16.00MB mem-reservation=64.00KB thread-reservation=0
|  |     tuple-ids=48 row-size=36B cardinality=7.20K cost=2436
|  |     in pipelines: 46(GETNEXT)
|  |
|  45:HASH JOIN [INNER JOIN, BROADCAST]
|  |  hash-table-id=16
|  |  hash predicates: tpcds_partitioned_parquet_snap.store_sales_0.ss_item_sk = tpcds_partitioned_parquet_snap.item_0.i_item_sk
|  |  fk/pk conjuncts: tpcds_partitioned_parquet_snap.store_sales_0.ss_item_sk = tpcds_partitioned_parquet_snap.item_0.i_item_sk
|  |  mem-estimate=0B mem-reservation=0B spill-buffer=256.00KB thread-reservation=0
|  |  tuple-ids=40,42,44,46 row-size=1.19KB cardinality=172.88M(filtered from 172.88M) cost=75669690
|  |  in pipelines: 39(GETNEXT), 44(OPEN)
|  |
|  |--F68:PLAN FRAGMENT [RANDOM] hosts=10 instances=10
|  |  |  Per-Instance Resources: mem-estimate=62.39MB mem-reservation=58.00MB thread-reservation=1 runtime-filters-memory=1.00MB
|  |  |  max-parallelism=10 segment-costs=[16777]
|  |  JOIN BUILD
|  |  |  join-table-id=16 plan-id=17 cohort-id=02
|  |  |  build expressions: tpcds_partitioned_parquet_snap.item_0.i_item_sk
|  |  |  runtime filters: RF062[bloom] <- tpcds_partitioned_parquet_snap.item_0.i_item_sk, RF063[min_max] <- tpcds_partitioned_parquet_snap.item_0.i_item_sk
|  |  |  mem-estimate=57.00MB mem-reservation=57.00MB spill-buffer=256.00KB thread-reservation=0 cost=7207
|  |  |
|  |  108:EXCHANGE [BROADCAST]
|  |  |  mem-estimate=4.39MB mem-reservation=0B thread-reservation=0
|  |  |  tuple-ids=46 row-size=405B cardinality=7.21K cost=9570
|  |  |  in pipelines: 44(GETNEXT)
|  |  |
|  |  F28:PLAN FRAGMENT [RANDOM] hosts=4 instances=4
|  |  Per-Host Shared Resources: mem-estimate=1.00MB mem-reservation=1.00MB thread-reservation=0 runtime-filters-memory=1.00MB
|  |  Per-Instance Resources: mem-estimate=17.60MB mem-reservation=512.00KB thread-reservation=1
|  |  max-parallelism=4 segment-costs=[1414235]
|  |  44:SCAN HDFS [tpcds_partitioned_parquet_snap.item, RANDOM]
|  |     HDFS partitions=1/1 files=1 size=33.54MB
|  |     predicates: tpcds_partitioned_parquet_snap.item_0.i_current_price <= CAST(add(CAST(75 AS SMALLINT), CAST(10 AS SMALLINT)) AS DECIMAL(5,0)), tpcds_partitioned_parquet_snap.item_0.i_current_price <= CAST(add(CAST(75 AS SMALLINT), CAST(15 AS SMALLINT)) AS DECIMAL(5,0)), tpcds_partitioned_parquet_snap.item_0.i_current_price >= CAST(75 AS DECIMAL(3,0)), tpcds_partitioned_parquet_snap.item_0.i_current_price >= CAST(add(CAST(75 AS SMALLINT), CAST(1 AS SMALLINT)) AS DECIMAL(5,0)), tpcds_partitioned_parquet_snap.item_0.i_color = 'almond' OR tpcds_partitioned_parquet_snap.item_0.i_color = 'chocolate' OR tpcds_partitioned_parquet_snap.item_0.i_color = 'drab' OR tpcds_partitioned_parquet_snap.item_0.i_color = 'misty' OR tpcds_partitioned_parquet_snap.item_0.i_color = 'peach' OR tpcds_partitioned_parquet_snap.item_0.i_color = 'saddle'
|  |     runtime filters: RF050[min_max] -> tpcds_partitioned_parquet_snap.item_0.i_item_sk, RF047[min_max] -> tpcds_partitioned_parquet_snap.item_0.i_item_sk, RF048[bloom] -> tpcds_partitioned_parquet_snap.item_0.i_item_sk
|  |     stored statistics:
|  |       table: rows=360.00K size=33.54MB
|  |       columns: all
|  |     extrapolated-rows=disabled max-scan-range-rows=101.54K
|  |     parquet statistics predicates: tpcds_partitioned_parquet_snap.item_0.i_current_price <= CAST(add(CAST(75 AS SMALLINT), CAST(10 AS SMALLINT)) AS DECIMAL(5,0)), tpcds_partitioned_parquet_snap.item_0.i_current_price <= CAST(add(CAST(75 AS SMALLINT), CAST(15 AS SMALLINT)) AS DECIMAL(5,0)), tpcds_partitioned_parquet_snap.item_0.i_current_price >= CAST(75 AS DECIMAL(3,0)), tpcds_partitioned_parquet_snap.item_0.i_current_price >= CAST(add(CAST(75 AS SMALLINT), CAST(1 AS SMALLINT)) AS DECIMAL(5,0))
|  |     parquet dictionary predicates: tpcds_partitioned_parquet_snap.item_0.i_current_price <= CAST(add(CAST(75 AS SMALLINT), CAST(10 AS SMALLINT)) AS DECIMAL(5,0)), tpcds_partitioned_parquet_snap.item_0.i_current_price <= CAST(add(CAST(75 AS SMALLINT), CAST(15 AS SMALLINT)) AS DECIMAL(5,0)), tpcds_partitioned_parquet_snap.item_0.i_current_price >= CAST(75 AS DECIMAL(3,0)), tpcds_partitioned_parquet_snap.item_0.i_current_price >= CAST(add(CAST(75 AS SMALLINT), CAST(1 AS SMALLINT)) AS DECIMAL(5,0)), tpcds_partitioned_parquet_snap.item_0.i_color = 'almond' OR tpcds_partitioned_parquet_snap.item_0.i_color = 'chocolate' OR tpcds_partitioned_parquet_snap.item_0.i_color = 'drab' OR tpcds_partitioned_parquet_snap.item_0.i_color = 'misty' OR tpcds_partitioned_parquet_snap.item_0.i_color = 'peach' OR tpcds_partitioned_parquet_snap.item_0.i_color = 'saddle'
|  |     mem-estimate=16.00MB mem-reservation=512.00KB thread-reservation=0
|  |     tuple-ids=46 row-size=405B cardinality=7.21K cost=1406189
|  |     in pipelines: 44(GETNEXT)
|  |
|  43:HASH JOIN [INNER JOIN, BROADCAST]
|  |  hash-table-id=17
|  |  hash predicates: tpcds_partitioned_parquet_snap.store_sales_0.ss_promo_sk = tpcds_partitioned_parquet_snap.promotion_0.p_promo_sk
|  |  fk/pk conjuncts: tpcds_partitioned_parquet_snap.store_sales_0.ss_promo_sk = tpcds_partitioned_parquet_snap.promotion_0.p_promo_sk
|  |  mem-estimate=0B mem-reservation=0B spill-buffer=64.00KB thread-reservation=0
|  |  tuple-ids=40,42,44 row-size=815B cardinality=172.88M(filtered from 8.64G) cost=1609900044
|  |  in pipelines: 39(GETNEXT), 42(OPEN)
|  |
|  |--F69:PLAN FRAGMENT [RANDOM] hosts=10 instances=10
|  |  |  Per-Instance Resources: mem-estimate=23.95MB mem-reservation=23.25MB thread-reservation=1
|  |  |  max-parallelism=10 segment-costs=[4190]
|  |  JOIN BUILD
|  |  |  join-table-id=17 plan-id=18 cohort-id=02
|  |  |  build expressions: tpcds_partitioned_parquet_snap.promotion_0.p_promo_sk
|  |  |  runtime filters: RF065[min_max] <- tpcds_partitioned_parquet_snap.promotion_0.p_promo_sk
|  |  |  mem-estimate=23.25MB mem-reservation=23.25MB spill-buffer=64.00KB thread-reservation=0 cost=1800
|  |  |
|  |  107:EXCHANGE [BROADCAST]
|  |  |  mem-estimate=720.54KB mem-reservation=0B thread-reservation=0
|  |  |  tuple-ids=44 row-size=260B cardinality=1.80K cost=2390
|  |  |  in pipelines: 42(GETNEXT)
|  |  |
|  |  F27:PLAN FRAGMENT [RANDOM] hosts=1 instances=1
|  |  Per-Instance Resources: mem-estimate=17.03MB mem-reservation=152.00KB thread-reservation=1
|  |  max-parallelism=1 segment-costs=[3992]
|  |  42:SCAN HDFS [tpcds_partitioned_parquet_snap.promotion, RANDOM]
|  |     HDFS partitions=1/1 files=1 size=100.50KB
|  |     stored statistics:
|  |       table: rows=1.80K size=100.50KB
|  |       columns: all
|  |     extrapolated-rows=disabled max-scan-range-rows=1.80K
|  |     mem-estimate=16.00MB mem-reservation=152.00KB thread-reservation=0
|  |     tuple-ids=44 row-size=260B cardinality=1.80K cost=2691
|  |     in pipelines: 42(GETNEXT)
|  |
|  41:HASH JOIN [INNER JOIN, BROADCAST]
|  |  hash-table-id=18
|  |  hash predicates: tpcds_partitioned_parquet_snap.store_sales_0.ss_store_sk = tpcds_partitioned_parquet_snap.store_0.s_store_sk
|  |  fk/pk conjuncts: tpcds_partitioned_parquet_snap.store_sales_0.ss_store_sk = tpcds_partitioned_parquet_snap.store_0.s_store_sk
|  |  mem-estimate=0B mem-reservation=0B spill-buffer=64.00KB thread-reservation=0
|  |  tuple-ids=40,42 row-size=555B cardinality=172.88M(filtered from 8.64G) cost=1609900044
|  |  in pipelines: 39(GETNEXT), 40(OPEN)
|  |
|  |--F70:PLAN FRAGMENT [RANDOM] hosts=10 instances=10
|  |  |  Per-Instance Resources: mem-estimate=24.29MB mem-reservation=23.25MB thread-reservation=1
|  |  |  max-parallelism=10 segment-costs=[3140]
|  |  JOIN BUILD
|  |  |  join-table-id=18 plan-id=19 cohort-id=02
|  |  |  build expressions: tpcds_partitioned_parquet_snap.store_0.s_store_sk
|  |  |  runtime filters: RF067[min_max] <- tpcds_partitioned_parquet_snap.store_0.s_store_sk
|  |  |  mem-estimate=23.25MB mem-reservation=23.25MB spill-buffer=64.00KB thread-reservation=0 cost=1350
|  |  |
|  |  106:EXCHANGE [BROADCAST]
|  |  |  mem-estimate=1.04MB mem-reservation=0B thread-reservation=0
|  |  |  tuple-ids=42 row-size=459B cardinality=1.35K cost=1790
|  |  |  in pipelines: 40(GETNEXT)
|  |  |
|  |  F26:PLAN FRAGMENT [RANDOM] hosts=1 instances=1
|  |  Per-Instance Resources: mem-estimate=17.81MB mem-reservation=232.00KB thread-reservation=1
|  |  max-parallelism=1 segment-costs=[6419]
|  |  40:SCAN HDFS [tpcds_partitioned_parquet_snap.store, RANDOM]
|  |     HDFS partitions=1/1 files=1 size=119.76KB
|  |     stored statistics:
|  |       table: rows=1.35K size=119.76KB
|  |       columns: all
|  |     extrapolated-rows=disabled max-scan-range-rows=1.35K
|  |     mem-estimate=16.00MB mem-reservation=232.00KB thread-reservation=0
|  |     tuple-ids=42 row-size=459B cardinality=1.35K cost=4718
|  |     in pipelines: 40(GETNEXT)
|  |
|  39:SCAN HDFS [tpcds_partitioned_parquet_snap.store_sales, RANDOM]
|     HDFS partitions=1824/1824 files=1824 size=389.90GB
|     runtime filters: RF063[min_max] -> tpcds_partitioned_parquet_snap.store_sales_0.ss_item_sk, RF050[min_max] -> tpcds_partitioned_parquet_snap.store_sales_0.ss_item_sk, RF051[min_max] -> tpcds_partitioned_parquet_snap.store_sales_0.ss_ticket_number, RF055[min_max] -> tpcds_partitioned_parquet_snap.store_sales_0.ss_customer_sk, RF057[min_max] -> tpcds_partitioned_parquet_snap.store_sales_0.ss_addr_sk, RF061[min_max] -> tpcds_partitioned_parquet_snap.store_sales_0.ss_hdemo_sk, RF053[min_max] -> tpcds_partitioned_parquet_snap.store_sales_0.ss_cdemo_sk, RF065[min_max] -> tpcds_partitioned_parquet_snap.store_sales_0.ss_promo_sk, RF067[min_max] -> tpcds_partitioned_parquet_snap.store_sales_0.ss_store_sk, RF047[min_max] -> tpcds_partitioned_parquet_snap.store_sales_0.ss_item_sk, RF062[bloom] -> tpcds_partitioned_parquet_snap.store_sales_0.ss_item_sk, RF048[bloom] -> tpcds_partitioned_parquet_snap.store_sales_0.ss_item_sk, RF049[bloom] -> tpcds_partitioned_parquet_snap.store_sales_0.ss_ticket_number
|     stored statistics:
|       table: rows=8.64G size=389.90GB
|       partitions: 1824/1824 rows=8.64G
|       columns: all
|     extrapolated-rows=disabled max-scan-range-rows=390.22M
|     mem-estimate=16.00MB mem-reservation=8.00MB thread-reservation=0
|     tuple-ids=40 row-size=96B cardinality=172.88M(filtered from 8.64G) cost=11943846410
|     in pipelines: 39(GETNEXT)
|
132:EXCHANGE [HASH(tpcds_partitioned_parquet_snap.item.i_item_sk,tpcds_partitioned_parquet_snap.store.s_store_name,tpcds_partitioned_parquet_snap.store.s_zip)]
|  mem-estimate=32.73MB mem-reservation=0B thread-reservation=0
|  tuple-ids=39 row-size=287B cardinality=4.41M cost=6307402
|  in pipelines: 105(GETNEXT)
|
F24:PLAN FRAGMENT [HASH(tpcds_partitioned_parquet_snap.item.i_product_name,tpcds_partitioned_parquet_snap.item.i_item_sk,tpcds_partitioned_parquet_snap.store.s_store_name,tpcds_partitioned_parquet_snap.store.s_zip,tpcds_partitioned_parquet_snap.customer_address.ca_street_number,tpcds_partitioned_parquet_snap.customer_address.ca_street_name,tpcds_partitioned_parquet_snap.customer_address.ca_city,tpcds_partitioned_parquet_snap.customer_address.ca_zip,tpcds_partitioned_parquet_snap.customer_address_0.ca_street_number,tpcds_partitioned_parquet_snap.customer_address_0.ca_street_name,tpcds_partitioned_parquet_snap.customer_address_0.ca_city,tpcds_partitioned_parquet_snap.customer_address_0.ca_zip,tpcds_partitioned_parquet_snap.date_dim.d_year,tpcds_partitioned_parquet_snap.date_dim_0.d_year,tpcds_partitioned_parquet_snap.date_dim_1.d_year)] hosts=10 instances=80 (adjusted from 120)
Per-Instance Resources: mem-estimate=542.04MB mem-reservation=34.00MB thread-reservation=1
max-parallelism=660 segment-costs=[6517498108, 83718296] cpu-comparison-result=578 [max(80 (self) vs 578 (sum children))]
105:AGGREGATE [FINALIZE]
|  output: count:merge(), sum:merge(tpcds_partitioned_parquet_snap.store_sales.ss_wholesale_cost), sum:merge(tpcds_partitioned_parquet_snap.store_sales.ss_list_price), sum:merge(tpcds_partitioned_parquet_snap.store_sales.ss_coupon_amt)
|  group by: tpcds_partitioned_parquet_snap.item.i_product_name, tpcds_partitioned_parquet_snap.item.i_item_sk, tpcds_partitioned_parquet_snap.store.s_store_name, tpcds_partitioned_parquet_snap.store.s_zip, tpcds_partitioned_parquet_snap.customer_address.ca_street_number, tpcds_partitioned_parquet_snap.customer_address.ca_street_name, tpcds_partitioned_parquet_snap.customer_address.ca_city, tpcds_partitioned_parquet_snap.customer_address.ca_zip, tpcds_partitioned_parquet_snap.customer_address_0.ca_street_number, tpcds_partitioned_parquet_snap.customer_address_0.ca_street_name, tpcds_partitioned_parquet_snap.customer_address_0.ca_city, tpcds_partitioned_parquet_snap.customer_address_0.ca_zip, tpcds_partitioned_parquet_snap.date_dim.d_year, tpcds_partitioned_parquet_snap.date_dim_0.d_year, tpcds_partitioned_parquet_snap.date_dim_1.d_year
|  having: tpcds_partitioned_parquet_snap.date_dim.d_year = CAST(2000 AS INT)
|  mem-estimate=512.16MB mem-reservation=34.00MB spill-buffer=2.00MB thread-reservation=0
|  tuple-ids=39 row-size=287B cardinality=4.41M cost=5281247328
|  in pipelines: 105(GETNEXT), 00(OPEN)
|
104:EXCHANGE [HASH(tpcds_partitioned_parquet_snap.item.i_product_name,tpcds_partitioned_parquet_snap.item.i_item_sk,tpcds_partitioned_parquet_snap.store.s_store_name,tpcds_partitioned_parquet_snap.store.s_zip,tpcds_partitioned_parquet_snap.customer_address.ca_street_number,tpcds_partitioned_parquet_snap.customer_address.ca_street_name,tpcds_partitioned_parquet_snap.customer_address.ca_city,tpcds_partitioned_parquet_snap.customer_address.ca_zip,tpcds_partitioned_parquet_snap.customer_address_0.ca_street_number,tpcds_partitioned_parquet_snap.customer_address_0.ca_street_name,tpcds_partitioned_parquet_snap.customer_address_0.ca_city,tpcds_partitioned_parquet_snap.customer_address_0.ca_zip,tpcds_partitioned_parquet_snap.date_dim.d_year,tpcds_partitioned_parquet_snap.date_dim_0.d_year,tpcds_partitioned_parquet_snap.date_dim_1.d_year)]
|  mem-estimate=29.89MB mem-reservation=0B thread-reservation=0
|  tuple-ids=39 row-size=287B cardinality=863.99M cost=1236250780
|  in pipelines: 00(GETNEXT)
|
F19:PLAN FRAGMENT [HASH(tpcds_partitioned_parquet_snap.store_sales.ss_item_sk,tpcds_partitioned_parquet_snap.store_sales.ss_ticket_number)] hosts=10 instances=70 (adjusted from 120)
Per-Instance Resources: mem-estimate=927.91MB mem-reservation=34.00MB thread-reservation=1
max-parallelism=1650 segment-costs=[7495214862, 16408784776] cpu-comparison-result=578 [max(300 (self) vs 578 (sum children))]
38:AGGREGATE [STREAMING]
|  output: count(), sum(tpcds_partitioned_parquet_snap.store_sales.ss_wholesale_cost), sum(tpcds_partitioned_parquet_snap.store_sales.ss_list_price), sum(tpcds_partitioned_parquet_snap.store_sales.ss_coupon_amt)
|  group by: tpcds_partitioned_parquet_snap.item.i_product_name, tpcds_partitioned_parquet_snap.item.i_item_sk, tpcds_partitioned_parquet_snap.store.s_store_name, tpcds_partitioned_parquet_snap.store.s_zip, tpcds_partitioned_parquet_snap.customer_address.ca_street_number, tpcds_partitioned_parquet_snap.customer_address.ca_street_name, tpcds_partitioned_parquet_snap.customer_address.ca_city, tpcds_partitioned_parquet_snap.customer_address.ca_zip, tpcds_partitioned_parquet_snap.customer_address_0.ca_street_number, tpcds_partitioned_parquet_snap.customer_address_0.ca_street_name, tpcds_partitioned_parquet_snap.customer_address_0.ca_city, tpcds_partitioned_parquet_snap.customer_address_0.ca_zip, tpcds_partitioned_parquet_snap.date_dim.d_year, tpcds_partitioned_parquet_snap.date_dim_0.d_year, tpcds_partitioned_parquet_snap.date_dim_1.d_year
|  mem-estimate=512.13MB mem-reservation=34.00MB spill-buffer=2.00MB thread-reservation=0
|  tuple-ids=39 row-size=287B cardinality=863.99M cost=5281247328
|  in pipelines: 00(GETNEXT)
|
37:HASH JOIN [INNER JOIN, BROADCAST]
|  hash-table-id=19
|  hash predicates: tpcds_partitioned_parquet_snap.store_sales.ss_item_sk = tpcds_partitioned_parquet_snap.catalog_sales.cs_item_sk
|  fk/pk conjuncts: none
|  mem-estimate=0B mem-reservation=0B spill-buffer=128.00KB thread-reservation=0
|  tuple-ids=0,2,4,6,8,10,12,14,16,18,20,22,24,26,28,30,32,38 row-size=2.92KB cardinality=863.99M cost=181982973
|  in pipelines: 00(GETNEXT), 102(OPEN)
|
|--F71:PLAN FRAGMENT [HASH(tpcds_partitioned_parquet_snap.store_sales.ss_item_sk,tpcds_partitioned_parquet_snap.store_sales.ss_ticket_number)] hosts=10 instances=10
|  |  Per-Instance Resources: mem-estimate=21.75MB mem-reservation=20.12MB thread-reservation=1
|  |  max-parallelism=10 segment-costs=[83878] cpu-comparison-result=150 [max(10 (self) vs 150 (sum children))]
|  JOIN BUILD
|  |  join-table-id=19 plan-id=20 cohort-id=01
|  |  build expressions: tpcds_partitioned_parquet_snap.catalog_sales.cs_item_sk
|  |  runtime filters: RF007[min_max] <- tpcds_partitioned_parquet_snap.catalog_sales.cs_item_sk
|  |  mem-estimate=20.12MB mem-reservation=20.12MB spill-buffer=128.00KB thread-reservation=0 cost=36018
|  |
|  103:EXCHANGE [BROADCAST]
|  |  mem-estimate=1.63MB mem-reservation=0B thread-reservation=0
|  |  tuple-ids=38 row-size=36B cardinality=36.02K cost=47860
|  |  in pipelines: 102(GETNEXT)
|  |
|  F23:PLAN FRAGMENT [HASH(tpcds_partitioned_parquet_snap.catalog_sales.cs_item_sk)] hosts=10 instances=10 (adjusted from 120)
|  Per-Instance Resources: mem-estimate=21.17MB mem-reservation=2.88MB thread-reservation=1
|  max-parallelism=10 segment-costs=[28566307, 4278] cpu-comparison-result=150 [max(10 (self) vs 150 (sum children))]
|  102:AGGREGATE [FINALIZE]
|  |  output: sum:merge(tpcds_partitioned_parquet_snap.catalog_sales.cs_ext_list_price), sum:merge(add(add(tpcds_partitioned_parquet_snap.catalog_returns.cr_refunded_cash, tpcds_partitioned_parquet_snap.catalog_returns.cr_reversed_charge), tpcds_partitioned_parquet_snap.catalog_returns.cr_store_credit))
|  |  group by: tpcds_partitioned_parquet_snap.catalog_sales.cs_item_sk
|  |  having: sum(tpcds_partitioned_parquet_snap.catalog_sales.cs_ext_list_price) > multiply(CAST(2 AS DECIMAL(3,0)), sum(add(add(tpcds_partitioned_parquet_snap.catalog_returns.cr_refunded_cash, tpcds_partitioned_parquet_snap.catalog_returns.cr_reversed_charge), tpcds_partitioned_parquet_snap.catalog_returns.cr_store_credit)))
|  |  mem-estimate=10.00MB mem-reservation=2.88MB spill-buffer=128.00KB thread-reservation=0
|  |  tuple-ids=38 row-size=36B cardinality=36.02K cost=16606891
|  |  in pipelines: 102(GETNEXT), 33(OPEN)
|  |
|  101:EXCHANGE [HASH(tpcds_partitioned_parquet_snap.catalog_sales.cs_item_sk)]
|  |  mem-estimate=11.17MB mem-reservation=0B thread-reservation=0
|  |  tuple-ids=38 row-size=36B cardinality=43.22M cost=11959416
|  |  in pipelines: 33(GETNEXT)
|  |
|  F22:PLAN FRAGMENT [HASH(tpcds_partitioned_parquet_snap.catalog_sales.cs_item_sk,tpcds_partitioned_parquet_snap.catalog_sales.cs_order_number)] hosts=10 instances=30 (adjusted from 120)
|  Per-Instance Resources: mem-estimate=38.44MB mem-reservation=2.00MB thread-reservation=1
|  max-parallelism=560 segment-costs=[5552342816, 122472725] cpu-comparison-result=150 [max(150 (self) vs 150 (sum children))]
|  36:AGGREGATE [STREAMING]
|  |  output: sum(tpcds_partitioned_parquet_snap.catalog_sales.cs_ext_list_price), sum(add(add(tpcds_partitioned_parquet_snap.catalog_returns.cr_refunded_cash, tpcds_partitioned_parquet_snap.catalog_returns.cr_reversed_charge), tpcds_partitioned_parquet_snap.catalog_returns.cr_store_credit))
|  |  group by: tpcds_partitioned_parquet_snap.catalog_sales.cs_item_sk
|  |  mem-estimate=10.00MB mem-reservation=2.00MB spill-buffer=64.00KB thread-reservation=0
|  |  tuple-ids=38 row-size=36B cardinality=43.22M cost=1040366503
|  |  in pipelines: 33(GETNEXT)
|  |
|  35:HASH JOIN [INNER JOIN, PARTITIONED]
|  |  hash-table-id=20
|  |  hash predicates: tpcds_partitioned_parquet_snap.catalog_sales.cs_item_sk = tpcds_partitioned_parquet_snap.catalog_returns.cr_item_sk, tpcds_partitioned_parquet_snap.catalog_sales.cs_order_number = tpcds_partitioned_parquet_snap.catalog_returns.cr_order_number
|  |  fk/pk conjuncts: tpcds_partitioned_parquet_snap.catalog_sales.cs_item_sk = tpcds_partitioned_parquet_snap.catalog_returns.cr_item_sk, tpcds_partitioned_parquet_snap.catalog_sales.cs_order_number = tpcds_partitioned_parquet_snap.catalog_returns.cr_order_number
|  |  mem-estimate=0B mem-reservation=0B spill-buffer=2.00MB thread-reservation=0
|  |  tuple-ids=34,36 row-size=252B cardinality=2.56G cost=1490184428
|  |  in pipelines: 33(GETNEXT), 34(OPEN)
|  |
|  |--F72:PLAN FRAGMENT [HASH(tpcds_partitioned_parquet_snap.catalog_sales.cs_item_sk,tpcds_partitioned_parquet_snap.catalog_sales.cs_order_number)] hosts=10 instances=30 (adjusted from 120)
|  |  |  Per-Instance Resources: mem-estimate=1.94GB mem-reservation=51.00MB thread-reservation=1 runtime-filters-memory=17.00MB
|  |  |  max-parallelism=560 segment-costs=[702589232]
|  |  JOIN BUILD
|  |  |  join-table-id=20 plan-id=21 cohort-id=07
|  |  |  build expressions: tpcds_partitioned_parquet_snap.catalog_returns.cr_item_sk, tpcds_partitioned_parquet_snap.catalog_returns.cr_order_number
|  |  |  runtime filters: RF042[bloom] <- tpcds_partitioned_parquet_snap.catalog_returns.cr_item_sk, RF043[bloom] <- tpcds_partitioned_parquet_snap.catalog_returns.cr_order_number, RF044[min_max] <- tpcds_partitioned_parquet_snap.catalog_returns.cr_item_sk, RF045[min_max] <- tpcds_partitioned_parquet_snap.catalog_returns.cr_order_number
|  |  |  mem-estimate=1.90GB mem-reservation=34.00MB spill-buffer=2.00MB thread-reservation=0 cost=432016991
|  |  |
|  |  100:EXCHANGE [HASH(tpcds_partitioned_parquet_snap.catalog_returns.cr_item_sk,tpcds_partitioned_parquet_snap.catalog_returns.cr_order_number)]
|  |  |  mem-estimate=23.59MB mem-reservation=0B thread-reservation=0
|  |  |  tuple-ids=36 row-size=112B cardinality=432.02M cost=270572241
|  |  |  in pipelines: 34(GETNEXT)
|  |  |
|  |  F21:PLAN FRAGMENT [RANDOM] hosts=10 instances=120
|  |  Per-Instance Resources: mem-estimate=29.59MB mem-reservation=208.00KB thread-reservation=1
|  |  max-parallelism=410 segment-costs=[4035384309]
|  |  34:SCAN HDFS [tpcds_partitioned_parquet_snap.catalog_returns, RANDOM]
|  |     HDFS partitions=2060/2060 files=2060 size=32.77GB
|  |     runtime filters: RF003[min_max] -> tpcds_partitioned_parquet_snap.catalog_returns.cr_item_sk
|  |     stored statistics:
|  |       table: rows=432.02M size=32.77GB
|  |       partitions: 2060/2060 rows=432.02M
|  |       columns: all
|  |     extrapolated-rows=disabled max-scan-range-rows=416.82K
|  |     mem-estimate=16.00MB mem-reservation=208.00KB thread-reservation=0
|  |     tuple-ids=36 row-size=112B cardinality=432.02M cost=696757003
|  |     in pipelines: 34(GETNEXT)
|  |
|  99:EXCHANGE [HASH(tpcds_partitioned_parquet_snap.catalog_sales.cs_item_sk,tpcds_partitioned_parquet_snap.catalog_sales.cs_order_number)]
|  |  mem-estimate=26.88MB mem-reservation=0B thread-reservation=0
|  |  tuple-ids=34 row-size=140B cardinality=4.00G(filtered from 4.32G) cost=3021791885
|  |  in pipelines: 33(GETNEXT)
|  |
|  F20:PLAN FRAGMENT [RANDOM] hosts=10 instances=120
|  Per-Host Shared Resources: mem-estimate=17.00MB mem-reservation=17.00MB thread-reservation=0 runtime-filters-memory=17.00MB
|  Per-Instance Resources: mem-estimate=32.88MB mem-reservation=1.00MB thread-reservation=1
|  max-parallelism=1831 segment-costs=[46851646189]
|  33:SCAN HDFS [tpcds_partitioned_parquet_snap.catalog_sales, RANDOM]
|     HDFS partitions=1831/1831 files=1831 size=280.96GB
|     runtime filters: RF044[min_max] -> tpcds_partitioned_parquet_snap.catalog_sales.cs_item_sk, RF045[min_max] -> tpcds_partitioned_parquet_snap.catalog_sales.cs_order_number, RF003[min_max] -> tpcds_partitioned_parquet_snap.catalog_sales.cs_item_sk, RF042[bloom] -> tpcds_partitioned_parquet_snap.catalog_sales.cs_item_sk, RF043[bloom] -> tpcds_partitioned_parquet_snap.catalog_sales.cs_order_number
|     stored statistics:
|       table: rows=4.32G size=280.96GB
|       partitions: 1831/1831 rows=4.32G
|       columns: all
|     extrapolated-rows=disabled max-scan-range-rows=21.52M
|     mem-estimate=16.00MB mem-reservation=1.00MB thread-reservation=0
|     tuple-ids=34 row-size=140B cardinality=4.00G(filtered from 4.32G) cost=8709277205
|     in pipelines: 33(GETNEXT)
|
32:HASH JOIN [INNER JOIN, PARTITIONED]
|  hash-table-id=21
|  hash predicates: tpcds_partitioned_parquet_snap.store_sales.ss_item_sk = tpcds_partitioned_parquet_snap.store_returns.sr_item_sk, tpcds_partitioned_parquet_snap.store_sales.ss_ticket_number = tpcds_partitioned_parquet_snap.store_returns.sr_ticket_number
|  fk/pk conjuncts: tpcds_partitioned_parquet_snap.store_sales.ss_item_sk = tpcds_partitioned_parquet_snap.store_returns.sr_item_sk, tpcds_partitioned_parquet_snap.store_sales.ss_ticket_number = tpcds_partitioned_parquet_snap.store_returns.sr_ticket_number
|  mem-estimate=0B mem-reservation=0B spill-buffer=2.00MB thread-reservation=0
|  tuple-ids=0,2,4,6,8,10,12,14,16,18,20,22,24,26,28,30,32 row-size=2.88KB cardinality=99.13M cost=54577993
|  in pipelines: 00(GETNEXT), 31(OPEN)
|
|--F73:PLAN FRAGMENT [HASH(tpcds_partitioned_parquet_snap.store_sales.ss_item_sk,tpcds_partitioned_parquet_snap.store_sales.ss_ticket_number)] hosts=10 instances=70 (adjusted from 120)
|  |  Per-Instance Resources: mem-estimate=1.34GB mem-reservation=51.00MB thread-reservation=1 runtime-filters-memory=17.00MB
|  |  max-parallelism=1650 segment-costs=[1293822976]
|  JOIN BUILD
|  |  join-table-id=21 plan-id=22 cohort-id=01
|  |  build expressions: tpcds_partitioned_parquet_snap.store_returns.sr_item_sk, tpcds_partitioned_parquet_snap.store_returns.sr_ticket_number
|  |  runtime filters: RF008[bloom] <- tpcds_partitioned_parquet_snap.store_returns.sr_item_sk, RF009[bloom] <- tpcds_partitioned_parquet_snap.store_returns.sr_ticket_number, RF010[min_max] <- tpcds_partitioned_parquet_snap.store_returns.sr_item_sk, RF011[min_max] <- tpcds_partitioned_parquet_snap.store_returns.sr_ticket_number
|  |  mem-estimate=1.31GB mem-reservation=34.00MB spill-buffer=2.00MB thread-reservation=0 cost=863988632
|  |
|  98:EXCHANGE [HASH(tpcds_partitioned_parquet_snap.store_returns.sr_item_sk,tpcds_partitioned_parquet_snap.store_returns.sr_ticket_number)]
|  |  mem-estimate=20.31MB mem-reservation=0B thread-reservation=0
|  |  tuple-ids=32 row-size=84B cardinality=863.99M cost=429834344
|  |  in pipelines: 31(GETNEXT)
|  |
|  F18:PLAN FRAGMENT [RANDOM] hosts=10 instances=120
|  Per-Instance Resources: mem-estimate=40.06MB mem-reservation=512.00KB thread-reservation=1
|  max-parallelism=620 segment-costs=[6164040495]
|  31:SCAN HDFS [tpcds_partitioned_parquet_snap.store_returns, RANDOM]
|     HDFS partitions=2004/2004 files=2004 size=48.14GB
|     runtime filters: RF003[min_max] -> tpcds_partitioned_parquet_snap.store_returns.sr_item_sk, RF007[min_max] -> tpcds_partitioned_parquet_snap.store_returns.sr_item_sk
|     stored statistics:
|       table: rows=863.99M size=48.14GB
|       partitions: 2004/2004 rows=863.99M
|       columns: all
|     extrapolated-rows=disabled max-scan-range-rows=30.09M
|     mem-estimate=16.00MB mem-reservation=512.00KB thread-reservation=0
|     tuple-ids=32 row-size=84B cardinality=863.99M cost=1045080649
|     in pipelines: 31(GETNEXT)
|
97:EXCHANGE [HASH(tpcds_partitioned_parquet_snap.store_sales.ss_item_sk,tpcds_partitioned_parquet_snap.store_sales.ss_ticket_number)]
|  mem-estimate=324.88MB mem-reservation=0B thread-reservation=0
|  tuple-ids=0,2,4,6,8,10,12,14,16,18,20,22,24,26,28,30 row-size=2.80KB cardinality=142.75M cost=1977406568
|  in pipelines: 00(GETNEXT)
|
F16:PLAN FRAGMENT [HASH(tpcds_partitioned_parquet_snap.store_sales.ss_customer_sk)] hosts=10 instances=110 (adjusted from 120)
Per-Instance Resources: mem-estimate=1018.72MB mem-reservation=0B thread-reservation=1
max-parallelism=2910 segment-costs=[29030516631]
30:HASH JOIN [INNER JOIN, BROADCAST]
|  hash-table-id=22
|  hash predicates: tpcds_partitioned_parquet_snap.store_sales.ss_cdemo_sk = tpcds_partitioned_parquet_snap.customer_demographics_0.cd_demo_sk
|  fk/pk conjuncts: tpcds_partitioned_parquet_snap.store_sales.ss_cdemo_sk = tpcds_partitioned_parquet_snap.customer_demographics_0.cd_demo_sk
|  other join predicates: tpcds_partitioned_parquet_snap.customer_demographics_0.cd_marital_status != tpcds_partitioned_parquet_snap.customer_demographics.cd_marital_status
|  mem-estimate=0B mem-reservation=0B spill-buffer=2.00MB thread-reservation=0
|  tuple-ids=0,2,4,6,8,10,12,14,16,18,20,22,24,26,28,30 row-size=2.80KB cardinality=142.75M cost=62935415
|  in pipelines: 00(GETNEXT), 29(OPEN)
|
|--F74:PLAN FRAGMENT [HASH(tpcds_partitioned_parquet_snap.store_sales.ss_customer_sk)] hosts=10 instances=10
|  |  Per-Instance Resources: mem-estimate=384.88MB mem-reservation=374.00MB thread-reservation=1
|  |  max-parallelism=10 segment-costs=[4473540]
|  JOIN BUILD
|  |  join-table-id=22 plan-id=23 cohort-id=01
|  |  build expressions: tpcds_partitioned_parquet_snap.customer_demographics_0.cd_demo_sk
|  |  runtime filters: RF013[min_max] <- tpcds_partitioned_parquet_snap.customer_demographics_0.cd_demo_sk
|  |  mem-estimate=374.00MB mem-reservation=374.00MB spill-buffer=2.00MB thread-reservation=0 cost=1920800
|  |
|  96:EXCHANGE [BROADCAST]
|  |  mem-estimate=10.88MB mem-reservation=0B thread-reservation=0
|  |  tuple-ids=30 row-size=87B cardinality=1.92M cost=2552740
|  |  in pipelines: 29(GETNEXT)
|  |
|  F17:PLAN FRAGMENT [RANDOM] hosts=10 instances=10
|  Per-Instance Resources: mem-estimate=16.35MB mem-reservation=1.00MB thread-reservation=1
|  max-parallelism=10 segment-costs=[1557329]
|  29:SCAN HDFS [tpcds_partitioned_parquet_snap.customer_demographics, RANDOM]
|     HDFS partitions=1/1 files=1 size=11.15MB
|     stored statistics:
|       table: rows=1.92M size=11.15MB
|       columns: all
|     extrapolated-rows=disabled max-scan-range-rows=197.97K
|     mem-estimate=16.00MB mem-reservation=1.00MB thread-reservation=0
|     tuple-ids=30 row-size=87B cardinality=1.92M cost=1066867
|     in pipelines: 29(GETNEXT)
|
28:HASH JOIN [INNER JOIN, PARTITIONED]
|  hash-table-id=23
|  hash predicates: tpcds_partitioned_parquet_snap.store_sales.ss_customer_sk = tpcds_partitioned_parquet_snap.customer.c_customer_sk
|  fk/pk conjuncts: tpcds_partitioned_parquet_snap.store_sales.ss_customer_sk = tpcds_partitioned_parquet_snap.customer.c_customer_sk
|  mem-estimate=0B mem-reservation=0B spill-buffer=2.00MB thread-reservation=0
|  tuple-ids=0,2,4,6,8,10,12,14,16,18,20,22,24,26,28 row-size=2.72KB cardinality=144.52M cost=68068343
|  in pipelines: 00(GETNEXT), 15(OPEN)
|
|--F75:PLAN FRAGMENT [HASH(tpcds_partitioned_parquet_snap.store_sales.ss_customer_sk)] hosts=10 instances=110 (adjusted from 120)
|  |  Per-Instance Resources: mem-estimate=315.83MB mem-reservation=50.00MB thread-reservation=1 runtime-filters-memory=16.00MB
|  |  max-parallelism=2910 segment-costs=[177485324] cpu-comparison-result=140 [max(140 (self) vs 83 (sum children))]
|  JOIN BUILD
|  |  join-table-id=23 plan-id=24 cohort-id=01
|  |  build expressions: tpcds_partitioned_parquet_snap.customer.c_customer_sk
|  |  runtime filters: RF014[bloom] <- tpcds_partitioned_parquet_snap.customer.c_customer_sk, RF015[min_max] <- tpcds_partitioned_parquet_snap.customer.c_customer_sk
|  |  mem-estimate=268.88MB mem-reservation=34.00MB spill-buffer=2.00MB thread-reservation=0 cost=28925607
|  |
|  95:EXCHANGE [HASH(tpcds_partitioned_parquet_snap.customer.c_customer_sk)]
|  |  mem-estimate=30.94MB mem-reservation=0B thread-reservation=0
|  |  tuple-ids=16,18,20,22,24,26,28 row-size=1.02KB cardinality=28.93M cost=148559717
|  |  in pipelines: 15(GETNEXT)
|  |
|  F15:PLAN FRAGMENT [HASH(tpcds_partitioned_parquet_snap.customer.c_current_addr_sk)] hosts=10 instances=20 (adjusted from 10)
|  Per-Instance Resources: mem-estimate=478.95MB mem-reservation=0B thread-reservation=1
|  max-parallelism=220 segment-costs=[2179086442]
|  27:HASH JOIN [INNER JOIN, PARTITIONED]
|  |  hash-table-id=24
|  |  hash predicates: tpcds_partitioned_parquet_snap.customer.c_current_addr_sk = tpcds_partitioned_parquet_snap.customer_address_0.ca_address_sk
|  |  fk/pk conjuncts: tpcds_partitioned_parquet_snap.customer.c_current_addr_sk = tpcds_partitioned_parquet_snap.customer_address_0.ca_address_sk
|  |  mem-estimate=0B mem-reservation=0B spill-buffer=2.00MB thread-reservation=0
|  |  tuple-ids=16,18,20,22,24,26,28 row-size=1.02KB cardinality=28.93M cost=12660738
|  |  in pipelines: 15(GETNEXT), 26(OPEN)
|  |
|  |--F76:PLAN FRAGMENT [HASH(tpcds_partitioned_parquet_snap.customer.c_current_addr_sk)] hosts=10 instances=20 (adjusted from 10)
|  |  |  Per-Instance Resources: mem-estimate=197.16MB mem-reservation=34.00MB thread-reservation=1
|  |  |  max-parallelism=220 segment-costs=[32647413]
|  |  JOIN BUILD
|  |  |  join-table-id=24 plan-id=25 cohort-id=08
|  |  |  build expressions: tpcds_partitioned_parquet_snap.customer_address_0.ca_address_sk
|  |  |  runtime filters: RF031[min_max] <- tpcds_partitioned_parquet_snap.customer_address_0.ca_address_sk
|  |  |  mem-estimate=184.86MB mem-reservation=34.00MB spill-buffer=2.00MB thread-reservation=0 cost=15000000
|  |  |
|  |  93:EXCHANGE [HASH(tpcds_partitioned_parquet_snap.customer_address_0.ca_address_sk)]
|  |  |  mem-estimate=12.30MB mem-reservation=0B thread-reservation=0
|  |  |  tuple-ids=28 row-size=232B cardinality=15.00M cost=17647413
|  |  |  in pipelines: 26(GETNEXT)
|  |  |
|  |  F14:PLAN FRAGMENT [RANDOM] hosts=10 instances=10
|  |  Per-Instance Resources: mem-estimate=34.41MB mem-reservation=128.00KB thread-reservation=1
|  |  max-parallelism=10 segment-costs=[252975990]
|  |  26:SCAN HDFS [tpcds_partitioned_parquet_snap.customer_address, RANDOM]
|  |     HDFS partitions=1/1 files=1 size=307.36MB
|  |     stored statistics:
|  |       table: rows=15.00M size=307.36MB
|  |       columns: all
|  |     extrapolated-rows=disabled max-scan-range-rows=1.58M
|  |     mem-estimate=16.00MB mem-reservation=128.00KB thread-reservation=0
|  |     tuple-ids=28 row-size=232B cardinality=15.00M cost=21515206
|  |     in pipelines: 26(GETNEXT)
|  |
|  92:EXCHANGE [HASH(tpcds_partitioned_parquet_snap.customer.c_current_addr_sk)]
|  |  mem-estimate=18.17MB mem-reservation=0B thread-reservation=0
|  |  tuple-ids=16,18,20,22,24,26 row-size=813B cardinality=28.93M cost=116678082
|  |  in pipelines: 15(GETNEXT)
|  |
|  F08:PLAN FRAGMENT [RANDOM] hosts=10 instances=10
|  Per-Instance Resources: mem-estimate=81.37MB mem-reservation=1.00MB thread-reservation=1
|  max-parallelism=10 segment-costs=[1701434296]
|  25:HASH JOIN [INNER JOIN, BROADCAST]
|  |  hash-table-id=25
|  |  hash predicates: tpcds_partitioned_parquet_snap.customer.c_current_cdemo_sk = tpcds_partitioned_parquet_snap.customer_demographics.cd_demo_sk
|  |  fk/pk conjuncts: tpcds_partitioned_parquet_snap.customer.c_current_cdemo_sk = tpcds_partitioned_parquet_snap.customer_demographics.cd_demo_sk
|  |  mem-estimate=0B mem-reservation=0B spill-buffer=2.00MB thread-reservation=0
|  |  tuple-ids=16,18,20,22,24,26 row-size=813B cardinality=28.93M cost=12752708
|  |  in pipelines: 15(GETNEXT), 24(OPEN)
|  |
|  |--F77:PLAN FRAGMENT [RANDOM] hosts=10 instances=10
|  |  |  Per-Instance Resources: mem-estimate=217.47MB mem-reservation=34.00MB thread-reservation=1
|  |  |  max-parallelism=10 segment-costs=[4473540]
|  |  JOIN BUILD
|  |  |  join-table-id=25 plan-id=26 cohort-id=08
|  |  |  build expressions: tpcds_partitioned_parquet_snap.customer_demographics.cd_demo_sk
|  |  |  runtime filters: RF033[min_max] <- tpcds_partitioned_parquet_snap.customer_demographics.cd_demo_sk
|  |  |  mem-estimate=206.58MB mem-reservation=34.00MB spill-buffer=2.00MB thread-reservation=0 cost=1920800
|  |  |
|  |  91:EXCHANGE [BROADCAST]
|  |  |  mem-estimate=10.88MB mem-reservation=0B thread-reservation=0
|  |  |  tuple-ids=26 row-size=87B cardinality=1.92M cost=2552740
|  |  |  in pipelines: 24(GETNEXT)
|  |  |
|  |  F13:PLAN FRAGMENT [RANDOM] hosts=10 instances=10
|  |  Per-Instance Resources: mem-estimate=16.35MB mem-reservation=1.00MB thread-reservation=1
|  |  max-parallelism=10 segment-costs=[1557329]
|  |  24:SCAN HDFS [tpcds_partitioned_parquet_snap.customer_demographics, RANDOM]
|  |     HDFS partitions=1/1 files=1 size=11.15MB
|  |     stored statistics:
|  |       table: rows=1.92M size=11.15MB
|  |       columns: all
|  |     extrapolated-rows=disabled max-scan-range-rows=197.97K
|  |     mem-estimate=16.00MB mem-reservation=1.00MB thread-reservation=0
|  |     tuple-ids=26 row-size=87B cardinality=1.92M cost=1066867
|  |     in pipelines: 24(GETNEXT)
|  |
|  23:HASH JOIN [INNER JOIN, BROADCAST]
|  |  hash-table-id=26
|  |  hash predicates: tpcds_partitioned_parquet_snap.customer.c_first_shipto_date_sk = tpcds_partitioned_parquet_snap.date_dim_1.d_date_sk
|  |  fk/pk conjuncts: tpcds_partitioned_parquet_snap.customer.c_first_shipto_date_sk = tpcds_partitioned_parquet_snap.date_dim_1.d_date_sk
|  |  mem-estimate=0B mem-reservation=0B spill-buffer=2.00MB thread-reservation=0
|  |  tuple-ids=16,18,20,22,24 row-size=726B cardinality=29.28M cost=12817679
|  |  in pipelines: 15(GETNEXT), 22(OPEN)
|  |
|  |--F78:PLAN FRAGMENT [RANDOM] hosts=10 instances=10
|  |  |  Per-Instance Resources: mem-estimate=44.24MB mem-reservation=34.00MB thread-reservation=1
|  |  |  max-parallelism=10 segment-costs=[170129]
|  |  JOIN BUILD
|  |  |  join-table-id=26 plan-id=27 cohort-id=08
|  |  |  build expressions: tpcds_partitioned_parquet_snap.date_dim_1.d_date_sk
|  |  |  runtime filters: RF035[min_max] <- tpcds_partitioned_parquet_snap.date_dim_1.d_date_sk
|  |  |  mem-estimate=34.00MB mem-reservation=34.00MB spill-buffer=2.00MB thread-reservation=0 cost=73049
|  |  |
|  |  90:EXCHANGE [BROADCAST]
|  |  |  mem-estimate=10.24MB mem-reservation=0B thread-reservation=0
|  |  |  tuple-ids=24 row-size=237B cardinality=73.05K cost=97080
|  |  |  in pipelines: 22(GETNEXT)
|  |  |
|  |  F12:PLAN FRAGMENT [RANDOM] hosts=1 instances=1
|  |  Per-Instance Resources: mem-estimate=16.94MB mem-reservation=4.00MB thread-reservation=1
|  |  max-parallelism=1 segment-costs=[158950]
|  |  22:SCAN HDFS [tpcds_partitioned_parquet_snap.date_dim, RANDOM]
|  |     HDFS partitions=1/1 files=1 size=2.17MB
|  |     stored statistics:
|  |       table: rows=73.05K size=2.17MB
|  |       columns: all
|  |     extrapolated-rows=disabled max-scan-range-rows=73.05K
|  |     mem-estimate=16.00MB mem-reservation=4.00MB thread-reservation=0
|  |     tuple-ids=24 row-size=237B cardinality=73.05K cost=110600
|  |     in pipelines: 22(GETNEXT)
|  |
|  21:HASH JOIN [INNER JOIN, BROADCAST]
|  |  hash-table-id=27
|  |  hash predicates: tpcds_partitioned_parquet_snap.customer.c_first_sales_date_sk = tpcds_partitioned_parquet_snap.date_dim_0.d_date_sk
|  |  fk/pk conjuncts: tpcds_partitioned_parquet_snap.customer.c_first_sales_date_sk = tpcds_partitioned_parquet_snap.date_dim_0.d_date_sk
|  |  mem-estimate=0B mem-reservation=0B spill-buffer=2.00MB thread-reservation=0
|  |  tuple-ids=16,18,20,22 row-size=489B cardinality=29.28M cost=12817679
|  |  in pipelines: 15(GETNEXT), 20(OPEN)
|  |
|  |--F79:PLAN FRAGMENT [RANDOM] hosts=10 instances=10
|  |  |  Per-Instance Resources: mem-estimate=44.24MB mem-reservation=34.00MB thread-reservation=1
|  |  |  max-parallelism=10 segment-costs=[170129]
|  |  JOIN BUILD
|  |  |  join-table-id=27 plan-id=28 cohort-id=08
|  |  |  build expressions: tpcds_partitioned_parquet_snap.date_dim_0.d_date_sk
|  |  |  runtime filters: RF037[min_max] <- tpcds_partitioned_parquet_snap.date_dim_0.d_date_sk
|  |  |  mem-estimate=34.00MB mem-reservation=34.00MB spill-buffer=2.00MB thread-reservation=0 cost=73049
|  |  |
|  |  89:EXCHANGE [BROADCAST]
|  |  |  mem-estimate=10.24MB mem-reservation=0B thread-reservation=0
|  |  |  tuple-ids=22 row-size=237B cardinality=73.05K cost=97080
|  |  |  in pipelines: 20(GETNEXT)
|  |  |
|  |  F11:PLAN FRAGMENT [RANDOM] hosts=1 instances=1
|  |  Per-Instance Resources: mem-estimate=16.94MB mem-reservation=4.00MB thread-reservation=1
|  |  max-parallelism=1 segment-costs=[158950]
|  |  20:SCAN HDFS [tpcds_partitioned_parquet_snap.date_dim, RANDOM]
|  |     HDFS partitions=1/1 files=1 size=2.17MB
|  |     stored statistics:
|  |       table: rows=73.05K size=2.17MB
|  |       columns: all
|  |     extrapolated-rows=disabled max-scan-range-rows=73.05K
|  |     mem-estimate=16.00MB mem-reservation=4.00MB thread-reservation=0
|  |     tuple-ids=22 row-size=237B cardinality=73.05K cost=110600
|  |     in pipelines: 20(GETNEXT)
|  |
|  19:HASH JOIN [INNER JOIN, BROADCAST]
|  |  hash-table-id=28
|  |  hash predicates: tpcds_partitioned_parquet_snap.customer.c_current_hdemo_sk = tpcds_partitioned_parquet_snap.household_demographics_0.hd_demo_sk
|  |  fk/pk conjuncts: tpcds_partitioned_parquet_snap.customer.c_current_hdemo_sk = tpcds_partitioned_parquet_snap.household_demographics_0.hd_demo_sk
|  |  mem-estimate=0B mem-reservation=0B spill-buffer=64.00KB thread-reservation=0
|  |  tuple-ids=16,18,20 row-size=252B cardinality=29.28M cost=12817679
|  |  in pipelines: 15(GETNEXT), 16(OPEN)
|  |
|  |--F80:PLAN FRAGMENT [RANDOM] hosts=10 instances=10
|  |  |  Per-Instance Resources: mem-estimate=2.32MB mem-reservation=1.94MB thread-reservation=1
|  |  |  max-parallelism=10 segment-costs=[16760] cpu-comparison-result=11 [max(11 (self) vs 2 (sum children))]
|  |  JOIN BUILD
|  |  |  join-table-id=28 plan-id=29 cohort-id=08
|  |  |  build expressions: tpcds_partitioned_parquet_snap.household_demographics_0.hd_demo_sk
|  |  |  runtime filters: RF039[min_max] <- tpcds_partitioned_parquet_snap.household_demographics_0.hd_demo_sk
|  |  |  mem-estimate=1.94MB mem-reservation=1.94MB spill-buffer=64.00KB thread-reservation=0 cost=7200
|  |  |
|  |  88:EXCHANGE [BROADCAST]
|  |  |  mem-estimate=389.48KB mem-reservation=0B thread-reservation=0
|  |  |  tuple-ids=18,20 row-size=48B cardinality=7.20K cost=9560
|  |  |  in pipelines: 16(GETNEXT)
|  |  |
|  |  F09:PLAN FRAGMENT [RANDOM] hosts=1 instances=1
|  |  Per-Instance Resources: mem-estimate=16.22MB mem-reservation=64.00KB thread-reservation=1
|  |  max-parallelism=1 segment-costs=[6821]
|  |  18:HASH JOIN [INNER JOIN, BROADCAST]
|  |  |  hash-table-id=29
|  |  |  hash predicates: tpcds_partitioned_parquet_snap.household_demographics_0.hd_income_band_sk = tpcds_partitioned_parquet_snap.income_band_0.ib_income_band_sk
|  |  |  fk/pk conjuncts: tpcds_partitioned_parquet_snap.household_demographics_0.hd_income_band_sk = tpcds_partitioned_parquet_snap.income_band_0.ib_income_band_sk
|  |  |  mem-estimate=0B mem-reservation=0B spill-buffer=64.00KB thread-reservation=0
|  |  |  tuple-ids=18,20 row-size=48B cardinality=7.20K cost=3151
|  |  |  in pipelines: 16(GETNEXT), 17(OPEN)
|  |  |
|  |  |--F81:PLAN FRAGMENT [RANDOM] hosts=1 instances=1
|  |  |  |  Per-Instance Resources: mem-estimate=1.95MB mem-reservation=1.94MB thread-reservation=1
|  |  |  |  max-parallelism=1 segment-costs=[22]
|  |  |  JOIN BUILD
|  |  |  |  join-table-id=29 plan-id=30 cohort-id=09
|  |  |  |  build expressions: tpcds_partitioned_parquet_snap.income_band_0.ib_income_band_sk
|  |  |  |  runtime filters: RF041[min_max] <- tpcds_partitioned_parquet_snap.income_band_0.ib_income_band_sk
|  |  |  |  mem-estimate=1.94MB mem-reservation=1.94MB spill-buffer=64.00KB thread-reservation=0 cost=20
|  |  |  |
|  |  |  87:EXCHANGE [BROADCAST]
|  |  |  |  mem-estimate=16.00KB mem-reservation=0B thread-reservation=0
|  |  |  |  tuple-ids=20 row-size=12B cardinality=20 cost=2
|  |  |  |  in pipelines: 17(GETNEXT)
|  |  |  |
|  |  |  F10:PLAN FRAGMENT [RANDOM] hosts=1 instances=1
|  |  |  Per-Instance Resources: mem-estimate=16.06MB mem-reservation=24.00KB thread-reservation=1
|  |  |  max-parallelism=1 segment-costs=[4]
|  |  |  17:SCAN HDFS [tpcds_partitioned_parquet_snap.income_band, RANDOM]
|  |  |     HDFS partitions=1/1 files=1 size=1.22KB
|  |  |     stored statistics:
|  |  |       table: rows=20 size=1.22KB
|  |  |       columns: all
|  |  |     extrapolated-rows=disabled max-scan-range-rows=20
|  |  |     mem-estimate=16.00MB mem-reservation=24.00KB thread-reservation=0
|  |  |     tuple-ids=20 row-size=12B cardinality=20 cost=3
|  |  |     in pipelines: 17(GETNEXT)
|  |  |
|  |  16:SCAN HDFS [tpcds_partitioned_parquet_snap.household_demographics, RANDOM]
|  |     HDFS partitions=1/1 files=1 size=41.69KB
|  |     runtime filters: RF041[min_max] -> tpcds_partitioned_parquet_snap.household_demographics_0.hd_income_band_sk
|  |     stored statistics:
|  |       table: rows=7.20K size=41.69KB
|  |       columns: all
|  |     extrapolated-rows=disabled max-scan-range-rows=7.20K
|  |     mem-estimate=16.00MB mem-reservation=64.00KB thread-reservation=0
|  |     tuple-ids=18 row-size=36B cardinality=7.20K cost=2436
|  |     in pipelines: 16(GETNEXT)
|  |
|  15:SCAN HDFS [tpcds_partitioned_parquet_snap.customer, RANDOM]
|     HDFS partitions=1/1 files=1 size=1.55GB
|     runtime filters: RF039[min_max] -> tpcds_partitioned_parquet_snap.customer.c_current_hdemo_sk, RF033[min_max] -> tpcds_partitioned_parquet_snap.customer.c_current_cdemo_sk, RF031[min_max] -> tpcds_partitioned_parquet_snap.customer.c_current_addr_sk, RF035[min_max] -> tpcds_partitioned_parquet_snap.customer.c_first_shipto_date_sk, RF037[min_max] -> tpcds_partitioned_parquet_snap.customer.c_first_sales_date_sk
|     stored statistics:
|       table: rows=30.00M size=1.55GB
|       columns: all
|     extrapolated-rows=disabled max-scan-range-rows=3.10M
|     mem-estimate=16.00MB mem-reservation=1.00MB thread-reservation=0
|     tuple-ids=16 row-size=204B cardinality=29.28M(filtered from 30.00M) cost=46823813
|     in pipelines: 15(GETNEXT)
|
94:EXCHANGE [HASH(tpcds_partitioned_parquet_snap.store_sales.ss_customer_sk)]
|  mem-estimate=217.22MB mem-reservation=0B thread-reservation=0
|  tuple-ids=0,2,4,6,8,10,12,14 row-size=1.70KB cardinality=163.28M cost=1364309135
|  in pipelines: 00(GETNEXT)
|
F00:PLAN FRAGMENT [RANDOM] hosts=10 instances=120
Per-Host Shared Resources: mem-estimate=34.00MB mem-reservation=34.00MB thread-reservation=0 runtime-filters-memory=34.00MB
Per-Instance Resources: mem-estimate=775.81MB mem-reservation=8.00MB thread-reservation=1
max-parallelism=1824 segment-costs=[34391458113]
14:HASH JOIN [INNER JOIN, BROADCAST]
|  hash-table-id=30
|  hash predicates: tpcds_partitioned_parquet_snap.store_sales.ss_addr_sk = tpcds_partitioned_parquet_snap.customer_address.ca_address_sk
|  fk/pk conjuncts: tpcds_partitioned_parquet_snap.store_sales.ss_addr_sk = tpcds_partitioned_parquet_snap.customer_address.ca_address_sk
|  mem-estimate=0B mem-reservation=0B spill-buffer=2.00MB thread-reservation=0
|  tuple-ids=0,2,4,6,8,10,12,14 row-size=1.70KB cardinality=163.28M cost=72872132
|  in pipelines: 00(GETNEXT), 13(OPEN)
|
|--F82:PLAN FRAGMENT [RANDOM] hosts=10 instances=10
|  |  Per-Instance Resources: mem-estimate=3.62GB mem-reservation=408.00MB thread-reservation=1
|  |  max-parallelism=10 segment-costs=[34934990]
|  JOIN BUILD
|  |  join-table-id=30 plan-id=31 cohort-id=01
|  |  build expressions: tpcds_partitioned_parquet_snap.customer_address.ca_address_sk
|  |  runtime filters: RF017[min_max] <- tpcds_partitioned_parquet_snap.customer_address.ca_address_sk
|  |  mem-estimate=3.61GB mem-reservation=408.00MB spill-buffer=2.00MB thread-reservation=0 cost=15000000
|  |
|  86:EXCHANGE [BROADCAST]
|  |  mem-estimate=12.30MB mem-reservation=0B thread-reservation=0
|  |  tuple-ids=14 row-size=232B cardinality=15.00M cost=19934990
|  |  in pipelines: 13(GETNEXT)
|  |
|  F07:PLAN FRAGMENT [RANDOM] hosts=10 instances=10
|  Per-Instance Resources: mem-estimate=16.92MB mem-reservation=128.00KB thread-reservation=1
|  max-parallelism=10 segment-costs=[31219307]
|  13:SCAN HDFS [tpcds_partitioned_parquet_snap.customer_address, RANDOM]
|     HDFS partitions=1/1 files=1 size=307.36MB
|     stored statistics:
|       table: rows=15.00M size=307.36MB
|       columns: all
|     extrapolated-rows=disabled max-scan-range-rows=1.58M
|     mem-estimate=16.00MB mem-reservation=128.00KB thread-reservation=0
|     tuple-ids=14 row-size=232B cardinality=15.00M cost=21515206
|     in pipelines: 13(GETNEXT)
|
12:HASH JOIN [INNER JOIN, BROADCAST]
|  hash-table-id=31
|  hash predicates: tpcds_partitioned_parquet_snap.store_sales.ss_sold_date_sk = tpcds_partitioned_parquet_snap.date_dim.d_date_sk
|  fk/pk conjuncts: tpcds_partitioned_parquet_snap.store_sales.ss_sold_date_sk = tpcds_partitioned_parquet_snap.date_dim.d_date_sk
|  mem-estimate=0B mem-reservation=0B spill-buffer=2.00MB thread-reservation=0
|  tuple-ids=0,2,4,6,8,10,12 row-size=1.47KB cardinality=168.76M cost=73864123
|  in pipelines: 00(GETNEXT), 11(OPEN)
|
|--F83:PLAN FRAGMENT [RANDOM] hosts=10 instances=10
|  |  Per-Instance Resources: mem-estimate=418.24MB mem-reservation=408.00MB thread-reservation=1
|  |  max-parallelism=10 segment-costs=[170129]
|  JOIN BUILD
|  |  join-table-id=31 plan-id=32 cohort-id=01
|  |  build expressions: tpcds_partitioned_parquet_snap.date_dim.d_date_sk
|  |  mem-estimate=408.00MB mem-reservation=408.00MB spill-buffer=2.00MB thread-reservation=0 cost=73049
|  |
|  85:EXCHANGE [BROADCAST]
|  |  mem-estimate=10.24MB mem-reservation=0B thread-reservation=0
|  |  tuple-ids=12 row-size=237B cardinality=73.05K cost=97080
|  |  in pipelines: 11(GETNEXT)
|  |
|  F06:PLAN FRAGMENT [RANDOM] hosts=1 instances=1
|  Per-Instance Resources: mem-estimate=16.94MB mem-reservation=4.00MB thread-reservation=1
|  max-parallelism=1 segment-costs=[158950]
|  11:SCAN HDFS [tpcds_partitioned_parquet_snap.date_dim, RANDOM]
|     HDFS partitions=1/1 files=1 size=2.17MB
|     stored statistics:
|       table: rows=73.05K size=2.17MB
|       columns: all
|     extrapolated-rows=disabled max-scan-range-rows=73.05K
|     mem-estimate=16.00MB mem-reservation=4.00MB thread-reservation=0
|     tuple-ids=12 row-size=237B cardinality=73.05K cost=110600
|     in pipelines: 11(GETNEXT)
|
10:HASH JOIN [INNER JOIN, BROADCAST]
|  hash-table-id=32
|  hash predicates: tpcds_partitioned_parquet_snap.store_sales.ss_hdemo_sk = tpcds_partitioned_parquet_snap.household_demographics.hd_demo_sk
|  fk/pk conjuncts: tpcds_partitioned_parquet_snap.store_sales.ss_hdemo_sk = tpcds_partitioned_parquet_snap.household_demographics.hd_demo_sk
|  mem-estimate=0B mem-reservation=0B spill-buffer=64.00KB thread-reservation=0
|  tuple-ids=0,2,4,6,8,10 row-size=1.24KB cardinality=168.76M cost=74922218
|  in pipelines: 00(GETNEXT), 07(OPEN)
|
|--F84:PLAN FRAGMENT [RANDOM] hosts=10 instances=10
|  |  Per-Instance Resources: mem-estimate=23.63MB mem-reservation=23.25MB thread-reservation=1
|  |  max-parallelism=10 segment-costs=[16760] cpu-comparison-result=11 [max(11 (self) vs 2 (sum children))]
|  JOIN BUILD
|  |  join-table-id=32 plan-id=33 cohort-id=01
|  |  build expressions: tpcds_partitioned_parquet_snap.household_demographics.hd_demo_sk
|  |  runtime filters: RF021[min_max] <- tpcds_partitioned_parquet_snap.household_demographics.hd_demo_sk
|  |  mem-estimate=23.25MB mem-reservation=23.25MB spill-buffer=64.00KB thread-reservation=0 cost=7200
|  |
|  84:EXCHANGE [BROADCAST]
|  |  mem-estimate=389.48KB mem-reservation=0B thread-reservation=0
|  |  tuple-ids=8,10 row-size=48B cardinality=7.20K cost=9560
|  |  in pipelines: 07(GETNEXT)
|  |
|  F04:PLAN FRAGMENT [RANDOM] hosts=1 instances=1
|  Per-Instance Resources: mem-estimate=16.22MB mem-reservation=64.00KB thread-reservation=1
|  max-parallelism=1 segment-costs=[6821]
|  09:HASH JOIN [INNER JOIN, BROADCAST]
|  |  hash-table-id=33
|  |  hash predicates: tpcds_partitioned_parquet_snap.household_demographics.hd_income_band_sk = tpcds_partitioned_parquet_snap.income_band.ib_income_band_sk
|  |  fk/pk conjuncts: tpcds_partitioned_parquet_snap.household_demographics.hd_income_band_sk = tpcds_partitioned_parquet_snap.income_band.ib_income_band_sk
|  |  mem-estimate=0B mem-reservation=0B spill-buffer=64.00KB thread-reservation=0
|  |  tuple-ids=8,10 row-size=48B cardinality=7.20K cost=3151
|  |  in pipelines: 07(GETNEXT), 08(OPEN)
|  |
|  |--F85:PLAN FRAGMENT [RANDOM] hosts=1 instances=1
|  |  |  Per-Instance Resources: mem-estimate=1.95MB mem-reservation=1.94MB thread-reservation=1
|  |  |  max-parallelism=1 segment-costs=[22]
|  |  JOIN BUILD
|  |  |  join-table-id=33 plan-id=34 cohort-id=10
|  |  |  build expressions: tpcds_partitioned_parquet_snap.income_band.ib_income_band_sk
|  |  |  runtime filters: RF029[min_max] <- tpcds_partitioned_parquet_snap.income_band.ib_income_band_sk
|  |  |  mem-estimate=1.94MB mem-reservation=1.94MB spill-buffer=64.00KB thread-reservation=0 cost=20
|  |  |
|  |  83:EXCHANGE [BROADCAST]
|  |  |  mem-estimate=16.00KB mem-reservation=0B thread-reservation=0
|  |  |  tuple-ids=10 row-size=12B cardinality=20 cost=2
|  |  |  in pipelines: 08(GETNEXT)
|  |  |
|  |  F05:PLAN FRAGMENT [RANDOM] hosts=1 instances=1
|  |  Per-Instance Resources: mem-estimate=16.06MB mem-reservation=24.00KB thread-reservation=1
|  |  max-parallelism=1 segment-costs=[4]
|  |  08:SCAN HDFS [tpcds_partitioned_parquet_snap.income_band, RANDOM]
|  |     HDFS partitions=1/1 files=1 size=1.22KB
|  |     stored statistics:
|  |       table: rows=20 size=1.22KB
|  |       columns: all
|  |     extrapolated-rows=disabled max-scan-range-rows=20
|  |     mem-estimate=16.00MB mem-reservation=24.00KB thread-reservation=0
|  |     tuple-ids=10 row-size=12B cardinality=20 cost=3
|  |     in pipelines: 08(GETNEXT)
|  |
|  07:SCAN HDFS [tpcds_partitioned_parquet_snap.household_demographics, RANDOM]
|     HDFS partitions=1/1 files=1 size=41.69KB
|     runtime filters: RF029[min_max] -> tpcds_partitioned_parquet_snap.household_demographics.hd_income_band_sk
|     stored statistics:
|       table: rows=7.20K size=41.69KB
|       columns: all
|     extrapolated-rows=disabled max-scan-range-rows=7.20K
|     mem-estimate=16.00MB mem-reservation=64.00KB thread-reservation=0
|     tuple-ids=8 row-size=36B cardinality=7.20K cost=2436
|     in pipelines: 07(GETNEXT)
|
06:HASH JOIN [INNER JOIN, BROADCAST]
|  hash-table-id=34
|  hash predicates: tpcds_partitioned_parquet_snap.store_sales.ss_item_sk = tpcds_partitioned_parquet_snap.item.i_item_sk
|  fk/pk conjuncts: tpcds_partitioned_parquet_snap.store_sales.ss_item_sk = tpcds_partitioned_parquet_snap.item.i_item_sk
|  mem-estimate=0B mem-reservation=0B spill-buffer=256.00KB thread-reservation=0
|  tuple-ids=0,2,4,6 row-size=1.19KB cardinality=172.88M(filtered from 172.88M) cost=75669690
|  in pipelines: 00(GETNEXT), 05(OPEN)
|
|--F86:PLAN FRAGMENT [RANDOM] hosts=10 instances=10
|  |  Per-Instance Resources: mem-estimate=62.39MB mem-reservation=58.00MB thread-reservation=1 runtime-filters-memory=1.00MB
|  |  max-parallelism=10 segment-costs=[16777]
|  JOIN BUILD
|  |  join-table-id=34 plan-id=35 cohort-id=01
|  |  build expressions: tpcds_partitioned_parquet_snap.item.i_item_sk
|  |  runtime filters: RF022[bloom] <- tpcds_partitioned_parquet_snap.item.i_item_sk, RF023[min_max] <- tpcds_partitioned_parquet_snap.item.i_item_sk
|  |  mem-estimate=57.00MB mem-reservation=57.00MB spill-buffer=256.00KB thread-reservation=0 cost=7207
|  |
|  82:EXCHANGE [BROADCAST]
|  |  mem-estimate=4.39MB mem-reservation=0B thread-reservation=0
|  |  tuple-ids=6 row-size=405B cardinality=7.21K cost=9570
|  |  in pipelines: 05(GETNEXT)
|  |
|  F03:PLAN FRAGMENT [RANDOM] hosts=4 instances=4
|  Per-Host Shared Resources: mem-estimate=1.00MB mem-reservation=1.00MB thread-reservation=0 runtime-filters-memory=1.00MB
|  Per-Instance Resources: mem-estimate=17.60MB mem-reservation=512.00KB thread-reservation=1
|  max-parallelism=4 segment-costs=[1414235]
|  05:SCAN HDFS [tpcds_partitioned_parquet_snap.item, RANDOM]
|     HDFS partitions=1/1 files=1 size=33.54MB
|     predicates: tpcds_partitioned_parquet_snap.item.i_current_price <= CAST(add(CAST(75 AS SMALLINT), CAST(10 AS SMALLINT)) AS DECIMAL(5,0)), tpcds_partitioned_parquet_snap.item.i_current_price <= CAST(add(CAST(75 AS SMALLINT), CAST(15 AS SMALLINT)) AS DECIMAL(5,0)), tpcds_partitioned_parquet_snap.item.i_current_price >= CAST(75 AS DECIMAL(3,0)), tpcds_partitioned_parquet_snap.item.i_current_price >= CAST(add(CAST(75 AS SMALLINT), CAST(1 AS SMALLINT)) AS DECIMAL(5,0)), tpcds_partitioned_parquet_snap.item.i_color = 'almond' OR tpcds_partitioned_parquet_snap.item.i_color = 'chocolate' OR tpcds_partitioned_parquet_snap.item.i_color = 'drab' OR tpcds_partitioned_parquet_snap.item.i_color = 'misty' OR tpcds_partitioned_parquet_snap.item.i_color = 'peach' OR tpcds_partitioned_parquet_snap.item.i_color = 'saddle'
|     runtime filters: RF010[min_max] -> tpcds_partitioned_parquet_snap.item.i_item_sk, RF003[min_max] -> tpcds_partitioned_parquet_snap.item.i_item_sk, RF007[min_max] -> tpcds_partitioned_parquet_snap.item.i_item_sk, RF008[bloom] -> tpcds_partitioned_parquet_snap.item.i_item_sk
|     stored statistics:
|       table: rows=360.00K size=33.54MB
|       columns: all
|     extrapolated-rows=disabled max-scan-range-rows=101.54K
|     parquet statistics predicates: tpcds_partitioned_parquet_snap.item.i_current_price <= CAST(add(CAST(75 AS SMALLINT), CAST(10 AS SMALLINT)) AS DECIMAL(5,0)), tpcds_partitioned_parquet_snap.item.i_current_price <= CAST(add(CAST(75 AS SMALLINT), CAST(15 AS SMALLINT)) AS DECIMAL(5,0)), tpcds_partitioned_parquet_snap.item.i_current_price >= CAST(75 AS DECIMAL(3,0)), tpcds_partitioned_parquet_snap.item.i_current_price >= CAST(add(CAST(75 AS SMALLINT), CAST(1 AS SMALLINT)) AS DECIMAL(5,0))
|     parquet dictionary predicates: tpcds_partitioned_parquet_snap.item.i_current_price <= CAST(add(CAST(75 AS SMALLINT), CAST(10 AS SMALLINT)) AS DECIMAL(5,0)), tpcds_partitioned_parquet_snap.item.i_current_price <= CAST(add(CAST(75 AS SMALLINT), CAST(15 AS SMALLINT)) AS DECIMAL(5,0)), tpcds_partitioned_parquet_snap.item.i_current_price >= CAST(75 AS DECIMAL(3,0)), tpcds_partitioned_parquet_snap.item.i_current_price >= CAST(add(CAST(75 AS SMALLINT), CAST(1 AS SMALLINT)) AS DECIMAL(5,0)), tpcds_partitioned_parquet_snap.item.i_color = 'almond' OR tpcds_partitioned_parquet_snap.item.i_color = 'chocolate' OR tpcds_partitioned_parquet_snap.item.i_color = 'drab' OR tpcds_partitioned_parquet_snap.item.i_color = 'misty' OR tpcds_partitioned_parquet_snap.item.i_color = 'peach' OR tpcds_partitioned_parquet_snap.item.i_color = 'saddle'
|     mem-estimate=16.00MB mem-reservation=512.00KB thread-reservation=0
|     tuple-ids=6 row-size=405B cardinality=7.21K cost=1406189
|     in pipelines: 05(GETNEXT)
|
04:HASH JOIN [INNER JOIN, BROADCAST]
|  hash-table-id=35
|  hash predicates: tpcds_partitioned_parquet_snap.store_sales.ss_promo_sk = tpcds_partitioned_parquet_snap.promotion.p_promo_sk
|  fk/pk conjuncts: tpcds_partitioned_parquet_snap.store_sales.ss_promo_sk = tpcds_partitioned_parquet_snap.promotion.p_promo_sk
|  mem-estimate=0B mem-reservation=0B spill-buffer=64.00KB thread-reservation=0
|  tuple-ids=0,2,4 row-size=815B cardinality=172.88M(filtered from 8.64G) cost=1609900044
|  in pipelines: 00(GETNEXT), 03(OPEN)
|
|--F87:PLAN FRAGMENT [RANDOM] hosts=10 instances=10
|  |  Per-Instance Resources: mem-estimate=23.95MB mem-reservation=23.25MB thread-reservation=1
|  |  max-parallelism=10 segment-costs=[4190]
|  JOIN BUILD
|  |  join-table-id=35 plan-id=36 cohort-id=01
|  |  build expressions: tpcds_partitioned_parquet_snap.promotion.p_promo_sk
|  |  runtime filters: RF025[min_max] <- tpcds_partitioned_parquet_snap.promotion.p_promo_sk
|  |  mem-estimate=23.25MB mem-reservation=23.25MB spill-buffer=64.00KB thread-reservation=0 cost=1800
|  |
|  81:EXCHANGE [BROADCAST]
|  |  mem-estimate=720.54KB mem-reservation=0B thread-reservation=0
|  |  tuple-ids=4 row-size=260B cardinality=1.80K cost=2390
|  |  in pipelines: 03(GETNEXT)
|  |
|  F02:PLAN FRAGMENT [RANDOM] hosts=1 instances=1
|  Per-Instance Resources: mem-estimate=17.03MB mem-reservation=152.00KB thread-reservation=1
|  max-parallelism=1 segment-costs=[3992]
|  03:SCAN HDFS [tpcds_partitioned_parquet_snap.promotion, RANDOM]
|     HDFS partitions=1/1 files=1 size=100.50KB
|     stored statistics:
|       table: rows=1.80K size=100.50KB
|       columns: all
|     extrapolated-rows=disabled max-scan-range-rows=1.80K
|     mem-estimate=16.00MB mem-reservation=152.00KB thread-reservation=0
|     tuple-ids=4 row-size=260B cardinality=1.80K cost=2691
|     in pipelines: 03(GETNEXT)
|
02:HASH JOIN [INNER JOIN, BROADCAST]
|  hash-table-id=36
|  hash predicates: tpcds_partitioned_parquet_snap.store_sales.ss_store_sk = tpcds_partitioned_parquet_snap.store.s_store_sk
|  fk/pk conjuncts: tpcds_partitioned_parquet_snap.store_sales.ss_store_sk = tpcds_partitioned_parquet_snap.store.s_store_sk
|  mem-estimate=0B mem-reservation=0B spill-buffer=64.00KB thread-reservation=0
|  tuple-ids=0,2 row-size=555B cardinality=172.88M(filtered from 8.64G) cost=1609900044
|  in pipelines: 00(GETNEXT), 01(OPEN)
|
|--F88:PLAN FRAGMENT [RANDOM] hosts=10 instances=10
|  |  Per-Instance Resources: mem-estimate=24.29MB mem-reservation=23.25MB thread-reservation=1
|  |  max-parallelism=10 segment-costs=[3140]
|  JOIN BUILD
|  |  join-table-id=36 plan-id=37 cohort-id=01
|  |  build expressions: tpcds_partitioned_parquet_snap.store.s_store_sk
|  |  runtime filters: RF027[min_max] <- tpcds_partitioned_parquet_snap.store.s_store_sk
|  |  mem-estimate=23.25MB mem-reservation=23.25MB spill-buffer=64.00KB thread-reservation=0 cost=1350
|  |
|  80:EXCHANGE [BROADCAST]
|  |  mem-estimate=1.04MB mem-reservation=0B thread-reservation=0
|  |  tuple-ids=2 row-size=459B cardinality=1.35K cost=1790
|  |  in pipelines: 01(GETNEXT)
|  |
|  F01:PLAN FRAGMENT [RANDOM] hosts=1 instances=1
|  Per-Instance Resources: mem-estimate=17.81MB mem-reservation=232.00KB thread-reservation=1
|  max-parallelism=1 segment-costs=[6419]
|  01:SCAN HDFS [tpcds_partitioned_parquet_snap.store, RANDOM]
|     HDFS partitions=1/1 files=1 size=119.76KB
|     runtime filters: RF004[min_max] -> tpcds_partitioned_parquet_snap.store.s_store_name, RF005[min_max] -> tpcds_partitioned_parquet_snap.store.s_zip
|     stored statistics:
|       table: rows=1.35K size=119.76KB
|       columns: all
|     extrapolated-rows=disabled max-scan-range-rows=1.35K
|     mem-estimate=16.00MB mem-reservation=232.00KB thread-reservation=0
|     tuple-ids=2 row-size=459B cardinality=1.35K cost=4718
|     in pipelines: 01(GETNEXT)
|
00:SCAN HDFS [tpcds_partitioned_parquet_snap.store_sales, RANDOM]
   HDFS partitions=1824/1824 files=1824 size=389.90GB
   runtime filters: RF023[min_max] -> tpcds_partitioned_parquet_snap.store_sales.ss_item_sk, RF010[min_max] -> tpcds_partitioned_parquet_snap.store_sales.ss_item_sk, RF011[min_max] -> tpcds_partitioned_parquet_snap.store_sales.ss_ticket_number, RF015[min_max] -> tpcds_partitioned_parquet_snap.store_sales.ss_customer_sk, RF017[min_max] -> tpcds_partitioned_parquet_snap.store_sales.ss_addr_sk, RF021[min_max] -> tpcds_partitioned_parquet_snap.store_sales.ss_hdemo_sk, RF013[min_max] -> tpcds_partitioned_parquet_snap.store_sales.ss_cdemo_sk, RF003[min_max] -> tpcds_partitioned_parquet_snap.store_sales.ss_item_sk, RF025[min_max] -> tpcds_partitioned_parquet_snap.store_sales.ss_promo_sk, RF027[min_max] -> tpcds_partitioned_parquet_snap.store_sales.ss_store_sk, RF007[min_max] -> tpcds_partitioned_parquet_snap.store_sales.ss_item_sk, RF022[bloom] -> tpcds_partitioned_parquet_snap.store_sales.ss_item_sk, RF008[bloom] -> tpcds_partitioned_parquet_snap.store_sales.ss_item_sk, RF009[bloom] -> tpcds_partitioned_parquet_snap.store_sales.ss_ticket_number, RF014[bloom] -> tpcds_partitioned_parquet_snap.store_sales.ss_customer_sk
   stored statistics:
     table: rows=8.64G size=389.90GB
     partitions: 1824/1824 rows=8.64G
     columns: all
   extrapolated-rows=disabled max-scan-range-rows=390.22M
   mem-estimate=16.00MB mem-reservation=8.00MB thread-reservation=0
   tuple-ids=0 row-size=96B cardinality=172.88M(filtered from 8.64G) cost=11943846410
   in pipelines: 00(GETNEXT)
---- PARALLELPLANS
Max Per-Host Resource Reservation: Memory=6.20GB Threads=267
Per-Host Resource Estimates: Memory=114.56GB
F51:PLAN FRAGMENT [UNPARTITIONED] hosts=1 instances=1
|  Per-Instance Resources: mem-estimate=203.31MB mem-reservation=4.00MB thread-reservation=1
|  max-parallelism=1 segment-costs=[96638165] cpu-comparison-result=1156 [max(1 (self) vs 1156 (sum children))]
PLAN-ROOT SINK
|  output exprs: tpcds_partitioned_parquet_snap.item.i_product_name, tpcds_partitioned_parquet_snap.store.s_store_name, tpcds_partitioned_parquet_snap.store.s_zip, tpcds_partitioned_parquet_snap.customer_address.ca_street_number, tpcds_partitioned_parquet_snap.customer_address.ca_street_name, tpcds_partitioned_parquet_snap.customer_address.ca_city, tpcds_partitioned_parquet_snap.customer_address.ca_zip, tpcds_partitioned_parquet_snap.customer_address_0.ca_street_number, tpcds_partitioned_parquet_snap.customer_address_0.ca_street_name, tpcds_partitioned_parquet_snap.customer_address_0.ca_city, tpcds_partitioned_parquet_snap.customer_address_0.ca_zip, tpcds_partitioned_parquet_snap.date_dim.d_year, count(), sum(tpcds_partitioned_parquet_snap.store_sales.ss_wholesale_cost), sum(tpcds_partitioned_parquet_snap.store_sales.ss_list_price), sum(tpcds_partitioned_parquet_snap.store_sales.ss_coupon_amt), sum(tpcds_partitioned_parquet_snap.store_sales_0.ss_wholesale_cost), sum(tpcds_partitioned_parquet_snap.store_sales_0.ss_list_price), sum(tpcds_partitioned_parquet_snap.store_sales_0.ss_coupon_amt), tpcds_partitioned_parquet_snap.date_dim_2.d_year, count()
|  mem-estimate=100.00MB mem-reservation=4.00MB spill-buffer=2.00MB thread-reservation=0 cost=92570752
|
134:MERGING-EXCHANGE [UNPARTITIONED]
|  order by: tpcds_partitioned_parquet_snap.item.i_product_name ASC NULLS LAST, tpcds_partitioned_parquet_snap.store.s_store_name ASC NULLS LAST, count() ASC NULLS LAST, sum(tpcds_partitioned_parquet_snap.store_sales.ss_wholesale_cost) ASC NULLS LAST, sum(tpcds_partitioned_parquet_snap.store_sales_0.ss_wholesale_cost) ASC NULLS LAST
|  mem-estimate=103.31MB mem-reservation=0B thread-reservation=0
|  tuple-ids=80 row-size=335B cardinality=4.41M cost=4067413
|  in pipelines: 79(GETNEXT)
|
F50:PLAN FRAGMENT [HASH(tpcds_partitioned_parquet_snap.item.i_item_sk,tpcds_partitioned_parquet_snap.store.s_store_name,tpcds_partitioned_parquet_snap.store.s_zip)] hosts=10 instances=10 (adjusted from 120)
Per-Instance Resources: mem-estimate=173.52MB mem-reservation=12.00MB thread-reservation=1
max-parallelism=10 segment-costs=[74250385, 40064503] cpu-comparison-result=1156 [max(10 (self) vs 1156 (sum children))]
79:SORT
|  order by: tpcds_partitioned_parquet_snap.item.i_product_name ASC NULLS LAST, tpcds_partitioned_parquet_snap.store.s_store_name ASC NULLS LAST, count() ASC NULLS LAST, sum(tpcds_partitioned_parquet_snap.store_sales.ss_wholesale_cost) ASC NULLS LAST, sum(tpcds_partitioned_parquet_snap.store_sales_0.ss_wholesale_cost) ASC NULLS LAST
|  mem-estimate=140.79MB mem-reservation=12.00MB spill-buffer=2.00MB thread-reservation=0
|  tuple-ids=80 row-size=335B cardinality=4.41M cost=66013545
|  in pipelines: 79(GETNEXT), 105(OPEN)
|
78:HASH JOIN [INNER JOIN, PARTITIONED]
|  hash-table-id=00
|  hash predicates: tpcds_partitioned_parquet_snap.item.i_item_sk = tpcds_partitioned_parquet_snap.item_0.i_item_sk, tpcds_partitioned_parquet_snap.store.s_store_name = tpcds_partitioned_parquet_snap.store_0.s_store_name, tpcds_partitioned_parquet_snap.store.s_zip = tpcds_partitioned_parquet_snap.store_0.s_zip
|  fk/pk conjuncts: tpcds_partitioned_parquet_snap.item.i_item_sk = tpcds_partitioned_parquet_snap.item_0.i_item_sk, tpcds_partitioned_parquet_snap.store.s_store_name = tpcds_partitioned_parquet_snap.store_0.s_store_name, tpcds_partitioned_parquet_snap.store.s_zip = tpcds_partitioned_parquet_snap.store_0.s_zip
|  other join predicates: count() <= count()
|  mem-estimate=0B mem-reservation=0B spill-buffer=2.00MB thread-reservation=0
|  tuple-ids=39,79 row-size=574B cardinality=4.41M cost=1929438
|  in pipelines: 105(GETNEXT), 131(OPEN)
|
|--F52:PLAN FRAGMENT [HASH(tpcds_partitioned_parquet_snap.item.i_item_sk,tpcds_partitioned_parquet_snap.store.s_store_name,tpcds_partitioned_parquet_snap.store.s_zip)] hosts=10 instances=10 (adjusted from 120)
|  |  Per-Instance Resources: mem-estimate=162.94MB mem-reservation=34.00MB thread-reservation=1
|  |  max-parallelism=10 segment-costs=[10715533] cpu-comparison-result=578 [max(10 (self) vs 578 (sum children))]
|  JOIN BUILD
|  |  join-table-id=00 plan-id=01 cohort-id=01
|  |  build expressions: tpcds_partitioned_parquet_snap.item_0.i_item_sk, tpcds_partitioned_parquet_snap.store_0.s_store_name, tpcds_partitioned_parquet_snap.store_0.s_zip
|  |  runtime filters: RF003[min_max] <- tpcds_partitioned_parquet_snap.item_0.i_item_sk, RF004[min_max] <- tpcds_partitioned_parquet_snap.store_0.s_store_name, RF005[min_max] <- tpcds_partitioned_parquet_snap.store_0.s_zip
|  |  mem-estimate=130.21MB mem-reservation=34.00MB spill-buffer=2.00MB thread-reservation=0 cost=4408131
|  |
|  133:EXCHANGE [HASH(tpcds_partitioned_parquet_snap.item_0.i_item_sk,tpcds_partitioned_parquet_snap.store_0.s_store_name,tpcds_partitioned_parquet_snap.store_0.s_zip)]
|  |  mem-estimate=32.73MB mem-reservation=0B thread-reservation=0
|  |  tuple-ids=79 row-size=287B cardinality=4.41M cost=6307402
|  |  in pipelines: 131(GETNEXT)
|  |
|  F49:PLAN FRAGMENT [HASH(tpcds_partitioned_parquet_snap.item_0.i_product_name,tpcds_partitioned_parquet_snap.item_0.i_item_sk,tpcds_partitioned_parquet_snap.store_0.s_store_name,tpcds_partitioned_parquet_snap.store_0.s_zip,tpcds_partitioned_parquet_snap.customer_address_1.ca_street_number,tpcds_partitioned_parquet_snap.customer_address_1.ca_street_name,tpcds_partitioned_parquet_snap.customer_address_1.ca_city,tpcds_partitioned_parquet_snap.customer_address_1.ca_zip,tpcds_partitioned_parquet_snap.customer_address_2.ca_street_number,tpcds_partitioned_parquet_snap.customer_address_2.ca_street_name,tpcds_partitioned_parquet_snap.customer_address_2.ca_city,tpcds_partitioned_parquet_snap.customer_address_2.ca_zip,tpcds_partitioned_parquet_snap.date_dim_2.d_year,tpcds_partitioned_parquet_snap.date_dim_3.d_year,tpcds_partitioned_parquet_snap.date_dim_4.d_year)] hosts=10 instances=80 (adjusted from 120)
|  Per-Instance Resources: mem-estimate=542.04MB mem-reservation=34.00MB thread-reservation=1
|  max-parallelism=660 segment-costs=[6517498108, 83718296] cpu-comparison-result=578 [max(80 (self) vs 578 (sum children))]
|  131:AGGREGATE [FINALIZE]
|  |  output: count:merge(), sum:merge(tpcds_partitioned_parquet_snap.store_sales_0.ss_wholesale_cost), sum:merge(tpcds_partitioned_parquet_snap.store_sales_0.ss_list_price), sum:merge(tpcds_partitioned_parquet_snap.store_sales_0.ss_coupon_amt)
|  |  group by: tpcds_partitioned_parquet_snap.item_0.i_product_name, tpcds_partitioned_parquet_snap.item_0.i_item_sk, tpcds_partitioned_parquet_snap.store_0.s_store_name, tpcds_partitioned_parquet_snap.store_0.s_zip, tpcds_partitioned_parquet_snap.customer_address_1.ca_street_number, tpcds_partitioned_parquet_snap.customer_address_1.ca_street_name, tpcds_partitioned_parquet_snap.customer_address_1.ca_city, tpcds_partitioned_parquet_snap.customer_address_1.ca_zip, tpcds_partitioned_parquet_snap.customer_address_2.ca_street_number, tpcds_partitioned_parquet_snap.customer_address_2.ca_street_name, tpcds_partitioned_parquet_snap.customer_address_2.ca_city, tpcds_partitioned_parquet_snap.customer_address_2.ca_zip, tpcds_partitioned_parquet_snap.date_dim_2.d_year, tpcds_partitioned_parquet_snap.date_dim_3.d_year, tpcds_partitioned_parquet_snap.date_dim_4.d_year
|  |  having: tpcds_partitioned_parquet_snap.date_dim_2.d_year = add(CAST(2000 AS INT), CAST(1 AS INT))
|  |  mem-estimate=512.16MB mem-reservation=34.00MB spill-buffer=2.00MB thread-reservation=0
|  |  tuple-ids=79 row-size=287B cardinality=4.41M cost=5281247328
|  |  in pipelines: 131(GETNEXT), 39(OPEN)
|  |
|  130:EXCHANGE [HASH(tpcds_partitioned_parquet_snap.item_0.i_product_name,tpcds_partitioned_parquet_snap.item_0.i_item_sk,tpcds_partitioned_parquet_snap.store_0.s_store_name,tpcds_partitioned_parquet_snap.store_0.s_zip,tpcds_partitioned_parquet_snap.customer_address_1.ca_street_number,tpcds_partitioned_parquet_snap.customer_address_1.ca_street_name,tpcds_partitioned_parquet_snap.customer_address_1.ca_city,tpcds_partitioned_parquet_snap.customer_address_1.ca_zip,tpcds_partitioned_parquet_snap.customer_address_2.ca_street_number,tpcds_partitioned_parquet_snap.customer_address_2.ca_street_name,tpcds_partitioned_parquet_snap.customer_address_2.ca_city,tpcds_partitioned_parquet_snap.customer_address_2.ca_zip,tpcds_partitioned_parquet_snap.date_dim_2.d_year,tpcds_partitioned_parquet_snap.date_dim_3.d_year,tpcds_partitioned_parquet_snap.date_dim_4.d_year)]
|  |  mem-estimate=29.89MB mem-reservation=0B thread-reservation=0
|  |  tuple-ids=79 row-size=287B cardinality=863.99M cost=1236250780
|  |  in pipelines: 39(GETNEXT)
|  |
|  F44:PLAN FRAGMENT [HASH(tpcds_partitioned_parquet_snap.store_sales_0.ss_item_sk,tpcds_partitioned_parquet_snap.store_sales_0.ss_ticket_number)] hosts=10 instances=70 (adjusted from 120)
|  Per-Instance Resources: mem-estimate=927.91MB mem-reservation=34.00MB thread-reservation=1
|  max-parallelism=1650 segment-costs=[7495214862, 16408784776] cpu-comparison-result=578 [max(300 (self) vs 578 (sum children))]
|  77:AGGREGATE [STREAMING]
|  |  output: count(), sum(tpcds_partitioned_parquet_snap.store_sales_0.ss_wholesale_cost), sum(tpcds_partitioned_parquet_snap.store_sales_0.ss_list_price), sum(tpcds_partitioned_parquet_snap.store_sales_0.ss_coupon_amt)
|  |  group by: tpcds_partitioned_parquet_snap.item_0.i_product_name, tpcds_partitioned_parquet_snap.item_0.i_item_sk, tpcds_partitioned_parquet_snap.store_0.s_store_name, tpcds_partitioned_parquet_snap.store_0.s_zip, tpcds_partitioned_parquet_snap.customer_address_1.ca_street_number, tpcds_partitioned_parquet_snap.customer_address_1.ca_street_name, tpcds_partitioned_parquet_snap.customer_address_1.ca_city, tpcds_partitioned_parquet_snap.customer_address_1.ca_zip, tpcds_partitioned_parquet_snap.customer_address_2.ca_street_number, tpcds_partitioned_parquet_snap.customer_address_2.ca_street_name, tpcds_partitioned_parquet_snap.customer_address_2.ca_city, tpcds_partitioned_parquet_snap.customer_address_2.ca_zip, tpcds_partitioned_parquet_snap.date_dim_2.d_year, tpcds_partitioned_parquet_snap.date_dim_3.d_year, tpcds_partitioned_parquet_snap.date_dim_4.d_year
|  |  mem-estimate=512.13MB mem-reservation=34.00MB spill-buffer=2.00MB thread-reservation=0
|  |  tuple-ids=79 row-size=287B cardinality=863.99M cost=5281247328
|  |  in pipelines: 39(GETNEXT)
|  |
|  76:HASH JOIN [INNER JOIN, BROADCAST]
|  |  hash-table-id=01
|  |  hash predicates: tpcds_partitioned_parquet_snap.store_sales_0.ss_item_sk = tpcds_partitioned_parquet_snap.catalog_sales_0.cs_item_sk
|  |  fk/pk conjuncts: none
|  |  mem-estimate=0B mem-reservation=0B spill-buffer=128.00KB thread-reservation=0
|  |  tuple-ids=40,42,44,46,48,50,52,54,56,58,60,62,64,66,68,70,72,78 row-size=2.92KB cardinality=863.99M cost=181982973
|  |  in pipelines: 39(GETNEXT), 128(OPEN)
|  |
|  |--F53:PLAN FRAGMENT [HASH(tpcds_partitioned_parquet_snap.store_sales_0.ss_item_sk,tpcds_partitioned_parquet_snap.store_sales_0.ss_ticket_number)] hosts=10 instances=10
|  |  |  Per-Instance Resources: mem-estimate=21.75MB mem-reservation=20.12MB thread-reservation=1
|  |  |  max-parallelism=10 segment-costs=[83878] cpu-comparison-result=150 [max(10 (self) vs 150 (sum children))]
|  |  JOIN BUILD
|  |  |  join-table-id=01 plan-id=02 cohort-id=02
|  |  |  build expressions: tpcds_partitioned_parquet_snap.catalog_sales_0.cs_item_sk
|  |  |  runtime filters: RF047[min_max] <- tpcds_partitioned_parquet_snap.catalog_sales_0.cs_item_sk
|  |  |  mem-estimate=20.12MB mem-reservation=20.12MB spill-buffer=128.00KB thread-reservation=0 cost=36018
|  |  |
|  |  129:EXCHANGE [BROADCAST]
|  |  |  mem-estimate=1.63MB mem-reservation=0B thread-reservation=0
|  |  |  tuple-ids=78 row-size=36B cardinality=36.02K cost=47860
|  |  |  in pipelines: 128(GETNEXT)
|  |  |
|  |  F48:PLAN FRAGMENT [HASH(tpcds_partitioned_parquet_snap.catalog_sales_0.cs_item_sk)] hosts=10 instances=10 (adjusted from 120)
|  |  Per-Instance Resources: mem-estimate=21.17MB mem-reservation=2.88MB thread-reservation=1
|  |  max-parallelism=10 segment-costs=[28566307, 4278] cpu-comparison-result=150 [max(10 (self) vs 150 (sum children))]
|  |  128:AGGREGATE [FINALIZE]
|  |  |  output: sum:merge(tpcds_partitioned_parquet_snap.catalog_sales_0.cs_ext_list_price), sum:merge(add(add(tpcds_partitioned_parquet_snap.catalog_returns_0.cr_refunded_cash, tpcds_partitioned_parquet_snap.catalog_returns_0.cr_reversed_charge), tpcds_partitioned_parquet_snap.catalog_returns_0.cr_store_credit))
|  |  |  group by: tpcds_partitioned_parquet_snap.catalog_sales_0.cs_item_sk
|  |  |  having: sum(tpcds_partitioned_parquet_snap.catalog_sales_0.cs_ext_list_price) > multiply(CAST(2 AS DECIMAL(3,0)), sum(add(add(tpcds_partitioned_parquet_snap.catalog_returns_0.cr_refunded_cash, tpcds_partitioned_parquet_snap.catalog_returns_0.cr_reversed_charge), tpcds_partitioned_parquet_snap.catalog_returns_0.cr_store_credit)))
|  |  |  mem-estimate=10.00MB mem-reservation=2.88MB spill-buffer=128.00KB thread-reservation=0
|  |  |  tuple-ids=78 row-size=36B cardinality=36.02K cost=16606891
|  |  |  in pipelines: 128(GETNEXT), 72(OPEN)
|  |  |
|  |  127:EXCHANGE [HASH(tpcds_partitioned_parquet_snap.catalog_sales_0.cs_item_sk)]
|  |  |  mem-estimate=11.17MB mem-reservation=0B thread-reservation=0
|  |  |  tuple-ids=78 row-size=36B cardinality=43.22M cost=11959416
|  |  |  in pipelines: 72(GETNEXT)
|  |  |
|  |  F47:PLAN FRAGMENT [HASH(tpcds_partitioned_parquet_snap.catalog_sales_0.cs_item_sk,tpcds_partitioned_parquet_snap.catalog_sales_0.cs_order_number)] hosts=10 instances=30 (adjusted from 120)
|  |  Per-Instance Resources: mem-estimate=38.44MB mem-reservation=2.00MB thread-reservation=1
|  |  max-parallelism=560 segment-costs=[5552342816, 122472725] cpu-comparison-result=150 [max(150 (self) vs 150 (sum children))]
|  |  75:AGGREGATE [STREAMING]
|  |  |  output: sum(tpcds_partitioned_parquet_snap.catalog_sales_0.cs_ext_list_price), sum(add(add(tpcds_partitioned_parquet_snap.catalog_returns_0.cr_refunded_cash, tpcds_partitioned_parquet_snap.catalog_returns_0.cr_reversed_charge), tpcds_partitioned_parquet_snap.catalog_returns_0.cr_store_credit))
|  |  |  group by: tpcds_partitioned_parquet_snap.catalog_sales_0.cs_item_sk
|  |  |  mem-estimate=10.00MB mem-reservation=2.00MB spill-buffer=64.00KB thread-reservation=0
|  |  |  tuple-ids=78 row-size=36B cardinality=43.22M cost=1040366503
|  |  |  in pipelines: 72(GETNEXT)
|  |  |
|  |  74:HASH JOIN [INNER JOIN, PARTITIONED]
|  |  |  hash-table-id=02
|  |  |  hash predicates: tpcds_partitioned_parquet_snap.catalog_sales_0.cs_item_sk = tpcds_partitioned_parquet_snap.catalog_returns_0.cr_item_sk, tpcds_partitioned_parquet_snap.catalog_sales_0.cs_order_number = tpcds_partitioned_parquet_snap.catalog_returns_0.cr_order_number
|  |  |  fk/pk conjuncts: tpcds_partitioned_parquet_snap.catalog_sales_0.cs_item_sk = tpcds_partitioned_parquet_snap.catalog_returns_0.cr_item_sk, tpcds_partitioned_parquet_snap.catalog_sales_0.cs_order_number = tpcds_partitioned_parquet_snap.catalog_returns_0.cr_order_number
|  |  |  mem-estimate=0B mem-reservation=0B spill-buffer=2.00MB thread-reservation=0
|  |  |  tuple-ids=74,76 row-size=252B cardinality=2.56G cost=1490184428
|  |  |  in pipelines: 72(GETNEXT), 73(OPEN)
|  |  |
|  |  |--F54:PLAN FRAGMENT [HASH(tpcds_partitioned_parquet_snap.catalog_sales_0.cs_item_sk,tpcds_partitioned_parquet_snap.catalog_sales_0.cs_order_number)] hosts=10 instances=30 (adjusted from 120)
|  |  |  |  Per-Instance Resources: mem-estimate=1.93GB mem-reservation=35.00MB thread-reservation=1 runtime-filters-memory=1.00MB
|  |  |  |  max-parallelism=560 segment-costs=[702589232]
|  |  |  JOIN BUILD
|  |  |  |  join-table-id=02 plan-id=03 cohort-id=03
|  |  |  |  build expressions: tpcds_partitioned_parquet_snap.catalog_returns_0.cr_item_sk, tpcds_partitioned_parquet_snap.catalog_returns_0.cr_order_number
|  |  |  |  runtime filters: RF082[bloom] <- tpcds_partitioned_parquet_snap.catalog_returns_0.cr_item_sk, RF084[min_max] <- tpcds_partitioned_parquet_snap.catalog_returns_0.cr_item_sk, RF085[min_max] <- tpcds_partitioned_parquet_snap.catalog_returns_0.cr_order_number
|  |  |  |  mem-estimate=1.90GB mem-reservation=34.00MB spill-buffer=2.00MB thread-reservation=0 cost=432016991
|  |  |  |
|  |  |  126:EXCHANGE [HASH(tpcds_partitioned_parquet_snap.catalog_returns_0.cr_item_sk,tpcds_partitioned_parquet_snap.catalog_returns_0.cr_order_number)]
|  |  |  |  mem-estimate=23.59MB mem-reservation=0B thread-reservation=0
|  |  |  |  tuple-ids=76 row-size=112B cardinality=432.02M cost=270572241
|  |  |  |  in pipelines: 73(GETNEXT)
|  |  |  |
|  |  |  F46:PLAN FRAGMENT [RANDOM] hosts=10 instances=120
|  |  |  Per-Instance Resources: mem-estimate=29.59MB mem-reservation=208.00KB thread-reservation=1
|  |  |  max-parallelism=410 segment-costs=[4035384309]
|  |  |  73:SCAN HDFS [tpcds_partitioned_parquet_snap.catalog_returns, RANDOM]
|  |  |     HDFS partitions=2060/2060 files=2060 size=32.77GB
|  |  |     stored statistics:
|  |  |       table: rows=432.02M size=32.77GB
|  |  |       partitions: 2060/2060 rows=432.02M
|  |  |       columns: all
|  |  |     extrapolated-rows=disabled max-scan-range-rows=416.82K
|  |  |     mem-estimate=16.00MB mem-reservation=208.00KB thread-reservation=0
|  |  |     tuple-ids=76 row-size=112B cardinality=432.02M cost=696757003
|  |  |     in pipelines: 73(GETNEXT)
|  |  |
|  |  125:EXCHANGE [HASH(tpcds_partitioned_parquet_snap.catalog_sales_0.cs_item_sk,tpcds_partitioned_parquet_snap.catalog_sales_0.cs_order_number)]
|  |  |  mem-estimate=26.88MB mem-reservation=0B thread-reservation=0
|  |  |  tuple-ids=74 row-size=140B cardinality=4.00G(filtered from 4.32G) cost=3021791885
|  |  |  in pipelines: 72(GETNEXT)
|  |  |
|  |  F45:PLAN FRAGMENT [RANDOM] hosts=10 instances=120
|  |  Per-Host Shared Resources: mem-estimate=1.00MB mem-reservation=1.00MB thread-reservation=0 runtime-filters-memory=1.00MB
|  |  Per-Instance Resources: mem-estimate=32.88MB mem-reservation=1.00MB thread-reservation=1
|  |  max-parallelism=1831 segment-costs=[46851646189]
|  |  72:SCAN HDFS [tpcds_partitioned_parquet_snap.catalog_sales, RANDOM]
|  |     HDFS partitions=1831/1831 files=1831 size=280.96GB
|  |     runtime filters: RF084[min_max] -> tpcds_partitioned_parquet_snap.catalog_sales_0.cs_item_sk, RF085[min_max] -> tpcds_partitioned_parquet_snap.catalog_sales_0.cs_order_number, RF082[bloom] -> tpcds_partitioned_parquet_snap.catalog_sales_0.cs_item_sk
|  |     stored statistics:
|  |       table: rows=4.32G size=280.96GB
|  |       partitions: 1831/1831 rows=4.32G
|  |       columns: all
|  |     extrapolated-rows=disabled max-scan-range-rows=21.52M
|  |     mem-estimate=16.00MB mem-reservation=1.00MB thread-reservation=0
|  |     tuple-ids=74 row-size=140B cardinality=4.00G(filtered from 4.32G) cost=8709277205
|  |     in pipelines: 72(GETNEXT)
|  |
|  71:HASH JOIN [INNER JOIN, PARTITIONED]
|  |  hash-table-id=03
|  |  hash predicates: tpcds_partitioned_parquet_snap.store_sales_0.ss_item_sk = tpcds_partitioned_parquet_snap.store_returns_0.sr_item_sk, tpcds_partitioned_parquet_snap.store_sales_0.ss_ticket_number = tpcds_partitioned_parquet_snap.store_returns_0.sr_ticket_number
|  |  fk/pk conjuncts: tpcds_partitioned_parquet_snap.store_sales_0.ss_item_sk = tpcds_partitioned_parquet_snap.store_returns_0.sr_item_sk, tpcds_partitioned_parquet_snap.store_sales_0.ss_ticket_number = tpcds_partitioned_parquet_snap.store_returns_0.sr_ticket_number
|  |  mem-estimate=0B mem-reservation=0B spill-buffer=2.00MB thread-reservation=0
|  |  tuple-ids=40,42,44,46,48,50,52,54,56,58,60,62,64,66,68,70,72 row-size=2.88KB cardinality=99.13M cost=54577993
|  |  in pipelines: 39(GETNEXT), 70(OPEN)
|  |
|  |--F55:PLAN FRAGMENT [HASH(tpcds_partitioned_parquet_snap.store_sales_0.ss_item_sk,tpcds_partitioned_parquet_snap.store_sales_0.ss_ticket_number)] hosts=10 instances=70 (adjusted from 120)
|  |  |  Per-Instance Resources: mem-estimate=1.34GB mem-reservation=51.00MB thread-reservation=1 runtime-filters-memory=17.00MB
|  |  |  max-parallelism=1650 segment-costs=[1293822976]
|  |  JOIN BUILD
|  |  |  join-table-id=03 plan-id=04 cohort-id=02
|  |  |  build expressions: tpcds_partitioned_parquet_snap.store_returns_0.sr_item_sk, tpcds_partitioned_parquet_snap.store_returns_0.sr_ticket_number
|  |  |  runtime filters: RF048[bloom] <- tpcds_partitioned_parquet_snap.store_returns_0.sr_item_sk, RF049[bloom] <- tpcds_partitioned_parquet_snap.store_returns_0.sr_ticket_number, RF050[min_max] <- tpcds_partitioned_parquet_snap.store_returns_0.sr_item_sk, RF051[min_max] <- tpcds_partitioned_parquet_snap.store_returns_0.sr_ticket_number
|  |  |  mem-estimate=1.31GB mem-reservation=34.00MB spill-buffer=2.00MB thread-reservation=0 cost=863988632
|  |  |
|  |  124:EXCHANGE [HASH(tpcds_partitioned_parquet_snap.store_returns_0.sr_item_sk,tpcds_partitioned_parquet_snap.store_returns_0.sr_ticket_number)]
|  |  |  mem-estimate=20.31MB mem-reservation=0B thread-reservation=0
|  |  |  tuple-ids=72 row-size=84B cardinality=863.99M cost=429834344
|  |  |  in pipelines: 70(GETNEXT)
|  |  |
|  |  F43:PLAN FRAGMENT [RANDOM] hosts=10 instances=120
|  |  Per-Instance Resources: mem-estimate=40.06MB mem-reservation=512.00KB thread-reservation=1
|  |  max-parallelism=620 segment-costs=[6164040495]
|  |  70:SCAN HDFS [tpcds_partitioned_parquet_snap.store_returns, RANDOM]
|  |     HDFS partitions=2004/2004 files=2004 size=48.14GB
|  |     runtime filters: RF047[min_max] -> tpcds_partitioned_parquet_snap.store_returns_0.sr_item_sk
|  |     stored statistics:
|  |       table: rows=863.99M size=48.14GB
|  |       partitions: 2004/2004 rows=863.99M
|  |       columns: all
|  |     extrapolated-rows=disabled max-scan-range-rows=30.09M
|  |     mem-estimate=16.00MB mem-reservation=512.00KB thread-reservation=0
|  |     tuple-ids=72 row-size=84B cardinality=863.99M cost=1045080649
|  |     in pipelines: 70(GETNEXT)
|  |
|  123:EXCHANGE [HASH(tpcds_partitioned_parquet_snap.store_sales_0.ss_item_sk,tpcds_partitioned_parquet_snap.store_sales_0.ss_ticket_number)]
|  |  mem-estimate=324.88MB mem-reservation=0B thread-reservation=0
|  |  tuple-ids=40,42,44,46,48,50,52,54,56,58,60,62,64,66,68,70 row-size=2.80KB cardinality=142.75M cost=1977406568
|  |  in pipelines: 39(GETNEXT)
|  |
|  F41:PLAN FRAGMENT [HASH(tpcds_partitioned_parquet_snap.store_sales_0.ss_customer_sk)] hosts=10 instances=110 (adjusted from 120)
|  Per-Instance Resources: mem-estimate=1018.72MB mem-reservation=0B thread-reservation=1
|  max-parallelism=2910 segment-costs=[29030516631]
|  69:HASH JOIN [INNER JOIN, BROADCAST]
|  |  hash-table-id=04
|  |  hash predicates: tpcds_partitioned_parquet_snap.store_sales_0.ss_cdemo_sk = tpcds_partitioned_parquet_snap.customer_demographics_2.cd_demo_sk
|  |  fk/pk conjuncts: tpcds_partitioned_parquet_snap.store_sales_0.ss_cdemo_sk = tpcds_partitioned_parquet_snap.customer_demographics_2.cd_demo_sk
|  |  other join predicates: tpcds_partitioned_parquet_snap.customer_demographics_2.cd_marital_status != tpcds_partitioned_parquet_snap.customer_demographics_1.cd_marital_status
|  |  mem-estimate=0B mem-reservation=0B spill-buffer=2.00MB thread-reservation=0
|  |  tuple-ids=40,42,44,46,48,50,52,54,56,58,60,62,64,66,68,70 row-size=2.80KB cardinality=142.75M cost=62935415
|  |  in pipelines: 39(GETNEXT), 68(OPEN)
|  |
|  |--F56:PLAN FRAGMENT [HASH(tpcds_partitioned_parquet_snap.store_sales_0.ss_customer_sk)] hosts=10 instances=10
|  |  |  Per-Instance Resources: mem-estimate=384.88MB mem-reservation=374.00MB thread-reservation=1
|  |  |  max-parallelism=10 segment-costs=[4473540]
|  |  JOIN BUILD
|  |  |  join-table-id=04 plan-id=05 cohort-id=02
|  |  |  build expressions: tpcds_partitioned_parquet_snap.customer_demographics_2.cd_demo_sk
|  |  |  runtime filters: RF053[min_max] <- tpcds_partitioned_parquet_snap.customer_demographics_2.cd_demo_sk
|  |  |  mem-estimate=374.00MB mem-reservation=374.00MB spill-buffer=2.00MB thread-reservation=0 cost=1920800
|  |  |
|  |  122:EXCHANGE [BROADCAST]
|  |  |  mem-estimate=10.88MB mem-reservation=0B thread-reservation=0
|  |  |  tuple-ids=70 row-size=87B cardinality=1.92M cost=2552740
|  |  |  in pipelines: 68(GETNEXT)
|  |  |
|  |  F42:PLAN FRAGMENT [RANDOM] hosts=10 instances=10
|  |  Per-Instance Resources: mem-estimate=16.35MB mem-reservation=1.00MB thread-reservation=1
|  |  max-parallelism=10 segment-costs=[1557329]
|  |  68:SCAN HDFS [tpcds_partitioned_parquet_snap.customer_demographics, RANDOM]
|  |     HDFS partitions=1/1 files=1 size=11.15MB
|  |     stored statistics:
|  |       table: rows=1.92M size=11.15MB
|  |       columns: all
|  |     extrapolated-rows=disabled max-scan-range-rows=197.97K
|  |     mem-estimate=16.00MB mem-reservation=1.00MB thread-reservation=0
|  |     tuple-ids=70 row-size=87B cardinality=1.92M cost=1066867
|  |     in pipelines: 68(GETNEXT)
|  |
|  67:HASH JOIN [INNER JOIN, PARTITIONED]
|  |  hash-table-id=05
|  |  hash predicates: tpcds_partitioned_parquet_snap.store_sales_0.ss_customer_sk = tpcds_partitioned_parquet_snap.customer_0.c_customer_sk
|  |  fk/pk conjuncts: tpcds_partitioned_parquet_snap.store_sales_0.ss_customer_sk = tpcds_partitioned_parquet_snap.customer_0.c_customer_sk
|  |  mem-estimate=0B mem-reservation=0B spill-buffer=2.00MB thread-reservation=0
|  |  tuple-ids=40,42,44,46,48,50,52,54,56,58,60,62,64,66,68 row-size=2.72KB cardinality=144.52M cost=68068343
|  |  in pipelines: 39(GETNEXT), 54(OPEN)
|  |
|  |--F57:PLAN FRAGMENT [HASH(tpcds_partitioned_parquet_snap.store_sales_0.ss_customer_sk)] hosts=10 instances=110 (adjusted from 120)
|  |  |  Per-Instance Resources: mem-estimate=299.83MB mem-reservation=34.00MB thread-reservation=1
|  |  |  max-parallelism=2910 segment-costs=[177485324] cpu-comparison-result=140 [max(140 (self) vs 83 (sum children))]
|  |  JOIN BUILD
|  |  |  join-table-id=05 plan-id=06 cohort-id=02
|  |  |  build expressions: tpcds_partitioned_parquet_snap.customer_0.c_customer_sk
|  |  |  runtime filters: RF055[min_max] <- tpcds_partitioned_parquet_snap.customer_0.c_customer_sk
|  |  |  mem-estimate=268.88MB mem-reservation=34.00MB spill-buffer=2.00MB thread-reservation=0 cost=28925607
|  |  |
|  |  121:EXCHANGE [HASH(tpcds_partitioned_parquet_snap.customer_0.c_customer_sk)]
|  |  |  mem-estimate=30.94MB mem-reservation=0B thread-reservation=0
|  |  |  tuple-ids=56,58,60,62,64,66,68 row-size=1.02KB cardinality=28.93M cost=148559717
|  |  |  in pipelines: 54(GETNEXT)
|  |  |
|  |  F40:PLAN FRAGMENT [HASH(tpcds_partitioned_parquet_snap.customer_0.c_current_addr_sk)] hosts=10 instances=20 (adjusted from 10)
|  |  Per-Instance Resources: mem-estimate=478.95MB mem-reservation=0B thread-reservation=1
|  |  max-parallelism=220 segment-costs=[2179086442]
|  |  66:HASH JOIN [INNER JOIN, PARTITIONED]
|  |  |  hash-table-id=06
|  |  |  hash predicates: tpcds_partitioned_parquet_snap.customer_0.c_current_addr_sk = tpcds_partitioned_parquet_snap.customer_address_2.ca_address_sk
|  |  |  fk/pk conjuncts: tpcds_partitioned_parquet_snap.customer_0.c_current_addr_sk = tpcds_partitioned_parquet_snap.customer_address_2.ca_address_sk
|  |  |  mem-estimate=0B mem-reservation=0B spill-buffer=2.00MB thread-reservation=0
|  |  |  tuple-ids=56,58,60,62,64,66,68 row-size=1.02KB cardinality=28.93M cost=12660738
|  |  |  in pipelines: 54(GETNEXT), 65(OPEN)
|  |  |
|  |  |--F58:PLAN FRAGMENT [HASH(tpcds_partitioned_parquet_snap.customer_0.c_current_addr_sk)] hosts=10 instances=20 (adjusted from 10)
|  |  |  |  Per-Instance Resources: mem-estimate=197.16MB mem-reservation=34.00MB thread-reservation=1
|  |  |  |  max-parallelism=220 segment-costs=[32647413]
|  |  |  JOIN BUILD
|  |  |  |  join-table-id=06 plan-id=07 cohort-id=04
|  |  |  |  build expressions: tpcds_partitioned_parquet_snap.customer_address_2.ca_address_sk
|  |  |  |  runtime filters: RF071[min_max] <- tpcds_partitioned_parquet_snap.customer_address_2.ca_address_sk
|  |  |  |  mem-estimate=184.86MB mem-reservation=34.00MB spill-buffer=2.00MB thread-reservation=0 cost=15000000
|  |  |  |
|  |  |  119:EXCHANGE [HASH(tpcds_partitioned_parquet_snap.customer_address_2.ca_address_sk)]
|  |  |  |  mem-estimate=12.30MB mem-reservation=0B thread-reservation=0
|  |  |  |  tuple-ids=68 row-size=232B cardinality=15.00M cost=17647413
|  |  |  |  in pipelines: 65(GETNEXT)
|  |  |  |
|  |  |  F39:PLAN FRAGMENT [RANDOM] hosts=10 instances=10
|  |  |  Per-Instance Resources: mem-estimate=34.41MB mem-reservation=128.00KB thread-reservation=1
|  |  |  max-parallelism=10 segment-costs=[252975990]
|  |  |  65:SCAN HDFS [tpcds_partitioned_parquet_snap.customer_address, RANDOM]
|  |  |     HDFS partitions=1/1 files=1 size=307.36MB
|  |  |     stored statistics:
|  |  |       table: rows=15.00M size=307.36MB
|  |  |       columns: all
|  |  |     extrapolated-rows=disabled max-scan-range-rows=1.58M
|  |  |     mem-estimate=16.00MB mem-reservation=128.00KB thread-reservation=0
|  |  |     tuple-ids=68 row-size=232B cardinality=15.00M cost=21515206
|  |  |     in pipelines: 65(GETNEXT)
|  |  |
|  |  118:EXCHANGE [HASH(tpcds_partitioned_parquet_snap.customer_0.c_current_addr_sk)]
|  |  |  mem-estimate=18.17MB mem-reservation=0B thread-reservation=0
|  |  |  tuple-ids=56,58,60,62,64,66 row-size=813B cardinality=28.93M cost=116678082
|  |  |  in pipelines: 54(GETNEXT)
|  |  |
|  |  F33:PLAN FRAGMENT [RANDOM] hosts=10 instances=10
|  |  Per-Instance Resources: mem-estimate=81.37MB mem-reservation=1.00MB thread-reservation=1
|  |  max-parallelism=10 segment-costs=[1701434296]
|  |  64:HASH JOIN [INNER JOIN, BROADCAST]
|  |  |  hash-table-id=07
|  |  |  hash predicates: tpcds_partitioned_parquet_snap.customer_0.c_current_cdemo_sk = tpcds_partitioned_parquet_snap.customer_demographics_1.cd_demo_sk
|  |  |  fk/pk conjuncts: tpcds_partitioned_parquet_snap.customer_0.c_current_cdemo_sk = tpcds_partitioned_parquet_snap.customer_demographics_1.cd_demo_sk
|  |  |  mem-estimate=0B mem-reservation=0B spill-buffer=2.00MB thread-reservation=0
|  |  |  tuple-ids=56,58,60,62,64,66 row-size=813B cardinality=28.93M cost=12752708
|  |  |  in pipelines: 54(GETNEXT), 63(OPEN)
|  |  |
|  |  |--F59:PLAN FRAGMENT [RANDOM] hosts=10 instances=10
|  |  |  |  Per-Instance Resources: mem-estimate=217.47MB mem-reservation=34.00MB thread-reservation=1
|  |  |  |  max-parallelism=10 segment-costs=[4473540]
|  |  |  JOIN BUILD
|  |  |  |  join-table-id=07 plan-id=08 cohort-id=04
|  |  |  |  build expressions: tpcds_partitioned_parquet_snap.customer_demographics_1.cd_demo_sk
|  |  |  |  runtime filters: RF073[min_max] <- tpcds_partitioned_parquet_snap.customer_demographics_1.cd_demo_sk
|  |  |  |  mem-estimate=206.58MB mem-reservation=34.00MB spill-buffer=2.00MB thread-reservation=0 cost=1920800
|  |  |  |
|  |  |  117:EXCHANGE [BROADCAST]
|  |  |  |  mem-estimate=10.88MB mem-reservation=0B thread-reservation=0
|  |  |  |  tuple-ids=66 row-size=87B cardinality=1.92M cost=2552740
|  |  |  |  in pipelines: 63(GETNEXT)
|  |  |  |
|  |  |  F38:PLAN FRAGMENT [RANDOM] hosts=10 instances=10
|  |  |  Per-Instance Resources: mem-estimate=16.35MB mem-reservation=1.00MB thread-reservation=1
|  |  |  max-parallelism=10 segment-costs=[1557329]
|  |  |  63:SCAN HDFS [tpcds_partitioned_parquet_snap.customer_demographics, RANDOM]
|  |  |     HDFS partitions=1/1 files=1 size=11.15MB
|  |  |     stored statistics:
|  |  |       table: rows=1.92M size=11.15MB
|  |  |       columns: all
|  |  |     extrapolated-rows=disabled max-scan-range-rows=197.97K
|  |  |     mem-estimate=16.00MB mem-reservation=1.00MB thread-reservation=0
|  |  |     tuple-ids=66 row-size=87B cardinality=1.92M cost=1066867
|  |  |     in pipelines: 63(GETNEXT)
|  |  |
|  |  62:HASH JOIN [INNER JOIN, BROADCAST]
|  |  |  hash-table-id=08
|  |  |  hash predicates: tpcds_partitioned_parquet_snap.customer_0.c_first_shipto_date_sk = tpcds_partitioned_parquet_snap.date_dim_4.d_date_sk
|  |  |  fk/pk conjuncts: tpcds_partitioned_parquet_snap.customer_0.c_first_shipto_date_sk = tpcds_partitioned_parquet_snap.date_dim_4.d_date_sk
|  |  |  mem-estimate=0B mem-reservation=0B spill-buffer=2.00MB thread-reservation=0
|  |  |  tuple-ids=56,58,60,62,64 row-size=726B cardinality=29.28M cost=12817679
|  |  |  in pipelines: 54(GETNEXT), 61(OPEN)
|  |  |
|  |  |--F60:PLAN FRAGMENT [RANDOM] hosts=10 instances=10
|  |  |  |  Per-Instance Resources: mem-estimate=44.24MB mem-reservation=34.00MB thread-reservation=1
|  |  |  |  max-parallelism=10 segment-costs=[170129]
|  |  |  JOIN BUILD
|  |  |  |  join-table-id=08 plan-id=09 cohort-id=04
|  |  |  |  build expressions: tpcds_partitioned_parquet_snap.date_dim_4.d_date_sk
|  |  |  |  runtime filters: RF075[min_max] <- tpcds_partitioned_parquet_snap.date_dim_4.d_date_sk
|  |  |  |  mem-estimate=34.00MB mem-reservation=34.00MB spill-buffer=2.00MB thread-reservation=0 cost=73049
|  |  |  |
|  |  |  116:EXCHANGE [BROADCAST]
|  |  |  |  mem-estimate=10.24MB mem-reservation=0B thread-reservation=0
|  |  |  |  tuple-ids=64 row-size=237B cardinality=73.05K cost=97080
|  |  |  |  in pipelines: 61(GETNEXT)
|  |  |  |
|  |  |  F37:PLAN FRAGMENT [RANDOM] hosts=1 instances=1
|  |  |  Per-Instance Resources: mem-estimate=16.94MB mem-reservation=4.00MB thread-reservation=1
|  |  |  max-parallelism=1 segment-costs=[158950]
|  |  |  61:SCAN HDFS [tpcds_partitioned_parquet_snap.date_dim, RANDOM]
|  |  |     HDFS partitions=1/1 files=1 size=2.17MB
|  |  |     stored statistics:
|  |  |       table: rows=73.05K size=2.17MB
|  |  |       columns: all
|  |  |     extrapolated-rows=disabled max-scan-range-rows=73.05K
|  |  |     mem-estimate=16.00MB mem-reservation=4.00MB thread-reservation=0
|  |  |     tuple-ids=64 row-size=237B cardinality=73.05K cost=110600
|  |  |     in pipelines: 61(GETNEXT)
|  |  |
|  |  60:HASH JOIN [INNER JOIN, BROADCAST]
|  |  |  hash-table-id=09
|  |  |  hash predicates: tpcds_partitioned_parquet_snap.customer_0.c_first_sales_date_sk = tpcds_partitioned_parquet_snap.date_dim_3.d_date_sk
|  |  |  fk/pk conjuncts: tpcds_partitioned_parquet_snap.customer_0.c_first_sales_date_sk = tpcds_partitioned_parquet_snap.date_dim_3.d_date_sk
|  |  |  mem-estimate=0B mem-reservation=0B spill-buffer=2.00MB thread-reservation=0
|  |  |  tuple-ids=56,58,60,62 row-size=489B cardinality=29.28M cost=12817679
|  |  |  in pipelines: 54(GETNEXT), 59(OPEN)
|  |  |
|  |  |--F61:PLAN FRAGMENT [RANDOM] hosts=10 instances=10
|  |  |  |  Per-Instance Resources: mem-estimate=44.24MB mem-reservation=34.00MB thread-reservation=1
|  |  |  |  max-parallelism=10 segment-costs=[170129]
|  |  |  JOIN BUILD
|  |  |  |  join-table-id=09 plan-id=10 cohort-id=04
|  |  |  |  build expressions: tpcds_partitioned_parquet_snap.date_dim_3.d_date_sk
|  |  |  |  runtime filters: RF077[min_max] <- tpcds_partitioned_parquet_snap.date_dim_3.d_date_sk
|  |  |  |  mem-estimate=34.00MB mem-reservation=34.00MB spill-buffer=2.00MB thread-reservation=0 cost=73049
|  |  |  |
|  |  |  115:EXCHANGE [BROADCAST]
|  |  |  |  mem-estimate=10.24MB mem-reservation=0B thread-reservation=0
|  |  |  |  tuple-ids=62 row-size=237B cardinality=73.05K cost=97080
|  |  |  |  in pipelines: 59(GETNEXT)
|  |  |  |
|  |  |  F36:PLAN FRAGMENT [RANDOM] hosts=1 instances=1
|  |  |  Per-Instance Resources: mem-estimate=16.94MB mem-reservation=4.00MB thread-reservation=1
|  |  |  max-parallelism=1 segment-costs=[158950]
|  |  |  59:SCAN HDFS [tpcds_partitioned_parquet_snap.date_dim, RANDOM]
|  |  |     HDFS partitions=1/1 files=1 size=2.17MB
|  |  |     stored statistics:
|  |  |       table: rows=73.05K size=2.17MB
|  |  |       columns: all
|  |  |     extrapolated-rows=disabled max-scan-range-rows=73.05K
|  |  |     mem-estimate=16.00MB mem-reservation=4.00MB thread-reservation=0
|  |  |     tuple-ids=62 row-size=237B cardinality=73.05K cost=110600
|  |  |     in pipelines: 59(GETNEXT)
|  |  |
|  |  58:HASH JOIN [INNER JOIN, BROADCAST]
|  |  |  hash-table-id=10
|  |  |  hash predicates: tpcds_partitioned_parquet_snap.customer_0.c_current_hdemo_sk = tpcds_partitioned_parquet_snap.household_demographics_2.hd_demo_sk
|  |  |  fk/pk conjuncts: tpcds_partitioned_parquet_snap.customer_0.c_current_hdemo_sk = tpcds_partitioned_parquet_snap.household_demographics_2.hd_demo_sk
|  |  |  mem-estimate=0B mem-reservation=0B spill-buffer=64.00KB thread-reservation=0
|  |  |  tuple-ids=56,58,60 row-size=252B cardinality=29.28M cost=12817679
|  |  |  in pipelines: 54(GETNEXT), 55(OPEN)
|  |  |
|  |  |--F62:PLAN FRAGMENT [RANDOM] hosts=10 instances=10
|  |  |  |  Per-Instance Resources: mem-estimate=2.32MB mem-reservation=1.94MB thread-reservation=1
|  |  |  |  max-parallelism=10 segment-costs=[16760] cpu-comparison-result=11 [max(11 (self) vs 2 (sum children))]
|  |  |  JOIN BUILD
|  |  |  |  join-table-id=10 plan-id=11 cohort-id=04
|  |  |  |  build expressions: tpcds_partitioned_parquet_snap.household_demographics_2.hd_demo_sk
|  |  |  |  runtime filters: RF079[min_max] <- tpcds_partitioned_parquet_snap.household_demographics_2.hd_demo_sk
|  |  |  |  mem-estimate=1.94MB mem-reservation=1.94MB spill-buffer=64.00KB thread-reservation=0 cost=7200
|  |  |  |
|  |  |  114:EXCHANGE [BROADCAST]
|  |  |  |  mem-estimate=389.48KB mem-reservation=0B thread-reservation=0
|  |  |  |  tuple-ids=58,60 row-size=48B cardinality=7.20K cost=9560
|  |  |  |  in pipelines: 55(GETNEXT)
|  |  |  |
|  |  |  F34:PLAN FRAGMENT [RANDOM] hosts=1 instances=1
|  |  |  Per-Instance Resources: mem-estimate=16.22MB mem-reservation=64.00KB thread-reservation=1
|  |  |  max-parallelism=1 segment-costs=[6821]
|  |  |  57:HASH JOIN [INNER JOIN, BROADCAST]
|  |  |  |  hash-table-id=11
|  |  |  |  hash predicates: tpcds_partitioned_parquet_snap.household_demographics_2.hd_income_band_sk = tpcds_partitioned_parquet_snap.income_band_2.ib_income_band_sk
|  |  |  |  fk/pk conjuncts: tpcds_partitioned_parquet_snap.household_demographics_2.hd_income_band_sk = tpcds_partitioned_parquet_snap.income_band_2.ib_income_band_sk
|  |  |  |  mem-estimate=0B mem-reservation=0B spill-buffer=64.00KB thread-reservation=0
|  |  |  |  tuple-ids=58,60 row-size=48B cardinality=7.20K cost=3151
|  |  |  |  in pipelines: 55(GETNEXT), 56(OPEN)
|  |  |  |
|  |  |  |--F63:PLAN FRAGMENT [RANDOM] hosts=1 instances=1
|  |  |  |  |  Per-Instance Resources: mem-estimate=1.95MB mem-reservation=1.94MB thread-reservation=1
|  |  |  |  |  max-parallelism=1 segment-costs=[22]
|  |  |  |  JOIN BUILD
|  |  |  |  |  join-table-id=11 plan-id=12 cohort-id=05
|  |  |  |  |  build expressions: tpcds_partitioned_parquet_snap.income_band_2.ib_income_band_sk
|  |  |  |  |  runtime filters: RF081[min_max] <- tpcds_partitioned_parquet_snap.income_band_2.ib_income_band_sk
|  |  |  |  |  mem-estimate=1.94MB mem-reservation=1.94MB spill-buffer=64.00KB thread-reservation=0 cost=20
|  |  |  |  |
|  |  |  |  113:EXCHANGE [BROADCAST]
|  |  |  |  |  mem-estimate=16.00KB mem-reservation=0B thread-reservation=0
|  |  |  |  |  tuple-ids=60 row-size=12B cardinality=20 cost=2
|  |  |  |  |  in pipelines: 56(GETNEXT)
|  |  |  |  |
|  |  |  |  F35:PLAN FRAGMENT [RANDOM] hosts=1 instances=1
|  |  |  |  Per-Instance Resources: mem-estimate=16.06MB mem-reservation=24.00KB thread-reservation=1
|  |  |  |  max-parallelism=1 segment-costs=[4]
|  |  |  |  56:SCAN HDFS [tpcds_partitioned_parquet_snap.income_band, RANDOM]
|  |  |  |     HDFS partitions=1/1 files=1 size=1.22KB
|  |  |  |     stored statistics:
|  |  |  |       table: rows=20 size=1.22KB
|  |  |  |       columns: all
|  |  |  |     extrapolated-rows=disabled max-scan-range-rows=20
|  |  |  |     mem-estimate=16.00MB mem-reservation=24.00KB thread-reservation=0
|  |  |  |     tuple-ids=60 row-size=12B cardinality=20 cost=3
|  |  |  |     in pipelines: 56(GETNEXT)
|  |  |  |
|  |  |  55:SCAN HDFS [tpcds_partitioned_parquet_snap.household_demographics, RANDOM]
|  |  |     HDFS partitions=1/1 files=1 size=41.69KB
|  |  |     runtime filters: RF081[min_max] -> tpcds_partitioned_parquet_snap.household_demographics_2.hd_income_band_sk
|  |  |     stored statistics:
|  |  |       table: rows=7.20K size=41.69KB
|  |  |       columns: all
|  |  |     extrapolated-rows=disabled max-scan-range-rows=7.20K
|  |  |     mem-estimate=16.00MB mem-reservation=64.00KB thread-reservation=0
|  |  |     tuple-ids=58 row-size=36B cardinality=7.20K cost=2436
|  |  |     in pipelines: 55(GETNEXT)
|  |  |
|  |  54:SCAN HDFS [tpcds_partitioned_parquet_snap.customer, RANDOM]
|  |     HDFS partitions=1/1 files=1 size=1.55GB
|  |     runtime filters: RF079[min_max] -> tpcds_partitioned_parquet_snap.customer_0.c_current_hdemo_sk, RF073[min_max] -> tpcds_partitioned_parquet_snap.customer_0.c_current_cdemo_sk, RF071[min_max] -> tpcds_partitioned_parquet_snap.customer_0.c_current_addr_sk, RF075[min_max] -> tpcds_partitioned_parquet_snap.customer_0.c_first_shipto_date_sk, RF077[min_max] -> tpcds_partitioned_parquet_snap.customer_0.c_first_sales_date_sk
|  |     stored statistics:
|  |       table: rows=30.00M size=1.55GB
|  |       columns: all
|  |     extrapolated-rows=disabled max-scan-range-rows=3.10M
|  |     mem-estimate=16.00MB mem-reservation=1.00MB thread-reservation=0
|  |     tuple-ids=56 row-size=204B cardinality=29.28M(filtered from 30.00M) cost=46823813
|  |     in pipelines: 54(GETNEXT)
|  |
|  120:EXCHANGE [HASH(tpcds_partitioned_parquet_snap.store_sales_0.ss_customer_sk)]
|  |  mem-estimate=217.22MB mem-reservation=0B thread-reservation=0
|  |  tuple-ids=40,42,44,46,48,50,52,54 row-size=1.70KB cardinality=163.28M cost=1364309135
|  |  in pipelines: 39(GETNEXT)
|  |
|  F25:PLAN FRAGMENT [RANDOM] hosts=10 instances=120
|  Per-Host Shared Resources: mem-estimate=18.00MB mem-reservation=18.00MB thread-reservation=0 runtime-filters-memory=18.00MB
|  Per-Instance Resources: mem-estimate=775.81MB mem-reservation=8.00MB thread-reservation=1
|  max-parallelism=1824 segment-costs=[34391458113]
|  53:HASH JOIN [INNER JOIN, BROADCAST]
|  |  hash-table-id=12
|  |  hash predicates: tpcds_partitioned_parquet_snap.store_sales_0.ss_addr_sk = tpcds_partitioned_parquet_snap.customer_address_1.ca_address_sk
|  |  fk/pk conjuncts: tpcds_partitioned_parquet_snap.store_sales_0.ss_addr_sk = tpcds_partitioned_parquet_snap.customer_address_1.ca_address_sk
|  |  mem-estimate=0B mem-reservation=0B spill-buffer=2.00MB thread-reservation=0
|  |  tuple-ids=40,42,44,46,48,50,52,54 row-size=1.70KB cardinality=163.28M cost=72872132
|  |  in pipelines: 39(GETNEXT), 52(OPEN)
|  |
|  |--F64:PLAN FRAGMENT [RANDOM] hosts=10 instances=10
|  |  |  Per-Instance Resources: mem-estimate=3.62GB mem-reservation=408.00MB thread-reservation=1
|  |  |  max-parallelism=10 segment-costs=[34934990]
|  |  JOIN BUILD
|  |  |  join-table-id=12 plan-id=13 cohort-id=02
|  |  |  build expressions: tpcds_partitioned_parquet_snap.customer_address_1.ca_address_sk
|  |  |  runtime filters: RF057[min_max] <- tpcds_partitioned_parquet_snap.customer_address_1.ca_address_sk
|  |  |  mem-estimate=3.61GB mem-reservation=408.00MB spill-buffer=2.00MB thread-reservation=0 cost=15000000
|  |  |
|  |  112:EXCHANGE [BROADCAST]
|  |  |  mem-estimate=12.30MB mem-reservation=0B thread-reservation=0
|  |  |  tuple-ids=54 row-size=232B cardinality=15.00M cost=19934990
|  |  |  in pipelines: 52(GETNEXT)
|  |  |
|  |  F32:PLAN FRAGMENT [RANDOM] hosts=10 instances=10
|  |  Per-Instance Resources: mem-estimate=16.92MB mem-reservation=128.00KB thread-reservation=1
|  |  max-parallelism=10 segment-costs=[31219307]
|  |  52:SCAN HDFS [tpcds_partitioned_parquet_snap.customer_address, RANDOM]
|  |     HDFS partitions=1/1 files=1 size=307.36MB
|  |     stored statistics:
|  |       table: rows=15.00M size=307.36MB
|  |       columns: all
|  |     extrapolated-rows=disabled max-scan-range-rows=1.58M
|  |     mem-estimate=16.00MB mem-reservation=128.00KB thread-reservation=0
|  |     tuple-ids=54 row-size=232B cardinality=15.00M cost=21515206
|  |     in pipelines: 52(GETNEXT)
|  |
|  51:HASH JOIN [INNER JOIN, BROADCAST]
|  |  hash-table-id=13
|  |  hash predicates: tpcds_partitioned_parquet_snap.store_sales_0.ss_sold_date_sk = tpcds_partitioned_parquet_snap.date_dim_2.d_date_sk
|  |  fk/pk conjuncts: tpcds_partitioned_parquet_snap.store_sales_0.ss_sold_date_sk = tpcds_partitioned_parquet_snap.date_dim_2.d_date_sk
|  |  mem-estimate=0B mem-reservation=0B spill-buffer=2.00MB thread-reservation=0
|  |  tuple-ids=40,42,44,46,48,50,52 row-size=1.47KB cardinality=168.76M cost=73864123
|  |  in pipelines: 39(GETNEXT), 50(OPEN)
|  |
|  |--F65:PLAN FRAGMENT [RANDOM] hosts=10 instances=10
|  |  |  Per-Instance Resources: mem-estimate=418.24MB mem-reservation=408.00MB thread-reservation=1
|  |  |  max-parallelism=10 segment-costs=[170129]
|  |  JOIN BUILD
|  |  |  join-table-id=13 plan-id=14 cohort-id=02
|  |  |  build expressions: tpcds_partitioned_parquet_snap.date_dim_2.d_date_sk
|  |  |  mem-estimate=408.00MB mem-reservation=408.00MB spill-buffer=2.00MB thread-reservation=0 cost=73049
|  |  |
|  |  111:EXCHANGE [BROADCAST]
|  |  |  mem-estimate=10.24MB mem-reservation=0B thread-reservation=0
|  |  |  tuple-ids=52 row-size=237B cardinality=73.05K cost=97080
|  |  |  in pipelines: 50(GETNEXT)
|  |  |
|  |  F31:PLAN FRAGMENT [RANDOM] hosts=1 instances=1
|  |  Per-Instance Resources: mem-estimate=16.94MB mem-reservation=4.00MB thread-reservation=1
|  |  max-parallelism=1 segment-costs=[158950]
|  |  50:SCAN HDFS [tpcds_partitioned_parquet_snap.date_dim, RANDOM]
|  |     HDFS partitions=1/1 files=1 size=2.17MB
|  |     stored statistics:
|  |       table: rows=73.05K size=2.17MB
|  |       columns: all
|  |     extrapolated-rows=disabled max-scan-range-rows=73.05K
|  |     mem-estimate=16.00MB mem-reservation=4.00MB thread-reservation=0
|  |     tuple-ids=52 row-size=237B cardinality=73.05K cost=110600
|  |     in pipelines: 50(GETNEXT)
|  |
|  49:HASH JOIN [INNER JOIN, BROADCAST]
|  |  hash-table-id=14
|  |  hash predicates: tpcds_partitioned_parquet_snap.store_sales_0.ss_hdemo_sk = tpcds_partitioned_parquet_snap.household_demographics_1.hd_demo_sk
|  |  fk/pk conjuncts: tpcds_partitioned_parquet_snap.store_sales_0.ss_hdemo_sk = tpcds_partitioned_parquet_snap.household_demographics_1.hd_demo_sk
|  |  mem-estimate=0B mem-reservation=0B spill-buffer=64.00KB thread-reservation=0
|  |  tuple-ids=40,42,44,46,48,50 row-size=1.24KB cardinality=168.76M cost=74922218
|  |  in pipelines: 39(GETNEXT), 46(OPEN)
|  |
|  |--F66:PLAN FRAGMENT [RANDOM] hosts=10 instances=10
|  |  |  Per-Instance Resources: mem-estimate=23.63MB mem-reservation=23.25MB thread-reservation=1
|  |  |  max-parallelism=10 segment-costs=[16760] cpu-comparison-result=11 [max(11 (self) vs 2 (sum children))]
|  |  JOIN BUILD
|  |  |  join-table-id=14 plan-id=15 cohort-id=02
|  |  |  build expressions: tpcds_partitioned_parquet_snap.household_demographics_1.hd_demo_sk
|  |  |  runtime filters: RF061[min_max] <- tpcds_partitioned_parquet_snap.household_demographics_1.hd_demo_sk
|  |  |  mem-estimate=23.25MB mem-reservation=23.25MB spill-buffer=64.00KB thread-reservation=0 cost=7200
|  |  |
|  |  110:EXCHANGE [BROADCAST]
|  |  |  mem-estimate=389.48KB mem-reservation=0B thread-reservation=0
|  |  |  tuple-ids=48,50 row-size=48B cardinality=7.20K cost=9560
|  |  |  in pipelines: 46(GETNEXT)
|  |  |
|  |  F29:PLAN FRAGMENT [RANDOM] hosts=1 instances=1
|  |  Per-Instance Resources: mem-estimate=16.22MB mem-reservation=64.00KB thread-reservation=1
|  |  max-parallelism=1 segment-costs=[6821]
|  |  48:HASH JOIN [INNER JOIN, BROADCAST]
|  |  |  hash-table-id=15
|  |  |  hash predicates: tpcds_partitioned_parquet_snap.household_demographics_1.hd_income_band_sk = tpcds_partitioned_parquet_snap.income_band_1.ib_income_band_sk
|  |  |  fk/pk conjuncts: tpcds_partitioned_parquet_snap.household_demographics_1.hd_income_band_sk = tpcds_partitioned_parquet_snap.income_band_1.ib_income_band_sk
|  |  |  mem-estimate=0B mem-reservation=0B spill-buffer=64.00KB thread-reservation=0
|  |  |  tuple-ids=48,50 row-size=48B cardinality=7.20K cost=3151
|  |  |  in pipelines: 46(GETNEXT), 47(OPEN)
|  |  |
|  |  |--F67:PLAN FRAGMENT [RANDOM] hosts=1 instances=1
|  |  |  |  Per-Instance Resources: mem-estimate=1.95MB mem-reservation=1.94MB thread-reservation=1
|  |  |  |  max-parallelism=1 segment-costs=[22]
|  |  |  JOIN BUILD
|  |  |  |  join-table-id=15 plan-id=16 cohort-id=06
|  |  |  |  build expressions: tpcds_partitioned_parquet_snap.income_band_1.ib_income_band_sk
|  |  |  |  runtime filters: RF069[min_max] <- tpcds_partitioned_parquet_snap.income_band_1.ib_income_band_sk
|  |  |  |  mem-estimate=1.94MB mem-reservation=1.94MB spill-buffer=64.00KB thread-reservation=0 cost=20
|  |  |  |
|  |  |  109:EXCHANGE [BROADCAST]
|  |  |  |  mem-estimate=16.00KB mem-reservation=0B thread-reservation=0
|  |  |  |  tuple-ids=50 row-size=12B cardinality=20 cost=2
|  |  |  |  in pipelines: 47(GETNEXT)
|  |  |  |
|  |  |  F30:PLAN FRAGMENT [RANDOM] hosts=1 instances=1
|  |  |  Per-Instance Resources: mem-estimate=16.06MB mem-reservation=24.00KB thread-reservation=1
|  |  |  max-parallelism=1 segment-costs=[4]
|  |  |  47:SCAN HDFS [tpcds_partitioned_parquet_snap.income_band, RANDOM]
|  |  |     HDFS partitions=1/1 files=1 size=1.22KB
|  |  |     stored statistics:
|  |  |       table: rows=20 size=1.22KB
|  |  |       columns: all
|  |  |     extrapolated-rows=disabled max-scan-range-rows=20
|  |  |     mem-estimate=16.00MB mem-reservation=24.00KB thread-reservation=0
|  |  |     tuple-ids=50 row-size=12B cardinality=20 cost=3
|  |  |     in pipelines: 47(GETNEXT)
|  |  |
|  |  46:SCAN HDFS [tpcds_partitioned_parquet_snap.household_demographics, RANDOM]
|  |     HDFS partitions=1/1 files=1 size=41.69KB
|  |     runtime filters: RF069[min_max] -> tpcds_partitioned_parquet_snap.household_demographics_1.hd_income_band_sk
|  |     stored statistics:
|  |       table: rows=7.20K size=41.69KB
|  |       columns: all
|  |     extrapolated-rows=disabled max-scan-range-rows=7.20K
|  |     mem-estimate=16.00MB mem-reservation=64.00KB thread-reservation=0
|  |     tuple-ids=48 row-size=36B cardinality=7.20K cost=2436
|  |     in pipelines: 46(GETNEXT)
|  |
|  45:HASH JOIN [INNER JOIN, BROADCAST]
|  |  hash-table-id=16
|  |  hash predicates: tpcds_partitioned_parquet_snap.store_sales_0.ss_item_sk = tpcds_partitioned_parquet_snap.item_0.i_item_sk
|  |  fk/pk conjuncts: tpcds_partitioned_parquet_snap.store_sales_0.ss_item_sk = tpcds_partitioned_parquet_snap.item_0.i_item_sk
|  |  mem-estimate=0B mem-reservation=0B spill-buffer=256.00KB thread-reservation=0
|  |  tuple-ids=40,42,44,46 row-size=1.19KB cardinality=172.88M(filtered from 172.88M) cost=75669690
|  |  in pipelines: 39(GETNEXT), 44(OPEN)
|  |
|  |--F68:PLAN FRAGMENT [RANDOM] hosts=10 instances=10
|  |  |  Per-Instance Resources: mem-estimate=62.39MB mem-reservation=58.00MB thread-reservation=1 runtime-filters-memory=1.00MB
|  |  |  max-parallelism=10 segment-costs=[16777]
|  |  JOIN BUILD
|  |  |  join-table-id=16 plan-id=17 cohort-id=02
|  |  |  build expressions: tpcds_partitioned_parquet_snap.item_0.i_item_sk
|  |  |  runtime filters: RF062[bloom] <- tpcds_partitioned_parquet_snap.item_0.i_item_sk, RF063[min_max] <- tpcds_partitioned_parquet_snap.item_0.i_item_sk
|  |  |  mem-estimate=57.00MB mem-reservation=57.00MB spill-buffer=256.00KB thread-reservation=0 cost=7207
|  |  |
|  |  108:EXCHANGE [BROADCAST]
|  |  |  mem-estimate=4.39MB mem-reservation=0B thread-reservation=0
|  |  |  tuple-ids=46 row-size=405B cardinality=7.21K cost=9570
|  |  |  in pipelines: 44(GETNEXT)
|  |  |
|  |  F28:PLAN FRAGMENT [RANDOM] hosts=4 instances=4
|  |  Per-Host Shared Resources: mem-estimate=1.00MB mem-reservation=1.00MB thread-reservation=0 runtime-filters-memory=1.00MB
|  |  Per-Instance Resources: mem-estimate=17.60MB mem-reservation=512.00KB thread-reservation=1
|  |  max-parallelism=4 segment-costs=[1414235]
|  |  44:SCAN HDFS [tpcds_partitioned_parquet_snap.item, RANDOM]
|  |     HDFS partitions=1/1 files=1 size=33.54MB
|  |     predicates: tpcds_partitioned_parquet_snap.item_0.i_current_price <= CAST(add(CAST(75 AS SMALLINT), CAST(10 AS SMALLINT)) AS DECIMAL(5,0)), tpcds_partitioned_parquet_snap.item_0.i_current_price <= CAST(add(CAST(75 AS SMALLINT), CAST(15 AS SMALLINT)) AS DECIMAL(5,0)), tpcds_partitioned_parquet_snap.item_0.i_current_price >= CAST(75 AS DECIMAL(3,0)), tpcds_partitioned_parquet_snap.item_0.i_current_price >= CAST(add(CAST(75 AS SMALLINT), CAST(1 AS SMALLINT)) AS DECIMAL(5,0)), tpcds_partitioned_parquet_snap.item_0.i_color = 'almond' OR tpcds_partitioned_parquet_snap.item_0.i_color = 'chocolate' OR tpcds_partitioned_parquet_snap.item_0.i_color = 'drab' OR tpcds_partitioned_parquet_snap.item_0.i_color = 'misty' OR tpcds_partitioned_parquet_snap.item_0.i_color = 'peach' OR tpcds_partitioned_parquet_snap.item_0.i_color = 'saddle'
|  |     runtime filters: RF050[min_max] -> tpcds_partitioned_parquet_snap.item_0.i_item_sk, RF047[min_max] -> tpcds_partitioned_parquet_snap.item_0.i_item_sk, RF048[bloom] -> tpcds_partitioned_parquet_snap.item_0.i_item_sk
|  |     stored statistics:
|  |       table: rows=360.00K size=33.54MB
|  |       columns: all
|  |     extrapolated-rows=disabled max-scan-range-rows=101.54K
|  |     parquet statistics predicates: tpcds_partitioned_parquet_snap.item_0.i_current_price <= CAST(add(CAST(75 AS SMALLINT), CAST(10 AS SMALLINT)) AS DECIMAL(5,0)), tpcds_partitioned_parquet_snap.item_0.i_current_price <= CAST(add(CAST(75 AS SMALLINT), CAST(15 AS SMALLINT)) AS DECIMAL(5,0)), tpcds_partitioned_parquet_snap.item_0.i_current_price >= CAST(75 AS DECIMAL(3,0)), tpcds_partitioned_parquet_snap.item_0.i_current_price >= CAST(add(CAST(75 AS SMALLINT), CAST(1 AS SMALLINT)) AS DECIMAL(5,0))
|  |     parquet dictionary predicates: tpcds_partitioned_parquet_snap.item_0.i_current_price <= CAST(add(CAST(75 AS SMALLINT), CAST(10 AS SMALLINT)) AS DECIMAL(5,0)), tpcds_partitioned_parquet_snap.item_0.i_current_price <= CAST(add(CAST(75 AS SMALLINT), CAST(15 AS SMALLINT)) AS DECIMAL(5,0)), tpcds_partitioned_parquet_snap.item_0.i_current_price >= CAST(75 AS DECIMAL(3,0)), tpcds_partitioned_parquet_snap.item_0.i_current_price >= CAST(add(CAST(75 AS SMALLINT), CAST(1 AS SMALLINT)) AS DECIMAL(5,0)), tpcds_partitioned_parquet_snap.item_0.i_color = 'almond' OR tpcds_partitioned_parquet_snap.item_0.i_color = 'chocolate' OR tpcds_partitioned_parquet_snap.item_0.i_color = 'drab' OR tpcds_partitioned_parquet_snap.item_0.i_color = 'misty' OR tpcds_partitioned_parquet_snap.item_0.i_color = 'peach' OR tpcds_partitioned_parquet_snap.item_0.i_color = 'saddle'
|  |     mem-estimate=16.00MB mem-reservation=512.00KB thread-reservation=0
|  |     tuple-ids=46 row-size=405B cardinality=7.21K cost=1406189
|  |     in pipelines: 44(GETNEXT)
|  |
|  43:HASH JOIN [INNER JOIN, BROADCAST]
|  |  hash-table-id=17
|  |  hash predicates: tpcds_partitioned_parquet_snap.store_sales_0.ss_promo_sk = tpcds_partitioned_parquet_snap.promotion_0.p_promo_sk
|  |  fk/pk conjuncts: tpcds_partitioned_parquet_snap.store_sales_0.ss_promo_sk = tpcds_partitioned_parquet_snap.promotion_0.p_promo_sk
|  |  mem-estimate=0B mem-reservation=0B spill-buffer=64.00KB thread-reservation=0
|  |  tuple-ids=40,42,44 row-size=815B cardinality=172.88M(filtered from 8.64G) cost=1609900044
|  |  in pipelines: 39(GETNEXT), 42(OPEN)
|  |
|  |--F69:PLAN FRAGMENT [RANDOM] hosts=10 instances=10
|  |  |  Per-Instance Resources: mem-estimate=23.95MB mem-reservation=23.25MB thread-reservation=1
|  |  |  max-parallelism=10 segment-costs=[4190]
|  |  JOIN BUILD
|  |  |  join-table-id=17 plan-id=18 cohort-id=02
|  |  |  build expressions: tpcds_partitioned_parquet_snap.promotion_0.p_promo_sk
|  |  |  runtime filters: RF065[min_max] <- tpcds_partitioned_parquet_snap.promotion_0.p_promo_sk
|  |  |  mem-estimate=23.25MB mem-reservation=23.25MB spill-buffer=64.00KB thread-reservation=0 cost=1800
|  |  |
|  |  107:EXCHANGE [BROADCAST]
|  |  |  mem-estimate=720.54KB mem-reservation=0B thread-reservation=0
|  |  |  tuple-ids=44 row-size=260B cardinality=1.80K cost=2390
|  |  |  in pipelines: 42(GETNEXT)
|  |  |
|  |  F27:PLAN FRAGMENT [RANDOM] hosts=1 instances=1
|  |  Per-Instance Resources: mem-estimate=17.03MB mem-reservation=152.00KB thread-reservation=1
|  |  max-parallelism=1 segment-costs=[3992]
|  |  42:SCAN HDFS [tpcds_partitioned_parquet_snap.promotion, RANDOM]
|  |     HDFS partitions=1/1 files=1 size=100.50KB
|  |     stored statistics:
|  |       table: rows=1.80K size=100.50KB
|  |       columns: all
|  |     extrapolated-rows=disabled max-scan-range-rows=1.80K
|  |     mem-estimate=16.00MB mem-reservation=152.00KB thread-reservation=0
|  |     tuple-ids=44 row-size=260B cardinality=1.80K cost=2691
|  |     in pipelines: 42(GETNEXT)
|  |
|  41:HASH JOIN [INNER JOIN, BROADCAST]
|  |  hash-table-id=18
|  |  hash predicates: tpcds_partitioned_parquet_snap.store_sales_0.ss_store_sk = tpcds_partitioned_parquet_snap.store_0.s_store_sk
|  |  fk/pk conjuncts: tpcds_partitioned_parquet_snap.store_sales_0.ss_store_sk = tpcds_partitioned_parquet_snap.store_0.s_store_sk
|  |  mem-estimate=0B mem-reservation=0B spill-buffer=64.00KB thread-reservation=0
|  |  tuple-ids=40,42 row-size=555B cardinality=172.88M(filtered from 8.64G) cost=1609900044
|  |  in pipelines: 39(GETNEXT), 40(OPEN)
|  |
|  |--F70:PLAN FRAGMENT [RANDOM] hosts=10 instances=10
|  |  |  Per-Instance Resources: mem-estimate=24.29MB mem-reservation=23.25MB thread-reservation=1
|  |  |  max-parallelism=10 segment-costs=[3140]
|  |  JOIN BUILD
|  |  |  join-table-id=18 plan-id=19 cohort-id=02
|  |  |  build expressions: tpcds_partitioned_parquet_snap.store_0.s_store_sk
|  |  |  runtime filters: RF067[min_max] <- tpcds_partitioned_parquet_snap.store_0.s_store_sk
|  |  |  mem-estimate=23.25MB mem-reservation=23.25MB spill-buffer=64.00KB thread-reservation=0 cost=1350
|  |  |
|  |  106:EXCHANGE [BROADCAST]
|  |  |  mem-estimate=1.04MB mem-reservation=0B thread-reservation=0
|  |  |  tuple-ids=42 row-size=459B cardinality=1.35K cost=1790
|  |  |  in pipelines: 40(GETNEXT)
|  |  |
|  |  F26:PLAN FRAGMENT [RANDOM] hosts=1 instances=1
|  |  Per-Instance Resources: mem-estimate=17.81MB mem-reservation=232.00KB thread-reservation=1
|  |  max-parallelism=1 segment-costs=[6419]
|  |  40:SCAN HDFS [tpcds_partitioned_parquet_snap.store, RANDOM]
|  |     HDFS partitions=1/1 files=1 size=119.76KB
|  |     stored statistics:
|  |       table: rows=1.35K size=119.76KB
|  |       columns: all
|  |     extrapolated-rows=disabled max-scan-range-rows=1.35K
|  |     mem-estimate=16.00MB mem-reservation=232.00KB thread-reservation=0
|  |     tuple-ids=42 row-size=459B cardinality=1.35K cost=4718
|  |     in pipelines: 40(GETNEXT)
|  |
|  39:SCAN HDFS [tpcds_partitioned_parquet_snap.store_sales, RANDOM]
|     HDFS partitions=1824/1824 files=1824 size=389.90GB
|     runtime filters: RF063[min_max] -> tpcds_partitioned_parquet_snap.store_sales_0.ss_item_sk, RF050[min_max] -> tpcds_partitioned_parquet_snap.store_sales_0.ss_item_sk, RF051[min_max] -> tpcds_partitioned_parquet_snap.store_sales_0.ss_ticket_number, RF055[min_max] -> tpcds_partitioned_parquet_snap.store_sales_0.ss_customer_sk, RF057[min_max] -> tpcds_partitioned_parquet_snap.store_sales_0.ss_addr_sk, RF061[min_max] -> tpcds_partitioned_parquet_snap.store_sales_0.ss_hdemo_sk, RF053[min_max] -> tpcds_partitioned_parquet_snap.store_sales_0.ss_cdemo_sk, RF065[min_max] -> tpcds_partitioned_parquet_snap.store_sales_0.ss_promo_sk, RF067[min_max] -> tpcds_partitioned_parquet_snap.store_sales_0.ss_store_sk, RF047[min_max] -> tpcds_partitioned_parquet_snap.store_sales_0.ss_item_sk, RF062[bloom] -> tpcds_partitioned_parquet_snap.store_sales_0.ss_item_sk, RF048[bloom] -> tpcds_partitioned_parquet_snap.store_sales_0.ss_item_sk, RF049[bloom] -> tpcds_partitioned_parquet_snap.store_sales_0.ss_ticket_number
|     stored statistics:
|       table: rows=8.64G size=389.90GB
|       partitions: 1824/1824 rows=8.64G
|       columns: all
|     extrapolated-rows=disabled max-scan-range-rows=390.22M
|     mem-estimate=16.00MB mem-reservation=8.00MB thread-reservation=0
|     tuple-ids=40 row-size=96B cardinality=172.88M(filtered from 8.64G) cost=11943846410
|     in pipelines: 39(GETNEXT)
|
132:EXCHANGE [HASH(tpcds_partitioned_parquet_snap.item.i_item_sk,tpcds_partitioned_parquet_snap.store.s_store_name,tpcds_partitioned_parquet_snap.store.s_zip)]
|  mem-estimate=32.73MB mem-reservation=0B thread-reservation=0
|  tuple-ids=39 row-size=287B cardinality=4.41M cost=6307402
|  in pipelines: 105(GETNEXT)
|
F24:PLAN FRAGMENT [HASH(tpcds_partitioned_parquet_snap.item.i_product_name,tpcds_partitioned_parquet_snap.item.i_item_sk,tpcds_partitioned_parquet_snap.store.s_store_name,tpcds_partitioned_parquet_snap.store.s_zip,tpcds_partitioned_parquet_snap.customer_address.ca_street_number,tpcds_partitioned_parquet_snap.customer_address.ca_street_name,tpcds_partitioned_parquet_snap.customer_address.ca_city,tpcds_partitioned_parquet_snap.customer_address.ca_zip,tpcds_partitioned_parquet_snap.customer_address_0.ca_street_number,tpcds_partitioned_parquet_snap.customer_address_0.ca_street_name,tpcds_partitioned_parquet_snap.customer_address_0.ca_city,tpcds_partitioned_parquet_snap.customer_address_0.ca_zip,tpcds_partitioned_parquet_snap.date_dim.d_year,tpcds_partitioned_parquet_snap.date_dim_0.d_year,tpcds_partitioned_parquet_snap.date_dim_1.d_year)] hosts=10 instances=80 (adjusted from 120)
Per-Instance Resources: mem-estimate=542.04MB mem-reservation=34.00MB thread-reservation=1
max-parallelism=660 segment-costs=[6517498108, 83718296] cpu-comparison-result=578 [max(80 (self) vs 578 (sum children))]
105:AGGREGATE [FINALIZE]
|  output: count:merge(), sum:merge(tpcds_partitioned_parquet_snap.store_sales.ss_wholesale_cost), sum:merge(tpcds_partitioned_parquet_snap.store_sales.ss_list_price), sum:merge(tpcds_partitioned_parquet_snap.store_sales.ss_coupon_amt)
|  group by: tpcds_partitioned_parquet_snap.item.i_product_name, tpcds_partitioned_parquet_snap.item.i_item_sk, tpcds_partitioned_parquet_snap.store.s_store_name, tpcds_partitioned_parquet_snap.store.s_zip, tpcds_partitioned_parquet_snap.customer_address.ca_street_number, tpcds_partitioned_parquet_snap.customer_address.ca_street_name, tpcds_partitioned_parquet_snap.customer_address.ca_city, tpcds_partitioned_parquet_snap.customer_address.ca_zip, tpcds_partitioned_parquet_snap.customer_address_0.ca_street_number, tpcds_partitioned_parquet_snap.customer_address_0.ca_street_name, tpcds_partitioned_parquet_snap.customer_address_0.ca_city, tpcds_partitioned_parquet_snap.customer_address_0.ca_zip, tpcds_partitioned_parquet_snap.date_dim.d_year, tpcds_partitioned_parquet_snap.date_dim_0.d_year, tpcds_partitioned_parquet_snap.date_dim_1.d_year
|  having: tpcds_partitioned_parquet_snap.date_dim.d_year = CAST(2000 AS INT)
|  mem-estimate=512.16MB mem-reservation=34.00MB spill-buffer=2.00MB thread-reservation=0
|  tuple-ids=39 row-size=287B cardinality=4.41M cost=5281247328
|  in pipelines: 105(GETNEXT), 00(OPEN)
|
104:EXCHANGE [HASH(tpcds_partitioned_parquet_snap.item.i_product_name,tpcds_partitioned_parquet_snap.item.i_item_sk,tpcds_partitioned_parquet_snap.store.s_store_name,tpcds_partitioned_parquet_snap.store.s_zip,tpcds_partitioned_parquet_snap.customer_address.ca_street_number,tpcds_partitioned_parquet_snap.customer_address.ca_street_name,tpcds_partitioned_parquet_snap.customer_address.ca_city,tpcds_partitioned_parquet_snap.customer_address.ca_zip,tpcds_partitioned_parquet_snap.customer_address_0.ca_street_number,tpcds_partitioned_parquet_snap.customer_address_0.ca_street_name,tpcds_partitioned_parquet_snap.customer_address_0.ca_city,tpcds_partitioned_parquet_snap.customer_address_0.ca_zip,tpcds_partitioned_parquet_snap.date_dim.d_year,tpcds_partitioned_parquet_snap.date_dim_0.d_year,tpcds_partitioned_parquet_snap.date_dim_1.d_year)]
|  mem-estimate=29.89MB mem-reservation=0B thread-reservation=0
|  tuple-ids=39 row-size=287B cardinality=863.99M cost=1236250780
|  in pipelines: 00(GETNEXT)
|
F19:PLAN FRAGMENT [HASH(tpcds_partitioned_parquet_snap.store_sales.ss_item_sk,tpcds_partitioned_parquet_snap.store_sales.ss_ticket_number)] hosts=10 instances=70 (adjusted from 120)
Per-Instance Resources: mem-estimate=927.91MB mem-reservation=34.00MB thread-reservation=1
max-parallelism=1650 segment-costs=[7495214862, 16408784776] cpu-comparison-result=578 [max(300 (self) vs 578 (sum children))]
38:AGGREGATE [STREAMING]
|  output: count(), sum(tpcds_partitioned_parquet_snap.store_sales.ss_wholesale_cost), sum(tpcds_partitioned_parquet_snap.store_sales.ss_list_price), sum(tpcds_partitioned_parquet_snap.store_sales.ss_coupon_amt)
|  group by: tpcds_partitioned_parquet_snap.item.i_product_name, tpcds_partitioned_parquet_snap.item.i_item_sk, tpcds_partitioned_parquet_snap.store.s_store_name, tpcds_partitioned_parquet_snap.store.s_zip, tpcds_partitioned_parquet_snap.customer_address.ca_street_number, tpcds_partitioned_parquet_snap.customer_address.ca_street_name, tpcds_partitioned_parquet_snap.customer_address.ca_city, tpcds_partitioned_parquet_snap.customer_address.ca_zip, tpcds_partitioned_parquet_snap.customer_address_0.ca_street_number, tpcds_partitioned_parquet_snap.customer_address_0.ca_street_name, tpcds_partitioned_parquet_snap.customer_address_0.ca_city, tpcds_partitioned_parquet_snap.customer_address_0.ca_zip, tpcds_partitioned_parquet_snap.date_dim.d_year, tpcds_partitioned_parquet_snap.date_dim_0.d_year, tpcds_partitioned_parquet_snap.date_dim_1.d_year
|  mem-estimate=512.13MB mem-reservation=34.00MB spill-buffer=2.00MB thread-reservation=0
|  tuple-ids=39 row-size=287B cardinality=863.99M cost=5281247328
|  in pipelines: 00(GETNEXT)
|
37:HASH JOIN [INNER JOIN, BROADCAST]
|  hash-table-id=19
|  hash predicates: tpcds_partitioned_parquet_snap.store_sales.ss_item_sk = tpcds_partitioned_parquet_snap.catalog_sales.cs_item_sk
|  fk/pk conjuncts: none
|  mem-estimate=0B mem-reservation=0B spill-buffer=128.00KB thread-reservation=0
|  tuple-ids=0,2,4,6,8,10,12,14,16,18,20,22,24,26,28,30,32,38 row-size=2.92KB cardinality=863.99M cost=181982973
|  in pipelines: 00(GETNEXT), 102(OPEN)
|
|--F71:PLAN FRAGMENT [HASH(tpcds_partitioned_parquet_snap.store_sales.ss_item_sk,tpcds_partitioned_parquet_snap.store_sales.ss_ticket_number)] hosts=10 instances=10
|  |  Per-Instance Resources: mem-estimate=21.75MB mem-reservation=20.12MB thread-reservation=1
|  |  max-parallelism=10 segment-costs=[83878] cpu-comparison-result=150 [max(10 (self) vs 150 (sum children))]
|  JOIN BUILD
|  |  join-table-id=19 plan-id=20 cohort-id=01
|  |  build expressions: tpcds_partitioned_parquet_snap.catalog_sales.cs_item_sk
|  |  runtime filters: RF007[min_max] <- tpcds_partitioned_parquet_snap.catalog_sales.cs_item_sk
|  |  mem-estimate=20.12MB mem-reservation=20.12MB spill-buffer=128.00KB thread-reservation=0 cost=36018
|  |
|  103:EXCHANGE [BROADCAST]
|  |  mem-estimate=1.63MB mem-reservation=0B thread-reservation=0
|  |  tuple-ids=38 row-size=36B cardinality=36.02K cost=47860
|  |  in pipelines: 102(GETNEXT)
|  |
|  F23:PLAN FRAGMENT [HASH(tpcds_partitioned_parquet_snap.catalog_sales.cs_item_sk)] hosts=10 instances=10 (adjusted from 120)
|  Per-Instance Resources: mem-estimate=21.17MB mem-reservation=2.88MB thread-reservation=1
|  max-parallelism=10 segment-costs=[28566307, 4278] cpu-comparison-result=150 [max(10 (self) vs 150 (sum children))]
|  102:AGGREGATE [FINALIZE]
|  |  output: sum:merge(tpcds_partitioned_parquet_snap.catalog_sales.cs_ext_list_price), sum:merge(add(add(tpcds_partitioned_parquet_snap.catalog_returns.cr_refunded_cash, tpcds_partitioned_parquet_snap.catalog_returns.cr_reversed_charge), tpcds_partitioned_parquet_snap.catalog_returns.cr_store_credit))
|  |  group by: tpcds_partitioned_parquet_snap.catalog_sales.cs_item_sk
|  |  having: sum(tpcds_partitioned_parquet_snap.catalog_sales.cs_ext_list_price) > multiply(CAST(2 AS DECIMAL(3,0)), sum(add(add(tpcds_partitioned_parquet_snap.catalog_returns.cr_refunded_cash, tpcds_partitioned_parquet_snap.catalog_returns.cr_reversed_charge), tpcds_partitioned_parquet_snap.catalog_returns.cr_store_credit)))
|  |  mem-estimate=10.00MB mem-reservation=2.88MB spill-buffer=128.00KB thread-reservation=0
|  |  tuple-ids=38 row-size=36B cardinality=36.02K cost=16606891
|  |  in pipelines: 102(GETNEXT), 33(OPEN)
|  |
|  101:EXCHANGE [HASH(tpcds_partitioned_parquet_snap.catalog_sales.cs_item_sk)]
|  |  mem-estimate=11.17MB mem-reservation=0B thread-reservation=0
|  |  tuple-ids=38 row-size=36B cardinality=43.22M cost=11959416
|  |  in pipelines: 33(GETNEXT)
|  |
|  F22:PLAN FRAGMENT [HASH(tpcds_partitioned_parquet_snap.catalog_sales.cs_item_sk,tpcds_partitioned_parquet_snap.catalog_sales.cs_order_number)] hosts=10 instances=30 (adjusted from 120)
|  Per-Instance Resources: mem-estimate=38.44MB mem-reservation=2.00MB thread-reservation=1
|  max-parallelism=560 segment-costs=[5552342816, 122472725] cpu-comparison-result=150 [max(150 (self) vs 150 (sum children))]
|  36:AGGREGATE [STREAMING]
|  |  output: sum(tpcds_partitioned_parquet_snap.catalog_sales.cs_ext_list_price), sum(add(add(tpcds_partitioned_parquet_snap.catalog_returns.cr_refunded_cash, tpcds_partitioned_parquet_snap.catalog_returns.cr_reversed_charge), tpcds_partitioned_parquet_snap.catalog_returns.cr_store_credit))
|  |  group by: tpcds_partitioned_parquet_snap.catalog_sales.cs_item_sk
|  |  mem-estimate=10.00MB mem-reservation=2.00MB spill-buffer=64.00KB thread-reservation=0
|  |  tuple-ids=38 row-size=36B cardinality=43.22M cost=1040366503
|  |  in pipelines: 33(GETNEXT)
|  |
|  35:HASH JOIN [INNER JOIN, PARTITIONED]
|  |  hash-table-id=20
|  |  hash predicates: tpcds_partitioned_parquet_snap.catalog_sales.cs_item_sk = tpcds_partitioned_parquet_snap.catalog_returns.cr_item_sk, tpcds_partitioned_parquet_snap.catalog_sales.cs_order_number = tpcds_partitioned_parquet_snap.catalog_returns.cr_order_number
|  |  fk/pk conjuncts: tpcds_partitioned_parquet_snap.catalog_sales.cs_item_sk = tpcds_partitioned_parquet_snap.catalog_returns.cr_item_sk, tpcds_partitioned_parquet_snap.catalog_sales.cs_order_number = tpcds_partitioned_parquet_snap.catalog_returns.cr_order_number
|  |  mem-estimate=0B mem-reservation=0B spill-buffer=2.00MB thread-reservation=0
|  |  tuple-ids=34,36 row-size=252B cardinality=2.56G cost=1490184428
|  |  in pipelines: 33(GETNEXT), 34(OPEN)
|  |
|  |--F72:PLAN FRAGMENT [HASH(tpcds_partitioned_parquet_snap.catalog_sales.cs_item_sk,tpcds_partitioned_parquet_snap.catalog_sales.cs_order_number)] hosts=10 instances=30 (adjusted from 120)
|  |  |  Per-Instance Resources: mem-estimate=1.94GB mem-reservation=51.00MB thread-reservation=1 runtime-filters-memory=17.00MB
|  |  |  max-parallelism=560 segment-costs=[702589232]
|  |  JOIN BUILD
|  |  |  join-table-id=20 plan-id=21 cohort-id=07
|  |  |  build expressions: tpcds_partitioned_parquet_snap.catalog_returns.cr_item_sk, tpcds_partitioned_parquet_snap.catalog_returns.cr_order_number
|  |  |  runtime filters: RF042[bloom] <- tpcds_partitioned_parquet_snap.catalog_returns.cr_item_sk, RF043[bloom] <- tpcds_partitioned_parquet_snap.catalog_returns.cr_order_number, RF044[min_max] <- tpcds_partitioned_parquet_snap.catalog_returns.cr_item_sk, RF045[min_max] <- tpcds_partitioned_parquet_snap.catalog_returns.cr_order_number
|  |  |  mem-estimate=1.90GB mem-reservation=34.00MB spill-buffer=2.00MB thread-reservation=0 cost=432016991
|  |  |
|  |  100:EXCHANGE [HASH(tpcds_partitioned_parquet_snap.catalog_returns.cr_item_sk,tpcds_partitioned_parquet_snap.catalog_returns.cr_order_number)]
|  |  |  mem-estimate=23.59MB mem-reservation=0B thread-reservation=0
|  |  |  tuple-ids=36 row-size=112B cardinality=432.02M cost=270572241
|  |  |  in pipelines: 34(GETNEXT)
|  |  |
|  |  F21:PLAN FRAGMENT [RANDOM] hosts=10 instances=120
|  |  Per-Instance Resources: mem-estimate=29.59MB mem-reservation=208.00KB thread-reservation=1
|  |  max-parallelism=410 segment-costs=[4035384309]
|  |  34:SCAN HDFS [tpcds_partitioned_parquet_snap.catalog_returns, RANDOM]
|  |     HDFS partitions=2060/2060 files=2060 size=32.77GB
|  |     runtime filters: RF003[min_max] -> tpcds_partitioned_parquet_snap.catalog_returns.cr_item_sk
|  |     stored statistics:
|  |       table: rows=432.02M size=32.77GB
|  |       partitions: 2060/2060 rows=432.02M
|  |       columns: all
|  |     extrapolated-rows=disabled max-scan-range-rows=416.82K
|  |     mem-estimate=16.00MB mem-reservation=208.00KB thread-reservation=0
|  |     tuple-ids=36 row-size=112B cardinality=432.02M cost=696757003
|  |     in pipelines: 34(GETNEXT)
|  |
|  99:EXCHANGE [HASH(tpcds_partitioned_parquet_snap.catalog_sales.cs_item_sk,tpcds_partitioned_parquet_snap.catalog_sales.cs_order_number)]
|  |  mem-estimate=26.88MB mem-reservation=0B thread-reservation=0
|  |  tuple-ids=34 row-size=140B cardinality=4.00G(filtered from 4.32G) cost=3021791885
|  |  in pipelines: 33(GETNEXT)
|  |
|  F20:PLAN FRAGMENT [RANDOM] hosts=10 instances=120
|  Per-Host Shared Resources: mem-estimate=17.00MB mem-reservation=17.00MB thread-reservation=0 runtime-filters-memory=17.00MB
|  Per-Instance Resources: mem-estimate=32.88MB mem-reservation=1.00MB thread-reservation=1
|  max-parallelism=1831 segment-costs=[46851646189]
|  33:SCAN HDFS [tpcds_partitioned_parquet_snap.catalog_sales, RANDOM]
|     HDFS partitions=1831/1831 files=1831 size=280.96GB
|     runtime filters: RF044[min_max] -> tpcds_partitioned_parquet_snap.catalog_sales.cs_item_sk, RF045[min_max] -> tpcds_partitioned_parquet_snap.catalog_sales.cs_order_number, RF003[min_max] -> tpcds_partitioned_parquet_snap.catalog_sales.cs_item_sk, RF042[bloom] -> tpcds_partitioned_parquet_snap.catalog_sales.cs_item_sk, RF043[bloom] -> tpcds_partitioned_parquet_snap.catalog_sales.cs_order_number
|     stored statistics:
|       table: rows=4.32G size=280.96GB
|       partitions: 1831/1831 rows=4.32G
|       columns: all
|     extrapolated-rows=disabled max-scan-range-rows=21.52M
|     mem-estimate=16.00MB mem-reservation=1.00MB thread-reservation=0
|     tuple-ids=34 row-size=140B cardinality=4.00G(filtered from 4.32G) cost=8709277205
|     in pipelines: 33(GETNEXT)
|
32:HASH JOIN [INNER JOIN, PARTITIONED]
|  hash-table-id=21
|  hash predicates: tpcds_partitioned_parquet_snap.store_sales.ss_item_sk = tpcds_partitioned_parquet_snap.store_returns.sr_item_sk, tpcds_partitioned_parquet_snap.store_sales.ss_ticket_number = tpcds_partitioned_parquet_snap.store_returns.sr_ticket_number
|  fk/pk conjuncts: tpcds_partitioned_parquet_snap.store_sales.ss_item_sk = tpcds_partitioned_parquet_snap.store_returns.sr_item_sk, tpcds_partitioned_parquet_snap.store_sales.ss_ticket_number = tpcds_partitioned_parquet_snap.store_returns.sr_ticket_number
|  mem-estimate=0B mem-reservation=0B spill-buffer=2.00MB thread-reservation=0
|  tuple-ids=0,2,4,6,8,10,12,14,16,18,20,22,24,26,28,30,32 row-size=2.88KB cardinality=99.13M cost=54577993
|  in pipelines: 00(GETNEXT), 31(OPEN)
|
|--F73:PLAN FRAGMENT [HASH(tpcds_partitioned_parquet_snap.store_sales.ss_item_sk,tpcds_partitioned_parquet_snap.store_sales.ss_ticket_number)] hosts=10 instances=70 (adjusted from 120)
|  |  Per-Instance Resources: mem-estimate=1.34GB mem-reservation=51.00MB thread-reservation=1 runtime-filters-memory=17.00MB
|  |  max-parallelism=1650 segment-costs=[1293822976]
|  JOIN BUILD
|  |  join-table-id=21 plan-id=22 cohort-id=01
|  |  build expressions: tpcds_partitioned_parquet_snap.store_returns.sr_item_sk, tpcds_partitioned_parquet_snap.store_returns.sr_ticket_number
|  |  runtime filters: RF008[bloom] <- tpcds_partitioned_parquet_snap.store_returns.sr_item_sk, RF009[bloom] <- tpcds_partitioned_parquet_snap.store_returns.sr_ticket_number, RF010[min_max] <- tpcds_partitioned_parquet_snap.store_returns.sr_item_sk, RF011[min_max] <- tpcds_partitioned_parquet_snap.store_returns.sr_ticket_number
|  |  mem-estimate=1.31GB mem-reservation=34.00MB spill-buffer=2.00MB thread-reservation=0 cost=863988632
|  |
|  98:EXCHANGE [HASH(tpcds_partitioned_parquet_snap.store_returns.sr_item_sk,tpcds_partitioned_parquet_snap.store_returns.sr_ticket_number)]
|  |  mem-estimate=20.31MB mem-reservation=0B thread-reservation=0
|  |  tuple-ids=32 row-size=84B cardinality=863.99M cost=429834344
|  |  in pipelines: 31(GETNEXT)
|  |
|  F18:PLAN FRAGMENT [RANDOM] hosts=10 instances=120
|  Per-Instance Resources: mem-estimate=40.06MB mem-reservation=512.00KB thread-reservation=1
|  max-parallelism=620 segment-costs=[6164040495]
|  31:SCAN HDFS [tpcds_partitioned_parquet_snap.store_returns, RANDOM]
|     HDFS partitions=2004/2004 files=2004 size=48.14GB
|     runtime filters: RF003[min_max] -> tpcds_partitioned_parquet_snap.store_returns.sr_item_sk, RF007[min_max] -> tpcds_partitioned_parquet_snap.store_returns.sr_item_sk
|     stored statistics:
|       table: rows=863.99M size=48.14GB
|       partitions: 2004/2004 rows=863.99M
|       columns: all
|     extrapolated-rows=disabled max-scan-range-rows=30.09M
|     mem-estimate=16.00MB mem-reservation=512.00KB thread-reservation=0
|     tuple-ids=32 row-size=84B cardinality=863.99M cost=1045080649
|     in pipelines: 31(GETNEXT)
|
97:EXCHANGE [HASH(tpcds_partitioned_parquet_snap.store_sales.ss_item_sk,tpcds_partitioned_parquet_snap.store_sales.ss_ticket_number)]
|  mem-estimate=324.88MB mem-reservation=0B thread-reservation=0
|  tuple-ids=0,2,4,6,8,10,12,14,16,18,20,22,24,26,28,30 row-size=2.80KB cardinality=142.75M cost=1977406568
|  in pipelines: 00(GETNEXT)
|
F16:PLAN FRAGMENT [HASH(tpcds_partitioned_parquet_snap.store_sales.ss_customer_sk)] hosts=10 instances=110 (adjusted from 120)
Per-Instance Resources: mem-estimate=1018.72MB mem-reservation=0B thread-reservation=1
max-parallelism=2910 segment-costs=[29030516631]
30:HASH JOIN [INNER JOIN, BROADCAST]
|  hash-table-id=22
|  hash predicates: tpcds_partitioned_parquet_snap.store_sales.ss_cdemo_sk = tpcds_partitioned_parquet_snap.customer_demographics_0.cd_demo_sk
|  fk/pk conjuncts: tpcds_partitioned_parquet_snap.store_sales.ss_cdemo_sk = tpcds_partitioned_parquet_snap.customer_demographics_0.cd_demo_sk
|  other join predicates: tpcds_partitioned_parquet_snap.customer_demographics_0.cd_marital_status != tpcds_partitioned_parquet_snap.customer_demographics.cd_marital_status
|  mem-estimate=0B mem-reservation=0B spill-buffer=2.00MB thread-reservation=0
|  tuple-ids=0,2,4,6,8,10,12,14,16,18,20,22,24,26,28,30 row-size=2.80KB cardinality=142.75M cost=62935415
|  in pipelines: 00(GETNEXT), 29(OPEN)
|
|--F74:PLAN FRAGMENT [HASH(tpcds_partitioned_parquet_snap.store_sales.ss_customer_sk)] hosts=10 instances=10
|  |  Per-Instance Resources: mem-estimate=384.88MB mem-reservation=374.00MB thread-reservation=1
|  |  max-parallelism=10 segment-costs=[4473540]
|  JOIN BUILD
|  |  join-table-id=22 plan-id=23 cohort-id=01
|  |  build expressions: tpcds_partitioned_parquet_snap.customer_demographics_0.cd_demo_sk
|  |  runtime filters: RF013[min_max] <- tpcds_partitioned_parquet_snap.customer_demographics_0.cd_demo_sk
|  |  mem-estimate=374.00MB mem-reservation=374.00MB spill-buffer=2.00MB thread-reservation=0 cost=1920800
|  |
|  96:EXCHANGE [BROADCAST]
|  |  mem-estimate=10.88MB mem-reservation=0B thread-reservation=0
|  |  tuple-ids=30 row-size=87B cardinality=1.92M cost=2552740
|  |  in pipelines: 29(GETNEXT)
|  |
|  F17:PLAN FRAGMENT [RANDOM] hosts=10 instances=10
|  Per-Instance Resources: mem-estimate=16.35MB mem-reservation=1.00MB thread-reservation=1
|  max-parallelism=10 segment-costs=[1557329]
|  29:SCAN HDFS [tpcds_partitioned_parquet_snap.customer_demographics, RANDOM]
|     HDFS partitions=1/1 files=1 size=11.15MB
|     stored statistics:
|       table: rows=1.92M size=11.15MB
|       columns: all
|     extrapolated-rows=disabled max-scan-range-rows=197.97K
|     mem-estimate=16.00MB mem-reservation=1.00MB thread-reservation=0
|     tuple-ids=30 row-size=87B cardinality=1.92M cost=1066867
|     in pipelines: 29(GETNEXT)
|
28:HASH JOIN [INNER JOIN, PARTITIONED]
|  hash-table-id=23
|  hash predicates: tpcds_partitioned_parquet_snap.store_sales.ss_customer_sk = tpcds_partitioned_parquet_snap.customer.c_customer_sk
|  fk/pk conjuncts: tpcds_partitioned_parquet_snap.store_sales.ss_customer_sk = tpcds_partitioned_parquet_snap.customer.c_customer_sk
|  mem-estimate=0B mem-reservation=0B spill-buffer=2.00MB thread-reservation=0
|  tuple-ids=0,2,4,6,8,10,12,14,16,18,20,22,24,26,28 row-size=2.72KB cardinality=144.52M cost=68068343
|  in pipelines: 00(GETNEXT), 15(OPEN)
|
|--F75:PLAN FRAGMENT [HASH(tpcds_partitioned_parquet_snap.store_sales.ss_customer_sk)] hosts=10 instances=110 (adjusted from 120)
|  |  Per-Instance Resources: mem-estimate=315.83MB mem-reservation=50.00MB thread-reservation=1 runtime-filters-memory=16.00MB
|  |  max-parallelism=2910 segment-costs=[177485324] cpu-comparison-result=140 [max(140 (self) vs 83 (sum children))]
|  JOIN BUILD
|  |  join-table-id=23 plan-id=24 cohort-id=01
|  |  build expressions: tpcds_partitioned_parquet_snap.customer.c_customer_sk
|  |  runtime filters: RF014[bloom] <- tpcds_partitioned_parquet_snap.customer.c_customer_sk, RF015[min_max] <- tpcds_partitioned_parquet_snap.customer.c_customer_sk
|  |  mem-estimate=268.88MB mem-reservation=34.00MB spill-buffer=2.00MB thread-reservation=0 cost=28925607
|  |
|  95:EXCHANGE [HASH(tpcds_partitioned_parquet_snap.customer.c_customer_sk)]
|  |  mem-estimate=30.94MB mem-reservation=0B thread-reservation=0
|  |  tuple-ids=16,18,20,22,24,26,28 row-size=1.02KB cardinality=28.93M cost=148559717
|  |  in pipelines: 15(GETNEXT)
|  |
|  F15:PLAN FRAGMENT [HASH(tpcds_partitioned_parquet_snap.customer.c_current_addr_sk)] hosts=10 instances=20 (adjusted from 10)
|  Per-Instance Resources: mem-estimate=478.95MB mem-reservation=0B thread-reservation=1
|  max-parallelism=220 segment-costs=[2179086442]
|  27:HASH JOIN [INNER JOIN, PARTITIONED]
|  |  hash-table-id=24
|  |  hash predicates: tpcds_partitioned_parquet_snap.customer.c_current_addr_sk = tpcds_partitioned_parquet_snap.customer_address_0.ca_address_sk
|  |  fk/pk conjuncts: tpcds_partitioned_parquet_snap.customer.c_current_addr_sk = tpcds_partitioned_parquet_snap.customer_address_0.ca_address_sk
|  |  mem-estimate=0B mem-reservation=0B spill-buffer=2.00MB thread-reservation=0
|  |  tuple-ids=16,18,20,22,24,26,28 row-size=1.02KB cardinality=28.93M cost=12660738
|  |  in pipelines: 15(GETNEXT), 26(OPEN)
|  |
|  |--F76:PLAN FRAGMENT [HASH(tpcds_partitioned_parquet_snap.customer.c_current_addr_sk)] hosts=10 instances=20 (adjusted from 10)
|  |  |  Per-Instance Resources: mem-estimate=197.16MB mem-reservation=34.00MB thread-reservation=1
|  |  |  max-parallelism=220 segment-costs=[32647413]
|  |  JOIN BUILD
|  |  |  join-table-id=24 plan-id=25 cohort-id=08
|  |  |  build expressions: tpcds_partitioned_parquet_snap.customer_address_0.ca_address_sk
|  |  |  runtime filters: RF031[min_max] <- tpcds_partitioned_parquet_snap.customer_address_0.ca_address_sk
|  |  |  mem-estimate=184.86MB mem-reservation=34.00MB spill-buffer=2.00MB thread-reservation=0 cost=15000000
|  |  |
|  |  93:EXCHANGE [HASH(tpcds_partitioned_parquet_snap.customer_address_0.ca_address_sk)]
|  |  |  mem-estimate=12.30MB mem-reservation=0B thread-reservation=0
|  |  |  tuple-ids=28 row-size=232B cardinality=15.00M cost=17647413
|  |  |  in pipelines: 26(GETNEXT)
|  |  |
|  |  F14:PLAN FRAGMENT [RANDOM] hosts=10 instances=10
|  |  Per-Instance Resources: mem-estimate=34.41MB mem-reservation=128.00KB thread-reservation=1
|  |  max-parallelism=10 segment-costs=[252975990]
|  |  26:SCAN HDFS [tpcds_partitioned_parquet_snap.customer_address, RANDOM]
|  |     HDFS partitions=1/1 files=1 size=307.36MB
|  |     stored statistics:
|  |       table: rows=15.00M size=307.36MB
|  |       columns: all
|  |     extrapolated-rows=disabled max-scan-range-rows=1.58M
|  |     mem-estimate=16.00MB mem-reservation=128.00KB thread-reservation=0
|  |     tuple-ids=28 row-size=232B cardinality=15.00M cost=21515206
|  |     in pipelines: 26(GETNEXT)
|  |
|  92:EXCHANGE [HASH(tpcds_partitioned_parquet_snap.customer.c_current_addr_sk)]
|  |  mem-estimate=18.17MB mem-reservation=0B thread-reservation=0
|  |  tuple-ids=16,18,20,22,24,26 row-size=813B cardinality=28.93M cost=116678082
|  |  in pipelines: 15(GETNEXT)
|  |
|  F08:PLAN FRAGMENT [RANDOM] hosts=10 instances=10
|  Per-Instance Resources: mem-estimate=81.37MB mem-reservation=1.00MB thread-reservation=1
|  max-parallelism=10 segment-costs=[1701434296]
|  25:HASH JOIN [INNER JOIN, BROADCAST]
|  |  hash-table-id=25
|  |  hash predicates: tpcds_partitioned_parquet_snap.customer.c_current_cdemo_sk = tpcds_partitioned_parquet_snap.customer_demographics.cd_demo_sk
|  |  fk/pk conjuncts: tpcds_partitioned_parquet_snap.customer.c_current_cdemo_sk = tpcds_partitioned_parquet_snap.customer_demographics.cd_demo_sk
|  |  mem-estimate=0B mem-reservation=0B spill-buffer=2.00MB thread-reservation=0
|  |  tuple-ids=16,18,20,22,24,26 row-size=813B cardinality=28.93M cost=12752708
|  |  in pipelines: 15(GETNEXT), 24(OPEN)
|  |
|  |--F77:PLAN FRAGMENT [RANDOM] hosts=10 instances=10
|  |  |  Per-Instance Resources: mem-estimate=217.47MB mem-reservation=34.00MB thread-reservation=1
|  |  |  max-parallelism=10 segment-costs=[4473540]
|  |  JOIN BUILD
|  |  |  join-table-id=25 plan-id=26 cohort-id=08
|  |  |  build expressions: tpcds_partitioned_parquet_snap.customer_demographics.cd_demo_sk
|  |  |  runtime filters: RF033[min_max] <- tpcds_partitioned_parquet_snap.customer_demographics.cd_demo_sk
|  |  |  mem-estimate=206.58MB mem-reservation=34.00MB spill-buffer=2.00MB thread-reservation=0 cost=1920800
|  |  |
|  |  91:EXCHANGE [BROADCAST]
|  |  |  mem-estimate=10.88MB mem-reservation=0B thread-reservation=0
|  |  |  tuple-ids=26 row-size=87B cardinality=1.92M cost=2552740
|  |  |  in pipelines: 24(GETNEXT)
|  |  |
|  |  F13:PLAN FRAGMENT [RANDOM] hosts=10 instances=10
|  |  Per-Instance Resources: mem-estimate=16.35MB mem-reservation=1.00MB thread-reservation=1
|  |  max-parallelism=10 segment-costs=[1557329]
|  |  24:SCAN HDFS [tpcds_partitioned_parquet_snap.customer_demographics, RANDOM]
|  |     HDFS partitions=1/1 files=1 size=11.15MB
|  |     stored statistics:
|  |       table: rows=1.92M size=11.15MB
|  |       columns: all
|  |     extrapolated-rows=disabled max-scan-range-rows=197.97K
|  |     mem-estimate=16.00MB mem-reservation=1.00MB thread-reservation=0
|  |     tuple-ids=26 row-size=87B cardinality=1.92M cost=1066867
|  |     in pipelines: 24(GETNEXT)
|  |
|  23:HASH JOIN [INNER JOIN, BROADCAST]
|  |  hash-table-id=26
|  |  hash predicates: tpcds_partitioned_parquet_snap.customer.c_first_shipto_date_sk = tpcds_partitioned_parquet_snap.date_dim_1.d_date_sk
|  |  fk/pk conjuncts: tpcds_partitioned_parquet_snap.customer.c_first_shipto_date_sk = tpcds_partitioned_parquet_snap.date_dim_1.d_date_sk
|  |  mem-estimate=0B mem-reservation=0B spill-buffer=2.00MB thread-reservation=0
|  |  tuple-ids=16,18,20,22,24 row-size=726B cardinality=29.28M cost=12817679
|  |  in pipelines: 15(GETNEXT), 22(OPEN)
|  |
|  |--F78:PLAN FRAGMENT [RANDOM] hosts=10 instances=10
|  |  |  Per-Instance Resources: mem-estimate=44.24MB mem-reservation=34.00MB thread-reservation=1
|  |  |  max-parallelism=10 segment-costs=[170129]
|  |  JOIN BUILD
|  |  |  join-table-id=26 plan-id=27 cohort-id=08
|  |  |  build expressions: tpcds_partitioned_parquet_snap.date_dim_1.d_date_sk
|  |  |  runtime filters: RF035[min_max] <- tpcds_partitioned_parquet_snap.date_dim_1.d_date_sk
|  |  |  mem-estimate=34.00MB mem-reservation=34.00MB spill-buffer=2.00MB thread-reservation=0 cost=73049
|  |  |
|  |  90:EXCHANGE [BROADCAST]
|  |  |  mem-estimate=10.24MB mem-reservation=0B thread-reservation=0
|  |  |  tuple-ids=24 row-size=237B cardinality=73.05K cost=97080
|  |  |  in pipelines: 22(GETNEXT)
|  |  |
|  |  F12:PLAN FRAGMENT [RANDOM] hosts=1 instances=1
|  |  Per-Instance Resources: mem-estimate=16.94MB mem-reservation=4.00MB thread-reservation=1
|  |  max-parallelism=1 segment-costs=[158950]
|  |  22:SCAN HDFS [tpcds_partitioned_parquet_snap.date_dim, RANDOM]
|  |     HDFS partitions=1/1 files=1 size=2.17MB
|  |     stored statistics:
|  |       table: rows=73.05K size=2.17MB
|  |       columns: all
|  |     extrapolated-rows=disabled max-scan-range-rows=73.05K
|  |     mem-estimate=16.00MB mem-reservation=4.00MB thread-reservation=0
|  |     tuple-ids=24 row-size=237B cardinality=73.05K cost=110600
|  |     in pipelines: 22(GETNEXT)
|  |
|  21:HASH JOIN [INNER JOIN, BROADCAST]
|  |  hash-table-id=27
|  |  hash predicates: tpcds_partitioned_parquet_snap.customer.c_first_sales_date_sk = tpcds_partitioned_parquet_snap.date_dim_0.d_date_sk
|  |  fk/pk conjuncts: tpcds_partitioned_parquet_snap.customer.c_first_sales_date_sk = tpcds_partitioned_parquet_snap.date_dim_0.d_date_sk
|  |  mem-estimate=0B mem-reservation=0B spill-buffer=2.00MB thread-reservation=0
|  |  tuple-ids=16,18,20,22 row-size=489B cardinality=29.28M cost=12817679
|  |  in pipelines: 15(GETNEXT), 20(OPEN)
|  |
|  |--F79:PLAN FRAGMENT [RANDOM] hosts=10 instances=10
|  |  |  Per-Instance Resources: mem-estimate=44.24MB mem-reservation=34.00MB thread-reservation=1
|  |  |  max-parallelism=10 segment-costs=[170129]
|  |  JOIN BUILD
|  |  |  join-table-id=27 plan-id=28 cohort-id=08
|  |  |  build expressions: tpcds_partitioned_parquet_snap.date_dim_0.d_date_sk
|  |  |  runtime filters: RF037[min_max] <- tpcds_partitioned_parquet_snap.date_dim_0.d_date_sk
|  |  |  mem-estimate=34.00MB mem-reservation=34.00MB spill-buffer=2.00MB thread-reservation=0 cost=73049
|  |  |
|  |  89:EXCHANGE [BROADCAST]
|  |  |  mem-estimate=10.24MB mem-reservation=0B thread-reservation=0
|  |  |  tuple-ids=22 row-size=237B cardinality=73.05K cost=97080
|  |  |  in pipelines: 20(GETNEXT)
|  |  |
|  |  F11:PLAN FRAGMENT [RANDOM] hosts=1 instances=1
|  |  Per-Instance Resources: mem-estimate=16.94MB mem-reservation=4.00MB thread-reservation=1
|  |  max-parallelism=1 segment-costs=[158950]
|  |  20:SCAN HDFS [tpcds_partitioned_parquet_snap.date_dim, RANDOM]
|  |     HDFS partitions=1/1 files=1 size=2.17MB
|  |     stored statistics:
|  |       table: rows=73.05K size=2.17MB
|  |       columns: all
|  |     extrapolated-rows=disabled max-scan-range-rows=73.05K
|  |     mem-estimate=16.00MB mem-reservation=4.00MB thread-reservation=0
|  |     tuple-ids=22 row-size=237B cardinality=73.05K cost=110600
|  |     in pipelines: 20(GETNEXT)
|  |
|  19:HASH JOIN [INNER JOIN, BROADCAST]
|  |  hash-table-id=28
|  |  hash predicates: tpcds_partitioned_parquet_snap.customer.c_current_hdemo_sk = tpcds_partitioned_parquet_snap.household_demographics_0.hd_demo_sk
|  |  fk/pk conjuncts: tpcds_partitioned_parquet_snap.customer.c_current_hdemo_sk = tpcds_partitioned_parquet_snap.household_demographics_0.hd_demo_sk
|  |  mem-estimate=0B mem-reservation=0B spill-buffer=64.00KB thread-reservation=0
|  |  tuple-ids=16,18,20 row-size=252B cardinality=29.28M cost=12817679
|  |  in pipelines: 15(GETNEXT), 16(OPEN)
|  |
|  |--F80:PLAN FRAGMENT [RANDOM] hosts=10 instances=10
|  |  |  Per-Instance Resources: mem-estimate=2.32MB mem-reservation=1.94MB thread-reservation=1
|  |  |  max-parallelism=10 segment-costs=[16760] cpu-comparison-result=11 [max(11 (self) vs 2 (sum children))]
|  |  JOIN BUILD
|  |  |  join-table-id=28 plan-id=29 cohort-id=08
|  |  |  build expressions: tpcds_partitioned_parquet_snap.household_demographics_0.hd_demo_sk
|  |  |  runtime filters: RF039[min_max] <- tpcds_partitioned_parquet_snap.household_demographics_0.hd_demo_sk
|  |  |  mem-estimate=1.94MB mem-reservation=1.94MB spill-buffer=64.00KB thread-reservation=0 cost=7200
|  |  |
|  |  88:EXCHANGE [BROADCAST]
|  |  |  mem-estimate=389.48KB mem-reservation=0B thread-reservation=0
|  |  |  tuple-ids=18,20 row-size=48B cardinality=7.20K cost=9560
|  |  |  in pipelines: 16(GETNEXT)
|  |  |
|  |  F09:PLAN FRAGMENT [RANDOM] hosts=1 instances=1
|  |  Per-Instance Resources: mem-estimate=16.22MB mem-reservation=64.00KB thread-reservation=1
|  |  max-parallelism=1 segment-costs=[6821]
|  |  18:HASH JOIN [INNER JOIN, BROADCAST]
|  |  |  hash-table-id=29
|  |  |  hash predicates: tpcds_partitioned_parquet_snap.household_demographics_0.hd_income_band_sk = tpcds_partitioned_parquet_snap.income_band_0.ib_income_band_sk
|  |  |  fk/pk conjuncts: tpcds_partitioned_parquet_snap.household_demographics_0.hd_income_band_sk = tpcds_partitioned_parquet_snap.income_band_0.ib_income_band_sk
|  |  |  mem-estimate=0B mem-reservation=0B spill-buffer=64.00KB thread-reservation=0
|  |  |  tuple-ids=18,20 row-size=48B cardinality=7.20K cost=3151
|  |  |  in pipelines: 16(GETNEXT), 17(OPEN)
|  |  |
|  |  |--F81:PLAN FRAGMENT [RANDOM] hosts=1 instances=1
|  |  |  |  Per-Instance Resources: mem-estimate=1.95MB mem-reservation=1.94MB thread-reservation=1
|  |  |  |  max-parallelism=1 segment-costs=[22]
|  |  |  JOIN BUILD
|  |  |  |  join-table-id=29 plan-id=30 cohort-id=09
|  |  |  |  build expressions: tpcds_partitioned_parquet_snap.income_band_0.ib_income_band_sk
|  |  |  |  runtime filters: RF041[min_max] <- tpcds_partitioned_parquet_snap.income_band_0.ib_income_band_sk
|  |  |  |  mem-estimate=1.94MB mem-reservation=1.94MB spill-buffer=64.00KB thread-reservation=0 cost=20
|  |  |  |
|  |  |  87:EXCHANGE [BROADCAST]
|  |  |  |  mem-estimate=16.00KB mem-reservation=0B thread-reservation=0
|  |  |  |  tuple-ids=20 row-size=12B cardinality=20 cost=2
|  |  |  |  in pipelines: 17(GETNEXT)
|  |  |  |
|  |  |  F10:PLAN FRAGMENT [RANDOM] hosts=1 instances=1
|  |  |  Per-Instance Resources: mem-estimate=16.06MB mem-reservation=24.00KB thread-reservation=1
|  |  |  max-parallelism=1 segment-costs=[4]
|  |  |  17:SCAN HDFS [tpcds_partitioned_parquet_snap.income_band, RANDOM]
|  |  |     HDFS partitions=1/1 files=1 size=1.22KB
|  |  |     stored statistics:
|  |  |       table: rows=20 size=1.22KB
|  |  |       columns: all
|  |  |     extrapolated-rows=disabled max-scan-range-rows=20
|  |  |     mem-estimate=16.00MB mem-reservation=24.00KB thread-reservation=0
|  |  |     tuple-ids=20 row-size=12B cardinality=20 cost=3
|  |  |     in pipelines: 17(GETNEXT)
|  |  |
|  |  16:SCAN HDFS [tpcds_partitioned_parquet_snap.household_demographics, RANDOM]
|  |     HDFS partitions=1/1 files=1 size=41.69KB
|  |     runtime filters: RF041[min_max] -> tpcds_partitioned_parquet_snap.household_demographics_0.hd_income_band_sk
|  |     stored statistics:
|  |       table: rows=7.20K size=41.69KB
|  |       columns: all
|  |     extrapolated-rows=disabled max-scan-range-rows=7.20K
|  |     mem-estimate=16.00MB mem-reservation=64.00KB thread-reservation=0
|  |     tuple-ids=18 row-size=36B cardinality=7.20K cost=2436
|  |     in pipelines: 16(GETNEXT)
|  |
|  15:SCAN HDFS [tpcds_partitioned_parquet_snap.customer, RANDOM]
|     HDFS partitions=1/1 files=1 size=1.55GB
|     runtime filters: RF039[min_max] -> tpcds_partitioned_parquet_snap.customer.c_current_hdemo_sk, RF033[min_max] -> tpcds_partitioned_parquet_snap.customer.c_current_cdemo_sk, RF031[min_max] -> tpcds_partitioned_parquet_snap.customer.c_current_addr_sk, RF035[min_max] -> tpcds_partitioned_parquet_snap.customer.c_first_shipto_date_sk, RF037[min_max] -> tpcds_partitioned_parquet_snap.customer.c_first_sales_date_sk
|     stored statistics:
|       table: rows=30.00M size=1.55GB
|       columns: all
|     extrapolated-rows=disabled max-scan-range-rows=3.10M
|     mem-estimate=16.00MB mem-reservation=1.00MB thread-reservation=0
|     tuple-ids=16 row-size=204B cardinality=29.28M(filtered from 30.00M) cost=46823813
|     in pipelines: 15(GETNEXT)
|
94:EXCHANGE [HASH(tpcds_partitioned_parquet_snap.store_sales.ss_customer_sk)]
|  mem-estimate=217.22MB mem-reservation=0B thread-reservation=0
|  tuple-ids=0,2,4,6,8,10,12,14 row-size=1.70KB cardinality=163.28M cost=1364309135
|  in pipelines: 00(GETNEXT)
|
F00:PLAN FRAGMENT [RANDOM] hosts=10 instances=120
Per-Host Shared Resources: mem-estimate=34.00MB mem-reservation=34.00MB thread-reservation=0 runtime-filters-memory=34.00MB
Per-Instance Resources: mem-estimate=775.81MB mem-reservation=8.00MB thread-reservation=1
max-parallelism=1824 segment-costs=[34391458113]
14:HASH JOIN [INNER JOIN, BROADCAST]
|  hash-table-id=30
|  hash predicates: tpcds_partitioned_parquet_snap.store_sales.ss_addr_sk = tpcds_partitioned_parquet_snap.customer_address.ca_address_sk
|  fk/pk conjuncts: tpcds_partitioned_parquet_snap.store_sales.ss_addr_sk = tpcds_partitioned_parquet_snap.customer_address.ca_address_sk
|  mem-estimate=0B mem-reservation=0B spill-buffer=2.00MB thread-reservation=0
|  tuple-ids=0,2,4,6,8,10,12,14 row-size=1.70KB cardinality=163.28M cost=72872132
|  in pipelines: 00(GETNEXT), 13(OPEN)
|
|--F82:PLAN FRAGMENT [RANDOM] hosts=10 instances=10
|  |  Per-Instance Resources: mem-estimate=3.62GB mem-reservation=408.00MB thread-reservation=1
|  |  max-parallelism=10 segment-costs=[34934990]
|  JOIN BUILD
|  |  join-table-id=30 plan-id=31 cohort-id=01
|  |  build expressions: tpcds_partitioned_parquet_snap.customer_address.ca_address_sk
|  |  runtime filters: RF017[min_max] <- tpcds_partitioned_parquet_snap.customer_address.ca_address_sk
|  |  mem-estimate=3.61GB mem-reservation=408.00MB spill-buffer=2.00MB thread-reservation=0 cost=15000000
|  |
|  86:EXCHANGE [BROADCAST]
|  |  mem-estimate=12.30MB mem-reservation=0B thread-reservation=0
|  |  tuple-ids=14 row-size=232B cardinality=15.00M cost=19934990
|  |  in pipelines: 13(GETNEXT)
|  |
|  F07:PLAN FRAGMENT [RANDOM] hosts=10 instances=10
|  Per-Instance Resources: mem-estimate=16.92MB mem-reservation=128.00KB thread-reservation=1
|  max-parallelism=10 segment-costs=[31219307]
|  13:SCAN HDFS [tpcds_partitioned_parquet_snap.customer_address, RANDOM]
|     HDFS partitions=1/1 files=1 size=307.36MB
|     stored statistics:
|       table: rows=15.00M size=307.36MB
|       columns: all
|     extrapolated-rows=disabled max-scan-range-rows=1.58M
|     mem-estimate=16.00MB mem-reservation=128.00KB thread-reservation=0
|     tuple-ids=14 row-size=232B cardinality=15.00M cost=21515206
|     in pipelines: 13(GETNEXT)
|
12:HASH JOIN [INNER JOIN, BROADCAST]
|  hash-table-id=31
|  hash predicates: tpcds_partitioned_parquet_snap.store_sales.ss_sold_date_sk = tpcds_partitioned_parquet_snap.date_dim.d_date_sk
|  fk/pk conjuncts: tpcds_partitioned_parquet_snap.store_sales.ss_sold_date_sk = tpcds_partitioned_parquet_snap.date_dim.d_date_sk
|  mem-estimate=0B mem-reservation=0B spill-buffer=2.00MB thread-reservation=0
|  tuple-ids=0,2,4,6,8,10,12 row-size=1.47KB cardinality=168.76M cost=73864123
|  in pipelines: 00(GETNEXT), 11(OPEN)
|
|--F83:PLAN FRAGMENT [RANDOM] hosts=10 instances=10
|  |  Per-Instance Resources: mem-estimate=418.24MB mem-reservation=408.00MB thread-reservation=1
|  |  max-parallelism=10 segment-costs=[170129]
|  JOIN BUILD
|  |  join-table-id=31 plan-id=32 cohort-id=01
|  |  build expressions: tpcds_partitioned_parquet_snap.date_dim.d_date_sk
|  |  mem-estimate=408.00MB mem-reservation=408.00MB spill-buffer=2.00MB thread-reservation=0 cost=73049
|  |
|  85:EXCHANGE [BROADCAST]
|  |  mem-estimate=10.24MB mem-reservation=0B thread-reservation=0
|  |  tuple-ids=12 row-size=237B cardinality=73.05K cost=97080
|  |  in pipelines: 11(GETNEXT)
|  |
|  F06:PLAN FRAGMENT [RANDOM] hosts=1 instances=1
|  Per-Instance Resources: mem-estimate=16.94MB mem-reservation=4.00MB thread-reservation=1
|  max-parallelism=1 segment-costs=[158950]
|  11:SCAN HDFS [tpcds_partitioned_parquet_snap.date_dim, RANDOM]
|     HDFS partitions=1/1 files=1 size=2.17MB
|     stored statistics:
|       table: rows=73.05K size=2.17MB
|       columns: all
|     extrapolated-rows=disabled max-scan-range-rows=73.05K
|     mem-estimate=16.00MB mem-reservation=4.00MB thread-reservation=0
|     tuple-ids=12 row-size=237B cardinality=73.05K cost=110600
|     in pipelines: 11(GETNEXT)
|
10:HASH JOIN [INNER JOIN, BROADCAST]
|  hash-table-id=32
|  hash predicates: tpcds_partitioned_parquet_snap.store_sales.ss_hdemo_sk = tpcds_partitioned_parquet_snap.household_demographics.hd_demo_sk
|  fk/pk conjuncts: tpcds_partitioned_parquet_snap.store_sales.ss_hdemo_sk = tpcds_partitioned_parquet_snap.household_demographics.hd_demo_sk
|  mem-estimate=0B mem-reservation=0B spill-buffer=64.00KB thread-reservation=0
|  tuple-ids=0,2,4,6,8,10 row-size=1.24KB cardinality=168.76M cost=74922218
|  in pipelines: 00(GETNEXT), 07(OPEN)
|
|--F84:PLAN FRAGMENT [RANDOM] hosts=10 instances=10
|  |  Per-Instance Resources: mem-estimate=23.63MB mem-reservation=23.25MB thread-reservation=1
|  |  max-parallelism=10 segment-costs=[16760] cpu-comparison-result=11 [max(11 (self) vs 2 (sum children))]
|  JOIN BUILD
|  |  join-table-id=32 plan-id=33 cohort-id=01
|  |  build expressions: tpcds_partitioned_parquet_snap.household_demographics.hd_demo_sk
|  |  runtime filters: RF021[min_max] <- tpcds_partitioned_parquet_snap.household_demographics.hd_demo_sk
|  |  mem-estimate=23.25MB mem-reservation=23.25MB spill-buffer=64.00KB thread-reservation=0 cost=7200
|  |
|  84:EXCHANGE [BROADCAST]
|  |  mem-estimate=389.48KB mem-reservation=0B thread-reservation=0
|  |  tuple-ids=8,10 row-size=48B cardinality=7.20K cost=9560
|  |  in pipelines: 07(GETNEXT)
|  |
|  F04:PLAN FRAGMENT [RANDOM] hosts=1 instances=1
|  Per-Instance Resources: mem-estimate=16.22MB mem-reservation=64.00KB thread-reservation=1
|  max-parallelism=1 segment-costs=[6821]
|  09:HASH JOIN [INNER JOIN, BROADCAST]
|  |  hash-table-id=33
|  |  hash predicates: tpcds_partitioned_parquet_snap.household_demographics.hd_income_band_sk = tpcds_partitioned_parquet_snap.income_band.ib_income_band_sk
|  |  fk/pk conjuncts: tpcds_partitioned_parquet_snap.household_demographics.hd_income_band_sk = tpcds_partitioned_parquet_snap.income_band.ib_income_band_sk
|  |  mem-estimate=0B mem-reservation=0B spill-buffer=64.00KB thread-reservation=0
|  |  tuple-ids=8,10 row-size=48B cardinality=7.20K cost=3151
|  |  in pipelines: 07(GETNEXT), 08(OPEN)
|  |
|  |--F85:PLAN FRAGMENT [RANDOM] hosts=1 instances=1
|  |  |  Per-Instance Resources: mem-estimate=1.95MB mem-reservation=1.94MB thread-reservation=1
|  |  |  max-parallelism=1 segment-costs=[22]
|  |  JOIN BUILD
|  |  |  join-table-id=33 plan-id=34 cohort-id=10
|  |  |  build expressions: tpcds_partitioned_parquet_snap.income_band.ib_income_band_sk
|  |  |  runtime filters: RF029[min_max] <- tpcds_partitioned_parquet_snap.income_band.ib_income_band_sk
|  |  |  mem-estimate=1.94MB mem-reservation=1.94MB spill-buffer=64.00KB thread-reservation=0 cost=20
|  |  |
|  |  83:EXCHANGE [BROADCAST]
|  |  |  mem-estimate=16.00KB mem-reservation=0B thread-reservation=0
|  |  |  tuple-ids=10 row-size=12B cardinality=20 cost=2
|  |  |  in pipelines: 08(GETNEXT)
|  |  |
|  |  F05:PLAN FRAGMENT [RANDOM] hosts=1 instances=1
|  |  Per-Instance Resources: mem-estimate=16.06MB mem-reservation=24.00KB thread-reservation=1
|  |  max-parallelism=1 segment-costs=[4]
|  |  08:SCAN HDFS [tpcds_partitioned_parquet_snap.income_band, RANDOM]
|  |     HDFS partitions=1/1 files=1 size=1.22KB
|  |     stored statistics:
|  |       table: rows=20 size=1.22KB
|  |       columns: all
|  |     extrapolated-rows=disabled max-scan-range-rows=20
|  |     mem-estimate=16.00MB mem-reservation=24.00KB thread-reservation=0
|  |     tuple-ids=10 row-size=12B cardinality=20 cost=3
|  |     in pipelines: 08(GETNEXT)
|  |
|  07:SCAN HDFS [tpcds_partitioned_parquet_snap.household_demographics, RANDOM]
|     HDFS partitions=1/1 files=1 size=41.69KB
|     runtime filters: RF029[min_max] -> tpcds_partitioned_parquet_snap.household_demographics.hd_income_band_sk
|     stored statistics:
|       table: rows=7.20K size=41.69KB
|       columns: all
|     extrapolated-rows=disabled max-scan-range-rows=7.20K
|     mem-estimate=16.00MB mem-reservation=64.00KB thread-reservation=0
|     tuple-ids=8 row-size=36B cardinality=7.20K cost=2436
|     in pipelines: 07(GETNEXT)
|
06:HASH JOIN [INNER JOIN, BROADCAST]
|  hash-table-id=34
|  hash predicates: tpcds_partitioned_parquet_snap.store_sales.ss_item_sk = tpcds_partitioned_parquet_snap.item.i_item_sk
|  fk/pk conjuncts: tpcds_partitioned_parquet_snap.store_sales.ss_item_sk = tpcds_partitioned_parquet_snap.item.i_item_sk
|  mem-estimate=0B mem-reservation=0B spill-buffer=256.00KB thread-reservation=0
|  tuple-ids=0,2,4,6 row-size=1.19KB cardinality=172.88M(filtered from 172.88M) cost=75669690
|  in pipelines: 00(GETNEXT), 05(OPEN)
|
|--F86:PLAN FRAGMENT [RANDOM] hosts=10 instances=10
|  |  Per-Instance Resources: mem-estimate=62.39MB mem-reservation=58.00MB thread-reservation=1 runtime-filters-memory=1.00MB
|  |  max-parallelism=10 segment-costs=[16777]
|  JOIN BUILD
|  |  join-table-id=34 plan-id=35 cohort-id=01
|  |  build expressions: tpcds_partitioned_parquet_snap.item.i_item_sk
|  |  runtime filters: RF022[bloom] <- tpcds_partitioned_parquet_snap.item.i_item_sk, RF023[min_max] <- tpcds_partitioned_parquet_snap.item.i_item_sk
|  |  mem-estimate=57.00MB mem-reservation=57.00MB spill-buffer=256.00KB thread-reservation=0 cost=7207
|  |
|  82:EXCHANGE [BROADCAST]
|  |  mem-estimate=4.39MB mem-reservation=0B thread-reservation=0
|  |  tuple-ids=6 row-size=405B cardinality=7.21K cost=9570
|  |  in pipelines: 05(GETNEXT)
|  |
|  F03:PLAN FRAGMENT [RANDOM] hosts=4 instances=4
|  Per-Host Shared Resources: mem-estimate=1.00MB mem-reservation=1.00MB thread-reservation=0 runtime-filters-memory=1.00MB
|  Per-Instance Resources: mem-estimate=17.60MB mem-reservation=512.00KB thread-reservation=1
|  max-parallelism=4 segment-costs=[1414235]
|  05:SCAN HDFS [tpcds_partitioned_parquet_snap.item, RANDOM]
|     HDFS partitions=1/1 files=1 size=33.54MB
|     predicates: tpcds_partitioned_parquet_snap.item.i_current_price <= CAST(add(CAST(75 AS SMALLINT), CAST(10 AS SMALLINT)) AS DECIMAL(5,0)), tpcds_partitioned_parquet_snap.item.i_current_price <= CAST(add(CAST(75 AS SMALLINT), CAST(15 AS SMALLINT)) AS DECIMAL(5,0)), tpcds_partitioned_parquet_snap.item.i_current_price >= CAST(75 AS DECIMAL(3,0)), tpcds_partitioned_parquet_snap.item.i_current_price >= CAST(add(CAST(75 AS SMALLINT), CAST(1 AS SMALLINT)) AS DECIMAL(5,0)), tpcds_partitioned_parquet_snap.item.i_color = 'almond' OR tpcds_partitioned_parquet_snap.item.i_color = 'chocolate' OR tpcds_partitioned_parquet_snap.item.i_color = 'drab' OR tpcds_partitioned_parquet_snap.item.i_color = 'misty' OR tpcds_partitioned_parquet_snap.item.i_color = 'peach' OR tpcds_partitioned_parquet_snap.item.i_color = 'saddle'
|     runtime filters: RF010[min_max] -> tpcds_partitioned_parquet_snap.item.i_item_sk, RF003[min_max] -> tpcds_partitioned_parquet_snap.item.i_item_sk, RF007[min_max] -> tpcds_partitioned_parquet_snap.item.i_item_sk, RF008[bloom] -> tpcds_partitioned_parquet_snap.item.i_item_sk
|     stored statistics:
|       table: rows=360.00K size=33.54MB
|       columns: all
|     extrapolated-rows=disabled max-scan-range-rows=101.54K
|     parquet statistics predicates: tpcds_partitioned_parquet_snap.item.i_current_price <= CAST(add(CAST(75 AS SMALLINT), CAST(10 AS SMALLINT)) AS DECIMAL(5,0)), tpcds_partitioned_parquet_snap.item.i_current_price <= CAST(add(CAST(75 AS SMALLINT), CAST(15 AS SMALLINT)) AS DECIMAL(5,0)), tpcds_partitioned_parquet_snap.item.i_current_price >= CAST(75 AS DECIMAL(3,0)), tpcds_partitioned_parquet_snap.item.i_current_price >= CAST(add(CAST(75 AS SMALLINT), CAST(1 AS SMALLINT)) AS DECIMAL(5,0))
|     parquet dictionary predicates: tpcds_partitioned_parquet_snap.item.i_current_price <= CAST(add(CAST(75 AS SMALLINT), CAST(10 AS SMALLINT)) AS DECIMAL(5,0)), tpcds_partitioned_parquet_snap.item.i_current_price <= CAST(add(CAST(75 AS SMALLINT), CAST(15 AS SMALLINT)) AS DECIMAL(5,0)), tpcds_partitioned_parquet_snap.item.i_current_price >= CAST(75 AS DECIMAL(3,0)), tpcds_partitioned_parquet_snap.item.i_current_price >= CAST(add(CAST(75 AS SMALLINT), CAST(1 AS SMALLINT)) AS DECIMAL(5,0)), tpcds_partitioned_parquet_snap.item.i_color = 'almond' OR tpcds_partitioned_parquet_snap.item.i_color = 'chocolate' OR tpcds_partitioned_parquet_snap.item.i_color = 'drab' OR tpcds_partitioned_parquet_snap.item.i_color = 'misty' OR tpcds_partitioned_parquet_snap.item.i_color = 'peach' OR tpcds_partitioned_parquet_snap.item.i_color = 'saddle'
|     mem-estimate=16.00MB mem-reservation=512.00KB thread-reservation=0
|     tuple-ids=6 row-size=405B cardinality=7.21K cost=1406189
|     in pipelines: 05(GETNEXT)
|
04:HASH JOIN [INNER JOIN, BROADCAST]
|  hash-table-id=35
|  hash predicates: tpcds_partitioned_parquet_snap.store_sales.ss_promo_sk = tpcds_partitioned_parquet_snap.promotion.p_promo_sk
|  fk/pk conjuncts: tpcds_partitioned_parquet_snap.store_sales.ss_promo_sk = tpcds_partitioned_parquet_snap.promotion.p_promo_sk
|  mem-estimate=0B mem-reservation=0B spill-buffer=64.00KB thread-reservation=0
|  tuple-ids=0,2,4 row-size=815B cardinality=172.88M(filtered from 8.64G) cost=1609900044
|  in pipelines: 00(GETNEXT), 03(OPEN)
|
|--F87:PLAN FRAGMENT [RANDOM] hosts=10 instances=10
|  |  Per-Instance Resources: mem-estimate=23.95MB mem-reservation=23.25MB thread-reservation=1
|  |  max-parallelism=10 segment-costs=[4190]
|  JOIN BUILD
|  |  join-table-id=35 plan-id=36 cohort-id=01
|  |  build expressions: tpcds_partitioned_parquet_snap.promotion.p_promo_sk
|  |  runtime filters: RF025[min_max] <- tpcds_partitioned_parquet_snap.promotion.p_promo_sk
|  |  mem-estimate=23.25MB mem-reservation=23.25MB spill-buffer=64.00KB thread-reservation=0 cost=1800
|  |
|  81:EXCHANGE [BROADCAST]
|  |  mem-estimate=720.54KB mem-reservation=0B thread-reservation=0
|  |  tuple-ids=4 row-size=260B cardinality=1.80K cost=2390
|  |  in pipelines: 03(GETNEXT)
|  |
|  F02:PLAN FRAGMENT [RANDOM] hosts=1 instances=1
|  Per-Instance Resources: mem-estimate=17.03MB mem-reservation=152.00KB thread-reservation=1
|  max-parallelism=1 segment-costs=[3992]
|  03:SCAN HDFS [tpcds_partitioned_parquet_snap.promotion, RANDOM]
|     HDFS partitions=1/1 files=1 size=100.50KB
|     stored statistics:
|       table: rows=1.80K size=100.50KB
|       columns: all
|     extrapolated-rows=disabled max-scan-range-rows=1.80K
|     mem-estimate=16.00MB mem-reservation=152.00KB thread-reservation=0
|     tuple-ids=4 row-size=260B cardinality=1.80K cost=2691
|     in pipelines: 03(GETNEXT)
|
02:HASH JOIN [INNER JOIN, BROADCAST]
|  hash-table-id=36
|  hash predicates: tpcds_partitioned_parquet_snap.store_sales.ss_store_sk = tpcds_partitioned_parquet_snap.store.s_store_sk
|  fk/pk conjuncts: tpcds_partitioned_parquet_snap.store_sales.ss_store_sk = tpcds_partitioned_parquet_snap.store.s_store_sk
|  mem-estimate=0B mem-reservation=0B spill-buffer=64.00KB thread-reservation=0
|  tuple-ids=0,2 row-size=555B cardinality=172.88M(filtered from 8.64G) cost=1609900044
|  in pipelines: 00(GETNEXT), 01(OPEN)
|
|--F88:PLAN FRAGMENT [RANDOM] hosts=10 instances=10
|  |  Per-Instance Resources: mem-estimate=24.29MB mem-reservation=23.25MB thread-reservation=1
|  |  max-parallelism=10 segment-costs=[3140]
|  JOIN BUILD
|  |  join-table-id=36 plan-id=37 cohort-id=01
|  |  build expressions: tpcds_partitioned_parquet_snap.store.s_store_sk
|  |  runtime filters: RF027[min_max] <- tpcds_partitioned_parquet_snap.store.s_store_sk
|  |  mem-estimate=23.25MB mem-reservation=23.25MB spill-buffer=64.00KB thread-reservation=0 cost=1350
|  |
|  80:EXCHANGE [BROADCAST]
|  |  mem-estimate=1.04MB mem-reservation=0B thread-reservation=0
|  |  tuple-ids=2 row-size=459B cardinality=1.35K cost=1790
|  |  in pipelines: 01(GETNEXT)
|  |
|  F01:PLAN FRAGMENT [RANDOM] hosts=1 instances=1
|  Per-Instance Resources: mem-estimate=17.81MB mem-reservation=232.00KB thread-reservation=1
|  max-parallelism=1 segment-costs=[6419]
|  01:SCAN HDFS [tpcds_partitioned_parquet_snap.store, RANDOM]
|     HDFS partitions=1/1 files=1 size=119.76KB
|     runtime filters: RF004[min_max] -> tpcds_partitioned_parquet_snap.store.s_store_name, RF005[min_max] -> tpcds_partitioned_parquet_snap.store.s_zip
|     stored statistics:
|       table: rows=1.35K size=119.76KB
|       columns: all
|     extrapolated-rows=disabled max-scan-range-rows=1.35K
|     mem-estimate=16.00MB mem-reservation=232.00KB thread-reservation=0
|     tuple-ids=2 row-size=459B cardinality=1.35K cost=4718
|     in pipelines: 01(GETNEXT)
|
00:SCAN HDFS [tpcds_partitioned_parquet_snap.store_sales, RANDOM]
   HDFS partitions=1824/1824 files=1824 size=389.90GB
   runtime filters: RF023[min_max] -> tpcds_partitioned_parquet_snap.store_sales.ss_item_sk, RF010[min_max] -> tpcds_partitioned_parquet_snap.store_sales.ss_item_sk, RF011[min_max] -> tpcds_partitioned_parquet_snap.store_sales.ss_ticket_number, RF015[min_max] -> tpcds_partitioned_parquet_snap.store_sales.ss_customer_sk, RF017[min_max] -> tpcds_partitioned_parquet_snap.store_sales.ss_addr_sk, RF021[min_max] -> tpcds_partitioned_parquet_snap.store_sales.ss_hdemo_sk, RF013[min_max] -> tpcds_partitioned_parquet_snap.store_sales.ss_cdemo_sk, RF003[min_max] -> tpcds_partitioned_parquet_snap.store_sales.ss_item_sk, RF025[min_max] -> tpcds_partitioned_parquet_snap.store_sales.ss_promo_sk, RF027[min_max] -> tpcds_partitioned_parquet_snap.store_sales.ss_store_sk, RF007[min_max] -> tpcds_partitioned_parquet_snap.store_sales.ss_item_sk, RF022[bloom] -> tpcds_partitioned_parquet_snap.store_sales.ss_item_sk, RF008[bloom] -> tpcds_partitioned_parquet_snap.store_sales.ss_item_sk, RF009[bloom] -> tpcds_partitioned_parquet_snap.store_sales.ss_ticket_number, RF014[bloom] -> tpcds_partitioned_parquet_snap.store_sales.ss_customer_sk
   stored statistics:
     table: rows=8.64G size=389.90GB
     partitions: 1824/1824 rows=8.64G
     columns: all
   extrapolated-rows=disabled max-scan-range-rows=390.22M
   mem-estimate=16.00MB mem-reservation=8.00MB thread-reservation=0
   tuple-ids=0 row-size=96B cardinality=172.88M(filtered from 8.64G) cost=11943846410
   in pipelines: 00(GETNEXT)
====
