# TPCDS-Q92
# start query 92 in stream 0 using template query92.tpl using seed 1495831560
select
   sum(ws_ext_discount_amt)  as "Excess Discount Amount"
from
    web_sales
   ,item
   ,date_dim
where
i_manufact_id = 561
and i_item_sk = ws_item_sk
and d_date between cast('2001-03-13' as date) and
        (cast('2001-03-13' as date) + interval 90 days)
and d_date_sk = ws_sold_date_sk
and ws_ext_discount_amt
     > (
         SELECT
            1.3 * avg(ws_ext_discount_amt)
         FROM
            web_sales
           ,date_dim
         WHERE
              ws_item_sk = i_item_sk
          and d_date between cast('2001-03-13' as date) and
                             (cast('2001-03-13' as date) + interval 90 days)
          and d_date_sk = ws_sold_date_sk
      )
order by sum(ws_ext_discount_amt)
limit 100

# end query 92 in stream 0 using template query92.tpl
---- PLAN
Max Per-Host Resource Reservation: Memory=33.70MB Threads=1
Per-Host Resource Estimates: Memory=93MB
F00:PLAN FRAGMENT [UNPARTITIONED] hosts=1 instances=1
|  Per-Instance Resources: mem-estimate=92.69MB mem-reservation=33.70MB thread-reservation=1 runtime-filters-memory=4.00MB
|  max-parallelism=1 segment-costs=[4573972453, 4358202415, 0, 1]
PLAN-ROOT SINK
|  output exprs: sum(tpcds_partitioned_parquet_snap.web_sales.ws_ext_discount_amt)
|  mem-estimate=4.00MB mem-reservation=4.00MB spill-buffer=2.00MB thread-reservation=0 cost=1
|
11:TOP-N [LIMIT=100]
|  order by: sum(tpcds_partitioned_parquet_snap.web_sales.ws_ext_discount_amt) ASC NULLS LAST
|  mem-estimate=16B mem-reservation=0B thread-reservation=0
|  tuple-ids=13 row-size=16B cardinality=1 cost=0
|  in pipelines: 11(GETNEXT), 10(OPEN)
|
10:AGGREGATE [FINALIZE]
|  output: sum(tpcds_partitioned_parquet_snap.web_sales.ws_ext_discount_amt)
|  mem-estimate=16.00KB mem-reservation=0B spill-buffer=2.00MB thread-reservation=0
|  tuple-ids=12 row-size=16B cardinality=1 cost=157419
|  in pipelines: 10(GETNEXT), 00(OPEN)
|
09:HASH JOIN [INNER JOIN]
|  hash predicates: tpcds_partitioned_parquet_snap.web_sales.ws_sold_date_sk = tpcds_partitioned_parquet_snap.date_dim_0.d_date_sk
|  fk/pk conjuncts: tpcds_partitioned_parquet_snap.web_sales.ws_sold_date_sk = tpcds_partitioned_parquet_snap.date_dim_0.d_date_sk
|  runtime filters: RF000[bloom] <- tpcds_partitioned_parquet_snap.date_dim_0.d_date_sk
|  mem-estimate=2.88MB mem-reservation=2.88MB spill-buffer=128.00KB thread-reservation=0
|  tuple-ids=0,7,8,10 row-size=795B cardinality=2.25M cost=991623
|  in pipelines: 00(GETNEXT), 08(OPEN)
|
|--08:SCAN HDFS [tpcds_partitioned_parquet_snap.date_dim]
|     HDFS partitions=1/1 files=1 size=2.17MB
|     predicates: tpcds_partitioned_parquet_snap.date_dim_0.d_date <= CAST('2001-03-13' AS DATE) + INTERVAL CAST(90 AS INT) DAY, tpcds_partitioned_parquet_snap.date_dim_0.d_date >= CAST('2001-03-13' AS DATE)
|     stored statistics:
|       table: rows=73.05K size=2.17MB
|       columns: all
|     extrapolated-rows=disabled max-scan-range-rows=73.05K
|     parquet statistics predicates: tpcds_partitioned_parquet_snap.date_dim_0.d_date <= CAST('2001-03-13' AS DATE) + INTERVAL CAST(90 AS INT) DAY, tpcds_partitioned_parquet_snap.date_dim_0.d_date >= CAST('2001-03-13' AS DATE)
|     parquet dictionary predicates: tpcds_partitioned_parquet_snap.date_dim_0.d_date <= CAST('2001-03-13' AS DATE) + INTERVAL CAST(90 AS INT) DAY, tpcds_partitioned_parquet_snap.date_dim_0.d_date >= CAST('2001-03-13' AS DATE)
|     mem-estimate=16.00MB mem-reservation=4.00MB thread-reservation=0
|     tuple-ids=10 row-size=237B cardinality=7.30K cost=114705
|     in pipelines: 08(GETNEXT)
|
07:HASH JOIN [INNER JOIN]
|  hash predicates: tpcds_partitioned_parquet_snap.web_sales.ws_item_sk = tpcds_partitioned_parquet_snap.item.i_item_sk
|  fk/pk conjuncts: tpcds_partitioned_parquet_snap.web_sales.ws_item_sk = tpcds_partitioned_parquet_snap.item.i_item_sk
|  other join predicates: tpcds_partitioned_parquet_snap.web_sales.ws_ext_discount_amt > multiply(CAST(1.3 AS DECIMAL(2,1)), avg(tpcds_partitioned_parquet_snap.web_sales_0.ws_ext_discount_amt))
|  runtime filters: RF002[bloom] <- tpcds_partitioned_parquet_snap.item.i_item_sk, RF003[min_max] <- tpcds_partitioned_parquet_snap.item.i_item_sk
|  mem-estimate=1.94MB mem-reservation=1.94MB spill-buffer=64.00KB thread-reservation=0
|  tuple-ids=0,7,8 row-size=557B cardinality=2.25M cost=984693
|  in pipelines: 00(GETNEXT), 04(OPEN)
|
|--06:HASH JOIN [INNER JOIN]
|  |  hash predicates: tpcds_partitioned_parquet_snap.web_sales_0.ws_item_sk = tpcds_partitioned_parquet_snap.item.i_item_sk
|  |  fk/pk conjuncts: tpcds_partitioned_parquet_snap.web_sales_0.ws_item_sk = tpcds_partitioned_parquet_snap.item.i_item_sk
|  |  runtime filters: RF004[bloom] <- tpcds_partitioned_parquet_snap.item.i_item_sk, RF005[min_max] <- tpcds_partitioned_parquet_snap.item.i_item_sk
|  |  mem-estimate=1.94MB mem-reservation=1.94MB spill-buffer=64.00KB thread-reservation=0
|  |  tuple-ids=7,8 row-size=417B cardinality=375 cost=92829
|  |  in pipelines: 04(GETNEXT), 05(OPEN)
|  |
|  |--05:SCAN HDFS [tpcds_partitioned_parquet_snap.item]
|  |     HDFS partitions=1/1 files=1 size=33.54MB
|  |     predicates: tpcds_partitioned_parquet_snap.item.i_manufact_id = CAST(561 AS INT)
|  |     stored statistics:
|  |       table: rows=360.00K size=33.54MB
|  |       columns: all
|  |     extrapolated-rows=disabled max-scan-range-rows=101.54K
|  |     parquet statistics predicates: tpcds_partitioned_parquet_snap.item.i_manufact_id = CAST(561 AS INT)
|  |     parquet dictionary predicates: tpcds_partitioned_parquet_snap.item.i_manufact_id = CAST(561 AS INT)
|  |     mem-estimate=16.00MB mem-reservation=512.00KB thread-reservation=0
|  |     tuple-ids=8 row-size=405B cardinality=375 cost=1365725
|  |     in pipelines: 05(GETNEXT)
|  |
|  04:AGGREGATE [FINALIZE]
|  |  output: avg(tpcds_partitioned_parquet_snap.web_sales_0.ws_ext_discount_amt)
|  |  group by: tpcds_partitioned_parquet_snap.web_sales_0.ws_item_sk
|  |  mem-estimate=17.00MB mem-reservation=17.00MB spill-buffer=1.00MB thread-reservation=0
|  |  tuple-ids=7 row-size=12B cardinality=360.18K cost=64118124
|  |  in pipelines: 04(GETNEXT), 01(OPEN)
|  |
|  03:HASH JOIN [INNER JOIN]
|  |  hash predicates: tpcds_partitioned_parquet_snap.web_sales_0.ws_sold_date_sk = tpcds_partitioned_parquet_snap.date_dim.d_date_sk
|  |  fk/pk conjuncts: tpcds_partitioned_parquet_snap.web_sales_0.ws_sold_date_sk = tpcds_partitioned_parquet_snap.date_dim.d_date_sk
|  |  runtime filters: RF006[bloom] <- tpcds_partitioned_parquet_snap.date_dim.d_date_sk
|  |  mem-estimate=2.88MB mem-reservation=2.88MB spill-buffer=128.00KB thread-reservation=0
|  |  tuple-ids=2,4 row-size=377B cardinality=216.00M cost=94549103
|  |  in pipelines: 01(GETNEXT), 02(OPEN)
|  |
|  |--02:SCAN HDFS [tpcds_partitioned_parquet_snap.date_dim]
|  |     HDFS partitions=1/1 files=1 size=2.17MB
|  |     predicates: tpcds_partitioned_parquet_snap.date_dim.d_date <= CAST('2001-03-13' AS DATE) + INTERVAL CAST(90 AS INT) DAY, tpcds_partitioned_parquet_snap.date_dim.d_date >= CAST('2001-03-13' AS DATE)
|  |     stored statistics:
|  |       table: rows=73.05K size=2.17MB
|  |       columns: all
|  |     extrapolated-rows=disabled max-scan-range-rows=73.05K
|  |     parquet statistics predicates: tpcds_partitioned_parquet_snap.date_dim.d_date <= CAST('2001-03-13' AS DATE) + INTERVAL CAST(90 AS INT) DAY, tpcds_partitioned_parquet_snap.date_dim.d_date >= CAST('2001-03-13' AS DATE)
|  |     parquet dictionary predicates: tpcds_partitioned_parquet_snap.date_dim.d_date <= CAST('2001-03-13' AS DATE) + INTERVAL CAST(90 AS INT) DAY, tpcds_partitioned_parquet_snap.date_dim.d_date >= CAST('2001-03-13' AS DATE)
|  |     mem-estimate=16.00MB mem-reservation=4.00MB thread-reservation=0
|  |     tuple-ids=4 row-size=237B cardinality=7.30K cost=114705
|  |     in pipelines: 02(GETNEXT)
|  |
|  01:SCAN HDFS [tpcds_partitioned_parquet_snap.web_sales]
|     HDFS partitions=1824/1824 files=1824 size=145.75GB
|     predicates: is_not_null_pred(tpcds_partitioned_parquet_snap.web_sales_0.ws_item_sk)
|     runtime filters: RF005[min_max] -> tpcds_partitioned_parquet_snap.web_sales_0.ws_item_sk, RF004[bloom] -> tpcds_partitioned_parquet_snap.web_sales_0.ws_item_sk, RF006[bloom] -> tpcds_partitioned_parquet_snap.web_sales_0.ws_sold_date_sk
|     stored statistics:
|       table: rows=2.16G size=145.75GB
|       partitions: 1824/1824 rows=2.16G
|       columns: all
|     extrapolated-rows=disabled max-scan-range-rows=3.37M
|     parquet dictionary predicates: is_not_null_pred(tpcds_partitioned_parquet_snap.web_sales_0.ws_item_sk)
|     mem-estimate=16.00MB mem-reservation=264.00KB thread-reservation=0
|     tuple-ids=2 row-size=140B cardinality=216.00M cost=4415190521
|     in pipelines: 01(GETNEXT)
|
00:SCAN HDFS [tpcds_partitioned_parquet_snap.web_sales]
   HDFS partitions=1824/1824 files=1824 size=145.75GB
   runtime filters: RF003[min_max] -> tpcds_partitioned_parquet_snap.web_sales.ws_item_sk, RF000[bloom] -> tpcds_partitioned_parquet_snap.web_sales.ws_sold_date_sk, RF002[bloom] -> tpcds_partitioned_parquet_snap.web_sales.ws_item_sk
   stored statistics:
     table: rows=2.16G size=145.75GB
     partitions: 1824/1824 rows=2.16G
     columns: all
   extrapolated-rows=disabled max-scan-range-rows=3.37M
   mem-estimate=16.00MB mem-reservation=264.00KB thread-reservation=0
   tuple-ids=0 row-size=140B cardinality=2.25M(filtered from 2.16G) cost=4354495421
   in pipelines: 00(GETNEXT)
---- DISTRIBUTEDPLAN
Max Per-Host Resource Reservation: Memory=326.81MB Threads=33
Per-Host Resource Estimates: Memory=796MB
F06:PLAN FRAGMENT [UNPARTITIONED] hosts=1 instances=1
|  Per-Instance Resources: mem-estimate=4.00MB mem-reservation=4.00MB thread-reservation=1
|  max-parallelism=1 segment-costs=[30, 0, 1] cpu-comparison-result=145 [max(1 (self) vs 145 (sum children))]
PLAN-ROOT SINK
|  output exprs: sum(tpcds_partitioned_parquet_snap.web_sales.ws_ext_discount_amt)
|  mem-estimate=4.00MB mem-reservation=4.00MB spill-buffer=2.00MB thread-reservation=0 cost=1
|
11:TOP-N [LIMIT=100]
|  order by: sum(tpcds_partitioned_parquet_snap.web_sales.ws_ext_discount_amt) ASC NULLS LAST
|  mem-estimate=16B mem-reservation=0B thread-reservation=0
|  tuple-ids=13 row-size=16B cardinality=1 cost=0
|  in pipelines: 11(GETNEXT), 19(OPEN)
|
19:AGGREGATE [FINALIZE]
|  output: sum:merge(tpcds_partitioned_parquet_snap.web_sales.ws_ext_discount_amt)
|  mem-estimate=16.00KB mem-reservation=0B spill-buffer=2.00MB thread-reservation=0
|  tuple-ids=12 row-size=16B cardinality=1 cost=8
|  in pipelines: 19(GETNEXT), 10(OPEN)
|
18:EXCHANGE [UNPARTITIONED]
|  mem-estimate=281.44KB mem-reservation=0B thread-reservation=0
|  tuple-ids=12 row-size=16B cardinality=120 cost=22
|  in pipelines: 10(GETNEXT)
|
F00:PLAN FRAGMENT [RANDOM] hosts=10 instances=120
Per-Host Shared Resources: mem-estimate=2.00MB mem-reservation=2.00MB thread-reservation=0 runtime-filters-memory=2.00MB
Per-Instance Resources: mem-estimate=16.02MB mem-reservation=264.00KB thread-reservation=1
max-parallelism=440 segment-costs=[4356621476, 185] cpu-comparison-result=145 [max(120 (self) vs 145 (sum children))]
10:AGGREGATE
|  output: sum(tpcds_partitioned_parquet_snap.web_sales.ws_ext_discount_amt)
|  mem-estimate=16.00KB mem-reservation=0B spill-buffer=2.00MB thread-reservation=0
|  tuple-ids=12 row-size=16B cardinality=120 cost=157419
|  in pipelines: 10(GETNEXT), 00(OPEN)
|
09:HASH JOIN [INNER JOIN, BROADCAST]
|  hash-table-id=00
|  hash predicates: tpcds_partitioned_parquet_snap.web_sales.ws_sold_date_sk = tpcds_partitioned_parquet_snap.date_dim_0.d_date_sk
|  fk/pk conjuncts: tpcds_partitioned_parquet_snap.web_sales.ws_sold_date_sk = tpcds_partitioned_parquet_snap.date_dim_0.d_date_sk
|  mem-estimate=0B mem-reservation=0B spill-buffer=128.00KB thread-reservation=0
|  tuple-ids=0,7,8,10 row-size=795B cardinality=2.25M cost=984318
|  in pipelines: 00(GETNEXT), 08(OPEN)
|
|--F07:PLAN FRAGMENT [RANDOM] hosts=10 instances=10
|  |  Per-Instance Resources: mem-estimate=37.39MB mem-reservation=35.50MB thread-reservation=1 runtime-filters-memory=1.00MB
|  |  max-parallelism=10 segment-costs=[17005]
|  JOIN BUILD
|  |  join-table-id=00 plan-id=01 cohort-id=01
|  |  build expressions: tpcds_partitioned_parquet_snap.date_dim_0.d_date_sk
|  |  runtime filters: RF000[bloom] <- tpcds_partitioned_parquet_snap.date_dim_0.d_date_sk
|  |  mem-estimate=34.50MB mem-reservation=34.50MB spill-buffer=128.00KB thread-reservation=0 cost=7305
|  |
|  17:EXCHANGE [BROADCAST]
|  |  mem-estimate=1.89MB mem-reservation=0B thread-reservation=0
|  |  tuple-ids=10 row-size=237B cardinality=7.30K cost=9700
|  |  in pipelines: 08(GETNEXT)
|  |
|  F05:PLAN FRAGMENT [RANDOM] hosts=1 instances=1
|  Per-Instance Resources: mem-estimate=16.94MB mem-reservation=4.00MB thread-reservation=1
|  max-parallelism=1 segment-costs=[119540]
|  08:SCAN HDFS [tpcds_partitioned_parquet_snap.date_dim, RANDOM]
|     HDFS partitions=1/1 files=1 size=2.17MB
|     predicates: tpcds_partitioned_parquet_snap.date_dim_0.d_date <= CAST('2001-03-13' AS DATE) + INTERVAL CAST(90 AS INT) DAY, tpcds_partitioned_parquet_snap.date_dim_0.d_date >= CAST('2001-03-13' AS DATE)
|     stored statistics:
|       table: rows=73.05K size=2.17MB
|       columns: all
|     extrapolated-rows=disabled max-scan-range-rows=73.05K
|     parquet statistics predicates: tpcds_partitioned_parquet_snap.date_dim_0.d_date <= CAST('2001-03-13' AS DATE) + INTERVAL CAST(90 AS INT) DAY, tpcds_partitioned_parquet_snap.date_dim_0.d_date >= CAST('2001-03-13' AS DATE)
|     parquet dictionary predicates: tpcds_partitioned_parquet_snap.date_dim_0.d_date <= CAST('2001-03-13' AS DATE) + INTERVAL CAST(90 AS INT) DAY, tpcds_partitioned_parquet_snap.date_dim_0.d_date >= CAST('2001-03-13' AS DATE)
|     mem-estimate=16.00MB mem-reservation=4.00MB thread-reservation=0
|     tuple-ids=10 row-size=237B cardinality=7.30K cost=114705
|     in pipelines: 08(GETNEXT)
|
07:HASH JOIN [INNER JOIN, BROADCAST]
|  hash-table-id=01
|  hash predicates: tpcds_partitioned_parquet_snap.web_sales.ws_item_sk = tpcds_partitioned_parquet_snap.item.i_item_sk
|  fk/pk conjuncts: tpcds_partitioned_parquet_snap.web_sales.ws_item_sk = tpcds_partitioned_parquet_snap.item.i_item_sk
|  other join predicates: tpcds_partitioned_parquet_snap.web_sales.ws_ext_discount_amt > multiply(CAST(1.3 AS DECIMAL(2,1)), avg(tpcds_partitioned_parquet_snap.web_sales_0.ws_ext_discount_amt))
|  mem-estimate=0B mem-reservation=0B spill-buffer=64.00KB thread-reservation=0
|  tuple-ids=0,7,8 row-size=557B cardinality=2.25M cost=984318
|  in pipelines: 00(GETNEXT), 14(OPEN)
|
|--F08:PLAN FRAGMENT [RANDOM] hosts=10 instances=10
|  |  Per-Instance Resources: mem-estimate=25.92MB mem-reservation=24.25MB thread-reservation=1 runtime-filters-memory=1.00MB
|  |  max-parallelism=10 segment-costs=[865] cpu-comparison-result=134 [max(10 (self) vs 134 (sum children))]
|  JOIN BUILD
|  |  join-table-id=01 plan-id=02 cohort-id=01
|  |  build expressions: tpcds_partitioned_parquet_snap.item.i_item_sk
|  |  runtime filters: RF002[bloom] <- tpcds_partitioned_parquet_snap.item.i_item_sk, RF003[min_max] <- tpcds_partitioned_parquet_snap.item.i_item_sk
|  |  mem-estimate=23.25MB mem-reservation=23.25MB spill-buffer=64.00KB thread-reservation=0 cost=375
|  |
|  16:EXCHANGE [BROADCAST]
|  |  mem-estimate=1.67MB mem-reservation=0B thread-reservation=0
|  |  tuple-ids=7,8 row-size=417B cardinality=375 cost=490
|  |  in pipelines: 14(GETNEXT)
|  |
|  F03:PLAN FRAGMENT [HASH(tpcds_partitioned_parquet_snap.web_sales_0.ws_item_sk)] hosts=10 instances=10 (adjusted from 120)
|  Per-Instance Resources: mem-estimate=21.88MB mem-reservation=1.94MB thread-reservation=1
|  max-parallelism=10 segment-costs=[20635179, 92892] cpu-comparison-result=134 [max(10 (self) vs 134 (sum children))]
|  06:HASH JOIN [INNER JOIN, PARTITIONED]
|  |  hash-table-id=02
|  |  hash predicates: tpcds_partitioned_parquet_snap.web_sales_0.ws_item_sk = tpcds_partitioned_parquet_snap.item.i_item_sk
|  |  fk/pk conjuncts: tpcds_partitioned_parquet_snap.web_sales_0.ws_item_sk = tpcds_partitioned_parquet_snap.item.i_item_sk
|  |  mem-estimate=0B mem-reservation=0B spill-buffer=64.00KB thread-reservation=0
|  |  tuple-ids=7,8 row-size=417B cardinality=375 cost=92454
|  |  in pipelines: 14(GETNEXT), 05(OPEN)
|  |
|  |--F09:PLAN FRAGMENT [HASH(tpcds_partitioned_parquet_snap.web_sales_0.ws_item_sk)] hosts=10 instances=10 (adjusted from 120)
|  |  |  Per-Instance Resources: mem-estimate=3.56MB mem-reservation=2.94MB thread-reservation=1 runtime-filters-memory=1.00MB
|  |  |  max-parallelism=10 segment-costs=[1116]
|  |  JOIN BUILD
|  |  |  join-table-id=02 plan-id=03 cohort-id=02
|  |  |  build expressions: tpcds_partitioned_parquet_snap.item.i_item_sk
|  |  |  runtime filters: RF004[bloom] <- tpcds_partitioned_parquet_snap.item.i_item_sk, RF005[min_max] <- tpcds_partitioned_parquet_snap.item.i_item_sk
|  |  |  mem-estimate=1.94MB mem-reservation=1.94MB spill-buffer=64.00KB thread-reservation=0 cost=375
|  |  |
|  |  15:EXCHANGE [HASH(tpcds_partitioned_parquet_snap.item.i_item_sk)]
|  |  |  mem-estimate=636.98KB mem-reservation=0B thread-reservation=0
|  |  |  tuple-ids=8 row-size=405B cardinality=375 cost=741
|  |  |  in pipelines: 05(GETNEXT)
|  |  |
|  |  F04:PLAN FRAGMENT [RANDOM] hosts=4 instances=4
|  |  Per-Instance Resources: mem-estimate=32.00MB mem-reservation=512.00KB thread-reservation=1
|  |  max-parallelism=4 segment-costs=[1375710]
|  |  05:SCAN HDFS [tpcds_partitioned_parquet_snap.item, RANDOM]
|  |     HDFS partitions=1/1 files=1 size=33.54MB
|  |     predicates: tpcds_partitioned_parquet_snap.item.i_manufact_id = CAST(561 AS INT)
|  |     stored statistics:
|  |       table: rows=360.00K size=33.54MB
|  |       columns: all
|  |     extrapolated-rows=disabled max-scan-range-rows=101.54K
|  |     parquet statistics predicates: tpcds_partitioned_parquet_snap.item.i_manufact_id = CAST(561 AS INT)
|  |     parquet dictionary predicates: tpcds_partitioned_parquet_snap.item.i_manufact_id = CAST(561 AS INT)
|  |     mem-estimate=16.00MB mem-reservation=512.00KB thread-reservation=0
|  |     tuple-ids=8 row-size=405B cardinality=375 cost=1365725
|  |     in pipelines: 05(GETNEXT)
|  |
|  14:AGGREGATE [FINALIZE]
|  |  output: avg:merge(tpcds_partitioned_parquet_snap.web_sales_0.ws_ext_discount_amt)
|  |  group by: tpcds_partitioned_parquet_snap.web_sales_0.ws_item_sk
|  |  mem-estimate=10.00MB mem-reservation=1.94MB spill-buffer=64.00KB thread-reservation=0
|  |  tuple-ids=7 row-size=12B cardinality=360.18K cost=13495980
|  |  in pipelines: 14(GETNEXT), 01(OPEN)
|  |
|  13:EXCHANGE [HASH(tpcds_partitioned_parquet_snap.web_sales_0.ws_item_sk)]
|  |  mem-estimate=11.88MB mem-reservation=0B thread-reservation=0
|  |  tuple-ids=6 row-size=12B cardinality=42.93M cost=7139199
|  |  in pipelines: 01(GETNEXT)
|  |
|  F01:PLAN FRAGMENT [RANDOM] hosts=10 instances=120
|  Per-Host Shared Resources: mem-estimate=2.00MB mem-reservation=2.00MB thread-reservation=0 runtime-filters-memory=2.00MB
|  Per-Instance Resources: mem-estimate=33.62MB mem-reservation=17.26MB thread-reservation=1
|  max-parallelism=470 segment-costs=[4684837539, 55293376] cpu-comparison-result=120 [max(120 (self) vs 11 (sum children))]
|  04:AGGREGATE [STREAMING]
|  |  output: avg(tpcds_partitioned_parquet_snap.web_sales_0.ws_ext_discount_amt)
|  |  group by: tpcds_partitioned_parquet_snap.web_sales_0.ws_item_sk
|  |  mem-estimate=17.00MB mem-reservation=17.00MB spill-buffer=1.00MB thread-reservation=0
|  |  tuple-ids=6 row-size=12B cardinality=42.93M cost=175105220
|  |  in pipelines: 01(GETNEXT)
|  |
|  03:HASH JOIN [INNER JOIN, BROADCAST]
|  |  hash-table-id=03
|  |  hash predicates: tpcds_partitioned_parquet_snap.web_sales_0.ws_sold_date_sk = tpcds_partitioned_parquet_snap.date_dim.d_date_sk
|  |  fk/pk conjuncts: tpcds_partitioned_parquet_snap.web_sales_0.ws_sold_date_sk = tpcds_partitioned_parquet_snap.date_dim.d_date_sk
|  |  mem-estimate=0B mem-reservation=0B spill-buffer=128.00KB thread-reservation=0
|  |  tuple-ids=2,4 row-size=377B cardinality=216.00M cost=94541798
|  |  in pipelines: 01(GETNEXT), 02(OPEN)
|  |
|  |--F10:PLAN FRAGMENT [RANDOM] hosts=10 instances=10
|  |  |  Per-Instance Resources: mem-estimate=37.39MB mem-reservation=35.50MB thread-reservation=1 runtime-filters-memory=1.00MB
|  |  |  max-parallelism=10 segment-costs=[17005]
|  |  JOIN BUILD
|  |  |  join-table-id=03 plan-id=04 cohort-id=02
|  |  |  build expressions: tpcds_partitioned_parquet_snap.date_dim.d_date_sk
|  |  |  runtime filters: RF006[bloom] <- tpcds_partitioned_parquet_snap.date_dim.d_date_sk
|  |  |  mem-estimate=34.50MB mem-reservation=34.50MB spill-buffer=128.00KB thread-reservation=0 cost=7305
|  |  |
|  |  12:EXCHANGE [BROADCAST]
|  |  |  mem-estimate=1.89MB mem-reservation=0B thread-reservation=0
|  |  |  tuple-ids=4 row-size=237B cardinality=7.30K cost=9700
|  |  |  in pipelines: 02(GETNEXT)
|  |  |
|  |  F02:PLAN FRAGMENT [RANDOM] hosts=1 instances=1
|  |  Per-Instance Resources: mem-estimate=16.94MB mem-reservation=4.00MB thread-reservation=1
|  |  max-parallelism=1 segment-costs=[119540]
|  |  02:SCAN HDFS [tpcds_partitioned_parquet_snap.date_dim, RANDOM]
|  |     HDFS partitions=1/1 files=1 size=2.17MB
|  |     predicates: tpcds_partitioned_parquet_snap.date_dim.d_date <= CAST('2001-03-13' AS DATE) + INTERVAL CAST(90 AS INT) DAY, tpcds_partitioned_parquet_snap.date_dim.d_date >= CAST('2001-03-13' AS DATE)
|  |     stored statistics:
|  |       table: rows=73.05K size=2.17MB
|  |       columns: all
|  |     extrapolated-rows=disabled max-scan-range-rows=73.05K
|  |     parquet statistics predicates: tpcds_partitioned_parquet_snap.date_dim.d_date <= CAST('2001-03-13' AS DATE) + INTERVAL CAST(90 AS INT) DAY, tpcds_partitioned_parquet_snap.date_dim.d_date >= CAST('2001-03-13' AS DATE)
|  |     parquet dictionary predicates: tpcds_partitioned_parquet_snap.date_dim.d_date <= CAST('2001-03-13' AS DATE) + INTERVAL CAST(90 AS INT) DAY, tpcds_partitioned_parquet_snap.date_dim.d_date >= CAST('2001-03-13' AS DATE)
|  |     mem-estimate=16.00MB mem-reservation=4.00MB thread-reservation=0
|  |     tuple-ids=4 row-size=237B cardinality=7.30K cost=114705
|  |     in pipelines: 02(GETNEXT)
|  |
|  01:SCAN HDFS [tpcds_partitioned_parquet_snap.web_sales, RANDOM]
|     HDFS partitions=1824/1824 files=1824 size=145.75GB
|     predicates: is_not_null_pred(tpcds_partitioned_parquet_snap.web_sales_0.ws_item_sk)
|     runtime filters: RF005[min_max] -> tpcds_partitioned_parquet_snap.web_sales_0.ws_item_sk, RF004[bloom] -> tpcds_partitioned_parquet_snap.web_sales_0.ws_item_sk, RF006[bloom] -> tpcds_partitioned_parquet_snap.web_sales_0.ws_sold_date_sk
|     stored statistics:
|       table: rows=2.16G size=145.75GB
|       partitions: 1824/1824 rows=2.16G
|       columns: all
|     extrapolated-rows=disabled max-scan-range-rows=3.37M
|     parquet dictionary predicates: is_not_null_pred(tpcds_partitioned_parquet_snap.web_sales_0.ws_item_sk)
|     mem-estimate=16.00MB mem-reservation=264.00KB thread-reservation=0
|     tuple-ids=2 row-size=140B cardinality=216.00M cost=4415190521
|     in pipelines: 01(GETNEXT)
|
00:SCAN HDFS [tpcds_partitioned_parquet_snap.web_sales, RANDOM]
   HDFS partitions=1824/1824 files=1824 size=145.75GB
   runtime filters: RF003[min_max] -> tpcds_partitioned_parquet_snap.web_sales.ws_item_sk, RF000[bloom] -> tpcds_partitioned_parquet_snap.web_sales.ws_sold_date_sk, RF002[bloom] -> tpcds_partitioned_parquet_snap.web_sales.ws_item_sk
   stored statistics:
     table: rows=2.16G size=145.75GB
     partitions: 1824/1824 rows=2.16G
     columns: all
   extrapolated-rows=disabled max-scan-range-rows=3.37M
   mem-estimate=16.00MB mem-reservation=264.00KB thread-reservation=0
   tuple-ids=0 row-size=140B cardinality=2.25M(filtered from 2.16G) cost=4354495421
   in pipelines: 00(GETNEXT)
---- PARALLELPLANS
Max Per-Host Resource Reservation: Memory=326.81MB Threads=33
Per-Host Resource Estimates: Memory=796MB
F06:PLAN FRAGMENT [UNPARTITIONED] hosts=1 instances=1
|  Per-Instance Resources: mem-estimate=4.00MB mem-reservation=4.00MB thread-reservation=1
|  max-parallelism=1 segment-costs=[30, 0, 1] cpu-comparison-result=145 [max(1 (self) vs 145 (sum children))]
PLAN-ROOT SINK
|  output exprs: sum(tpcds_partitioned_parquet_snap.web_sales.ws_ext_discount_amt)
|  mem-estimate=4.00MB mem-reservation=4.00MB spill-buffer=2.00MB thread-reservation=0 cost=1
|
11:TOP-N [LIMIT=100]
|  order by: sum(tpcds_partitioned_parquet_snap.web_sales.ws_ext_discount_amt) ASC NULLS LAST
|  mem-estimate=16B mem-reservation=0B thread-reservation=0
|  tuple-ids=13 row-size=16B cardinality=1 cost=0
|  in pipelines: 11(GETNEXT), 19(OPEN)
|
19:AGGREGATE [FINALIZE]
|  output: sum:merge(tpcds_partitioned_parquet_snap.web_sales.ws_ext_discount_amt)
|  mem-estimate=16.00KB mem-reservation=0B spill-buffer=2.00MB thread-reservation=0
|  tuple-ids=12 row-size=16B cardinality=1 cost=8
|  in pipelines: 19(GETNEXT), 10(OPEN)
|
18:EXCHANGE [UNPARTITIONED]
|  mem-estimate=281.44KB mem-reservation=0B thread-reservation=0
|  tuple-ids=12 row-size=16B cardinality=120 cost=22
|  in pipelines: 10(GETNEXT)
|
F00:PLAN FRAGMENT [RANDOM] hosts=10 instances=120
Per-Host Shared Resources: mem-estimate=2.00MB mem-reservation=2.00MB thread-reservation=0 runtime-filters-memory=2.00MB
Per-Instance Resources: mem-estimate=16.02MB mem-reservation=264.00KB thread-reservation=1
max-parallelism=440 segment-costs=[4356621476, 185] cpu-comparison-result=145 [max(120 (self) vs 145 (sum children))]
10:AGGREGATE
|  output: sum(tpcds_partitioned_parquet_snap.web_sales.ws_ext_discount_amt)
|  mem-estimate=16.00KB mem-reservation=0B spill-buffer=2.00MB thread-reservation=0
|  tuple-ids=12 row-size=16B cardinality=120 cost=157419
|  in pipelines: 10(GETNEXT), 00(OPEN)
|
09:HASH JOIN [INNER JOIN, BROADCAST]
|  hash-table-id=00
|  hash predicates: tpcds_partitioned_parquet_snap.web_sales.ws_sold_date_sk = tpcds_partitioned_parquet_snap.date_dim_0.d_date_sk
|  fk/pk conjuncts: tpcds_partitioned_parquet_snap.web_sales.ws_sold_date_sk = tpcds_partitioned_parquet_snap.date_dim_0.d_date_sk
|  mem-estimate=0B mem-reservation=0B spill-buffer=128.00KB thread-reservation=0
|  tuple-ids=0,7,8,10 row-size=795B cardinality=2.25M cost=984318
|  in pipelines: 00(GETNEXT), 08(OPEN)
|
|--F07:PLAN FRAGMENT [RANDOM] hosts=10 instances=10
|  |  Per-Instance Resources: mem-estimate=37.39MB mem-reservation=35.50MB thread-reservation=1 runtime-filters-memory=1.00MB
|  |  max-parallelism=10 segment-costs=[17005]
|  JOIN BUILD
|  |  join-table-id=00 plan-id=01 cohort-id=01
|  |  build expressions: tpcds_partitioned_parquet_snap.date_dim_0.d_date_sk
|  |  runtime filters: RF000[bloom] <- tpcds_partitioned_parquet_snap.date_dim_0.d_date_sk
|  |  mem-estimate=34.50MB mem-reservation=34.50MB spill-buffer=128.00KB thread-reservation=0 cost=7305
|  |
|  17:EXCHANGE [BROADCAST]
|  |  mem-estimate=1.89MB mem-reservation=0B thread-reservation=0
|  |  tuple-ids=10 row-size=237B cardinality=7.30K cost=9700
|  |  in pipelines: 08(GETNEXT)
|  |
|  F05:PLAN FRAGMENT [RANDOM] hosts=1 instances=1
|  Per-Instance Resources: mem-estimate=16.94MB mem-reservation=4.00MB thread-reservation=1
|  max-parallelism=1 segment-costs=[119540]
|  08:SCAN HDFS [tpcds_partitioned_parquet_snap.date_dim, RANDOM]
|     HDFS partitions=1/1 files=1 size=2.17MB
|     predicates: tpcds_partitioned_parquet_snap.date_dim_0.d_date <= CAST('2001-03-13' AS DATE) + INTERVAL CAST(90 AS INT) DAY, tpcds_partitioned_parquet_snap.date_dim_0.d_date >= CAST('2001-03-13' AS DATE)
|     stored statistics:
|       table: rows=73.05K size=2.17MB
|       columns: all
|     extrapolated-rows=disabled max-scan-range-rows=73.05K
|     parquet statistics predicates: tpcds_partitioned_parquet_snap.date_dim_0.d_date <= CAST('2001-03-13' AS DATE) + INTERVAL CAST(90 AS INT) DAY, tpcds_partitioned_parquet_snap.date_dim_0.d_date >= CAST('2001-03-13' AS DATE)
|     parquet dictionary predicates: tpcds_partitioned_parquet_snap.date_dim_0.d_date <= CAST('2001-03-13' AS DATE) + INTERVAL CAST(90 AS INT) DAY, tpcds_partitioned_parquet_snap.date_dim_0.d_date >= CAST('2001-03-13' AS DATE)
|     mem-estimate=16.00MB mem-reservation=4.00MB thread-reservation=0
|     tuple-ids=10 row-size=237B cardinality=7.30K cost=114705
|     in pipelines: 08(GETNEXT)
|
07:HASH JOIN [INNER JOIN, BROADCAST]
|  hash-table-id=01
|  hash predicates: tpcds_partitioned_parquet_snap.web_sales.ws_item_sk = tpcds_partitioned_parquet_snap.item.i_item_sk
|  fk/pk conjuncts: tpcds_partitioned_parquet_snap.web_sales.ws_item_sk = tpcds_partitioned_parquet_snap.item.i_item_sk
|  other join predicates: tpcds_partitioned_parquet_snap.web_sales.ws_ext_discount_amt > multiply(CAST(1.3 AS DECIMAL(2,1)), avg(tpcds_partitioned_parquet_snap.web_sales_0.ws_ext_discount_amt))
|  mem-estimate=0B mem-reservation=0B spill-buffer=64.00KB thread-reservation=0
|  tuple-ids=0,7,8 row-size=557B cardinality=2.25M cost=984318
|  in pipelines: 00(GETNEXT), 14(OPEN)
|
|--F08:PLAN FRAGMENT [RANDOM] hosts=10 instances=10
|  |  Per-Instance Resources: mem-estimate=25.92MB mem-reservation=24.25MB thread-reservation=1 runtime-filters-memory=1.00MB
|  |  max-parallelism=10 segment-costs=[865] cpu-comparison-result=134 [max(10 (self) vs 134 (sum children))]
|  JOIN BUILD
|  |  join-table-id=01 plan-id=02 cohort-id=01
|  |  build expressions: tpcds_partitioned_parquet_snap.item.i_item_sk
|  |  runtime filters: RF002[bloom] <- tpcds_partitioned_parquet_snap.item.i_item_sk, RF003[min_max] <- tpcds_partitioned_parquet_snap.item.i_item_sk
|  |  mem-estimate=23.25MB mem-reservation=23.25MB spill-buffer=64.00KB thread-reservation=0 cost=375
|  |
|  16:EXCHANGE [BROADCAST]
|  |  mem-estimate=1.67MB mem-reservation=0B thread-reservation=0
|  |  tuple-ids=7,8 row-size=417B cardinality=375 cost=490
|  |  in pipelines: 14(GETNEXT)
|  |
|  F03:PLAN FRAGMENT [HASH(tpcds_partitioned_parquet_snap.web_sales_0.ws_item_sk)] hosts=10 instances=10 (adjusted from 120)
|  Per-Instance Resources: mem-estimate=21.88MB mem-reservation=1.94MB thread-reservation=1
|  max-parallelism=10 segment-costs=[20635179, 92892] cpu-comparison-result=134 [max(10 (self) vs 134 (sum children))]
|  06:HASH JOIN [INNER JOIN, PARTITIONED]
|  |  hash-table-id=02
|  |  hash predicates: tpcds_partitioned_parquet_snap.web_sales_0.ws_item_sk = tpcds_partitioned_parquet_snap.item.i_item_sk
|  |  fk/pk conjuncts: tpcds_partitioned_parquet_snap.web_sales_0.ws_item_sk = tpcds_partitioned_parquet_snap.item.i_item_sk
|  |  mem-estimate=0B mem-reservation=0B spill-buffer=64.00KB thread-reservation=0
|  |  tuple-ids=7,8 row-size=417B cardinality=375 cost=92454
|  |  in pipelines: 14(GETNEXT), 05(OPEN)
|  |
|  |--F09:PLAN FRAGMENT [HASH(tpcds_partitioned_parquet_snap.web_sales_0.ws_item_sk)] hosts=10 instances=10 (adjusted from 120)
|  |  |  Per-Instance Resources: mem-estimate=3.56MB mem-reservation=2.94MB thread-reservation=1 runtime-filters-memory=1.00MB
|  |  |  max-parallelism=10 segment-costs=[1116]
|  |  JOIN BUILD
|  |  |  join-table-id=02 plan-id=03 cohort-id=02
|  |  |  build expressions: tpcds_partitioned_parquet_snap.item.i_item_sk
|  |  |  runtime filters: RF004[bloom] <- tpcds_partitioned_parquet_snap.item.i_item_sk, RF005[min_max] <- tpcds_partitioned_parquet_snap.item.i_item_sk
|  |  |  mem-estimate=1.94MB mem-reservation=1.94MB spill-buffer=64.00KB thread-reservation=0 cost=375
|  |  |
|  |  15:EXCHANGE [HASH(tpcds_partitioned_parquet_snap.item.i_item_sk)]
|  |  |  mem-estimate=636.98KB mem-reservation=0B thread-reservation=0
|  |  |  tuple-ids=8 row-size=405B cardinality=375 cost=741
|  |  |  in pipelines: 05(GETNEXT)
|  |  |
|  |  F04:PLAN FRAGMENT [RANDOM] hosts=4 instances=4
|  |  Per-Instance Resources: mem-estimate=32.00MB mem-reservation=512.00KB thread-reservation=1
|  |  max-parallelism=4 segment-costs=[1375710]
|  |  05:SCAN HDFS [tpcds_partitioned_parquet_snap.item, RANDOM]
|  |     HDFS partitions=1/1 files=1 size=33.54MB
|  |     predicates: tpcds_partitioned_parquet_snap.item.i_manufact_id = CAST(561 AS INT)
|  |     stored statistics:
|  |       table: rows=360.00K size=33.54MB
|  |       columns: all
|  |     extrapolated-rows=disabled max-scan-range-rows=101.54K
|  |     parquet statistics predicates: tpcds_partitioned_parquet_snap.item.i_manufact_id = CAST(561 AS INT)
|  |     parquet dictionary predicates: tpcds_partitioned_parquet_snap.item.i_manufact_id = CAST(561 AS INT)
|  |     mem-estimate=16.00MB mem-reservation=512.00KB thread-reservation=0
|  |     tuple-ids=8 row-size=405B cardinality=375 cost=1365725
|  |     in pipelines: 05(GETNEXT)
|  |
|  14:AGGREGATE [FINALIZE]
|  |  output: avg:merge(tpcds_partitioned_parquet_snap.web_sales_0.ws_ext_discount_amt)
|  |  group by: tpcds_partitioned_parquet_snap.web_sales_0.ws_item_sk
|  |  mem-estimate=10.00MB mem-reservation=1.94MB spill-buffer=64.00KB thread-reservation=0
|  |  tuple-ids=7 row-size=12B cardinality=360.18K cost=13495980
|  |  in pipelines: 14(GETNEXT), 01(OPEN)
|  |
|  13:EXCHANGE [HASH(tpcds_partitioned_parquet_snap.web_sales_0.ws_item_sk)]
|  |  mem-estimate=11.88MB mem-reservation=0B thread-reservation=0
|  |  tuple-ids=6 row-size=12B cardinality=42.93M cost=7139199
|  |  in pipelines: 01(GETNEXT)
|  |
|  F01:PLAN FRAGMENT [RANDOM] hosts=10 instances=120
|  Per-Host Shared Resources: mem-estimate=2.00MB mem-reservation=2.00MB thread-reservation=0 runtime-filters-memory=2.00MB
|  Per-Instance Resources: mem-estimate=33.62MB mem-reservation=17.26MB thread-reservation=1
|  max-parallelism=470 segment-costs=[4684837539, 55293376] cpu-comparison-result=120 [max(120 (self) vs 11 (sum children))]
|  04:AGGREGATE [STREAMING]
|  |  output: avg(tpcds_partitioned_parquet_snap.web_sales_0.ws_ext_discount_amt)
|  |  group by: tpcds_partitioned_parquet_snap.web_sales_0.ws_item_sk
|  |  mem-estimate=17.00MB mem-reservation=17.00MB spill-buffer=1.00MB thread-reservation=0
|  |  tuple-ids=6 row-size=12B cardinality=42.93M cost=175105220
|  |  in pipelines: 01(GETNEXT)
|  |
|  03:HASH JOIN [INNER JOIN, BROADCAST]
|  |  hash-table-id=03
|  |  hash predicates: tpcds_partitioned_parquet_snap.web_sales_0.ws_sold_date_sk = tpcds_partitioned_parquet_snap.date_dim.d_date_sk
|  |  fk/pk conjuncts: tpcds_partitioned_parquet_snap.web_sales_0.ws_sold_date_sk = tpcds_partitioned_parquet_snap.date_dim.d_date_sk
|  |  mem-estimate=0B mem-reservation=0B spill-buffer=128.00KB thread-reservation=0
|  |  tuple-ids=2,4 row-size=377B cardinality=216.00M cost=94541798
|  |  in pipelines: 01(GETNEXT), 02(OPEN)
|  |
|  |--F10:PLAN FRAGMENT [RANDOM] hosts=10 instances=10
|  |  |  Per-Instance Resources: mem-estimate=37.39MB mem-reservation=35.50MB thread-reservation=1 runtime-filters-memory=1.00MB
|  |  |  max-parallelism=10 segment-costs=[17005]
|  |  JOIN BUILD
|  |  |  join-table-id=03 plan-id=04 cohort-id=02
|  |  |  build expressions: tpcds_partitioned_parquet_snap.date_dim.d_date_sk
|  |  |  runtime filters: RF006[bloom] <- tpcds_partitioned_parquet_snap.date_dim.d_date_sk
|  |  |  mem-estimate=34.50MB mem-reservation=34.50MB spill-buffer=128.00KB thread-reservation=0 cost=7305
|  |  |
|  |  12:EXCHANGE [BROADCAST]
|  |  |  mem-estimate=1.89MB mem-reservation=0B thread-reservation=0
|  |  |  tuple-ids=4 row-size=237B cardinality=7.30K cost=9700
|  |  |  in pipelines: 02(GETNEXT)
|  |  |
|  |  F02:PLAN FRAGMENT [RANDOM] hosts=1 instances=1
|  |  Per-Instance Resources: mem-estimate=16.94MB mem-reservation=4.00MB thread-reservation=1
|  |  max-parallelism=1 segment-costs=[119540]
|  |  02:SCAN HDFS [tpcds_partitioned_parquet_snap.date_dim, RANDOM]
|  |     HDFS partitions=1/1 files=1 size=2.17MB
|  |     predicates: tpcds_partitioned_parquet_snap.date_dim.d_date <= CAST('2001-03-13' AS DATE) + INTERVAL CAST(90 AS INT) DAY, tpcds_partitioned_parquet_snap.date_dim.d_date >= CAST('2001-03-13' AS DATE)
|  |     stored statistics:
|  |       table: rows=73.05K size=2.17MB
|  |       columns: all
|  |     extrapolated-rows=disabled max-scan-range-rows=73.05K
|  |     parquet statistics predicates: tpcds_partitioned_parquet_snap.date_dim.d_date <= CAST('2001-03-13' AS DATE) + INTERVAL CAST(90 AS INT) DAY, tpcds_partitioned_parquet_snap.date_dim.d_date >= CAST('2001-03-13' AS DATE)
|  |     parquet dictionary predicates: tpcds_partitioned_parquet_snap.date_dim.d_date <= CAST('2001-03-13' AS DATE) + INTERVAL CAST(90 AS INT) DAY, tpcds_partitioned_parquet_snap.date_dim.d_date >= CAST('2001-03-13' AS DATE)
|  |     mem-estimate=16.00MB mem-reservation=4.00MB thread-reservation=0
|  |     tuple-ids=4 row-size=237B cardinality=7.30K cost=114705
|  |     in pipelines: 02(GETNEXT)
|  |
|  01:SCAN HDFS [tpcds_partitioned_parquet_snap.web_sales, RANDOM]
|     HDFS partitions=1824/1824 files=1824 size=145.75GB
|     predicates: is_not_null_pred(tpcds_partitioned_parquet_snap.web_sales_0.ws_item_sk)
|     runtime filters: RF005[min_max] -> tpcds_partitioned_parquet_snap.web_sales_0.ws_item_sk, RF004[bloom] -> tpcds_partitioned_parquet_snap.web_sales_0.ws_item_sk, RF006[bloom] -> tpcds_partitioned_parquet_snap.web_sales_0.ws_sold_date_sk
|     stored statistics:
|       table: rows=2.16G size=145.75GB
|       partitions: 1824/1824 rows=2.16G
|       columns: all
|     extrapolated-rows=disabled max-scan-range-rows=3.37M
|     parquet dictionary predicates: is_not_null_pred(tpcds_partitioned_parquet_snap.web_sales_0.ws_item_sk)
|     mem-estimate=16.00MB mem-reservation=264.00KB thread-reservation=0
|     tuple-ids=2 row-size=140B cardinality=216.00M cost=4415190521
|     in pipelines: 01(GETNEXT)
|
00:SCAN HDFS [tpcds_partitioned_parquet_snap.web_sales, RANDOM]
   HDFS partitions=1824/1824 files=1824 size=145.75GB
   runtime filters: RF003[min_max] -> tpcds_partitioned_parquet_snap.web_sales.ws_item_sk, RF000[bloom] -> tpcds_partitioned_parquet_snap.web_sales.ws_sold_date_sk, RF002[bloom] -> tpcds_partitioned_parquet_snap.web_sales.ws_item_sk
   stored statistics:
     table: rows=2.16G size=145.75GB
     partitions: 1824/1824 rows=2.16G
     columns: all
   extrapolated-rows=disabled max-scan-range-rows=3.37M
   mem-estimate=16.00MB mem-reservation=264.00KB thread-reservation=0
   tuple-ids=0 row-size=140B cardinality=2.25M(filtered from 2.16G) cost=4354495421
   in pipelines: 00(GETNEXT)
====
