# TPCDS-Q54
# start query 54 in stream 0 using template query54.tpl using seed 1275266578
with my_customers as (
 select distinct c_customer_sk
        , c_current_addr_sk
 from
        ( select cs_sold_date_sk sold_date_sk,
                 cs_bill_customer_sk customer_sk,
                 cs_item_sk item_sk
          from   catalog_sales
          union all
          select ws_sold_date_sk sold_date_sk,
                 ws_bill_customer_sk customer_sk,
                 ws_item_sk item_sk
          from   web_sales
         ) cs_or_ws_sales,
         item,
         date_dim,
         customer
 where   sold_date_sk = d_date_sk
         and item_sk = i_item_sk
         and i_category = 'Music'
         and i_class = 'country'
         and c_customer_sk = cs_or_ws_sales.customer_sk
         and d_moy = 7
         and d_year = 2001
 )
 , my_revenue as (
 select c_customer_sk,
        sum(ss_ext_sales_price) as revenue
 from   my_customers,
        store_sales,
        customer_address,
        store,
        date_dim
 where  c_current_addr_sk = ca_address_sk
        and ca_county = s_county
        and ca_state = s_state
        and ss_sold_date_sk = d_date_sk
        and c_customer_sk = ss_customer_sk
        and d_month_seq between (select distinct d_month_seq+1
                                 from   date_dim where d_year = 2001 and d_moy = 7)
                           and  (select distinct d_month_seq+3
                                 from   date_dim where d_year = 2001 and d_moy = 7)
 group by c_customer_sk
 )
 , segments as
 (select cast((revenue/50) as int) as segment
  from   my_revenue
 )
  select  segment, count(*) as num_customers, segment*50 as segment_base
 from segments
 group by segment
 order by segment, num_customers
 limit 100

# end query 54 in stream 0 using template query54.tpl
---- PLAN
Max Per-Host Resource Reservation: Memory=141.16MB Threads=1
Per-Host Resource Estimates: Memory=56.61GB
F00:PLAN FRAGMENT [UNPARTITIONED] hosts=1 instances=1
|  Per-Instance Resources: mem-estimate=56.61GB mem-reservation=141.16MB thread-reservation=1 runtime-filters-memory=20.00MB
|  max-parallelism=1 segment-costs=[17041, 0, 17041, 0, 19160140143, 13865141413, 10725699, 8231261, 300]
PLAN-ROOT SINK
|  output exprs: divide(sum(tpcds_partitioned_parquet_snap.store_sales.ss_ext_sales_price), 50), count(), multiply(CAST(divide(sum(tpcds_partitioned_parquet_snap.store_sales.ss_ext_sales_price), 50) AS BIGINT), CAST(50 AS BIGINT))
|  mem-estimate=4.00MB mem-reservation=4.00MB spill-buffer=2.00MB thread-reservation=0 cost=300
|
28:TOP-N [LIMIT=100]
|  order by: divide(sum(tpcds_partitioned_parquet_snap.store_sales.ss_ext_sales_price), 50) ASC NULLS LAST, count() ASC NULLS LAST
|  mem-estimate=1.17KB mem-reservation=0B thread-reservation=0
|  tuple-ids=28 row-size=12B cardinality=100 cost=8231261
|  in pipelines: 28(GETNEXT), 27(OPEN)
|
27:AGGREGATE [FINALIZE]
|  output: count()
|  group by: CAST(divide(sum(tpcds_partitioned_parquet_snap.store_sales.ss_ext_sales_price), CAST(50 AS DECIMAL(3,0))) AS INT)
|  mem-estimate=34.00MB mem-reservation=34.00MB spill-buffer=2.00MB thread-reservation=0
|  tuple-ids=27 row-size=12B cardinality=748.20K cost=10725699
|  in pipelines: 27(GETNEXT), 26(OPEN)
|
26:AGGREGATE [FINALIZE]
|  output: sum(tpcds_partitioned_parquet_snap.store_sales.ss_ext_sales_price)
|  group by: tpcds_partitioned_parquet_snap.customer.c_customer_sk
|  mem-estimate=915.53MB mem-reservation=34.00MB spill-buffer=2.00MB thread-reservation=0
|  tuple-ids=26 row-size=20B cardinality=30.00M cost=143958715
|  in pipelines: 26(GETNEXT), 14(OPEN)
|
25:HASH JOIN [INNER JOIN]
|  hash predicates: tpcds_partitioned_parquet_snap.store_sales.ss_customer_sk = tpcds_partitioned_parquet_snap.customer.c_customer_sk
|  fk/pk conjuncts: none
|  runtime filters: RF000[bloom] <- tpcds_partitioned_parquet_snap.customer.c_customer_sk, RF001[min_max] <- tpcds_partitioned_parquet_snap.customer.c_customer_sk
|  mem-estimate=590.18MB mem-reservation=34.00MB spill-buffer=2.00MB thread-reservation=0
|  tuple-ids=16,18,22,25,12,14,11 row-size=1.02KB cardinality=224.76M cost=99228238
|  in pipelines: 14(GETNEXT), 10(OPEN)
|
|--13:HASH JOIN [INNER JOIN]
|  |  hash predicates: tpcds_partitioned_parquet_snap.customer_address.ca_address_sk = tpcds_partitioned_parquet_snap.customer.c_current_addr_sk
|  |  fk/pk conjuncts: tpcds_partitioned_parquet_snap.customer_address.ca_address_sk = tpcds_partitioned_parquet_snap.customer.c_current_addr_sk
|  |  runtime filters: RF004[bloom] <- tpcds_partitioned_parquet_snap.customer.c_current_addr_sk, RF005[min_max] <- tpcds_partitioned_parquet_snap.customer.c_current_addr_sk
|  |  mem-estimate=1.22GB mem-reservation=34.00MB spill-buffer=2.00MB thread-reservation=0
|  |  tuple-ids=12,14,11 row-size=698B cardinality=850.16K cost=30251028
|  |  in pipelines: 10(GETNEXT), 09(OPEN)
|  |
|  |--09:AGGREGATE [FINALIZE]
|  |  |  group by: tpcds_partitioned_parquet_snap.customer.c_customer_sk, tpcds_partitioned_parquet_snap.customer.c_current_addr_sk
|  |  |  mem-estimate=50.00GB mem-reservation=34.00MB spill-buffer=2.00MB thread-reservation=0
|  |  |  tuple-ids=11 row-size=8B cardinality=30.00M cost=9040086134
|  |  |  in pipelines: 09(GETNEXT), 01(OPEN), 02(OPEN)
|  |  |
|  |  08:HASH JOIN [INNER JOIN]
|  |  |  hash predicates: CUSTOMER_SK = tpcds_partitioned_parquet_snap.customer.c_customer_sk
|  |  |  fk/pk conjuncts: assumed fk/pk
|  |  |  mem-estimate=6.46GB mem-reservation=34.00MB spill-buffer=2.00MB thread-reservation=0
|  |  |  tuple-ids=4,5,7,9 row-size=859B cardinality=6.48G cost=2866316110
|  |  |  in pipelines: 01(GETNEXT), 02(GETNEXT), 07(OPEN)
|  |  |
|  |  |--07:SCAN HDFS [tpcds_partitioned_parquet_snap.customer]
|  |  |     HDFS partitions=1/1 files=1 size=1.55GB
|  |  |     stored statistics:
|  |  |       table: rows=30.00M size=1.55GB
|  |  |       columns: all
|  |  |     extrapolated-rows=disabled max-scan-range-rows=3.10M
|  |  |     mem-estimate=16.00MB mem-reservation=1.00MB thread-reservation=0
|  |  |     tuple-ids=9 row-size=204B cardinality=30.00M cost=46823813
|  |  |     in pipelines: 07(GETNEXT)
|  |  |
|  |  06:HASH JOIN [INNER JOIN]
|  |  |  hash predicates: ITEM_SK = tpcds_partitioned_parquet_snap.item.i_item_sk
|  |  |  fk/pk conjuncts: assumed fk/pk
|  |  |  mem-estimate=1.94MB mem-reservation=1.94MB spill-buffer=64.00KB thread-reservation=0
|  |  |  tuple-ids=4,5,7 row-size=655B cardinality=6.48G cost=2836317256
|  |  |  in pipelines: 01(GETNEXT), 02(GETNEXT), 05(OPEN)
|  |  |
|  |  |--05:SCAN HDFS [tpcds_partitioned_parquet_snap.item]
|  |  |     HDFS partitions=1/1 files=1 size=33.54MB
|  |  |     predicates: tpcds_partitioned_parquet_snap.item.i_class = 'country', tpcds_partitioned_parquet_snap.item.i_category = 'Music'
|  |  |     stored statistics:
|  |  |       table: rows=360.00K size=33.54MB
|  |  |       columns: all
|  |  |     extrapolated-rows=disabled max-scan-range-rows=101.54K
|  |  |     parquet statistics predicates: tpcds_partitioned_parquet_snap.item.i_class = 'country', tpcds_partitioned_parquet_snap.item.i_category = 'Music'
|  |  |     parquet dictionary predicates: tpcds_partitioned_parquet_snap.item.i_class = 'country', tpcds_partitioned_parquet_snap.item.i_category = 'Music'
|  |  |     mem-estimate=16.00MB mem-reservation=512.00KB thread-reservation=0
|  |  |     tuple-ids=7 row-size=405B cardinality=1.15K cost=1375841
|  |  |     in pipelines: 05(GETNEXT)
|  |  |
|  |  04:HASH JOIN [INNER JOIN]
|  |  |  hash predicates: SOLD_DATE_SK = tpcds_partitioned_parquet_snap.date_dim.d_date_sk
|  |  |  fk/pk conjuncts: assumed fk/pk
|  |  |  mem-estimate=1.94MB mem-reservation=1.94MB spill-buffer=64.00KB thread-reservation=0
|  |  |  tuple-ids=4,5 row-size=249B cardinality=6.48G cost=2836316218
|  |  |  in pipelines: 01(GETNEXT), 02(GETNEXT), 03(OPEN)
|  |  |
|  |  |--03:SCAN HDFS [tpcds_partitioned_parquet_snap.date_dim]
|  |  |     HDFS partitions=1/1 files=1 size=2.17MB
|  |  |     predicates: tpcds_partitioned_parquet_snap.date_dim.d_year = CAST(2001 AS INT), tpcds_partitioned_parquet_snap.date_dim.d_moy = CAST(7 AS INT)
|  |  |     stored statistics:
|  |  |       table: rows=73.05K size=2.17MB
|  |  |       columns: all
|  |  |     extrapolated-rows=disabled max-scan-range-rows=73.05K
|  |  |     parquet statistics predicates: tpcds_partitioned_parquet_snap.date_dim.d_year = CAST(2001 AS INT), tpcds_partitioned_parquet_snap.date_dim.d_moy = CAST(7 AS INT)
|  |  |     parquet dictionary predicates: tpcds_partitioned_parquet_snap.date_dim.d_year = CAST(2001 AS INT), tpcds_partitioned_parquet_snap.date_dim.d_moy = CAST(7 AS INT)
|  |  |     mem-estimate=16.00MB mem-reservation=4.00MB thread-reservation=0
|  |  |     tuple-ids=5 row-size=237B cardinality=108 cost=114705
|  |  |     in pipelines: 03(GETNEXT)
|  |  |
|  |  00:UNION
|  |  |  mem-estimate=0B mem-reservation=0B thread-reservation=0
|  |  |  tuple-ids=4 row-size=12B cardinality=6.48G cost=413038128
|  |  |  in pipelines: 01(GETNEXT), 02(GETNEXT)
|  |  |
|  |  |--02:SCAN HDFS [tpcds_partitioned_parquet_snap.web_sales]
|  |  |     HDFS partitions=1824/1824 files=1824 size=145.75GB
|  |  |     stored statistics:
|  |  |       table: rows=2.16G size=145.75GB
|  |  |       partitions: 1824/1824 rows=2.16G
|  |  |       columns: all
|  |  |     extrapolated-rows=disabled max-scan-range-rows=3.37M
|  |  |     mem-estimate=16.00MB mem-reservation=128.00KB thread-reservation=0
|  |  |     tuple-ids=2 row-size=12B cardinality=2.16G cost=373242464
|  |  |     in pipelines: 02(GETNEXT)
|  |  |
|  |  01:SCAN HDFS [tpcds_partitioned_parquet_snap.catalog_sales]
|  |     HDFS partitions=1831/1831 files=1831 size=280.96GB
|  |     stored statistics:
|  |       table: rows=4.32G size=280.96GB
|  |       partitions: 1831/1831 rows=4.32G
|  |       columns: all
|  |     extrapolated-rows=disabled max-scan-range-rows=21.52M
|  |     mem-estimate=16.00MB mem-reservation=1.00MB thread-reservation=0
|  |     tuple-ids=0 row-size=12B cardinality=4.32G cost=746509474
|  |     in pipelines: 01(GETNEXT)
|  |
|  12:HASH JOIN [INNER JOIN]
|  |  hash predicates: tpcds_partitioned_parquet_snap.customer_address.ca_state = tpcds_partitioned_parquet_snap.store.s_state, tpcds_partitioned_parquet_snap.customer_address.ca_county = tpcds_partitioned_parquet_snap.store.s_county
|  |  fk/pk conjuncts: tpcds_partitioned_parquet_snap.customer_address.ca_state = tpcds_partitioned_parquet_snap.store.s_state, tpcds_partitioned_parquet_snap.customer_address.ca_county = tpcds_partitioned_parquet_snap.store.s_county
|  |  runtime filters: RF006[bloom] <- tpcds_partitioned_parquet_snap.store.s_state, RF007[bloom] <- tpcds_partitioned_parquet_snap.store.s_county, RF008[min_max] <- tpcds_partitioned_parquet_snap.store.s_state, RF009[min_max] <- tpcds_partitioned_parquet_snap.store.s_county
|  |  mem-estimate=1.94MB mem-reservation=1.94MB spill-buffer=64.00KB thread-reservation=0
|  |  tuple-ids=12,14 row-size=690B cardinality=378.08K cost=2915954
|  |  in pipelines: 10(GETNEXT), 11(OPEN)
|  |
|  |--11:SCAN HDFS [tpcds_partitioned_parquet_snap.store]
|  |     HDFS partitions=1/1 files=1 size=119.76KB
|  |     stored statistics:
|  |       table: rows=1.35K size=119.76KB
|  |       columns: all
|  |     extrapolated-rows=disabled max-scan-range-rows=1.35K
|  |     mem-estimate=16.00MB mem-reservation=232.00KB thread-reservation=0
|  |     tuple-ids=14 row-size=459B cardinality=1.35K cost=4718
|  |     in pipelines: 11(GETNEXT)
|  |
|  10:SCAN HDFS [tpcds_partitioned_parquet_snap.customer_address]
|     HDFS partitions=1/1 files=1 size=307.36MB
|     runtime filters: RF005[min_max] -> tpcds_partitioned_parquet_snap.customer_address.ca_address_sk, RF008[min_max] -> tpcds_partitioned_parquet_snap.customer_address.ca_state, RF009[min_max] -> tpcds_partitioned_parquet_snap.customer_address.ca_county, RF004[bloom] -> tpcds_partitioned_parquet_snap.customer_address.ca_address_sk, RF006[bloom] -> tpcds_partitioned_parquet_snap.customer_address.ca_state, RF007[bloom] -> tpcds_partitioned_parquet_snap.customer_address.ca_county
|     stored statistics:
|       table: rows=15.00M size=307.36MB
|       columns: all
|     extrapolated-rows=disabled max-scan-range-rows=1.58M
|     mem-estimate=16.00MB mem-reservation=128.00KB thread-reservation=0
|     tuple-ids=12 row-size=232B cardinality=11.10M(filtered from 15.00M) cost=21515206
|     in pipelines: 10(GETNEXT)
|
24:HASH JOIN [INNER JOIN]
|  hash predicates: tpcds_partitioned_parquet_snap.store_sales.ss_sold_date_sk = tpcds_partitioned_parquet_snap.date_dim_0.d_date_sk
|  fk/pk conjuncts: tpcds_partitioned_parquet_snap.store_sales.ss_sold_date_sk = tpcds_partitioned_parquet_snap.date_dim_0.d_date_sk
|  runtime filters: RF002[bloom] <- tpcds_partitioned_parquet_snap.date_dim_0.d_date_sk
|  mem-estimate=34.00MB mem-reservation=34.00MB spill-buffer=2.00MB thread-reservation=0
|  tuple-ids=16,18,22,25 row-size=349B cardinality=224.76M(filtered from 8.64G) cost=1623280610
|  in pipelines: 14(GETNEXT), 15(OPEN)
|
|--23:NESTED LOOP JOIN [INNER JOIN]
|  |  join predicates: CAST(tpcds_partitioned_parquet_snap.date_dim_0.d_month_seq AS BIGINT) >= add(tpcds_partitioned_parquet_snap.date_dim_2.d_month_seq, 1)
|  |  mem-estimate=8B mem-reservation=0B thread-reservation=0
|  |  tuple-ids=18,22,25 row-size=253B cardinality=73.05K cost=14967
|  |  in pipelines: 15(GETNEXT), 22(OPEN)
|  |
|  |--22:CARDINALITY CHECK
|  |  |  limit: 1
|  |  |  mem-estimate=0B mem-reservation=0B thread-reservation=0
|  |  |  tuple-ids=25 row-size=8B cardinality=1 cost=0
|  |  |  in pipelines: 22(GETNEXT), 21(OPEN)
|  |  |
|  |  21:AGGREGATE [FINALIZE]
|  |  |  group by: add(CAST(tpcds_partitioned_parquet_snap.date_dim_2.d_month_seq AS BIGINT), CAST(1 AS BIGINT))
|  |  |  limit: 2
|  |  |  mem-estimate=10.00MB mem-reservation=1.94MB spill-buffer=64.00KB thread-reservation=0
|  |  |  tuple-ids=25 row-size=8B cardinality=108 cost=313
|  |  |  in pipelines: 21(GETNEXT), 20(OPEN)
|  |  |
|  |  20:SCAN HDFS [tpcds_partitioned_parquet_snap.date_dim]
|  |     HDFS partitions=1/1 files=1 size=2.17MB
|  |     predicates: tpcds_partitioned_parquet_snap.date_dim_2.d_year = CAST(2001 AS INT), tpcds_partitioned_parquet_snap.date_dim_2.d_moy = CAST(7 AS INT)
|  |     stored statistics:
|  |       table: rows=73.05K size=2.17MB
|  |       columns: all
|  |     extrapolated-rows=disabled max-scan-range-rows=73.05K
|  |     parquet statistics predicates: tpcds_partitioned_parquet_snap.date_dim_2.d_year = CAST(2001 AS INT), tpcds_partitioned_parquet_snap.date_dim_2.d_moy = CAST(7 AS INT)
|  |     parquet dictionary predicates: tpcds_partitioned_parquet_snap.date_dim_2.d_year = CAST(2001 AS INT), tpcds_partitioned_parquet_snap.date_dim_2.d_moy = CAST(7 AS INT)
|  |     mem-estimate=16.00MB mem-reservation=256.00KB thread-reservation=0
|  |     tuple-ids=23 row-size=12B cardinality=108 cost=16728
|  |     in pipelines: 20(GETNEXT)
|  |
|  19:NESTED LOOP JOIN [INNER JOIN]
|  |  join predicates: CAST(tpcds_partitioned_parquet_snap.date_dim_0.d_month_seq AS BIGINT) <= add(tpcds_partitioned_parquet_snap.date_dim_1.d_month_seq, 3)
|  |  mem-estimate=8B mem-reservation=0B thread-reservation=0
|  |  tuple-ids=18,22 row-size=245B cardinality=73.05K cost=14967
|  |  in pipelines: 15(GETNEXT), 18(OPEN)
|  |
|  |--18:CARDINALITY CHECK
|  |  |  limit: 1
|  |  |  mem-estimate=0B mem-reservation=0B thread-reservation=0
|  |  |  tuple-ids=22 row-size=8B cardinality=1 cost=0
|  |  |  in pipelines: 18(GETNEXT), 17(OPEN)
|  |  |
|  |  17:AGGREGATE [FINALIZE]
|  |  |  group by: add(CAST(tpcds_partitioned_parquet_snap.date_dim_1.d_month_seq AS BIGINT), CAST(3 AS BIGINT))
|  |  |  limit: 2
|  |  |  mem-estimate=10.00MB mem-reservation=1.94MB spill-buffer=64.00KB thread-reservation=0
|  |  |  tuple-ids=22 row-size=8B cardinality=108 cost=313
|  |  |  in pipelines: 17(GETNEXT), 16(OPEN)
|  |  |
|  |  16:SCAN HDFS [tpcds_partitioned_parquet_snap.date_dim]
|  |     HDFS partitions=1/1 files=1 size=2.17MB
|  |     predicates: tpcds_partitioned_parquet_snap.date_dim_1.d_year = CAST(2001 AS INT), tpcds_partitioned_parquet_snap.date_dim_1.d_moy = CAST(7 AS INT)
|  |     stored statistics:
|  |       table: rows=73.05K size=2.17MB
|  |       columns: all
|  |     extrapolated-rows=disabled max-scan-range-rows=73.05K
|  |     parquet statistics predicates: tpcds_partitioned_parquet_snap.date_dim_1.d_year = CAST(2001 AS INT), tpcds_partitioned_parquet_snap.date_dim_1.d_moy = CAST(7 AS INT)
|  |     parquet dictionary predicates: tpcds_partitioned_parquet_snap.date_dim_1.d_year = CAST(2001 AS INT), tpcds_partitioned_parquet_snap.date_dim_1.d_moy = CAST(7 AS INT)
|  |     mem-estimate=16.00MB mem-reservation=256.00KB thread-reservation=0
|  |     tuple-ids=20 row-size=12B cardinality=108 cost=16728
|  |     in pipelines: 16(GETNEXT)
|  |
|  15:SCAN HDFS [tpcds_partitioned_parquet_snap.date_dim]
|     HDFS partitions=1/1 files=1 size=2.17MB
|     stored statistics:
|       table: rows=73.05K size=2.17MB
|       columns: all
|     extrapolated-rows=disabled max-scan-range-rows=73.05K
|     mem-estimate=16.00MB mem-reservation=4.00MB thread-reservation=0
|     tuple-ids=18 row-size=237B cardinality=73.05K cost=110600
|     in pipelines: 15(GETNEXT)
|
14:SCAN HDFS [tpcds_partitioned_parquet_snap.store_sales]
   HDFS partitions=1824/1824 files=1824 size=389.90GB
   runtime filters: RF001[min_max] -> tpcds_partitioned_parquet_snap.store_sales.ss_customer_sk, RF000[bloom] -> tpcds_partitioned_parquet_snap.store_sales.ss_customer_sk, RF002[bloom] -> tpcds_partitioned_parquet_snap.store_sales.ss_sold_date_sk
   stored statistics:
     table: rows=8.64G size=389.90GB
     partitions: 1824/1824 rows=8.64G
     columns: all
   extrapolated-rows=disabled max-scan-range-rows=390.22M
   mem-estimate=16.00MB mem-reservation=8.00MB thread-reservation=0
   tuple-ids=16 row-size=96B cardinality=224.76M(filtered from 8.64G) cost=11943846410
   in pipelines: 14(GETNEXT)
---- DISTRIBUTEDPLAN
Max Per-Host Resource Reservation: Memory=2.77GB Threads=62
Per-Host Resource Estimates: Memory=22.69GB
F20:PLAN FRAGMENT [UNPARTITIONED] hosts=1 instances=1
|  Per-Instance Resources: mem-estimate=4.02MB mem-reservation=4.00MB thread-reservation=1
|  max-parallelism=1 segment-costs=[327] cpu-comparison-result=142 [max(1 (self) vs 142 (sum children))]
PLAN-ROOT SINK
|  output exprs: divide(sum(tpcds_partitioned_parquet_snap.store_sales.ss_ext_sales_price), 50), count(), multiply(CAST(divide(sum(tpcds_partitioned_parquet_snap.store_sales.ss_ext_sales_price), 50) AS BIGINT), CAST(50 AS BIGINT))
|  mem-estimate=4.00MB mem-reservation=4.00MB spill-buffer=2.00MB thread-reservation=0 cost=300
|
51:MERGING-EXCHANGE [UNPARTITIONED]
|  order by: divide(sum(tpcds_partitioned_parquet_snap.store_sales.ss_ext_sales_price), 50) ASC NULLS LAST, count() ASC NULLS LAST
|  limit: 100
|  mem-estimate=16.00KB mem-reservation=0B thread-reservation=0
|  tuple-ids=28 row-size=12B cardinality=100 cost=27
|  in pipelines: 28(GETNEXT)
|
F19:PLAN FRAGMENT [HASH(divide(sum(tpcds_partitioned_parquet_snap.store_sales.ss_ext_sales_price), 50))] hosts=10 instances=10 (adjusted from 120)
Per-Instance Resources: mem-estimate=20.31MB mem-reservation=2.88MB thread-reservation=1
max-parallelism=10 segment-costs=[13651310, 8231261, 62] cpu-comparison-result=142 [max(10 (self) vs 142 (sum children))]
28:TOP-N [LIMIT=100]
|  order by: divide(sum(tpcds_partitioned_parquet_snap.store_sales.ss_ext_sales_price), 50) ASC NULLS LAST, count() ASC NULLS LAST
|  mem-estimate=1.17KB mem-reservation=0B thread-reservation=0
|  tuple-ids=28 row-size=12B cardinality=100 cost=8231261
|  in pipelines: 28(GETNEXT), 50(OPEN)
|
50:AGGREGATE [FINALIZE]
|  output: count:merge()
|  group by: divide(sum(tpcds_partitioned_parquet_snap.store_sales.ss_ext_sales_price), 50)
|  mem-estimate=10.00MB mem-reservation=2.88MB spill-buffer=128.00KB thread-reservation=0
|  tuple-ids=27 row-size=12B cardinality=748.20K cost=9410221
|  in pipelines: 50(GETNEXT), 48(OPEN)
|
49:EXCHANGE [HASH(divide(sum(tpcds_partitioned_parquet_snap.store_sales.ss_ext_sales_price), 50))]
|  mem-estimate=10.31MB mem-reservation=0B thread-reservation=0
|  tuple-ids=27 row-size=12B cardinality=25.50M cost=4241089
|  in pipelines: 48(GETNEXT)
|
F18:PLAN FRAGMENT [HASH(tpcds_partitioned_parquet_snap.customer.c_customer_sk)] hosts=10 instances=20 (adjusted from 120)
Per-Instance Resources: mem-estimate=92.59MB mem-reservation=68.00MB thread-reservation=1
max-parallelism=20 segment-costs=[186201748, 75265483, 32847400] cpu-comparison-result=142 [max(20 (self) vs 142 (sum children))]
27:AGGREGATE [STREAMING]
|  output: count()
|  group by: CAST(divide(sum(tpcds_partitioned_parquet_snap.store_sales.ss_ext_sales_price), CAST(50 AS DECIMAL(3,0))) AS INT)
|  mem-estimate=34.00MB mem-reservation=34.00MB spill-buffer=2.00MB thread-reservation=0
|  tuple-ids=27 row-size=12B cardinality=25.50M cost=75265483
|  in pipelines: 48(GETNEXT)
|
48:AGGREGATE [FINALIZE]
|  output: sum:merge(tpcds_partitioned_parquet_snap.store_sales.ss_ext_sales_price)
|  group by: tpcds_partitioned_parquet_snap.customer.c_customer_sk
|  mem-estimate=45.78MB mem-reservation=34.00MB spill-buffer=2.00MB thread-reservation=0
|  tuple-ids=26 row-size=20B cardinality=30.00M cost=141948509
|  in pipelines: 48(GETNEXT), 14(OPEN)
|
47:EXCHANGE [HASH(tpcds_partitioned_parquet_snap.customer.c_customer_sk)]
|  mem-estimate=12.81MB mem-reservation=0B thread-reservation=0
|  tuple-ids=26 row-size=20B cardinality=217.89M cost=44253239
|  in pipelines: 14(GETNEXT)
|
F00:PLAN FRAGMENT [RANDOM] hosts=10 instances=120
Per-Host Shared Resources: mem-estimate=2.00MB mem-reservation=2.00MB thread-reservation=0 runtime-filters-memory=2.00MB
Per-Instance Resources: mem-estimate=60.74MB mem-reservation=42.00MB thread-reservation=1
max-parallelism=1824 segment-costs=[18616238897, 392897300] cpu-comparison-result=142 [max(120 (self) vs 142 (sum children))]
26:AGGREGATE [STREAMING]
|  output: sum(tpcds_partitioned_parquet_snap.store_sales.ss_ext_sales_price)
|  group by: tpcds_partitioned_parquet_snap.customer.c_customer_sk
|  mem-estimate=42.87MB mem-reservation=34.00MB spill-buffer=2.00MB thread-reservation=0
|  tuple-ids=26 row-size=20B cardinality=217.89M cost=633822708
|  in pipelines: 14(GETNEXT)
|
25:HASH JOIN [INNER JOIN, BROADCAST]
|  hash-table-id=00
|  hash predicates: tpcds_partitioned_parquet_snap.store_sales.ss_customer_sk = tpcds_partitioned_parquet_snap.customer.c_customer_sk
|  fk/pk conjuncts: none
|  mem-estimate=0B mem-reservation=0B spill-buffer=2.00MB thread-reservation=0
|  tuple-ids=16,18,22,25,12,14,11 row-size=1.02KB cardinality=224.76M cost=2256870146
|  in pipelines: 14(GETNEXT), 10(OPEN)
|
|--F21:PLAN FRAGMENT [RANDOM] hosts=10 instances=10
|  |  Per-Instance Resources: mem-estimate=608.12MB mem-reservation=409.00MB thread-reservation=1 runtime-filters-memory=1.00MB
|  |  max-parallelism=10 segment-costs=[1980024] cpu-comparison-result=131 [max(30 (self) vs 131 (sum children))]
|  JOIN BUILD
|  |  join-table-id=00 plan-id=01 cohort-id=01
|  |  build expressions: tpcds_partitioned_parquet_snap.customer.c_customer_sk
|  |  runtime filters: RF000[bloom] <- tpcds_partitioned_parquet_snap.customer.c_customer_sk, RF001[min_max] <- tpcds_partitioned_parquet_snap.customer.c_customer_sk
|  |  mem-estimate=590.18MB mem-reservation=408.00MB spill-buffer=2.00MB thread-reservation=0 cost=850164
|  |
|  46:EXCHANGE [BROADCAST]
|  |  mem-estimate=16.94MB mem-reservation=0B thread-reservation=0
|  |  tuple-ids=12,14,11 row-size=698B cardinality=850.16K cost=1129860
|  |  in pipelines: 10(GETNEXT)
|  |
|  F17:PLAN FRAGMENT [HASH(tpcds_partitioned_parquet_snap.customer_address.ca_address_sk)] hosts=10 instances=10
|  Per-Instance Resources: mem-estimate=19.59MB mem-reservation=0B thread-reservation=1
|  max-parallelism=10 segment-costs=[3165588]
|  13:HASH JOIN [INNER JOIN, PARTITIONED]
|  |  hash-table-id=01
|  |  hash predicates: tpcds_partitioned_parquet_snap.customer_address.ca_address_sk = tpcds_partitioned_parquet_snap.customer.c_current_addr_sk
|  |  fk/pk conjuncts: tpcds_partitioned_parquet_snap.customer_address.ca_address_sk = tpcds_partitioned_parquet_snap.customer.c_current_addr_sk
|  |  mem-estimate=0B mem-reservation=0B spill-buffer=2.00MB thread-reservation=0
|  |  tuple-ids=12,14,11 row-size=698B cardinality=850.16K cost=251028
|  |  in pipelines: 10(GETNEXT), 43(OPEN)
|  |
|  |--F22:PLAN FRAGMENT [HASH(tpcds_partitioned_parquet_snap.customer_address.ca_address_sk)] hosts=10 instances=10
|  |  |  Per-Instance Resources: mem-estimate=152.51MB mem-reservation=50.00MB thread-reservation=1 runtime-filters-memory=16.00MB
|  |  |  max-parallelism=10 segment-costs=[34437000] cpu-comparison-result=120 [max(10 (self) vs 120 (sum children))]
|  |  JOIN BUILD
|  |  |  join-table-id=01 plan-id=02 cohort-id=02
|  |  |  build expressions: tpcds_partitioned_parquet_snap.customer.c_current_addr_sk
|  |  |  runtime filters: RF004[bloom] <- tpcds_partitioned_parquet_snap.customer.c_current_addr_sk, RF005[min_max] <- tpcds_partitioned_parquet_snap.customer.c_current_addr_sk
|  |  |  mem-estimate=125.11MB mem-reservation=34.00MB spill-buffer=2.00MB thread-reservation=0 cost=30000000
|  |  |
|  |  45:EXCHANGE [HASH(tpcds_partitioned_parquet_snap.customer.c_current_addr_sk)]
|  |  |  mem-estimate=11.41MB mem-reservation=0B thread-reservation=0
|  |  |  tuple-ids=11 row-size=8B cardinality=30.00M cost=4437000
|  |  |  in pipelines: 43(GETNEXT)
|  |  |
|  |  F16:PLAN FRAGMENT [HASH(tpcds_partitioned_parquet_snap.customer.c_customer_sk,tpcds_partitioned_parquet_snap.customer.c_current_addr_sk)] hosts=10 instances=120
|  |  Per-Instance Resources: mem-estimate=489.03MB mem-reservation=34.00MB thread-reservation=1
|  |  max-parallelism=480 segment-costs=[4709360955, 30912000] cpu-comparison-result=120 [max(120 (self) vs 120 (sum children))]
|  |  43:AGGREGATE [FINALIZE]
|  |  |  group by: tpcds_partitioned_parquet_snap.customer.c_customer_sk, tpcds_partitioned_parquet_snap.customer.c_current_addr_sk
|  |  |  mem-estimate=477.62MB mem-reservation=34.00MB spill-buffer=2.00MB thread-reservation=0
|  |  |  tuple-ids=11 row-size=8B cardinality=30.00M cost=4264931566
|  |  |  in pipelines: 43(GETNEXT), 01(OPEN), 02(OPEN)
|  |  |
|  |  42:EXCHANGE [HASH(tpcds_partitioned_parquet_snap.customer.c_customer_sk,tpcds_partitioned_parquet_snap.customer.c_current_addr_sk)]
|  |  |  mem-estimate=11.41MB mem-reservation=0B thread-reservation=0
|  |  |  tuple-ids=11 row-size=8B cardinality=3.00G cost=444429389
|  |  |  in pipelines: 01(GETNEXT), 02(GETNEXT)
|  |  |
|  |  F12:PLAN FRAGMENT [RANDOM] hosts=10 instances=120
|  |  Per-Instance Resources: mem-estimate=693.97MB mem-reservation=35.00MB thread-reservation=1
|  |  max-parallelism=120 segment-costs=[32553802462, 3096281561] cpu-comparison-result=120 [max(120 (self) vs 45 (sum children))]
|  |  09:AGGREGATE [STREAMING]
|  |  |  group by: tpcds_partitioned_parquet_snap.customer.c_customer_sk, tpcds_partitioned_parquet_snap.customer.c_current_addr_sk
|  |  |  mem-estimate=672.34MB mem-reservation=34.00MB spill-buffer=2.00MB thread-reservation=0
|  |  |  tuple-ids=11 row-size=8B cardinality=3.00G cost=22512064066
|  |  |  in pipelines: 01(GETNEXT), 02(GETNEXT)
|  |  |
|  |  08:HASH JOIN [INNER JOIN, BROADCAST]
|  |  |  hash-table-id=02
|  |  |  hash predicates: CUSTOMER_SK = tpcds_partitioned_parquet_snap.customer.c_customer_sk
|  |  |  fk/pk conjuncts: assumed fk/pk
|  |  |  mem-estimate=0B mem-reservation=0B spill-buffer=2.00MB thread-reservation=0
|  |  |  tuple-ids=4,5,7,9 row-size=859B cardinality=6.48G cost=2836316110
|  |  |  in pipelines: 01(GETNEXT), 02(GETNEXT), 07(OPEN)
|  |  |
|  |  |--F23:PLAN FRAGMENT [RANDOM] hosts=10 instances=10
|  |  |  |  Per-Instance Resources: mem-estimate=6.47GB mem-reservation=408.00MB thread-reservation=1
|  |  |  |  max-parallelism=10 segment-costs=[69869990]
|  |  |  JOIN BUILD
|  |  |  |  join-table-id=02 plan-id=03 cohort-id=03
|  |  |  |  build expressions: tpcds_partitioned_parquet_snap.customer.c_customer_sk
|  |  |  |  mem-estimate=6.46GB mem-reservation=408.00MB spill-buffer=2.00MB thread-reservation=0 cost=30000000
|  |  |  |
|  |  |  41:EXCHANGE [BROADCAST]
|  |  |  |  mem-estimate=12.04MB mem-reservation=0B thread-reservation=0
|  |  |  |  tuple-ids=9 row-size=204B cardinality=30.00M cost=39869990
|  |  |  |  in pipelines: 07(GETNEXT)
|  |  |  |
|  |  |  F15:PLAN FRAGMENT [RANDOM] hosts=10 instances=10
|  |  |  Per-Instance Resources: mem-estimate=16.81MB mem-reservation=1.00MB thread-reservation=1
|  |  |  max-parallelism=10 segment-costs=[64027278]
|  |  |  07:SCAN HDFS [tpcds_partitioned_parquet_snap.customer, RANDOM]
|  |  |     HDFS partitions=1/1 files=1 size=1.55GB
|  |  |     stored statistics:
|  |  |       table: rows=30.00M size=1.55GB
|  |  |       columns: all
|  |  |     extrapolated-rows=disabled max-scan-range-rows=3.10M
|  |  |     mem-estimate=16.00MB mem-reservation=1.00MB thread-reservation=0
|  |  |     tuple-ids=9 row-size=204B cardinality=30.00M cost=46823813
|  |  |     in pipelines: 07(GETNEXT)
|  |  |
|  |  06:HASH JOIN [INNER JOIN, BROADCAST]
|  |  |  hash-table-id=03
|  |  |  hash predicates: ITEM_SK = tpcds_partitioned_parquet_snap.item.i_item_sk
|  |  |  fk/pk conjuncts: assumed fk/pk
|  |  |  mem-estimate=0B mem-reservation=0B spill-buffer=64.00KB thread-reservation=0
|  |  |  tuple-ids=4,5,7 row-size=655B cardinality=6.48G cost=2836316110
|  |  |  in pipelines: 01(GETNEXT), 02(GETNEXT), 05(OPEN)
|  |  |
|  |  |--F24:PLAN FRAGMENT [RANDOM] hosts=10 instances=10
|  |  |  |  Per-Instance Resources: mem-estimate=25.29MB mem-reservation=23.25MB thread-reservation=1
|  |  |  |  max-parallelism=10 segment-costs=[2666]
|  |  |  JOIN BUILD
|  |  |  |  join-table-id=03 plan-id=04 cohort-id=03
|  |  |  |  build expressions: tpcds_partitioned_parquet_snap.item.i_item_sk
|  |  |  |  mem-estimate=23.25MB mem-reservation=23.25MB spill-buffer=64.00KB thread-reservation=0 cost=1146
|  |  |  |
|  |  |  40:EXCHANGE [BROADCAST]
|  |  |  |  mem-estimate=2.04MB mem-reservation=0B thread-reservation=0
|  |  |  |  tuple-ids=7 row-size=405B cardinality=1.15K cost=1520
|  |  |  |  in pipelines: 05(GETNEXT)
|  |  |  |
|  |  |  F14:PLAN FRAGMENT [RANDOM] hosts=4 instances=4
|  |  |  Per-Instance Resources: mem-estimate=17.60MB mem-reservation=512.00KB thread-reservation=1
|  |  |  max-parallelism=4 segment-costs=[1377120]
|  |  |  05:SCAN HDFS [tpcds_partitioned_parquet_snap.item, RANDOM]
|  |  |     HDFS partitions=1/1 files=1 size=33.54MB
|  |  |     predicates: tpcds_partitioned_parquet_snap.item.i_class = 'country', tpcds_partitioned_parquet_snap.item.i_category = 'Music'
|  |  |     stored statistics:
|  |  |       table: rows=360.00K size=33.54MB
|  |  |       columns: all
|  |  |     extrapolated-rows=disabled max-scan-range-rows=101.54K
|  |  |     parquet statistics predicates: tpcds_partitioned_parquet_snap.item.i_class = 'country', tpcds_partitioned_parquet_snap.item.i_category = 'Music'
|  |  |     parquet dictionary predicates: tpcds_partitioned_parquet_snap.item.i_class = 'country', tpcds_partitioned_parquet_snap.item.i_category = 'Music'
|  |  |     mem-estimate=16.00MB mem-reservation=512.00KB thread-reservation=0
|  |  |     tuple-ids=7 row-size=405B cardinality=1.15K cost=1375841
|  |  |     in pipelines: 05(GETNEXT)
|  |  |
|  |  04:HASH JOIN [INNER JOIN, BROADCAST]
|  |  |  hash-table-id=04
|  |  |  hash predicates: SOLD_DATE_SK = tpcds_partitioned_parquet_snap.date_dim.d_date_sk
|  |  |  fk/pk conjuncts: assumed fk/pk
|  |  |  mem-estimate=0B mem-reservation=0B spill-buffer=64.00KB thread-reservation=0
|  |  |  tuple-ids=4,5 row-size=249B cardinality=6.48G cost=2836316110
|  |  |  in pipelines: 01(GETNEXT), 02(GETNEXT), 03(OPEN)
|  |  |
|  |  |--F25:PLAN FRAGMENT [RANDOM] hosts=10 instances=10
|  |  |  |  Per-Instance Resources: mem-estimate=23.30MB mem-reservation=23.25MB thread-reservation=1
|  |  |  |  max-parallelism=10 segment-costs=[248]
|  |  |  JOIN BUILD
|  |  |  |  join-table-id=04 plan-id=05 cohort-id=03
|  |  |  |  build expressions: tpcds_partitioned_parquet_snap.date_dim.d_date_sk
|  |  |  |  mem-estimate=23.25MB mem-reservation=23.25MB spill-buffer=64.00KB thread-reservation=0 cost=108
|  |  |  |
|  |  |  39:EXCHANGE [BROADCAST]
|  |  |  |  mem-estimate=50.45KB mem-reservation=0B thread-reservation=0
|  |  |  |  tuple-ids=5 row-size=237B cardinality=108 cost=140
|  |  |  |  in pipelines: 03(GETNEXT)
|  |  |  |
|  |  |  F13:PLAN FRAGMENT [RANDOM] hosts=1 instances=1
|  |  |  Per-Instance Resources: mem-estimate=16.94MB mem-reservation=4.00MB thread-reservation=1
|  |  |  max-parallelism=1 segment-costs=[114776]
|  |  |  03:SCAN HDFS [tpcds_partitioned_parquet_snap.date_dim, RANDOM]
|  |  |     HDFS partitions=1/1 files=1 size=2.17MB
|  |  |     predicates: tpcds_partitioned_parquet_snap.date_dim.d_year = CAST(2001 AS INT), tpcds_partitioned_parquet_snap.date_dim.d_moy = CAST(7 AS INT)
|  |  |     stored statistics:
|  |  |       table: rows=73.05K size=2.17MB
|  |  |       columns: all
|  |  |     extrapolated-rows=disabled max-scan-range-rows=73.05K
|  |  |     parquet statistics predicates: tpcds_partitioned_parquet_snap.date_dim.d_year = CAST(2001 AS INT), tpcds_partitioned_parquet_snap.date_dim.d_moy = CAST(7 AS INT)
|  |  |     parquet dictionary predicates: tpcds_partitioned_parquet_snap.date_dim.d_year = CAST(2001 AS INT), tpcds_partitioned_parquet_snap.date_dim.d_moy = CAST(7 AS INT)
|  |  |     mem-estimate=16.00MB mem-reservation=4.00MB thread-reservation=0
|  |  |     tuple-ids=5 row-size=237B cardinality=108 cost=114705
|  |  |     in pipelines: 03(GETNEXT)
|  |  |
|  |  00:UNION
|  |  |  mem-estimate=0B mem-reservation=0B thread-reservation=0
|  |  |  tuple-ids=4 row-size=12B cardinality=6.48G cost=413038128
|  |  |  in pipelines: 01(GETNEXT), 02(GETNEXT)
|  |  |
|  |  |--02:SCAN HDFS [tpcds_partitioned_parquet_snap.web_sales, RANDOM]
|  |  |     HDFS partitions=1824/1824 files=1824 size=145.75GB
|  |  |     stored statistics:
|  |  |       table: rows=2.16G size=145.75GB
|  |  |       partitions: 1824/1824 rows=2.16G
|  |  |       columns: all
|  |  |     extrapolated-rows=disabled max-scan-range-rows=3.37M
|  |  |     mem-estimate=16.00MB mem-reservation=128.00KB thread-reservation=0
|  |  |     tuple-ids=2 row-size=12B cardinality=2.16G cost=373242464
|  |  |     in pipelines: 02(GETNEXT)
|  |  |
|  |  01:SCAN HDFS [tpcds_partitioned_parquet_snap.catalog_sales, RANDOM]
|  |     HDFS partitions=1831/1831 files=1831 size=280.96GB
|  |     stored statistics:
|  |       table: rows=4.32G size=280.96GB
|  |       partitions: 1831/1831 rows=4.32G
|  |       columns: all
|  |     extrapolated-rows=disabled max-scan-range-rows=21.52M
|  |     mem-estimate=16.00MB mem-reservation=1.00MB thread-reservation=0
|  |     tuple-ids=0 row-size=12B cardinality=4.32G cost=746509474
|  |     in pipelines: 01(GETNEXT)
|  |
|  44:EXCHANGE [HASH(tpcds_partitioned_parquet_snap.customer_address.ca_address_sk)]
|  |  mem-estimate=16.82MB mem-reservation=0B thread-reservation=0
|  |  tuple-ids=12,14 row-size=690B cardinality=378.08K cost=1256513
|  |  in pipelines: 10(GETNEXT)
|  |
|  F08:PLAN FRAGMENT [RANDOM] hosts=10 instances=10
|  Per-Host Shared Resources: mem-estimate=18.00MB mem-reservation=18.00MB thread-reservation=0 runtime-filters-memory=18.00MB
|  Per-Instance Resources: mem-estimate=43.28MB mem-reservation=128.00KB thread-reservation=1
|  max-parallelism=10 segment-costs=[41627713]
|  12:HASH JOIN [INNER JOIN, BROADCAST]
|  |  hash-table-id=05
|  |  hash predicates: tpcds_partitioned_parquet_snap.customer_address.ca_state = tpcds_partitioned_parquet_snap.store.s_state, tpcds_partitioned_parquet_snap.customer_address.ca_county = tpcds_partitioned_parquet_snap.store.s_county
|  |  fk/pk conjuncts: tpcds_partitioned_parquet_snap.customer_address.ca_state = tpcds_partitioned_parquet_snap.store.s_state, tpcds_partitioned_parquet_snap.customer_address.ca_county = tpcds_partitioned_parquet_snap.store.s_county
|  |  mem-estimate=0B mem-reservation=0B spill-buffer=64.00KB thread-reservation=0
|  |  tuple-ids=12,14 row-size=690B cardinality=378.08K cost=2914604
|  |  in pipelines: 10(GETNEXT), 11(OPEN)
|  |
|  |--F26:PLAN FRAGMENT [RANDOM] hosts=10 instances=10
|  |  |  Per-Instance Resources: mem-estimate=4.98MB mem-reservation=3.94MB thread-reservation=1 runtime-filters-memory=2.00MB
|  |  |  max-parallelism=10 segment-costs=[3140]
|  |  JOIN BUILD
|  |  |  join-table-id=05 plan-id=06 cohort-id=02
|  |  |  build expressions: tpcds_partitioned_parquet_snap.store.s_state, tpcds_partitioned_parquet_snap.store.s_county
|  |  |  runtime filters: RF006[bloom] <- tpcds_partitioned_parquet_snap.store.s_state, RF007[bloom] <- tpcds_partitioned_parquet_snap.store.s_county, RF008[min_max] <- tpcds_partitioned_parquet_snap.store.s_state, RF009[min_max] <- tpcds_partitioned_parquet_snap.store.s_county
|  |  |  mem-estimate=1.94MB mem-reservation=1.94MB spill-buffer=64.00KB thread-reservation=0 cost=1350
|  |  |
|  |  38:EXCHANGE [BROADCAST]
|  |  |  mem-estimate=1.04MB mem-reservation=0B thread-reservation=0
|  |  |  tuple-ids=14 row-size=459B cardinality=1.35K cost=1790
|  |  |  in pipelines: 11(GETNEXT)
|  |  |
|  |  F09:PLAN FRAGMENT [RANDOM] hosts=1 instances=1
|  |  Per-Instance Resources: mem-estimate=17.81MB mem-reservation=232.00KB thread-reservation=1
|  |  max-parallelism=1 segment-costs=[6419]
|  |  11:SCAN HDFS [tpcds_partitioned_parquet_snap.store, RANDOM]
|  |     HDFS partitions=1/1 files=1 size=119.76KB
|  |     stored statistics:
|  |       table: rows=1.35K size=119.76KB
|  |       columns: all
|  |     extrapolated-rows=disabled max-scan-range-rows=1.35K
|  |     mem-estimate=16.00MB mem-reservation=232.00KB thread-reservation=0
|  |     tuple-ids=14 row-size=459B cardinality=1.35K cost=4718
|  |     in pipelines: 11(GETNEXT)
|  |
|  10:SCAN HDFS [tpcds_partitioned_parquet_snap.customer_address, RANDOM]
|     HDFS partitions=1/1 files=1 size=307.36MB
|     runtime filters: RF005[min_max] -> tpcds_partitioned_parquet_snap.customer_address.ca_address_sk, RF008[min_max] -> tpcds_partitioned_parquet_snap.customer_address.ca_state, RF009[min_max] -> tpcds_partitioned_parquet_snap.customer_address.ca_county, RF004[bloom] -> tpcds_partitioned_parquet_snap.customer_address.ca_address_sk, RF006[bloom] -> tpcds_partitioned_parquet_snap.customer_address.ca_state, RF007[bloom] -> tpcds_partitioned_parquet_snap.customer_address.ca_county
|     stored statistics:
|       table: rows=15.00M size=307.36MB
|       columns: all
|     extrapolated-rows=disabled max-scan-range-rows=1.58M
|     mem-estimate=16.00MB mem-reservation=128.00KB thread-reservation=0
|     tuple-ids=12 row-size=232B cardinality=11.10M(filtered from 15.00M) cost=21515206
|     in pipelines: 10(GETNEXT)
|
24:HASH JOIN [INNER JOIN, BROADCAST]
|  hash-table-id=06
|  hash predicates: tpcds_partitioned_parquet_snap.store_sales.ss_sold_date_sk = tpcds_partitioned_parquet_snap.date_dim_0.d_date_sk
|  fk/pk conjuncts: tpcds_partitioned_parquet_snap.store_sales.ss_sold_date_sk = tpcds_partitioned_parquet_snap.date_dim_0.d_date_sk
|  mem-estimate=0B mem-reservation=0B spill-buffer=2.00MB thread-reservation=0
|  tuple-ids=16,18,22,25 row-size=349B cardinality=8.64G cost=3781699633
|  in pipelines: 14(GETNEXT), 15(OPEN)
|
|--F27:PLAN FRAGMENT [RANDOM] hosts=10 instances=10
|  |  Per-Instance Resources: mem-estimate=419.26MB mem-reservation=409.00MB thread-reservation=1 runtime-filters-memory=1.00MB
|  |  max-parallelism=10 segment-costs=[170129] cpu-comparison-result=11 [max(11 (self) vs 2 (sum children))]
|  JOIN BUILD
|  |  join-table-id=06 plan-id=07 cohort-id=01
|  |  build expressions: tpcds_partitioned_parquet_snap.date_dim_0.d_date_sk
|  |  runtime filters: RF002[bloom] <- tpcds_partitioned_parquet_snap.date_dim_0.d_date_sk
|  |  mem-estimate=408.00MB mem-reservation=408.00MB spill-buffer=2.00MB thread-reservation=0 cost=73049
|  |
|  37:EXCHANGE [BROADCAST]
|  |  mem-estimate=10.26MB mem-reservation=0B thread-reservation=0
|  |  tuple-ids=18,22,25 row-size=253B cardinality=73.05K cost=97080
|  |  in pipelines: 15(GETNEXT)
|  |
|  F01:PLAN FRAGMENT [RANDOM] hosts=1 instances=1
|  Per-Instance Resources: mem-estimate=17.04MB mem-reservation=4.00MB thread-reservation=1
|  max-parallelism=1 segment-costs=[195195]
|  23:NESTED LOOP JOIN [INNER JOIN, BROADCAST]
|  |  join table id: 07
|  |  join predicates: CAST(tpcds_partitioned_parquet_snap.date_dim_0.d_month_seq AS BIGINT) >= add(tpcds_partitioned_parquet_snap.date_dim_2.d_month_seq, 1)
|  |  mem-estimate=0B mem-reservation=0B thread-reservation=0
|  |  tuple-ids=18,22,25 row-size=253B cardinality=73.05K cost=14967
|  |  in pipelines: 15(GETNEXT), 22(OPEN)
|  |
|  |--F28:PLAN FRAGMENT [RANDOM] hosts=1 instances=1
|  |  |  Per-Instance Resources: mem-estimate=16.01KB mem-reservation=0B thread-reservation=1
|  |  |  max-parallelism=1 segment-costs=[0] cpu-comparison-result=1 [max(1 (self) vs 1 (sum children))]
|  |  JOIN BUILD
|  |  |  join-table-id=07 plan-id=08 cohort-id=04
|  |  |  mem-estimate=8B mem-reservation=0B thread-reservation=0 cost=0
|  |  |
|  |  36:EXCHANGE [BROADCAST]
|  |  |  mem-estimate=16.00KB mem-reservation=0B thread-reservation=0
|  |  |  tuple-ids=25 row-size=8B cardinality=1 cost=0
|  |  |  in pipelines: 22(GETNEXT)
|  |  |
|  |  F07:PLAN FRAGMENT [UNPARTITIONED] hosts=1 instances=1
|  |  Per-Instance Resources: mem-estimate=48.00KB mem-reservation=0B thread-reservation=1
|  |  max-parallelism=1 segment-costs=[0, 0] cpu-comparison-result=1 [max(1 (self) vs 1 (sum children))]
|  |  22:CARDINALITY CHECK
|  |  |  limit: 1
|  |  |  mem-estimate=0B mem-reservation=0B thread-reservation=0
|  |  |  tuple-ids=25 row-size=8B cardinality=1 cost=0
|  |  |  in pipelines: 22(GETNEXT), 34(OPEN)
|  |  |
|  |  35:EXCHANGE [UNPARTITIONED]
|  |  |  limit: 2
|  |  |  mem-estimate=16.00KB mem-reservation=0B thread-reservation=0
|  |  |  tuple-ids=25 row-size=8B cardinality=2 cost=0
|  |  |  in pipelines: 34(GETNEXT)
|  |  |
|  |  F06:PLAN FRAGMENT [HASH(add(tpcds_partitioned_parquet_snap.date_dim_2.d_month_seq, 1))] hosts=1 instances=1
|  |  Per-Instance Resources: mem-estimate=10.05MB mem-reservation=1.94MB thread-reservation=1
|  |  max-parallelism=1 segment-costs=[5, 2] cpu-comparison-result=1 [max(1 (self) vs 1 (sum children))]
|  |  34:AGGREGATE [FINALIZE]
|  |  |  group by: add(tpcds_partitioned_parquet_snap.date_dim_2.d_month_seq, 1)
|  |  |  limit: 2
|  |  |  mem-estimate=10.00MB mem-reservation=1.94MB spill-buffer=64.00KB thread-reservation=0
|  |  |  tuple-ids=25 row-size=8B cardinality=2 cost=5
|  |  |  in pipelines: 34(GETNEXT), 20(OPEN)
|  |  |
|  |  33:EXCHANGE [HASH(add(tpcds_partitioned_parquet_snap.date_dim_2.d_month_seq, 1))]
|  |  |  mem-estimate=16.00KB mem-reservation=0B thread-reservation=0
|  |  |  tuple-ids=25 row-size=8B cardinality=2 cost=0
|  |  |  in pipelines: 20(GETNEXT)
|  |  |
|  |  F05:PLAN FRAGMENT [RANDOM] hosts=1 instances=1
|  |  Per-Instance Resources: mem-estimate=26.05MB mem-reservation=2.25MB thread-reservation=1
|  |  max-parallelism=1 segment-costs=[16764, 2]
|  |  21:AGGREGATE [STREAMING]
|  |  |  group by: add(CAST(tpcds_partitioned_parquet_snap.date_dim_2.d_month_seq AS BIGINT), CAST(1 AS BIGINT))
|  |  |  limit: 2
|  |  |  mem-estimate=10.00MB mem-reservation=2.00MB spill-buffer=64.00KB thread-reservation=0
|  |  |  tuple-ids=25 row-size=8B cardinality=2 cost=36
|  |  |  in pipelines: 20(GETNEXT)
|  |  |
|  |  20:SCAN HDFS [tpcds_partitioned_parquet_snap.date_dim, RANDOM]
|  |     HDFS partitions=1/1 files=1 size=2.17MB
|  |     predicates: tpcds_partitioned_parquet_snap.date_dim_2.d_year = CAST(2001 AS INT), tpcds_partitioned_parquet_snap.date_dim_2.d_moy = CAST(7 AS INT)
|  |     stored statistics:
|  |       table: rows=73.05K size=2.17MB
|  |       columns: all
|  |     extrapolated-rows=disabled max-scan-range-rows=73.05K
|  |     parquet statistics predicates: tpcds_partitioned_parquet_snap.date_dim_2.d_year = CAST(2001 AS INT), tpcds_partitioned_parquet_snap.date_dim_2.d_moy = CAST(7 AS INT)
|  |     parquet dictionary predicates: tpcds_partitioned_parquet_snap.date_dim_2.d_year = CAST(2001 AS INT), tpcds_partitioned_parquet_snap.date_dim_2.d_moy = CAST(7 AS INT)
|  |     mem-estimate=16.00MB mem-reservation=256.00KB thread-reservation=0
|  |     tuple-ids=23 row-size=12B cardinality=108 cost=16728
|  |     in pipelines: 20(GETNEXT)
|  |
|  19:NESTED LOOP JOIN [INNER JOIN, BROADCAST]
|  |  join table id: 08
|  |  join predicates: CAST(tpcds_partitioned_parquet_snap.date_dim_0.d_month_seq AS BIGINT) <= add(tpcds_partitioned_parquet_snap.date_dim_1.d_month_seq, 3)
|  |  mem-estimate=0B mem-reservation=0B thread-reservation=0
|  |  tuple-ids=18,22 row-size=245B cardinality=73.05K cost=14967
|  |  in pipelines: 15(GETNEXT), 18(OPEN)
|  |
|  |--F29:PLAN FRAGMENT [RANDOM] hosts=1 instances=1
|  |  |  Per-Instance Resources: mem-estimate=16.01KB mem-reservation=0B thread-reservation=1
|  |  |  max-parallelism=1 segment-costs=[0] cpu-comparison-result=1 [max(1 (self) vs 1 (sum children))]
|  |  JOIN BUILD
|  |  |  join-table-id=08 plan-id=09 cohort-id=04
|  |  |  mem-estimate=8B mem-reservation=0B thread-reservation=0 cost=0
|  |  |
|  |  32:EXCHANGE [BROADCAST]
|  |  |  mem-estimate=16.00KB mem-reservation=0B thread-reservation=0
|  |  |  tuple-ids=22 row-size=8B cardinality=1 cost=0
|  |  |  in pipelines: 18(GETNEXT)
|  |  |
|  |  F04:PLAN FRAGMENT [UNPARTITIONED] hosts=1 instances=1
|  |  Per-Instance Resources: mem-estimate=48.00KB mem-reservation=0B thread-reservation=1
|  |  max-parallelism=1 segment-costs=[0, 0] cpu-comparison-result=1 [max(1 (self) vs 1 (sum children))]
|  |  18:CARDINALITY CHECK
|  |  |  limit: 1
|  |  |  mem-estimate=0B mem-reservation=0B thread-reservation=0
|  |  |  tuple-ids=22 row-size=8B cardinality=1 cost=0
|  |  |  in pipelines: 18(GETNEXT), 30(OPEN)
|  |  |
|  |  31:EXCHANGE [UNPARTITIONED]
|  |  |  limit: 2
|  |  |  mem-estimate=16.00KB mem-reservation=0B thread-reservation=0
|  |  |  tuple-ids=22 row-size=8B cardinality=2 cost=0
|  |  |  in pipelines: 30(GETNEXT)
|  |  |
|  |  F03:PLAN FRAGMENT [HASH(add(tpcds_partitioned_parquet_snap.date_dim_1.d_month_seq, 3))] hosts=1 instances=1
|  |  Per-Instance Resources: mem-estimate=10.05MB mem-reservation=1.94MB thread-reservation=1
|  |  max-parallelism=1 segment-costs=[5, 2] cpu-comparison-result=1 [max(1 (self) vs 1 (sum children))]
|  |  30:AGGREGATE [FINALIZE]
|  |  |  group by: add(tpcds_partitioned_parquet_snap.date_dim_1.d_month_seq, 3)
|  |  |  limit: 2
|  |  |  mem-estimate=10.00MB mem-reservation=1.94MB spill-buffer=64.00KB thread-reservation=0
|  |  |  tuple-ids=22 row-size=8B cardinality=2 cost=5
|  |  |  in pipelines: 30(GETNEXT), 16(OPEN)
|  |  |
|  |  29:EXCHANGE [HASH(add(tpcds_partitioned_parquet_snap.date_dim_1.d_month_seq, 3))]
|  |  |  mem-estimate=16.00KB mem-reservation=0B thread-reservation=0
|  |  |  tuple-ids=22 row-size=8B cardinality=2 cost=0
|  |  |  in pipelines: 16(GETNEXT)
|  |  |
|  |  F02:PLAN FRAGMENT [RANDOM] hosts=1 instances=1
|  |  Per-Instance Resources: mem-estimate=26.05MB mem-reservation=2.25MB thread-reservation=1
|  |  max-parallelism=1 segment-costs=[16764, 2]
|  |  17:AGGREGATE [STREAMING]
|  |  |  group by: add(CAST(tpcds_partitioned_parquet_snap.date_dim_1.d_month_seq AS BIGINT), CAST(3 AS BIGINT))
|  |  |  limit: 2
|  |  |  mem-estimate=10.00MB mem-reservation=2.00MB spill-buffer=64.00KB thread-reservation=0
|  |  |  tuple-ids=22 row-size=8B cardinality=2 cost=36
|  |  |  in pipelines: 16(GETNEXT)
|  |  |
|  |  16:SCAN HDFS [tpcds_partitioned_parquet_snap.date_dim, RANDOM]
|  |     HDFS partitions=1/1 files=1 size=2.17MB
|  |     predicates: tpcds_partitioned_parquet_snap.date_dim_1.d_year = CAST(2001 AS INT), tpcds_partitioned_parquet_snap.date_dim_1.d_moy = CAST(7 AS INT)
|  |     stored statistics:
|  |       table: rows=73.05K size=2.17MB
|  |       columns: all
|  |     extrapolated-rows=disabled max-scan-range-rows=73.05K
|  |     parquet statistics predicates: tpcds_partitioned_parquet_snap.date_dim_1.d_year = CAST(2001 AS INT), tpcds_partitioned_parquet_snap.date_dim_1.d_moy = CAST(7 AS INT)
|  |     parquet dictionary predicates: tpcds_partitioned_parquet_snap.date_dim_1.d_year = CAST(2001 AS INT), tpcds_partitioned_parquet_snap.date_dim_1.d_moy = CAST(7 AS INT)
|  |     mem-estimate=16.00MB mem-reservation=256.00KB thread-reservation=0
|  |     tuple-ids=20 row-size=12B cardinality=108 cost=16728
|  |     in pipelines: 16(GETNEXT)
|  |
|  15:SCAN HDFS [tpcds_partitioned_parquet_snap.date_dim, RANDOM]
|     HDFS partitions=1/1 files=1 size=2.17MB
|     stored statistics:
|       table: rows=73.05K size=2.17MB
|       columns: all
|     extrapolated-rows=disabled max-scan-range-rows=73.05K
|     mem-estimate=16.00MB mem-reservation=4.00MB thread-reservation=0
|     tuple-ids=18 row-size=237B cardinality=73.05K cost=110600
|     in pipelines: 15(GETNEXT)
|
14:SCAN HDFS [tpcds_partitioned_parquet_snap.store_sales, RANDOM]
   HDFS partitions=1824/1824 files=1824 size=389.90GB
   runtime filters: RF001[min_max] -> tpcds_partitioned_parquet_snap.store_sales.ss_customer_sk, RF000[bloom] -> tpcds_partitioned_parquet_snap.store_sales.ss_customer_sk, RF002[bloom] -> tpcds_partitioned_parquet_snap.store_sales.ss_sold_date_sk
   stored statistics:
     table: rows=8.64G size=389.90GB
     partitions: 1824/1824 rows=8.64G
     columns: all
   extrapolated-rows=disabled max-scan-range-rows=390.22M
   mem-estimate=16.00MB mem-reservation=8.00MB thread-reservation=0
   tuple-ids=16 row-size=96B cardinality=8.64G cost=11943846410
   in pipelines: 14(GETNEXT)
---- PARALLELPLANS
Max Per-Host Resource Reservation: Memory=2.77GB Threads=62
Per-Host Resource Estimates: Memory=22.69GB
F20:PLAN FRAGMENT [UNPARTITIONED] hosts=1 instances=1
|  Per-Instance Resources: mem-estimate=4.02MB mem-reservation=4.00MB thread-reservation=1
|  max-parallelism=1 segment-costs=[327] cpu-comparison-result=142 [max(1 (self) vs 142 (sum children))]
PLAN-ROOT SINK
|  output exprs: divide(sum(tpcds_partitioned_parquet_snap.store_sales.ss_ext_sales_price), 50), count(), multiply(CAST(divide(sum(tpcds_partitioned_parquet_snap.store_sales.ss_ext_sales_price), 50) AS BIGINT), CAST(50 AS BIGINT))
|  mem-estimate=4.00MB mem-reservation=4.00MB spill-buffer=2.00MB thread-reservation=0 cost=300
|
51:MERGING-EXCHANGE [UNPARTITIONED]
|  order by: divide(sum(tpcds_partitioned_parquet_snap.store_sales.ss_ext_sales_price), 50) ASC NULLS LAST, count() ASC NULLS LAST
|  limit: 100
|  mem-estimate=16.00KB mem-reservation=0B thread-reservation=0
|  tuple-ids=28 row-size=12B cardinality=100 cost=27
|  in pipelines: 28(GETNEXT)
|
F19:PLAN FRAGMENT [HASH(divide(sum(tpcds_partitioned_parquet_snap.store_sales.ss_ext_sales_price), 50))] hosts=10 instances=10 (adjusted from 120)
Per-Instance Resources: mem-estimate=20.31MB mem-reservation=2.88MB thread-reservation=1
max-parallelism=10 segment-costs=[13651310, 8231261, 62] cpu-comparison-result=142 [max(10 (self) vs 142 (sum children))]
28:TOP-N [LIMIT=100]
|  order by: divide(sum(tpcds_partitioned_parquet_snap.store_sales.ss_ext_sales_price), 50) ASC NULLS LAST, count() ASC NULLS LAST
|  mem-estimate=1.17KB mem-reservation=0B thread-reservation=0
|  tuple-ids=28 row-size=12B cardinality=100 cost=8231261
|  in pipelines: 28(GETNEXT), 50(OPEN)
|
50:AGGREGATE [FINALIZE]
|  output: count:merge()
|  group by: divide(sum(tpcds_partitioned_parquet_snap.store_sales.ss_ext_sales_price), 50)
|  mem-estimate=10.00MB mem-reservation=2.88MB spill-buffer=128.00KB thread-reservation=0
|  tuple-ids=27 row-size=12B cardinality=748.20K cost=9410221
|  in pipelines: 50(GETNEXT), 48(OPEN)
|
49:EXCHANGE [HASH(divide(sum(tpcds_partitioned_parquet_snap.store_sales.ss_ext_sales_price), 50))]
|  mem-estimate=10.31MB mem-reservation=0B thread-reservation=0
|  tuple-ids=27 row-size=12B cardinality=25.50M cost=4241089
|  in pipelines: 48(GETNEXT)
|
F18:PLAN FRAGMENT [HASH(tpcds_partitioned_parquet_snap.customer.c_customer_sk)] hosts=10 instances=20 (adjusted from 120)
Per-Instance Resources: mem-estimate=92.59MB mem-reservation=68.00MB thread-reservation=1
max-parallelism=20 segment-costs=[186201748, 75265483, 32847400] cpu-comparison-result=142 [max(20 (self) vs 142 (sum children))]
27:AGGREGATE [STREAMING]
|  output: count()
|  group by: CAST(divide(sum(tpcds_partitioned_parquet_snap.store_sales.ss_ext_sales_price), CAST(50 AS DECIMAL(3,0))) AS INT)
|  mem-estimate=34.00MB mem-reservation=34.00MB spill-buffer=2.00MB thread-reservation=0
|  tuple-ids=27 row-size=12B cardinality=25.50M cost=75265483
|  in pipelines: 48(GETNEXT)
|
48:AGGREGATE [FINALIZE]
|  output: sum:merge(tpcds_partitioned_parquet_snap.store_sales.ss_ext_sales_price)
|  group by: tpcds_partitioned_parquet_snap.customer.c_customer_sk
|  mem-estimate=45.78MB mem-reservation=34.00MB spill-buffer=2.00MB thread-reservation=0
|  tuple-ids=26 row-size=20B cardinality=30.00M cost=141948509
|  in pipelines: 48(GETNEXT), 14(OPEN)
|
47:EXCHANGE [HASH(tpcds_partitioned_parquet_snap.customer.c_customer_sk)]
|  mem-estimate=12.81MB mem-reservation=0B thread-reservation=0
|  tuple-ids=26 row-size=20B cardinality=217.89M cost=44253239
|  in pipelines: 14(GETNEXT)
|
F00:PLAN FRAGMENT [RANDOM] hosts=10 instances=120
Per-Host Shared Resources: mem-estimate=2.00MB mem-reservation=2.00MB thread-reservation=0 runtime-filters-memory=2.00MB
Per-Instance Resources: mem-estimate=60.74MB mem-reservation=42.00MB thread-reservation=1
max-parallelism=1824 segment-costs=[18616238897, 392897300] cpu-comparison-result=142 [max(120 (self) vs 142 (sum children))]
26:AGGREGATE [STREAMING]
|  output: sum(tpcds_partitioned_parquet_snap.store_sales.ss_ext_sales_price)
|  group by: tpcds_partitioned_parquet_snap.customer.c_customer_sk
|  mem-estimate=42.87MB mem-reservation=34.00MB spill-buffer=2.00MB thread-reservation=0
|  tuple-ids=26 row-size=20B cardinality=217.89M cost=633822708
|  in pipelines: 14(GETNEXT)
|
25:HASH JOIN [INNER JOIN, BROADCAST]
|  hash-table-id=00
|  hash predicates: tpcds_partitioned_parquet_snap.store_sales.ss_customer_sk = tpcds_partitioned_parquet_snap.customer.c_customer_sk
|  fk/pk conjuncts: none
|  mem-estimate=0B mem-reservation=0B spill-buffer=2.00MB thread-reservation=0
|  tuple-ids=16,18,22,25,12,14,11 row-size=1.02KB cardinality=224.76M cost=2256870146
|  in pipelines: 14(GETNEXT), 10(OPEN)
|
|--F21:PLAN FRAGMENT [RANDOM] hosts=10 instances=10
|  |  Per-Instance Resources: mem-estimate=608.12MB mem-reservation=409.00MB thread-reservation=1 runtime-filters-memory=1.00MB
|  |  max-parallelism=10 segment-costs=[1980024] cpu-comparison-result=131 [max(30 (self) vs 131 (sum children))]
|  JOIN BUILD
|  |  join-table-id=00 plan-id=01 cohort-id=01
|  |  build expressions: tpcds_partitioned_parquet_snap.customer.c_customer_sk
|  |  runtime filters: RF000[bloom] <- tpcds_partitioned_parquet_snap.customer.c_customer_sk, RF001[min_max] <- tpcds_partitioned_parquet_snap.customer.c_customer_sk
|  |  mem-estimate=590.18MB mem-reservation=408.00MB spill-buffer=2.00MB thread-reservation=0 cost=850164
|  |
|  46:EXCHANGE [BROADCAST]
|  |  mem-estimate=16.94MB mem-reservation=0B thread-reservation=0
|  |  tuple-ids=12,14,11 row-size=698B cardinality=850.16K cost=1129860
|  |  in pipelines: 10(GETNEXT)
|  |
|  F17:PLAN FRAGMENT [HASH(tpcds_partitioned_parquet_snap.customer_address.ca_address_sk)] hosts=10 instances=10
|  Per-Instance Resources: mem-estimate=19.59MB mem-reservation=0B thread-reservation=1
|  max-parallelism=10 segment-costs=[3165588]
|  13:HASH JOIN [INNER JOIN, PARTITIONED]
|  |  hash-table-id=01
|  |  hash predicates: tpcds_partitioned_parquet_snap.customer_address.ca_address_sk = tpcds_partitioned_parquet_snap.customer.c_current_addr_sk
|  |  fk/pk conjuncts: tpcds_partitioned_parquet_snap.customer_address.ca_address_sk = tpcds_partitioned_parquet_snap.customer.c_current_addr_sk
|  |  mem-estimate=0B mem-reservation=0B spill-buffer=2.00MB thread-reservation=0
|  |  tuple-ids=12,14,11 row-size=698B cardinality=850.16K cost=251028
|  |  in pipelines: 10(GETNEXT), 43(OPEN)
|  |
|  |--F22:PLAN FRAGMENT [HASH(tpcds_partitioned_parquet_snap.customer_address.ca_address_sk)] hosts=10 instances=10
|  |  |  Per-Instance Resources: mem-estimate=152.51MB mem-reservation=50.00MB thread-reservation=1 runtime-filters-memory=16.00MB
|  |  |  max-parallelism=10 segment-costs=[34437000] cpu-comparison-result=120 [max(10 (self) vs 120 (sum children))]
|  |  JOIN BUILD
|  |  |  join-table-id=01 plan-id=02 cohort-id=02
|  |  |  build expressions: tpcds_partitioned_parquet_snap.customer.c_current_addr_sk
|  |  |  runtime filters: RF004[bloom] <- tpcds_partitioned_parquet_snap.customer.c_current_addr_sk, RF005[min_max] <- tpcds_partitioned_parquet_snap.customer.c_current_addr_sk
|  |  |  mem-estimate=125.11MB mem-reservation=34.00MB spill-buffer=2.00MB thread-reservation=0 cost=30000000
|  |  |
|  |  45:EXCHANGE [HASH(tpcds_partitioned_parquet_snap.customer.c_current_addr_sk)]
|  |  |  mem-estimate=11.41MB mem-reservation=0B thread-reservation=0
|  |  |  tuple-ids=11 row-size=8B cardinality=30.00M cost=4437000
|  |  |  in pipelines: 43(GETNEXT)
|  |  |
|  |  F16:PLAN FRAGMENT [HASH(tpcds_partitioned_parquet_snap.customer.c_customer_sk,tpcds_partitioned_parquet_snap.customer.c_current_addr_sk)] hosts=10 instances=120
|  |  Per-Instance Resources: mem-estimate=489.03MB mem-reservation=34.00MB thread-reservation=1
|  |  max-parallelism=480 segment-costs=[4709360955, 30912000] cpu-comparison-result=120 [max(120 (self) vs 120 (sum children))]
|  |  43:AGGREGATE [FINALIZE]
|  |  |  group by: tpcds_partitioned_parquet_snap.customer.c_customer_sk, tpcds_partitioned_parquet_snap.customer.c_current_addr_sk
|  |  |  mem-estimate=477.62MB mem-reservation=34.00MB spill-buffer=2.00MB thread-reservation=0
|  |  |  tuple-ids=11 row-size=8B cardinality=30.00M cost=4264931566
|  |  |  in pipelines: 43(GETNEXT), 01(OPEN), 02(OPEN)
|  |  |
|  |  42:EXCHANGE [HASH(tpcds_partitioned_parquet_snap.customer.c_customer_sk,tpcds_partitioned_parquet_snap.customer.c_current_addr_sk)]
|  |  |  mem-estimate=11.41MB mem-reservation=0B thread-reservation=0
|  |  |  tuple-ids=11 row-size=8B cardinality=3.00G cost=444429389
|  |  |  in pipelines: 01(GETNEXT), 02(GETNEXT)
|  |  |
|  |  F12:PLAN FRAGMENT [RANDOM] hosts=10 instances=120
|  |  Per-Instance Resources: mem-estimate=693.97MB mem-reservation=35.00MB thread-reservation=1
|  |  max-parallelism=120 segment-costs=[32553802462, 3096281561] cpu-comparison-result=120 [max(120 (self) vs 45 (sum children))]
|  |  09:AGGREGATE [STREAMING]
|  |  |  group by: tpcds_partitioned_parquet_snap.customer.c_customer_sk, tpcds_partitioned_parquet_snap.customer.c_current_addr_sk
|  |  |  mem-estimate=672.34MB mem-reservation=34.00MB spill-buffer=2.00MB thread-reservation=0
|  |  |  tuple-ids=11 row-size=8B cardinality=3.00G cost=22512064066
|  |  |  in pipelines: 01(GETNEXT), 02(GETNEXT)
|  |  |
|  |  08:HASH JOIN [INNER JOIN, BROADCAST]
|  |  |  hash-table-id=02
|  |  |  hash predicates: CUSTOMER_SK = tpcds_partitioned_parquet_snap.customer.c_customer_sk
|  |  |  fk/pk conjuncts: assumed fk/pk
|  |  |  mem-estimate=0B mem-reservation=0B spill-buffer=2.00MB thread-reservation=0
|  |  |  tuple-ids=4,5,7,9 row-size=859B cardinality=6.48G cost=2836316110
|  |  |  in pipelines: 01(GETNEXT), 02(GETNEXT), 07(OPEN)
|  |  |
|  |  |--F23:PLAN FRAGMENT [RANDOM] hosts=10 instances=10
|  |  |  |  Per-Instance Resources: mem-estimate=6.47GB mem-reservation=408.00MB thread-reservation=1
|  |  |  |  max-parallelism=10 segment-costs=[69869990]
|  |  |  JOIN BUILD
|  |  |  |  join-table-id=02 plan-id=03 cohort-id=03
|  |  |  |  build expressions: tpcds_partitioned_parquet_snap.customer.c_customer_sk
|  |  |  |  mem-estimate=6.46GB mem-reservation=408.00MB spill-buffer=2.00MB thread-reservation=0 cost=30000000
|  |  |  |
|  |  |  41:EXCHANGE [BROADCAST]
|  |  |  |  mem-estimate=12.04MB mem-reservation=0B thread-reservation=0
|  |  |  |  tuple-ids=9 row-size=204B cardinality=30.00M cost=39869990
|  |  |  |  in pipelines: 07(GETNEXT)
|  |  |  |
|  |  |  F15:PLAN FRAGMENT [RANDOM] hosts=10 instances=10
|  |  |  Per-Instance Resources: mem-estimate=16.81MB mem-reservation=1.00MB thread-reservation=1
|  |  |  max-parallelism=10 segment-costs=[64027278]
|  |  |  07:SCAN HDFS [tpcds_partitioned_parquet_snap.customer, RANDOM]
|  |  |     HDFS partitions=1/1 files=1 size=1.55GB
|  |  |     stored statistics:
|  |  |       table: rows=30.00M size=1.55GB
|  |  |       columns: all
|  |  |     extrapolated-rows=disabled max-scan-range-rows=3.10M
|  |  |     mem-estimate=16.00MB mem-reservation=1.00MB thread-reservation=0
|  |  |     tuple-ids=9 row-size=204B cardinality=30.00M cost=46823813
|  |  |     in pipelines: 07(GETNEXT)
|  |  |
|  |  06:HASH JOIN [INNER JOIN, BROADCAST]
|  |  |  hash-table-id=03
|  |  |  hash predicates: ITEM_SK = tpcds_partitioned_parquet_snap.item.i_item_sk
|  |  |  fk/pk conjuncts: assumed fk/pk
|  |  |  mem-estimate=0B mem-reservation=0B spill-buffer=64.00KB thread-reservation=0
|  |  |  tuple-ids=4,5,7 row-size=655B cardinality=6.48G cost=2836316110
|  |  |  in pipelines: 01(GETNEXT), 02(GETNEXT), 05(OPEN)
|  |  |
|  |  |--F24:PLAN FRAGMENT [RANDOM] hosts=10 instances=10
|  |  |  |  Per-Instance Resources: mem-estimate=25.29MB mem-reservation=23.25MB thread-reservation=1
|  |  |  |  max-parallelism=10 segment-costs=[2666]
|  |  |  JOIN BUILD
|  |  |  |  join-table-id=03 plan-id=04 cohort-id=03
|  |  |  |  build expressions: tpcds_partitioned_parquet_snap.item.i_item_sk
|  |  |  |  mem-estimate=23.25MB mem-reservation=23.25MB spill-buffer=64.00KB thread-reservation=0 cost=1146
|  |  |  |
|  |  |  40:EXCHANGE [BROADCAST]
|  |  |  |  mem-estimate=2.04MB mem-reservation=0B thread-reservation=0
|  |  |  |  tuple-ids=7 row-size=405B cardinality=1.15K cost=1520
|  |  |  |  in pipelines: 05(GETNEXT)
|  |  |  |
|  |  |  F14:PLAN FRAGMENT [RANDOM] hosts=4 instances=4
|  |  |  Per-Instance Resources: mem-estimate=17.60MB mem-reservation=512.00KB thread-reservation=1
|  |  |  max-parallelism=4 segment-costs=[1377120]
|  |  |  05:SCAN HDFS [tpcds_partitioned_parquet_snap.item, RANDOM]
|  |  |     HDFS partitions=1/1 files=1 size=33.54MB
|  |  |     predicates: tpcds_partitioned_parquet_snap.item.i_class = 'country', tpcds_partitioned_parquet_snap.item.i_category = 'Music'
|  |  |     stored statistics:
|  |  |       table: rows=360.00K size=33.54MB
|  |  |       columns: all
|  |  |     extrapolated-rows=disabled max-scan-range-rows=101.54K
|  |  |     parquet statistics predicates: tpcds_partitioned_parquet_snap.item.i_class = 'country', tpcds_partitioned_parquet_snap.item.i_category = 'Music'
|  |  |     parquet dictionary predicates: tpcds_partitioned_parquet_snap.item.i_class = 'country', tpcds_partitioned_parquet_snap.item.i_category = 'Music'
|  |  |     mem-estimate=16.00MB mem-reservation=512.00KB thread-reservation=0
|  |  |     tuple-ids=7 row-size=405B cardinality=1.15K cost=1375841
|  |  |     in pipelines: 05(GETNEXT)
|  |  |
|  |  04:HASH JOIN [INNER JOIN, BROADCAST]
|  |  |  hash-table-id=04
|  |  |  hash predicates: SOLD_DATE_SK = tpcds_partitioned_parquet_snap.date_dim.d_date_sk
|  |  |  fk/pk conjuncts: assumed fk/pk
|  |  |  mem-estimate=0B mem-reservation=0B spill-buffer=64.00KB thread-reservation=0
|  |  |  tuple-ids=4,5 row-size=249B cardinality=6.48G cost=2836316110
|  |  |  in pipelines: 01(GETNEXT), 02(GETNEXT), 03(OPEN)
|  |  |
|  |  |--F25:PLAN FRAGMENT [RANDOM] hosts=10 instances=10
|  |  |  |  Per-Instance Resources: mem-estimate=23.30MB mem-reservation=23.25MB thread-reservation=1
|  |  |  |  max-parallelism=10 segment-costs=[248]
|  |  |  JOIN BUILD
|  |  |  |  join-table-id=04 plan-id=05 cohort-id=03
|  |  |  |  build expressions: tpcds_partitioned_parquet_snap.date_dim.d_date_sk
|  |  |  |  mem-estimate=23.25MB mem-reservation=23.25MB spill-buffer=64.00KB thread-reservation=0 cost=108
|  |  |  |
|  |  |  39:EXCHANGE [BROADCAST]
|  |  |  |  mem-estimate=50.45KB mem-reservation=0B thread-reservation=0
|  |  |  |  tuple-ids=5 row-size=237B cardinality=108 cost=140
|  |  |  |  in pipelines: 03(GETNEXT)
|  |  |  |
|  |  |  F13:PLAN FRAGMENT [RANDOM] hosts=1 instances=1
|  |  |  Per-Instance Resources: mem-estimate=16.94MB mem-reservation=4.00MB thread-reservation=1
|  |  |  max-parallelism=1 segment-costs=[114776]
|  |  |  03:SCAN HDFS [tpcds_partitioned_parquet_snap.date_dim, RANDOM]
|  |  |     HDFS partitions=1/1 files=1 size=2.17MB
|  |  |     predicates: tpcds_partitioned_parquet_snap.date_dim.d_year = CAST(2001 AS INT), tpcds_partitioned_parquet_snap.date_dim.d_moy = CAST(7 AS INT)
|  |  |     stored statistics:
|  |  |       table: rows=73.05K size=2.17MB
|  |  |       columns: all
|  |  |     extrapolated-rows=disabled max-scan-range-rows=73.05K
|  |  |     parquet statistics predicates: tpcds_partitioned_parquet_snap.date_dim.d_year = CAST(2001 AS INT), tpcds_partitioned_parquet_snap.date_dim.d_moy = CAST(7 AS INT)
|  |  |     parquet dictionary predicates: tpcds_partitioned_parquet_snap.date_dim.d_year = CAST(2001 AS INT), tpcds_partitioned_parquet_snap.date_dim.d_moy = CAST(7 AS INT)
|  |  |     mem-estimate=16.00MB mem-reservation=4.00MB thread-reservation=0
|  |  |     tuple-ids=5 row-size=237B cardinality=108 cost=114705
|  |  |     in pipelines: 03(GETNEXT)
|  |  |
|  |  00:UNION
|  |  |  mem-estimate=0B mem-reservation=0B thread-reservation=0
|  |  |  tuple-ids=4 row-size=12B cardinality=6.48G cost=413038128
|  |  |  in pipelines: 01(GETNEXT), 02(GETNEXT)
|  |  |
|  |  |--02:SCAN HDFS [tpcds_partitioned_parquet_snap.web_sales, RANDOM]
|  |  |     HDFS partitions=1824/1824 files=1824 size=145.75GB
|  |  |     stored statistics:
|  |  |       table: rows=2.16G size=145.75GB
|  |  |       partitions: 1824/1824 rows=2.16G
|  |  |       columns: all
|  |  |     extrapolated-rows=disabled max-scan-range-rows=3.37M
|  |  |     mem-estimate=16.00MB mem-reservation=128.00KB thread-reservation=0
|  |  |     tuple-ids=2 row-size=12B cardinality=2.16G cost=373242464
|  |  |     in pipelines: 02(GETNEXT)
|  |  |
|  |  01:SCAN HDFS [tpcds_partitioned_parquet_snap.catalog_sales, RANDOM]
|  |     HDFS partitions=1831/1831 files=1831 size=280.96GB
|  |     stored statistics:
|  |       table: rows=4.32G size=280.96GB
|  |       partitions: 1831/1831 rows=4.32G
|  |       columns: all
|  |     extrapolated-rows=disabled max-scan-range-rows=21.52M
|  |     mem-estimate=16.00MB mem-reservation=1.00MB thread-reservation=0
|  |     tuple-ids=0 row-size=12B cardinality=4.32G cost=746509474
|  |     in pipelines: 01(GETNEXT)
|  |
|  44:EXCHANGE [HASH(tpcds_partitioned_parquet_snap.customer_address.ca_address_sk)]
|  |  mem-estimate=16.82MB mem-reservation=0B thread-reservation=0
|  |  tuple-ids=12,14 row-size=690B cardinality=378.08K cost=1256513
|  |  in pipelines: 10(GETNEXT)
|  |
|  F08:PLAN FRAGMENT [RANDOM] hosts=10 instances=10
|  Per-Host Shared Resources: mem-estimate=18.00MB mem-reservation=18.00MB thread-reservation=0 runtime-filters-memory=18.00MB
|  Per-Instance Resources: mem-estimate=43.28MB mem-reservation=128.00KB thread-reservation=1
|  max-parallelism=10 segment-costs=[41627713]
|  12:HASH JOIN [INNER JOIN, BROADCAST]
|  |  hash-table-id=05
|  |  hash predicates: tpcds_partitioned_parquet_snap.customer_address.ca_state = tpcds_partitioned_parquet_snap.store.s_state, tpcds_partitioned_parquet_snap.customer_address.ca_county = tpcds_partitioned_parquet_snap.store.s_county
|  |  fk/pk conjuncts: tpcds_partitioned_parquet_snap.customer_address.ca_state = tpcds_partitioned_parquet_snap.store.s_state, tpcds_partitioned_parquet_snap.customer_address.ca_county = tpcds_partitioned_parquet_snap.store.s_county
|  |  mem-estimate=0B mem-reservation=0B spill-buffer=64.00KB thread-reservation=0
|  |  tuple-ids=12,14 row-size=690B cardinality=378.08K cost=2914604
|  |  in pipelines: 10(GETNEXT), 11(OPEN)
|  |
|  |--F26:PLAN FRAGMENT [RANDOM] hosts=10 instances=10
|  |  |  Per-Instance Resources: mem-estimate=4.98MB mem-reservation=3.94MB thread-reservation=1 runtime-filters-memory=2.00MB
|  |  |  max-parallelism=10 segment-costs=[3140]
|  |  JOIN BUILD
|  |  |  join-table-id=05 plan-id=06 cohort-id=02
|  |  |  build expressions: tpcds_partitioned_parquet_snap.store.s_state, tpcds_partitioned_parquet_snap.store.s_county
|  |  |  runtime filters: RF006[bloom] <- tpcds_partitioned_parquet_snap.store.s_state, RF007[bloom] <- tpcds_partitioned_parquet_snap.store.s_county, RF008[min_max] <- tpcds_partitioned_parquet_snap.store.s_state, RF009[min_max] <- tpcds_partitioned_parquet_snap.store.s_county
|  |  |  mem-estimate=1.94MB mem-reservation=1.94MB spill-buffer=64.00KB thread-reservation=0 cost=1350
|  |  |
|  |  38:EXCHANGE [BROADCAST]
|  |  |  mem-estimate=1.04MB mem-reservation=0B thread-reservation=0
|  |  |  tuple-ids=14 row-size=459B cardinality=1.35K cost=1790
|  |  |  in pipelines: 11(GETNEXT)
|  |  |
|  |  F09:PLAN FRAGMENT [RANDOM] hosts=1 instances=1
|  |  Per-Instance Resources: mem-estimate=17.81MB mem-reservation=232.00KB thread-reservation=1
|  |  max-parallelism=1 segment-costs=[6419]
|  |  11:SCAN HDFS [tpcds_partitioned_parquet_snap.store, RANDOM]
|  |     HDFS partitions=1/1 files=1 size=119.76KB
|  |     stored statistics:
|  |       table: rows=1.35K size=119.76KB
|  |       columns: all
|  |     extrapolated-rows=disabled max-scan-range-rows=1.35K
|  |     mem-estimate=16.00MB mem-reservation=232.00KB thread-reservation=0
|  |     tuple-ids=14 row-size=459B cardinality=1.35K cost=4718
|  |     in pipelines: 11(GETNEXT)
|  |
|  10:SCAN HDFS [tpcds_partitioned_parquet_snap.customer_address, RANDOM]
|     HDFS partitions=1/1 files=1 size=307.36MB
|     runtime filters: RF005[min_max] -> tpcds_partitioned_parquet_snap.customer_address.ca_address_sk, RF008[min_max] -> tpcds_partitioned_parquet_snap.customer_address.ca_state, RF009[min_max] -> tpcds_partitioned_parquet_snap.customer_address.ca_county, RF004[bloom] -> tpcds_partitioned_parquet_snap.customer_address.ca_address_sk, RF006[bloom] -> tpcds_partitioned_parquet_snap.customer_address.ca_state, RF007[bloom] -> tpcds_partitioned_parquet_snap.customer_address.ca_county
|     stored statistics:
|       table: rows=15.00M size=307.36MB
|       columns: all
|     extrapolated-rows=disabled max-scan-range-rows=1.58M
|     mem-estimate=16.00MB mem-reservation=128.00KB thread-reservation=0
|     tuple-ids=12 row-size=232B cardinality=11.10M(filtered from 15.00M) cost=21515206
|     in pipelines: 10(GETNEXT)
|
24:HASH JOIN [INNER JOIN, BROADCAST]
|  hash-table-id=06
|  hash predicates: tpcds_partitioned_parquet_snap.store_sales.ss_sold_date_sk = tpcds_partitioned_parquet_snap.date_dim_0.d_date_sk
|  fk/pk conjuncts: tpcds_partitioned_parquet_snap.store_sales.ss_sold_date_sk = tpcds_partitioned_parquet_snap.date_dim_0.d_date_sk
|  mem-estimate=0B mem-reservation=0B spill-buffer=2.00MB thread-reservation=0
|  tuple-ids=16,18,22,25 row-size=349B cardinality=8.64G cost=3781699633
|  in pipelines: 14(GETNEXT), 15(OPEN)
|
|--F27:PLAN FRAGMENT [RANDOM] hosts=10 instances=10
|  |  Per-Instance Resources: mem-estimate=419.26MB mem-reservation=409.00MB thread-reservation=1 runtime-filters-memory=1.00MB
|  |  max-parallelism=10 segment-costs=[170129] cpu-comparison-result=11 [max(11 (self) vs 2 (sum children))]
|  JOIN BUILD
|  |  join-table-id=06 plan-id=07 cohort-id=01
|  |  build expressions: tpcds_partitioned_parquet_snap.date_dim_0.d_date_sk
|  |  runtime filters: RF002[bloom] <- tpcds_partitioned_parquet_snap.date_dim_0.d_date_sk
|  |  mem-estimate=408.00MB mem-reservation=408.00MB spill-buffer=2.00MB thread-reservation=0 cost=73049
|  |
|  37:EXCHANGE [BROADCAST]
|  |  mem-estimate=10.26MB mem-reservation=0B thread-reservation=0
|  |  tuple-ids=18,22,25 row-size=253B cardinality=73.05K cost=97080
|  |  in pipelines: 15(GETNEXT)
|  |
|  F01:PLAN FRAGMENT [RANDOM] hosts=1 instances=1
|  Per-Instance Resources: mem-estimate=17.04MB mem-reservation=4.00MB thread-reservation=1
|  max-parallelism=1 segment-costs=[195195]
|  23:NESTED LOOP JOIN [INNER JOIN, BROADCAST]
|  |  join table id: 07
|  |  join predicates: CAST(tpcds_partitioned_parquet_snap.date_dim_0.d_month_seq AS BIGINT) >= add(tpcds_partitioned_parquet_snap.date_dim_2.d_month_seq, 1)
|  |  mem-estimate=0B mem-reservation=0B thread-reservation=0
|  |  tuple-ids=18,22,25 row-size=253B cardinality=73.05K cost=14967
|  |  in pipelines: 15(GETNEXT), 22(OPEN)
|  |
|  |--F28:PLAN FRAGMENT [RANDOM] hosts=1 instances=1
|  |  |  Per-Instance Resources: mem-estimate=16.01KB mem-reservation=0B thread-reservation=1
|  |  |  max-parallelism=1 segment-costs=[0] cpu-comparison-result=1 [max(1 (self) vs 1 (sum children))]
|  |  JOIN BUILD
|  |  |  join-table-id=07 plan-id=08 cohort-id=04
|  |  |  mem-estimate=8B mem-reservation=0B thread-reservation=0 cost=0
|  |  |
|  |  36:EXCHANGE [BROADCAST]
|  |  |  mem-estimate=16.00KB mem-reservation=0B thread-reservation=0
|  |  |  tuple-ids=25 row-size=8B cardinality=1 cost=0
|  |  |  in pipelines: 22(GETNEXT)
|  |  |
|  |  F07:PLAN FRAGMENT [UNPARTITIONED] hosts=1 instances=1
|  |  Per-Instance Resources: mem-estimate=48.00KB mem-reservation=0B thread-reservation=1
|  |  max-parallelism=1 segment-costs=[0, 0] cpu-comparison-result=1 [max(1 (self) vs 1 (sum children))]
|  |  22:CARDINALITY CHECK
|  |  |  limit: 1
|  |  |  mem-estimate=0B mem-reservation=0B thread-reservation=0
|  |  |  tuple-ids=25 row-size=8B cardinality=1 cost=0
|  |  |  in pipelines: 22(GETNEXT), 34(OPEN)
|  |  |
|  |  35:EXCHANGE [UNPARTITIONED]
|  |  |  limit: 2
|  |  |  mem-estimate=16.00KB mem-reservation=0B thread-reservation=0
|  |  |  tuple-ids=25 row-size=8B cardinality=2 cost=0
|  |  |  in pipelines: 34(GETNEXT)
|  |  |
|  |  F06:PLAN FRAGMENT [HASH(add(tpcds_partitioned_parquet_snap.date_dim_2.d_month_seq, 1))] hosts=1 instances=1
|  |  Per-Instance Resources: mem-estimate=10.05MB mem-reservation=1.94MB thread-reservation=1
|  |  max-parallelism=1 segment-costs=[5, 2] cpu-comparison-result=1 [max(1 (self) vs 1 (sum children))]
|  |  34:AGGREGATE [FINALIZE]
|  |  |  group by: add(tpcds_partitioned_parquet_snap.date_dim_2.d_month_seq, 1)
|  |  |  limit: 2
|  |  |  mem-estimate=10.00MB mem-reservation=1.94MB spill-buffer=64.00KB thread-reservation=0
|  |  |  tuple-ids=25 row-size=8B cardinality=2 cost=5
|  |  |  in pipelines: 34(GETNEXT), 20(OPEN)
|  |  |
|  |  33:EXCHANGE [HASH(add(tpcds_partitioned_parquet_snap.date_dim_2.d_month_seq, 1))]
|  |  |  mem-estimate=16.00KB mem-reservation=0B thread-reservation=0
|  |  |  tuple-ids=25 row-size=8B cardinality=2 cost=0
|  |  |  in pipelines: 20(GETNEXT)
|  |  |
|  |  F05:PLAN FRAGMENT [RANDOM] hosts=1 instances=1
|  |  Per-Instance Resources: mem-estimate=26.05MB mem-reservation=2.25MB thread-reservation=1
|  |  max-parallelism=1 segment-costs=[16764, 2]
|  |  21:AGGREGATE [STREAMING]
|  |  |  group by: add(CAST(tpcds_partitioned_parquet_snap.date_dim_2.d_month_seq AS BIGINT), CAST(1 AS BIGINT))
|  |  |  limit: 2
|  |  |  mem-estimate=10.00MB mem-reservation=2.00MB spill-buffer=64.00KB thread-reservation=0
|  |  |  tuple-ids=25 row-size=8B cardinality=2 cost=36
|  |  |  in pipelines: 20(GETNEXT)
|  |  |
|  |  20:SCAN HDFS [tpcds_partitioned_parquet_snap.date_dim, RANDOM]
|  |     HDFS partitions=1/1 files=1 size=2.17MB
|  |     predicates: tpcds_partitioned_parquet_snap.date_dim_2.d_year = CAST(2001 AS INT), tpcds_partitioned_parquet_snap.date_dim_2.d_moy = CAST(7 AS INT)
|  |     stored statistics:
|  |       table: rows=73.05K size=2.17MB
|  |       columns: all
|  |     extrapolated-rows=disabled max-scan-range-rows=73.05K
|  |     parquet statistics predicates: tpcds_partitioned_parquet_snap.date_dim_2.d_year = CAST(2001 AS INT), tpcds_partitioned_parquet_snap.date_dim_2.d_moy = CAST(7 AS INT)
|  |     parquet dictionary predicates: tpcds_partitioned_parquet_snap.date_dim_2.d_year = CAST(2001 AS INT), tpcds_partitioned_parquet_snap.date_dim_2.d_moy = CAST(7 AS INT)
|  |     mem-estimate=16.00MB mem-reservation=256.00KB thread-reservation=0
|  |     tuple-ids=23 row-size=12B cardinality=108 cost=16728
|  |     in pipelines: 20(GETNEXT)
|  |
|  19:NESTED LOOP JOIN [INNER JOIN, BROADCAST]
|  |  join table id: 08
|  |  join predicates: CAST(tpcds_partitioned_parquet_snap.date_dim_0.d_month_seq AS BIGINT) <= add(tpcds_partitioned_parquet_snap.date_dim_1.d_month_seq, 3)
|  |  mem-estimate=0B mem-reservation=0B thread-reservation=0
|  |  tuple-ids=18,22 row-size=245B cardinality=73.05K cost=14967
|  |  in pipelines: 15(GETNEXT), 18(OPEN)
|  |
|  |--F29:PLAN FRAGMENT [RANDOM] hosts=1 instances=1
|  |  |  Per-Instance Resources: mem-estimate=16.01KB mem-reservation=0B thread-reservation=1
|  |  |  max-parallelism=1 segment-costs=[0] cpu-comparison-result=1 [max(1 (self) vs 1 (sum children))]
|  |  JOIN BUILD
|  |  |  join-table-id=08 plan-id=09 cohort-id=04
|  |  |  mem-estimate=8B mem-reservation=0B thread-reservation=0 cost=0
|  |  |
|  |  32:EXCHANGE [BROADCAST]
|  |  |  mem-estimate=16.00KB mem-reservation=0B thread-reservation=0
|  |  |  tuple-ids=22 row-size=8B cardinality=1 cost=0
|  |  |  in pipelines: 18(GETNEXT)
|  |  |
|  |  F04:PLAN FRAGMENT [UNPARTITIONED] hosts=1 instances=1
|  |  Per-Instance Resources: mem-estimate=48.00KB mem-reservation=0B thread-reservation=1
|  |  max-parallelism=1 segment-costs=[0, 0] cpu-comparison-result=1 [max(1 (self) vs 1 (sum children))]
|  |  18:CARDINALITY CHECK
|  |  |  limit: 1
|  |  |  mem-estimate=0B mem-reservation=0B thread-reservation=0
|  |  |  tuple-ids=22 row-size=8B cardinality=1 cost=0
|  |  |  in pipelines: 18(GETNEXT), 30(OPEN)
|  |  |
|  |  31:EXCHANGE [UNPARTITIONED]
|  |  |  limit: 2
|  |  |  mem-estimate=16.00KB mem-reservation=0B thread-reservation=0
|  |  |  tuple-ids=22 row-size=8B cardinality=2 cost=0
|  |  |  in pipelines: 30(GETNEXT)
|  |  |
|  |  F03:PLAN FRAGMENT [HASH(add(tpcds_partitioned_parquet_snap.date_dim_1.d_month_seq, 3))] hosts=1 instances=1
|  |  Per-Instance Resources: mem-estimate=10.05MB mem-reservation=1.94MB thread-reservation=1
|  |  max-parallelism=1 segment-costs=[5, 2] cpu-comparison-result=1 [max(1 (self) vs 1 (sum children))]
|  |  30:AGGREGATE [FINALIZE]
|  |  |  group by: add(tpcds_partitioned_parquet_snap.date_dim_1.d_month_seq, 3)
|  |  |  limit: 2
|  |  |  mem-estimate=10.00MB mem-reservation=1.94MB spill-buffer=64.00KB thread-reservation=0
|  |  |  tuple-ids=22 row-size=8B cardinality=2 cost=5
|  |  |  in pipelines: 30(GETNEXT), 16(OPEN)
|  |  |
|  |  29:EXCHANGE [HASH(add(tpcds_partitioned_parquet_snap.date_dim_1.d_month_seq, 3))]
|  |  |  mem-estimate=16.00KB mem-reservation=0B thread-reservation=0
|  |  |  tuple-ids=22 row-size=8B cardinality=2 cost=0
|  |  |  in pipelines: 16(GETNEXT)
|  |  |
|  |  F02:PLAN FRAGMENT [RANDOM] hosts=1 instances=1
|  |  Per-Instance Resources: mem-estimate=26.05MB mem-reservation=2.25MB thread-reservation=1
|  |  max-parallelism=1 segment-costs=[16764, 2]
|  |  17:AGGREGATE [STREAMING]
|  |  |  group by: add(CAST(tpcds_partitioned_parquet_snap.date_dim_1.d_month_seq AS BIGINT), CAST(3 AS BIGINT))
|  |  |  limit: 2
|  |  |  mem-estimate=10.00MB mem-reservation=2.00MB spill-buffer=64.00KB thread-reservation=0
|  |  |  tuple-ids=22 row-size=8B cardinality=2 cost=36
|  |  |  in pipelines: 16(GETNEXT)
|  |  |
|  |  16:SCAN HDFS [tpcds_partitioned_parquet_snap.date_dim, RANDOM]
|  |     HDFS partitions=1/1 files=1 size=2.17MB
|  |     predicates: tpcds_partitioned_parquet_snap.date_dim_1.d_year = CAST(2001 AS INT), tpcds_partitioned_parquet_snap.date_dim_1.d_moy = CAST(7 AS INT)
|  |     stored statistics:
|  |       table: rows=73.05K size=2.17MB
|  |       columns: all
|  |     extrapolated-rows=disabled max-scan-range-rows=73.05K
|  |     parquet statistics predicates: tpcds_partitioned_parquet_snap.date_dim_1.d_year = CAST(2001 AS INT), tpcds_partitioned_parquet_snap.date_dim_1.d_moy = CAST(7 AS INT)
|  |     parquet dictionary predicates: tpcds_partitioned_parquet_snap.date_dim_1.d_year = CAST(2001 AS INT), tpcds_partitioned_parquet_snap.date_dim_1.d_moy = CAST(7 AS INT)
|  |     mem-estimate=16.00MB mem-reservation=256.00KB thread-reservation=0
|  |     tuple-ids=20 row-size=12B cardinality=108 cost=16728
|  |     in pipelines: 16(GETNEXT)
|  |
|  15:SCAN HDFS [tpcds_partitioned_parquet_snap.date_dim, RANDOM]
|     HDFS partitions=1/1 files=1 size=2.17MB
|     stored statistics:
|       table: rows=73.05K size=2.17MB
|       columns: all
|     extrapolated-rows=disabled max-scan-range-rows=73.05K
|     mem-estimate=16.00MB mem-reservation=4.00MB thread-reservation=0
|     tuple-ids=18 row-size=237B cardinality=73.05K cost=110600
|     in pipelines: 15(GETNEXT)
|
14:SCAN HDFS [tpcds_partitioned_parquet_snap.store_sales, RANDOM]
   HDFS partitions=1824/1824 files=1824 size=389.90GB
   runtime filters: RF001[min_max] -> tpcds_partitioned_parquet_snap.store_sales.ss_customer_sk, RF000[bloom] -> tpcds_partitioned_parquet_snap.store_sales.ss_customer_sk, RF002[bloom] -> tpcds_partitioned_parquet_snap.store_sales.ss_sold_date_sk
   stored statistics:
     table: rows=8.64G size=389.90GB
     partitions: 1824/1824 rows=8.64G
     columns: all
   extrapolated-rows=disabled max-scan-range-rows=390.22M
   mem-estimate=16.00MB mem-reservation=8.00MB thread-reservation=0
   tuple-ids=16 row-size=96B cardinality=8.64G cost=11943846410
   in pipelines: 14(GETNEXT)
====
