# TPCDS-Q19
# start query 19 in stream 0 using template query19.tpl using seed 109722472
select  i_brand_id brand_id, i_brand brand, i_manufact_id, i_manufact,
 	sum(ss_ext_sales_price) ext_price
 from date_dim, store_sales, item,customer,customer_address,store
 where d_date_sk = ss_sold_date_sk
   and ss_item_sk = i_item_sk
   and i_manager_id=26
   and d_moy=12
   and d_year=2000
   and ss_customer_sk = c_customer_sk
   and c_current_addr_sk = ca_address_sk
   and substr(ca_zip,1,5) <> substr(s_zip,1,5)
   and ss_store_sk = s_store_sk
 group by i_brand
      ,i_brand_id
      ,i_manufact_id
      ,i_manufact
 order by ext_price desc
         ,i_brand
         ,i_brand_id
         ,i_manufact_id
         ,i_manufact
limit 100 

# end query 19 in stream 0 using template query19.tpl
---- PLAN
Max Per-Host Resource Reservation: Memory=151.75MB Threads=1
Per-Host Resource Estimates: Memory=10.51GB
F00:PLAN FRAGMENT [UNPARTITIONED] hosts=1 instances=1
|  Per-Instance Resources: mem-estimate=10.51GB mem-reservation=151.75MB thread-reservation=1 runtime-filters-memory=35.00MB
|  max-parallelism=1 segment-costs=[2560543751, 3746309, 500]
PLAN-ROOT SINK
|  output exprs: tpcds_partitioned_parquet_snap.item.i_brand_id, tpcds_partitioned_parquet_snap.item.i_brand, tpcds_partitioned_parquet_snap.item.i_manufact_id, tpcds_partitioned_parquet_snap.item.i_manufact, sum(tpcds_partitioned_parquet_snap.store_sales.ss_ext_sales_price)
|  mem-estimate=4.00MB mem-reservation=4.00MB spill-buffer=2.00MB thread-reservation=0 cost=500
|
12:TOP-N [LIMIT=100]
|  order by: sum(tpcds_partitioned_parquet_snap.store_sales.ss_ext_sales_price) DESC NULLS FIRST, tpcds_partitioned_parquet_snap.item.i_brand ASC NULLS LAST, tpcds_partitioned_parquet_snap.item.i_brand_id ASC NULLS LAST, tpcds_partitioned_parquet_snap.item.i_manufact_id ASC NULLS LAST, tpcds_partitioned_parquet_snap.item.i_manufact ASC NULLS LAST
|  mem-estimate=7.37KB mem-reservation=0B thread-reservation=0
|  tuple-ids=13 row-size=75B cardinality=100 cost=3746309
|  in pipelines: 12(GETNEXT), 11(OPEN)
|
11:AGGREGATE [FINALIZE]
|  output: sum(tpcds_partitioned_parquet_snap.store_sales.ss_ext_sales_price)
|  group by: tpcds_partitioned_parquet_snap.item.i_brand, tpcds_partitioned_parquet_snap.item.i_brand_id, tpcds_partitioned_parquet_snap.item.i_manufact_id, tpcds_partitioned_parquet_snap.item.i_manufact
|  mem-estimate=394.40MB mem-reservation=34.00MB spill-buffer=2.00MB thread-reservation=0
|  tuple-ids=12 row-size=75B cardinality=360.00K cost=8128347
|  in pipelines: 11(GETNEXT), 00(OPEN)
|
10:HASH JOIN [INNER JOIN]
|  hash predicates: tpcds_partitioned_parquet_snap.customer.c_current_addr_sk = tpcds_partitioned_parquet_snap.customer_address.ca_address_sk
|  fk/pk conjuncts: tpcds_partitioned_parquet_snap.customer.c_current_addr_sk = tpcds_partitioned_parquet_snap.customer_address.ca_address_sk
|  other join predicates: substr(tpcds_partitioned_parquet_snap.customer_address.ca_zip, CAST(1 AS BIGINT), CAST(5 AS BIGINT)) != substr(tpcds_partitioned_parquet_snap.store.s_zip, CAST(1 AS BIGINT), CAST(5 AS BIGINT))
|  runtime filters: RF000[bloom] <- tpcds_partitioned_parquet_snap.customer_address.ca_address_sk, RF001[min_max] <- tpcds_partitioned_parquet_snap.customer_address.ca_address_sk
|  mem-estimate=3.61GB mem-reservation=34.00MB spill-buffer=2.00MB thread-reservation=0
|  tuple-ids=0,2,4,6,8,10 row-size=1.59KB cardinality=4.73M cost=17069873
|  in pipelines: 00(GETNEXT), 09(OPEN)
|
|--09:SCAN HDFS [tpcds_partitioned_parquet_snap.customer_address]
|     HDFS partitions=1/1 files=1 size=307.36MB
|     stored statistics:
|       table: rows=15.00M size=307.36MB
|       columns: all
|     extrapolated-rows=disabled max-scan-range-rows=1.58M
|     mem-estimate=16.00MB mem-reservation=128.00KB thread-reservation=0
|     tuple-ids=10 row-size=232B cardinality=15.00M cost=21515206
|     in pipelines: 09(GETNEXT)
|
08:HASH JOIN [INNER JOIN]
|  hash predicates: tpcds_partitioned_parquet_snap.store_sales.ss_customer_sk = tpcds_partitioned_parquet_snap.customer.c_customer_sk
|  fk/pk conjuncts: tpcds_partitioned_parquet_snap.store_sales.ss_customer_sk = tpcds_partitioned_parquet_snap.customer.c_customer_sk
|  runtime filters: RF002[bloom] <- tpcds_partitioned_parquet_snap.customer.c_customer_sk, RF003[min_max] <- tpcds_partitioned_parquet_snap.customer.c_customer_sk
|  mem-estimate=6.46GB mem-reservation=34.00MB spill-buffer=2.00MB thread-reservation=0
|  tuple-ids=0,2,4,6,8 row-size=1.37KB cardinality=4.73M cost=32178261
|  in pipelines: 00(GETNEXT), 07(OPEN)
|
|--07:SCAN HDFS [tpcds_partitioned_parquet_snap.customer]
|     HDFS partitions=1/1 files=1 size=1.55GB
|     runtime filters: RF001[min_max] -> tpcds_partitioned_parquet_snap.customer.c_current_addr_sk, RF000[bloom] -> tpcds_partitioned_parquet_snap.customer.c_current_addr_sk
|     stored statistics:
|       table: rows=30.00M size=1.55GB
|       columns: all
|     extrapolated-rows=disabled max-scan-range-rows=3.10M
|     mem-estimate=16.00MB mem-reservation=1.00MB thread-reservation=0
|     tuple-ids=8 row-size=204B cardinality=30.00M cost=46823813
|     in pipelines: 07(GETNEXT)
|
06:HASH JOIN [INNER JOIN]
|  hash predicates: tpcds_partitioned_parquet_snap.store_sales.ss_item_sk = tpcds_partitioned_parquet_snap.item.i_item_sk
|  fk/pk conjuncts: tpcds_partitioned_parquet_snap.store_sales.ss_item_sk = tpcds_partitioned_parquet_snap.item.i_item_sk
|  runtime filters: RF004[bloom] <- tpcds_partitioned_parquet_snap.item.i_item_sk, RF005[min_max] <- tpcds_partitioned_parquet_snap.item.i_item_sk
|  mem-estimate=2.88MB mem-reservation=2.88MB spill-buffer=128.00KB thread-reservation=0
|  tuple-ids=0,2,4,6 row-size=1.17KB cardinality=5.15M cost=23253573
|  in pipelines: 00(GETNEXT), 05(OPEN)
|
|--05:SCAN HDFS [tpcds_partitioned_parquet_snap.item]
|     HDFS partitions=1/1 files=1 size=33.54MB
|     predicates: tpcds_partitioned_parquet_snap.item.i_manager_id = CAST(26 AS INT)
|     stored statistics:
|       table: rows=360.00K size=33.54MB
|       columns: all
|     extrapolated-rows=disabled max-scan-range-rows=101.54K
|     parquet statistics predicates: tpcds_partitioned_parquet_snap.item.i_manager_id = CAST(26 AS INT)
|     parquet dictionary predicates: tpcds_partitioned_parquet_snap.item.i_manager_id = CAST(26 AS INT)
|     mem-estimate=16.00MB mem-reservation=512.00KB thread-reservation=0
|     tuple-ids=6 row-size=405B cardinality=3.63K cost=1365725
|     in pipelines: 05(GETNEXT)
|
04:HASH JOIN [INNER JOIN]
|  hash predicates: tpcds_partitioned_parquet_snap.store_sales.ss_sold_date_sk = tpcds_partitioned_parquet_snap.date_dim.d_date_sk
|  fk/pk conjuncts: tpcds_partitioned_parquet_snap.store_sales.ss_sold_date_sk = tpcds_partitioned_parquet_snap.date_dim.d_date_sk
|  runtime filters: RF006[bloom] <- tpcds_partitioned_parquet_snap.date_dim.d_date_sk
|  mem-estimate=1.94MB mem-reservation=1.94MB spill-buffer=64.00KB thread-reservation=0
|  tuple-ids=0,2,4 row-size=792B cardinality=87.00M(filtered from 511.58M) cost=115014004
|  in pipelines: 00(GETNEXT), 03(OPEN)
|
|--03:SCAN HDFS [tpcds_partitioned_parquet_snap.date_dim]
|     HDFS partitions=1/1 files=1 size=2.17MB
|     predicates: tpcds_partitioned_parquet_snap.date_dim.d_year = CAST(2000 AS INT), tpcds_partitioned_parquet_snap.date_dim.d_moy = CAST(12 AS INT)
|     stored statistics:
|       table: rows=73.05K size=2.17MB
|       columns: all
|     extrapolated-rows=disabled max-scan-range-rows=73.05K
|     parquet statistics predicates: tpcds_partitioned_parquet_snap.date_dim.d_year = CAST(2000 AS INT), tpcds_partitioned_parquet_snap.date_dim.d_moy = CAST(12 AS INT)
|     parquet dictionary predicates: tpcds_partitioned_parquet_snap.date_dim.d_year = CAST(2000 AS INT), tpcds_partitioned_parquet_snap.date_dim.d_moy = CAST(12 AS INT)
|     mem-estimate=16.00MB mem-reservation=4.00MB thread-reservation=0
|     tuple-ids=4 row-size=237B cardinality=108 cost=114705
|     in pipelines: 03(GETNEXT)
|
02:HASH JOIN [INNER JOIN]
|  hash predicates: tpcds_partitioned_parquet_snap.store_sales.ss_store_sk = tpcds_partitioned_parquet_snap.store.s_store_sk
|  fk/pk conjuncts: tpcds_partitioned_parquet_snap.store_sales.ss_store_sk = tpcds_partitioned_parquet_snap.store.s_store_sk
|  runtime filters: RF008[bloom] <- tpcds_partitioned_parquet_snap.store.s_store_sk, RF009[min_max] <- tpcds_partitioned_parquet_snap.store.s_store_sk
|  mem-estimate=1.94MB mem-reservation=1.94MB spill-buffer=64.00KB thread-reservation=0
|  tuple-ids=0,2 row-size=555B cardinality=87.00M(filtered from 8.64G) cost=1587874093
|  in pipelines: 00(GETNEXT), 01(OPEN)
|
|--01:SCAN HDFS [tpcds_partitioned_parquet_snap.store]
|     HDFS partitions=1/1 files=1 size=119.76KB
|     stored statistics:
|       table: rows=1.35K size=119.76KB
|       columns: all
|     extrapolated-rows=disabled max-scan-range-rows=1.35K
|     mem-estimate=16.00MB mem-reservation=232.00KB thread-reservation=0
|     tuple-ids=2 row-size=459B cardinality=1.35K cost=4718
|     in pipelines: 01(GETNEXT)
|
00:SCAN HDFS [tpcds_partitioned_parquet_snap.store_sales]
   HDFS partitions=1824/1824 files=1824 size=389.90GB
   runtime filters: RF003[min_max] -> tpcds_partitioned_parquet_snap.store_sales.ss_customer_sk, RF005[min_max] -> tpcds_partitioned_parquet_snap.store_sales.ss_item_sk, RF009[min_max] -> tpcds_partitioned_parquet_snap.store_sales.ss_store_sk, RF002[bloom] -> tpcds_partitioned_parquet_snap.store_sales.ss_customer_sk, RF004[bloom] -> tpcds_partitioned_parquet_snap.store_sales.ss_item_sk, RF006[bloom] -> tpcds_partitioned_parquet_snap.store_sales.ss_sold_date_sk, RF008[bloom] -> tpcds_partitioned_parquet_snap.store_sales.ss_store_sk
   stored statistics:
     table: rows=8.64G size=389.90GB
     partitions: 1824/1824 rows=8.64G
     columns: all
   extrapolated-rows=disabled max-scan-range-rows=390.22M est-scan-range=109(filtered from 1824)
   mem-estimate=16.00MB mem-reservation=8.00MB thread-reservation=0
   tuple-ids=0 row-size=96B cardinality=87.00M(filtered from 8.64G) cost=707201433
   in pipelines: 00(GETNEXT)
---- DISTRIBUTEDPLAN
Max Per-Host Resource Reservation: Memory=428.10MB Threads=27
Per-Host Resource Estimates: Memory=3.00GB
F09:PLAN FRAGMENT [UNPARTITIONED] hosts=1 instances=1
|  Per-Instance Resources: mem-estimate=4.08MB mem-reservation=4.00MB thread-reservation=1
|  max-parallelism=1 segment-costs=[540] cpu-comparison-result=139 [max(1 (self) vs 139 (sum children))]
PLAN-ROOT SINK
|  output exprs: tpcds_partitioned_parquet_snap.item.i_brand_id, tpcds_partitioned_parquet_snap.item.i_brand, tpcds_partitioned_parquet_snap.item.i_manufact_id, tpcds_partitioned_parquet_snap.item.i_manufact, sum(tpcds_partitioned_parquet_snap.store_sales.ss_ext_sales_price)
|  mem-estimate=4.00MB mem-reservation=4.00MB spill-buffer=2.00MB thread-reservation=0 cost=500
|
22:MERGING-EXCHANGE [UNPARTITIONED]
|  order by: sum(tpcds_partitioned_parquet_snap.store_sales.ss_ext_sales_price) DESC NULLS FIRST, tpcds_partitioned_parquet_snap.item.i_brand ASC NULLS LAST, tpcds_partitioned_parquet_snap.item.i_brand_id ASC NULLS LAST, tpcds_partitioned_parquet_snap.item.i_manufact_id ASC NULLS LAST, tpcds_partitioned_parquet_snap.item.i_manufact ASC NULLS LAST
|  limit: 100
|  mem-estimate=78.33KB mem-reservation=0B thread-reservation=0
|  tuple-ids=13 row-size=75B cardinality=100 cost=40
|  in pipelines: 12(GETNEXT)
|
F08:PLAN FRAGMENT [HASH(tpcds_partitioned_parquet_snap.item.i_brand,tpcds_partitioned_parquet_snap.item.i_brand_id,tpcds_partitioned_parquet_snap.item.i_manufact_id,tpcds_partitioned_parquet_snap.item.i_manufact)] hosts=10 instances=10 (adjusted from 120)
Per-Instance Resources: mem-estimate=48.13MB mem-reservation=34.00MB thread-reservation=1
max-parallelism=10 segment-costs=[9837909, 3746309, 229] cpu-comparison-result=139 [max(10 (self) vs 139 (sum children))]
12:TOP-N [LIMIT=100]
|  order by: sum(tpcds_partitioned_parquet_snap.store_sales.ss_ext_sales_price) DESC NULLS FIRST, tpcds_partitioned_parquet_snap.item.i_brand ASC NULLS LAST, tpcds_partitioned_parquet_snap.item.i_brand_id ASC NULLS LAST, tpcds_partitioned_parquet_snap.item.i_manufact_id ASC NULLS LAST, tpcds_partitioned_parquet_snap.item.i_manufact ASC NULLS LAST
|  mem-estimate=7.37KB mem-reservation=0B thread-reservation=0
|  tuple-ids=13 row-size=75B cardinality=100 cost=3746309
|  in pipelines: 12(GETNEXT), 21(OPEN)
|
21:AGGREGATE [FINALIZE]
|  output: sum:merge(tpcds_partitioned_parquet_snap.store_sales.ss_ext_sales_price)
|  group by: tpcds_partitioned_parquet_snap.item.i_brand, tpcds_partitioned_parquet_snap.item.i_brand_id, tpcds_partitioned_parquet_snap.item.i_manufact_id, tpcds_partitioned_parquet_snap.item.i_manufact
|  mem-estimate=37.36MB mem-reservation=34.00MB spill-buffer=2.00MB thread-reservation=0
|  tuple-ids=12 row-size=75B cardinality=360.00K cost=7785513
|  in pipelines: 21(GETNEXT), 00(OPEN)
|
20:EXCHANGE [HASH(tpcds_partitioned_parquet_snap.item.i_brand,tpcds_partitioned_parquet_snap.item.i_brand_id,tpcds_partitioned_parquet_snap.item.i_manufact_id,tpcds_partitioned_parquet_snap.item.i_manufact)]
|  mem-estimate=10.78MB mem-reservation=0B thread-reservation=0
|  tuple-ids=12 row-size=75B cardinality=4.48M cost=2052396
|  in pipelines: 00(GETNEXT)
|
F07:PLAN FRAGMENT [HASH(tpcds_partitioned_parquet_snap.customer.c_current_addr_sk)] hosts=10 instances=10 (adjusted from 120)
Per-Instance Resources: mem-estimate=74.87MB mem-reservation=34.00MB thread-reservation=1
max-parallelism=10 segment-costs=[60567332, 24073993] cpu-comparison-result=139 [max(139 (self) vs 86 (sum children))]
11:AGGREGATE [STREAMING]
|  output: sum(tpcds_partitioned_parquet_snap.store_sales.ss_ext_sales_price)
|  group by: tpcds_partitioned_parquet_snap.item.i_brand, tpcds_partitioned_parquet_snap.item.i_brand_id, tpcds_partitioned_parquet_snap.item.i_manufact_id, tpcds_partitioned_parquet_snap.item.i_manufact
|  mem-estimate=34.00MB mem-reservation=34.00MB spill-buffer=2.00MB thread-reservation=0
|  tuple-ids=12 row-size=75B cardinality=4.48M cost=26783412
|  in pipelines: 00(GETNEXT)
|
10:HASH JOIN [INNER JOIN, PARTITIONED]
|  hash-table-id=00
|  hash predicates: tpcds_partitioned_parquet_snap.customer.c_current_addr_sk = tpcds_partitioned_parquet_snap.customer_address.ca_address_sk
|  fk/pk conjuncts: tpcds_partitioned_parquet_snap.customer.c_current_addr_sk = tpcds_partitioned_parquet_snap.customer_address.ca_address_sk
|  other join predicates: substr(tpcds_partitioned_parquet_snap.customer_address.ca_zip, CAST(1 AS BIGINT), CAST(5 AS BIGINT)) != substr(tpcds_partitioned_parquet_snap.store.s_zip, CAST(1 AS BIGINT), CAST(5 AS BIGINT))
|  mem-estimate=0B mem-reservation=0B spill-buffer=2.00MB thread-reservation=0
|  tuple-ids=0,2,4,6,8,10 row-size=1.59KB cardinality=4.73M cost=2069873
|  in pipelines: 00(GETNEXT), 09(OPEN)
|
|--F10:PLAN FRAGMENT [HASH(tpcds_partitioned_parquet_snap.customer.c_current_addr_sk)] hosts=10 instances=10 (adjusted from 120)
|  |  Per-Instance Resources: mem-estimate=398.02MB mem-reservation=50.00MB thread-reservation=1 runtime-filters-memory=16.00MB
|  |  max-parallelism=10 segment-costs=[32647413]
|  JOIN BUILD
|  |  join-table-id=00 plan-id=01 cohort-id=01
|  |  build expressions: tpcds_partitioned_parquet_snap.customer_address.ca_address_sk
|  |  runtime filters: RF000[bloom] <- tpcds_partitioned_parquet_snap.customer_address.ca_address_sk, RF001[min_max] <- tpcds_partitioned_parquet_snap.customer_address.ca_address_sk
|  |  mem-estimate=369.72MB mem-reservation=34.00MB spill-buffer=2.00MB thread-reservation=0 cost=15000000
|  |
|  19:EXCHANGE [HASH(tpcds_partitioned_parquet_snap.customer_address.ca_address_sk)]
|  |  mem-estimate=12.30MB mem-reservation=0B thread-reservation=0
|  |  tuple-ids=10 row-size=232B cardinality=15.00M cost=17647413
|  |  in pipelines: 09(GETNEXT)
|  |
|  F06:PLAN FRAGMENT [RANDOM] hosts=10 instances=10
|  Per-Instance Resources: mem-estimate=25.20MB mem-reservation=128.00KB thread-reservation=1
|  max-parallelism=10 segment-costs=[252975990]
|  09:SCAN HDFS [tpcds_partitioned_parquet_snap.customer_address, RANDOM]
|     HDFS partitions=1/1 files=1 size=307.36MB
|     stored statistics:
|       table: rows=15.00M size=307.36MB
|       columns: all
|     extrapolated-rows=disabled max-scan-range-rows=1.58M
|     mem-estimate=16.00MB mem-reservation=128.00KB thread-reservation=0
|     tuple-ids=10 row-size=232B cardinality=15.00M cost=21515206
|     in pipelines: 09(GETNEXT)
|
18:EXCHANGE [HASH(tpcds_partitioned_parquet_snap.customer.c_current_addr_sk)]
|  mem-estimate=37.77MB mem-reservation=0B thread-reservation=0
|  tuple-ids=0,2,4,6,8 row-size=1.37KB cardinality=4.73M cost=31714047
|  in pipelines: 00(GETNEXT)
|
F05:PLAN FRAGMENT [HASH(tpcds_partitioned_parquet_snap.store_sales.ss_customer_sk)] hosts=10 instances=20 (adjusted from 120)
Per-Instance Resources: mem-estimate=194.69MB mem-reservation=0B thread-reservation=1
max-parallelism=50 segment-costs=[470770770]
08:HASH JOIN [INNER JOIN, PARTITIONED]
|  hash-table-id=01
|  hash predicates: tpcds_partitioned_parquet_snap.store_sales.ss_customer_sk = tpcds_partitioned_parquet_snap.customer.c_customer_sk
|  fk/pk conjuncts: tpcds_partitioned_parquet_snap.store_sales.ss_customer_sk = tpcds_partitioned_parquet_snap.customer.c_customer_sk
|  mem-estimate=0B mem-reservation=0B spill-buffer=2.00MB thread-reservation=0
|  tuple-ids=0,2,4,6,8 row-size=1.37KB cardinality=4.73M cost=2178261
|  in pipelines: 00(GETNEXT), 07(OPEN)
|
|--F11:PLAN FRAGMENT [HASH(tpcds_partitioned_parquet_snap.store_sales.ss_customer_sk)] hosts=10 instances=20 (adjusted from 120)
|  |  Per-Instance Resources: mem-estimate=358.82MB mem-reservation=50.00MB thread-reservation=1 runtime-filters-memory=16.00MB
|  |  max-parallelism=50 segment-costs=[61538607]
|  JOIN BUILD
|  |  join-table-id=01 plan-id=02 cohort-id=01
|  |  build expressions: tpcds_partitioned_parquet_snap.customer.c_customer_sk
|  |  runtime filters: RF002[bloom] <- tpcds_partitioned_parquet_snap.customer.c_customer_sk, RF003[min_max] <- tpcds_partitioned_parquet_snap.customer.c_customer_sk
|  |  mem-estimate=330.78MB mem-reservation=34.00MB spill-buffer=2.00MB thread-reservation=0 cost=30000000
|  |
|  17:EXCHANGE [HASH(tpcds_partitioned_parquet_snap.customer.c_customer_sk)]
|  |  mem-estimate=12.04MB mem-reservation=0B thread-reservation=0
|  |  tuple-ids=8 row-size=204B cardinality=30.00M cost=31538607
|  |  in pipelines: 07(GETNEXT)
|  |
|  F04:PLAN FRAGMENT [RANDOM] hosts=10 instances=10
|  Per-Host Shared Resources: mem-estimate=16.00MB mem-reservation=16.00MB thread-reservation=0 runtime-filters-memory=16.00MB
|  Per-Instance Resources: mem-estimate=32.28MB mem-reservation=1.00MB thread-reservation=1
|  max-parallelism=10 segment-costs=[457158314]
|  07:SCAN HDFS [tpcds_partitioned_parquet_snap.customer, RANDOM]
|     HDFS partitions=1/1 files=1 size=1.55GB
|     runtime filters: RF001[min_max] -> tpcds_partitioned_parquet_snap.customer.c_current_addr_sk, RF000[bloom] -> tpcds_partitioned_parquet_snap.customer.c_current_addr_sk
|     stored statistics:
|       table: rows=30.00M size=1.55GB
|       columns: all
|     extrapolated-rows=disabled max-scan-range-rows=3.10M
|     mem-estimate=16.00MB mem-reservation=1.00MB thread-reservation=0
|     tuple-ids=8 row-size=204B cardinality=30.00M cost=46823813
|     in pipelines: 07(GETNEXT)
|
16:EXCHANGE [HASH(tpcds_partitioned_parquet_snap.store_sales.ss_customer_sk)]
|  mem-estimate=139.16MB mem-reservation=0B thread-reservation=0
|  tuple-ids=0,2,4,6 row-size=1.17KB cardinality=5.15M cost=29514927
|  in pipelines: 00(GETNEXT)
|
F00:PLAN FRAGMENT [RANDOM] hosts=10 instances=109 (adjusted from 120)
Per-Host Shared Resources: mem-estimate=19.00MB mem-reservation=19.00MB thread-reservation=0 runtime-filters-memory=19.00MB
Per-Instance Resources: mem-estimate=110.79MB mem-reservation=8.00MB thread-reservation=1
max-parallelism=109 segment-costs=[2841188372]
06:HASH JOIN [INNER JOIN, BROADCAST]
|  hash-table-id=02
|  hash predicates: tpcds_partitioned_parquet_snap.store_sales.ss_item_sk = tpcds_partitioned_parquet_snap.item.i_item_sk
|  fk/pk conjuncts: tpcds_partitioned_parquet_snap.store_sales.ss_item_sk = tpcds_partitioned_parquet_snap.item.i_item_sk
|  mem-estimate=0B mem-reservation=0B spill-buffer=128.00KB thread-reservation=0
|  tuple-ids=0,2,4,6 row-size=1.17KB cardinality=5.15M cost=23249946
|  in pipelines: 00(GETNEXT), 05(OPEN)
|
|--F12:PLAN FRAGMENT [RANDOM] hosts=10 instances=10
|  |  Per-Instance Resources: mem-estimate=35.63MB mem-reservation=32.62MB thread-reservation=1 runtime-filters-memory=1.00MB
|  |  max-parallelism=10 segment-costs=[8447]
|  JOIN BUILD
|  |  join-table-id=02 plan-id=03 cohort-id=01
|  |  build expressions: tpcds_partitioned_parquet_snap.item.i_item_sk
|  |  runtime filters: RF004[bloom] <- tpcds_partitioned_parquet_snap.item.i_item_sk, RF005[min_max] <- tpcds_partitioned_parquet_snap.item.i_item_sk
|  |  mem-estimate=31.62MB mem-reservation=31.62MB spill-buffer=128.00KB thread-reservation=0 cost=3627
|  |
|  15:EXCHANGE [BROADCAST]
|  |  mem-estimate=3.00MB mem-reservation=0B thread-reservation=0
|  |  tuple-ids=6 row-size=405B cardinality=3.63K cost=4820
|  |  in pipelines: 05(GETNEXT)
|  |
|  F03:PLAN FRAGMENT [RANDOM] hosts=4 instances=4
|  Per-Instance Resources: mem-estimate=17.60MB mem-reservation=512.00KB thread-reservation=1
|  max-parallelism=4 segment-costs=[1369774]
|  05:SCAN HDFS [tpcds_partitioned_parquet_snap.item, RANDOM]
|     HDFS partitions=1/1 files=1 size=33.54MB
|     predicates: tpcds_partitioned_parquet_snap.item.i_manager_id = CAST(26 AS INT)
|     stored statistics:
|       table: rows=360.00K size=33.54MB
|       columns: all
|     extrapolated-rows=disabled max-scan-range-rows=101.54K
|     parquet statistics predicates: tpcds_partitioned_parquet_snap.item.i_manager_id = CAST(26 AS INT)
|     parquet dictionary predicates: tpcds_partitioned_parquet_snap.item.i_manager_id = CAST(26 AS INT)
|     mem-estimate=16.00MB mem-reservation=512.00KB thread-reservation=0
|     tuple-ids=6 row-size=405B cardinality=3.63K cost=1365725
|     in pipelines: 05(GETNEXT)
|
04:HASH JOIN [INNER JOIN, BROADCAST]
|  hash-table-id=03
|  hash predicates: tpcds_partitioned_parquet_snap.store_sales.ss_sold_date_sk = tpcds_partitioned_parquet_snap.date_dim.d_date_sk
|  fk/pk conjuncts: tpcds_partitioned_parquet_snap.store_sales.ss_sold_date_sk = tpcds_partitioned_parquet_snap.date_dim.d_date_sk
|  mem-estimate=0B mem-reservation=0B spill-buffer=64.00KB thread-reservation=0
|  tuple-ids=0,2,4 row-size=792B cardinality=87.00M(filtered from 511.58M) cost=115013896
|  in pipelines: 00(GETNEXT), 03(OPEN)
|
|--F13:PLAN FRAGMENT [RANDOM] hosts=10 instances=10
|  |  Per-Instance Resources: mem-estimate=22.36MB mem-reservation=22.31MB thread-reservation=1 runtime-filters-memory=1.00MB
|  |  max-parallelism=10 segment-costs=[248]
|  JOIN BUILD
|  |  join-table-id=03 plan-id=04 cohort-id=01
|  |  build expressions: tpcds_partitioned_parquet_snap.date_dim.d_date_sk
|  |  runtime filters: RF006[bloom] <- tpcds_partitioned_parquet_snap.date_dim.d_date_sk
|  |  mem-estimate=21.31MB mem-reservation=21.31MB spill-buffer=64.00KB thread-reservation=0 cost=108
|  |
|  14:EXCHANGE [BROADCAST]
|  |  mem-estimate=50.45KB mem-reservation=0B thread-reservation=0
|  |  tuple-ids=4 row-size=237B cardinality=108 cost=140
|  |  in pipelines: 03(GETNEXT)
|  |
|  F02:PLAN FRAGMENT [RANDOM] hosts=1 instances=1
|  Per-Instance Resources: mem-estimate=16.94MB mem-reservation=4.00MB thread-reservation=1
|  max-parallelism=1 segment-costs=[114776]
|  03:SCAN HDFS [tpcds_partitioned_parquet_snap.date_dim, RANDOM]
|     HDFS partitions=1/1 files=1 size=2.17MB
|     predicates: tpcds_partitioned_parquet_snap.date_dim.d_year = CAST(2000 AS INT), tpcds_partitioned_parquet_snap.date_dim.d_moy = CAST(12 AS INT)
|     stored statistics:
|       table: rows=73.05K size=2.17MB
|       columns: all
|     extrapolated-rows=disabled max-scan-range-rows=73.05K
|     parquet statistics predicates: tpcds_partitioned_parquet_snap.date_dim.d_year = CAST(2000 AS INT), tpcds_partitioned_parquet_snap.date_dim.d_moy = CAST(12 AS INT)
|     parquet dictionary predicates: tpcds_partitioned_parquet_snap.date_dim.d_year = CAST(2000 AS INT), tpcds_partitioned_parquet_snap.date_dim.d_moy = CAST(12 AS INT)
|     mem-estimate=16.00MB mem-reservation=4.00MB thread-reservation=0
|     tuple-ids=4 row-size=237B cardinality=108 cost=114705
|     in pipelines: 03(GETNEXT)
|
02:HASH JOIN [INNER JOIN, BROADCAST]
|  hash-table-id=04
|  hash predicates: tpcds_partitioned_parquet_snap.store_sales.ss_store_sk = tpcds_partitioned_parquet_snap.store.s_store_sk
|  fk/pk conjuncts: tpcds_partitioned_parquet_snap.store_sales.ss_store_sk = tpcds_partitioned_parquet_snap.store.s_store_sk
|  mem-estimate=0B mem-reservation=0B spill-buffer=64.00KB thread-reservation=0
|  tuple-ids=0,2 row-size=555B cardinality=87.00M(filtered from 8.64G) cost=1587872743
|  in pipelines: 00(GETNEXT), 01(OPEN)
|
|--F14:PLAN FRAGMENT [RANDOM] hosts=10 instances=10
|  |  Per-Instance Resources: mem-estimate=23.35MB mem-reservation=22.31MB thread-reservation=1 runtime-filters-memory=1.00MB
|  |  max-parallelism=10 segment-costs=[3140]
|  JOIN BUILD
|  |  join-table-id=04 plan-id=05 cohort-id=01
|  |  build expressions: tpcds_partitioned_parquet_snap.store.s_store_sk
|  |  runtime filters: RF008[bloom] <- tpcds_partitioned_parquet_snap.store.s_store_sk, RF009[min_max] <- tpcds_partitioned_parquet_snap.store.s_store_sk
|  |  mem-estimate=21.31MB mem-reservation=21.31MB spill-buffer=64.00KB thread-reservation=0 cost=1350
|  |
|  13:EXCHANGE [BROADCAST]
|  |  mem-estimate=1.04MB mem-reservation=0B thread-reservation=0
|  |  tuple-ids=2 row-size=459B cardinality=1.35K cost=1790
|  |  in pipelines: 01(GETNEXT)
|  |
|  F01:PLAN FRAGMENT [RANDOM] hosts=1 instances=1
|  Per-Instance Resources: mem-estimate=17.81MB mem-reservation=232.00KB thread-reservation=1
|  max-parallelism=1 segment-costs=[6419]
|  01:SCAN HDFS [tpcds_partitioned_parquet_snap.store, RANDOM]
|     HDFS partitions=1/1 files=1 size=119.76KB
|     stored statistics:
|       table: rows=1.35K size=119.76KB
|       columns: all
|     extrapolated-rows=disabled max-scan-range-rows=1.35K
|     mem-estimate=16.00MB mem-reservation=232.00KB thread-reservation=0
|     tuple-ids=2 row-size=459B cardinality=1.35K cost=4718
|     in pipelines: 01(GETNEXT)
|
00:SCAN HDFS [tpcds_partitioned_parquet_snap.store_sales, RANDOM]
   HDFS partitions=1824/1824 files=1824 size=389.90GB
   runtime filters: RF003[min_max] -> tpcds_partitioned_parquet_snap.store_sales.ss_customer_sk, RF005[min_max] -> tpcds_partitioned_parquet_snap.store_sales.ss_item_sk, RF009[min_max] -> tpcds_partitioned_parquet_snap.store_sales.ss_store_sk, RF002[bloom] -> tpcds_partitioned_parquet_snap.store_sales.ss_customer_sk, RF004[bloom] -> tpcds_partitioned_parquet_snap.store_sales.ss_item_sk, RF006[bloom] -> tpcds_partitioned_parquet_snap.store_sales.ss_sold_date_sk, RF008[bloom] -> tpcds_partitioned_parquet_snap.store_sales.ss_store_sk
   stored statistics:
     table: rows=8.64G size=389.90GB
     partitions: 1824/1824 rows=8.64G
     columns: all
   extrapolated-rows=disabled max-scan-range-rows=390.22M est-scan-range=109(filtered from 1824)
   mem-estimate=16.00MB mem-reservation=8.00MB thread-reservation=0
   tuple-ids=0 row-size=96B cardinality=87.00M(filtered from 8.64G) cost=707201433
   in pipelines: 00(GETNEXT)
---- PARALLELPLANS
Max Per-Host Resource Reservation: Memory=428.10MB Threads=27
Per-Host Resource Estimates: Memory=3.00GB
F09:PLAN FRAGMENT [UNPARTITIONED] hosts=1 instances=1
|  Per-Instance Resources: mem-estimate=4.08MB mem-reservation=4.00MB thread-reservation=1
|  max-parallelism=1 segment-costs=[540] cpu-comparison-result=139 [max(1 (self) vs 139 (sum children))]
PLAN-ROOT SINK
|  output exprs: tpcds_partitioned_parquet_snap.item.i_brand_id, tpcds_partitioned_parquet_snap.item.i_brand, tpcds_partitioned_parquet_snap.item.i_manufact_id, tpcds_partitioned_parquet_snap.item.i_manufact, sum(tpcds_partitioned_parquet_snap.store_sales.ss_ext_sales_price)
|  mem-estimate=4.00MB mem-reservation=4.00MB spill-buffer=2.00MB thread-reservation=0 cost=500
|
22:MERGING-EXCHANGE [UNPARTITIONED]
|  order by: sum(tpcds_partitioned_parquet_snap.store_sales.ss_ext_sales_price) DESC NULLS FIRST, tpcds_partitioned_parquet_snap.item.i_brand ASC NULLS LAST, tpcds_partitioned_parquet_snap.item.i_brand_id ASC NULLS LAST, tpcds_partitioned_parquet_snap.item.i_manufact_id ASC NULLS LAST, tpcds_partitioned_parquet_snap.item.i_manufact ASC NULLS LAST
|  limit: 100
|  mem-estimate=78.33KB mem-reservation=0B thread-reservation=0
|  tuple-ids=13 row-size=75B cardinality=100 cost=40
|  in pipelines: 12(GETNEXT)
|
F08:PLAN FRAGMENT [HASH(tpcds_partitioned_parquet_snap.item.i_brand,tpcds_partitioned_parquet_snap.item.i_brand_id,tpcds_partitioned_parquet_snap.item.i_manufact_id,tpcds_partitioned_parquet_snap.item.i_manufact)] hosts=10 instances=10 (adjusted from 120)
Per-Instance Resources: mem-estimate=48.13MB mem-reservation=34.00MB thread-reservation=1
max-parallelism=10 segment-costs=[9837909, 3746309, 229] cpu-comparison-result=139 [max(10 (self) vs 139 (sum children))]
12:TOP-N [LIMIT=100]
|  order by: sum(tpcds_partitioned_parquet_snap.store_sales.ss_ext_sales_price) DESC NULLS FIRST, tpcds_partitioned_parquet_snap.item.i_brand ASC NULLS LAST, tpcds_partitioned_parquet_snap.item.i_brand_id ASC NULLS LAST, tpcds_partitioned_parquet_snap.item.i_manufact_id ASC NULLS LAST, tpcds_partitioned_parquet_snap.item.i_manufact ASC NULLS LAST
|  mem-estimate=7.37KB mem-reservation=0B thread-reservation=0
|  tuple-ids=13 row-size=75B cardinality=100 cost=3746309
|  in pipelines: 12(GETNEXT), 21(OPEN)
|
21:AGGREGATE [FINALIZE]
|  output: sum:merge(tpcds_partitioned_parquet_snap.store_sales.ss_ext_sales_price)
|  group by: tpcds_partitioned_parquet_snap.item.i_brand, tpcds_partitioned_parquet_snap.item.i_brand_id, tpcds_partitioned_parquet_snap.item.i_manufact_id, tpcds_partitioned_parquet_snap.item.i_manufact
|  mem-estimate=37.36MB mem-reservation=34.00MB spill-buffer=2.00MB thread-reservation=0
|  tuple-ids=12 row-size=75B cardinality=360.00K cost=7785513
|  in pipelines: 21(GETNEXT), 00(OPEN)
|
20:EXCHANGE [HASH(tpcds_partitioned_parquet_snap.item.i_brand,tpcds_partitioned_parquet_snap.item.i_brand_id,tpcds_partitioned_parquet_snap.item.i_manufact_id,tpcds_partitioned_parquet_snap.item.i_manufact)]
|  mem-estimate=10.78MB mem-reservation=0B thread-reservation=0
|  tuple-ids=12 row-size=75B cardinality=4.48M cost=2052396
|  in pipelines: 00(GETNEXT)
|
F07:PLAN FRAGMENT [HASH(tpcds_partitioned_parquet_snap.customer.c_current_addr_sk)] hosts=10 instances=10 (adjusted from 120)
Per-Instance Resources: mem-estimate=74.87MB mem-reservation=34.00MB thread-reservation=1
max-parallelism=10 segment-costs=[60567332, 24073993] cpu-comparison-result=139 [max(139 (self) vs 86 (sum children))]
11:AGGREGATE [STREAMING]
|  output: sum(tpcds_partitioned_parquet_snap.store_sales.ss_ext_sales_price)
|  group by: tpcds_partitioned_parquet_snap.item.i_brand, tpcds_partitioned_parquet_snap.item.i_brand_id, tpcds_partitioned_parquet_snap.item.i_manufact_id, tpcds_partitioned_parquet_snap.item.i_manufact
|  mem-estimate=34.00MB mem-reservation=34.00MB spill-buffer=2.00MB thread-reservation=0
|  tuple-ids=12 row-size=75B cardinality=4.48M cost=26783412
|  in pipelines: 00(GETNEXT)
|
10:HASH JOIN [INNER JOIN, PARTITIONED]
|  hash-table-id=00
|  hash predicates: tpcds_partitioned_parquet_snap.customer.c_current_addr_sk = tpcds_partitioned_parquet_snap.customer_address.ca_address_sk
|  fk/pk conjuncts: tpcds_partitioned_parquet_snap.customer.c_current_addr_sk = tpcds_partitioned_parquet_snap.customer_address.ca_address_sk
|  other join predicates: substr(tpcds_partitioned_parquet_snap.customer_address.ca_zip, CAST(1 AS BIGINT), CAST(5 AS BIGINT)) != substr(tpcds_partitioned_parquet_snap.store.s_zip, CAST(1 AS BIGINT), CAST(5 AS BIGINT))
|  mem-estimate=0B mem-reservation=0B spill-buffer=2.00MB thread-reservation=0
|  tuple-ids=0,2,4,6,8,10 row-size=1.59KB cardinality=4.73M cost=2069873
|  in pipelines: 00(GETNEXT), 09(OPEN)
|
|--F10:PLAN FRAGMENT [HASH(tpcds_partitioned_parquet_snap.customer.c_current_addr_sk)] hosts=10 instances=10 (adjusted from 120)
|  |  Per-Instance Resources: mem-estimate=398.02MB mem-reservation=50.00MB thread-reservation=1 runtime-filters-memory=16.00MB
|  |  max-parallelism=10 segment-costs=[32647413]
|  JOIN BUILD
|  |  join-table-id=00 plan-id=01 cohort-id=01
|  |  build expressions: tpcds_partitioned_parquet_snap.customer_address.ca_address_sk
|  |  runtime filters: RF000[bloom] <- tpcds_partitioned_parquet_snap.customer_address.ca_address_sk, RF001[min_max] <- tpcds_partitioned_parquet_snap.customer_address.ca_address_sk
|  |  mem-estimate=369.72MB mem-reservation=34.00MB spill-buffer=2.00MB thread-reservation=0 cost=15000000
|  |
|  19:EXCHANGE [HASH(tpcds_partitioned_parquet_snap.customer_address.ca_address_sk)]
|  |  mem-estimate=12.30MB mem-reservation=0B thread-reservation=0
|  |  tuple-ids=10 row-size=232B cardinality=15.00M cost=17647413
|  |  in pipelines: 09(GETNEXT)
|  |
|  F06:PLAN FRAGMENT [RANDOM] hosts=10 instances=10
|  Per-Instance Resources: mem-estimate=25.20MB mem-reservation=128.00KB thread-reservation=1
|  max-parallelism=10 segment-costs=[252975990]
|  09:SCAN HDFS [tpcds_partitioned_parquet_snap.customer_address, RANDOM]
|     HDFS partitions=1/1 files=1 size=307.36MB
|     stored statistics:
|       table: rows=15.00M size=307.36MB
|       columns: all
|     extrapolated-rows=disabled max-scan-range-rows=1.58M
|     mem-estimate=16.00MB mem-reservation=128.00KB thread-reservation=0
|     tuple-ids=10 row-size=232B cardinality=15.00M cost=21515206
|     in pipelines: 09(GETNEXT)
|
18:EXCHANGE [HASH(tpcds_partitioned_parquet_snap.customer.c_current_addr_sk)]
|  mem-estimate=37.77MB mem-reservation=0B thread-reservation=0
|  tuple-ids=0,2,4,6,8 row-size=1.37KB cardinality=4.73M cost=31714047
|  in pipelines: 00(GETNEXT)
|
F05:PLAN FRAGMENT [HASH(tpcds_partitioned_parquet_snap.store_sales.ss_customer_sk)] hosts=10 instances=20 (adjusted from 120)
Per-Instance Resources: mem-estimate=194.69MB mem-reservation=0B thread-reservation=1
max-parallelism=50 segment-costs=[470770770]
08:HASH JOIN [INNER JOIN, PARTITIONED]
|  hash-table-id=01
|  hash predicates: tpcds_partitioned_parquet_snap.store_sales.ss_customer_sk = tpcds_partitioned_parquet_snap.customer.c_customer_sk
|  fk/pk conjuncts: tpcds_partitioned_parquet_snap.store_sales.ss_customer_sk = tpcds_partitioned_parquet_snap.customer.c_customer_sk
|  mem-estimate=0B mem-reservation=0B spill-buffer=2.00MB thread-reservation=0
|  tuple-ids=0,2,4,6,8 row-size=1.37KB cardinality=4.73M cost=2178261
|  in pipelines: 00(GETNEXT), 07(OPEN)
|
|--F11:PLAN FRAGMENT [HASH(tpcds_partitioned_parquet_snap.store_sales.ss_customer_sk)] hosts=10 instances=20 (adjusted from 120)
|  |  Per-Instance Resources: mem-estimate=358.82MB mem-reservation=50.00MB thread-reservation=1 runtime-filters-memory=16.00MB
|  |  max-parallelism=50 segment-costs=[61538607]
|  JOIN BUILD
|  |  join-table-id=01 plan-id=02 cohort-id=01
|  |  build expressions: tpcds_partitioned_parquet_snap.customer.c_customer_sk
|  |  runtime filters: RF002[bloom] <- tpcds_partitioned_parquet_snap.customer.c_customer_sk, RF003[min_max] <- tpcds_partitioned_parquet_snap.customer.c_customer_sk
|  |  mem-estimate=330.78MB mem-reservation=34.00MB spill-buffer=2.00MB thread-reservation=0 cost=30000000
|  |
|  17:EXCHANGE [HASH(tpcds_partitioned_parquet_snap.customer.c_customer_sk)]
|  |  mem-estimate=12.04MB mem-reservation=0B thread-reservation=0
|  |  tuple-ids=8 row-size=204B cardinality=30.00M cost=31538607
|  |  in pipelines: 07(GETNEXT)
|  |
|  F04:PLAN FRAGMENT [RANDOM] hosts=10 instances=10
|  Per-Host Shared Resources: mem-estimate=16.00MB mem-reservation=16.00MB thread-reservation=0 runtime-filters-memory=16.00MB
|  Per-Instance Resources: mem-estimate=32.28MB mem-reservation=1.00MB thread-reservation=1
|  max-parallelism=10 segment-costs=[457158314]
|  07:SCAN HDFS [tpcds_partitioned_parquet_snap.customer, RANDOM]
|     HDFS partitions=1/1 files=1 size=1.55GB
|     runtime filters: RF001[min_max] -> tpcds_partitioned_parquet_snap.customer.c_current_addr_sk, RF000[bloom] -> tpcds_partitioned_parquet_snap.customer.c_current_addr_sk
|     stored statistics:
|       table: rows=30.00M size=1.55GB
|       columns: all
|     extrapolated-rows=disabled max-scan-range-rows=3.10M
|     mem-estimate=16.00MB mem-reservation=1.00MB thread-reservation=0
|     tuple-ids=8 row-size=204B cardinality=30.00M cost=46823813
|     in pipelines: 07(GETNEXT)
|
16:EXCHANGE [HASH(tpcds_partitioned_parquet_snap.store_sales.ss_customer_sk)]
|  mem-estimate=139.16MB mem-reservation=0B thread-reservation=0
|  tuple-ids=0,2,4,6 row-size=1.17KB cardinality=5.15M cost=29514927
|  in pipelines: 00(GETNEXT)
|
F00:PLAN FRAGMENT [RANDOM] hosts=10 instances=109 (adjusted from 120)
Per-Host Shared Resources: mem-estimate=19.00MB mem-reservation=19.00MB thread-reservation=0 runtime-filters-memory=19.00MB
Per-Instance Resources: mem-estimate=110.79MB mem-reservation=8.00MB thread-reservation=1
max-parallelism=109 segment-costs=[2841188372]
06:HASH JOIN [INNER JOIN, BROADCAST]
|  hash-table-id=02
|  hash predicates: tpcds_partitioned_parquet_snap.store_sales.ss_item_sk = tpcds_partitioned_parquet_snap.item.i_item_sk
|  fk/pk conjuncts: tpcds_partitioned_parquet_snap.store_sales.ss_item_sk = tpcds_partitioned_parquet_snap.item.i_item_sk
|  mem-estimate=0B mem-reservation=0B spill-buffer=128.00KB thread-reservation=0
|  tuple-ids=0,2,4,6 row-size=1.17KB cardinality=5.15M cost=23249946
|  in pipelines: 00(GETNEXT), 05(OPEN)
|
|--F12:PLAN FRAGMENT [RANDOM] hosts=10 instances=10
|  |  Per-Instance Resources: mem-estimate=35.63MB mem-reservation=32.62MB thread-reservation=1 runtime-filters-memory=1.00MB
|  |  max-parallelism=10 segment-costs=[8447]
|  JOIN BUILD
|  |  join-table-id=02 plan-id=03 cohort-id=01
|  |  build expressions: tpcds_partitioned_parquet_snap.item.i_item_sk
|  |  runtime filters: RF004[bloom] <- tpcds_partitioned_parquet_snap.item.i_item_sk, RF005[min_max] <- tpcds_partitioned_parquet_snap.item.i_item_sk
|  |  mem-estimate=31.62MB mem-reservation=31.62MB spill-buffer=128.00KB thread-reservation=0 cost=3627
|  |
|  15:EXCHANGE [BROADCAST]
|  |  mem-estimate=3.00MB mem-reservation=0B thread-reservation=0
|  |  tuple-ids=6 row-size=405B cardinality=3.63K cost=4820
|  |  in pipelines: 05(GETNEXT)
|  |
|  F03:PLAN FRAGMENT [RANDOM] hosts=4 instances=4
|  Per-Instance Resources: mem-estimate=17.60MB mem-reservation=512.00KB thread-reservation=1
|  max-parallelism=4 segment-costs=[1369774]
|  05:SCAN HDFS [tpcds_partitioned_parquet_snap.item, RANDOM]
|     HDFS partitions=1/1 files=1 size=33.54MB
|     predicates: tpcds_partitioned_parquet_snap.item.i_manager_id = CAST(26 AS INT)
|     stored statistics:
|       table: rows=360.00K size=33.54MB
|       columns: all
|     extrapolated-rows=disabled max-scan-range-rows=101.54K
|     parquet statistics predicates: tpcds_partitioned_parquet_snap.item.i_manager_id = CAST(26 AS INT)
|     parquet dictionary predicates: tpcds_partitioned_parquet_snap.item.i_manager_id = CAST(26 AS INT)
|     mem-estimate=16.00MB mem-reservation=512.00KB thread-reservation=0
|     tuple-ids=6 row-size=405B cardinality=3.63K cost=1365725
|     in pipelines: 05(GETNEXT)
|
04:HASH JOIN [INNER JOIN, BROADCAST]
|  hash-table-id=03
|  hash predicates: tpcds_partitioned_parquet_snap.store_sales.ss_sold_date_sk = tpcds_partitioned_parquet_snap.date_dim.d_date_sk
|  fk/pk conjuncts: tpcds_partitioned_parquet_snap.store_sales.ss_sold_date_sk = tpcds_partitioned_parquet_snap.date_dim.d_date_sk
|  mem-estimate=0B mem-reservation=0B spill-buffer=64.00KB thread-reservation=0
|  tuple-ids=0,2,4 row-size=792B cardinality=87.00M(filtered from 511.58M) cost=115013896
|  in pipelines: 00(GETNEXT), 03(OPEN)
|
|--F13:PLAN FRAGMENT [RANDOM] hosts=10 instances=10
|  |  Per-Instance Resources: mem-estimate=22.36MB mem-reservation=22.31MB thread-reservation=1 runtime-filters-memory=1.00MB
|  |  max-parallelism=10 segment-costs=[248]
|  JOIN BUILD
|  |  join-table-id=03 plan-id=04 cohort-id=01
|  |  build expressions: tpcds_partitioned_parquet_snap.date_dim.d_date_sk
|  |  runtime filters: RF006[bloom] <- tpcds_partitioned_parquet_snap.date_dim.d_date_sk
|  |  mem-estimate=21.31MB mem-reservation=21.31MB spill-buffer=64.00KB thread-reservation=0 cost=108
|  |
|  14:EXCHANGE [BROADCAST]
|  |  mem-estimate=50.45KB mem-reservation=0B thread-reservation=0
|  |  tuple-ids=4 row-size=237B cardinality=108 cost=140
|  |  in pipelines: 03(GETNEXT)
|  |
|  F02:PLAN FRAGMENT [RANDOM] hosts=1 instances=1
|  Per-Instance Resources: mem-estimate=16.94MB mem-reservation=4.00MB thread-reservation=1
|  max-parallelism=1 segment-costs=[114776]
|  03:SCAN HDFS [tpcds_partitioned_parquet_snap.date_dim, RANDOM]
|     HDFS partitions=1/1 files=1 size=2.17MB
|     predicates: tpcds_partitioned_parquet_snap.date_dim.d_year = CAST(2000 AS INT), tpcds_partitioned_parquet_snap.date_dim.d_moy = CAST(12 AS INT)
|     stored statistics:
|       table: rows=73.05K size=2.17MB
|       columns: all
|     extrapolated-rows=disabled max-scan-range-rows=73.05K
|     parquet statistics predicates: tpcds_partitioned_parquet_snap.date_dim.d_year = CAST(2000 AS INT), tpcds_partitioned_parquet_snap.date_dim.d_moy = CAST(12 AS INT)
|     parquet dictionary predicates: tpcds_partitioned_parquet_snap.date_dim.d_year = CAST(2000 AS INT), tpcds_partitioned_parquet_snap.date_dim.d_moy = CAST(12 AS INT)
|     mem-estimate=16.00MB mem-reservation=4.00MB thread-reservation=0
|     tuple-ids=4 row-size=237B cardinality=108 cost=114705
|     in pipelines: 03(GETNEXT)
|
02:HASH JOIN [INNER JOIN, BROADCAST]
|  hash-table-id=04
|  hash predicates: tpcds_partitioned_parquet_snap.store_sales.ss_store_sk = tpcds_partitioned_parquet_snap.store.s_store_sk
|  fk/pk conjuncts: tpcds_partitioned_parquet_snap.store_sales.ss_store_sk = tpcds_partitioned_parquet_snap.store.s_store_sk
|  mem-estimate=0B mem-reservation=0B spill-buffer=64.00KB thread-reservation=0
|  tuple-ids=0,2 row-size=555B cardinality=87.00M(filtered from 8.64G) cost=1587872743
|  in pipelines: 00(GETNEXT), 01(OPEN)
|
|--F14:PLAN FRAGMENT [RANDOM] hosts=10 instances=10
|  |  Per-Instance Resources: mem-estimate=23.35MB mem-reservation=22.31MB thread-reservation=1 runtime-filters-memory=1.00MB
|  |  max-parallelism=10 segment-costs=[3140]
|  JOIN BUILD
|  |  join-table-id=04 plan-id=05 cohort-id=01
|  |  build expressions: tpcds_partitioned_parquet_snap.store.s_store_sk
|  |  runtime filters: RF008[bloom] <- tpcds_partitioned_parquet_snap.store.s_store_sk, RF009[min_max] <- tpcds_partitioned_parquet_snap.store.s_store_sk
|  |  mem-estimate=21.31MB mem-reservation=21.31MB spill-buffer=64.00KB thread-reservation=0 cost=1350
|  |
|  13:EXCHANGE [BROADCAST]
|  |  mem-estimate=1.04MB mem-reservation=0B thread-reservation=0
|  |  tuple-ids=2 row-size=459B cardinality=1.35K cost=1790
|  |  in pipelines: 01(GETNEXT)
|  |
|  F01:PLAN FRAGMENT [RANDOM] hosts=1 instances=1
|  Per-Instance Resources: mem-estimate=17.81MB mem-reservation=232.00KB thread-reservation=1
|  max-parallelism=1 segment-costs=[6419]
|  01:SCAN HDFS [tpcds_partitioned_parquet_snap.store, RANDOM]
|     HDFS partitions=1/1 files=1 size=119.76KB
|     stored statistics:
|       table: rows=1.35K size=119.76KB
|       columns: all
|     extrapolated-rows=disabled max-scan-range-rows=1.35K
|     mem-estimate=16.00MB mem-reservation=232.00KB thread-reservation=0
|     tuple-ids=2 row-size=459B cardinality=1.35K cost=4718
|     in pipelines: 01(GETNEXT)
|
00:SCAN HDFS [tpcds_partitioned_parquet_snap.store_sales, RANDOM]
   HDFS partitions=1824/1824 files=1824 size=389.90GB
   runtime filters: RF003[min_max] -> tpcds_partitioned_parquet_snap.store_sales.ss_customer_sk, RF005[min_max] -> tpcds_partitioned_parquet_snap.store_sales.ss_item_sk, RF009[min_max] -> tpcds_partitioned_parquet_snap.store_sales.ss_store_sk, RF002[bloom] -> tpcds_partitioned_parquet_snap.store_sales.ss_customer_sk, RF004[bloom] -> tpcds_partitioned_parquet_snap.store_sales.ss_item_sk, RF006[bloom] -> tpcds_partitioned_parquet_snap.store_sales.ss_sold_date_sk, RF008[bloom] -> tpcds_partitioned_parquet_snap.store_sales.ss_store_sk
   stored statistics:
     table: rows=8.64G size=389.90GB
     partitions: 1824/1824 rows=8.64G
     columns: all
   extrapolated-rows=disabled max-scan-range-rows=390.22M est-scan-range=109(filtered from 1824)
   mem-estimate=16.00MB mem-reservation=8.00MB thread-reservation=0
   tuple-ids=0 row-size=96B cardinality=87.00M(filtered from 8.64G) cost=707201433
   in pipelines: 00(GETNEXT)
====
