# TPCDS-Q65
# start query 65 in stream 0 using template query65.tpl using seed 1990419624
select
	s_store_name,
	i_item_desc,
	sc.revenue,
	i_current_price,
	i_wholesale_cost,
	i_brand
 from store, item,
     (select ss_store_sk, avg(revenue) as ave
 	from
 	    (select  ss_store_sk, ss_item_sk,
 		     sum(ss_sales_price) as revenue
 		from store_sales, date_dim
 		where ss_sold_date_sk = d_date_sk and d_month_seq between 1208 and 1208+11
 		group by ss_store_sk, ss_item_sk) sa
 	group by ss_store_sk) sb,
     (select  ss_store_sk, ss_item_sk, sum(ss_sales_price) as revenue
 	from store_sales, date_dim
 	where ss_sold_date_sk = d_date_sk and d_month_seq between 1208 and 1208+11
 	group by ss_store_sk, ss_item_sk) sc
 where sb.ss_store_sk = sc.ss_store_sk and
       sc.revenue <= 0.1 * sb.ave and
       s_store_sk = sc.ss_store_sk and
       i_item_sk = sc.ss_item_sk
 order by s_store_name, i_item_desc
limit 100

# end query 65 in stream 0 using template query65.tpl
---- PLAN
Max Per-Host Resource Reservation: Memory=129.48MB Threads=1
Per-Host Resource Estimates: Memory=8.61GB
F00:PLAN FRAGMENT [UNPARTITIONED] hosts=1 instances=1
|  Per-Instance Resources: mem-estimate=8.61GB mem-reservation=129.48MB thread-reservation=1 runtime-filters-memory=5.00MB
|  max-parallelism=1 segment-costs=[28662895061, 28662895061, 68796982, 162520756711, 600]
PLAN-ROOT SINK
|  output exprs: s_store_name, i_item_desc, sum(tpcds_partitioned_parquet_snap.store_sales.ss_sales_price), i_current_price, i_wholesale_cost, i_brand
|  mem-estimate=4.00MB mem-reservation=4.00MB spill-buffer=2.00MB thread-reservation=0 cost=600
|
14:TOP-N [LIMIT=100]
|  order by: s_store_name ASC NULLS LAST, i_item_desc ASC NULLS LAST
|  mem-estimate=17.65KB mem-reservation=0B thread-reservation=0
|  tuple-ids=16 row-size=181B cardinality=100 cost=160790255687
|  in pipelines: 14(GETNEXT), 03(OPEN)
|
13:HASH JOIN [INNER JOIN]
|  hash predicates: tpcds_partitioned_parquet_snap.store_sales.ss_store_sk = tpcds_partitioned_parquet_snap.store_sales_0.ss_store_sk
|  fk/pk conjuncts: none
|  other join predicates: sum(tpcds_partitioned_parquet_snap.store_sales.ss_sales_price) <= multiply(CAST(0.1 AS DECIMAL(2,1)), avg(sum(tpcds_partitioned_parquet_snap.store_sales_0.ss_sales_price)))
|  runtime filters: RF000[bloom] <- tpcds_partitioned_parquet_snap.store_sales_0.ss_store_sk, RF001[min_max] <- tpcds_partitioned_parquet_snap.store_sales_0.ss_store_sk
|  mem-estimate=1.94MB mem-reservation=1.94MB spill-buffer=64.00KB thread-reservation=0
|  tuple-ids=4,5,14,13 row-size=908B cardinality=8.64G cost=1625855090
|  in pipelines: 03(GETNEXT), 11(OPEN)
|
|--12:HASH JOIN [INNER JOIN]
|  |  hash predicates: tpcds_partitioned_parquet_snap.store.s_store_sk = tpcds_partitioned_parquet_snap.store_sales_0.ss_store_sk
|  |  fk/pk conjuncts: tpcds_partitioned_parquet_snap.store.s_store_sk = tpcds_partitioned_parquet_snap.store_sales_0.ss_store_sk
|  |  runtime filters: RF006[bloom] <- tpcds_partitioned_parquet_snap.store_sales_0.ss_store_sk, RF007[min_max] <- tpcds_partitioned_parquet_snap.store_sales_0.ss_store_sk
|  |  mem-estimate=1.94MB mem-reservation=1.94MB spill-buffer=64.00KB thread-reservation=0
|  |  tuple-ids=14,13 row-size=479B cardinality=653 cost=942
|  |  in pipelines: 11(GETNEXT), 10(OPEN)
|  |
|  |--10:AGGREGATE [FINALIZE]
|  |  |  output: avg(sum(tpcds_partitioned_parquet_snap.store_sales_0.ss_sales_price))
|  |  |  group by: tpcds_partitioned_parquet_snap.store_sales_0.ss_store_sk
|  |  |  mem-estimate=10.00MB mem-reservation=1.94MB spill-buffer=64.00KB thread-reservation=0
|  |  |  tuple-ids=13 row-size=20B cardinality=653 cost=68796982
|  |  |  in pipelines: 10(GETNEXT), 09(OPEN)
|  |  |
|  |  09:AGGREGATE [FINALIZE]
|  |  |  output: sum(tpcds_partitioned_parquet_snap.store_sales_0.ss_sales_price)
|  |  |  group by: tpcds_partitioned_parquet_snap.store_sales_0.ss_store_sk, tpcds_partitioned_parquet_snap.store_sales_0.ss_item_sk
|  |  |  mem-estimate=4.19GB mem-reservation=34.00MB spill-buffer=2.00MB thread-reservation=0
|  |  |  tuple-ids=11 row-size=24B cardinality=235.20M cost=12937227008
|  |  |  in pipelines: 09(GETNEXT), 06(OPEN)
|  |  |
|  |  08:HASH JOIN [INNER JOIN]
|  |  |  hash predicates: tpcds_partitioned_parquet_snap.store_sales_0.ss_sold_date_sk = tpcds_partitioned_parquet_snap.date_dim_0.d_date_sk
|  |  |  fk/pk conjuncts: tpcds_partitioned_parquet_snap.store_sales_0.ss_sold_date_sk = tpcds_partitioned_parquet_snap.date_dim_0.d_date_sk
|  |  |  runtime filters: RF008[bloom] <- tpcds_partitioned_parquet_snap.date_dim_0.d_date_sk
|  |  |  mem-estimate=2.88MB mem-reservation=2.88MB spill-buffer=128.00KB thread-reservation=0
|  |  |  tuple-ids=7,9 row-size=333B cardinality=8.64G cost=3781706938
|  |  |  in pipelines: 06(GETNEXT), 07(OPEN)
|  |  |
|  |  |--07:SCAN HDFS [tpcds_partitioned_parquet_snap.date_dim]
|  |  |     HDFS partitions=1/1 files=1 size=2.17MB
|  |  |     predicates: tpcds_partitioned_parquet_snap.date_dim_0.d_month_seq <= add(CAST(1208 AS INT), CAST(11 AS INT)), tpcds_partitioned_parquet_snap.date_dim_0.d_month_seq >= CAST(1208 AS INT)
|  |  |     stored statistics:
|  |  |       table: rows=73.05K size=2.17MB
|  |  |       columns: all
|  |  |     extrapolated-rows=disabled max-scan-range-rows=73.05K
|  |  |     parquet statistics predicates: tpcds_partitioned_parquet_snap.date_dim_0.d_month_seq <= add(CAST(1208 AS INT), CAST(11 AS INT)), tpcds_partitioned_parquet_snap.date_dim_0.d_month_seq >= CAST(1208 AS INT)
|  |  |     parquet dictionary predicates: tpcds_partitioned_parquet_snap.date_dim_0.d_month_seq <= add(CAST(1208 AS INT), CAST(11 AS INT)), tpcds_partitioned_parquet_snap.date_dim_0.d_month_seq >= CAST(1208 AS INT)
|  |  |     mem-estimate=16.00MB mem-reservation=4.00MB thread-reservation=0
|  |  |     tuple-ids=9 row-size=237B cardinality=7.30K cost=114705
|  |  |     in pipelines: 07(GETNEXT)
|  |  |
|  |  06:SCAN HDFS [tpcds_partitioned_parquet_snap.store_sales]
|  |     HDFS partitions=1824/1824 files=1824 size=389.90GB
|  |     runtime filters: RF008[bloom] -> tpcds_partitioned_parquet_snap.store_sales_0.ss_sold_date_sk
|  |     stored statistics:
|  |       table: rows=8.64G size=389.90GB
|  |       partitions: 1824/1824 rows=8.64G
|  |       columns: all
|  |     extrapolated-rows=disabled max-scan-range-rows=390.22M
|  |     mem-estimate=16.00MB mem-reservation=8.00MB thread-reservation=0
|  |     tuple-ids=7 row-size=96B cardinality=8.64G cost=11943846410
|  |     in pipelines: 06(GETNEXT)
|  |
|  11:SCAN HDFS [tpcds_partitioned_parquet_snap.store]
|     HDFS partitions=1/1 files=1 size=119.76KB
|     runtime filters: RF007[min_max] -> tpcds_partitioned_parquet_snap.store.s_store_sk, RF006[bloom] -> tpcds_partitioned_parquet_snap.store.s_store_sk
|     stored statistics:
|       table: rows=1.35K size=119.76KB
|       columns: all
|     extrapolated-rows=disabled max-scan-range-rows=1.35K
|     mem-estimate=16.00MB mem-reservation=232.00KB thread-reservation=0
|     tuple-ids=14 row-size=459B cardinality=668(filtered from 1.35K) cost=4718
|     in pipelines: 11(GETNEXT)
|
05:HASH JOIN [INNER JOIN]
|  hash predicates: tpcds_partitioned_parquet_snap.store_sales.ss_item_sk = tpcds_partitioned_parquet_snap.item.i_item_sk
|  fk/pk conjuncts: tpcds_partitioned_parquet_snap.store_sales.ss_item_sk = tpcds_partitioned_parquet_snap.item.i_item_sk
|  runtime filters: RF002[bloom] <- tpcds_partitioned_parquet_snap.item.i_item_sk, RF003[min_max] <- tpcds_partitioned_parquet_snap.item.i_item_sk
|  mem-estimate=151.22MB mem-reservation=34.00MB spill-buffer=2.00MB thread-reservation=0
|  tuple-ids=4,5 row-size=429B cardinality=235.08M cost=103284665
|  in pipelines: 03(GETNEXT), 04(OPEN)
|
|--04:SCAN HDFS [tpcds_partitioned_parquet_snap.item]
|     HDFS partitions=1/1 files=1 size=33.54MB
|     stored statistics:
|       table: rows=360.00K size=33.54MB
|       columns: all
|     extrapolated-rows=disabled max-scan-range-rows=101.54K
|     mem-estimate=16.00MB mem-reservation=512.00KB thread-reservation=0
|     tuple-ids=5 row-size=405B cardinality=360.00K cost=1355609
|     in pipelines: 04(GETNEXT)
|
03:AGGREGATE [FINALIZE]
|  output: sum(tpcds_partitioned_parquet_snap.store_sales.ss_sales_price)
|  group by: tpcds_partitioned_parquet_snap.store_sales.ss_store_sk, tpcds_partitioned_parquet_snap.store_sales.ss_item_sk
|  mem-estimate=4.19GB mem-reservation=34.00MB spill-buffer=2.00MB thread-reservation=0
|  tuple-ids=4 row-size=24B cardinality=235.20M cost=12937227008
|  in pipelines: 03(GETNEXT), 00(OPEN)
|
02:HASH JOIN [INNER JOIN]
|  hash predicates: tpcds_partitioned_parquet_snap.store_sales.ss_sold_date_sk = tpcds_partitioned_parquet_snap.date_dim.d_date_sk
|  fk/pk conjuncts: tpcds_partitioned_parquet_snap.store_sales.ss_sold_date_sk = tpcds_partitioned_parquet_snap.date_dim.d_date_sk
|  runtime filters: RF004[bloom] <- tpcds_partitioned_parquet_snap.date_dim.d_date_sk
|  mem-estimate=2.88MB mem-reservation=2.88MB spill-buffer=128.00KB thread-reservation=0
|  tuple-ids=0,2 row-size=333B cardinality=8.64G cost=3781706938
|  in pipelines: 00(GETNEXT), 01(OPEN)
|
|--01:SCAN HDFS [tpcds_partitioned_parquet_snap.date_dim]
|     HDFS partitions=1/1 files=1 size=2.17MB
|     predicates: tpcds_partitioned_parquet_snap.date_dim.d_month_seq <= add(CAST(1208 AS INT), CAST(11 AS INT)), tpcds_partitioned_parquet_snap.date_dim.d_month_seq >= CAST(1208 AS INT)
|     stored statistics:
|       table: rows=73.05K size=2.17MB
|       columns: all
|     extrapolated-rows=disabled max-scan-range-rows=73.05K
|     parquet statistics predicates: tpcds_partitioned_parquet_snap.date_dim.d_month_seq <= add(CAST(1208 AS INT), CAST(11 AS INT)), tpcds_partitioned_parquet_snap.date_dim.d_month_seq >= CAST(1208 AS INT)
|     parquet dictionary predicates: tpcds_partitioned_parquet_snap.date_dim.d_month_seq <= add(CAST(1208 AS INT), CAST(11 AS INT)), tpcds_partitioned_parquet_snap.date_dim.d_month_seq >= CAST(1208 AS INT)
|     mem-estimate=16.00MB mem-reservation=4.00MB thread-reservation=0
|     tuple-ids=2 row-size=237B cardinality=7.30K cost=114705
|     in pipelines: 01(GETNEXT)
|
00:SCAN HDFS [tpcds_partitioned_parquet_snap.store_sales]
   HDFS partitions=1824/1824 files=1824 size=389.90GB
   runtime filters: RF001[min_max] -> tpcds_partitioned_parquet_snap.store_sales.ss_store_sk, RF003[min_max] -> tpcds_partitioned_parquet_snap.store_sales.ss_item_sk, RF000[bloom] -> tpcds_partitioned_parquet_snap.store_sales.ss_store_sk, RF002[bloom] -> tpcds_partitioned_parquet_snap.store_sales.ss_item_sk, RF004[bloom] -> tpcds_partitioned_parquet_snap.store_sales.ss_sold_date_sk
   stored statistics:
     table: rows=8.64G size=389.90GB
     partitions: 1824/1824 rows=8.64G
     columns: all
   extrapolated-rows=disabled max-scan-range-rows=390.22M
   mem-estimate=16.00MB mem-reservation=8.00MB thread-reservation=0
   tuple-ids=0 row-size=96B cardinality=8.64G cost=11943846410
   in pipelines: 00(GETNEXT)
---- DISTRIBUTEDPLAN
Max Per-Host Resource Reservation: Memory=2.28GB Threads=58
Per-Host Resource Estimates: Memory=31.00GB
F09:PLAN FRAGMENT [UNPARTITIONED] hosts=1 instances=1
|  Per-Instance Resources: mem-estimate=6.12MB mem-reservation=4.00MB thread-reservation=1
|  max-parallelism=1 segment-costs=[661] cpu-comparison-result=265 [max(1 (self) vs 265 (sum children))]
PLAN-ROOT SINK
|  output exprs: s_store_name, i_item_desc, sum(tpcds_partitioned_parquet_snap.store_sales.ss_sales_price), i_current_price, i_wholesale_cost, i_brand
|  mem-estimate=4.00MB mem-reservation=4.00MB spill-buffer=2.00MB thread-reservation=0 cost=600
|
26:MERGING-EXCHANGE [UNPARTITIONED]
|  order by: s_store_name ASC NULLS LAST, i_item_desc ASC NULLS LAST
|  limit: 100
|  mem-estimate=2.12MB mem-reservation=0B thread-reservation=0
|  tuple-ids=16 row-size=181B cardinality=100 cost=61
|  in pipelines: 14(GETNEXT)
|
F02:PLAN FRAGMENT [HASH(tpcds_partitioned_parquet_snap.store_sales.ss_store_sk,tpcds_partitioned_parquet_snap.store_sales.ss_item_sk)] hosts=10 instances=120
Per-Instance Resources: mem-estimate=80.57MB mem-reservation=34.00MB thread-reservation=1
max-parallelism=16260 segment-costs=[12940680071, 162519034789, 504] cpu-comparison-result=265 [max(120 (self) vs 265 (sum children))]
14:TOP-N [LIMIT=100]
|  order by: s_store_name ASC NULLS LAST, i_item_desc ASC NULLS LAST
|  mem-estimate=17.65KB mem-reservation=0B thread-reservation=0
|  tuple-ids=16 row-size=181B cardinality=100 cost=160790255687
|  in pipelines: 14(GETNEXT), 17(OPEN)
|
13:HASH JOIN [INNER JOIN, BROADCAST]
|  hash-table-id=00
|  hash predicates: tpcds_partitioned_parquet_snap.store_sales.ss_store_sk = tpcds_partitioned_parquet_snap.store_sales_0.ss_store_sk
|  fk/pk conjuncts: none
|  other join predicates: sum(tpcds_partitioned_parquet_snap.store_sales.ss_sales_price) <= multiply(CAST(0.1 AS DECIMAL(2,1)), avg(sum(tpcds_partitioned_parquet_snap.store_sales_0.ss_sales_price)))
|  mem-estimate=0B mem-reservation=0B spill-buffer=64.00KB thread-reservation=0
|  tuple-ids=4,5,13,14 row-size=908B cardinality=8.64G cost=1625854437
|  in pipelines: 17(GETNEXT), 23(OPEN)
|
|--F10:PLAN FRAGMENT [HASH(tpcds_partitioned_parquet_snap.store_sales.ss_store_sk,tpcds_partitioned_parquet_snap.store_sales.ss_item_sk)] hosts=10 instances=10
|  |  Per-Instance Resources: mem-estimate=27.58MB mem-reservation=24.25MB thread-reservation=1 runtime-filters-memory=1.00MB
|  |  max-parallelism=10 segment-costs=[1513] cpu-comparison-result=131 [max(10 (self) vs 131 (sum children))]
|  JOIN BUILD
|  |  join-table-id=00 plan-id=01 cohort-id=01
|  |  build expressions: tpcds_partitioned_parquet_snap.store_sales_0.ss_store_sk
|  |  runtime filters: RF000[bloom] <- tpcds_partitioned_parquet_snap.store_sales_0.ss_store_sk, RF001[min_max] <- tpcds_partitioned_parquet_snap.store_sales_0.ss_store_sk
|  |  mem-estimate=23.25MB mem-reservation=23.25MB spill-buffer=64.00KB thread-reservation=0 cost=653
|  |
|  25:EXCHANGE [BROADCAST]
|  |  mem-estimate=3.33MB mem-reservation=0B thread-reservation=0
|  |  tuple-ids=13,14 row-size=479B cardinality=653 cost=860
|  |  in pipelines: 23(GETNEXT)
|  |
|  F07:PLAN FRAGMENT [HASH(tpcds_partitioned_parquet_snap.store_sales_0.ss_store_sk)] hosts=10 instances=10 (adjusted from 120)
|  Per-Instance Resources: mem-estimate=12.73MB mem-reservation=1.94MB thread-reservation=1
|  max-parallelism=10 segment-costs=[40536, 1157] cpu-comparison-result=131 [max(10 (self) vs 131 (sum children))]
|  12:HASH JOIN [INNER JOIN, PARTITIONED]
|  |  hash-table-id=01
|  |  hash predicates: tpcds_partitioned_parquet_snap.store_sales_0.ss_store_sk = tpcds_partitioned_parquet_snap.store.s_store_sk
|  |  fk/pk conjuncts: tpcds_partitioned_parquet_snap.store_sales_0.ss_store_sk = tpcds_partitioned_parquet_snap.store.s_store_sk
|  |  mem-estimate=0B mem-reservation=0B spill-buffer=64.00KB thread-reservation=0
|  |  tuple-ids=13,14 row-size=479B cardinality=653 cost=285
|  |  in pipelines: 23(GETNEXT), 11(OPEN)
|  |
|  |--F11:PLAN FRAGMENT [HASH(tpcds_partitioned_parquet_snap.store_sales_0.ss_store_sk)] hosts=10 instances=10 (adjusted from 120)
|  |  |  Per-Instance Resources: mem-estimate=3.98MB mem-reservation=2.94MB thread-reservation=1 runtime-filters-memory=1.00MB
|  |  |  max-parallelism=10 segment-costs=[4348]
|  |  JOIN BUILD
|  |  |  join-table-id=01 plan-id=02 cohort-id=02
|  |  |  build expressions: tpcds_partitioned_parquet_snap.store.s_store_sk
|  |  |  runtime filters: RF006[bloom] <- tpcds_partitioned_parquet_snap.store.s_store_sk, RF007[min_max] <- tpcds_partitioned_parquet_snap.store.s_store_sk
|  |  |  mem-estimate=1.94MB mem-reservation=1.94MB spill-buffer=64.00KB thread-reservation=0 cost=1350
|  |  |
|  |  24:EXCHANGE [HASH(tpcds_partitioned_parquet_snap.store.s_store_sk)]
|  |  |  mem-estimate=1.04MB mem-reservation=0B thread-reservation=0
|  |  |  tuple-ids=14 row-size=459B cardinality=1.35K cost=2998
|  |  |  in pipelines: 11(GETNEXT)
|  |  |
|  |  F08:PLAN FRAGMENT [RANDOM] hosts=1 instances=1
|  |  Per-Instance Resources: mem-estimate=34.07MB mem-reservation=232.00KB thread-reservation=1
|  |  max-parallelism=1 segment-costs=[45294]
|  |  11:SCAN HDFS [tpcds_partitioned_parquet_snap.store, RANDOM]
|  |     HDFS partitions=1/1 files=1 size=119.76KB
|  |     stored statistics:
|  |       table: rows=1.35K size=119.76KB
|  |       columns: all
|  |     extrapolated-rows=disabled max-scan-range-rows=1.35K
|  |     mem-estimate=16.00MB mem-reservation=232.00KB thread-reservation=0
|  |     tuple-ids=14 row-size=459B cardinality=1.35K cost=4718
|  |     in pipelines: 11(GETNEXT)
|  |
|  23:AGGREGATE [FINALIZE]
|  |  output: avg:merge(sum(tpcds_partitioned_parquet_snap.store_sales_0.ss_sales_price))
|  |  group by: tpcds_partitioned_parquet_snap.store_sales_0.ss_store_sk
|  |  mem-estimate=10.00MB mem-reservation=1.94MB spill-buffer=64.00KB thread-reservation=0
|  |  tuple-ids=13 row-size=20B cardinality=653 cost=24622
|  |  in pipelines: 23(GETNEXT), 21(OPEN)
|  |
|  22:EXCHANGE [HASH(tpcds_partitioned_parquet_snap.store_sales_0.ss_store_sk)]
|  |  mem-estimate=2.73MB mem-reservation=0B thread-reservation=0
|  |  tuple-ids=12 row-size=20B cardinality=78.36K cost=15914
|  |  in pipelines: 21(GETNEXT)
|  |
|  F06:PLAN FRAGMENT [HASH(tpcds_partitioned_parquet_snap.store_sales_0.ss_store_sk,tpcds_partitioned_parquet_snap.store_sales_0.ss_item_sk)] hosts=10 instances=110 (adjusted from 120)
|  Per-Instance Resources: mem-estimate=96.69MB mem-reservation=36.00MB thread-reservation=1
|  max-parallelism=1300 segment-costs=[12940680071, 68999580, 141298] cpu-comparison-result=120 [max(110 (self) vs 120 (sum children))]
|  10:AGGREGATE [STREAMING]
|  |  output: avg(sum(tpcds_partitioned_parquet_snap.store_sales_0.ss_sales_price))
|  |  group by: tpcds_partitioned_parquet_snap.store_sales_0.ss_store_sk
|  |  mem-estimate=10.00MB mem-reservation=2.00MB spill-buffer=64.00KB thread-reservation=0
|  |  tuple-ids=12 row-size=20B cardinality=78.36K cost=68999580
|  |  in pipelines: 21(GETNEXT)
|  |
|  21:AGGREGATE [FINALIZE]
|  |  output: sum:merge(tpcds_partitioned_parquet_snap.store_sales_0.ss_sales_price)
|  |  group by: tpcds_partitioned_parquet_snap.store_sales_0.ss_store_sk, tpcds_partitioned_parquet_snap.store_sales_0.ss_item_sk
|  |  mem-estimate=73.41MB mem-reservation=34.00MB spill-buffer=2.00MB thread-reservation=0
|  |  tuple-ids=11 row-size=24B cardinality=235.20M cost=11292119815
|  |  in pipelines: 21(GETNEXT), 06(OPEN)
|  |
|  20:EXCHANGE [HASH(tpcds_partitioned_parquet_snap.store_sales_0.ss_store_sk,tpcds_partitioned_parquet_snap.store_sales_0.ss_item_sk)]
|  |  mem-estimate=13.28MB mem-reservation=0B thread-reservation=0
|  |  tuple-ids=11 row-size=24B cardinality=7.44G cost=1648560256
|  |  in pipelines: 06(GETNEXT)
|  |
|  F04:PLAN FRAGMENT [RANDOM] hosts=10 instances=120
|  Per-Host Shared Resources: mem-estimate=2.00MB mem-reservation=2.00MB thread-reservation=0 runtime-filters-memory=2.00MB
|  Per-Instance Resources: mem-estimate=1.18GB mem-reservation=42.00MB thread-reservation=1
|  max-parallelism=1824 segment-costs=[61301993045, 15337936685] cpu-comparison-result=120 [max(120 (self) vs 11 (sum children))]
|  09:AGGREGATE [STREAMING]
|  |  output: sum(tpcds_partitioned_parquet_snap.store_sales_0.ss_sales_price)
|  |  group by: tpcds_partitioned_parquet_snap.store_sales_0.ss_store_sk, tpcds_partitioned_parquet_snap.store_sales_0.ss_item_sk
|  |  mem-estimate=1.16GB mem-reservation=34.00MB spill-buffer=2.00MB thread-reservation=0
|  |  tuple-ids=11 row-size=24B cardinality=7.44G cost=45576447002
|  |  in pipelines: 06(GETNEXT)
|  |
|  08:HASH JOIN [INNER JOIN, BROADCAST]
|  |  hash-table-id=02
|  |  hash predicates: tpcds_partitioned_parquet_snap.store_sales_0.ss_sold_date_sk = tpcds_partitioned_parquet_snap.date_dim_0.d_date_sk
|  |  fk/pk conjuncts: tpcds_partitioned_parquet_snap.store_sales_0.ss_sold_date_sk = tpcds_partitioned_parquet_snap.date_dim_0.d_date_sk
|  |  mem-estimate=0B mem-reservation=0B spill-buffer=128.00KB thread-reservation=0
|  |  tuple-ids=7,9 row-size=333B cardinality=8.64G cost=3781699633
|  |  in pipelines: 06(GETNEXT), 07(OPEN)
|  |
|  |--F12:PLAN FRAGMENT [RANDOM] hosts=10 instances=10
|  |  |  Per-Instance Resources: mem-estimate=37.39MB mem-reservation=35.50MB thread-reservation=1 runtime-filters-memory=1.00MB
|  |  |  max-parallelism=10 segment-costs=[17005]
|  |  JOIN BUILD
|  |  |  join-table-id=02 plan-id=03 cohort-id=02
|  |  |  build expressions: tpcds_partitioned_parquet_snap.date_dim_0.d_date_sk
|  |  |  runtime filters: RF008[bloom] <- tpcds_partitioned_parquet_snap.date_dim_0.d_date_sk
|  |  |  mem-estimate=34.50MB mem-reservation=34.50MB spill-buffer=128.00KB thread-reservation=0 cost=7305
|  |  |
|  |  19:EXCHANGE [BROADCAST]
|  |  |  mem-estimate=1.89MB mem-reservation=0B thread-reservation=0
|  |  |  tuple-ids=9 row-size=237B cardinality=7.30K cost=9700
|  |  |  in pipelines: 07(GETNEXT)
|  |  |
|  |  F05:PLAN FRAGMENT [RANDOM] hosts=1 instances=1
|  |  Per-Instance Resources: mem-estimate=16.94MB mem-reservation=4.00MB thread-reservation=1
|  |  max-parallelism=1 segment-costs=[119540]
|  |  07:SCAN HDFS [tpcds_partitioned_parquet_snap.date_dim, RANDOM]
|  |     HDFS partitions=1/1 files=1 size=2.17MB
|  |     predicates: tpcds_partitioned_parquet_snap.date_dim_0.d_month_seq <= add(CAST(1208 AS INT), CAST(11 AS INT)), tpcds_partitioned_parquet_snap.date_dim_0.d_month_seq >= CAST(1208 AS INT)
|  |     stored statistics:
|  |       table: rows=73.05K size=2.17MB
|  |       columns: all
|  |     extrapolated-rows=disabled max-scan-range-rows=73.05K
|  |     parquet statistics predicates: tpcds_partitioned_parquet_snap.date_dim_0.d_month_seq <= add(CAST(1208 AS INT), CAST(11 AS INT)), tpcds_partitioned_parquet_snap.date_dim_0.d_month_seq >= CAST(1208 AS INT)
|  |     parquet dictionary predicates: tpcds_partitioned_parquet_snap.date_dim_0.d_month_seq <= add(CAST(1208 AS INT), CAST(11 AS INT)), tpcds_partitioned_parquet_snap.date_dim_0.d_month_seq >= CAST(1208 AS INT)
|  |     mem-estimate=16.00MB mem-reservation=4.00MB thread-reservation=0
|  |     tuple-ids=9 row-size=237B cardinality=7.30K cost=114705
|  |     in pipelines: 07(GETNEXT)
|  |
|  06:SCAN HDFS [tpcds_partitioned_parquet_snap.store_sales, RANDOM]
|     HDFS partitions=1824/1824 files=1824 size=389.90GB
|     runtime filters: RF007[min_max] -> tpcds_partitioned_parquet_snap.store_sales_0.ss_store_sk, RF006[bloom] -> tpcds_partitioned_parquet_snap.store_sales_0.ss_store_sk, RF008[bloom] -> tpcds_partitioned_parquet_snap.store_sales_0.ss_sold_date_sk
|     stored statistics:
|       table: rows=8.64G size=389.90GB
|       partitions: 1824/1824 rows=8.64G
|       columns: all
|     extrapolated-rows=disabled max-scan-range-rows=390.22M
|     mem-estimate=16.00MB mem-reservation=8.00MB thread-reservation=0
|     tuple-ids=7 row-size=96B cardinality=8.64G cost=11943846410
|     in pipelines: 06(GETNEXT)
|
05:HASH JOIN [INNER JOIN, BROADCAST]
|  hash-table-id=03
|  hash predicates: tpcds_partitioned_parquet_snap.store_sales.ss_item_sk = tpcds_partitioned_parquet_snap.item.i_item_sk
|  fk/pk conjuncts: tpcds_partitioned_parquet_snap.store_sales.ss_item_sk = tpcds_partitioned_parquet_snap.item.i_item_sk
|  mem-estimate=0B mem-reservation=0B spill-buffer=2.00MB thread-reservation=0
|  tuple-ids=4,5 row-size=429B cardinality=235.08M cost=102924665
|  in pipelines: 17(GETNEXT), 04(OPEN)
|
|--F13:PLAN FRAGMENT [HASH(tpcds_partitioned_parquet_snap.store_sales.ss_store_sk,tpcds_partitioned_parquet_snap.store_sales.ss_item_sk)] hosts=10 instances=10
|  |  Per-Instance Resources: mem-estimate=420.60MB mem-reservation=409.00MB thread-reservation=1 runtime-filters-memory=1.00MB
|  |  max-parallelism=10 segment-costs=[838440]
|  JOIN BUILD
|  |  join-table-id=03 plan-id=04 cohort-id=01
|  |  build expressions: tpcds_partitioned_parquet_snap.item.i_item_sk
|  |  runtime filters: RF002[bloom] <- tpcds_partitioned_parquet_snap.item.i_item_sk, RF003[min_max] <- tpcds_partitioned_parquet_snap.item.i_item_sk
|  |  mem-estimate=408.00MB mem-reservation=408.00MB spill-buffer=2.00MB thread-reservation=0 cost=360000
|  |
|  18:EXCHANGE [BROADCAST]
|  |  mem-estimate=11.60MB mem-reservation=0B thread-reservation=0
|  |  tuple-ids=5 row-size=405B cardinality=360.00K cost=478440
|  |  in pipelines: 04(GETNEXT)
|  |
|  F03:PLAN FRAGMENT [RANDOM] hosts=4 instances=4
|  Per-Instance Resources: mem-estimate=17.60MB mem-reservation=512.00KB thread-reservation=1
|  max-parallelism=4 segment-costs=[1757529]
|  04:SCAN HDFS [tpcds_partitioned_parquet_snap.item, RANDOM]
|     HDFS partitions=1/1 files=1 size=33.54MB
|     stored statistics:
|       table: rows=360.00K size=33.54MB
|       columns: all
|     extrapolated-rows=disabled max-scan-range-rows=101.54K
|     mem-estimate=16.00MB mem-reservation=512.00KB thread-reservation=0
|     tuple-ids=5 row-size=405B cardinality=360.00K cost=1355609
|     in pipelines: 04(GETNEXT)
|
17:AGGREGATE [FINALIZE]
|  output: sum:merge(tpcds_partitioned_parquet_snap.store_sales.ss_sales_price)
|  group by: tpcds_partitioned_parquet_snap.store_sales.ss_store_sk, tpcds_partitioned_parquet_snap.store_sales.ss_item_sk
|  mem-estimate=67.29MB mem-reservation=34.00MB spill-buffer=2.00MB thread-reservation=0
|  tuple-ids=4 row-size=24B cardinality=235.20M cost=11292119815
|  in pipelines: 17(GETNEXT), 00(OPEN)
|
16:EXCHANGE [HASH(tpcds_partitioned_parquet_snap.store_sales.ss_store_sk,tpcds_partitioned_parquet_snap.store_sales.ss_item_sk)]
|  mem-estimate=13.28MB mem-reservation=0B thread-reservation=0
|  tuple-ids=4 row-size=24B cardinality=7.44G cost=1648560256
|  in pipelines: 00(GETNEXT)
|
F00:PLAN FRAGMENT [RANDOM] hosts=10 instances=120
Per-Host Shared Resources: mem-estimate=3.00MB mem-reservation=3.00MB thread-reservation=0 runtime-filters-memory=3.00MB
Per-Instance Resources: mem-estimate=1.18GB mem-reservation=42.00MB thread-reservation=1
max-parallelism=1824 segment-costs=[61301993045, 15337936685] cpu-comparison-result=120 [max(120 (self) vs 11 (sum children))]
03:AGGREGATE [STREAMING]
|  output: sum(tpcds_partitioned_parquet_snap.store_sales.ss_sales_price)
|  group by: tpcds_partitioned_parquet_snap.store_sales.ss_store_sk, tpcds_partitioned_parquet_snap.store_sales.ss_item_sk
|  mem-estimate=1.16GB mem-reservation=34.00MB spill-buffer=2.00MB thread-reservation=0
|  tuple-ids=4 row-size=24B cardinality=7.44G cost=45576447002
|  in pipelines: 00(GETNEXT)
|
02:HASH JOIN [INNER JOIN, BROADCAST]
|  hash-table-id=04
|  hash predicates: tpcds_partitioned_parquet_snap.store_sales.ss_sold_date_sk = tpcds_partitioned_parquet_snap.date_dim.d_date_sk
|  fk/pk conjuncts: tpcds_partitioned_parquet_snap.store_sales.ss_sold_date_sk = tpcds_partitioned_parquet_snap.date_dim.d_date_sk
|  mem-estimate=0B mem-reservation=0B spill-buffer=128.00KB thread-reservation=0
|  tuple-ids=0,2 row-size=333B cardinality=8.64G cost=3781699633
|  in pipelines: 00(GETNEXT), 01(OPEN)
|
|--F14:PLAN FRAGMENT [RANDOM] hosts=10 instances=10
|  |  Per-Instance Resources: mem-estimate=37.39MB mem-reservation=35.50MB thread-reservation=1 runtime-filters-memory=1.00MB
|  |  max-parallelism=10 segment-costs=[17005]
|  JOIN BUILD
|  |  join-table-id=04 plan-id=05 cohort-id=01
|  |  build expressions: tpcds_partitioned_parquet_snap.date_dim.d_date_sk
|  |  runtime filters: RF004[bloom] <- tpcds_partitioned_parquet_snap.date_dim.d_date_sk
|  |  mem-estimate=34.50MB mem-reservation=34.50MB spill-buffer=128.00KB thread-reservation=0 cost=7305
|  |
|  15:EXCHANGE [BROADCAST]
|  |  mem-estimate=1.89MB mem-reservation=0B thread-reservation=0
|  |  tuple-ids=2 row-size=237B cardinality=7.30K cost=9700
|  |  in pipelines: 01(GETNEXT)
|  |
|  F01:PLAN FRAGMENT [RANDOM] hosts=1 instances=1
|  Per-Instance Resources: mem-estimate=16.94MB mem-reservation=4.00MB thread-reservation=1
|  max-parallelism=1 segment-costs=[119540]
|  01:SCAN HDFS [tpcds_partitioned_parquet_snap.date_dim, RANDOM]
|     HDFS partitions=1/1 files=1 size=2.17MB
|     predicates: tpcds_partitioned_parquet_snap.date_dim.d_month_seq <= add(CAST(1208 AS INT), CAST(11 AS INT)), tpcds_partitioned_parquet_snap.date_dim.d_month_seq >= CAST(1208 AS INT)
|     stored statistics:
|       table: rows=73.05K size=2.17MB
|       columns: all
|     extrapolated-rows=disabled max-scan-range-rows=73.05K
|     parquet statistics predicates: tpcds_partitioned_parquet_snap.date_dim.d_month_seq <= add(CAST(1208 AS INT), CAST(11 AS INT)), tpcds_partitioned_parquet_snap.date_dim.d_month_seq >= CAST(1208 AS INT)
|     parquet dictionary predicates: tpcds_partitioned_parquet_snap.date_dim.d_month_seq <= add(CAST(1208 AS INT), CAST(11 AS INT)), tpcds_partitioned_parquet_snap.date_dim.d_month_seq >= CAST(1208 AS INT)
|     mem-estimate=16.00MB mem-reservation=4.00MB thread-reservation=0
|     tuple-ids=2 row-size=237B cardinality=7.30K cost=114705
|     in pipelines: 01(GETNEXT)
|
00:SCAN HDFS [tpcds_partitioned_parquet_snap.store_sales, RANDOM]
   HDFS partitions=1824/1824 files=1824 size=389.90GB
   runtime filters: RF001[min_max] -> tpcds_partitioned_parquet_snap.store_sales.ss_store_sk, RF003[min_max] -> tpcds_partitioned_parquet_snap.store_sales.ss_item_sk, RF000[bloom] -> tpcds_partitioned_parquet_snap.store_sales.ss_store_sk, RF002[bloom] -> tpcds_partitioned_parquet_snap.store_sales.ss_item_sk, RF004[bloom] -> tpcds_partitioned_parquet_snap.store_sales.ss_sold_date_sk
   stored statistics:
     table: rows=8.64G size=389.90GB
     partitions: 1824/1824 rows=8.64G
     columns: all
   extrapolated-rows=disabled max-scan-range-rows=390.22M
   mem-estimate=16.00MB mem-reservation=8.00MB thread-reservation=0
   tuple-ids=0 row-size=96B cardinality=8.64G cost=11943846410
   in pipelines: 00(GETNEXT)
---- PARALLELPLANS
Max Per-Host Resource Reservation: Memory=2.28GB Threads=58
Per-Host Resource Estimates: Memory=31.00GB
F09:PLAN FRAGMENT [UNPARTITIONED] hosts=1 instances=1
|  Per-Instance Resources: mem-estimate=6.12MB mem-reservation=4.00MB thread-reservation=1
|  max-parallelism=1 segment-costs=[661] cpu-comparison-result=265 [max(1 (self) vs 265 (sum children))]
PLAN-ROOT SINK
|  output exprs: s_store_name, i_item_desc, sum(tpcds_partitioned_parquet_snap.store_sales.ss_sales_price), i_current_price, i_wholesale_cost, i_brand
|  mem-estimate=4.00MB mem-reservation=4.00MB spill-buffer=2.00MB thread-reservation=0 cost=600
|
26:MERGING-EXCHANGE [UNPARTITIONED]
|  order by: s_store_name ASC NULLS LAST, i_item_desc ASC NULLS LAST
|  limit: 100
|  mem-estimate=2.12MB mem-reservation=0B thread-reservation=0
|  tuple-ids=16 row-size=181B cardinality=100 cost=61
|  in pipelines: 14(GETNEXT)
|
F02:PLAN FRAGMENT [HASH(tpcds_partitioned_parquet_snap.store_sales.ss_store_sk,tpcds_partitioned_parquet_snap.store_sales.ss_item_sk)] hosts=10 instances=120
Per-Instance Resources: mem-estimate=80.57MB mem-reservation=34.00MB thread-reservation=1
max-parallelism=16260 segment-costs=[12940680071, 162519034789, 504] cpu-comparison-result=265 [max(120 (self) vs 265 (sum children))]
14:TOP-N [LIMIT=100]
|  order by: s_store_name ASC NULLS LAST, i_item_desc ASC NULLS LAST
|  mem-estimate=17.65KB mem-reservation=0B thread-reservation=0
|  tuple-ids=16 row-size=181B cardinality=100 cost=160790255687
|  in pipelines: 14(GETNEXT), 17(OPEN)
|
13:HASH JOIN [INNER JOIN, BROADCAST]
|  hash-table-id=00
|  hash predicates: tpcds_partitioned_parquet_snap.store_sales.ss_store_sk = tpcds_partitioned_parquet_snap.store_sales_0.ss_store_sk
|  fk/pk conjuncts: none
|  other join predicates: sum(tpcds_partitioned_parquet_snap.store_sales.ss_sales_price) <= multiply(CAST(0.1 AS DECIMAL(2,1)), avg(sum(tpcds_partitioned_parquet_snap.store_sales_0.ss_sales_price)))
|  mem-estimate=0B mem-reservation=0B spill-buffer=64.00KB thread-reservation=0
|  tuple-ids=4,5,13,14 row-size=908B cardinality=8.64G cost=1625854437
|  in pipelines: 17(GETNEXT), 23(OPEN)
|
|--F10:PLAN FRAGMENT [HASH(tpcds_partitioned_parquet_snap.store_sales.ss_store_sk,tpcds_partitioned_parquet_snap.store_sales.ss_item_sk)] hosts=10 instances=10
|  |  Per-Instance Resources: mem-estimate=27.58MB mem-reservation=24.25MB thread-reservation=1 runtime-filters-memory=1.00MB
|  |  max-parallelism=10 segment-costs=[1513] cpu-comparison-result=131 [max(10 (self) vs 131 (sum children))]
|  JOIN BUILD
|  |  join-table-id=00 plan-id=01 cohort-id=01
|  |  build expressions: tpcds_partitioned_parquet_snap.store_sales_0.ss_store_sk
|  |  runtime filters: RF000[bloom] <- tpcds_partitioned_parquet_snap.store_sales_0.ss_store_sk, RF001[min_max] <- tpcds_partitioned_parquet_snap.store_sales_0.ss_store_sk
|  |  mem-estimate=23.25MB mem-reservation=23.25MB spill-buffer=64.00KB thread-reservation=0 cost=653
|  |
|  25:EXCHANGE [BROADCAST]
|  |  mem-estimate=3.33MB mem-reservation=0B thread-reservation=0
|  |  tuple-ids=13,14 row-size=479B cardinality=653 cost=860
|  |  in pipelines: 23(GETNEXT)
|  |
|  F07:PLAN FRAGMENT [HASH(tpcds_partitioned_parquet_snap.store_sales_0.ss_store_sk)] hosts=10 instances=10 (adjusted from 120)
|  Per-Instance Resources: mem-estimate=12.73MB mem-reservation=1.94MB thread-reservation=1
|  max-parallelism=10 segment-costs=[40536, 1157] cpu-comparison-result=131 [max(10 (self) vs 131 (sum children))]
|  12:HASH JOIN [INNER JOIN, PARTITIONED]
|  |  hash-table-id=01
|  |  hash predicates: tpcds_partitioned_parquet_snap.store_sales_0.ss_store_sk = tpcds_partitioned_parquet_snap.store.s_store_sk
|  |  fk/pk conjuncts: tpcds_partitioned_parquet_snap.store_sales_0.ss_store_sk = tpcds_partitioned_parquet_snap.store.s_store_sk
|  |  mem-estimate=0B mem-reservation=0B spill-buffer=64.00KB thread-reservation=0
|  |  tuple-ids=13,14 row-size=479B cardinality=653 cost=285
|  |  in pipelines: 23(GETNEXT), 11(OPEN)
|  |
|  |--F11:PLAN FRAGMENT [HASH(tpcds_partitioned_parquet_snap.store_sales_0.ss_store_sk)] hosts=10 instances=10 (adjusted from 120)
|  |  |  Per-Instance Resources: mem-estimate=3.98MB mem-reservation=2.94MB thread-reservation=1 runtime-filters-memory=1.00MB
|  |  |  max-parallelism=10 segment-costs=[4348]
|  |  JOIN BUILD
|  |  |  join-table-id=01 plan-id=02 cohort-id=02
|  |  |  build expressions: tpcds_partitioned_parquet_snap.store.s_store_sk
|  |  |  runtime filters: RF006[bloom] <- tpcds_partitioned_parquet_snap.store.s_store_sk, RF007[min_max] <- tpcds_partitioned_parquet_snap.store.s_store_sk
|  |  |  mem-estimate=1.94MB mem-reservation=1.94MB spill-buffer=64.00KB thread-reservation=0 cost=1350
|  |  |
|  |  24:EXCHANGE [HASH(tpcds_partitioned_parquet_snap.store.s_store_sk)]
|  |  |  mem-estimate=1.04MB mem-reservation=0B thread-reservation=0
|  |  |  tuple-ids=14 row-size=459B cardinality=1.35K cost=2998
|  |  |  in pipelines: 11(GETNEXT)
|  |  |
|  |  F08:PLAN FRAGMENT [RANDOM] hosts=1 instances=1
|  |  Per-Instance Resources: mem-estimate=34.07MB mem-reservation=232.00KB thread-reservation=1
|  |  max-parallelism=1 segment-costs=[45294]
|  |  11:SCAN HDFS [tpcds_partitioned_parquet_snap.store, RANDOM]
|  |     HDFS partitions=1/1 files=1 size=119.76KB
|  |     stored statistics:
|  |       table: rows=1.35K size=119.76KB
|  |       columns: all
|  |     extrapolated-rows=disabled max-scan-range-rows=1.35K
|  |     mem-estimate=16.00MB mem-reservation=232.00KB thread-reservation=0
|  |     tuple-ids=14 row-size=459B cardinality=1.35K cost=4718
|  |     in pipelines: 11(GETNEXT)
|  |
|  23:AGGREGATE [FINALIZE]
|  |  output: avg:merge(sum(tpcds_partitioned_parquet_snap.store_sales_0.ss_sales_price))
|  |  group by: tpcds_partitioned_parquet_snap.store_sales_0.ss_store_sk
|  |  mem-estimate=10.00MB mem-reservation=1.94MB spill-buffer=64.00KB thread-reservation=0
|  |  tuple-ids=13 row-size=20B cardinality=653 cost=24622
|  |  in pipelines: 23(GETNEXT), 21(OPEN)
|  |
|  22:EXCHANGE [HASH(tpcds_partitioned_parquet_snap.store_sales_0.ss_store_sk)]
|  |  mem-estimate=2.73MB mem-reservation=0B thread-reservation=0
|  |  tuple-ids=12 row-size=20B cardinality=78.36K cost=15914
|  |  in pipelines: 21(GETNEXT)
|  |
|  F06:PLAN FRAGMENT [HASH(tpcds_partitioned_parquet_snap.store_sales_0.ss_store_sk,tpcds_partitioned_parquet_snap.store_sales_0.ss_item_sk)] hosts=10 instances=110 (adjusted from 120)
|  Per-Instance Resources: mem-estimate=96.69MB mem-reservation=36.00MB thread-reservation=1
|  max-parallelism=1300 segment-costs=[12940680071, 68999580, 141298] cpu-comparison-result=120 [max(110 (self) vs 120 (sum children))]
|  10:AGGREGATE [STREAMING]
|  |  output: avg(sum(tpcds_partitioned_parquet_snap.store_sales_0.ss_sales_price))
|  |  group by: tpcds_partitioned_parquet_snap.store_sales_0.ss_store_sk
|  |  mem-estimate=10.00MB mem-reservation=2.00MB spill-buffer=64.00KB thread-reservation=0
|  |  tuple-ids=12 row-size=20B cardinality=78.36K cost=68999580
|  |  in pipelines: 21(GETNEXT)
|  |
|  21:AGGREGATE [FINALIZE]
|  |  output: sum:merge(tpcds_partitioned_parquet_snap.store_sales_0.ss_sales_price)
|  |  group by: tpcds_partitioned_parquet_snap.store_sales_0.ss_store_sk, tpcds_partitioned_parquet_snap.store_sales_0.ss_item_sk
|  |  mem-estimate=73.41MB mem-reservation=34.00MB spill-buffer=2.00MB thread-reservation=0
|  |  tuple-ids=11 row-size=24B cardinality=235.20M cost=11292119815
|  |  in pipelines: 21(GETNEXT), 06(OPEN)
|  |
|  20:EXCHANGE [HASH(tpcds_partitioned_parquet_snap.store_sales_0.ss_store_sk,tpcds_partitioned_parquet_snap.store_sales_0.ss_item_sk)]
|  |  mem-estimate=13.28MB mem-reservation=0B thread-reservation=0
|  |  tuple-ids=11 row-size=24B cardinality=7.44G cost=1648560256
|  |  in pipelines: 06(GETNEXT)
|  |
|  F04:PLAN FRAGMENT [RANDOM] hosts=10 instances=120
|  Per-Host Shared Resources: mem-estimate=2.00MB mem-reservation=2.00MB thread-reservation=0 runtime-filters-memory=2.00MB
|  Per-Instance Resources: mem-estimate=1.18GB mem-reservation=42.00MB thread-reservation=1
|  max-parallelism=1824 segment-costs=[61301993045, 15337936685] cpu-comparison-result=120 [max(120 (self) vs 11 (sum children))]
|  09:AGGREGATE [STREAMING]
|  |  output: sum(tpcds_partitioned_parquet_snap.store_sales_0.ss_sales_price)
|  |  group by: tpcds_partitioned_parquet_snap.store_sales_0.ss_store_sk, tpcds_partitioned_parquet_snap.store_sales_0.ss_item_sk
|  |  mem-estimate=1.16GB mem-reservation=34.00MB spill-buffer=2.00MB thread-reservation=0
|  |  tuple-ids=11 row-size=24B cardinality=7.44G cost=45576447002
|  |  in pipelines: 06(GETNEXT)
|  |
|  08:HASH JOIN [INNER JOIN, BROADCAST]
|  |  hash-table-id=02
|  |  hash predicates: tpcds_partitioned_parquet_snap.store_sales_0.ss_sold_date_sk = tpcds_partitioned_parquet_snap.date_dim_0.d_date_sk
|  |  fk/pk conjuncts: tpcds_partitioned_parquet_snap.store_sales_0.ss_sold_date_sk = tpcds_partitioned_parquet_snap.date_dim_0.d_date_sk
|  |  mem-estimate=0B mem-reservation=0B spill-buffer=128.00KB thread-reservation=0
|  |  tuple-ids=7,9 row-size=333B cardinality=8.64G cost=3781699633
|  |  in pipelines: 06(GETNEXT), 07(OPEN)
|  |
|  |--F12:PLAN FRAGMENT [RANDOM] hosts=10 instances=10
|  |  |  Per-Instance Resources: mem-estimate=37.39MB mem-reservation=35.50MB thread-reservation=1 runtime-filters-memory=1.00MB
|  |  |  max-parallelism=10 segment-costs=[17005]
|  |  JOIN BUILD
|  |  |  join-table-id=02 plan-id=03 cohort-id=02
|  |  |  build expressions: tpcds_partitioned_parquet_snap.date_dim_0.d_date_sk
|  |  |  runtime filters: RF008[bloom] <- tpcds_partitioned_parquet_snap.date_dim_0.d_date_sk
|  |  |  mem-estimate=34.50MB mem-reservation=34.50MB spill-buffer=128.00KB thread-reservation=0 cost=7305
|  |  |
|  |  19:EXCHANGE [BROADCAST]
|  |  |  mem-estimate=1.89MB mem-reservation=0B thread-reservation=0
|  |  |  tuple-ids=9 row-size=237B cardinality=7.30K cost=9700
|  |  |  in pipelines: 07(GETNEXT)
|  |  |
|  |  F05:PLAN FRAGMENT [RANDOM] hosts=1 instances=1
|  |  Per-Instance Resources: mem-estimate=16.94MB mem-reservation=4.00MB thread-reservation=1
|  |  max-parallelism=1 segment-costs=[119540]
|  |  07:SCAN HDFS [tpcds_partitioned_parquet_snap.date_dim, RANDOM]
|  |     HDFS partitions=1/1 files=1 size=2.17MB
|  |     predicates: tpcds_partitioned_parquet_snap.date_dim_0.d_month_seq <= add(CAST(1208 AS INT), CAST(11 AS INT)), tpcds_partitioned_parquet_snap.date_dim_0.d_month_seq >= CAST(1208 AS INT)
|  |     stored statistics:
|  |       table: rows=73.05K size=2.17MB
|  |       columns: all
|  |     extrapolated-rows=disabled max-scan-range-rows=73.05K
|  |     parquet statistics predicates: tpcds_partitioned_parquet_snap.date_dim_0.d_month_seq <= add(CAST(1208 AS INT), CAST(11 AS INT)), tpcds_partitioned_parquet_snap.date_dim_0.d_month_seq >= CAST(1208 AS INT)
|  |     parquet dictionary predicates: tpcds_partitioned_parquet_snap.date_dim_0.d_month_seq <= add(CAST(1208 AS INT), CAST(11 AS INT)), tpcds_partitioned_parquet_snap.date_dim_0.d_month_seq >= CAST(1208 AS INT)
|  |     mem-estimate=16.00MB mem-reservation=4.00MB thread-reservation=0
|  |     tuple-ids=9 row-size=237B cardinality=7.30K cost=114705
|  |     in pipelines: 07(GETNEXT)
|  |
|  06:SCAN HDFS [tpcds_partitioned_parquet_snap.store_sales, RANDOM]
|     HDFS partitions=1824/1824 files=1824 size=389.90GB
|     runtime filters: RF007[min_max] -> tpcds_partitioned_parquet_snap.store_sales_0.ss_store_sk, RF006[bloom] -> tpcds_partitioned_parquet_snap.store_sales_0.ss_store_sk, RF008[bloom] -> tpcds_partitioned_parquet_snap.store_sales_0.ss_sold_date_sk
|     stored statistics:
|       table: rows=8.64G size=389.90GB
|       partitions: 1824/1824 rows=8.64G
|       columns: all
|     extrapolated-rows=disabled max-scan-range-rows=390.22M
|     mem-estimate=16.00MB mem-reservation=8.00MB thread-reservation=0
|     tuple-ids=7 row-size=96B cardinality=8.64G cost=11943846410
|     in pipelines: 06(GETNEXT)
|
05:HASH JOIN [INNER JOIN, BROADCAST]
|  hash-table-id=03
|  hash predicates: tpcds_partitioned_parquet_snap.store_sales.ss_item_sk = tpcds_partitioned_parquet_snap.item.i_item_sk
|  fk/pk conjuncts: tpcds_partitioned_parquet_snap.store_sales.ss_item_sk = tpcds_partitioned_parquet_snap.item.i_item_sk
|  mem-estimate=0B mem-reservation=0B spill-buffer=2.00MB thread-reservation=0
|  tuple-ids=4,5 row-size=429B cardinality=235.08M cost=102924665
|  in pipelines: 17(GETNEXT), 04(OPEN)
|
|--F13:PLAN FRAGMENT [HASH(tpcds_partitioned_parquet_snap.store_sales.ss_store_sk,tpcds_partitioned_parquet_snap.store_sales.ss_item_sk)] hosts=10 instances=10
|  |  Per-Instance Resources: mem-estimate=420.60MB mem-reservation=409.00MB thread-reservation=1 runtime-filters-memory=1.00MB
|  |  max-parallelism=10 segment-costs=[838440]
|  JOIN BUILD
|  |  join-table-id=03 plan-id=04 cohort-id=01
|  |  build expressions: tpcds_partitioned_parquet_snap.item.i_item_sk
|  |  runtime filters: RF002[bloom] <- tpcds_partitioned_parquet_snap.item.i_item_sk, RF003[min_max] <- tpcds_partitioned_parquet_snap.item.i_item_sk
|  |  mem-estimate=408.00MB mem-reservation=408.00MB spill-buffer=2.00MB thread-reservation=0 cost=360000
|  |
|  18:EXCHANGE [BROADCAST]
|  |  mem-estimate=11.60MB mem-reservation=0B thread-reservation=0
|  |  tuple-ids=5 row-size=405B cardinality=360.00K cost=478440
|  |  in pipelines: 04(GETNEXT)
|  |
|  F03:PLAN FRAGMENT [RANDOM] hosts=4 instances=4
|  Per-Instance Resources: mem-estimate=17.60MB mem-reservation=512.00KB thread-reservation=1
|  max-parallelism=4 segment-costs=[1757529]
|  04:SCAN HDFS [tpcds_partitioned_parquet_snap.item, RANDOM]
|     HDFS partitions=1/1 files=1 size=33.54MB
|     stored statistics:
|       table: rows=360.00K size=33.54MB
|       columns: all
|     extrapolated-rows=disabled max-scan-range-rows=101.54K
|     mem-estimate=16.00MB mem-reservation=512.00KB thread-reservation=0
|     tuple-ids=5 row-size=405B cardinality=360.00K cost=1355609
|     in pipelines: 04(GETNEXT)
|
17:AGGREGATE [FINALIZE]
|  output: sum:merge(tpcds_partitioned_parquet_snap.store_sales.ss_sales_price)
|  group by: tpcds_partitioned_parquet_snap.store_sales.ss_store_sk, tpcds_partitioned_parquet_snap.store_sales.ss_item_sk
|  mem-estimate=67.29MB mem-reservation=34.00MB spill-buffer=2.00MB thread-reservation=0
|  tuple-ids=4 row-size=24B cardinality=235.20M cost=11292119815
|  in pipelines: 17(GETNEXT), 00(OPEN)
|
16:EXCHANGE [HASH(tpcds_partitioned_parquet_snap.store_sales.ss_store_sk,tpcds_partitioned_parquet_snap.store_sales.ss_item_sk)]
|  mem-estimate=13.28MB mem-reservation=0B thread-reservation=0
|  tuple-ids=4 row-size=24B cardinality=7.44G cost=1648560256
|  in pipelines: 00(GETNEXT)
|
F00:PLAN FRAGMENT [RANDOM] hosts=10 instances=120
Per-Host Shared Resources: mem-estimate=3.00MB mem-reservation=3.00MB thread-reservation=0 runtime-filters-memory=3.00MB
Per-Instance Resources: mem-estimate=1.18GB mem-reservation=42.00MB thread-reservation=1
max-parallelism=1824 segment-costs=[61301993045, 15337936685] cpu-comparison-result=120 [max(120 (self) vs 11 (sum children))]
03:AGGREGATE [STREAMING]
|  output: sum(tpcds_partitioned_parquet_snap.store_sales.ss_sales_price)
|  group by: tpcds_partitioned_parquet_snap.store_sales.ss_store_sk, tpcds_partitioned_parquet_snap.store_sales.ss_item_sk
|  mem-estimate=1.16GB mem-reservation=34.00MB spill-buffer=2.00MB thread-reservation=0
|  tuple-ids=4 row-size=24B cardinality=7.44G cost=45576447002
|  in pipelines: 00(GETNEXT)
|
02:HASH JOIN [INNER JOIN, BROADCAST]
|  hash-table-id=04
|  hash predicates: tpcds_partitioned_parquet_snap.store_sales.ss_sold_date_sk = tpcds_partitioned_parquet_snap.date_dim.d_date_sk
|  fk/pk conjuncts: tpcds_partitioned_parquet_snap.store_sales.ss_sold_date_sk = tpcds_partitioned_parquet_snap.date_dim.d_date_sk
|  mem-estimate=0B mem-reservation=0B spill-buffer=128.00KB thread-reservation=0
|  tuple-ids=0,2 row-size=333B cardinality=8.64G cost=3781699633
|  in pipelines: 00(GETNEXT), 01(OPEN)
|
|--F14:PLAN FRAGMENT [RANDOM] hosts=10 instances=10
|  |  Per-Instance Resources: mem-estimate=37.39MB mem-reservation=35.50MB thread-reservation=1 runtime-filters-memory=1.00MB
|  |  max-parallelism=10 segment-costs=[17005]
|  JOIN BUILD
|  |  join-table-id=04 plan-id=05 cohort-id=01
|  |  build expressions: tpcds_partitioned_parquet_snap.date_dim.d_date_sk
|  |  runtime filters: RF004[bloom] <- tpcds_partitioned_parquet_snap.date_dim.d_date_sk
|  |  mem-estimate=34.50MB mem-reservation=34.50MB spill-buffer=128.00KB thread-reservation=0 cost=7305
|  |
|  15:EXCHANGE [BROADCAST]
|  |  mem-estimate=1.89MB mem-reservation=0B thread-reservation=0
|  |  tuple-ids=2 row-size=237B cardinality=7.30K cost=9700
|  |  in pipelines: 01(GETNEXT)
|  |
|  F01:PLAN FRAGMENT [RANDOM] hosts=1 instances=1
|  Per-Instance Resources: mem-estimate=16.94MB mem-reservation=4.00MB thread-reservation=1
|  max-parallelism=1 segment-costs=[119540]
|  01:SCAN HDFS [tpcds_partitioned_parquet_snap.date_dim, RANDOM]
|     HDFS partitions=1/1 files=1 size=2.17MB
|     predicates: tpcds_partitioned_parquet_snap.date_dim.d_month_seq <= add(CAST(1208 AS INT), CAST(11 AS INT)), tpcds_partitioned_parquet_snap.date_dim.d_month_seq >= CAST(1208 AS INT)
|     stored statistics:
|       table: rows=73.05K size=2.17MB
|       columns: all
|     extrapolated-rows=disabled max-scan-range-rows=73.05K
|     parquet statistics predicates: tpcds_partitioned_parquet_snap.date_dim.d_month_seq <= add(CAST(1208 AS INT), CAST(11 AS INT)), tpcds_partitioned_parquet_snap.date_dim.d_month_seq >= CAST(1208 AS INT)
|     parquet dictionary predicates: tpcds_partitioned_parquet_snap.date_dim.d_month_seq <= add(CAST(1208 AS INT), CAST(11 AS INT)), tpcds_partitioned_parquet_snap.date_dim.d_month_seq >= CAST(1208 AS INT)
|     mem-estimate=16.00MB mem-reservation=4.00MB thread-reservation=0
|     tuple-ids=2 row-size=237B cardinality=7.30K cost=114705
|     in pipelines: 01(GETNEXT)
|
00:SCAN HDFS [tpcds_partitioned_parquet_snap.store_sales, RANDOM]
   HDFS partitions=1824/1824 files=1824 size=389.90GB
   runtime filters: RF001[min_max] -> tpcds_partitioned_parquet_snap.store_sales.ss_store_sk, RF003[min_max] -> tpcds_partitioned_parquet_snap.store_sales.ss_item_sk, RF000[bloom] -> tpcds_partitioned_parquet_snap.store_sales.ss_store_sk, RF002[bloom] -> tpcds_partitioned_parquet_snap.store_sales.ss_item_sk, RF004[bloom] -> tpcds_partitioned_parquet_snap.store_sales.ss_sold_date_sk
   stored statistics:
     table: rows=8.64G size=389.90GB
     partitions: 1824/1824 rows=8.64G
     columns: all
   extrapolated-rows=disabled max-scan-range-rows=390.22M
   mem-estimate=16.00MB mem-reservation=8.00MB thread-reservation=0
   tuple-ids=0 row-size=96B cardinality=8.64G cost=11943846410
   in pipelines: 00(GETNEXT)
====
