# TPCDS-Q23b second of two queries
with frequent_ss_items as
 (select substr(i_item_desc,1,30) itemdesc,i_item_sk item_sk,d_date solddate,count(*) cnt
  from store_sales
      ,date_dim
      ,item
  where ss_sold_date_sk = d_date_sk
    and ss_item_sk = i_item_sk
    and d_year in (2000,2000 + 1,2000 + 2,2000 + 3)
  group by substr(i_item_desc,1,30),i_item_sk,d_date
  having count(*) >4),
 max_store_sales as
 (select max(csales) tpcds_cmax
  from (select c_customer_sk,sum(ss_quantity*ss_sales_price) csales
        from store_sales
            ,customer
            ,date_dim
        where ss_customer_sk = c_customer_sk
         and ss_sold_date_sk = d_date_sk
         and d_year in (2000,2000+1,2000+2,2000+3)
        group by c_customer_sk) x),
 best_ss_customer as
 (select c_customer_sk,sum(ss_quantity*ss_sales_price) ssales
  from store_sales
      ,customer
  where ss_customer_sk = c_customer_sk
  group by c_customer_sk
  having sum(ss_quantity*ss_sales_price) > (95/100.0) * (select
  *
 from max_store_sales))
  select  c_last_name,c_first_name,sales
 from (select c_last_name,c_first_name,sum(cs_quantity*cs_list_price) sales
        from catalog_sales
            ,customer
            ,date_dim
        where d_year = 2000
         and d_moy = 5
         and cs_sold_date_sk = d_date_sk
         and cs_item_sk in (select item_sk from frequent_ss_items)
         and cs_bill_customer_sk in (select c_customer_sk from best_ss_customer)
         and cs_bill_customer_sk = c_customer_sk
       group by c_last_name,c_first_name
      union all
      select c_last_name,c_first_name,sum(ws_quantity*ws_list_price) sales
       from web_sales
           ,customer
           ,date_dim
       where d_year = 2000
         and d_moy = 5
         and ws_sold_date_sk = d_date_sk
         and ws_item_sk in (select item_sk from frequent_ss_items)
         and ws_bill_customer_sk in (select c_customer_sk from best_ss_customer)
         and ws_bill_customer_sk = c_customer_sk
       group by c_last_name,c_first_name) y
     order by c_last_name,c_first_name,sales
  limit 100

# end query 23 in stream 0 using template query23.tpl
---- PLAN
Max Per-Host Resource Reservation: Memory=343.81MB Threads=1
Per-Host Resource Estimates: Memory=71.49GB
F00:PLAN FRAGMENT [UNPARTITIONED] hosts=1 instances=1
|  Per-Instance Resources: mem-estimate=71.49GB mem-reservation=343.81MB thread-reservation=1 runtime-filters-memory=70.00MB
|  max-parallelism=1 segment-costs=[17890266707, 17749667718, 2100000, 57150145247, 205753989, 1447535323, 17890266707, 17749667718, 2100000, 57150145247, 205753989, 840663478, 721685539, 300]
PLAN-ROOT SINK
|  output exprs: C_LAST_NAME, C_FIRST_NAME, SALES
|  mem-estimate=4.00MB mem-reservation=4.00MB spill-buffer=2.00MB thread-reservation=0 cost=300
|
55:TOP-N [LIMIT=100]
|  order by: C_LAST_NAME ASC NULLS LAST, C_FIRST_NAME ASC NULLS LAST, SALES ASC NULLS LAST
|  mem-estimate=3.91KB mem-reservation=0B thread-reservation=0
|  tuple-ids=57 row-size=40B cardinality=100 cost=721685539
|  in pipelines: 55(GETNEXT), 27(OPEN), 54(OPEN)
|
00:UNION
|  pass-through-operands: all
|  mem-estimate=0B mem-reservation=0B thread-reservation=0
|  tuple-ids=56 row-size=40B cardinality=50.05M cost=0
|  in pipelines: 27(GETNEXT), 54(GETNEXT)
|
|--54:AGGREGATE [FINALIZE]
|  |  output: sum(multiply(CAST(tpcds_partitioned_parquet_snap.web_sales.ws_quantity AS DECIMAL(10,0)), tpcds_partitioned_parquet_snap.web_sales.ws_list_price))
|  |  group by: tpcds_partitioned_parquet_snap.customer_2.c_last_name, tpcds_partitioned_parquet_snap.customer_2.c_first_name
|  |  mem-estimate=1019.27MB mem-reservation=34.00MB spill-buffer=2.00MB thread-reservation=0
|  |  tuple-ids=55 row-size=52B cardinality=25.02M cost=262067729
|  |  in pipelines: 54(GETNEXT), 28(OPEN)
|  |
|  53:HASH JOIN [INNER JOIN]
|  |  hash predicates: tpcds_partitioned_parquet_snap.web_sales.ws_item_sk = tpcds_partitioned_parquet_snap.item_0.i_item_sk
|  |  fk/pk conjuncts: tpcds_partitioned_parquet_snap.web_sales.ws_item_sk = tpcds_partitioned_parquet_snap.item_0.i_item_sk
|  |  runtime filters: RF019[min_max] <- tpcds_partitioned_parquet_snap.item_0.i_item_sk
|  |  mem-estimate=17.00MB mem-reservation=17.00MB spill-buffer=1.00MB thread-reservation=0
|  |  tuple-ids=28,30,32,38,46,54 row-size=622B cardinality=108.25M cost=47755777
|  |  in pipelines: 28(GETNEXT), 52(OPEN)
|  |
|  |--52:AGGREGATE [FINALIZE]
|  |  |  group by: tpcds_partitioned_parquet_snap.item_0.i_item_sk
|  |  |  mem-estimate=10.00MB mem-reservation=8.50MB spill-buffer=512.00KB thread-reservation=0
|  |  |  tuple-ids=54 row-size=4B cardinality=360.00K cost=205753989
|  |  |  in pipelines: 52(GETNEXT), 51(OPEN)
|  |  |
|  |  51:AGGREGATE [FINALIZE]
|  |  |  output: count()
|  |  |  group by: substr(tpcds_partitioned_parquet_snap.item_0.i_item_desc, CAST(1 AS BIGINT), CAST(30 AS BIGINT)), tpcds_partitioned_parquet_snap.item_0.i_item_sk, tpcds_partitioned_parquet_snap.date_dim_4.d_date
|  |  |  having: count() > CAST(4 AS BIGINT)
|  |  |  mem-estimate=50.00GB mem-reservation=34.00MB spill-buffer=2.00MB thread-reservation=0
|  |  |  tuple-ids=53 row-size=28B cardinality=700.22M cost=41331397080
|  |  |  in pipelines: 51(GETNEXT), 46(OPEN)
|  |  |
|  |  50:HASH JOIN [INNER JOIN]
|  |  |  hash predicates: tpcds_partitioned_parquet_snap.store_sales_4.ss_item_sk = tpcds_partitioned_parquet_snap.item_0.i_item_sk
|  |  |  fk/pk conjuncts: tpcds_partitioned_parquet_snap.store_sales_4.ss_item_sk = tpcds_partitioned_parquet_snap.item_0.i_item_sk
|  |  |  runtime filters: RF033[min_max] <- tpcds_partitioned_parquet_snap.item_0.i_item_sk
|  |  |  mem-estimate=151.22MB mem-reservation=34.00MB spill-buffer=2.00MB thread-reservation=0
|  |  |  tuple-ids=47,49,51 row-size=739B cardinality=7.00G cost=3066136649
|  |  |  in pipelines: 46(GETNEXT), 49(OPEN)
|  |  |
|  |  |--49:SCAN HDFS [tpcds_partitioned_parquet_snap.item]
|  |  |     HDFS partitions=1/1 files=1 size=33.54MB
|  |  |     stored statistics:
|  |  |       table: rows=360.00K size=33.54MB
|  |  |       columns: all
|  |  |     extrapolated-rows=disabled max-scan-range-rows=101.54K
|  |  |     mem-estimate=16.00MB mem-reservation=512.00KB thread-reservation=0
|  |  |     tuple-ids=51 row-size=405B cardinality=360.00K cost=1355609
|  |  |     in pipelines: 49(GETNEXT)
|  |  |
|  |  48:HASH JOIN [INNER JOIN]
|  |  |  hash predicates: tpcds_partitioned_parquet_snap.store_sales_4.ss_sold_date_sk = tpcds_partitioned_parquet_snap.date_dim_4.d_date_sk
|  |  |  fk/pk conjuncts: tpcds_partitioned_parquet_snap.store_sales_4.ss_sold_date_sk = tpcds_partitioned_parquet_snap.date_dim_4.d_date_sk
|  |  |  runtime filters: RF034[bloom] <- tpcds_partitioned_parquet_snap.date_dim_4.d_date_sk
|  |  |  mem-estimate=1.94MB mem-reservation=1.94MB spill-buffer=64.00KB thread-reservation=0
|  |  |  tuple-ids=47,49 row-size=333B cardinality=7.01G cost=3066412531
|  |  |  in pipelines: 46(GETNEXT), 47(OPEN)
|  |  |
|  |  |--47:SCAN HDFS [tpcds_partitioned_parquet_snap.date_dim]
|  |  |     HDFS partitions=1/1 files=1 size=2.17MB
|  |  |     predicates: tpcds_partitioned_parquet_snap.date_dim_4.d_year = CAST(2000 AS INT) OR tpcds_partitioned_parquet_snap.date_dim_4.d_year = add(CAST(2000 AS INT), CAST(1 AS INT)) OR tpcds_partitioned_parquet_snap.date_dim_4.d_year = add(CAST(2000 AS INT), CAST(2 AS INT)) OR tpcds_partitioned_parquet_snap.date_dim_4.d_year = add(CAST(2000 AS INT), CAST(3 AS INT))
|  |  |     stored statistics:
|  |  |       table: rows=73.05K size=2.17MB
|  |  |       columns: all
|  |  |     extrapolated-rows=disabled max-scan-range-rows=73.05K
|  |  |     parquet dictionary predicates: tpcds_partitioned_parquet_snap.date_dim_4.d_year = CAST(2000 AS INT) OR tpcds_partitioned_parquet_snap.date_dim_4.d_year = add(CAST(2000 AS INT), CAST(1 AS INT)) OR tpcds_partitioned_parquet_snap.date_dim_4.d_year = add(CAST(2000 AS INT), CAST(2 AS INT)) OR tpcds_partitioned_parquet_snap.date_dim_4.d_year = add(CAST(2000 AS INT), CAST(3 AS INT))
|  |  |     mem-estimate=16.00MB mem-reservation=4.00MB thread-reservation=0
|  |  |     tuple-ids=49 row-size=237B cardinality=1.48K cost=112653
|  |  |     in pipelines: 47(GETNEXT)
|  |  |
|  |  46:SCAN HDFS [tpcds_partitioned_parquet_snap.store_sales]
|  |     HDFS partitions=1824/1824 files=1824 size=389.90GB
|  |     runtime filters: RF033[min_max] -> tpcds_partitioned_parquet_snap.store_sales_4.ss_item_sk, RF034[bloom] -> tpcds_partitioned_parquet_snap.store_sales_4.ss_sold_date_sk
|  |     stored statistics:
|  |       table: rows=8.64G size=389.90GB
|  |       partitions: 1824/1824 rows=8.64G
|  |       columns: all
|  |     extrapolated-rows=disabled max-scan-range-rows=390.22M est-scan-range=1479(filtered from 1824)
|  |     mem-estimate=16.00MB mem-reservation=8.00MB thread-reservation=0
|  |     tuple-ids=47 row-size=96B cardinality=7.01G(filtered from 8.64G) cost=9684730725
|  |     in pipelines: 46(GETNEXT)
|  |
|  45:HASH JOIN [INNER JOIN]
|  |  hash predicates: tpcds_partitioned_parquet_snap.web_sales.ws_bill_customer_sk = tpcds_partitioned_parquet_snap.customer_3.c_customer_sk
|  |  fk/pk conjuncts: tpcds_partitioned_parquet_snap.web_sales.ws_bill_customer_sk = tpcds_partitioned_parquet_snap.customer_3.c_customer_sk
|  |  runtime filters: RF021[min_max] <- tpcds_partitioned_parquet_snap.customer_3.c_customer_sk
|  |  mem-estimate=1.76GB mem-reservation=34.00MB spill-buffer=2.00MB thread-reservation=0
|  |  tuple-ids=28,30,32,38,46 row-size=618B cardinality=108.31M cost=79813249
|  |  in pipelines: 28(GETNEXT), 36(OPEN)
|  |
|  |--44:NESTED LOOP JOIN [INNER JOIN]
|  |  |  join predicates: sum(multiply(tpcds_partitioned_parquet_snap.store_sales_2.ss_quantity, tpcds_partitioned_parquet_snap.store_sales_2.ss_sales_price)) > multiply(divide(CAST(95 AS DECIMAL(3,0)), CAST(100.0 AS DECIMAL(4,1))), max(sum(multiply(tpcds_partitioned_parquet_snap.store_sales_3.ss_quantity, tpcds_partitioned_parquet_snap.store_sales_3.ss_sales_price))))
|  |  |  mem-estimate=16B mem-reservation=0B thread-reservation=0
|  |  |  tuple-ids=38,46 row-size=36B cardinality=30.00M cost=6147000
|  |  |  in pipelines: 36(GETNEXT), 43(OPEN)
|  |  |
|  |  |--43:AGGREGATE [FINALIZE]
|  |  |  |  output: max(sum(multiply(tpcds_partitioned_parquet_snap.store_sales_3.ss_quantity, tpcds_partitioned_parquet_snap.store_sales_3.ss_sales_price)))
|  |  |  |  mem-estimate=16.00KB mem-reservation=0B spill-buffer=2.00MB thread-reservation=0
|  |  |  |  tuple-ids=46 row-size=16B cardinality=1 cost=2100000
|  |  |  |  in pipelines: 43(GETNEXT), 42(OPEN)
|  |  |  |
|  |  |  42:AGGREGATE [FINALIZE]
|  |  |  |  output: sum(multiply(CAST(tpcds_partitioned_parquet_snap.store_sales_3.ss_quantity AS DECIMAL(10,0)), tpcds_partitioned_parquet_snap.store_sales_3.ss_sales_price))
|  |  |  |  group by: tpcds_partitioned_parquet_snap.customer_4.c_customer_sk
|  |  |  |  mem-estimate=915.53MB mem-reservation=34.00MB spill-buffer=2.00MB thread-reservation=0
|  |  |  |  tuple-ids=45 row-size=20B cardinality=30.00M cost=1959305590
|  |  |  |  in pipelines: 42(GETNEXT), 37(OPEN)
|  |  |  |
|  |  |  41:HASH JOIN [INNER JOIN]
|  |  |  |  hash predicates: tpcds_partitioned_parquet_snap.store_sales_3.ss_customer_sk = tpcds_partitioned_parquet_snap.customer_4.c_customer_sk
|  |  |  |  fk/pk conjuncts: tpcds_partitioned_parquet_snap.store_sales_3.ss_customer_sk = tpcds_partitioned_parquet_snap.customer_4.c_customer_sk
|  |  |  |  runtime filters: RF028[bloom] <- tpcds_partitioned_parquet_snap.customer_4.c_customer_sk, RF029[min_max] <- tpcds_partitioned_parquet_snap.customer_4.c_customer_sk
|  |  |  |  mem-estimate=6.46GB mem-reservation=34.00MB spill-buffer=2.00MB thread-reservation=0
|  |  |  |  tuple-ids=39,41,43 row-size=538B cardinality=6.43G cost=2992282406
|  |  |  |  in pipelines: 37(GETNEXT), 40(OPEN)
|  |  |  |
|  |  |  |--40:SCAN HDFS [tpcds_partitioned_parquet_snap.customer]
|  |  |  |     HDFS partitions=1/1 files=1 size=1.55GB
|  |  |  |     stored statistics:
|  |  |  |       table: rows=30.00M size=1.55GB
|  |  |  |       columns: all
|  |  |  |     extrapolated-rows=disabled max-scan-range-rows=3.10M
|  |  |  |     mem-estimate=16.00MB mem-reservation=1.00MB thread-reservation=0
|  |  |  |     tuple-ids=43 row-size=204B cardinality=30.00M cost=46823813
|  |  |  |     in pipelines: 40(GETNEXT)
|  |  |  |
|  |  |  39:HASH JOIN [INNER JOIN]
|  |  |  |  hash predicates: tpcds_partitioned_parquet_snap.store_sales_3.ss_sold_date_sk = tpcds_partitioned_parquet_snap.date_dim_3.d_date_sk
|  |  |  |  fk/pk conjuncts: tpcds_partitioned_parquet_snap.store_sales_3.ss_sold_date_sk = tpcds_partitioned_parquet_snap.date_dim_3.d_date_sk
|  |  |  |  runtime filters: RF030[bloom] <- tpcds_partitioned_parquet_snap.date_dim_3.d_date_sk
|  |  |  |  mem-estimate=1.94MB mem-reservation=1.94MB spill-buffer=64.00KB thread-reservation=0
|  |  |  |  tuple-ids=39,41 row-size=333B cardinality=7.01G cost=3066412531
|  |  |  |  in pipelines: 37(GETNEXT), 38(OPEN)
|  |  |  |
|  |  |  |--38:SCAN HDFS [tpcds_partitioned_parquet_snap.date_dim]
|  |  |  |     HDFS partitions=1/1 files=1 size=2.17MB
|  |  |  |     predicates: tpcds_partitioned_parquet_snap.date_dim_3.d_year = CAST(2000 AS INT) OR tpcds_partitioned_parquet_snap.date_dim_3.d_year = add(CAST(2000 AS INT), CAST(1 AS INT)) OR tpcds_partitioned_parquet_snap.date_dim_3.d_year = add(CAST(2000 AS INT), CAST(2 AS INT)) OR tpcds_partitioned_parquet_snap.date_dim_3.d_year = add(CAST(2000 AS INT), CAST(3 AS INT))
|  |  |  |     stored statistics:
|  |  |  |       table: rows=73.05K size=2.17MB
|  |  |  |       columns: all
|  |  |  |     extrapolated-rows=disabled max-scan-range-rows=73.05K
|  |  |  |     parquet dictionary predicates: tpcds_partitioned_parquet_snap.date_dim_3.d_year = CAST(2000 AS INT) OR tpcds_partitioned_parquet_snap.date_dim_3.d_year = add(CAST(2000 AS INT), CAST(1 AS INT)) OR tpcds_partitioned_parquet_snap.date_dim_3.d_year = add(CAST(2000 AS INT), CAST(2 AS INT)) OR tpcds_partitioned_parquet_snap.date_dim_3.d_year = add(CAST(2000 AS INT), CAST(3 AS INT))
|  |  |  |     mem-estimate=16.00MB mem-reservation=4.00MB thread-reservation=0
|  |  |  |     tuple-ids=41 row-size=237B cardinality=1.48K cost=112653
|  |  |  |     in pipelines: 38(GETNEXT)
|  |  |  |
|  |  |  37:SCAN HDFS [tpcds_partitioned_parquet_snap.store_sales]
|  |  |     HDFS partitions=1824/1824 files=1824 size=389.90GB
|  |  |     runtime filters: RF029[min_max] -> tpcds_partitioned_parquet_snap.store_sales_3.ss_customer_sk, RF030[bloom] -> tpcds_partitioned_parquet_snap.store_sales_3.ss_sold_date_sk, RF028[bloom] -> tpcds_partitioned_parquet_snap.store_sales_3.ss_customer_sk
|  |  |     stored statistics:
|  |  |       table: rows=8.64G size=389.90GB
|  |  |       partitions: 1824/1824 rows=8.64G
|  |  |       columns: all
|  |  |     extrapolated-rows=disabled max-scan-range-rows=390.22M est-scan-range=1479(filtered from 1824)
|  |  |     mem-estimate=16.00MB mem-reservation=8.00MB thread-reservation=0
|  |  |     tuple-ids=39 row-size=96B cardinality=7.01G(filtered from 8.64G) cost=9684730725
|  |  |     in pipelines: 37(GETNEXT)
|  |  |
|  |  36:AGGREGATE [FINALIZE]
|  |  |  output: sum(multiply(CAST(tpcds_partitioned_parquet_snap.store_sales_2.ss_quantity AS DECIMAL(10,0)), tpcds_partitioned_parquet_snap.store_sales_2.ss_sales_price))
|  |  |  group by: tpcds_partitioned_parquet_snap.customer_3.c_customer_sk
|  |  |  mem-estimate=915.53MB mem-reservation=34.00MB spill-buffer=2.00MB thread-reservation=0
|  |  |  tuple-ids=38 row-size=20B cardinality=30.00M cost=2398099308
|  |  |  in pipelines: 36(GETNEXT), 33(OPEN)
|  |  |
|  |  35:HASH JOIN [INNER JOIN]
|  |  |  hash predicates: tpcds_partitioned_parquet_snap.store_sales_2.ss_customer_sk = tpcds_partitioned_parquet_snap.customer_3.c_customer_sk
|  |  |  fk/pk conjuncts: tpcds_partitioned_parquet_snap.store_sales_2.ss_customer_sk = tpcds_partitioned_parquet_snap.customer_3.c_customer_sk
|  |  |  runtime filters: RF026[bloom] <- tpcds_partitioned_parquet_snap.customer_3.c_customer_sk, RF027[min_max] <- tpcds_partitioned_parquet_snap.customer_3.c_customer_sk
|  |  |  mem-estimate=6.46GB mem-reservation=34.00MB spill-buffer=2.00MB thread-reservation=0
|  |  |  tuple-ids=34,36 row-size=300B cardinality=7.93G cost=3501497176
|  |  |  in pipelines: 33(GETNEXT), 34(OPEN)
|  |  |
|  |  |--34:SCAN HDFS [tpcds_partitioned_parquet_snap.customer]
|  |  |     HDFS partitions=1/1 files=1 size=1.55GB
|  |  |     stored statistics:
|  |  |       table: rows=30.00M size=1.55GB
|  |  |       columns: all
|  |  |     extrapolated-rows=disabled max-scan-range-rows=3.10M
|  |  |     mem-estimate=16.00MB mem-reservation=1.00MB thread-reservation=0
|  |  |     tuple-ids=36 row-size=204B cardinality=30.00M cost=46823813
|  |  |     in pipelines: 34(GETNEXT)
|  |  |
|  |  33:SCAN HDFS [tpcds_partitioned_parquet_snap.store_sales]
|  |     HDFS partitions=1824/1824 files=1824 size=389.90GB
|  |     runtime filters: RF027[min_max] -> tpcds_partitioned_parquet_snap.store_sales_2.ss_customer_sk, RF026[bloom] -> tpcds_partitioned_parquet_snap.store_sales_2.ss_customer_sk
|  |     stored statistics:
|  |       table: rows=8.64G size=389.90GB
|  |       partitions: 1824/1824 rows=8.64G
|  |       columns: all
|  |     extrapolated-rows=disabled max-scan-range-rows=390.22M
|  |     mem-estimate=16.00MB mem-reservation=8.00MB thread-reservation=0
|  |     tuple-ids=34 row-size=96B cardinality=7.93G(filtered from 8.64G) cost=11943846410
|  |     in pipelines: 33(GETNEXT)
|  |
|  32:HASH JOIN [INNER JOIN]
|  |  hash predicates: tpcds_partitioned_parquet_snap.web_sales.ws_bill_customer_sk = tpcds_partitioned_parquet_snap.customer_2.c_customer_sk
|  |  fk/pk conjuncts: tpcds_partitioned_parquet_snap.web_sales.ws_bill_customer_sk = tpcds_partitioned_parquet_snap.customer_2.c_customer_sk
|  |  runtime filters: RF023[min_max] <- tpcds_partitioned_parquet_snap.customer_2.c_customer_sk
|  |  mem-estimate=6.46GB mem-reservation=34.00MB spill-buffer=2.00MB thread-reservation=0
|  |  tuple-ids=28,30,32 row-size=582B cardinality=117.69M cost=84130434
|  |  in pipelines: 28(GETNEXT), 31(OPEN)
|  |
|  |--31:SCAN HDFS [tpcds_partitioned_parquet_snap.customer]
|  |     HDFS partitions=1/1 files=1 size=1.55GB
|  |     runtime filters: RF021[min_max] -> tpcds_partitioned_parquet_snap.customer_2.c_customer_sk
|  |     stored statistics:
|  |       table: rows=30.00M size=1.55GB
|  |       columns: all
|  |     extrapolated-rows=disabled max-scan-range-rows=3.10M
|  |     mem-estimate=16.00MB mem-reservation=1.00MB thread-reservation=0
|  |     tuple-ids=32 row-size=204B cardinality=30.00M cost=46823813
|  |     in pipelines: 31(GETNEXT)
|  |
|  30:HASH JOIN [INNER JOIN]
|  |  hash predicates: tpcds_partitioned_parquet_snap.web_sales.ws_sold_date_sk = tpcds_partitioned_parquet_snap.date_dim_2.d_date_sk
|  |  fk/pk conjuncts: tpcds_partitioned_parquet_snap.web_sales.ws_sold_date_sk = tpcds_partitioned_parquet_snap.date_dim_2.d_date_sk
|  |  runtime filters: RF024[bloom] <- tpcds_partitioned_parquet_snap.date_dim_2.d_date_sk
|  |  mem-estimate=1.94MB mem-reservation=1.94MB spill-buffer=64.00KB thread-reservation=0
|  |  tuple-ids=28,30 row-size=377B cardinality=127.89M cost=55978804
|  |  in pipelines: 28(GETNEXT), 29(OPEN)
|  |
|  |--29:SCAN HDFS [tpcds_partitioned_parquet_snap.date_dim]
|  |     HDFS partitions=1/1 files=1 size=2.17MB
|  |     predicates: tpcds_partitioned_parquet_snap.date_dim_2.d_year = CAST(2000 AS INT), tpcds_partitioned_parquet_snap.date_dim_2.d_moy = CAST(5 AS INT)
|  |     stored statistics:
|  |       table: rows=73.05K size=2.17MB
|  |       columns: all
|  |     extrapolated-rows=disabled max-scan-range-rows=73.05K
|  |     parquet statistics predicates: tpcds_partitioned_parquet_snap.date_dim_2.d_year = CAST(2000 AS INT), tpcds_partitioned_parquet_snap.date_dim_2.d_moy = CAST(5 AS INT)
|  |     parquet dictionary predicates: tpcds_partitioned_parquet_snap.date_dim_2.d_year = CAST(2000 AS INT), tpcds_partitioned_parquet_snap.date_dim_2.d_moy = CAST(5 AS INT)
|  |     mem-estimate=16.00MB mem-reservation=4.00MB thread-reservation=0
|  |     tuple-ids=30 row-size=237B cardinality=108 cost=114705
|  |     in pipelines: 29(GETNEXT)
|  |
|  28:SCAN HDFS [tpcds_partitioned_parquet_snap.web_sales]
|     HDFS partitions=1824/1824 files=1824 size=145.75GB
|     runtime filters: RF021[min_max] -> tpcds_partitioned_parquet_snap.web_sales.ws_bill_customer_sk, RF023[min_max] -> tpcds_partitioned_parquet_snap.web_sales.ws_bill_customer_sk, RF019[min_max] -> tpcds_partitioned_parquet_snap.web_sales.ws_item_sk, RF024[bloom] -> tpcds_partitioned_parquet_snap.web_sales.ws_sold_date_sk
|     stored statistics:
|       table: rows=2.16G size=145.75GB
|       partitions: 1824/1824 rows=2.16G
|       columns: all
|     extrapolated-rows=disabled max-scan-range-rows=3.37M est-scan-range=109(filtered from 1824)
|     mem-estimate=16.00MB mem-reservation=264.00KB thread-reservation=0
|     tuple-ids=28 row-size=140B cardinality=127.89M(filtered from 2.16G) cost=257831967
|     in pipelines: 28(GETNEXT)
|
27:AGGREGATE [FINALIZE]
|  output: sum(multiply(CAST(tpcds_partitioned_parquet_snap.catalog_sales.cs_quantity AS DECIMAL(10,0)), tpcds_partitioned_parquet_snap.catalog_sales.cs_list_price))
|  group by: tpcds_partitioned_parquet_snap.customer.c_last_name, tpcds_partitioned_parquet_snap.customer.c_first_name
|  mem-estimate=1019.27MB mem-reservation=34.00MB spill-buffer=2.00MB thread-reservation=0
|  tuple-ids=27 row-size=52B cardinality=25.02M cost=408227533
|  in pipelines: 27(GETNEXT), 01(OPEN)
|
26:HASH JOIN [INNER JOIN]
|  hash predicates: tpcds_partitioned_parquet_snap.catalog_sales.cs_item_sk = tpcds_partitioned_parquet_snap.item.i_item_sk
|  fk/pk conjuncts: tpcds_partitioned_parquet_snap.catalog_sales.cs_item_sk = tpcds_partitioned_parquet_snap.item.i_item_sk
|  runtime filters: RF001[min_max] <- tpcds_partitioned_parquet_snap.item.i_item_sk
|  mem-estimate=17.00MB mem-reservation=17.00MB spill-buffer=1.00MB thread-reservation=0
|  tuple-ids=0,2,4,10,18,26 row-size=622B cardinality=214.62M cost=94326544
|  in pipelines: 01(GETNEXT), 25(OPEN)
|
|--25:AGGREGATE [FINALIZE]
|  |  group by: tpcds_partitioned_parquet_snap.item.i_item_sk
|  |  mem-estimate=10.00MB mem-reservation=8.50MB spill-buffer=512.00KB thread-reservation=0
|  |  tuple-ids=26 row-size=4B cardinality=360.00K cost=205753989
|  |  in pipelines: 25(GETNEXT), 24(OPEN)
|  |
|  24:AGGREGATE [FINALIZE]
|  |  output: count()
|  |  group by: substr(tpcds_partitioned_parquet_snap.item.i_item_desc, CAST(1 AS BIGINT), CAST(30 AS BIGINT)), tpcds_partitioned_parquet_snap.item.i_item_sk, tpcds_partitioned_parquet_snap.date_dim_1.d_date
|  |  having: count() > CAST(4 AS BIGINT)
|  |  mem-estimate=50.00GB mem-reservation=34.00MB spill-buffer=2.00MB thread-reservation=0
|  |  tuple-ids=25 row-size=28B cardinality=700.22M cost=41331397080
|  |  in pipelines: 24(GETNEXT), 19(OPEN)
|  |
|  23:HASH JOIN [INNER JOIN]
|  |  hash predicates: tpcds_partitioned_parquet_snap.store_sales_1.ss_item_sk = tpcds_partitioned_parquet_snap.item.i_item_sk
|  |  fk/pk conjuncts: tpcds_partitioned_parquet_snap.store_sales_1.ss_item_sk = tpcds_partitioned_parquet_snap.item.i_item_sk
|  |  runtime filters: RF015[min_max] <- tpcds_partitioned_parquet_snap.item.i_item_sk
|  |  mem-estimate=151.22MB mem-reservation=34.00MB spill-buffer=2.00MB thread-reservation=0
|  |  tuple-ids=19,21,23 row-size=739B cardinality=7.00G cost=3066136649
|  |  in pipelines: 19(GETNEXT), 22(OPEN)
|  |
|  |--22:SCAN HDFS [tpcds_partitioned_parquet_snap.item]
|  |     HDFS partitions=1/1 files=1 size=33.54MB
|  |     stored statistics:
|  |       table: rows=360.00K size=33.54MB
|  |       columns: all
|  |     extrapolated-rows=disabled max-scan-range-rows=101.54K
|  |     mem-estimate=16.00MB mem-reservation=512.00KB thread-reservation=0
|  |     tuple-ids=23 row-size=405B cardinality=360.00K cost=1355609
|  |     in pipelines: 22(GETNEXT)
|  |
|  21:HASH JOIN [INNER JOIN]
|  |  hash predicates: tpcds_partitioned_parquet_snap.store_sales_1.ss_sold_date_sk = tpcds_partitioned_parquet_snap.date_dim_1.d_date_sk
|  |  fk/pk conjuncts: tpcds_partitioned_parquet_snap.store_sales_1.ss_sold_date_sk = tpcds_partitioned_parquet_snap.date_dim_1.d_date_sk
|  |  runtime filters: RF016[bloom] <- tpcds_partitioned_parquet_snap.date_dim_1.d_date_sk
|  |  mem-estimate=1.94MB mem-reservation=1.94MB spill-buffer=64.00KB thread-reservation=0
|  |  tuple-ids=19,21 row-size=333B cardinality=7.01G cost=3066412531
|  |  in pipelines: 19(GETNEXT), 20(OPEN)
|  |
|  |--20:SCAN HDFS [tpcds_partitioned_parquet_snap.date_dim]
|  |     HDFS partitions=1/1 files=1 size=2.17MB
|  |     predicates: tpcds_partitioned_parquet_snap.date_dim_1.d_year = CAST(2000 AS INT) OR tpcds_partitioned_parquet_snap.date_dim_1.d_year = add(CAST(2000 AS INT), CAST(1 AS INT)) OR tpcds_partitioned_parquet_snap.date_dim_1.d_year = add(CAST(2000 AS INT), CAST(2 AS INT)) OR tpcds_partitioned_parquet_snap.date_dim_1.d_year = add(CAST(2000 AS INT), CAST(3 AS INT))
|  |     stored statistics:
|  |       table: rows=73.05K size=2.17MB
|  |       columns: all
|  |     extrapolated-rows=disabled max-scan-range-rows=73.05K
|  |     parquet dictionary predicates: tpcds_partitioned_parquet_snap.date_dim_1.d_year = CAST(2000 AS INT) OR tpcds_partitioned_parquet_snap.date_dim_1.d_year = add(CAST(2000 AS INT), CAST(1 AS INT)) OR tpcds_partitioned_parquet_snap.date_dim_1.d_year = add(CAST(2000 AS INT), CAST(2 AS INT)) OR tpcds_partitioned_parquet_snap.date_dim_1.d_year = add(CAST(2000 AS INT), CAST(3 AS INT))
|  |     mem-estimate=16.00MB mem-reservation=4.00MB thread-reservation=0
|  |     tuple-ids=21 row-size=237B cardinality=1.48K cost=112653
|  |     in pipelines: 20(GETNEXT)
|  |
|  19:SCAN HDFS [tpcds_partitioned_parquet_snap.store_sales]
|     HDFS partitions=1824/1824 files=1824 size=389.90GB
|     runtime filters: RF015[min_max] -> tpcds_partitioned_parquet_snap.store_sales_1.ss_item_sk, RF016[bloom] -> tpcds_partitioned_parquet_snap.store_sales_1.ss_sold_date_sk
|     stored statistics:
|       table: rows=8.64G size=389.90GB
|       partitions: 1824/1824 rows=8.64G
|       columns: all
|     extrapolated-rows=disabled max-scan-range-rows=390.22M est-scan-range=1479(filtered from 1824)
|     mem-estimate=16.00MB mem-reservation=8.00MB thread-reservation=0
|     tuple-ids=19 row-size=96B cardinality=7.01G(filtered from 8.64G) cost=9684730725
|     in pipelines: 19(GETNEXT)
|
18:HASH JOIN [INNER JOIN]
|  hash predicates: tpcds_partitioned_parquet_snap.catalog_sales.cs_bill_customer_sk = tpcds_partitioned_parquet_snap.customer_0.c_customer_sk
|  fk/pk conjuncts: tpcds_partitioned_parquet_snap.catalog_sales.cs_bill_customer_sk = tpcds_partitioned_parquet_snap.customer_0.c_customer_sk
|  runtime filters: RF003[min_max] <- tpcds_partitioned_parquet_snap.customer_0.c_customer_sk
|  mem-estimate=1.76GB mem-reservation=34.00MB spill-buffer=2.00MB thread-reservation=0
|  tuple-ids=0,2,4,10,18 row-size=618B cardinality=214.73M cost=128907544
|  in pipelines: 01(GETNEXT), 09(OPEN)
|
|--17:NESTED LOOP JOIN [INNER JOIN]
|  |  join predicates: sum(multiply(tpcds_partitioned_parquet_snap.store_sales.ss_quantity, tpcds_partitioned_parquet_snap.store_sales.ss_sales_price)) > multiply(divide(CAST(95 AS DECIMAL(3,0)), CAST(100.0 AS DECIMAL(4,1))), max(sum(multiply(tpcds_partitioned_parquet_snap.store_sales_0.ss_quantity, tpcds_partitioned_parquet_snap.store_sales_0.ss_sales_price))))
|  |  mem-estimate=16B mem-reservation=0B thread-reservation=0
|  |  tuple-ids=10,18 row-size=36B cardinality=30.00M cost=6147000
|  |  in pipelines: 09(GETNEXT), 16(OPEN)
|  |
|  |--16:AGGREGATE [FINALIZE]
|  |  |  output: max(sum(multiply(tpcds_partitioned_parquet_snap.store_sales_0.ss_quantity, tpcds_partitioned_parquet_snap.store_sales_0.ss_sales_price)))
|  |  |  mem-estimate=16.00KB mem-reservation=0B spill-buffer=2.00MB thread-reservation=0
|  |  |  tuple-ids=18 row-size=16B cardinality=1 cost=2100000
|  |  |  in pipelines: 16(GETNEXT), 15(OPEN)
|  |  |
|  |  15:AGGREGATE [FINALIZE]
|  |  |  output: sum(multiply(CAST(tpcds_partitioned_parquet_snap.store_sales_0.ss_quantity AS DECIMAL(10,0)), tpcds_partitioned_parquet_snap.store_sales_0.ss_sales_price))
|  |  |  group by: tpcds_partitioned_parquet_snap.customer_1.c_customer_sk
|  |  |  mem-estimate=915.53MB mem-reservation=34.00MB spill-buffer=2.00MB thread-reservation=0
|  |  |  tuple-ids=17 row-size=20B cardinality=30.00M cost=1959305590
|  |  |  in pipelines: 15(GETNEXT), 10(OPEN)
|  |  |
|  |  14:HASH JOIN [INNER JOIN]
|  |  |  hash predicates: tpcds_partitioned_parquet_snap.store_sales_0.ss_customer_sk = tpcds_partitioned_parquet_snap.customer_1.c_customer_sk
|  |  |  fk/pk conjuncts: tpcds_partitioned_parquet_snap.store_sales_0.ss_customer_sk = tpcds_partitioned_parquet_snap.customer_1.c_customer_sk
|  |  |  runtime filters: RF010[bloom] <- tpcds_partitioned_parquet_snap.customer_1.c_customer_sk, RF011[min_max] <- tpcds_partitioned_parquet_snap.customer_1.c_customer_sk
|  |  |  mem-estimate=6.46GB mem-reservation=34.00MB spill-buffer=2.00MB thread-reservation=0
|  |  |  tuple-ids=11,13,15 row-size=538B cardinality=6.43G cost=2992282406
|  |  |  in pipelines: 10(GETNEXT), 13(OPEN)
|  |  |
|  |  |--13:SCAN HDFS [tpcds_partitioned_parquet_snap.customer]
|  |  |     HDFS partitions=1/1 files=1 size=1.55GB
|  |  |     stored statistics:
|  |  |       table: rows=30.00M size=1.55GB
|  |  |       columns: all
|  |  |     extrapolated-rows=disabled max-scan-range-rows=3.10M
|  |  |     mem-estimate=16.00MB mem-reservation=1.00MB thread-reservation=0
|  |  |     tuple-ids=15 row-size=204B cardinality=30.00M cost=46823813
|  |  |     in pipelines: 13(GETNEXT)
|  |  |
|  |  12:HASH JOIN [INNER JOIN]
|  |  |  hash predicates: tpcds_partitioned_parquet_snap.store_sales_0.ss_sold_date_sk = tpcds_partitioned_parquet_snap.date_dim_0.d_date_sk
|  |  |  fk/pk conjuncts: tpcds_partitioned_parquet_snap.store_sales_0.ss_sold_date_sk = tpcds_partitioned_parquet_snap.date_dim_0.d_date_sk
|  |  |  runtime filters: RF012[bloom] <- tpcds_partitioned_parquet_snap.date_dim_0.d_date_sk
|  |  |  mem-estimate=1.94MB mem-reservation=1.94MB spill-buffer=64.00KB thread-reservation=0
|  |  |  tuple-ids=11,13 row-size=333B cardinality=7.01G cost=3066412531
|  |  |  in pipelines: 10(GETNEXT), 11(OPEN)
|  |  |
|  |  |--11:SCAN HDFS [tpcds_partitioned_parquet_snap.date_dim]
|  |  |     HDFS partitions=1/1 files=1 size=2.17MB
|  |  |     predicates: tpcds_partitioned_parquet_snap.date_dim_0.d_year = CAST(2000 AS INT) OR tpcds_partitioned_parquet_snap.date_dim_0.d_year = add(CAST(2000 AS INT), CAST(1 AS INT)) OR tpcds_partitioned_parquet_snap.date_dim_0.d_year = add(CAST(2000 AS INT), CAST(2 AS INT)) OR tpcds_partitioned_parquet_snap.date_dim_0.d_year = add(CAST(2000 AS INT), CAST(3 AS INT))
|  |  |     stored statistics:
|  |  |       table: rows=73.05K size=2.17MB
|  |  |       columns: all
|  |  |     extrapolated-rows=disabled max-scan-range-rows=73.05K
|  |  |     parquet dictionary predicates: tpcds_partitioned_parquet_snap.date_dim_0.d_year = CAST(2000 AS INT) OR tpcds_partitioned_parquet_snap.date_dim_0.d_year = add(CAST(2000 AS INT), CAST(1 AS INT)) OR tpcds_partitioned_parquet_snap.date_dim_0.d_year = add(CAST(2000 AS INT), CAST(2 AS INT)) OR tpcds_partitioned_parquet_snap.date_dim_0.d_year = add(CAST(2000 AS INT), CAST(3 AS INT))
|  |  |     mem-estimate=16.00MB mem-reservation=4.00MB thread-reservation=0
|  |  |     tuple-ids=13 row-size=237B cardinality=1.48K cost=112653
|  |  |     in pipelines: 11(GETNEXT)
|  |  |
|  |  10:SCAN HDFS [tpcds_partitioned_parquet_snap.store_sales]
|  |     HDFS partitions=1824/1824 files=1824 size=389.90GB
|  |     runtime filters: RF011[min_max] -> tpcds_partitioned_parquet_snap.store_sales_0.ss_customer_sk, RF012[bloom] -> tpcds_partitioned_parquet_snap.store_sales_0.ss_sold_date_sk, RF010[bloom] -> tpcds_partitioned_parquet_snap.store_sales_0.ss_customer_sk
|  |     stored statistics:
|  |       table: rows=8.64G size=389.90GB
|  |       partitions: 1824/1824 rows=8.64G
|  |       columns: all
|  |     extrapolated-rows=disabled max-scan-range-rows=390.22M est-scan-range=1479(filtered from 1824)
|  |     mem-estimate=16.00MB mem-reservation=8.00MB thread-reservation=0
|  |     tuple-ids=11 row-size=96B cardinality=7.01G(filtered from 8.64G) cost=9684730725
|  |     in pipelines: 10(GETNEXT)
|  |
|  09:AGGREGATE [FINALIZE]
|  |  output: sum(multiply(CAST(tpcds_partitioned_parquet_snap.store_sales.ss_quantity AS DECIMAL(10,0)), tpcds_partitioned_parquet_snap.store_sales.ss_sales_price))
|  |  group by: tpcds_partitioned_parquet_snap.customer_0.c_customer_sk
|  |  mem-estimate=915.53MB mem-reservation=34.00MB spill-buffer=2.00MB thread-reservation=0
|  |  tuple-ids=10 row-size=20B cardinality=30.00M cost=2398099308
|  |  in pipelines: 09(GETNEXT), 06(OPEN)
|  |
|  08:HASH JOIN [INNER JOIN]
|  |  hash predicates: tpcds_partitioned_parquet_snap.store_sales.ss_customer_sk = tpcds_partitioned_parquet_snap.customer_0.c_customer_sk
|  |  fk/pk conjuncts: tpcds_partitioned_parquet_snap.store_sales.ss_customer_sk = tpcds_partitioned_parquet_snap.customer_0.c_customer_sk
|  |  runtime filters: RF008[bloom] <- tpcds_partitioned_parquet_snap.customer_0.c_customer_sk, RF009[min_max] <- tpcds_partitioned_parquet_snap.customer_0.c_customer_sk
|  |  mem-estimate=6.46GB mem-reservation=34.00MB spill-buffer=2.00MB thread-reservation=0
|  |  tuple-ids=6,8 row-size=300B cardinality=7.93G cost=3501497176
|  |  in pipelines: 06(GETNEXT), 07(OPEN)
|  |
|  |--07:SCAN HDFS [tpcds_partitioned_parquet_snap.customer]
|  |     HDFS partitions=1/1 files=1 size=1.55GB
|  |     stored statistics:
|  |       table: rows=30.00M size=1.55GB
|  |       columns: all
|  |     extrapolated-rows=disabled max-scan-range-rows=3.10M
|  |     mem-estimate=16.00MB mem-reservation=1.00MB thread-reservation=0
|  |     tuple-ids=8 row-size=204B cardinality=30.00M cost=46823813
|  |     in pipelines: 07(GETNEXT)
|  |
|  06:SCAN HDFS [tpcds_partitioned_parquet_snap.store_sales]
|     HDFS partitions=1824/1824 files=1824 size=389.90GB
|     runtime filters: RF009[min_max] -> tpcds_partitioned_parquet_snap.store_sales.ss_customer_sk, RF008[bloom] -> tpcds_partitioned_parquet_snap.store_sales.ss_customer_sk
|     stored statistics:
|       table: rows=8.64G size=389.90GB
|       partitions: 1824/1824 rows=8.64G
|       columns: all
|     extrapolated-rows=disabled max-scan-range-rows=390.22M
|     mem-estimate=16.00MB mem-reservation=8.00MB thread-reservation=0
|     tuple-ids=6 row-size=96B cardinality=7.93G(filtered from 8.64G) cost=11943846410
|     in pipelines: 06(GETNEXT)
|
05:HASH JOIN [INNER JOIN]
|  hash predicates: tpcds_partitioned_parquet_snap.catalog_sales.cs_bill_customer_sk = tpcds_partitioned_parquet_snap.customer.c_customer_sk
|  fk/pk conjuncts: tpcds_partitioned_parquet_snap.catalog_sales.cs_bill_customer_sk = tpcds_partitioned_parquet_snap.customer.c_customer_sk
|  runtime filters: RF005[min_max] <- tpcds_partitioned_parquet_snap.customer.c_customer_sk
|  mem-estimate=6.46GB mem-reservation=34.00MB spill-buffer=2.00MB thread-reservation=0
|  tuple-ids=0,2,4 row-size=582B cardinality=233.91M cost=137745621
|  in pipelines: 01(GETNEXT), 04(OPEN)
|
|--04:SCAN HDFS [tpcds_partitioned_parquet_snap.customer]
|     HDFS partitions=1/1 files=1 size=1.55GB
|     runtime filters: RF003[min_max] -> tpcds_partitioned_parquet_snap.customer.c_customer_sk
|     stored statistics:
|       table: rows=30.00M size=1.55GB
|       columns: all
|     extrapolated-rows=disabled max-scan-range-rows=3.10M
|     mem-estimate=16.00MB mem-reservation=1.00MB thread-reservation=0
|     tuple-ids=4 row-size=204B cardinality=30.00M cost=46823813
|     in pipelines: 04(GETNEXT)
|
03:HASH JOIN [INNER JOIN]
|  hash predicates: tpcds_partitioned_parquet_snap.catalog_sales.cs_sold_date_sk = tpcds_partitioned_parquet_snap.date_dim.d_date_sk
|  fk/pk conjuncts: tpcds_partitioned_parquet_snap.catalog_sales.cs_sold_date_sk = tpcds_partitioned_parquet_snap.date_dim.d_date_sk
|  runtime filters: RF006[bloom] <- tpcds_partitioned_parquet_snap.date_dim.d_date_sk
|  mem-estimate=1.94MB mem-reservation=1.94MB spill-buffer=64.00KB thread-reservation=0
|  tuple-ids=0,2 row-size=377B cardinality=254.82M cost=111533149
|  in pipelines: 01(GETNEXT), 02(OPEN)
|
|--02:SCAN HDFS [tpcds_partitioned_parquet_snap.date_dim]
|     HDFS partitions=1/1 files=1 size=2.17MB
|     predicates: tpcds_partitioned_parquet_snap.date_dim.d_year = CAST(2000 AS INT), tpcds_partitioned_parquet_snap.date_dim.d_moy = CAST(5 AS INT)
|     stored statistics:
|       table: rows=73.05K size=2.17MB
|       columns: all
|     extrapolated-rows=disabled max-scan-range-rows=73.05K
|     parquet statistics predicates: tpcds_partitioned_parquet_snap.date_dim.d_year = CAST(2000 AS INT), tpcds_partitioned_parquet_snap.date_dim.d_moy = CAST(5 AS INT)
|     parquet dictionary predicates: tpcds_partitioned_parquet_snap.date_dim.d_year = CAST(2000 AS INT), tpcds_partitioned_parquet_snap.date_dim.d_moy = CAST(5 AS INT)
|     mem-estimate=16.00MB mem-reservation=4.00MB thread-reservation=0
|     tuple-ids=2 row-size=237B cardinality=108 cost=114705
|     in pipelines: 02(GETNEXT)
|
01:SCAN HDFS [tpcds_partitioned_parquet_snap.catalog_sales]
   HDFS partitions=1831/1831 files=1831 size=280.96GB
   runtime filters: RF003[min_max] -> tpcds_partitioned_parquet_snap.catalog_sales.cs_bill_customer_sk, RF005[min_max] -> tpcds_partitioned_parquet_snap.catalog_sales.cs_bill_customer_sk, RF001[min_max] -> tpcds_partitioned_parquet_snap.catalog_sales.cs_item_sk, RF006[bloom] -> tpcds_partitioned_parquet_snap.catalog_sales.cs_sold_date_sk
   stored statistics:
     table: rows=4.32G size=280.96GB
     partitions: 1831/1831 rows=4.32G
     columns: all
   extrapolated-rows=disabled max-scan-range-rows=21.52M est-scan-range=109(filtered from 1831)
   mem-estimate=16.00MB mem-reservation=1.00MB thread-reservation=0
   tuple-ids=0 row-size=140B cardinality=254.82M(filtered from 4.32G) cost=513709414
   in pipelines: 01(GETNEXT)
---- DISTRIBUTEDPLAN
Max Per-Host Resource Reservation: Memory=8.10GB Threads=189
Per-Host Resource Estimates: Memory=127.49GB
F37:PLAN FRAGMENT [UNPARTITIONED] hosts=1 instances=1
|  Per-Instance Resources: mem-estimate=4.17MB mem-reservation=4.00MB thread-reservation=1
|  max-parallelism=1 segment-costs=[333] cpu-comparison-result=842 [max(1 (self) vs 842 (sum children))]
PLAN-ROOT SINK
|  output exprs: C_LAST_NAME, C_FIRST_NAME, SALES
|  mem-estimate=4.00MB mem-reservation=4.00MB spill-buffer=2.00MB thread-reservation=0 cost=300
|
100:MERGING-EXCHANGE [UNPARTITIONED]
|  order by: C_LAST_NAME ASC NULLS LAST, C_FIRST_NAME ASC NULLS LAST, SALES ASC NULLS LAST
|  limit: 100
|  mem-estimate=172.27KB mem-reservation=0B thread-reservation=0
|  tuple-ids=57 row-size=40B cardinality=100 cost=33
|  in pipelines: 55(GETNEXT)
|
F36:PLAN FRAGMENT [RANDOM] hosts=10 instances=40 (adjusted from 120)
Per-Instance Resources: mem-estimate=328.08MB mem-reservation=34.00MB thread-reservation=1
max-parallelism=40 segment-costs=[470461931, 296647992, 721685539, 136] cpu-comparison-result=842 [max(40 (self) vs 842 (sum children))]
55:TOP-N [LIMIT=100]
|  order by: C_LAST_NAME ASC NULLS LAST, C_FIRST_NAME ASC NULLS LAST, SALES ASC NULLS LAST
|  mem-estimate=3.91KB mem-reservation=0B thread-reservation=0
|  tuple-ids=57 row-size=40B cardinality=100 cost=721685539
|  in pipelines: 55(GETNEXT), 77(OPEN), 99(OPEN)
|
00:UNION
|  pass-through-operands: all
|  mem-estimate=0B mem-reservation=0B thread-reservation=0
|  tuple-ids=56 row-size=40B cardinality=50.05M cost=0
|  in pipelines: 77(GETNEXT), 99(GETNEXT)
|
|--99:AGGREGATE [FINALIZE]
|  |  output: sum:merge(multiply(tpcds_partitioned_parquet_snap.web_sales.ws_quantity, tpcds_partitioned_parquet_snap.web_sales.ws_list_price))
|  |  group by: tpcds_partitioned_parquet_snap.customer_2.c_last_name, tpcds_partitioned_parquet_snap.customer_2.c_first_name
|  |  mem-estimate=162.16MB mem-reservation=34.00MB spill-buffer=2.00MB thread-reservation=0
|  |  tuple-ids=55 row-size=52B cardinality=25.02M cost=259418593
|  |  in pipelines: 99(GETNEXT), 28(OPEN)
|  |
|  98:EXCHANGE [HASH(tpcds_partitioned_parquet_snap.customer_2.c_last_name,tpcds_partitioned_parquet_snap.customer_2.c_first_name)]
|  |  mem-estimate=12.19MB mem-reservation=0B thread-reservation=0
|  |  tuple-ids=55 row-size=52B cardinality=106.32M cost=37229399
|  |  in pipelines: 28(GETNEXT)
|  |
|  F21:PLAN FRAGMENT [HASH(tpcds_partitioned_parquet_snap.web_sales.ws_bill_customer_sk)] hosts=10 instances=40 (adjusted from 120)
|  Per-Instance Resources: mem-estimate=183.56MB mem-reservation=34.00MB thread-reservation=1
|  max-parallelism=110 segment-costs=[1022368267, 410613282] cpu-comparison-result=421 [max(149 (self) vs 421 (sum children))]
|  54:AGGREGATE [STREAMING]
|  |  output: sum(multiply(CAST(tpcds_partitioned_parquet_snap.web_sales.ws_quantity AS DECIMAL(10,0)), tpcds_partitioned_parquet_snap.web_sales.ws_list_price))
|  |  group by: tpcds_partitioned_parquet_snap.customer_2.c_last_name, tpcds_partitioned_parquet_snap.customer_2.c_first_name
|  |  mem-estimate=123.82MB mem-reservation=34.00MB spill-buffer=2.00MB thread-reservation=0
|  |  tuple-ids=55 row-size=52B cardinality=106.32M cost=630237650
|  |  in pipelines: 28(GETNEXT)
|  |
|  53:HASH JOIN [INNER JOIN, BROADCAST]
|  |  hash-table-id=10
|  |  hash predicates: tpcds_partitioned_parquet_snap.web_sales.ws_item_sk = tpcds_partitioned_parquet_snap.item_0.i_item_sk
|  |  fk/pk conjuncts: tpcds_partitioned_parquet_snap.web_sales.ws_item_sk = tpcds_partitioned_parquet_snap.item_0.i_item_sk
|  |  mem-estimate=0B mem-reservation=0B spill-buffer=1.00MB thread-reservation=0
|  |  tuple-ids=28,30,32,38,46,54 row-size=622B cardinality=108.25M cost=47395777
|  |  in pipelines: 28(GETNEXT), 96(OPEN)
|  |
|  |--F48:PLAN FRAGMENT [HASH(tpcds_partitioned_parquet_snap.web_sales.ws_bill_customer_sk)] hosts=10 instances=10
|  |  |  Per-Instance Resources: mem-estimate=69.45MB mem-reservation=68.00MB thread-reservation=1
|  |  |  max-parallelism=10 segment-costs=[838440] cpu-comparison-result=120 [max(10 (self) vs 120 (sum children))]
|  |  JOIN BUILD
|  |  |  join-table-id=10 plan-id=11 cohort-id=05
|  |  |  build expressions: tpcds_partitioned_parquet_snap.item_0.i_item_sk
|  |  |  runtime filters: RF019[min_max] <- tpcds_partitioned_parquet_snap.item_0.i_item_sk
|  |  |  mem-estimate=68.00MB mem-reservation=68.00MB spill-buffer=1.00MB thread-reservation=0 cost=360000
|  |  |
|  |  97:EXCHANGE [BROADCAST]
|  |  |  mem-estimate=1.45MB mem-reservation=0B thread-reservation=0
|  |  |  tuple-ids=54 row-size=4B cardinality=360.00K cost=478440
|  |  |  in pipelines: 96(GETNEXT)
|  |  |
|  |  F34:PLAN FRAGMENT [HASH(tpcds_partitioned_parquet_snap.item_0.i_item_sk)] hosts=10 instances=10 (adjusted from 120)
|  |  Per-Instance Resources: mem-estimate=20.94MB mem-reservation=1.94MB thread-reservation=1
|  |  max-parallelism=10 segment-costs=[19168992, 11664] cpu-comparison-result=120 [max(10 (self) vs 120 (sum children))]
|  |  96:AGGREGATE [FINALIZE]
|  |  |  group by: tpcds_partitioned_parquet_snap.item_0.i_item_sk
|  |  |  mem-estimate=10.00MB mem-reservation=1.94MB spill-buffer=64.00KB thread-reservation=0
|  |  |  tuple-ids=54 row-size=4B cardinality=360.00K cost=13574592
|  |  |  in pipelines: 96(GETNEXT), 94(OPEN)
|  |  |
|  |  95:EXCHANGE [HASH(tpcds_partitioned_parquet_snap.item_0.i_item_sk)]
|  |  |  mem-estimate=10.94MB mem-reservation=0B thread-reservation=0
|  |  |  tuple-ids=54 row-size=4B cardinality=43.20M cost=5594400
|  |  |  in pipelines: 94(GETNEXT)
|  |  |
|  |  F33:PLAN FRAGMENT [HASH(substr(tpcds_partitioned_parquet_snap.item_0.i_item_desc, 1, 30),tpcds_partitioned_parquet_snap.item_0.i_item_sk,tpcds_partitioned_parquet_snap.date_dim_4.d_date)] hosts=10 instances=120
|  |  Per-Instance Resources: mem-estimate=964.24MB mem-reservation=36.00MB thread-reservation=1
|  |  max-parallelism=4310 segment-costs=[43011233450, 317446437, 33384960] cpu-comparison-result=120 [max(120 (self) vs 120 (sum children))]
|  |  52:AGGREGATE [STREAMING]
|  |  |  group by: tpcds_partitioned_parquet_snap.item_0.i_item_sk
|  |  |  mem-estimate=10.00MB mem-reservation=2.00MB spill-buffer=64.00KB thread-reservation=0
|  |  |  tuple-ids=54 row-size=4B cardinality=43.20M cost=317446437
|  |  |  in pipelines: 94(GETNEXT)
|  |  |
|  |  94:AGGREGATE [FINALIZE]
|  |  |  output: count:merge()
|  |  |  group by: substr(tpcds_partitioned_parquet_snap.item_0.i_item_desc, 1, 30), tpcds_partitioned_parquet_snap.item_0.i_item_sk, tpcds_partitioned_parquet_snap.date_dim_4.d_date
|  |  |  having: count() > CAST(4 AS BIGINT)
|  |  |  mem-estimate=940.49MB mem-reservation=34.00MB spill-buffer=2.00MB thread-reservation=0
|  |  |  tuple-ids=53 row-size=28B cardinality=700.22M cost=41331397080
|  |  |  in pipelines: 94(GETNEXT), 46(OPEN)
|  |  |
|  |  93:EXCHANGE [HASH(substr(tpcds_partitioned_parquet_snap.item_0.i_item_desc, 1, 30),tpcds_partitioned_parquet_snap.item_0.i_item_sk,tpcds_partitioned_parquet_snap.date_dim_4.d_date)]
|  |  |  mem-estimate=13.75MB mem-reservation=0B thread-reservation=0
|  |  |  tuple-ids=53 row-size=28B cardinality=7.00G cost=1679836370
|  |  |  in pipelines: 46(GETNEXT)
|  |  |
|  |  F30:PLAN FRAGMENT [RANDOM] hosts=10 instances=120
|  |  Per-Host Shared Resources: mem-estimate=1.00MB mem-reservation=1.00MB thread-reservation=0 runtime-filters-memory=1.00MB
|  |  Per-Instance Resources: mem-estimate=832.37MB mem-reservation=42.00MB thread-reservation=1
|  |  max-parallelism=1479 segment-costs=[57148315506, 16233983497] cpu-comparison-result=120 [max(120 (self) vs 25 (sum children))]
|  |  51:AGGREGATE [STREAMING]
|  |  |  output: count()
|  |  |  group by: substr(tpcds_partitioned_parquet_snap.item_0.i_item_desc, CAST(1 AS BIGINT), CAST(30 AS BIGINT)), tpcds_partitioned_parquet_snap.item_0.i_item_sk, tpcds_partitioned_parquet_snap.date_dim_4.d_date
|  |  |  mem-estimate=801.37MB mem-reservation=34.00MB spill-buffer=2.00MB thread-reservation=0
|  |  |  tuple-ids=53 row-size=28B cardinality=7.00G cost=41331397080
|  |  |  in pipelines: 46(GETNEXT)
|  |  |
|  |  50:HASH JOIN [INNER JOIN, BROADCAST]
|  |  |  hash-table-id=11
|  |  |  hash predicates: tpcds_partitioned_parquet_snap.store_sales_4.ss_item_sk = tpcds_partitioned_parquet_snap.item_0.i_item_sk
|  |  |  fk/pk conjuncts: tpcds_partitioned_parquet_snap.store_sales_4.ss_item_sk = tpcds_partitioned_parquet_snap.item_0.i_item_sk
|  |  |  mem-estimate=0B mem-reservation=0B spill-buffer=2.00MB thread-reservation=0
|  |  |  tuple-ids=47,49,51 row-size=739B cardinality=7.00G cost=3065776649
|  |  |  in pipelines: 46(GETNEXT), 49(OPEN)
|  |  |
|  |  |--F49:PLAN FRAGMENT [RANDOM] hosts=10 instances=10
|  |  |  |  Per-Instance Resources: mem-estimate=419.60MB mem-reservation=408.00MB thread-reservation=1
|  |  |  |  max-parallelism=10 segment-costs=[838440]
|  |  |  JOIN BUILD
|  |  |  |  join-table-id=11 plan-id=12 cohort-id=06
|  |  |  |  build expressions: tpcds_partitioned_parquet_snap.item_0.i_item_sk
|  |  |  |  runtime filters: RF033[min_max] <- tpcds_partitioned_parquet_snap.item_0.i_item_sk
|  |  |  |  mem-estimate=408.00MB mem-reservation=408.00MB spill-buffer=2.00MB thread-reservation=0 cost=360000
|  |  |  |
|  |  |  92:EXCHANGE [BROADCAST]
|  |  |  |  mem-estimate=11.60MB mem-reservation=0B thread-reservation=0
|  |  |  |  tuple-ids=51 row-size=405B cardinality=360.00K cost=478440
|  |  |  |  in pipelines: 49(GETNEXT)
|  |  |  |
|  |  |  F32:PLAN FRAGMENT [RANDOM] hosts=4 instances=4
|  |  |  Per-Instance Resources: mem-estimate=17.60MB mem-reservation=512.00KB thread-reservation=1
|  |  |  max-parallelism=4 segment-costs=[1757529]
|  |  |  49:SCAN HDFS [tpcds_partitioned_parquet_snap.item, RANDOM]
|  |  |     HDFS partitions=1/1 files=1 size=33.54MB
|  |  |     stored statistics:
|  |  |       table: rows=360.00K size=33.54MB
|  |  |       columns: all
|  |  |     extrapolated-rows=disabled max-scan-range-rows=101.54K
|  |  |     mem-estimate=16.00MB mem-reservation=512.00KB thread-reservation=0
|  |  |     tuple-ids=51 row-size=405B cardinality=360.00K cost=1355609
|  |  |     in pipelines: 49(GETNEXT)
|  |  |
|  |  48:HASH JOIN [INNER JOIN, BROADCAST]
|  |  |  hash-table-id=12
|  |  |  hash predicates: tpcds_partitioned_parquet_snap.store_sales_4.ss_sold_date_sk = tpcds_partitioned_parquet_snap.date_dim_4.d_date_sk
|  |  |  fk/pk conjuncts: tpcds_partitioned_parquet_snap.store_sales_4.ss_sold_date_sk = tpcds_partitioned_parquet_snap.date_dim_4.d_date_sk
|  |  |  mem-estimate=0B mem-reservation=0B spill-buffer=64.00KB thread-reservation=0
|  |  |  tuple-ids=47,49 row-size=333B cardinality=7.01G cost=3066411052
|  |  |  in pipelines: 46(GETNEXT), 47(OPEN)
|  |  |
|  |  |--F50:PLAN FRAGMENT [RANDOM] hosts=10 instances=10
|  |  |  |  Per-Instance Resources: mem-estimate=24.82MB mem-reservation=24.25MB thread-reservation=1 runtime-filters-memory=1.00MB
|  |  |  |  max-parallelism=10 segment-costs=[3439]
|  |  |  JOIN BUILD
|  |  |  |  join-table-id=12 plan-id=13 cohort-id=06
|  |  |  |  build expressions: tpcds_partitioned_parquet_snap.date_dim_4.d_date_sk
|  |  |  |  runtime filters: RF034[bloom] <- tpcds_partitioned_parquet_snap.date_dim_4.d_date_sk
|  |  |  |  mem-estimate=23.25MB mem-reservation=23.25MB spill-buffer=64.00KB thread-reservation=0 cost=1479
|  |  |  |
|  |  |  91:EXCHANGE [BROADCAST]
|  |  |  |  mem-estimate=583.66KB mem-reservation=0B thread-reservation=0
|  |  |  |  tuple-ids=49 row-size=237B cardinality=1.48K cost=1960
|  |  |  |  in pipelines: 47(GETNEXT)
|  |  |  |
|  |  |  F31:PLAN FRAGMENT [RANDOM] hosts=1 instances=1
|  |  |  Per-Instance Resources: mem-estimate=16.94MB mem-reservation=4.00MB thread-reservation=1
|  |  |  max-parallelism=1 segment-costs=[113631]
|  |  |  47:SCAN HDFS [tpcds_partitioned_parquet_snap.date_dim, RANDOM]
|  |  |     HDFS partitions=1/1 files=1 size=2.17MB
|  |  |     predicates: tpcds_partitioned_parquet_snap.date_dim_4.d_year = CAST(2000 AS INT) OR tpcds_partitioned_parquet_snap.date_dim_4.d_year = add(CAST(2000 AS INT), CAST(1 AS INT)) OR tpcds_partitioned_parquet_snap.date_dim_4.d_year = add(CAST(2000 AS INT), CAST(2 AS INT)) OR tpcds_partitioned_parquet_snap.date_dim_4.d_year = add(CAST(2000 AS INT), CAST(3 AS INT))
|  |  |     stored statistics:
|  |  |       table: rows=73.05K size=2.17MB
|  |  |       columns: all
|  |  |     extrapolated-rows=disabled max-scan-range-rows=73.05K
|  |  |     parquet dictionary predicates: tpcds_partitioned_parquet_snap.date_dim_4.d_year = CAST(2000 AS INT) OR tpcds_partitioned_parquet_snap.date_dim_4.d_year = add(CAST(2000 AS INT), CAST(1 AS INT)) OR tpcds_partitioned_parquet_snap.date_dim_4.d_year = add(CAST(2000 AS INT), CAST(2 AS INT)) OR tpcds_partitioned_parquet_snap.date_dim_4.d_year = add(CAST(2000 AS INT), CAST(3 AS INT))
|  |  |     mem-estimate=16.00MB mem-reservation=4.00MB thread-reservation=0
|  |  |     tuple-ids=49 row-size=237B cardinality=1.48K cost=112653
|  |  |     in pipelines: 47(GETNEXT)
|  |  |
|  |  46:SCAN HDFS [tpcds_partitioned_parquet_snap.store_sales, RANDOM]
|  |     HDFS partitions=1824/1824 files=1824 size=389.90GB
|  |     runtime filters: RF033[min_max] -> tpcds_partitioned_parquet_snap.store_sales_4.ss_item_sk, RF034[bloom] -> tpcds_partitioned_parquet_snap.store_sales_4.ss_sold_date_sk
|  |     stored statistics:
|  |       table: rows=8.64G size=389.90GB
|  |       partitions: 1824/1824 rows=8.64G
|  |       columns: all
|  |     extrapolated-rows=disabled max-scan-range-rows=390.22M est-scan-range=1479(filtered from 1824)
|  |     mem-estimate=16.00MB mem-reservation=8.00MB thread-reservation=0
|  |     tuple-ids=47 row-size=96B cardinality=7.01G(filtered from 8.64G) cost=9684730725
|  |     in pipelines: 46(GETNEXT)
|  |
|  45:HASH JOIN [INNER JOIN, PARTITIONED]
|  |  hash-table-id=13
|  |  hash predicates: tpcds_partitioned_parquet_snap.web_sales.ws_bill_customer_sk = tpcds_partitioned_parquet_snap.customer_3.c_customer_sk
|  |  fk/pk conjuncts: tpcds_partitioned_parquet_snap.web_sales.ws_bill_customer_sk = tpcds_partitioned_parquet_snap.customer_3.c_customer_sk
|  |  mem-estimate=0B mem-reservation=0B spill-buffer=2.00MB thread-reservation=0
|  |  tuple-ids=28,30,32,38,46 row-size=618B cardinality=108.31M cost=49813249
|  |  in pipelines: 28(GETNEXT), 83(OPEN)
|  |
|  |--F51:PLAN FRAGMENT [HASH(tpcds_partitioned_parquet_snap.web_sales.ws_bill_customer_sk)] hosts=10 instances=40 (adjusted from 120)
|  |  |  Per-Instance Resources: mem-estimate=960.48MB mem-reservation=68.00MB thread-reservation=1
|  |  |  max-parallelism=110 segment-costs=[1665300897, 36147000] cpu-comparison-result=240 [max(40 (self) vs 240 (sum children))]
|  |  JOIN BUILD
|  |  |  join-table-id=13 plan-id=14 cohort-id=05
|  |  |  build expressions: tpcds_partitioned_parquet_snap.customer_3.c_customer_sk
|  |  |  runtime filters: RF021[min_max] <- tpcds_partitioned_parquet_snap.customer_3.c_customer_sk
|  |  |  mem-estimate=44.95MB mem-reservation=34.00MB spill-buffer=2.00MB thread-reservation=0 cost=30000000
|  |  |
|  |  44:NESTED LOOP JOIN [INNER JOIN, BROADCAST]
|  |  |  join table id: 14
|  |  |  join predicates: sum(multiply(tpcds_partitioned_parquet_snap.store_sales_2.ss_quantity, tpcds_partitioned_parquet_snap.store_sales_2.ss_sales_price)) > multiply(divide(CAST(95 AS DECIMAL(3,0)), CAST(100.0 AS DECIMAL(4,1))), max(sum(multiply(tpcds_partitioned_parquet_snap.store_sales_3.ss_quantity, tpcds_partitioned_parquet_snap.store_sales_3.ss_sales_price))))
|  |  |  mem-estimate=0B mem-reservation=0B thread-reservation=0
|  |  |  tuple-ids=38,46 row-size=36B cardinality=30.00M cost=6147000
|  |  |  in pipelines: 83(GETNEXT), 89(OPEN)
|  |  |
|  |  |--F52:PLAN FRAGMENT [HASH(tpcds_partitioned_parquet_snap.web_sales.ws_bill_customer_sk)] hosts=10 instances=10
|  |  |  |  Per-Instance Resources: mem-estimate=16.02KB mem-reservation=0B thread-reservation=1
|  |  |  |  max-parallelism=10 segment-costs=[0] cpu-comparison-result=120 [max(10 (self) vs 120 (sum children))]
|  |  |  JOIN BUILD
|  |  |  |  join-table-id=14 plan-id=15 cohort-id=07
|  |  |  |  mem-estimate=16B mem-reservation=0B thread-reservation=0 cost=0
|  |  |  |
|  |  |  90:EXCHANGE [BROADCAST]
|  |  |  |  mem-estimate=16.00KB mem-reservation=0B thread-reservation=0
|  |  |  |  tuple-ids=46 row-size=16B cardinality=1 cost=0
|  |  |  |  in pipelines: 89(GETNEXT)
|  |  |  |
|  |  |  F29:PLAN FRAGMENT [UNPARTITIONED] hosts=1 instances=1
|  |  |  Per-Instance Resources: mem-estimate=109.94KB mem-reservation=0B thread-reservation=1
|  |  |  max-parallelism=1 segment-costs=[30, 0] cpu-comparison-result=120 [max(1 (self) vs 120 (sum children))]
|  |  |  89:AGGREGATE [FINALIZE]
|  |  |  |  output: max:merge(sum(multiply(tpcds_partitioned_parquet_snap.store_sales_3.ss_quantity, tpcds_partitioned_parquet_snap.store_sales_3.ss_sales_price)))
|  |  |  |  mem-estimate=16.00KB mem-reservation=0B spill-buffer=2.00MB thread-reservation=0
|  |  |  |  tuple-ids=46 row-size=16B cardinality=1 cost=8
|  |  |  |  in pipelines: 89(GETNEXT), 43(OPEN)
|  |  |  |
|  |  |  88:EXCHANGE [UNPARTITIONED]
|  |  |  |  mem-estimate=93.94KB mem-reservation=0B thread-reservation=0
|  |  |  |  tuple-ids=46 row-size=16B cardinality=120 cost=22
|  |  |  |  in pipelines: 43(GETNEXT)
|  |  |  |
|  |  |  F28:PLAN FRAGMENT [HASH(tpcds_partitioned_parquet_snap.customer_4.c_customer_sk)] hosts=10 instances=40 (adjusted from 120)
|  |  |  Per-Instance Resources: mem-estimate=46.81MB mem-reservation=34.00MB thread-reservation=1
|  |  |  max-parallelism=160 segment-costs=[1563421020, 2100000, 185] cpu-comparison-result=120 [max(40 (self) vs 120 (sum children))]
|  |  |  43:AGGREGATE
|  |  |  |  output: max(sum(multiply(tpcds_partitioned_parquet_snap.store_sales_3.ss_quantity, tpcds_partitioned_parquet_snap.store_sales_3.ss_sales_price)))
|  |  |  |  mem-estimate=16.00KB mem-reservation=0B spill-buffer=2.00MB thread-reservation=0
|  |  |  |  tuple-ids=46 row-size=16B cardinality=120 cost=2100000
|  |  |  |  in pipelines: 43(GETNEXT), 87(OPEN)
|  |  |  |
|  |  |  87:AGGREGATE [FINALIZE]
|  |  |  |  output: sum:merge(multiply(tpcds_partitioned_parquet_snap.store_sales_3.ss_quantity, tpcds_partitioned_parquet_snap.store_sales_3.ss_sales_price))
|  |  |  |  group by: tpcds_partitioned_parquet_snap.customer_4.c_customer_sk
|  |  |  |  mem-estimate=34.00MB mem-reservation=34.00MB spill-buffer=2.00MB thread-reservation=0
|  |  |  |  tuple-ids=45 row-size=20B cardinality=30.00M cost=954774653
|  |  |  |  in pipelines: 87(GETNEXT), 37(OPEN)
|  |  |  |
|  |  |  86:EXCHANGE [HASH(tpcds_partitioned_parquet_snap.customer_4.c_customer_sk)]
|  |  |  |  mem-estimate=12.81MB mem-reservation=0B thread-reservation=0
|  |  |  |  tuple-ids=45 row-size=20B cardinality=3.00G cost=608646367
|  |  |  |  in pipelines: 37(GETNEXT)
|  |  |  |
|  |  |  F25:PLAN FRAGMENT [RANDOM] hosts=10 instances=120
|  |  |  Per-Host Shared Resources: mem-estimate=17.00MB mem-reservation=17.00MB thread-reservation=0 runtime-filters-memory=17.00MB
|  |  |  Per-Instance Resources: mem-estimate=935.28MB mem-reservation=42.00MB thread-reservation=1
|  |  |  max-parallelism=1479 segment-costs=[25407723074, 5403796797] cpu-comparison-result=120 [max(120 (self) vs 31 (sum children))]
|  |  |  42:AGGREGATE [STREAMING]
|  |  |  |  output: sum(multiply(CAST(tpcds_partitioned_parquet_snap.store_sales_3.ss_quantity AS DECIMAL(10,0)), tpcds_partitioned_parquet_snap.store_sales_3.ss_sales_price))
|  |  |  |  group by: tpcds_partitioned_parquet_snap.customer_4.c_customer_sk
|  |  |  |  mem-estimate=915.53MB mem-reservation=34.00MB spill-buffer=2.00MB thread-reservation=0
|  |  |  |  tuple-ids=45 row-size=20B cardinality=3.00G cost=9694298891
|  |  |  |  in pipelines: 37(GETNEXT)
|  |  |  |
|  |  |  41:HASH JOIN [INNER JOIN, BROADCAST]
|  |  |  |  hash-table-id=15
|  |  |  |  hash predicates: tpcds_partitioned_parquet_snap.store_sales_3.ss_customer_sk = tpcds_partitioned_parquet_snap.customer_4.c_customer_sk
|  |  |  |  fk/pk conjuncts: tpcds_partitioned_parquet_snap.store_sales_3.ss_customer_sk = tpcds_partitioned_parquet_snap.customer_4.c_customer_sk
|  |  |  |  mem-estimate=0B mem-reservation=0B spill-buffer=2.00MB thread-reservation=0
|  |  |  |  tuple-ids=39,41,43 row-size=538B cardinality=6.43G cost=2962282406
|  |  |  |  in pipelines: 37(GETNEXT), 40(OPEN)
|  |  |  |
|  |  |  |--F53:PLAN FRAGMENT [RANDOM] hosts=10 instances=10
|  |  |  |  |  Per-Instance Resources: mem-estimate=6.49GB mem-reservation=424.00MB thread-reservation=1 runtime-filters-memory=16.00MB
|  |  |  |  |  max-parallelism=10 segment-costs=[69869990]
|  |  |  |  JOIN BUILD
|  |  |  |  |  join-table-id=15 plan-id=16 cohort-id=08
|  |  |  |  |  build expressions: tpcds_partitioned_parquet_snap.customer_4.c_customer_sk
|  |  |  |  |  runtime filters: RF028[bloom] <- tpcds_partitioned_parquet_snap.customer_4.c_customer_sk, RF029[min_max] <- tpcds_partitioned_parquet_snap.customer_4.c_customer_sk
|  |  |  |  |  mem-estimate=6.46GB mem-reservation=408.00MB spill-buffer=2.00MB thread-reservation=0 cost=30000000
|  |  |  |  |
|  |  |  |  85:EXCHANGE [BROADCAST]
|  |  |  |  |  mem-estimate=12.04MB mem-reservation=0B thread-reservation=0
|  |  |  |  |  tuple-ids=43 row-size=204B cardinality=30.00M cost=39869990
|  |  |  |  |  in pipelines: 40(GETNEXT)
|  |  |  |  |
|  |  |  |  F27:PLAN FRAGMENT [RANDOM] hosts=10 instances=10
|  |  |  |  Per-Instance Resources: mem-estimate=16.81MB mem-reservation=1.00MB thread-reservation=1
|  |  |  |  max-parallelism=10 segment-costs=[64027278]
|  |  |  |  40:SCAN HDFS [tpcds_partitioned_parquet_snap.customer, RANDOM]
|  |  |  |     HDFS partitions=1/1 files=1 size=1.55GB
|  |  |  |     stored statistics:
|  |  |  |       table: rows=30.00M size=1.55GB
|  |  |  |       columns: all
|  |  |  |     extrapolated-rows=disabled max-scan-range-rows=3.10M
|  |  |  |     mem-estimate=16.00MB mem-reservation=1.00MB thread-reservation=0
|  |  |  |     tuple-ids=43 row-size=204B cardinality=30.00M cost=46823813
|  |  |  |     in pipelines: 40(GETNEXT)
|  |  |  |
|  |  |  39:HASH JOIN [INNER JOIN, BROADCAST]
|  |  |  |  hash-table-id=16
|  |  |  |  hash predicates: tpcds_partitioned_parquet_snap.store_sales_3.ss_sold_date_sk = tpcds_partitioned_parquet_snap.date_dim_3.d_date_sk
|  |  |  |  fk/pk conjuncts: tpcds_partitioned_parquet_snap.store_sales_3.ss_sold_date_sk = tpcds_partitioned_parquet_snap.date_dim_3.d_date_sk
|  |  |  |  mem-estimate=0B mem-reservation=0B spill-buffer=64.00KB thread-reservation=0
|  |  |  |  tuple-ids=39,41 row-size=333B cardinality=7.01G cost=3066411052
|  |  |  |  in pipelines: 37(GETNEXT), 38(OPEN)
|  |  |  |
|  |  |  |--F54:PLAN FRAGMENT [RANDOM] hosts=10 instances=10
|  |  |  |  |  Per-Instance Resources: mem-estimate=24.82MB mem-reservation=24.25MB thread-reservation=1 runtime-filters-memory=1.00MB
|  |  |  |  |  max-parallelism=10 segment-costs=[3439]
|  |  |  |  JOIN BUILD
|  |  |  |  |  join-table-id=16 plan-id=17 cohort-id=08
|  |  |  |  |  build expressions: tpcds_partitioned_parquet_snap.date_dim_3.d_date_sk
|  |  |  |  |  runtime filters: RF030[bloom] <- tpcds_partitioned_parquet_snap.date_dim_3.d_date_sk
|  |  |  |  |  mem-estimate=23.25MB mem-reservation=23.25MB spill-buffer=64.00KB thread-reservation=0 cost=1479
|  |  |  |  |
|  |  |  |  84:EXCHANGE [BROADCAST]
|  |  |  |  |  mem-estimate=583.66KB mem-reservation=0B thread-reservation=0
|  |  |  |  |  tuple-ids=41 row-size=237B cardinality=1.48K cost=1960
|  |  |  |  |  in pipelines: 38(GETNEXT)
|  |  |  |  |
|  |  |  |  F26:PLAN FRAGMENT [RANDOM] hosts=1 instances=1
|  |  |  |  Per-Instance Resources: mem-estimate=16.94MB mem-reservation=4.00MB thread-reservation=1
|  |  |  |  max-parallelism=1 segment-costs=[113631]
|  |  |  |  38:SCAN HDFS [tpcds_partitioned_parquet_snap.date_dim, RANDOM]
|  |  |  |     HDFS partitions=1/1 files=1 size=2.17MB
|  |  |  |     predicates: tpcds_partitioned_parquet_snap.date_dim_3.d_year = CAST(2000 AS INT) OR tpcds_partitioned_parquet_snap.date_dim_3.d_year = add(CAST(2000 AS INT), CAST(1 AS INT)) OR tpcds_partitioned_parquet_snap.date_dim_3.d_year = add(CAST(2000 AS INT), CAST(2 AS INT)) OR tpcds_partitioned_parquet_snap.date_dim_3.d_year = add(CAST(2000 AS INT), CAST(3 AS INT))
|  |  |  |     stored statistics:
|  |  |  |       table: rows=73.05K size=2.17MB
|  |  |  |       columns: all
|  |  |  |     extrapolated-rows=disabled max-scan-range-rows=73.05K
|  |  |  |     parquet dictionary predicates: tpcds_partitioned_parquet_snap.date_dim_3.d_year = CAST(2000 AS INT) OR tpcds_partitioned_parquet_snap.date_dim_3.d_year = add(CAST(2000 AS INT), CAST(1 AS INT)) OR tpcds_partitioned_parquet_snap.date_dim_3.d_year = add(CAST(2000 AS INT), CAST(2 AS INT)) OR tpcds_partitioned_parquet_snap.date_dim_3.d_year = add(CAST(2000 AS INT), CAST(3 AS INT))
|  |  |  |     mem-estimate=16.00MB mem-reservation=4.00MB thread-reservation=0
|  |  |  |     tuple-ids=41 row-size=237B cardinality=1.48K cost=112653
|  |  |  |     in pipelines: 38(GETNEXT)
|  |  |  |
|  |  |  37:SCAN HDFS [tpcds_partitioned_parquet_snap.store_sales, RANDOM]
|  |  |     HDFS partitions=1824/1824 files=1824 size=389.90GB
|  |  |     runtime filters: RF029[min_max] -> tpcds_partitioned_parquet_snap.store_sales_3.ss_customer_sk, RF030[bloom] -> tpcds_partitioned_parquet_snap.store_sales_3.ss_sold_date_sk, RF028[bloom] -> tpcds_partitioned_parquet_snap.store_sales_3.ss_customer_sk
|  |  |     stored statistics:
|  |  |       table: rows=8.64G size=389.90GB
|  |  |       partitions: 1824/1824 rows=8.64G
|  |  |       columns: all
|  |  |     extrapolated-rows=disabled max-scan-range-rows=390.22M est-scan-range=1479(filtered from 1824)
|  |  |     mem-estimate=16.00MB mem-reservation=8.00MB thread-reservation=0
|  |  |     tuple-ids=39 row-size=96B cardinality=7.01G(filtered from 8.64G) cost=9684730725
|  |  |     in pipelines: 37(GETNEXT)
|  |  |
|  |  83:AGGREGATE [FINALIZE]
|  |  |  output: sum:merge(multiply(tpcds_partitioned_parquet_snap.store_sales_2.ss_quantity, tpcds_partitioned_parquet_snap.store_sales_2.ss_sales_price))
|  |  |  group by: tpcds_partitioned_parquet_snap.customer_3.c_customer_sk
|  |  |  mem-estimate=915.53MB mem-reservation=34.00MB spill-buffer=2.00MB thread-reservation=0
|  |  |  tuple-ids=38 row-size=20B cardinality=30.00M cost=1014903515
|  |  |  in pipelines: 83(GETNEXT), 33(OPEN)
|  |  |
|  |  82:EXCHANGE [HASH(tpcds_partitioned_parquet_snap.customer_3.c_customer_sk)]
|  |  |  mem-estimate=12.81MB mem-reservation=0B thread-reservation=0
|  |  |  tuple-ids=38 row-size=20B cardinality=3.20G cost=650397382
|  |  |  in pipelines: 33(GETNEXT)
|  |  |
|  |  F22:PLAN FRAGMENT [RANDOM] hosts=10 instances=120
|  |  Per-Host Shared Resources: mem-estimate=16.00MB mem-reservation=16.00MB thread-reservation=0 runtime-filters-memory=16.00MB
|  |  Per-Instance Resources: mem-estimate=935.28MB mem-reservation=42.00MB thread-reservation=1
|  |  max-parallelism=1824 segment-costs=[26084395066, 5774478385] cpu-comparison-result=120 [max(120 (self) vs 20 (sum children))]
|  |  36:AGGREGATE [STREAMING]
|  |  |  output: sum(multiply(CAST(tpcds_partitioned_parquet_snap.store_sales_2.ss_quantity AS DECIMAL(10,0)), tpcds_partitioned_parquet_snap.store_sales_2.ss_sales_price))
|  |  |  group by: tpcds_partitioned_parquet_snap.customer_3.c_customer_sk
|  |  |  mem-estimate=915.53MB mem-reservation=34.00MB spill-buffer=2.00MB thread-reservation=0
|  |  |  tuple-ids=38 row-size=20B cardinality=3.20G cost=10669051480
|  |  |  in pipelines: 33(GETNEXT)
|  |  |
|  |  35:HASH JOIN [INNER JOIN, BROADCAST]
|  |  |  hash-table-id=17
|  |  |  hash predicates: tpcds_partitioned_parquet_snap.store_sales_2.ss_customer_sk = tpcds_partitioned_parquet_snap.customer_3.c_customer_sk
|  |  |  fk/pk conjuncts: tpcds_partitioned_parquet_snap.store_sales_2.ss_customer_sk = tpcds_partitioned_parquet_snap.customer_3.c_customer_sk
|  |  |  mem-estimate=0B mem-reservation=0B spill-buffer=2.00MB thread-reservation=0
|  |  |  tuple-ids=34,36 row-size=300B cardinality=7.93G cost=3471497176
|  |  |  in pipelines: 33(GETNEXT), 34(OPEN)
|  |  |
|  |  |--F55:PLAN FRAGMENT [RANDOM] hosts=10 instances=10
|  |  |  |  Per-Instance Resources: mem-estimate=6.49GB mem-reservation=424.00MB thread-reservation=1 runtime-filters-memory=16.00MB
|  |  |  |  max-parallelism=10 segment-costs=[69869990]
|  |  |  JOIN BUILD
|  |  |  |  join-table-id=17 plan-id=18 cohort-id=07
|  |  |  |  build expressions: tpcds_partitioned_parquet_snap.customer_3.c_customer_sk
|  |  |  |  runtime filters: RF026[bloom] <- tpcds_partitioned_parquet_snap.customer_3.c_customer_sk, RF027[min_max] <- tpcds_partitioned_parquet_snap.customer_3.c_customer_sk
|  |  |  |  mem-estimate=6.46GB mem-reservation=408.00MB spill-buffer=2.00MB thread-reservation=0 cost=30000000
|  |  |  |
|  |  |  81:EXCHANGE [BROADCAST]
|  |  |  |  mem-estimate=12.04MB mem-reservation=0B thread-reservation=0
|  |  |  |  tuple-ids=36 row-size=204B cardinality=30.00M cost=39869990
|  |  |  |  in pipelines: 34(GETNEXT)
|  |  |  |
|  |  |  F23:PLAN FRAGMENT [RANDOM] hosts=10 instances=10
|  |  |  Per-Instance Resources: mem-estimate=16.81MB mem-reservation=1.00MB thread-reservation=1
|  |  |  max-parallelism=10 segment-costs=[64027278]
|  |  |  34:SCAN HDFS [tpcds_partitioned_parquet_snap.customer, RANDOM]
|  |  |     HDFS partitions=1/1 files=1 size=1.55GB
|  |  |     stored statistics:
|  |  |       table: rows=30.00M size=1.55GB
|  |  |       columns: all
|  |  |     extrapolated-rows=disabled max-scan-range-rows=3.10M
|  |  |     mem-estimate=16.00MB mem-reservation=1.00MB thread-reservation=0
|  |  |     tuple-ids=36 row-size=204B cardinality=30.00M cost=46823813
|  |  |     in pipelines: 34(GETNEXT)
|  |  |
|  |  33:SCAN HDFS [tpcds_partitioned_parquet_snap.store_sales, RANDOM]
|  |     HDFS partitions=1824/1824 files=1824 size=389.90GB
|  |     runtime filters: RF027[min_max] -> tpcds_partitioned_parquet_snap.store_sales_2.ss_customer_sk, RF026[bloom] -> tpcds_partitioned_parquet_snap.store_sales_2.ss_customer_sk
|  |     stored statistics:
|  |       table: rows=8.64G size=389.90GB
|  |       partitions: 1824/1824 rows=8.64G
|  |       columns: all
|  |     extrapolated-rows=disabled max-scan-range-rows=390.22M
|  |     mem-estimate=16.00MB mem-reservation=8.00MB thread-reservation=0
|  |     tuple-ids=34 row-size=96B cardinality=7.93G(filtered from 8.64G) cost=11943846410
|  |     in pipelines: 33(GETNEXT)
|  |
|  32:HASH JOIN [INNER JOIN, PARTITIONED]
|  |  hash-table-id=18
|  |  hash predicates: tpcds_partitioned_parquet_snap.web_sales.ws_bill_customer_sk = tpcds_partitioned_parquet_snap.customer_2.c_customer_sk
|  |  fk/pk conjuncts: tpcds_partitioned_parquet_snap.web_sales.ws_bill_customer_sk = tpcds_partitioned_parquet_snap.customer_2.c_customer_sk
|  |  mem-estimate=0B mem-reservation=0B spill-buffer=2.00MB thread-reservation=0
|  |  tuple-ids=28,30,32 row-size=582B cardinality=117.69M cost=54130434
|  |  in pipelines: 28(GETNEXT), 31(OPEN)
|  |
|  |--F56:PLAN FRAGMENT [HASH(tpcds_partitioned_parquet_snap.web_sales.ws_bill_customer_sk)] hosts=10 instances=40 (adjusted from 120)
|  |  |  Per-Instance Resources: mem-estimate=177.43MB mem-reservation=34.00MB thread-reservation=1
|  |  |  max-parallelism=110 segment-costs=[61538607]
|  |  JOIN BUILD
|  |  |  join-table-id=18 plan-id=19 cohort-id=05
|  |  |  build expressions: tpcds_partitioned_parquet_snap.customer_2.c_customer_sk
|  |  |  runtime filters: RF023[min_max] <- tpcds_partitioned_parquet_snap.customer_2.c_customer_sk
|  |  |  mem-estimate=165.39MB mem-reservation=34.00MB spill-buffer=2.00MB thread-reservation=0 cost=30000000
|  |  |
|  |  80:EXCHANGE [HASH(tpcds_partitioned_parquet_snap.customer_2.c_customer_sk)]
|  |  |  mem-estimate=12.04MB mem-reservation=0B thread-reservation=0
|  |  |  tuple-ids=32 row-size=204B cardinality=30.00M cost=31538607
|  |  |  in pipelines: 31(GETNEXT)
|  |  |
|  |  F20:PLAN FRAGMENT [RANDOM] hosts=10 instances=10
|  |  Per-Instance Resources: mem-estimate=48.56MB mem-reservation=1.00MB thread-reservation=1
|  |  max-parallelism=10 segment-costs=[457158314]
|  |  31:SCAN HDFS [tpcds_partitioned_parquet_snap.customer, RANDOM]
|  |     HDFS partitions=1/1 files=1 size=1.55GB
|  |     runtime filters: RF021[min_max] -> tpcds_partitioned_parquet_snap.customer_2.c_customer_sk
|  |     stored statistics:
|  |       table: rows=30.00M size=1.55GB
|  |       columns: all
|  |     extrapolated-rows=disabled max-scan-range-rows=3.10M
|  |     mem-estimate=16.00MB mem-reservation=1.00MB thread-reservation=0
|  |     tuple-ids=32 row-size=204B cardinality=30.00M cost=46823813
|  |     in pipelines: 31(GETNEXT)
|  |
|  79:EXCHANGE [HASH(tpcds_partitioned_parquet_snap.web_sales.ws_bill_customer_sk)]
|  |  mem-estimate=51.00MB mem-reservation=0B thread-reservation=0
|  |  tuple-ids=28,30 row-size=377B cardinality=127.89M cost=240791157
|  |  in pipelines: 28(GETNEXT)
|  |
|  F18:PLAN FRAGMENT [RANDOM] hosts=10 instances=109 (adjusted from 120)
|  Per-Host Shared Resources: mem-estimate=1.00MB mem-reservation=1.00MB thread-reservation=0 runtime-filters-memory=1.00MB
|  Per-Instance Resources: mem-estimate=76.18MB mem-reservation=264.00KB thread-reservation=1
|  max-parallelism=109 segment-costs=[3551852732]
|  30:HASH JOIN [INNER JOIN, BROADCAST]
|  |  hash-table-id=19
|  |  hash predicates: tpcds_partitioned_parquet_snap.web_sales.ws_sold_date_sk = tpcds_partitioned_parquet_snap.date_dim_2.d_date_sk
|  |  fk/pk conjuncts: tpcds_partitioned_parquet_snap.web_sales.ws_sold_date_sk = tpcds_partitioned_parquet_snap.date_dim_2.d_date_sk
|  |  mem-estimate=0B mem-reservation=0B spill-buffer=64.00KB thread-reservation=0
|  |  tuple-ids=28,30 row-size=377B cardinality=127.89M cost=55978696
|  |  in pipelines: 28(GETNEXT), 29(OPEN)
|  |
|  |--F57:PLAN FRAGMENT [RANDOM] hosts=10 instances=10
|  |  |  Per-Instance Resources: mem-estimate=22.36MB mem-reservation=22.31MB thread-reservation=1 runtime-filters-memory=1.00MB
|  |  |  max-parallelism=10 segment-costs=[248]
|  |  JOIN BUILD
|  |  |  join-table-id=19 plan-id=20 cohort-id=05
|  |  |  build expressions: tpcds_partitioned_parquet_snap.date_dim_2.d_date_sk
|  |  |  runtime filters: RF024[bloom] <- tpcds_partitioned_parquet_snap.date_dim_2.d_date_sk
|  |  |  mem-estimate=21.31MB mem-reservation=21.31MB spill-buffer=64.00KB thread-reservation=0 cost=108
|  |  |
|  |  78:EXCHANGE [BROADCAST]
|  |  |  mem-estimate=50.45KB mem-reservation=0B thread-reservation=0
|  |  |  tuple-ids=30 row-size=237B cardinality=108 cost=140
|  |  |  in pipelines: 29(GETNEXT)
|  |  |
|  |  F19:PLAN FRAGMENT [RANDOM] hosts=1 instances=1
|  |  Per-Instance Resources: mem-estimate=16.94MB mem-reservation=4.00MB thread-reservation=1
|  |  max-parallelism=1 segment-costs=[114776]
|  |  29:SCAN HDFS [tpcds_partitioned_parquet_snap.date_dim, RANDOM]
|  |     HDFS partitions=1/1 files=1 size=2.17MB
|  |     predicates: tpcds_partitioned_parquet_snap.date_dim_2.d_year = CAST(2000 AS INT), tpcds_partitioned_parquet_snap.date_dim_2.d_moy = CAST(5 AS INT)
|  |     stored statistics:
|  |       table: rows=73.05K size=2.17MB
|  |       columns: all
|  |     extrapolated-rows=disabled max-scan-range-rows=73.05K
|  |     parquet statistics predicates: tpcds_partitioned_parquet_snap.date_dim_2.d_year = CAST(2000 AS INT), tpcds_partitioned_parquet_snap.date_dim_2.d_moy = CAST(5 AS INT)
|  |     parquet dictionary predicates: tpcds_partitioned_parquet_snap.date_dim_2.d_year = CAST(2000 AS INT), tpcds_partitioned_parquet_snap.date_dim_2.d_moy = CAST(5 AS INT)
|  |     mem-estimate=16.00MB mem-reservation=4.00MB thread-reservation=0
|  |     tuple-ids=30 row-size=237B cardinality=108 cost=114705
|  |     in pipelines: 29(GETNEXT)
|  |
|  28:SCAN HDFS [tpcds_partitioned_parquet_snap.web_sales, RANDOM]
|     HDFS partitions=1824/1824 files=1824 size=145.75GB
|     runtime filters: RF021[min_max] -> tpcds_partitioned_parquet_snap.web_sales.ws_bill_customer_sk, RF023[min_max] -> tpcds_partitioned_parquet_snap.web_sales.ws_bill_customer_sk, RF019[min_max] -> tpcds_partitioned_parquet_snap.web_sales.ws_item_sk, RF024[bloom] -> tpcds_partitioned_parquet_snap.web_sales.ws_sold_date_sk
|     stored statistics:
|       table: rows=2.16G size=145.75GB
|       partitions: 1824/1824 rows=2.16G
|       columns: all
|     extrapolated-rows=disabled max-scan-range-rows=3.37M est-scan-range=109(filtered from 1824)
|     mem-estimate=16.00MB mem-reservation=264.00KB thread-reservation=0
|     tuple-ids=28 row-size=140B cardinality=127.89M(filtered from 2.16G) cost=257831967
|     in pipelines: 28(GETNEXT)
|
77:AGGREGATE [FINALIZE]
|  output: sum:merge(multiply(tpcds_partitioned_parquet_snap.catalog_sales.cs_quantity, tpcds_partitioned_parquet_snap.catalog_sales.cs_list_price))
|  group by: tpcds_partitioned_parquet_snap.customer.c_last_name, tpcds_partitioned_parquet_snap.customer.c_first_name
|  mem-estimate=315.89MB mem-reservation=34.00MB spill-buffer=2.00MB thread-reservation=0
|  tuple-ids=27 row-size=52B cardinality=25.02M cost=397935458
|  in pipelines: 77(GETNEXT), 01(OPEN)
|
76:EXCHANGE [HASH(tpcds_partitioned_parquet_snap.customer.c_last_name,tpcds_partitioned_parquet_snap.customer.c_first_name)]
|  mem-estimate=12.19MB mem-reservation=0B thread-reservation=0
|  tuple-ids=27 row-size=52B cardinality=207.13M cost=72526473
|  in pipelines: 01(GETNEXT)
|
F03:PLAN FRAGMENT [HASH(tpcds_partitioned_parquet_snap.catalog_sales.cs_bill_customer_sk)] hosts=10 instances=40 (adjusted from 120)
Per-Instance Resources: mem-estimate=305.23MB mem-reservation=34.00MB thread-reservation=1
max-parallelism=210 segment-costs=[2013271934, 799914421] cpu-comparison-result=421 [max(149 (self) vs 421 (sum children))]
27:AGGREGATE [STREAMING]
|  output: sum(multiply(CAST(tpcds_partitioned_parquet_snap.catalog_sales.cs_quantity AS DECIMAL(10,0)), tpcds_partitioned_parquet_snap.catalog_sales.cs_list_price))
|  group by: tpcds_partitioned_parquet_snap.customer.c_last_name, tpcds_partitioned_parquet_snap.customer.c_first_name
|  mem-estimate=245.49MB mem-reservation=34.00MB spill-buffer=2.00MB thread-reservation=0
|  tuple-ids=27 row-size=52B cardinality=207.13M cost=1232895251
|  in pipelines: 01(GETNEXT)
|
26:HASH JOIN [INNER JOIN, BROADCAST]
|  hash-table-id=00
|  hash predicates: tpcds_partitioned_parquet_snap.catalog_sales.cs_item_sk = tpcds_partitioned_parquet_snap.item.i_item_sk
|  fk/pk conjuncts: tpcds_partitioned_parquet_snap.catalog_sales.cs_item_sk = tpcds_partitioned_parquet_snap.item.i_item_sk
|  mem-estimate=0B mem-reservation=0B spill-buffer=1.00MB thread-reservation=0
|  tuple-ids=0,2,4,10,18,26 row-size=622B cardinality=214.62M cost=93966544
|  in pipelines: 01(GETNEXT), 74(OPEN)
|
|--F38:PLAN FRAGMENT [HASH(tpcds_partitioned_parquet_snap.catalog_sales.cs_bill_customer_sk)] hosts=10 instances=10
|  |  Per-Instance Resources: mem-estimate=69.45MB mem-reservation=68.00MB thread-reservation=1
|  |  max-parallelism=10 segment-costs=[838440] cpu-comparison-result=120 [max(10 (self) vs 120 (sum children))]
|  JOIN BUILD
|  |  join-table-id=00 plan-id=01 cohort-id=01
|  |  build expressions: tpcds_partitioned_parquet_snap.item.i_item_sk
|  |  runtime filters: RF001[min_max] <- tpcds_partitioned_parquet_snap.item.i_item_sk
|  |  mem-estimate=68.00MB mem-reservation=68.00MB spill-buffer=1.00MB thread-reservation=0 cost=360000
|  |
|  75:EXCHANGE [BROADCAST]
|  |  mem-estimate=1.45MB mem-reservation=0B thread-reservation=0
|  |  tuple-ids=26 row-size=4B cardinality=360.00K cost=478440
|  |  in pipelines: 74(GETNEXT)
|  |
|  F16:PLAN FRAGMENT [HASH(tpcds_partitioned_parquet_snap.item.i_item_sk)] hosts=10 instances=10 (adjusted from 120)
|  Per-Instance Resources: mem-estimate=20.94MB mem-reservation=1.94MB thread-reservation=1
|  max-parallelism=10 segment-costs=[19168992, 11664] cpu-comparison-result=120 [max(10 (self) vs 120 (sum children))]
|  74:AGGREGATE [FINALIZE]
|  |  group by: tpcds_partitioned_parquet_snap.item.i_item_sk
|  |  mem-estimate=10.00MB mem-reservation=1.94MB spill-buffer=64.00KB thread-reservation=0
|  |  tuple-ids=26 row-size=4B cardinality=360.00K cost=13574592
|  |  in pipelines: 74(GETNEXT), 72(OPEN)
|  |
|  73:EXCHANGE [HASH(tpcds_partitioned_parquet_snap.item.i_item_sk)]
|  |  mem-estimate=10.94MB mem-reservation=0B thread-reservation=0
|  |  tuple-ids=26 row-size=4B cardinality=43.20M cost=5594400
|  |  in pipelines: 72(GETNEXT)
|  |
|  F15:PLAN FRAGMENT [HASH(substr(tpcds_partitioned_parquet_snap.item.i_item_desc, 1, 30),tpcds_partitioned_parquet_snap.item.i_item_sk,tpcds_partitioned_parquet_snap.date_dim_1.d_date)] hosts=10 instances=120
|  Per-Instance Resources: mem-estimate=964.24MB mem-reservation=36.00MB thread-reservation=1
|  max-parallelism=4310 segment-costs=[43011233450, 317446437, 33384960] cpu-comparison-result=120 [max(120 (self) vs 120 (sum children))]
|  25:AGGREGATE [STREAMING]
|  |  group by: tpcds_partitioned_parquet_snap.item.i_item_sk
|  |  mem-estimate=10.00MB mem-reservation=2.00MB spill-buffer=64.00KB thread-reservation=0
|  |  tuple-ids=26 row-size=4B cardinality=43.20M cost=317446437
|  |  in pipelines: 72(GETNEXT)
|  |
|  72:AGGREGATE [FINALIZE]
|  |  output: count:merge()
|  |  group by: substr(tpcds_partitioned_parquet_snap.item.i_item_desc, 1, 30), tpcds_partitioned_parquet_snap.item.i_item_sk, tpcds_partitioned_parquet_snap.date_dim_1.d_date
|  |  having: count() > CAST(4 AS BIGINT)
|  |  mem-estimate=940.49MB mem-reservation=34.00MB spill-buffer=2.00MB thread-reservation=0
|  |  tuple-ids=25 row-size=28B cardinality=700.22M cost=41331397080
|  |  in pipelines: 72(GETNEXT), 19(OPEN)
|  |
|  71:EXCHANGE [HASH(substr(tpcds_partitioned_parquet_snap.item.i_item_desc, 1, 30),tpcds_partitioned_parquet_snap.item.i_item_sk,tpcds_partitioned_parquet_snap.date_dim_1.d_date)]
|  |  mem-estimate=13.75MB mem-reservation=0B thread-reservation=0
|  |  tuple-ids=25 row-size=28B cardinality=7.00G cost=1679836370
|  |  in pipelines: 19(GETNEXT)
|  |
|  F12:PLAN FRAGMENT [RANDOM] hosts=10 instances=120
|  Per-Host Shared Resources: mem-estimate=1.00MB mem-reservation=1.00MB thread-reservation=0 runtime-filters-memory=1.00MB
|  Per-Instance Resources: mem-estimate=832.37MB mem-reservation=42.00MB thread-reservation=1
|  max-parallelism=1479 segment-costs=[57148315506, 16233983497] cpu-comparison-result=120 [max(120 (self) vs 25 (sum children))]
|  24:AGGREGATE [STREAMING]
|  |  output: count()
|  |  group by: substr(tpcds_partitioned_parquet_snap.item.i_item_desc, CAST(1 AS BIGINT), CAST(30 AS BIGINT)), tpcds_partitioned_parquet_snap.item.i_item_sk, tpcds_partitioned_parquet_snap.date_dim_1.d_date
|  |  mem-estimate=801.37MB mem-reservation=34.00MB spill-buffer=2.00MB thread-reservation=0
|  |  tuple-ids=25 row-size=28B cardinality=7.00G cost=41331397080
|  |  in pipelines: 19(GETNEXT)
|  |
|  23:HASH JOIN [INNER JOIN, BROADCAST]
|  |  hash-table-id=01
|  |  hash predicates: tpcds_partitioned_parquet_snap.store_sales_1.ss_item_sk = tpcds_partitioned_parquet_snap.item.i_item_sk
|  |  fk/pk conjuncts: tpcds_partitioned_parquet_snap.store_sales_1.ss_item_sk = tpcds_partitioned_parquet_snap.item.i_item_sk
|  |  mem-estimate=0B mem-reservation=0B spill-buffer=2.00MB thread-reservation=0
|  |  tuple-ids=19,21,23 row-size=739B cardinality=7.00G cost=3065776649
|  |  in pipelines: 19(GETNEXT), 22(OPEN)
|  |
|  |--F39:PLAN FRAGMENT [RANDOM] hosts=10 instances=10
|  |  |  Per-Instance Resources: mem-estimate=419.60MB mem-reservation=408.00MB thread-reservation=1
|  |  |  max-parallelism=10 segment-costs=[838440]
|  |  JOIN BUILD
|  |  |  join-table-id=01 plan-id=02 cohort-id=02
|  |  |  build expressions: tpcds_partitioned_parquet_snap.item.i_item_sk
|  |  |  runtime filters: RF015[min_max] <- tpcds_partitioned_parquet_snap.item.i_item_sk
|  |  |  mem-estimate=408.00MB mem-reservation=408.00MB spill-buffer=2.00MB thread-reservation=0 cost=360000
|  |  |
|  |  70:EXCHANGE [BROADCAST]
|  |  |  mem-estimate=11.60MB mem-reservation=0B thread-reservation=0
|  |  |  tuple-ids=23 row-size=405B cardinality=360.00K cost=478440
|  |  |  in pipelines: 22(GETNEXT)
|  |  |
|  |  F14:PLAN FRAGMENT [RANDOM] hosts=4 instances=4
|  |  Per-Instance Resources: mem-estimate=17.60MB mem-reservation=512.00KB thread-reservation=1
|  |  max-parallelism=4 segment-costs=[1757529]
|  |  22:SCAN HDFS [tpcds_partitioned_parquet_snap.item, RANDOM]
|  |     HDFS partitions=1/1 files=1 size=33.54MB
|  |     stored statistics:
|  |       table: rows=360.00K size=33.54MB
|  |       columns: all
|  |     extrapolated-rows=disabled max-scan-range-rows=101.54K
|  |     mem-estimate=16.00MB mem-reservation=512.00KB thread-reservation=0
|  |     tuple-ids=23 row-size=405B cardinality=360.00K cost=1355609
|  |     in pipelines: 22(GETNEXT)
|  |
|  21:HASH JOIN [INNER JOIN, BROADCAST]
|  |  hash-table-id=02
|  |  hash predicates: tpcds_partitioned_parquet_snap.store_sales_1.ss_sold_date_sk = tpcds_partitioned_parquet_snap.date_dim_1.d_date_sk
|  |  fk/pk conjuncts: tpcds_partitioned_parquet_snap.store_sales_1.ss_sold_date_sk = tpcds_partitioned_parquet_snap.date_dim_1.d_date_sk
|  |  mem-estimate=0B mem-reservation=0B spill-buffer=64.00KB thread-reservation=0
|  |  tuple-ids=19,21 row-size=333B cardinality=7.01G cost=3066411052
|  |  in pipelines: 19(GETNEXT), 20(OPEN)
|  |
|  |--F40:PLAN FRAGMENT [RANDOM] hosts=10 instances=10
|  |  |  Per-Instance Resources: mem-estimate=24.82MB mem-reservation=24.25MB thread-reservation=1 runtime-filters-memory=1.00MB
|  |  |  max-parallelism=10 segment-costs=[3439]
|  |  JOIN BUILD
|  |  |  join-table-id=02 plan-id=03 cohort-id=02
|  |  |  build expressions: tpcds_partitioned_parquet_snap.date_dim_1.d_date_sk
|  |  |  runtime filters: RF016[bloom] <- tpcds_partitioned_parquet_snap.date_dim_1.d_date_sk
|  |  |  mem-estimate=23.25MB mem-reservation=23.25MB spill-buffer=64.00KB thread-reservation=0 cost=1479
|  |  |
|  |  69:EXCHANGE [BROADCAST]
|  |  |  mem-estimate=583.66KB mem-reservation=0B thread-reservation=0
|  |  |  tuple-ids=21 row-size=237B cardinality=1.48K cost=1960
|  |  |  in pipelines: 20(GETNEXT)
|  |  |
|  |  F13:PLAN FRAGMENT [RANDOM] hosts=1 instances=1
|  |  Per-Instance Resources: mem-estimate=16.94MB mem-reservation=4.00MB thread-reservation=1
|  |  max-parallelism=1 segment-costs=[113631]
|  |  20:SCAN HDFS [tpcds_partitioned_parquet_snap.date_dim, RANDOM]
|  |     HDFS partitions=1/1 files=1 size=2.17MB
|  |     predicates: tpcds_partitioned_parquet_snap.date_dim_1.d_year = CAST(2000 AS INT) OR tpcds_partitioned_parquet_snap.date_dim_1.d_year = add(CAST(2000 AS INT), CAST(1 AS INT)) OR tpcds_partitioned_parquet_snap.date_dim_1.d_year = add(CAST(2000 AS INT), CAST(2 AS INT)) OR tpcds_partitioned_parquet_snap.date_dim_1.d_year = add(CAST(2000 AS INT), CAST(3 AS INT))
|  |     stored statistics:
|  |       table: rows=73.05K size=2.17MB
|  |       columns: all
|  |     extrapolated-rows=disabled max-scan-range-rows=73.05K
|  |     parquet dictionary predicates: tpcds_partitioned_parquet_snap.date_dim_1.d_year = CAST(2000 AS INT) OR tpcds_partitioned_parquet_snap.date_dim_1.d_year = add(CAST(2000 AS INT), CAST(1 AS INT)) OR tpcds_partitioned_parquet_snap.date_dim_1.d_year = add(CAST(2000 AS INT), CAST(2 AS INT)) OR tpcds_partitioned_parquet_snap.date_dim_1.d_year = add(CAST(2000 AS INT), CAST(3 AS INT))
|  |     mem-estimate=16.00MB mem-reservation=4.00MB thread-reservation=0
|  |     tuple-ids=21 row-size=237B cardinality=1.48K cost=112653
|  |     in pipelines: 20(GETNEXT)
|  |
|  19:SCAN HDFS [tpcds_partitioned_parquet_snap.store_sales, RANDOM]
|     HDFS partitions=1824/1824 files=1824 size=389.90GB
|     runtime filters: RF015[min_max] -> tpcds_partitioned_parquet_snap.store_sales_1.ss_item_sk, RF016[bloom] -> tpcds_partitioned_parquet_snap.store_sales_1.ss_sold_date_sk
|     stored statistics:
|       table: rows=8.64G size=389.90GB
|       partitions: 1824/1824 rows=8.64G
|       columns: all
|     extrapolated-rows=disabled max-scan-range-rows=390.22M est-scan-range=1479(filtered from 1824)
|     mem-estimate=16.00MB mem-reservation=8.00MB thread-reservation=0
|     tuple-ids=19 row-size=96B cardinality=7.01G(filtered from 8.64G) cost=9684730725
|     in pipelines: 19(GETNEXT)
|
18:HASH JOIN [INNER JOIN, PARTITIONED]
|  hash-table-id=03
|  hash predicates: tpcds_partitioned_parquet_snap.catalog_sales.cs_bill_customer_sk = tpcds_partitioned_parquet_snap.customer_0.c_customer_sk
|  fk/pk conjuncts: tpcds_partitioned_parquet_snap.catalog_sales.cs_bill_customer_sk = tpcds_partitioned_parquet_snap.customer_0.c_customer_sk
|  mem-estimate=0B mem-reservation=0B spill-buffer=2.00MB thread-reservation=0
|  tuple-ids=0,2,4,10,18 row-size=618B cardinality=214.73M cost=98907544
|  in pipelines: 01(GETNEXT), 61(OPEN)
|
|--F41:PLAN FRAGMENT [HASH(tpcds_partitioned_parquet_snap.catalog_sales.cs_bill_customer_sk)] hosts=10 instances=40 (adjusted from 120)
|  |  Per-Instance Resources: mem-estimate=960.48MB mem-reservation=68.00MB thread-reservation=1
|  |  max-parallelism=210 segment-costs=[1665300897, 36147000] cpu-comparison-result=240 [max(40 (self) vs 240 (sum children))]
|  JOIN BUILD
|  |  join-table-id=03 plan-id=04 cohort-id=01
|  |  build expressions: tpcds_partitioned_parquet_snap.customer_0.c_customer_sk
|  |  runtime filters: RF003[min_max] <- tpcds_partitioned_parquet_snap.customer_0.c_customer_sk
|  |  mem-estimate=44.95MB mem-reservation=34.00MB spill-buffer=2.00MB thread-reservation=0 cost=30000000
|  |
|  17:NESTED LOOP JOIN [INNER JOIN, BROADCAST]
|  |  join table id: 04
|  |  join predicates: sum(multiply(tpcds_partitioned_parquet_snap.store_sales.ss_quantity, tpcds_partitioned_parquet_snap.store_sales.ss_sales_price)) > multiply(divide(CAST(95 AS DECIMAL(3,0)), CAST(100.0 AS DECIMAL(4,1))), max(sum(multiply(tpcds_partitioned_parquet_snap.store_sales_0.ss_quantity, tpcds_partitioned_parquet_snap.store_sales_0.ss_sales_price))))
|  |  mem-estimate=0B mem-reservation=0B thread-reservation=0
|  |  tuple-ids=10,18 row-size=36B cardinality=30.00M cost=6147000
|  |  in pipelines: 61(GETNEXT), 67(OPEN)
|  |
|  |--F42:PLAN FRAGMENT [HASH(tpcds_partitioned_parquet_snap.catalog_sales.cs_bill_customer_sk)] hosts=10 instances=10
|  |  |  Per-Instance Resources: mem-estimate=16.02KB mem-reservation=0B thread-reservation=1
|  |  |  max-parallelism=10 segment-costs=[0] cpu-comparison-result=120 [max(10 (self) vs 120 (sum children))]
|  |  JOIN BUILD
|  |  |  join-table-id=04 plan-id=05 cohort-id=03
|  |  |  mem-estimate=16B mem-reservation=0B thread-reservation=0 cost=0
|  |  |
|  |  68:EXCHANGE [BROADCAST]
|  |  |  mem-estimate=16.00KB mem-reservation=0B thread-reservation=0
|  |  |  tuple-ids=18 row-size=16B cardinality=1 cost=0
|  |  |  in pipelines: 67(GETNEXT)
|  |  |
|  |  F11:PLAN FRAGMENT [UNPARTITIONED] hosts=1 instances=1
|  |  Per-Instance Resources: mem-estimate=109.94KB mem-reservation=0B thread-reservation=1
|  |  max-parallelism=1 segment-costs=[30, 0] cpu-comparison-result=120 [max(1 (self) vs 120 (sum children))]
|  |  67:AGGREGATE [FINALIZE]
|  |  |  output: max:merge(sum(multiply(tpcds_partitioned_parquet_snap.store_sales_0.ss_quantity, tpcds_partitioned_parquet_snap.store_sales_0.ss_sales_price)))
|  |  |  mem-estimate=16.00KB mem-reservation=0B spill-buffer=2.00MB thread-reservation=0
|  |  |  tuple-ids=18 row-size=16B cardinality=1 cost=8
|  |  |  in pipelines: 67(GETNEXT), 16(OPEN)
|  |  |
|  |  66:EXCHANGE [UNPARTITIONED]
|  |  |  mem-estimate=93.94KB mem-reservation=0B thread-reservation=0
|  |  |  tuple-ids=18 row-size=16B cardinality=120 cost=22
|  |  |  in pipelines: 16(GETNEXT)
|  |  |
|  |  F10:PLAN FRAGMENT [HASH(tpcds_partitioned_parquet_snap.customer_1.c_customer_sk)] hosts=10 instances=40 (adjusted from 120)
|  |  Per-Instance Resources: mem-estimate=46.81MB mem-reservation=34.00MB thread-reservation=1
|  |  max-parallelism=160 segment-costs=[1563421020, 2100000, 185] cpu-comparison-result=120 [max(40 (self) vs 120 (sum children))]
|  |  16:AGGREGATE
|  |  |  output: max(sum(multiply(tpcds_partitioned_parquet_snap.store_sales_0.ss_quantity, tpcds_partitioned_parquet_snap.store_sales_0.ss_sales_price)))
|  |  |  mem-estimate=16.00KB mem-reservation=0B spill-buffer=2.00MB thread-reservation=0
|  |  |  tuple-ids=18 row-size=16B cardinality=120 cost=2100000
|  |  |  in pipelines: 16(GETNEXT), 65(OPEN)
|  |  |
|  |  65:AGGREGATE [FINALIZE]
|  |  |  output: sum:merge(multiply(tpcds_partitioned_parquet_snap.store_sales_0.ss_quantity, tpcds_partitioned_parquet_snap.store_sales_0.ss_sales_price))
|  |  |  group by: tpcds_partitioned_parquet_snap.customer_1.c_customer_sk
|  |  |  mem-estimate=34.00MB mem-reservation=34.00MB spill-buffer=2.00MB thread-reservation=0
|  |  |  tuple-ids=17 row-size=20B cardinality=30.00M cost=954774653
|  |  |  in pipelines: 65(GETNEXT), 10(OPEN)
|  |  |
|  |  64:EXCHANGE [HASH(tpcds_partitioned_parquet_snap.customer_1.c_customer_sk)]
|  |  |  mem-estimate=12.81MB mem-reservation=0B thread-reservation=0
|  |  |  tuple-ids=17 row-size=20B cardinality=3.00G cost=608646367
|  |  |  in pipelines: 10(GETNEXT)
|  |  |
|  |  F07:PLAN FRAGMENT [RANDOM] hosts=10 instances=120
|  |  Per-Host Shared Resources: mem-estimate=17.00MB mem-reservation=17.00MB thread-reservation=0 runtime-filters-memory=17.00MB
|  |  Per-Instance Resources: mem-estimate=935.28MB mem-reservation=42.00MB thread-reservation=1
|  |  max-parallelism=1479 segment-costs=[25407723074, 5403796797] cpu-comparison-result=120 [max(120 (self) vs 31 (sum children))]
|  |  15:AGGREGATE [STREAMING]
|  |  |  output: sum(multiply(CAST(tpcds_partitioned_parquet_snap.store_sales_0.ss_quantity AS DECIMAL(10,0)), tpcds_partitioned_parquet_snap.store_sales_0.ss_sales_price))
|  |  |  group by: tpcds_partitioned_parquet_snap.customer_1.c_customer_sk
|  |  |  mem-estimate=915.53MB mem-reservation=34.00MB spill-buffer=2.00MB thread-reservation=0
|  |  |  tuple-ids=17 row-size=20B cardinality=3.00G cost=9694298891
|  |  |  in pipelines: 10(GETNEXT)
|  |  |
|  |  14:HASH JOIN [INNER JOIN, BROADCAST]
|  |  |  hash-table-id=05
|  |  |  hash predicates: tpcds_partitioned_parquet_snap.store_sales_0.ss_customer_sk = tpcds_partitioned_parquet_snap.customer_1.c_customer_sk
|  |  |  fk/pk conjuncts: tpcds_partitioned_parquet_snap.store_sales_0.ss_customer_sk = tpcds_partitioned_parquet_snap.customer_1.c_customer_sk
|  |  |  mem-estimate=0B mem-reservation=0B spill-buffer=2.00MB thread-reservation=0
|  |  |  tuple-ids=11,13,15 row-size=538B cardinality=6.43G cost=2962282406
|  |  |  in pipelines: 10(GETNEXT), 13(OPEN)
|  |  |
|  |  |--F43:PLAN FRAGMENT [RANDOM] hosts=10 instances=10
|  |  |  |  Per-Instance Resources: mem-estimate=6.49GB mem-reservation=424.00MB thread-reservation=1 runtime-filters-memory=16.00MB
|  |  |  |  max-parallelism=10 segment-costs=[69869990]
|  |  |  JOIN BUILD
|  |  |  |  join-table-id=05 plan-id=06 cohort-id=04
|  |  |  |  build expressions: tpcds_partitioned_parquet_snap.customer_1.c_customer_sk
|  |  |  |  runtime filters: RF010[bloom] <- tpcds_partitioned_parquet_snap.customer_1.c_customer_sk, RF011[min_max] <- tpcds_partitioned_parquet_snap.customer_1.c_customer_sk
|  |  |  |  mem-estimate=6.46GB mem-reservation=408.00MB spill-buffer=2.00MB thread-reservation=0 cost=30000000
|  |  |  |
|  |  |  63:EXCHANGE [BROADCAST]
|  |  |  |  mem-estimate=12.04MB mem-reservation=0B thread-reservation=0
|  |  |  |  tuple-ids=15 row-size=204B cardinality=30.00M cost=39869990
|  |  |  |  in pipelines: 13(GETNEXT)
|  |  |  |
|  |  |  F09:PLAN FRAGMENT [RANDOM] hosts=10 instances=10
|  |  |  Per-Instance Resources: mem-estimate=16.81MB mem-reservation=1.00MB thread-reservation=1
|  |  |  max-parallelism=10 segment-costs=[64027278]
|  |  |  13:SCAN HDFS [tpcds_partitioned_parquet_snap.customer, RANDOM]
|  |  |     HDFS partitions=1/1 files=1 size=1.55GB
|  |  |     stored statistics:
|  |  |       table: rows=30.00M size=1.55GB
|  |  |       columns: all
|  |  |     extrapolated-rows=disabled max-scan-range-rows=3.10M
|  |  |     mem-estimate=16.00MB mem-reservation=1.00MB thread-reservation=0
|  |  |     tuple-ids=15 row-size=204B cardinality=30.00M cost=46823813
|  |  |     in pipelines: 13(GETNEXT)
|  |  |
|  |  12:HASH JOIN [INNER JOIN, BROADCAST]
|  |  |  hash-table-id=06
|  |  |  hash predicates: tpcds_partitioned_parquet_snap.store_sales_0.ss_sold_date_sk = tpcds_partitioned_parquet_snap.date_dim_0.d_date_sk
|  |  |  fk/pk conjuncts: tpcds_partitioned_parquet_snap.store_sales_0.ss_sold_date_sk = tpcds_partitioned_parquet_snap.date_dim_0.d_date_sk
|  |  |  mem-estimate=0B mem-reservation=0B spill-buffer=64.00KB thread-reservation=0
|  |  |  tuple-ids=11,13 row-size=333B cardinality=7.01G cost=3066411052
|  |  |  in pipelines: 10(GETNEXT), 11(OPEN)
|  |  |
|  |  |--F44:PLAN FRAGMENT [RANDOM] hosts=10 instances=10
|  |  |  |  Per-Instance Resources: mem-estimate=24.82MB mem-reservation=24.25MB thread-reservation=1 runtime-filters-memory=1.00MB
|  |  |  |  max-parallelism=10 segment-costs=[3439]
|  |  |  JOIN BUILD
|  |  |  |  join-table-id=06 plan-id=07 cohort-id=04
|  |  |  |  build expressions: tpcds_partitioned_parquet_snap.date_dim_0.d_date_sk
|  |  |  |  runtime filters: RF012[bloom] <- tpcds_partitioned_parquet_snap.date_dim_0.d_date_sk
|  |  |  |  mem-estimate=23.25MB mem-reservation=23.25MB spill-buffer=64.00KB thread-reservation=0 cost=1479
|  |  |  |
|  |  |  62:EXCHANGE [BROADCAST]
|  |  |  |  mem-estimate=583.66KB mem-reservation=0B thread-reservation=0
|  |  |  |  tuple-ids=13 row-size=237B cardinality=1.48K cost=1960
|  |  |  |  in pipelines: 11(GETNEXT)
|  |  |  |
|  |  |  F08:PLAN FRAGMENT [RANDOM] hosts=1 instances=1
|  |  |  Per-Instance Resources: mem-estimate=16.94MB mem-reservation=4.00MB thread-reservation=1
|  |  |  max-parallelism=1 segment-costs=[113631]
|  |  |  11:SCAN HDFS [tpcds_partitioned_parquet_snap.date_dim, RANDOM]
|  |  |     HDFS partitions=1/1 files=1 size=2.17MB
|  |  |     predicates: tpcds_partitioned_parquet_snap.date_dim_0.d_year = CAST(2000 AS INT) OR tpcds_partitioned_parquet_snap.date_dim_0.d_year = add(CAST(2000 AS INT), CAST(1 AS INT)) OR tpcds_partitioned_parquet_snap.date_dim_0.d_year = add(CAST(2000 AS INT), CAST(2 AS INT)) OR tpcds_partitioned_parquet_snap.date_dim_0.d_year = add(CAST(2000 AS INT), CAST(3 AS INT))
|  |  |     stored statistics:
|  |  |       table: rows=73.05K size=2.17MB
|  |  |       columns: all
|  |  |     extrapolated-rows=disabled max-scan-range-rows=73.05K
|  |  |     parquet dictionary predicates: tpcds_partitioned_parquet_snap.date_dim_0.d_year = CAST(2000 AS INT) OR tpcds_partitioned_parquet_snap.date_dim_0.d_year = add(CAST(2000 AS INT), CAST(1 AS INT)) OR tpcds_partitioned_parquet_snap.date_dim_0.d_year = add(CAST(2000 AS INT), CAST(2 AS INT)) OR tpcds_partitioned_parquet_snap.date_dim_0.d_year = add(CAST(2000 AS INT), CAST(3 AS INT))
|  |  |     mem-estimate=16.00MB mem-reservation=4.00MB thread-reservation=0
|  |  |     tuple-ids=13 row-size=237B cardinality=1.48K cost=112653
|  |  |     in pipelines: 11(GETNEXT)
|  |  |
|  |  10:SCAN HDFS [tpcds_partitioned_parquet_snap.store_sales, RANDOM]
|  |     HDFS partitions=1824/1824 files=1824 size=389.90GB
|  |     runtime filters: RF011[min_max] -> tpcds_partitioned_parquet_snap.store_sales_0.ss_customer_sk, RF012[bloom] -> tpcds_partitioned_parquet_snap.store_sales_0.ss_sold_date_sk, RF010[bloom] -> tpcds_partitioned_parquet_snap.store_sales_0.ss_customer_sk
|  |     stored statistics:
|  |       table: rows=8.64G size=389.90GB
|  |       partitions: 1824/1824 rows=8.64G
|  |       columns: all
|  |     extrapolated-rows=disabled max-scan-range-rows=390.22M est-scan-range=1479(filtered from 1824)
|  |     mem-estimate=16.00MB mem-reservation=8.00MB thread-reservation=0
|  |     tuple-ids=11 row-size=96B cardinality=7.01G(filtered from 8.64G) cost=9684730725
|  |     in pipelines: 10(GETNEXT)
|  |
|  61:AGGREGATE [FINALIZE]
|  |  output: sum:merge(multiply(tpcds_partitioned_parquet_snap.store_sales.ss_quantity, tpcds_partitioned_parquet_snap.store_sales.ss_sales_price))
|  |  group by: tpcds_partitioned_parquet_snap.customer_0.c_customer_sk
|  |  mem-estimate=915.53MB mem-reservation=34.00MB spill-buffer=2.00MB thread-reservation=0
|  |  tuple-ids=10 row-size=20B cardinality=30.00M cost=1014903515
|  |  in pipelines: 61(GETNEXT), 06(OPEN)
|  |
|  60:EXCHANGE [HASH(tpcds_partitioned_parquet_snap.customer_0.c_customer_sk)]
|  |  mem-estimate=12.81MB mem-reservation=0B thread-reservation=0
|  |  tuple-ids=10 row-size=20B cardinality=3.20G cost=650397382
|  |  in pipelines: 06(GETNEXT)
|  |
|  F04:PLAN FRAGMENT [RANDOM] hosts=10 instances=120
|  Per-Host Shared Resources: mem-estimate=16.00MB mem-reservation=16.00MB thread-reservation=0 runtime-filters-memory=16.00MB
|  Per-Instance Resources: mem-estimate=935.28MB mem-reservation=42.00MB thread-reservation=1
|  max-parallelism=1824 segment-costs=[26084395066, 5774478385] cpu-comparison-result=120 [max(120 (self) vs 20 (sum children))]
|  09:AGGREGATE [STREAMING]
|  |  output: sum(multiply(CAST(tpcds_partitioned_parquet_snap.store_sales.ss_quantity AS DECIMAL(10,0)), tpcds_partitioned_parquet_snap.store_sales.ss_sales_price))
|  |  group by: tpcds_partitioned_parquet_snap.customer_0.c_customer_sk
|  |  mem-estimate=915.53MB mem-reservation=34.00MB spill-buffer=2.00MB thread-reservation=0
|  |  tuple-ids=10 row-size=20B cardinality=3.20G cost=10669051480
|  |  in pipelines: 06(GETNEXT)
|  |
|  08:HASH JOIN [INNER JOIN, BROADCAST]
|  |  hash-table-id=07
|  |  hash predicates: tpcds_partitioned_parquet_snap.store_sales.ss_customer_sk = tpcds_partitioned_parquet_snap.customer_0.c_customer_sk
|  |  fk/pk conjuncts: tpcds_partitioned_parquet_snap.store_sales.ss_customer_sk = tpcds_partitioned_parquet_snap.customer_0.c_customer_sk
|  |  mem-estimate=0B mem-reservation=0B spill-buffer=2.00MB thread-reservation=0
|  |  tuple-ids=6,8 row-size=300B cardinality=7.93G cost=3471497176
|  |  in pipelines: 06(GETNEXT), 07(OPEN)
|  |
|  |--F45:PLAN FRAGMENT [RANDOM] hosts=10 instances=10
|  |  |  Per-Instance Resources: mem-estimate=6.49GB mem-reservation=424.00MB thread-reservation=1 runtime-filters-memory=16.00MB
|  |  |  max-parallelism=10 segment-costs=[69869990]
|  |  JOIN BUILD
|  |  |  join-table-id=07 plan-id=08 cohort-id=03
|  |  |  build expressions: tpcds_partitioned_parquet_snap.customer_0.c_customer_sk
|  |  |  runtime filters: RF008[bloom] <- tpcds_partitioned_parquet_snap.customer_0.c_customer_sk, RF009[min_max] <- tpcds_partitioned_parquet_snap.customer_0.c_customer_sk
|  |  |  mem-estimate=6.46GB mem-reservation=408.00MB spill-buffer=2.00MB thread-reservation=0 cost=30000000
|  |  |
|  |  59:EXCHANGE [BROADCAST]
|  |  |  mem-estimate=12.04MB mem-reservation=0B thread-reservation=0
|  |  |  tuple-ids=8 row-size=204B cardinality=30.00M cost=39869990
|  |  |  in pipelines: 07(GETNEXT)
|  |  |
|  |  F05:PLAN FRAGMENT [RANDOM] hosts=10 instances=10
|  |  Per-Instance Resources: mem-estimate=16.81MB mem-reservation=1.00MB thread-reservation=1
|  |  max-parallelism=10 segment-costs=[64027278]
|  |  07:SCAN HDFS [tpcds_partitioned_parquet_snap.customer, RANDOM]
|  |     HDFS partitions=1/1 files=1 size=1.55GB
|  |     stored statistics:
|  |       table: rows=30.00M size=1.55GB
|  |       columns: all
|  |     extrapolated-rows=disabled max-scan-range-rows=3.10M
|  |     mem-estimate=16.00MB mem-reservation=1.00MB thread-reservation=0
|  |     tuple-ids=8 row-size=204B cardinality=30.00M cost=46823813
|  |     in pipelines: 07(GETNEXT)
|  |
|  06:SCAN HDFS [tpcds_partitioned_parquet_snap.store_sales, RANDOM]
|     HDFS partitions=1824/1824 files=1824 size=389.90GB
|     runtime filters: RF009[min_max] -> tpcds_partitioned_parquet_snap.store_sales.ss_customer_sk, RF008[bloom] -> tpcds_partitioned_parquet_snap.store_sales.ss_customer_sk
|     stored statistics:
|       table: rows=8.64G size=389.90GB
|       partitions: 1824/1824 rows=8.64G
|       columns: all
|     extrapolated-rows=disabled max-scan-range-rows=390.22M
|     mem-estimate=16.00MB mem-reservation=8.00MB thread-reservation=0
|     tuple-ids=6 row-size=96B cardinality=7.93G(filtered from 8.64G) cost=11943846410
|     in pipelines: 06(GETNEXT)
|
05:HASH JOIN [INNER JOIN, PARTITIONED]
|  hash-table-id=08
|  hash predicates: tpcds_partitioned_parquet_snap.catalog_sales.cs_bill_customer_sk = tpcds_partitioned_parquet_snap.customer.c_customer_sk
|  fk/pk conjuncts: tpcds_partitioned_parquet_snap.catalog_sales.cs_bill_customer_sk = tpcds_partitioned_parquet_snap.customer.c_customer_sk
|  mem-estimate=0B mem-reservation=0B spill-buffer=2.00MB thread-reservation=0
|  tuple-ids=0,2,4 row-size=582B cardinality=233.91M cost=107745621
|  in pipelines: 01(GETNEXT), 04(OPEN)
|
|--F46:PLAN FRAGMENT [HASH(tpcds_partitioned_parquet_snap.catalog_sales.cs_bill_customer_sk)] hosts=10 instances=40 (adjusted from 120)
|  |  Per-Instance Resources: mem-estimate=177.43MB mem-reservation=34.00MB thread-reservation=1
|  |  max-parallelism=210 segment-costs=[61538607]
|  JOIN BUILD
|  |  join-table-id=08 plan-id=09 cohort-id=01
|  |  build expressions: tpcds_partitioned_parquet_snap.customer.c_customer_sk
|  |  runtime filters: RF005[min_max] <- tpcds_partitioned_parquet_snap.customer.c_customer_sk
|  |  mem-estimate=165.39MB mem-reservation=34.00MB spill-buffer=2.00MB thread-reservation=0 cost=30000000
|  |
|  58:EXCHANGE [HASH(tpcds_partitioned_parquet_snap.customer.c_customer_sk)]
|  |  mem-estimate=12.04MB mem-reservation=0B thread-reservation=0
|  |  tuple-ids=4 row-size=204B cardinality=30.00M cost=31538607
|  |  in pipelines: 04(GETNEXT)
|  |
|  F02:PLAN FRAGMENT [RANDOM] hosts=10 instances=10
|  Per-Instance Resources: mem-estimate=48.56MB mem-reservation=1.00MB thread-reservation=1
|  max-parallelism=10 segment-costs=[457158314]
|  04:SCAN HDFS [tpcds_partitioned_parquet_snap.customer, RANDOM]
|     HDFS partitions=1/1 files=1 size=1.55GB
|     runtime filters: RF003[min_max] -> tpcds_partitioned_parquet_snap.customer.c_customer_sk
|     stored statistics:
|       table: rows=30.00M size=1.55GB
|       columns: all
|     extrapolated-rows=disabled max-scan-range-rows=3.10M
|     mem-estimate=16.00MB mem-reservation=1.00MB thread-reservation=0
|     tuple-ids=4 row-size=204B cardinality=30.00M cost=46823813
|     in pipelines: 04(GETNEXT)
|
57:EXCHANGE [HASH(tpcds_partitioned_parquet_snap.catalog_sales.cs_bill_customer_sk)]
|  mem-estimate=51.00MB mem-reservation=0B thread-reservation=0
|  tuple-ids=0,2 row-size=377B cardinality=254.82M cost=479756974
|  in pipelines: 01(GETNEXT)
|
F00:PLAN FRAGMENT [RANDOM] hosts=10 instances=109 (adjusted from 120)
Per-Host Shared Resources: mem-estimate=1.00MB mem-reservation=1.00MB thread-reservation=0 runtime-filters-memory=1.00MB
Per-Instance Resources: mem-estimate=76.18MB mem-reservation=1.00MB thread-reservation=1
max-parallelism=109 segment-costs=[7076780304]
03:HASH JOIN [INNER JOIN, BROADCAST]
|  hash-table-id=09
|  hash predicates: tpcds_partitioned_parquet_snap.catalog_sales.cs_sold_date_sk = tpcds_partitioned_parquet_snap.date_dim.d_date_sk
|  fk/pk conjuncts: tpcds_partitioned_parquet_snap.catalog_sales.cs_sold_date_sk = tpcds_partitioned_parquet_snap.date_dim.d_date_sk
|  mem-estimate=0B mem-reservation=0B spill-buffer=64.00KB thread-reservation=0
|  tuple-ids=0,2 row-size=377B cardinality=254.82M cost=111533041
|  in pipelines: 01(GETNEXT), 02(OPEN)
|
|--F47:PLAN FRAGMENT [RANDOM] hosts=10 instances=10
|  |  Per-Instance Resources: mem-estimate=22.36MB mem-reservation=22.31MB thread-reservation=1 runtime-filters-memory=1.00MB
|  |  max-parallelism=10 segment-costs=[248]
|  JOIN BUILD
|  |  join-table-id=09 plan-id=10 cohort-id=01
|  |  build expressions: tpcds_partitioned_parquet_snap.date_dim.d_date_sk
|  |  runtime filters: RF006[bloom] <- tpcds_partitioned_parquet_snap.date_dim.d_date_sk
|  |  mem-estimate=21.31MB mem-reservation=21.31MB spill-buffer=64.00KB thread-reservation=0 cost=108
|  |
|  56:EXCHANGE [BROADCAST]
|  |  mem-estimate=50.45KB mem-reservation=0B thread-reservation=0
|  |  tuple-ids=2 row-size=237B cardinality=108 cost=140
|  |  in pipelines: 02(GETNEXT)
|  |
|  F01:PLAN FRAGMENT [RANDOM] hosts=1 instances=1
|  Per-Instance Resources: mem-estimate=16.94MB mem-reservation=4.00MB thread-reservation=1
|  max-parallelism=1 segment-costs=[114776]
|  02:SCAN HDFS [tpcds_partitioned_parquet_snap.date_dim, RANDOM]
|     HDFS partitions=1/1 files=1 size=2.17MB
|     predicates: tpcds_partitioned_parquet_snap.date_dim.d_year = CAST(2000 AS INT), tpcds_partitioned_parquet_snap.date_dim.d_moy = CAST(5 AS INT)
|     stored statistics:
|       table: rows=73.05K size=2.17MB
|       columns: all
|     extrapolated-rows=disabled max-scan-range-rows=73.05K
|     parquet statistics predicates: tpcds_partitioned_parquet_snap.date_dim.d_year = CAST(2000 AS INT), tpcds_partitioned_parquet_snap.date_dim.d_moy = CAST(5 AS INT)
|     parquet dictionary predicates: tpcds_partitioned_parquet_snap.date_dim.d_year = CAST(2000 AS INT), tpcds_partitioned_parquet_snap.date_dim.d_moy = CAST(5 AS INT)
|     mem-estimate=16.00MB mem-reservation=4.00MB thread-reservation=0
|     tuple-ids=2 row-size=237B cardinality=108 cost=114705
|     in pipelines: 02(GETNEXT)
|
01:SCAN HDFS [tpcds_partitioned_parquet_snap.catalog_sales, RANDOM]
   HDFS partitions=1831/1831 files=1831 size=280.96GB
   runtime filters: RF003[min_max] -> tpcds_partitioned_parquet_snap.catalog_sales.cs_bill_customer_sk, RF005[min_max] -> tpcds_partitioned_parquet_snap.catalog_sales.cs_bill_customer_sk, RF001[min_max] -> tpcds_partitioned_parquet_snap.catalog_sales.cs_item_sk, RF006[bloom] -> tpcds_partitioned_parquet_snap.catalog_sales.cs_sold_date_sk
   stored statistics:
     table: rows=4.32G size=280.96GB
     partitions: 1831/1831 rows=4.32G
     columns: all
   extrapolated-rows=disabled max-scan-range-rows=21.52M est-scan-range=109(filtered from 1831)
   mem-estimate=16.00MB mem-reservation=1.00MB thread-reservation=0
   tuple-ids=0 row-size=140B cardinality=254.82M(filtered from 4.32G) cost=513709414
   in pipelines: 01(GETNEXT)
---- PARALLELPLANS
Max Per-Host Resource Reservation: Memory=8.10GB Threads=189
Per-Host Resource Estimates: Memory=127.49GB
F37:PLAN FRAGMENT [UNPARTITIONED] hosts=1 instances=1
|  Per-Instance Resources: mem-estimate=4.17MB mem-reservation=4.00MB thread-reservation=1
|  max-parallelism=1 segment-costs=[333] cpu-comparison-result=842 [max(1 (self) vs 842 (sum children))]
PLAN-ROOT SINK
|  output exprs: C_LAST_NAME, C_FIRST_NAME, SALES
|  mem-estimate=4.00MB mem-reservation=4.00MB spill-buffer=2.00MB thread-reservation=0 cost=300
|
100:MERGING-EXCHANGE [UNPARTITIONED]
|  order by: C_LAST_NAME ASC NULLS LAST, C_FIRST_NAME ASC NULLS LAST, SALES ASC NULLS LAST
|  limit: 100
|  mem-estimate=172.27KB mem-reservation=0B thread-reservation=0
|  tuple-ids=57 row-size=40B cardinality=100 cost=33
|  in pipelines: 55(GETNEXT)
|
F36:PLAN FRAGMENT [RANDOM] hosts=10 instances=40 (adjusted from 120)
Per-Instance Resources: mem-estimate=328.08MB mem-reservation=34.00MB thread-reservation=1
max-parallelism=40 segment-costs=[470461931, 296647992, 721685539, 136] cpu-comparison-result=842 [max(40 (self) vs 842 (sum children))]
55:TOP-N [LIMIT=100]
|  order by: C_LAST_NAME ASC NULLS LAST, C_FIRST_NAME ASC NULLS LAST, SALES ASC NULLS LAST
|  mem-estimate=3.91KB mem-reservation=0B thread-reservation=0
|  tuple-ids=57 row-size=40B cardinality=100 cost=721685539
|  in pipelines: 55(GETNEXT), 77(OPEN), 99(OPEN)
|
00:UNION
|  pass-through-operands: all
|  mem-estimate=0B mem-reservation=0B thread-reservation=0
|  tuple-ids=56 row-size=40B cardinality=50.05M cost=0
|  in pipelines: 77(GETNEXT), 99(GETNEXT)
|
|--99:AGGREGATE [FINALIZE]
|  |  output: sum:merge(multiply(tpcds_partitioned_parquet_snap.web_sales.ws_quantity, tpcds_partitioned_parquet_snap.web_sales.ws_list_price))
|  |  group by: tpcds_partitioned_parquet_snap.customer_2.c_last_name, tpcds_partitioned_parquet_snap.customer_2.c_first_name
|  |  mem-estimate=162.16MB mem-reservation=34.00MB spill-buffer=2.00MB thread-reservation=0
|  |  tuple-ids=55 row-size=52B cardinality=25.02M cost=259418593
|  |  in pipelines: 99(GETNEXT), 28(OPEN)
|  |
|  98:EXCHANGE [HASH(tpcds_partitioned_parquet_snap.customer_2.c_last_name,tpcds_partitioned_parquet_snap.customer_2.c_first_name)]
|  |  mem-estimate=12.19MB mem-reservation=0B thread-reservation=0
|  |  tuple-ids=55 row-size=52B cardinality=106.32M cost=37229399
|  |  in pipelines: 28(GETNEXT)
|  |
|  F21:PLAN FRAGMENT [HASH(tpcds_partitioned_parquet_snap.web_sales.ws_bill_customer_sk)] hosts=10 instances=40 (adjusted from 120)
|  Per-Instance Resources: mem-estimate=183.56MB mem-reservation=34.00MB thread-reservation=1
|  max-parallelism=110 segment-costs=[1022368267, 410613282] cpu-comparison-result=421 [max(149 (self) vs 421 (sum children))]
|  54:AGGREGATE [STREAMING]
|  |  output: sum(multiply(CAST(tpcds_partitioned_parquet_snap.web_sales.ws_quantity AS DECIMAL(10,0)), tpcds_partitioned_parquet_snap.web_sales.ws_list_price))
|  |  group by: tpcds_partitioned_parquet_snap.customer_2.c_last_name, tpcds_partitioned_parquet_snap.customer_2.c_first_name
|  |  mem-estimate=123.82MB mem-reservation=34.00MB spill-buffer=2.00MB thread-reservation=0
|  |  tuple-ids=55 row-size=52B cardinality=106.32M cost=630237650
|  |  in pipelines: 28(GETNEXT)
|  |
|  53:HASH JOIN [INNER JOIN, BROADCAST]
|  |  hash-table-id=10
|  |  hash predicates: tpcds_partitioned_parquet_snap.web_sales.ws_item_sk = tpcds_partitioned_parquet_snap.item_0.i_item_sk
|  |  fk/pk conjuncts: tpcds_partitioned_parquet_snap.web_sales.ws_item_sk = tpcds_partitioned_parquet_snap.item_0.i_item_sk
|  |  mem-estimate=0B mem-reservation=0B spill-buffer=1.00MB thread-reservation=0
|  |  tuple-ids=28,30,32,38,46,54 row-size=622B cardinality=108.25M cost=47395777
|  |  in pipelines: 28(GETNEXT), 96(OPEN)
|  |
|  |--F48:PLAN FRAGMENT [HASH(tpcds_partitioned_parquet_snap.web_sales.ws_bill_customer_sk)] hosts=10 instances=10
|  |  |  Per-Instance Resources: mem-estimate=69.45MB mem-reservation=68.00MB thread-reservation=1
|  |  |  max-parallelism=10 segment-costs=[838440] cpu-comparison-result=120 [max(10 (self) vs 120 (sum children))]
|  |  JOIN BUILD
|  |  |  join-table-id=10 plan-id=11 cohort-id=05
|  |  |  build expressions: tpcds_partitioned_parquet_snap.item_0.i_item_sk
|  |  |  runtime filters: RF019[min_max] <- tpcds_partitioned_parquet_snap.item_0.i_item_sk
|  |  |  mem-estimate=68.00MB mem-reservation=68.00MB spill-buffer=1.00MB thread-reservation=0 cost=360000
|  |  |
|  |  97:EXCHANGE [BROADCAST]
|  |  |  mem-estimate=1.45MB mem-reservation=0B thread-reservation=0
|  |  |  tuple-ids=54 row-size=4B cardinality=360.00K cost=478440
|  |  |  in pipelines: 96(GETNEXT)
|  |  |
|  |  F34:PLAN FRAGMENT [HASH(tpcds_partitioned_parquet_snap.item_0.i_item_sk)] hosts=10 instances=10 (adjusted from 120)
|  |  Per-Instance Resources: mem-estimate=20.94MB mem-reservation=1.94MB thread-reservation=1
|  |  max-parallelism=10 segment-costs=[19168992, 11664] cpu-comparison-result=120 [max(10 (self) vs 120 (sum children))]
|  |  96:AGGREGATE [FINALIZE]
|  |  |  group by: tpcds_partitioned_parquet_snap.item_0.i_item_sk
|  |  |  mem-estimate=10.00MB mem-reservation=1.94MB spill-buffer=64.00KB thread-reservation=0
|  |  |  tuple-ids=54 row-size=4B cardinality=360.00K cost=13574592
|  |  |  in pipelines: 96(GETNEXT), 94(OPEN)
|  |  |
|  |  95:EXCHANGE [HASH(tpcds_partitioned_parquet_snap.item_0.i_item_sk)]
|  |  |  mem-estimate=10.94MB mem-reservation=0B thread-reservation=0
|  |  |  tuple-ids=54 row-size=4B cardinality=43.20M cost=5594400
|  |  |  in pipelines: 94(GETNEXT)
|  |  |
|  |  F33:PLAN FRAGMENT [HASH(substr(tpcds_partitioned_parquet_snap.item_0.i_item_desc, 1, 30),tpcds_partitioned_parquet_snap.item_0.i_item_sk,tpcds_partitioned_parquet_snap.date_dim_4.d_date)] hosts=10 instances=120
|  |  Per-Instance Resources: mem-estimate=964.24MB mem-reservation=36.00MB thread-reservation=1
|  |  max-parallelism=4310 segment-costs=[43011233450, 317446437, 33384960] cpu-comparison-result=120 [max(120 (self) vs 120 (sum children))]
|  |  52:AGGREGATE [STREAMING]
|  |  |  group by: tpcds_partitioned_parquet_snap.item_0.i_item_sk
|  |  |  mem-estimate=10.00MB mem-reservation=2.00MB spill-buffer=64.00KB thread-reservation=0
|  |  |  tuple-ids=54 row-size=4B cardinality=43.20M cost=317446437
|  |  |  in pipelines: 94(GETNEXT)
|  |  |
|  |  94:AGGREGATE [FINALIZE]
|  |  |  output: count:merge()
|  |  |  group by: substr(tpcds_partitioned_parquet_snap.item_0.i_item_desc, 1, 30), tpcds_partitioned_parquet_snap.item_0.i_item_sk, tpcds_partitioned_parquet_snap.date_dim_4.d_date
|  |  |  having: count() > CAST(4 AS BIGINT)
|  |  |  mem-estimate=940.49MB mem-reservation=34.00MB spill-buffer=2.00MB thread-reservation=0
|  |  |  tuple-ids=53 row-size=28B cardinality=700.22M cost=41331397080
|  |  |  in pipelines: 94(GETNEXT), 46(OPEN)
|  |  |
|  |  93:EXCHANGE [HASH(substr(tpcds_partitioned_parquet_snap.item_0.i_item_desc, 1, 30),tpcds_partitioned_parquet_snap.item_0.i_item_sk,tpcds_partitioned_parquet_snap.date_dim_4.d_date)]
|  |  |  mem-estimate=13.75MB mem-reservation=0B thread-reservation=0
|  |  |  tuple-ids=53 row-size=28B cardinality=7.00G cost=1679836370
|  |  |  in pipelines: 46(GETNEXT)
|  |  |
|  |  F30:PLAN FRAGMENT [RANDOM] hosts=10 instances=120
|  |  Per-Host Shared Resources: mem-estimate=1.00MB mem-reservation=1.00MB thread-reservation=0 runtime-filters-memory=1.00MB
|  |  Per-Instance Resources: mem-estimate=832.37MB mem-reservation=42.00MB thread-reservation=1
|  |  max-parallelism=1479 segment-costs=[57148315506, 16233983497] cpu-comparison-result=120 [max(120 (self) vs 25 (sum children))]
|  |  51:AGGREGATE [STREAMING]
|  |  |  output: count()
|  |  |  group by: substr(tpcds_partitioned_parquet_snap.item_0.i_item_desc, CAST(1 AS BIGINT), CAST(30 AS BIGINT)), tpcds_partitioned_parquet_snap.item_0.i_item_sk, tpcds_partitioned_parquet_snap.date_dim_4.d_date
|  |  |  mem-estimate=801.37MB mem-reservation=34.00MB spill-buffer=2.00MB thread-reservation=0
|  |  |  tuple-ids=53 row-size=28B cardinality=7.00G cost=41331397080
|  |  |  in pipelines: 46(GETNEXT)
|  |  |
|  |  50:HASH JOIN [INNER JOIN, BROADCAST]
|  |  |  hash-table-id=11
|  |  |  hash predicates: tpcds_partitioned_parquet_snap.store_sales_4.ss_item_sk = tpcds_partitioned_parquet_snap.item_0.i_item_sk
|  |  |  fk/pk conjuncts: tpcds_partitioned_parquet_snap.store_sales_4.ss_item_sk = tpcds_partitioned_parquet_snap.item_0.i_item_sk
|  |  |  mem-estimate=0B mem-reservation=0B spill-buffer=2.00MB thread-reservation=0
|  |  |  tuple-ids=47,49,51 row-size=739B cardinality=7.00G cost=3065776649
|  |  |  in pipelines: 46(GETNEXT), 49(OPEN)
|  |  |
|  |  |--F49:PLAN FRAGMENT [RANDOM] hosts=10 instances=10
|  |  |  |  Per-Instance Resources: mem-estimate=419.60MB mem-reservation=408.00MB thread-reservation=1
|  |  |  |  max-parallelism=10 segment-costs=[838440]
|  |  |  JOIN BUILD
|  |  |  |  join-table-id=11 plan-id=12 cohort-id=06
|  |  |  |  build expressions: tpcds_partitioned_parquet_snap.item_0.i_item_sk
|  |  |  |  runtime filters: RF033[min_max] <- tpcds_partitioned_parquet_snap.item_0.i_item_sk
|  |  |  |  mem-estimate=408.00MB mem-reservation=408.00MB spill-buffer=2.00MB thread-reservation=0 cost=360000
|  |  |  |
|  |  |  92:EXCHANGE [BROADCAST]
|  |  |  |  mem-estimate=11.60MB mem-reservation=0B thread-reservation=0
|  |  |  |  tuple-ids=51 row-size=405B cardinality=360.00K cost=478440
|  |  |  |  in pipelines: 49(GETNEXT)
|  |  |  |
|  |  |  F32:PLAN FRAGMENT [RANDOM] hosts=4 instances=4
|  |  |  Per-Instance Resources: mem-estimate=17.60MB mem-reservation=512.00KB thread-reservation=1
|  |  |  max-parallelism=4 segment-costs=[1757529]
|  |  |  49:SCAN HDFS [tpcds_partitioned_parquet_snap.item, RANDOM]
|  |  |     HDFS partitions=1/1 files=1 size=33.54MB
|  |  |     stored statistics:
|  |  |       table: rows=360.00K size=33.54MB
|  |  |       columns: all
|  |  |     extrapolated-rows=disabled max-scan-range-rows=101.54K
|  |  |     mem-estimate=16.00MB mem-reservation=512.00KB thread-reservation=0
|  |  |     tuple-ids=51 row-size=405B cardinality=360.00K cost=1355609
|  |  |     in pipelines: 49(GETNEXT)
|  |  |
|  |  48:HASH JOIN [INNER JOIN, BROADCAST]
|  |  |  hash-table-id=12
|  |  |  hash predicates: tpcds_partitioned_parquet_snap.store_sales_4.ss_sold_date_sk = tpcds_partitioned_parquet_snap.date_dim_4.d_date_sk
|  |  |  fk/pk conjuncts: tpcds_partitioned_parquet_snap.store_sales_4.ss_sold_date_sk = tpcds_partitioned_parquet_snap.date_dim_4.d_date_sk
|  |  |  mem-estimate=0B mem-reservation=0B spill-buffer=64.00KB thread-reservation=0
|  |  |  tuple-ids=47,49 row-size=333B cardinality=7.01G cost=3066411052
|  |  |  in pipelines: 46(GETNEXT), 47(OPEN)
|  |  |
|  |  |--F50:PLAN FRAGMENT [RANDOM] hosts=10 instances=10
|  |  |  |  Per-Instance Resources: mem-estimate=24.82MB mem-reservation=24.25MB thread-reservation=1 runtime-filters-memory=1.00MB
|  |  |  |  max-parallelism=10 segment-costs=[3439]
|  |  |  JOIN BUILD
|  |  |  |  join-table-id=12 plan-id=13 cohort-id=06
|  |  |  |  build expressions: tpcds_partitioned_parquet_snap.date_dim_4.d_date_sk
|  |  |  |  runtime filters: RF034[bloom] <- tpcds_partitioned_parquet_snap.date_dim_4.d_date_sk
|  |  |  |  mem-estimate=23.25MB mem-reservation=23.25MB spill-buffer=64.00KB thread-reservation=0 cost=1479
|  |  |  |
|  |  |  91:EXCHANGE [BROADCAST]
|  |  |  |  mem-estimate=583.66KB mem-reservation=0B thread-reservation=0
|  |  |  |  tuple-ids=49 row-size=237B cardinality=1.48K cost=1960
|  |  |  |  in pipelines: 47(GETNEXT)
|  |  |  |
|  |  |  F31:PLAN FRAGMENT [RANDOM] hosts=1 instances=1
|  |  |  Per-Instance Resources: mem-estimate=16.94MB mem-reservation=4.00MB thread-reservation=1
|  |  |  max-parallelism=1 segment-costs=[113631]
|  |  |  47:SCAN HDFS [tpcds_partitioned_parquet_snap.date_dim, RANDOM]
|  |  |     HDFS partitions=1/1 files=1 size=2.17MB
|  |  |     predicates: tpcds_partitioned_parquet_snap.date_dim_4.d_year = CAST(2000 AS INT) OR tpcds_partitioned_parquet_snap.date_dim_4.d_year = add(CAST(2000 AS INT), CAST(1 AS INT)) OR tpcds_partitioned_parquet_snap.date_dim_4.d_year = add(CAST(2000 AS INT), CAST(2 AS INT)) OR tpcds_partitioned_parquet_snap.date_dim_4.d_year = add(CAST(2000 AS INT), CAST(3 AS INT))
|  |  |     stored statistics:
|  |  |       table: rows=73.05K size=2.17MB
|  |  |       columns: all
|  |  |     extrapolated-rows=disabled max-scan-range-rows=73.05K
|  |  |     parquet dictionary predicates: tpcds_partitioned_parquet_snap.date_dim_4.d_year = CAST(2000 AS INT) OR tpcds_partitioned_parquet_snap.date_dim_4.d_year = add(CAST(2000 AS INT), CAST(1 AS INT)) OR tpcds_partitioned_parquet_snap.date_dim_4.d_year = add(CAST(2000 AS INT), CAST(2 AS INT)) OR tpcds_partitioned_parquet_snap.date_dim_4.d_year = add(CAST(2000 AS INT), CAST(3 AS INT))
|  |  |     mem-estimate=16.00MB mem-reservation=4.00MB thread-reservation=0
|  |  |     tuple-ids=49 row-size=237B cardinality=1.48K cost=112653
|  |  |     in pipelines: 47(GETNEXT)
|  |  |
|  |  46:SCAN HDFS [tpcds_partitioned_parquet_snap.store_sales, RANDOM]
|  |     HDFS partitions=1824/1824 files=1824 size=389.90GB
|  |     runtime filters: RF033[min_max] -> tpcds_partitioned_parquet_snap.store_sales_4.ss_item_sk, RF034[bloom] -> tpcds_partitioned_parquet_snap.store_sales_4.ss_sold_date_sk
|  |     stored statistics:
|  |       table: rows=8.64G size=389.90GB
|  |       partitions: 1824/1824 rows=8.64G
|  |       columns: all
|  |     extrapolated-rows=disabled max-scan-range-rows=390.22M est-scan-range=1479(filtered from 1824)
|  |     mem-estimate=16.00MB mem-reservation=8.00MB thread-reservation=0
|  |     tuple-ids=47 row-size=96B cardinality=7.01G(filtered from 8.64G) cost=9684730725
|  |     in pipelines: 46(GETNEXT)
|  |
|  45:HASH JOIN [INNER JOIN, PARTITIONED]
|  |  hash-table-id=13
|  |  hash predicates: tpcds_partitioned_parquet_snap.web_sales.ws_bill_customer_sk = tpcds_partitioned_parquet_snap.customer_3.c_customer_sk
|  |  fk/pk conjuncts: tpcds_partitioned_parquet_snap.web_sales.ws_bill_customer_sk = tpcds_partitioned_parquet_snap.customer_3.c_customer_sk
|  |  mem-estimate=0B mem-reservation=0B spill-buffer=2.00MB thread-reservation=0
|  |  tuple-ids=28,30,32,38,46 row-size=618B cardinality=108.31M cost=49813249
|  |  in pipelines: 28(GETNEXT), 83(OPEN)
|  |
|  |--F51:PLAN FRAGMENT [HASH(tpcds_partitioned_parquet_snap.web_sales.ws_bill_customer_sk)] hosts=10 instances=40 (adjusted from 120)
|  |  |  Per-Instance Resources: mem-estimate=960.48MB mem-reservation=68.00MB thread-reservation=1
|  |  |  max-parallelism=110 segment-costs=[1665300897, 36147000] cpu-comparison-result=240 [max(40 (self) vs 240 (sum children))]
|  |  JOIN BUILD
|  |  |  join-table-id=13 plan-id=14 cohort-id=05
|  |  |  build expressions: tpcds_partitioned_parquet_snap.customer_3.c_customer_sk
|  |  |  runtime filters: RF021[min_max] <- tpcds_partitioned_parquet_snap.customer_3.c_customer_sk
|  |  |  mem-estimate=44.95MB mem-reservation=34.00MB spill-buffer=2.00MB thread-reservation=0 cost=30000000
|  |  |
|  |  44:NESTED LOOP JOIN [INNER JOIN, BROADCAST]
|  |  |  join table id: 14
|  |  |  join predicates: sum(multiply(tpcds_partitioned_parquet_snap.store_sales_2.ss_quantity, tpcds_partitioned_parquet_snap.store_sales_2.ss_sales_price)) > multiply(divide(CAST(95 AS DECIMAL(3,0)), CAST(100.0 AS DECIMAL(4,1))), max(sum(multiply(tpcds_partitioned_parquet_snap.store_sales_3.ss_quantity, tpcds_partitioned_parquet_snap.store_sales_3.ss_sales_price))))
|  |  |  mem-estimate=0B mem-reservation=0B thread-reservation=0
|  |  |  tuple-ids=38,46 row-size=36B cardinality=30.00M cost=6147000
|  |  |  in pipelines: 83(GETNEXT), 89(OPEN)
|  |  |
|  |  |--F52:PLAN FRAGMENT [HASH(tpcds_partitioned_parquet_snap.web_sales.ws_bill_customer_sk)] hosts=10 instances=10
|  |  |  |  Per-Instance Resources: mem-estimate=16.02KB mem-reservation=0B thread-reservation=1
|  |  |  |  max-parallelism=10 segment-costs=[0] cpu-comparison-result=120 [max(10 (self) vs 120 (sum children))]
|  |  |  JOIN BUILD
|  |  |  |  join-table-id=14 plan-id=15 cohort-id=07
|  |  |  |  mem-estimate=16B mem-reservation=0B thread-reservation=0 cost=0
|  |  |  |
|  |  |  90:EXCHANGE [BROADCAST]
|  |  |  |  mem-estimate=16.00KB mem-reservation=0B thread-reservation=0
|  |  |  |  tuple-ids=46 row-size=16B cardinality=1 cost=0
|  |  |  |  in pipelines: 89(GETNEXT)
|  |  |  |
|  |  |  F29:PLAN FRAGMENT [UNPARTITIONED] hosts=1 instances=1
|  |  |  Per-Instance Resources: mem-estimate=109.94KB mem-reservation=0B thread-reservation=1
|  |  |  max-parallelism=1 segment-costs=[30, 0] cpu-comparison-result=120 [max(1 (self) vs 120 (sum children))]
|  |  |  89:AGGREGATE [FINALIZE]
|  |  |  |  output: max:merge(sum(multiply(tpcds_partitioned_parquet_snap.store_sales_3.ss_quantity, tpcds_partitioned_parquet_snap.store_sales_3.ss_sales_price)))
|  |  |  |  mem-estimate=16.00KB mem-reservation=0B spill-buffer=2.00MB thread-reservation=0
|  |  |  |  tuple-ids=46 row-size=16B cardinality=1 cost=8
|  |  |  |  in pipelines: 89(GETNEXT), 43(OPEN)
|  |  |  |
|  |  |  88:EXCHANGE [UNPARTITIONED]
|  |  |  |  mem-estimate=93.94KB mem-reservation=0B thread-reservation=0
|  |  |  |  tuple-ids=46 row-size=16B cardinality=120 cost=22
|  |  |  |  in pipelines: 43(GETNEXT)
|  |  |  |
|  |  |  F28:PLAN FRAGMENT [HASH(tpcds_partitioned_parquet_snap.customer_4.c_customer_sk)] hosts=10 instances=40 (adjusted from 120)
|  |  |  Per-Instance Resources: mem-estimate=46.81MB mem-reservation=34.00MB thread-reservation=1
|  |  |  max-parallelism=160 segment-costs=[1563421020, 2100000, 185] cpu-comparison-result=120 [max(40 (self) vs 120 (sum children))]
|  |  |  43:AGGREGATE
|  |  |  |  output: max(sum(multiply(tpcds_partitioned_parquet_snap.store_sales_3.ss_quantity, tpcds_partitioned_parquet_snap.store_sales_3.ss_sales_price)))
|  |  |  |  mem-estimate=16.00KB mem-reservation=0B spill-buffer=2.00MB thread-reservation=0
|  |  |  |  tuple-ids=46 row-size=16B cardinality=120 cost=2100000
|  |  |  |  in pipelines: 43(GETNEXT), 87(OPEN)
|  |  |  |
|  |  |  87:AGGREGATE [FINALIZE]
|  |  |  |  output: sum:merge(multiply(tpcds_partitioned_parquet_snap.store_sales_3.ss_quantity, tpcds_partitioned_parquet_snap.store_sales_3.ss_sales_price))
|  |  |  |  group by: tpcds_partitioned_parquet_snap.customer_4.c_customer_sk
|  |  |  |  mem-estimate=34.00MB mem-reservation=34.00MB spill-buffer=2.00MB thread-reservation=0
|  |  |  |  tuple-ids=45 row-size=20B cardinality=30.00M cost=954774653
|  |  |  |  in pipelines: 87(GETNEXT), 37(OPEN)
|  |  |  |
|  |  |  86:EXCHANGE [HASH(tpcds_partitioned_parquet_snap.customer_4.c_customer_sk)]
|  |  |  |  mem-estimate=12.81MB mem-reservation=0B thread-reservation=0
|  |  |  |  tuple-ids=45 row-size=20B cardinality=3.00G cost=608646367
|  |  |  |  in pipelines: 37(GETNEXT)
|  |  |  |
|  |  |  F25:PLAN FRAGMENT [RANDOM] hosts=10 instances=120
|  |  |  Per-Host Shared Resources: mem-estimate=17.00MB mem-reservation=17.00MB thread-reservation=0 runtime-filters-memory=17.00MB
|  |  |  Per-Instance Resources: mem-estimate=935.28MB mem-reservation=42.00MB thread-reservation=1
|  |  |  max-parallelism=1479 segment-costs=[25407723074, 5403796797] cpu-comparison-result=120 [max(120 (self) vs 31 (sum children))]
|  |  |  42:AGGREGATE [STREAMING]
|  |  |  |  output: sum(multiply(CAST(tpcds_partitioned_parquet_snap.store_sales_3.ss_quantity AS DECIMAL(10,0)), tpcds_partitioned_parquet_snap.store_sales_3.ss_sales_price))
|  |  |  |  group by: tpcds_partitioned_parquet_snap.customer_4.c_customer_sk
|  |  |  |  mem-estimate=915.53MB mem-reservation=34.00MB spill-buffer=2.00MB thread-reservation=0
|  |  |  |  tuple-ids=45 row-size=20B cardinality=3.00G cost=9694298891
|  |  |  |  in pipelines: 37(GETNEXT)
|  |  |  |
|  |  |  41:HASH JOIN [INNER JOIN, BROADCAST]
|  |  |  |  hash-table-id=15
|  |  |  |  hash predicates: tpcds_partitioned_parquet_snap.store_sales_3.ss_customer_sk = tpcds_partitioned_parquet_snap.customer_4.c_customer_sk
|  |  |  |  fk/pk conjuncts: tpcds_partitioned_parquet_snap.store_sales_3.ss_customer_sk = tpcds_partitioned_parquet_snap.customer_4.c_customer_sk
|  |  |  |  mem-estimate=0B mem-reservation=0B spill-buffer=2.00MB thread-reservation=0
|  |  |  |  tuple-ids=39,41,43 row-size=538B cardinality=6.43G cost=2962282406
|  |  |  |  in pipelines: 37(GETNEXT), 40(OPEN)
|  |  |  |
|  |  |  |--F53:PLAN FRAGMENT [RANDOM] hosts=10 instances=10
|  |  |  |  |  Per-Instance Resources: mem-estimate=6.49GB mem-reservation=424.00MB thread-reservation=1 runtime-filters-memory=16.00MB
|  |  |  |  |  max-parallelism=10 segment-costs=[69869990]
|  |  |  |  JOIN BUILD
|  |  |  |  |  join-table-id=15 plan-id=16 cohort-id=08
|  |  |  |  |  build expressions: tpcds_partitioned_parquet_snap.customer_4.c_customer_sk
|  |  |  |  |  runtime filters: RF028[bloom] <- tpcds_partitioned_parquet_snap.customer_4.c_customer_sk, RF029[min_max] <- tpcds_partitioned_parquet_snap.customer_4.c_customer_sk
|  |  |  |  |  mem-estimate=6.46GB mem-reservation=408.00MB spill-buffer=2.00MB thread-reservation=0 cost=30000000
|  |  |  |  |
|  |  |  |  85:EXCHANGE [BROADCAST]
|  |  |  |  |  mem-estimate=12.04MB mem-reservation=0B thread-reservation=0
|  |  |  |  |  tuple-ids=43 row-size=204B cardinality=30.00M cost=39869990
|  |  |  |  |  in pipelines: 40(GETNEXT)
|  |  |  |  |
|  |  |  |  F27:PLAN FRAGMENT [RANDOM] hosts=10 instances=10
|  |  |  |  Per-Instance Resources: mem-estimate=16.81MB mem-reservation=1.00MB thread-reservation=1
|  |  |  |  max-parallelism=10 segment-costs=[64027278]
|  |  |  |  40:SCAN HDFS [tpcds_partitioned_parquet_snap.customer, RANDOM]
|  |  |  |     HDFS partitions=1/1 files=1 size=1.55GB
|  |  |  |     stored statistics:
|  |  |  |       table: rows=30.00M size=1.55GB
|  |  |  |       columns: all
|  |  |  |     extrapolated-rows=disabled max-scan-range-rows=3.10M
|  |  |  |     mem-estimate=16.00MB mem-reservation=1.00MB thread-reservation=0
|  |  |  |     tuple-ids=43 row-size=204B cardinality=30.00M cost=46823813
|  |  |  |     in pipelines: 40(GETNEXT)
|  |  |  |
|  |  |  39:HASH JOIN [INNER JOIN, BROADCAST]
|  |  |  |  hash-table-id=16
|  |  |  |  hash predicates: tpcds_partitioned_parquet_snap.store_sales_3.ss_sold_date_sk = tpcds_partitioned_parquet_snap.date_dim_3.d_date_sk
|  |  |  |  fk/pk conjuncts: tpcds_partitioned_parquet_snap.store_sales_3.ss_sold_date_sk = tpcds_partitioned_parquet_snap.date_dim_3.d_date_sk
|  |  |  |  mem-estimate=0B mem-reservation=0B spill-buffer=64.00KB thread-reservation=0
|  |  |  |  tuple-ids=39,41 row-size=333B cardinality=7.01G cost=3066411052
|  |  |  |  in pipelines: 37(GETNEXT), 38(OPEN)
|  |  |  |
|  |  |  |--F54:PLAN FRAGMENT [RANDOM] hosts=10 instances=10
|  |  |  |  |  Per-Instance Resources: mem-estimate=24.82MB mem-reservation=24.25MB thread-reservation=1 runtime-filters-memory=1.00MB
|  |  |  |  |  max-parallelism=10 segment-costs=[3439]
|  |  |  |  JOIN BUILD
|  |  |  |  |  join-table-id=16 plan-id=17 cohort-id=08
|  |  |  |  |  build expressions: tpcds_partitioned_parquet_snap.date_dim_3.d_date_sk
|  |  |  |  |  runtime filters: RF030[bloom] <- tpcds_partitioned_parquet_snap.date_dim_3.d_date_sk
|  |  |  |  |  mem-estimate=23.25MB mem-reservation=23.25MB spill-buffer=64.00KB thread-reservation=0 cost=1479
|  |  |  |  |
|  |  |  |  84:EXCHANGE [BROADCAST]
|  |  |  |  |  mem-estimate=583.66KB mem-reservation=0B thread-reservation=0
|  |  |  |  |  tuple-ids=41 row-size=237B cardinality=1.48K cost=1960
|  |  |  |  |  in pipelines: 38(GETNEXT)
|  |  |  |  |
|  |  |  |  F26:PLAN FRAGMENT [RANDOM] hosts=1 instances=1
|  |  |  |  Per-Instance Resources: mem-estimate=16.94MB mem-reservation=4.00MB thread-reservation=1
|  |  |  |  max-parallelism=1 segment-costs=[113631]
|  |  |  |  38:SCAN HDFS [tpcds_partitioned_parquet_snap.date_dim, RANDOM]
|  |  |  |     HDFS partitions=1/1 files=1 size=2.17MB
|  |  |  |     predicates: tpcds_partitioned_parquet_snap.date_dim_3.d_year = CAST(2000 AS INT) OR tpcds_partitioned_parquet_snap.date_dim_3.d_year = add(CAST(2000 AS INT), CAST(1 AS INT)) OR tpcds_partitioned_parquet_snap.date_dim_3.d_year = add(CAST(2000 AS INT), CAST(2 AS INT)) OR tpcds_partitioned_parquet_snap.date_dim_3.d_year = add(CAST(2000 AS INT), CAST(3 AS INT))
|  |  |  |     stored statistics:
|  |  |  |       table: rows=73.05K size=2.17MB
|  |  |  |       columns: all
|  |  |  |     extrapolated-rows=disabled max-scan-range-rows=73.05K
|  |  |  |     parquet dictionary predicates: tpcds_partitioned_parquet_snap.date_dim_3.d_year = CAST(2000 AS INT) OR tpcds_partitioned_parquet_snap.date_dim_3.d_year = add(CAST(2000 AS INT), CAST(1 AS INT)) OR tpcds_partitioned_parquet_snap.date_dim_3.d_year = add(CAST(2000 AS INT), CAST(2 AS INT)) OR tpcds_partitioned_parquet_snap.date_dim_3.d_year = add(CAST(2000 AS INT), CAST(3 AS INT))
|  |  |  |     mem-estimate=16.00MB mem-reservation=4.00MB thread-reservation=0
|  |  |  |     tuple-ids=41 row-size=237B cardinality=1.48K cost=112653
|  |  |  |     in pipelines: 38(GETNEXT)
|  |  |  |
|  |  |  37:SCAN HDFS [tpcds_partitioned_parquet_snap.store_sales, RANDOM]
|  |  |     HDFS partitions=1824/1824 files=1824 size=389.90GB
|  |  |     runtime filters: RF029[min_max] -> tpcds_partitioned_parquet_snap.store_sales_3.ss_customer_sk, RF030[bloom] -> tpcds_partitioned_parquet_snap.store_sales_3.ss_sold_date_sk, RF028[bloom] -> tpcds_partitioned_parquet_snap.store_sales_3.ss_customer_sk
|  |  |     stored statistics:
|  |  |       table: rows=8.64G size=389.90GB
|  |  |       partitions: 1824/1824 rows=8.64G
|  |  |       columns: all
|  |  |     extrapolated-rows=disabled max-scan-range-rows=390.22M est-scan-range=1479(filtered from 1824)
|  |  |     mem-estimate=16.00MB mem-reservation=8.00MB thread-reservation=0
|  |  |     tuple-ids=39 row-size=96B cardinality=7.01G(filtered from 8.64G) cost=9684730725
|  |  |     in pipelines: 37(GETNEXT)
|  |  |
|  |  83:AGGREGATE [FINALIZE]
|  |  |  output: sum:merge(multiply(tpcds_partitioned_parquet_snap.store_sales_2.ss_quantity, tpcds_partitioned_parquet_snap.store_sales_2.ss_sales_price))
|  |  |  group by: tpcds_partitioned_parquet_snap.customer_3.c_customer_sk
|  |  |  mem-estimate=915.53MB mem-reservation=34.00MB spill-buffer=2.00MB thread-reservation=0
|  |  |  tuple-ids=38 row-size=20B cardinality=30.00M cost=1014903515
|  |  |  in pipelines: 83(GETNEXT), 33(OPEN)
|  |  |
|  |  82:EXCHANGE [HASH(tpcds_partitioned_parquet_snap.customer_3.c_customer_sk)]
|  |  |  mem-estimate=12.81MB mem-reservation=0B thread-reservation=0
|  |  |  tuple-ids=38 row-size=20B cardinality=3.20G cost=650397382
|  |  |  in pipelines: 33(GETNEXT)
|  |  |
|  |  F22:PLAN FRAGMENT [RANDOM] hosts=10 instances=120
|  |  Per-Host Shared Resources: mem-estimate=16.00MB mem-reservation=16.00MB thread-reservation=0 runtime-filters-memory=16.00MB
|  |  Per-Instance Resources: mem-estimate=935.28MB mem-reservation=42.00MB thread-reservation=1
|  |  max-parallelism=1824 segment-costs=[26084395066, 5774478385] cpu-comparison-result=120 [max(120 (self) vs 20 (sum children))]
|  |  36:AGGREGATE [STREAMING]
|  |  |  output: sum(multiply(CAST(tpcds_partitioned_parquet_snap.store_sales_2.ss_quantity AS DECIMAL(10,0)), tpcds_partitioned_parquet_snap.store_sales_2.ss_sales_price))
|  |  |  group by: tpcds_partitioned_parquet_snap.customer_3.c_customer_sk
|  |  |  mem-estimate=915.53MB mem-reservation=34.00MB spill-buffer=2.00MB thread-reservation=0
|  |  |  tuple-ids=38 row-size=20B cardinality=3.20G cost=10669051480
|  |  |  in pipelines: 33(GETNEXT)
|  |  |
|  |  35:HASH JOIN [INNER JOIN, BROADCAST]
|  |  |  hash-table-id=17
|  |  |  hash predicates: tpcds_partitioned_parquet_snap.store_sales_2.ss_customer_sk = tpcds_partitioned_parquet_snap.customer_3.c_customer_sk
|  |  |  fk/pk conjuncts: tpcds_partitioned_parquet_snap.store_sales_2.ss_customer_sk = tpcds_partitioned_parquet_snap.customer_3.c_customer_sk
|  |  |  mem-estimate=0B mem-reservation=0B spill-buffer=2.00MB thread-reservation=0
|  |  |  tuple-ids=34,36 row-size=300B cardinality=7.93G cost=3471497176
|  |  |  in pipelines: 33(GETNEXT), 34(OPEN)
|  |  |
|  |  |--F55:PLAN FRAGMENT [RANDOM] hosts=10 instances=10
|  |  |  |  Per-Instance Resources: mem-estimate=6.49GB mem-reservation=424.00MB thread-reservation=1 runtime-filters-memory=16.00MB
|  |  |  |  max-parallelism=10 segment-costs=[69869990]
|  |  |  JOIN BUILD
|  |  |  |  join-table-id=17 plan-id=18 cohort-id=07
|  |  |  |  build expressions: tpcds_partitioned_parquet_snap.customer_3.c_customer_sk
|  |  |  |  runtime filters: RF026[bloom] <- tpcds_partitioned_parquet_snap.customer_3.c_customer_sk, RF027[min_max] <- tpcds_partitioned_parquet_snap.customer_3.c_customer_sk
|  |  |  |  mem-estimate=6.46GB mem-reservation=408.00MB spill-buffer=2.00MB thread-reservation=0 cost=30000000
|  |  |  |
|  |  |  81:EXCHANGE [BROADCAST]
|  |  |  |  mem-estimate=12.04MB mem-reservation=0B thread-reservation=0
|  |  |  |  tuple-ids=36 row-size=204B cardinality=30.00M cost=39869990
|  |  |  |  in pipelines: 34(GETNEXT)
|  |  |  |
|  |  |  F23:PLAN FRAGMENT [RANDOM] hosts=10 instances=10
|  |  |  Per-Instance Resources: mem-estimate=16.81MB mem-reservation=1.00MB thread-reservation=1
|  |  |  max-parallelism=10 segment-costs=[64027278]
|  |  |  34:SCAN HDFS [tpcds_partitioned_parquet_snap.customer, RANDOM]
|  |  |     HDFS partitions=1/1 files=1 size=1.55GB
|  |  |     stored statistics:
|  |  |       table: rows=30.00M size=1.55GB
|  |  |       columns: all
|  |  |     extrapolated-rows=disabled max-scan-range-rows=3.10M
|  |  |     mem-estimate=16.00MB mem-reservation=1.00MB thread-reservation=0
|  |  |     tuple-ids=36 row-size=204B cardinality=30.00M cost=46823813
|  |  |     in pipelines: 34(GETNEXT)
|  |  |
|  |  33:SCAN HDFS [tpcds_partitioned_parquet_snap.store_sales, RANDOM]
|  |     HDFS partitions=1824/1824 files=1824 size=389.90GB
|  |     runtime filters: RF027[min_max] -> tpcds_partitioned_parquet_snap.store_sales_2.ss_customer_sk, RF026[bloom] -> tpcds_partitioned_parquet_snap.store_sales_2.ss_customer_sk
|  |     stored statistics:
|  |       table: rows=8.64G size=389.90GB
|  |       partitions: 1824/1824 rows=8.64G
|  |       columns: all
|  |     extrapolated-rows=disabled max-scan-range-rows=390.22M
|  |     mem-estimate=16.00MB mem-reservation=8.00MB thread-reservation=0
|  |     tuple-ids=34 row-size=96B cardinality=7.93G(filtered from 8.64G) cost=11943846410
|  |     in pipelines: 33(GETNEXT)
|  |
|  32:HASH JOIN [INNER JOIN, PARTITIONED]
|  |  hash-table-id=18
|  |  hash predicates: tpcds_partitioned_parquet_snap.web_sales.ws_bill_customer_sk = tpcds_partitioned_parquet_snap.customer_2.c_customer_sk
|  |  fk/pk conjuncts: tpcds_partitioned_parquet_snap.web_sales.ws_bill_customer_sk = tpcds_partitioned_parquet_snap.customer_2.c_customer_sk
|  |  mem-estimate=0B mem-reservation=0B spill-buffer=2.00MB thread-reservation=0
|  |  tuple-ids=28,30,32 row-size=582B cardinality=117.69M cost=54130434
|  |  in pipelines: 28(GETNEXT), 31(OPEN)
|  |
|  |--F56:PLAN FRAGMENT [HASH(tpcds_partitioned_parquet_snap.web_sales.ws_bill_customer_sk)] hosts=10 instances=40 (adjusted from 120)
|  |  |  Per-Instance Resources: mem-estimate=177.43MB mem-reservation=34.00MB thread-reservation=1
|  |  |  max-parallelism=110 segment-costs=[61538607]
|  |  JOIN BUILD
|  |  |  join-table-id=18 plan-id=19 cohort-id=05
|  |  |  build expressions: tpcds_partitioned_parquet_snap.customer_2.c_customer_sk
|  |  |  runtime filters: RF023[min_max] <- tpcds_partitioned_parquet_snap.customer_2.c_customer_sk
|  |  |  mem-estimate=165.39MB mem-reservation=34.00MB spill-buffer=2.00MB thread-reservation=0 cost=30000000
|  |  |
|  |  80:EXCHANGE [HASH(tpcds_partitioned_parquet_snap.customer_2.c_customer_sk)]
|  |  |  mem-estimate=12.04MB mem-reservation=0B thread-reservation=0
|  |  |  tuple-ids=32 row-size=204B cardinality=30.00M cost=31538607
|  |  |  in pipelines: 31(GETNEXT)
|  |  |
|  |  F20:PLAN FRAGMENT [RANDOM] hosts=10 instances=10
|  |  Per-Instance Resources: mem-estimate=48.56MB mem-reservation=1.00MB thread-reservation=1
|  |  max-parallelism=10 segment-costs=[457158314]
|  |  31:SCAN HDFS [tpcds_partitioned_parquet_snap.customer, RANDOM]
|  |     HDFS partitions=1/1 files=1 size=1.55GB
|  |     runtime filters: RF021[min_max] -> tpcds_partitioned_parquet_snap.customer_2.c_customer_sk
|  |     stored statistics:
|  |       table: rows=30.00M size=1.55GB
|  |       columns: all
|  |     extrapolated-rows=disabled max-scan-range-rows=3.10M
|  |     mem-estimate=16.00MB mem-reservation=1.00MB thread-reservation=0
|  |     tuple-ids=32 row-size=204B cardinality=30.00M cost=46823813
|  |     in pipelines: 31(GETNEXT)
|  |
|  79:EXCHANGE [HASH(tpcds_partitioned_parquet_snap.web_sales.ws_bill_customer_sk)]
|  |  mem-estimate=51.00MB mem-reservation=0B thread-reservation=0
|  |  tuple-ids=28,30 row-size=377B cardinality=127.89M cost=240791157
|  |  in pipelines: 28(GETNEXT)
|  |
|  F18:PLAN FRAGMENT [RANDOM] hosts=10 instances=109 (adjusted from 120)
|  Per-Host Shared Resources: mem-estimate=1.00MB mem-reservation=1.00MB thread-reservation=0 runtime-filters-memory=1.00MB
|  Per-Instance Resources: mem-estimate=76.18MB mem-reservation=264.00KB thread-reservation=1
|  max-parallelism=109 segment-costs=[3551852732]
|  30:HASH JOIN [INNER JOIN, BROADCAST]
|  |  hash-table-id=19
|  |  hash predicates: tpcds_partitioned_parquet_snap.web_sales.ws_sold_date_sk = tpcds_partitioned_parquet_snap.date_dim_2.d_date_sk
|  |  fk/pk conjuncts: tpcds_partitioned_parquet_snap.web_sales.ws_sold_date_sk = tpcds_partitioned_parquet_snap.date_dim_2.d_date_sk
|  |  mem-estimate=0B mem-reservation=0B spill-buffer=64.00KB thread-reservation=0
|  |  tuple-ids=28,30 row-size=377B cardinality=127.89M cost=55978696
|  |  in pipelines: 28(GETNEXT), 29(OPEN)
|  |
|  |--F57:PLAN FRAGMENT [RANDOM] hosts=10 instances=10
|  |  |  Per-Instance Resources: mem-estimate=22.36MB mem-reservation=22.31MB thread-reservation=1 runtime-filters-memory=1.00MB
|  |  |  max-parallelism=10 segment-costs=[248]
|  |  JOIN BUILD
|  |  |  join-table-id=19 plan-id=20 cohort-id=05
|  |  |  build expressions: tpcds_partitioned_parquet_snap.date_dim_2.d_date_sk
|  |  |  runtime filters: RF024[bloom] <- tpcds_partitioned_parquet_snap.date_dim_2.d_date_sk
|  |  |  mem-estimate=21.31MB mem-reservation=21.31MB spill-buffer=64.00KB thread-reservation=0 cost=108
|  |  |
|  |  78:EXCHANGE [BROADCAST]
|  |  |  mem-estimate=50.45KB mem-reservation=0B thread-reservation=0
|  |  |  tuple-ids=30 row-size=237B cardinality=108 cost=140
|  |  |  in pipelines: 29(GETNEXT)
|  |  |
|  |  F19:PLAN FRAGMENT [RANDOM] hosts=1 instances=1
|  |  Per-Instance Resources: mem-estimate=16.94MB mem-reservation=4.00MB thread-reservation=1
|  |  max-parallelism=1 segment-costs=[114776]
|  |  29:SCAN HDFS [tpcds_partitioned_parquet_snap.date_dim, RANDOM]
|  |     HDFS partitions=1/1 files=1 size=2.17MB
|  |     predicates: tpcds_partitioned_parquet_snap.date_dim_2.d_year = CAST(2000 AS INT), tpcds_partitioned_parquet_snap.date_dim_2.d_moy = CAST(5 AS INT)
|  |     stored statistics:
|  |       table: rows=73.05K size=2.17MB
|  |       columns: all
|  |     extrapolated-rows=disabled max-scan-range-rows=73.05K
|  |     parquet statistics predicates: tpcds_partitioned_parquet_snap.date_dim_2.d_year = CAST(2000 AS INT), tpcds_partitioned_parquet_snap.date_dim_2.d_moy = CAST(5 AS INT)
|  |     parquet dictionary predicates: tpcds_partitioned_parquet_snap.date_dim_2.d_year = CAST(2000 AS INT), tpcds_partitioned_parquet_snap.date_dim_2.d_moy = CAST(5 AS INT)
|  |     mem-estimate=16.00MB mem-reservation=4.00MB thread-reservation=0
|  |     tuple-ids=30 row-size=237B cardinality=108 cost=114705
|  |     in pipelines: 29(GETNEXT)
|  |
|  28:SCAN HDFS [tpcds_partitioned_parquet_snap.web_sales, RANDOM]
|     HDFS partitions=1824/1824 files=1824 size=145.75GB
|     runtime filters: RF021[min_max] -> tpcds_partitioned_parquet_snap.web_sales.ws_bill_customer_sk, RF023[min_max] -> tpcds_partitioned_parquet_snap.web_sales.ws_bill_customer_sk, RF019[min_max] -> tpcds_partitioned_parquet_snap.web_sales.ws_item_sk, RF024[bloom] -> tpcds_partitioned_parquet_snap.web_sales.ws_sold_date_sk
|     stored statistics:
|       table: rows=2.16G size=145.75GB
|       partitions: 1824/1824 rows=2.16G
|       columns: all
|     extrapolated-rows=disabled max-scan-range-rows=3.37M est-scan-range=109(filtered from 1824)
|     mem-estimate=16.00MB mem-reservation=264.00KB thread-reservation=0
|     tuple-ids=28 row-size=140B cardinality=127.89M(filtered from 2.16G) cost=257831967
|     in pipelines: 28(GETNEXT)
|
77:AGGREGATE [FINALIZE]
|  output: sum:merge(multiply(tpcds_partitioned_parquet_snap.catalog_sales.cs_quantity, tpcds_partitioned_parquet_snap.catalog_sales.cs_list_price))
|  group by: tpcds_partitioned_parquet_snap.customer.c_last_name, tpcds_partitioned_parquet_snap.customer.c_first_name
|  mem-estimate=315.89MB mem-reservation=34.00MB spill-buffer=2.00MB thread-reservation=0
|  tuple-ids=27 row-size=52B cardinality=25.02M cost=397935458
|  in pipelines: 77(GETNEXT), 01(OPEN)
|
76:EXCHANGE [HASH(tpcds_partitioned_parquet_snap.customer.c_last_name,tpcds_partitioned_parquet_snap.customer.c_first_name)]
|  mem-estimate=12.19MB mem-reservation=0B thread-reservation=0
|  tuple-ids=27 row-size=52B cardinality=207.13M cost=72526473
|  in pipelines: 01(GETNEXT)
|
F03:PLAN FRAGMENT [HASH(tpcds_partitioned_parquet_snap.catalog_sales.cs_bill_customer_sk)] hosts=10 instances=40 (adjusted from 120)
Per-Instance Resources: mem-estimate=305.23MB mem-reservation=34.00MB thread-reservation=1
max-parallelism=210 segment-costs=[2013271934, 799914421] cpu-comparison-result=421 [max(149 (self) vs 421 (sum children))]
27:AGGREGATE [STREAMING]
|  output: sum(multiply(CAST(tpcds_partitioned_parquet_snap.catalog_sales.cs_quantity AS DECIMAL(10,0)), tpcds_partitioned_parquet_snap.catalog_sales.cs_list_price))
|  group by: tpcds_partitioned_parquet_snap.customer.c_last_name, tpcds_partitioned_parquet_snap.customer.c_first_name
|  mem-estimate=245.49MB mem-reservation=34.00MB spill-buffer=2.00MB thread-reservation=0
|  tuple-ids=27 row-size=52B cardinality=207.13M cost=1232895251
|  in pipelines: 01(GETNEXT)
|
26:HASH JOIN [INNER JOIN, BROADCAST]
|  hash-table-id=00
|  hash predicates: tpcds_partitioned_parquet_snap.catalog_sales.cs_item_sk = tpcds_partitioned_parquet_snap.item.i_item_sk
|  fk/pk conjuncts: tpcds_partitioned_parquet_snap.catalog_sales.cs_item_sk = tpcds_partitioned_parquet_snap.item.i_item_sk
|  mem-estimate=0B mem-reservation=0B spill-buffer=1.00MB thread-reservation=0
|  tuple-ids=0,2,4,10,18,26 row-size=622B cardinality=214.62M cost=93966544
|  in pipelines: 01(GETNEXT), 74(OPEN)
|
|--F38:PLAN FRAGMENT [HASH(tpcds_partitioned_parquet_snap.catalog_sales.cs_bill_customer_sk)] hosts=10 instances=10
|  |  Per-Instance Resources: mem-estimate=69.45MB mem-reservation=68.00MB thread-reservation=1
|  |  max-parallelism=10 segment-costs=[838440] cpu-comparison-result=120 [max(10 (self) vs 120 (sum children))]
|  JOIN BUILD
|  |  join-table-id=00 plan-id=01 cohort-id=01
|  |  build expressions: tpcds_partitioned_parquet_snap.item.i_item_sk
|  |  runtime filters: RF001[min_max] <- tpcds_partitioned_parquet_snap.item.i_item_sk
|  |  mem-estimate=68.00MB mem-reservation=68.00MB spill-buffer=1.00MB thread-reservation=0 cost=360000
|  |
|  75:EXCHANGE [BROADCAST]
|  |  mem-estimate=1.45MB mem-reservation=0B thread-reservation=0
|  |  tuple-ids=26 row-size=4B cardinality=360.00K cost=478440
|  |  in pipelines: 74(GETNEXT)
|  |
|  F16:PLAN FRAGMENT [HASH(tpcds_partitioned_parquet_snap.item.i_item_sk)] hosts=10 instances=10 (adjusted from 120)
|  Per-Instance Resources: mem-estimate=20.94MB mem-reservation=1.94MB thread-reservation=1
|  max-parallelism=10 segment-costs=[19168992, 11664] cpu-comparison-result=120 [max(10 (self) vs 120 (sum children))]
|  74:AGGREGATE [FINALIZE]
|  |  group by: tpcds_partitioned_parquet_snap.item.i_item_sk
|  |  mem-estimate=10.00MB mem-reservation=1.94MB spill-buffer=64.00KB thread-reservation=0
|  |  tuple-ids=26 row-size=4B cardinality=360.00K cost=13574592
|  |  in pipelines: 74(GETNEXT), 72(OPEN)
|  |
|  73:EXCHANGE [HASH(tpcds_partitioned_parquet_snap.item.i_item_sk)]
|  |  mem-estimate=10.94MB mem-reservation=0B thread-reservation=0
|  |  tuple-ids=26 row-size=4B cardinality=43.20M cost=5594400
|  |  in pipelines: 72(GETNEXT)
|  |
|  F15:PLAN FRAGMENT [HASH(substr(tpcds_partitioned_parquet_snap.item.i_item_desc, 1, 30),tpcds_partitioned_parquet_snap.item.i_item_sk,tpcds_partitioned_parquet_snap.date_dim_1.d_date)] hosts=10 instances=120
|  Per-Instance Resources: mem-estimate=964.24MB mem-reservation=36.00MB thread-reservation=1
|  max-parallelism=4310 segment-costs=[43011233450, 317446437, 33384960] cpu-comparison-result=120 [max(120 (self) vs 120 (sum children))]
|  25:AGGREGATE [STREAMING]
|  |  group by: tpcds_partitioned_parquet_snap.item.i_item_sk
|  |  mem-estimate=10.00MB mem-reservation=2.00MB spill-buffer=64.00KB thread-reservation=0
|  |  tuple-ids=26 row-size=4B cardinality=43.20M cost=317446437
|  |  in pipelines: 72(GETNEXT)
|  |
|  72:AGGREGATE [FINALIZE]
|  |  output: count:merge()
|  |  group by: substr(tpcds_partitioned_parquet_snap.item.i_item_desc, 1, 30), tpcds_partitioned_parquet_snap.item.i_item_sk, tpcds_partitioned_parquet_snap.date_dim_1.d_date
|  |  having: count() > CAST(4 AS BIGINT)
|  |  mem-estimate=940.49MB mem-reservation=34.00MB spill-buffer=2.00MB thread-reservation=0
|  |  tuple-ids=25 row-size=28B cardinality=700.22M cost=41331397080
|  |  in pipelines: 72(GETNEXT), 19(OPEN)
|  |
|  71:EXCHANGE [HASH(substr(tpcds_partitioned_parquet_snap.item.i_item_desc, 1, 30),tpcds_partitioned_parquet_snap.item.i_item_sk,tpcds_partitioned_parquet_snap.date_dim_1.d_date)]
|  |  mem-estimate=13.75MB mem-reservation=0B thread-reservation=0
|  |  tuple-ids=25 row-size=28B cardinality=7.00G cost=1679836370
|  |  in pipelines: 19(GETNEXT)
|  |
|  F12:PLAN FRAGMENT [RANDOM] hosts=10 instances=120
|  Per-Host Shared Resources: mem-estimate=1.00MB mem-reservation=1.00MB thread-reservation=0 runtime-filters-memory=1.00MB
|  Per-Instance Resources: mem-estimate=832.37MB mem-reservation=42.00MB thread-reservation=1
|  max-parallelism=1479 segment-costs=[57148315506, 16233983497] cpu-comparison-result=120 [max(120 (self) vs 25 (sum children))]
|  24:AGGREGATE [STREAMING]
|  |  output: count()
|  |  group by: substr(tpcds_partitioned_parquet_snap.item.i_item_desc, CAST(1 AS BIGINT), CAST(30 AS BIGINT)), tpcds_partitioned_parquet_snap.item.i_item_sk, tpcds_partitioned_parquet_snap.date_dim_1.d_date
|  |  mem-estimate=801.37MB mem-reservation=34.00MB spill-buffer=2.00MB thread-reservation=0
|  |  tuple-ids=25 row-size=28B cardinality=7.00G cost=41331397080
|  |  in pipelines: 19(GETNEXT)
|  |
|  23:HASH JOIN [INNER JOIN, BROADCAST]
|  |  hash-table-id=01
|  |  hash predicates: tpcds_partitioned_parquet_snap.store_sales_1.ss_item_sk = tpcds_partitioned_parquet_snap.item.i_item_sk
|  |  fk/pk conjuncts: tpcds_partitioned_parquet_snap.store_sales_1.ss_item_sk = tpcds_partitioned_parquet_snap.item.i_item_sk
|  |  mem-estimate=0B mem-reservation=0B spill-buffer=2.00MB thread-reservation=0
|  |  tuple-ids=19,21,23 row-size=739B cardinality=7.00G cost=3065776649
|  |  in pipelines: 19(GETNEXT), 22(OPEN)
|  |
|  |--F39:PLAN FRAGMENT [RANDOM] hosts=10 instances=10
|  |  |  Per-Instance Resources: mem-estimate=419.60MB mem-reservation=408.00MB thread-reservation=1
|  |  |  max-parallelism=10 segment-costs=[838440]
|  |  JOIN BUILD
|  |  |  join-table-id=01 plan-id=02 cohort-id=02
|  |  |  build expressions: tpcds_partitioned_parquet_snap.item.i_item_sk
|  |  |  runtime filters: RF015[min_max] <- tpcds_partitioned_parquet_snap.item.i_item_sk
|  |  |  mem-estimate=408.00MB mem-reservation=408.00MB spill-buffer=2.00MB thread-reservation=0 cost=360000
|  |  |
|  |  70:EXCHANGE [BROADCAST]
|  |  |  mem-estimate=11.60MB mem-reservation=0B thread-reservation=0
|  |  |  tuple-ids=23 row-size=405B cardinality=360.00K cost=478440
|  |  |  in pipelines: 22(GETNEXT)
|  |  |
|  |  F14:PLAN FRAGMENT [RANDOM] hosts=4 instances=4
|  |  Per-Instance Resources: mem-estimate=17.60MB mem-reservation=512.00KB thread-reservation=1
|  |  max-parallelism=4 segment-costs=[1757529]
|  |  22:SCAN HDFS [tpcds_partitioned_parquet_snap.item, RANDOM]
|  |     HDFS partitions=1/1 files=1 size=33.54MB
|  |     stored statistics:
|  |       table: rows=360.00K size=33.54MB
|  |       columns: all
|  |     extrapolated-rows=disabled max-scan-range-rows=101.54K
|  |     mem-estimate=16.00MB mem-reservation=512.00KB thread-reservation=0
|  |     tuple-ids=23 row-size=405B cardinality=360.00K cost=1355609
|  |     in pipelines: 22(GETNEXT)
|  |
|  21:HASH JOIN [INNER JOIN, BROADCAST]
|  |  hash-table-id=02
|  |  hash predicates: tpcds_partitioned_parquet_snap.store_sales_1.ss_sold_date_sk = tpcds_partitioned_parquet_snap.date_dim_1.d_date_sk
|  |  fk/pk conjuncts: tpcds_partitioned_parquet_snap.store_sales_1.ss_sold_date_sk = tpcds_partitioned_parquet_snap.date_dim_1.d_date_sk
|  |  mem-estimate=0B mem-reservation=0B spill-buffer=64.00KB thread-reservation=0
|  |  tuple-ids=19,21 row-size=333B cardinality=7.01G cost=3066411052
|  |  in pipelines: 19(GETNEXT), 20(OPEN)
|  |
|  |--F40:PLAN FRAGMENT [RANDOM] hosts=10 instances=10
|  |  |  Per-Instance Resources: mem-estimate=24.82MB mem-reservation=24.25MB thread-reservation=1 runtime-filters-memory=1.00MB
|  |  |  max-parallelism=10 segment-costs=[3439]
|  |  JOIN BUILD
|  |  |  join-table-id=02 plan-id=03 cohort-id=02
|  |  |  build expressions: tpcds_partitioned_parquet_snap.date_dim_1.d_date_sk
|  |  |  runtime filters: RF016[bloom] <- tpcds_partitioned_parquet_snap.date_dim_1.d_date_sk
|  |  |  mem-estimate=23.25MB mem-reservation=23.25MB spill-buffer=64.00KB thread-reservation=0 cost=1479
|  |  |
|  |  69:EXCHANGE [BROADCAST]
|  |  |  mem-estimate=583.66KB mem-reservation=0B thread-reservation=0
|  |  |  tuple-ids=21 row-size=237B cardinality=1.48K cost=1960
|  |  |  in pipelines: 20(GETNEXT)
|  |  |
|  |  F13:PLAN FRAGMENT [RANDOM] hosts=1 instances=1
|  |  Per-Instance Resources: mem-estimate=16.94MB mem-reservation=4.00MB thread-reservation=1
|  |  max-parallelism=1 segment-costs=[113631]
|  |  20:SCAN HDFS [tpcds_partitioned_parquet_snap.date_dim, RANDOM]
|  |     HDFS partitions=1/1 files=1 size=2.17MB
|  |     predicates: tpcds_partitioned_parquet_snap.date_dim_1.d_year = CAST(2000 AS INT) OR tpcds_partitioned_parquet_snap.date_dim_1.d_year = add(CAST(2000 AS INT), CAST(1 AS INT)) OR tpcds_partitioned_parquet_snap.date_dim_1.d_year = add(CAST(2000 AS INT), CAST(2 AS INT)) OR tpcds_partitioned_parquet_snap.date_dim_1.d_year = add(CAST(2000 AS INT), CAST(3 AS INT))
|  |     stored statistics:
|  |       table: rows=73.05K size=2.17MB
|  |       columns: all
|  |     extrapolated-rows=disabled max-scan-range-rows=73.05K
|  |     parquet dictionary predicates: tpcds_partitioned_parquet_snap.date_dim_1.d_year = CAST(2000 AS INT) OR tpcds_partitioned_parquet_snap.date_dim_1.d_year = add(CAST(2000 AS INT), CAST(1 AS INT)) OR tpcds_partitioned_parquet_snap.date_dim_1.d_year = add(CAST(2000 AS INT), CAST(2 AS INT)) OR tpcds_partitioned_parquet_snap.date_dim_1.d_year = add(CAST(2000 AS INT), CAST(3 AS INT))
|  |     mem-estimate=16.00MB mem-reservation=4.00MB thread-reservation=0
|  |     tuple-ids=21 row-size=237B cardinality=1.48K cost=112653
|  |     in pipelines: 20(GETNEXT)
|  |
|  19:SCAN HDFS [tpcds_partitioned_parquet_snap.store_sales, RANDOM]
|     HDFS partitions=1824/1824 files=1824 size=389.90GB
|     runtime filters: RF015[min_max] -> tpcds_partitioned_parquet_snap.store_sales_1.ss_item_sk, RF016[bloom] -> tpcds_partitioned_parquet_snap.store_sales_1.ss_sold_date_sk
|     stored statistics:
|       table: rows=8.64G size=389.90GB
|       partitions: 1824/1824 rows=8.64G
|       columns: all
|     extrapolated-rows=disabled max-scan-range-rows=390.22M est-scan-range=1479(filtered from 1824)
|     mem-estimate=16.00MB mem-reservation=8.00MB thread-reservation=0
|     tuple-ids=19 row-size=96B cardinality=7.01G(filtered from 8.64G) cost=9684730725
|     in pipelines: 19(GETNEXT)
|
18:HASH JOIN [INNER JOIN, PARTITIONED]
|  hash-table-id=03
|  hash predicates: tpcds_partitioned_parquet_snap.catalog_sales.cs_bill_customer_sk = tpcds_partitioned_parquet_snap.customer_0.c_customer_sk
|  fk/pk conjuncts: tpcds_partitioned_parquet_snap.catalog_sales.cs_bill_customer_sk = tpcds_partitioned_parquet_snap.customer_0.c_customer_sk
|  mem-estimate=0B mem-reservation=0B spill-buffer=2.00MB thread-reservation=0
|  tuple-ids=0,2,4,10,18 row-size=618B cardinality=214.73M cost=98907544
|  in pipelines: 01(GETNEXT), 61(OPEN)
|
|--F41:PLAN FRAGMENT [HASH(tpcds_partitioned_parquet_snap.catalog_sales.cs_bill_customer_sk)] hosts=10 instances=40 (adjusted from 120)
|  |  Per-Instance Resources: mem-estimate=960.48MB mem-reservation=68.00MB thread-reservation=1
|  |  max-parallelism=210 segment-costs=[1665300897, 36147000] cpu-comparison-result=240 [max(40 (self) vs 240 (sum children))]
|  JOIN BUILD
|  |  join-table-id=03 plan-id=04 cohort-id=01
|  |  build expressions: tpcds_partitioned_parquet_snap.customer_0.c_customer_sk
|  |  runtime filters: RF003[min_max] <- tpcds_partitioned_parquet_snap.customer_0.c_customer_sk
|  |  mem-estimate=44.95MB mem-reservation=34.00MB spill-buffer=2.00MB thread-reservation=0 cost=30000000
|  |
|  17:NESTED LOOP JOIN [INNER JOIN, BROADCAST]
|  |  join table id: 04
|  |  join predicates: sum(multiply(tpcds_partitioned_parquet_snap.store_sales.ss_quantity, tpcds_partitioned_parquet_snap.store_sales.ss_sales_price)) > multiply(divide(CAST(95 AS DECIMAL(3,0)), CAST(100.0 AS DECIMAL(4,1))), max(sum(multiply(tpcds_partitioned_parquet_snap.store_sales_0.ss_quantity, tpcds_partitioned_parquet_snap.store_sales_0.ss_sales_price))))
|  |  mem-estimate=0B mem-reservation=0B thread-reservation=0
|  |  tuple-ids=10,18 row-size=36B cardinality=30.00M cost=6147000
|  |  in pipelines: 61(GETNEXT), 67(OPEN)
|  |
|  |--F42:PLAN FRAGMENT [HASH(tpcds_partitioned_parquet_snap.catalog_sales.cs_bill_customer_sk)] hosts=10 instances=10
|  |  |  Per-Instance Resources: mem-estimate=16.02KB mem-reservation=0B thread-reservation=1
|  |  |  max-parallelism=10 segment-costs=[0] cpu-comparison-result=120 [max(10 (self) vs 120 (sum children))]
|  |  JOIN BUILD
|  |  |  join-table-id=04 plan-id=05 cohort-id=03
|  |  |  mem-estimate=16B mem-reservation=0B thread-reservation=0 cost=0
|  |  |
|  |  68:EXCHANGE [BROADCAST]
|  |  |  mem-estimate=16.00KB mem-reservation=0B thread-reservation=0
|  |  |  tuple-ids=18 row-size=16B cardinality=1 cost=0
|  |  |  in pipelines: 67(GETNEXT)
|  |  |
|  |  F11:PLAN FRAGMENT [UNPARTITIONED] hosts=1 instances=1
|  |  Per-Instance Resources: mem-estimate=109.94KB mem-reservation=0B thread-reservation=1
|  |  max-parallelism=1 segment-costs=[30, 0] cpu-comparison-result=120 [max(1 (self) vs 120 (sum children))]
|  |  67:AGGREGATE [FINALIZE]
|  |  |  output: max:merge(sum(multiply(tpcds_partitioned_parquet_snap.store_sales_0.ss_quantity, tpcds_partitioned_parquet_snap.store_sales_0.ss_sales_price)))
|  |  |  mem-estimate=16.00KB mem-reservation=0B spill-buffer=2.00MB thread-reservation=0
|  |  |  tuple-ids=18 row-size=16B cardinality=1 cost=8
|  |  |  in pipelines: 67(GETNEXT), 16(OPEN)
|  |  |
|  |  66:EXCHANGE [UNPARTITIONED]
|  |  |  mem-estimate=93.94KB mem-reservation=0B thread-reservation=0
|  |  |  tuple-ids=18 row-size=16B cardinality=120 cost=22
|  |  |  in pipelines: 16(GETNEXT)
|  |  |
|  |  F10:PLAN FRAGMENT [HASH(tpcds_partitioned_parquet_snap.customer_1.c_customer_sk)] hosts=10 instances=40 (adjusted from 120)
|  |  Per-Instance Resources: mem-estimate=46.81MB mem-reservation=34.00MB thread-reservation=1
|  |  max-parallelism=160 segment-costs=[1563421020, 2100000, 185] cpu-comparison-result=120 [max(40 (self) vs 120 (sum children))]
|  |  16:AGGREGATE
|  |  |  output: max(sum(multiply(tpcds_partitioned_parquet_snap.store_sales_0.ss_quantity, tpcds_partitioned_parquet_snap.store_sales_0.ss_sales_price)))
|  |  |  mem-estimate=16.00KB mem-reservation=0B spill-buffer=2.00MB thread-reservation=0
|  |  |  tuple-ids=18 row-size=16B cardinality=120 cost=2100000
|  |  |  in pipelines: 16(GETNEXT), 65(OPEN)
|  |  |
|  |  65:AGGREGATE [FINALIZE]
|  |  |  output: sum:merge(multiply(tpcds_partitioned_parquet_snap.store_sales_0.ss_quantity, tpcds_partitioned_parquet_snap.store_sales_0.ss_sales_price))
|  |  |  group by: tpcds_partitioned_parquet_snap.customer_1.c_customer_sk
|  |  |  mem-estimate=34.00MB mem-reservation=34.00MB spill-buffer=2.00MB thread-reservation=0
|  |  |  tuple-ids=17 row-size=20B cardinality=30.00M cost=954774653
|  |  |  in pipelines: 65(GETNEXT), 10(OPEN)
|  |  |
|  |  64:EXCHANGE [HASH(tpcds_partitioned_parquet_snap.customer_1.c_customer_sk)]
|  |  |  mem-estimate=12.81MB mem-reservation=0B thread-reservation=0
|  |  |  tuple-ids=17 row-size=20B cardinality=3.00G cost=608646367
|  |  |  in pipelines: 10(GETNEXT)
|  |  |
|  |  F07:PLAN FRAGMENT [RANDOM] hosts=10 instances=120
|  |  Per-Host Shared Resources: mem-estimate=17.00MB mem-reservation=17.00MB thread-reservation=0 runtime-filters-memory=17.00MB
|  |  Per-Instance Resources: mem-estimate=935.28MB mem-reservation=42.00MB thread-reservation=1
|  |  max-parallelism=1479 segment-costs=[25407723074, 5403796797] cpu-comparison-result=120 [max(120 (self) vs 31 (sum children))]
|  |  15:AGGREGATE [STREAMING]
|  |  |  output: sum(multiply(CAST(tpcds_partitioned_parquet_snap.store_sales_0.ss_quantity AS DECIMAL(10,0)), tpcds_partitioned_parquet_snap.store_sales_0.ss_sales_price))
|  |  |  group by: tpcds_partitioned_parquet_snap.customer_1.c_customer_sk
|  |  |  mem-estimate=915.53MB mem-reservation=34.00MB spill-buffer=2.00MB thread-reservation=0
|  |  |  tuple-ids=17 row-size=20B cardinality=3.00G cost=9694298891
|  |  |  in pipelines: 10(GETNEXT)
|  |  |
|  |  14:HASH JOIN [INNER JOIN, BROADCAST]
|  |  |  hash-table-id=05
|  |  |  hash predicates: tpcds_partitioned_parquet_snap.store_sales_0.ss_customer_sk = tpcds_partitioned_parquet_snap.customer_1.c_customer_sk
|  |  |  fk/pk conjuncts: tpcds_partitioned_parquet_snap.store_sales_0.ss_customer_sk = tpcds_partitioned_parquet_snap.customer_1.c_customer_sk
|  |  |  mem-estimate=0B mem-reservation=0B spill-buffer=2.00MB thread-reservation=0
|  |  |  tuple-ids=11,13,15 row-size=538B cardinality=6.43G cost=2962282406
|  |  |  in pipelines: 10(GETNEXT), 13(OPEN)
|  |  |
|  |  |--F43:PLAN FRAGMENT [RANDOM] hosts=10 instances=10
|  |  |  |  Per-Instance Resources: mem-estimate=6.49GB mem-reservation=424.00MB thread-reservation=1 runtime-filters-memory=16.00MB
|  |  |  |  max-parallelism=10 segment-costs=[69869990]
|  |  |  JOIN BUILD
|  |  |  |  join-table-id=05 plan-id=06 cohort-id=04
|  |  |  |  build expressions: tpcds_partitioned_parquet_snap.customer_1.c_customer_sk
|  |  |  |  runtime filters: RF010[bloom] <- tpcds_partitioned_parquet_snap.customer_1.c_customer_sk, RF011[min_max] <- tpcds_partitioned_parquet_snap.customer_1.c_customer_sk
|  |  |  |  mem-estimate=6.46GB mem-reservation=408.00MB spill-buffer=2.00MB thread-reservation=0 cost=30000000
|  |  |  |
|  |  |  63:EXCHANGE [BROADCAST]
|  |  |  |  mem-estimate=12.04MB mem-reservation=0B thread-reservation=0
|  |  |  |  tuple-ids=15 row-size=204B cardinality=30.00M cost=39869990
|  |  |  |  in pipelines: 13(GETNEXT)
|  |  |  |
|  |  |  F09:PLAN FRAGMENT [RANDOM] hosts=10 instances=10
|  |  |  Per-Instance Resources: mem-estimate=16.81MB mem-reservation=1.00MB thread-reservation=1
|  |  |  max-parallelism=10 segment-costs=[64027278]
|  |  |  13:SCAN HDFS [tpcds_partitioned_parquet_snap.customer, RANDOM]
|  |  |     HDFS partitions=1/1 files=1 size=1.55GB
|  |  |     stored statistics:
|  |  |       table: rows=30.00M size=1.55GB
|  |  |       columns: all
|  |  |     extrapolated-rows=disabled max-scan-range-rows=3.10M
|  |  |     mem-estimate=16.00MB mem-reservation=1.00MB thread-reservation=0
|  |  |     tuple-ids=15 row-size=204B cardinality=30.00M cost=46823813
|  |  |     in pipelines: 13(GETNEXT)
|  |  |
|  |  12:HASH JOIN [INNER JOIN, BROADCAST]
|  |  |  hash-table-id=06
|  |  |  hash predicates: tpcds_partitioned_parquet_snap.store_sales_0.ss_sold_date_sk = tpcds_partitioned_parquet_snap.date_dim_0.d_date_sk
|  |  |  fk/pk conjuncts: tpcds_partitioned_parquet_snap.store_sales_0.ss_sold_date_sk = tpcds_partitioned_parquet_snap.date_dim_0.d_date_sk
|  |  |  mem-estimate=0B mem-reservation=0B spill-buffer=64.00KB thread-reservation=0
|  |  |  tuple-ids=11,13 row-size=333B cardinality=7.01G cost=3066411052
|  |  |  in pipelines: 10(GETNEXT), 11(OPEN)
|  |  |
|  |  |--F44:PLAN FRAGMENT [RANDOM] hosts=10 instances=10
|  |  |  |  Per-Instance Resources: mem-estimate=24.82MB mem-reservation=24.25MB thread-reservation=1 runtime-filters-memory=1.00MB
|  |  |  |  max-parallelism=10 segment-costs=[3439]
|  |  |  JOIN BUILD
|  |  |  |  join-table-id=06 plan-id=07 cohort-id=04
|  |  |  |  build expressions: tpcds_partitioned_parquet_snap.date_dim_0.d_date_sk
|  |  |  |  runtime filters: RF012[bloom] <- tpcds_partitioned_parquet_snap.date_dim_0.d_date_sk
|  |  |  |  mem-estimate=23.25MB mem-reservation=23.25MB spill-buffer=64.00KB thread-reservation=0 cost=1479
|  |  |  |
|  |  |  62:EXCHANGE [BROADCAST]
|  |  |  |  mem-estimate=583.66KB mem-reservation=0B thread-reservation=0
|  |  |  |  tuple-ids=13 row-size=237B cardinality=1.48K cost=1960
|  |  |  |  in pipelines: 11(GETNEXT)
|  |  |  |
|  |  |  F08:PLAN FRAGMENT [RANDOM] hosts=1 instances=1
|  |  |  Per-Instance Resources: mem-estimate=16.94MB mem-reservation=4.00MB thread-reservation=1
|  |  |  max-parallelism=1 segment-costs=[113631]
|  |  |  11:SCAN HDFS [tpcds_partitioned_parquet_snap.date_dim, RANDOM]
|  |  |     HDFS partitions=1/1 files=1 size=2.17MB
|  |  |     predicates: tpcds_partitioned_parquet_snap.date_dim_0.d_year = CAST(2000 AS INT) OR tpcds_partitioned_parquet_snap.date_dim_0.d_year = add(CAST(2000 AS INT), CAST(1 AS INT)) OR tpcds_partitioned_parquet_snap.date_dim_0.d_year = add(CAST(2000 AS INT), CAST(2 AS INT)) OR tpcds_partitioned_parquet_snap.date_dim_0.d_year = add(CAST(2000 AS INT), CAST(3 AS INT))
|  |  |     stored statistics:
|  |  |       table: rows=73.05K size=2.17MB
|  |  |       columns: all
|  |  |     extrapolated-rows=disabled max-scan-range-rows=73.05K
|  |  |     parquet dictionary predicates: tpcds_partitioned_parquet_snap.date_dim_0.d_year = CAST(2000 AS INT) OR tpcds_partitioned_parquet_snap.date_dim_0.d_year = add(CAST(2000 AS INT), CAST(1 AS INT)) OR tpcds_partitioned_parquet_snap.date_dim_0.d_year = add(CAST(2000 AS INT), CAST(2 AS INT)) OR tpcds_partitioned_parquet_snap.date_dim_0.d_year = add(CAST(2000 AS INT), CAST(3 AS INT))
|  |  |     mem-estimate=16.00MB mem-reservation=4.00MB thread-reservation=0
|  |  |     tuple-ids=13 row-size=237B cardinality=1.48K cost=112653
|  |  |     in pipelines: 11(GETNEXT)
|  |  |
|  |  10:SCAN HDFS [tpcds_partitioned_parquet_snap.store_sales, RANDOM]
|  |     HDFS partitions=1824/1824 files=1824 size=389.90GB
|  |     runtime filters: RF011[min_max] -> tpcds_partitioned_parquet_snap.store_sales_0.ss_customer_sk, RF012[bloom] -> tpcds_partitioned_parquet_snap.store_sales_0.ss_sold_date_sk, RF010[bloom] -> tpcds_partitioned_parquet_snap.store_sales_0.ss_customer_sk
|  |     stored statistics:
|  |       table: rows=8.64G size=389.90GB
|  |       partitions: 1824/1824 rows=8.64G
|  |       columns: all
|  |     extrapolated-rows=disabled max-scan-range-rows=390.22M est-scan-range=1479(filtered from 1824)
|  |     mem-estimate=16.00MB mem-reservation=8.00MB thread-reservation=0
|  |     tuple-ids=11 row-size=96B cardinality=7.01G(filtered from 8.64G) cost=9684730725
|  |     in pipelines: 10(GETNEXT)
|  |
|  61:AGGREGATE [FINALIZE]
|  |  output: sum:merge(multiply(tpcds_partitioned_parquet_snap.store_sales.ss_quantity, tpcds_partitioned_parquet_snap.store_sales.ss_sales_price))
|  |  group by: tpcds_partitioned_parquet_snap.customer_0.c_customer_sk
|  |  mem-estimate=915.53MB mem-reservation=34.00MB spill-buffer=2.00MB thread-reservation=0
|  |  tuple-ids=10 row-size=20B cardinality=30.00M cost=1014903515
|  |  in pipelines: 61(GETNEXT), 06(OPEN)
|  |
|  60:EXCHANGE [HASH(tpcds_partitioned_parquet_snap.customer_0.c_customer_sk)]
|  |  mem-estimate=12.81MB mem-reservation=0B thread-reservation=0
|  |  tuple-ids=10 row-size=20B cardinality=3.20G cost=650397382
|  |  in pipelines: 06(GETNEXT)
|  |
|  F04:PLAN FRAGMENT [RANDOM] hosts=10 instances=120
|  Per-Host Shared Resources: mem-estimate=16.00MB mem-reservation=16.00MB thread-reservation=0 runtime-filters-memory=16.00MB
|  Per-Instance Resources: mem-estimate=935.28MB mem-reservation=42.00MB thread-reservation=1
|  max-parallelism=1824 segment-costs=[26084395066, 5774478385] cpu-comparison-result=120 [max(120 (self) vs 20 (sum children))]
|  09:AGGREGATE [STREAMING]
|  |  output: sum(multiply(CAST(tpcds_partitioned_parquet_snap.store_sales.ss_quantity AS DECIMAL(10,0)), tpcds_partitioned_parquet_snap.store_sales.ss_sales_price))
|  |  group by: tpcds_partitioned_parquet_snap.customer_0.c_customer_sk
|  |  mem-estimate=915.53MB mem-reservation=34.00MB spill-buffer=2.00MB thread-reservation=0
|  |  tuple-ids=10 row-size=20B cardinality=3.20G cost=10669051480
|  |  in pipelines: 06(GETNEXT)
|  |
|  08:HASH JOIN [INNER JOIN, BROADCAST]
|  |  hash-table-id=07
|  |  hash predicates: tpcds_partitioned_parquet_snap.store_sales.ss_customer_sk = tpcds_partitioned_parquet_snap.customer_0.c_customer_sk
|  |  fk/pk conjuncts: tpcds_partitioned_parquet_snap.store_sales.ss_customer_sk = tpcds_partitioned_parquet_snap.customer_0.c_customer_sk
|  |  mem-estimate=0B mem-reservation=0B spill-buffer=2.00MB thread-reservation=0
|  |  tuple-ids=6,8 row-size=300B cardinality=7.93G cost=3471497176
|  |  in pipelines: 06(GETNEXT), 07(OPEN)
|  |
|  |--F45:PLAN FRAGMENT [RANDOM] hosts=10 instances=10
|  |  |  Per-Instance Resources: mem-estimate=6.49GB mem-reservation=424.00MB thread-reservation=1 runtime-filters-memory=16.00MB
|  |  |  max-parallelism=10 segment-costs=[69869990]
|  |  JOIN BUILD
|  |  |  join-table-id=07 plan-id=08 cohort-id=03
|  |  |  build expressions: tpcds_partitioned_parquet_snap.customer_0.c_customer_sk
|  |  |  runtime filters: RF008[bloom] <- tpcds_partitioned_parquet_snap.customer_0.c_customer_sk, RF009[min_max] <- tpcds_partitioned_parquet_snap.customer_0.c_customer_sk
|  |  |  mem-estimate=6.46GB mem-reservation=408.00MB spill-buffer=2.00MB thread-reservation=0 cost=30000000
|  |  |
|  |  59:EXCHANGE [BROADCAST]
|  |  |  mem-estimate=12.04MB mem-reservation=0B thread-reservation=0
|  |  |  tuple-ids=8 row-size=204B cardinality=30.00M cost=39869990
|  |  |  in pipelines: 07(GETNEXT)
|  |  |
|  |  F05:PLAN FRAGMENT [RANDOM] hosts=10 instances=10
|  |  Per-Instance Resources: mem-estimate=16.81MB mem-reservation=1.00MB thread-reservation=1
|  |  max-parallelism=10 segment-costs=[64027278]
|  |  07:SCAN HDFS [tpcds_partitioned_parquet_snap.customer, RANDOM]
|  |     HDFS partitions=1/1 files=1 size=1.55GB
|  |     stored statistics:
|  |       table: rows=30.00M size=1.55GB
|  |       columns: all
|  |     extrapolated-rows=disabled max-scan-range-rows=3.10M
|  |     mem-estimate=16.00MB mem-reservation=1.00MB thread-reservation=0
|  |     tuple-ids=8 row-size=204B cardinality=30.00M cost=46823813
|  |     in pipelines: 07(GETNEXT)
|  |
|  06:SCAN HDFS [tpcds_partitioned_parquet_snap.store_sales, RANDOM]
|     HDFS partitions=1824/1824 files=1824 size=389.90GB
|     runtime filters: RF009[min_max] -> tpcds_partitioned_parquet_snap.store_sales.ss_customer_sk, RF008[bloom] -> tpcds_partitioned_parquet_snap.store_sales.ss_customer_sk
|     stored statistics:
|       table: rows=8.64G size=389.90GB
|       partitions: 1824/1824 rows=8.64G
|       columns: all
|     extrapolated-rows=disabled max-scan-range-rows=390.22M
|     mem-estimate=16.00MB mem-reservation=8.00MB thread-reservation=0
|     tuple-ids=6 row-size=96B cardinality=7.93G(filtered from 8.64G) cost=11943846410
|     in pipelines: 06(GETNEXT)
|
05:HASH JOIN [INNER JOIN, PARTITIONED]
|  hash-table-id=08
|  hash predicates: tpcds_partitioned_parquet_snap.catalog_sales.cs_bill_customer_sk = tpcds_partitioned_parquet_snap.customer.c_customer_sk
|  fk/pk conjuncts: tpcds_partitioned_parquet_snap.catalog_sales.cs_bill_customer_sk = tpcds_partitioned_parquet_snap.customer.c_customer_sk
|  mem-estimate=0B mem-reservation=0B spill-buffer=2.00MB thread-reservation=0
|  tuple-ids=0,2,4 row-size=582B cardinality=233.91M cost=107745621
|  in pipelines: 01(GETNEXT), 04(OPEN)
|
|--F46:PLAN FRAGMENT [HASH(tpcds_partitioned_parquet_snap.catalog_sales.cs_bill_customer_sk)] hosts=10 instances=40 (adjusted from 120)
|  |  Per-Instance Resources: mem-estimate=177.43MB mem-reservation=34.00MB thread-reservation=1
|  |  max-parallelism=210 segment-costs=[61538607]
|  JOIN BUILD
|  |  join-table-id=08 plan-id=09 cohort-id=01
|  |  build expressions: tpcds_partitioned_parquet_snap.customer.c_customer_sk
|  |  runtime filters: RF005[min_max] <- tpcds_partitioned_parquet_snap.customer.c_customer_sk
|  |  mem-estimate=165.39MB mem-reservation=34.00MB spill-buffer=2.00MB thread-reservation=0 cost=30000000
|  |
|  58:EXCHANGE [HASH(tpcds_partitioned_parquet_snap.customer.c_customer_sk)]
|  |  mem-estimate=12.04MB mem-reservation=0B thread-reservation=0
|  |  tuple-ids=4 row-size=204B cardinality=30.00M cost=31538607
|  |  in pipelines: 04(GETNEXT)
|  |
|  F02:PLAN FRAGMENT [RANDOM] hosts=10 instances=10
|  Per-Instance Resources: mem-estimate=48.56MB mem-reservation=1.00MB thread-reservation=1
|  max-parallelism=10 segment-costs=[457158314]
|  04:SCAN HDFS [tpcds_partitioned_parquet_snap.customer, RANDOM]
|     HDFS partitions=1/1 files=1 size=1.55GB
|     runtime filters: RF003[min_max] -> tpcds_partitioned_parquet_snap.customer.c_customer_sk
|     stored statistics:
|       table: rows=30.00M size=1.55GB
|       columns: all
|     extrapolated-rows=disabled max-scan-range-rows=3.10M
|     mem-estimate=16.00MB mem-reservation=1.00MB thread-reservation=0
|     tuple-ids=4 row-size=204B cardinality=30.00M cost=46823813
|     in pipelines: 04(GETNEXT)
|
57:EXCHANGE [HASH(tpcds_partitioned_parquet_snap.catalog_sales.cs_bill_customer_sk)]
|  mem-estimate=51.00MB mem-reservation=0B thread-reservation=0
|  tuple-ids=0,2 row-size=377B cardinality=254.82M cost=479756974
|  in pipelines: 01(GETNEXT)
|
F00:PLAN FRAGMENT [RANDOM] hosts=10 instances=109 (adjusted from 120)
Per-Host Shared Resources: mem-estimate=1.00MB mem-reservation=1.00MB thread-reservation=0 runtime-filters-memory=1.00MB
Per-Instance Resources: mem-estimate=76.18MB mem-reservation=1.00MB thread-reservation=1
max-parallelism=109 segment-costs=[7076780304]
03:HASH JOIN [INNER JOIN, BROADCAST]
|  hash-table-id=09
|  hash predicates: tpcds_partitioned_parquet_snap.catalog_sales.cs_sold_date_sk = tpcds_partitioned_parquet_snap.date_dim.d_date_sk
|  fk/pk conjuncts: tpcds_partitioned_parquet_snap.catalog_sales.cs_sold_date_sk = tpcds_partitioned_parquet_snap.date_dim.d_date_sk
|  mem-estimate=0B mem-reservation=0B spill-buffer=64.00KB thread-reservation=0
|  tuple-ids=0,2 row-size=377B cardinality=254.82M cost=111533041
|  in pipelines: 01(GETNEXT), 02(OPEN)
|
|--F47:PLAN FRAGMENT [RANDOM] hosts=10 instances=10
|  |  Per-Instance Resources: mem-estimate=22.36MB mem-reservation=22.31MB thread-reservation=1 runtime-filters-memory=1.00MB
|  |  max-parallelism=10 segment-costs=[248]
|  JOIN BUILD
|  |  join-table-id=09 plan-id=10 cohort-id=01
|  |  build expressions: tpcds_partitioned_parquet_snap.date_dim.d_date_sk
|  |  runtime filters: RF006[bloom] <- tpcds_partitioned_parquet_snap.date_dim.d_date_sk
|  |  mem-estimate=21.31MB mem-reservation=21.31MB spill-buffer=64.00KB thread-reservation=0 cost=108
|  |
|  56:EXCHANGE [BROADCAST]
|  |  mem-estimate=50.45KB mem-reservation=0B thread-reservation=0
|  |  tuple-ids=2 row-size=237B cardinality=108 cost=140
|  |  in pipelines: 02(GETNEXT)
|  |
|  F01:PLAN FRAGMENT [RANDOM] hosts=1 instances=1
|  Per-Instance Resources: mem-estimate=16.94MB mem-reservation=4.00MB thread-reservation=1
|  max-parallelism=1 segment-costs=[114776]
|  02:SCAN HDFS [tpcds_partitioned_parquet_snap.date_dim, RANDOM]
|     HDFS partitions=1/1 files=1 size=2.17MB
|     predicates: tpcds_partitioned_parquet_snap.date_dim.d_year = CAST(2000 AS INT), tpcds_partitioned_parquet_snap.date_dim.d_moy = CAST(5 AS INT)
|     stored statistics:
|       table: rows=73.05K size=2.17MB
|       columns: all
|     extrapolated-rows=disabled max-scan-range-rows=73.05K
|     parquet statistics predicates: tpcds_partitioned_parquet_snap.date_dim.d_year = CAST(2000 AS INT), tpcds_partitioned_parquet_snap.date_dim.d_moy = CAST(5 AS INT)
|     parquet dictionary predicates: tpcds_partitioned_parquet_snap.date_dim.d_year = CAST(2000 AS INT), tpcds_partitioned_parquet_snap.date_dim.d_moy = CAST(5 AS INT)
|     mem-estimate=16.00MB mem-reservation=4.00MB thread-reservation=0
|     tuple-ids=2 row-size=237B cardinality=108 cost=114705
|     in pipelines: 02(GETNEXT)
|
01:SCAN HDFS [tpcds_partitioned_parquet_snap.catalog_sales, RANDOM]
   HDFS partitions=1831/1831 files=1831 size=280.96GB
   runtime filters: RF003[min_max] -> tpcds_partitioned_parquet_snap.catalog_sales.cs_bill_customer_sk, RF005[min_max] -> tpcds_partitioned_parquet_snap.catalog_sales.cs_bill_customer_sk, RF001[min_max] -> tpcds_partitioned_parquet_snap.catalog_sales.cs_item_sk, RF006[bloom] -> tpcds_partitioned_parquet_snap.catalog_sales.cs_sold_date_sk
   stored statistics:
     table: rows=4.32G size=280.96GB
     partitions: 1831/1831 rows=4.32G
     columns: all
   extrapolated-rows=disabled max-scan-range-rows=21.52M est-scan-range=109(filtered from 1831)
   mem-estimate=16.00MB mem-reservation=1.00MB thread-reservation=0
   tuple-ids=0 row-size=140B cardinality=254.82M(filtered from 4.32G) cost=513709414
   in pipelines: 01(GETNEXT)
====
