# TPCDS-Q6
# start query 6 in stream 0 using template query6.tpl using seed 1554441264
select  a.ca_state state, count(*) cnt
 from customer_address a
     ,customer c
     ,store_sales s
     ,date_dim d
     ,item i
 where       a.ca_address_sk = c.c_current_addr_sk
 	and c.c_customer_sk = s.ss_customer_sk
 	and s.ss_sold_date_sk = d.d_date_sk
 	and s.ss_item_sk = i.i_item_sk
 	and d.d_month_seq =
 	     (select distinct (d_month_seq)
 	      from date_dim
               where d_year = 2002
 	        and d_moy = 3 )
 	and i.i_current_price > 1.2 *
             (select avg(j.i_current_price)
 	     from item j
 	     where j.i_category = i.i_category)
 group by a.ca_state
 having count(*) >= 10
 order by cnt, a.ca_state
 limit 100
---- PLAN
Max Per-Host Resource Reservation: Memory=157.31MB Threads=1
Per-Host Resource Estimates: Memory=16.82GB
F00:PLAN FRAGMENT [UNPARTITIONED] hosts=1 instances=1
|  Per-Instance Resources: mem-estimate=16.82GB mem-reservation=157.31MB thread-reservation=1 runtime-filters-memory=36.00MB
|  max-parallelism=1 segment-costs=[17041, 0, 72019, 547477719, 6, 10]
PLAN-ROOT SINK
|  output exprs: tpcds_partitioned_parquet_snap.customer_address.ca_state, count()
|  mem-estimate=4.00MB mem-reservation=4.00MB spill-buffer=2.00MB thread-reservation=0 cost=10
|
17:TOP-N [LIMIT=100]
|  order by: count() ASC NULLS LAST, tpcds_partitioned_parquet_snap.customer_address.ca_state ASC NULLS LAST
|  mem-estimate=110B mem-reservation=0B thread-reservation=0
|  tuple-ids=18 row-size=22B cardinality=5 cost=6
|  in pipelines: 17(GETNEXT), 16(OPEN)
|
16:AGGREGATE [FINALIZE]
|  output: count()
|  group by: tpcds_partitioned_parquet_snap.customer_address.ca_state
|  having: count() >= CAST(10 AS BIGINT)
|  mem-estimate=10.00MB mem-reservation=1.94MB spill-buffer=64.00KB thread-reservation=0
|  tuple-ids=17 row-size=22B cardinality=5 cost=38137040
|  in pipelines: 16(GETNEXT), 00(OPEN)
|
15:HASH JOIN [INNER JOIN]
|  hash predicates: tpcds_partitioned_parquet_snap.store_sales.ss_customer_sk = tpcds_partitioned_parquet_snap.customer.c_customer_sk
|  fk/pk conjuncts: tpcds_partitioned_parquet_snap.store_sales.ss_customer_sk = tpcds_partitioned_parquet_snap.customer.c_customer_sk
|  runtime filters: RF000[bloom] <- tpcds_partitioned_parquet_snap.customer.c_customer_sk, RF001[min_max] <- tpcds_partitioned_parquet_snap.customer.c_customer_sk
|  mem-estimate=12.93GB mem-reservation=34.00MB spill-buffer=2.00MB thread-reservation=0
|  tuple-ids=0,2,6,7,12,13,15 row-size=1.18KB cardinality=130.38M cost=90056836
|  in pipelines: 00(GETNEXT), 12(OPEN)
|
|--14:HASH JOIN [INNER JOIN]
|  |  hash predicates: tpcds_partitioned_parquet_snap.customer.c_current_addr_sk = tpcds_partitioned_parquet_snap.customer_address.ca_address_sk
|  |  fk/pk conjuncts: tpcds_partitioned_parquet_snap.customer.c_current_addr_sk = tpcds_partitioned_parquet_snap.customer_address.ca_address_sk
|  |  runtime filters: RF010[bloom] <- tpcds_partitioned_parquet_snap.customer_address.ca_address_sk, RF011[min_max] <- tpcds_partitioned_parquet_snap.customer_address.ca_address_sk
|  |  mem-estimate=3.61GB mem-reservation=34.00MB spill-buffer=2.00MB thread-reservation=0
|  |  tuple-ids=13,15 row-size=436B cardinality=30.00M cost=28131000
|  |  in pipelines: 12(GETNEXT), 13(OPEN)
|  |
|  |--13:SCAN HDFS [tpcds_partitioned_parquet_snap.customer_address]
|  |     HDFS partitions=1/1 files=1 size=307.36MB
|  |     stored statistics:
|  |       table: rows=15.00M size=307.36MB
|  |       columns: all
|  |     extrapolated-rows=disabled max-scan-range-rows=1.58M
|  |     mem-estimate=16.00MB mem-reservation=128.00KB thread-reservation=0
|  |     tuple-ids=15 row-size=232B cardinality=15.00M cost=21515206
|  |     in pipelines: 13(GETNEXT)
|  |
|  12:SCAN HDFS [tpcds_partitioned_parquet_snap.customer]
|     HDFS partitions=1/1 files=1 size=1.55GB
|     runtime filters: RF011[min_max] -> tpcds_partitioned_parquet_snap.customer.c_current_addr_sk, RF010[bloom] -> tpcds_partitioned_parquet_snap.customer.c_current_addr_sk
|     stored statistics:
|       table: rows=30.00M size=1.55GB
|       columns: all
|     extrapolated-rows=disabled max-scan-range-rows=3.10M
|     mem-estimate=16.00MB mem-reservation=1.00MB thread-reservation=0
|     tuple-ids=13 row-size=204B cardinality=30.00M cost=46823813
|     in pipelines: 12(GETNEXT)
|
11:HASH JOIN [INNER JOIN]
|  hash predicates: tpcds_partitioned_parquet_snap.store_sales.ss_item_sk = tpcds_partitioned_parquet_snap.item.i_item_sk
|  fk/pk conjuncts: tpcds_partitioned_parquet_snap.store_sales.ss_item_sk = tpcds_partitioned_parquet_snap.item.i_item_sk
|  runtime filters: RF002[bloom] <- tpcds_partitioned_parquet_snap.item.i_item_sk, RF003[min_max] <- tpcds_partitioned_parquet_snap.item.i_item_sk
|  mem-estimate=160.11MB mem-reservation=34.00MB spill-buffer=2.00MB thread-reservation=0
|  tuple-ids=0,2,6,7,12 row-size=769B cardinality=142.03M cost=62546139
|  in pipelines: 00(GETNEXT), 07(OPEN)
|
|--10:HASH JOIN [INNER JOIN]
|  |  hash predicates: tpcds_partitioned_parquet_snap.item.i_category = tpcds_partitioned_parquet_snap.item_0.i_category
|  |  fk/pk conjuncts: none
|  |  other join predicates: tpcds_partitioned_parquet_snap.item.i_current_price > multiply(CAST(1.2 AS DECIMAL(2,1)), avg(tpcds_partitioned_parquet_snap.item_0.i_current_price))
|  |  runtime filters: RF008[bloom] <- tpcds_partitioned_parquet_snap.item_0.i_category, RF009[min_max] <- tpcds_partitioned_parquet_snap.item_0.i_category
|  |  mem-estimate=1.94MB mem-reservation=1.94MB spill-buffer=64.00KB thread-reservation=0
|  |  tuple-ids=7,12 row-size=431B cardinality=360.00K cost=157582
|  |  in pipelines: 07(GETNEXT), 09(OPEN)
|  |
|  |--09:AGGREGATE [FINALIZE]
|  |  |  output: avg(tpcds_partitioned_parquet_snap.item_0.i_current_price)
|  |  |  group by: tpcds_partitioned_parquet_snap.item_0.i_category
|  |  |  mem-estimate=10.00MB mem-reservation=1.94MB spill-buffer=64.00KB thread-reservation=0
|  |  |  tuple-ids=12 row-size=26B cardinality=10 cost=10556
|  |  |  in pipelines: 09(GETNEXT), 08(OPEN)
|  |  |
|  |  08:SCAN HDFS [tpcds_partitioned_parquet_snap.item]
|  |     HDFS partitions=1/1 files=1 size=33.54MB
|  |     predicates: is_not_null_pred(tpcds_partitioned_parquet_snap.item_0.i_category)
|  |     stored statistics:
|  |       table: rows=360.00K size=33.54MB
|  |       columns: all
|  |     extrapolated-rows=disabled max-scan-range-rows=101.54K
|  |     parquet dictionary predicates: is_not_null_pred(tpcds_partitioned_parquet_snap.item_0.i_category)
|  |     mem-estimate=16.00MB mem-reservation=512.00KB thread-reservation=0
|  |     tuple-ids=9 row-size=22B cardinality=36.00K cost=61463
|  |     in pipelines: 08(GETNEXT)
|  |
|  07:SCAN HDFS [tpcds_partitioned_parquet_snap.item]
|     HDFS partitions=1/1 files=1 size=33.54MB
|     runtime filters: RF009[min_max] -> tpcds_partitioned_parquet_snap.item.i_category, RF008[bloom] -> tpcds_partitioned_parquet_snap.item.i_category
|     stored statistics:
|       table: rows=360.00K size=33.54MB
|       columns: all
|     extrapolated-rows=disabled max-scan-range-rows=101.54K
|     mem-estimate=16.00MB mem-reservation=512.00KB thread-reservation=0
|     tuple-ids=7 row-size=405B cardinality=360.00K cost=1355609
|     in pipelines: 07(GETNEXT)
|
06:HASH JOIN [INNER JOIN]
|  hash predicates: tpcds_partitioned_parquet_snap.store_sales.ss_sold_date_sk = tpcds_partitioned_parquet_snap.date_dim.d_date_sk
|  fk/pk conjuncts: tpcds_partitioned_parquet_snap.store_sales.ss_sold_date_sk = tpcds_partitioned_parquet_snap.date_dim.d_date_sk
|  runtime filters: RF004[bloom] <- tpcds_partitioned_parquet_snap.date_dim.d_date_sk
|  mem-estimate=1.94MB mem-reservation=1.94MB spill-buffer=64.00KB thread-reservation=0
|  tuple-ids=0,2,6 row-size=337B cardinality=142.10M cost=62199037
|  in pipelines: 00(GETNEXT), 01(OPEN)
|
|--05:HASH JOIN [INNER JOIN]
|  |  hash predicates: tpcds_partitioned_parquet_snap.date_dim.d_month_seq = tpcds_partitioned_parquet_snap.date_dim_0.d_month_seq
|  |  fk/pk conjuncts: none
|  |  runtime filters: RF006[bloom] <- tpcds_partitioned_parquet_snap.date_dim_0.d_month_seq, RF007[min_max] <- tpcds_partitioned_parquet_snap.date_dim_0.d_month_seq
|  |  mem-estimate=1.94MB mem-reservation=1.94MB spill-buffer=64.00KB thread-reservation=0
|  |  tuple-ids=2,6 row-size=241B cardinality=30 cost=14
|  |  in pipelines: 01(GETNEXT), 04(OPEN)
|  |
|  |--04:CARDINALITY CHECK
|  |  |  limit: 1
|  |  |  mem-estimate=0B mem-reservation=0B thread-reservation=0
|  |  |  tuple-ids=6 row-size=4B cardinality=1 cost=0
|  |  |  in pipelines: 04(GETNEXT), 03(OPEN)
|  |  |
|  |  03:AGGREGATE [FINALIZE]
|  |  |  group by: tpcds_partitioned_parquet_snap.date_dim_0.d_month_seq
|  |  |  limit: 2
|  |  |  mem-estimate=10.00MB mem-reservation=1.94MB spill-buffer=64.00KB thread-reservation=0
|  |  |  tuple-ids=6 row-size=4B cardinality=108 cost=313
|  |  |  in pipelines: 03(GETNEXT), 02(OPEN)
|  |  |
|  |  02:SCAN HDFS [tpcds_partitioned_parquet_snap.date_dim]
|  |     HDFS partitions=1/1 files=1 size=2.17MB
|  |     predicates: tpcds_partitioned_parquet_snap.date_dim_0.d_year = CAST(2002 AS INT), tpcds_partitioned_parquet_snap.date_dim_0.d_moy = CAST(3 AS INT)
|  |     stored statistics:
|  |       table: rows=73.05K size=2.17MB
|  |       columns: all
|  |     extrapolated-rows=disabled max-scan-range-rows=73.05K
|  |     parquet statistics predicates: tpcds_partitioned_parquet_snap.date_dim_0.d_year = CAST(2002 AS INT), tpcds_partitioned_parquet_snap.date_dim_0.d_moy = CAST(3 AS INT)
|  |     parquet dictionary predicates: tpcds_partitioned_parquet_snap.date_dim_0.d_year = CAST(2002 AS INT), tpcds_partitioned_parquet_snap.date_dim_0.d_moy = CAST(3 AS INT)
|  |     mem-estimate=16.00MB mem-reservation=256.00KB thread-reservation=0
|  |     tuple-ids=4 row-size=12B cardinality=108 cost=16728
|  |     in pipelines: 02(GETNEXT)
|  |
|  01:SCAN HDFS [tpcds_partitioned_parquet_snap.date_dim]
|     HDFS partitions=1/1 files=1 size=2.17MB
|     runtime filters: RF007[min_max] -> tpcds_partitioned_parquet_snap.date_dim.d_month_seq, RF006[bloom] -> tpcds_partitioned_parquet_snap.date_dim.d_month_seq
|     stored statistics:
|       table: rows=73.05K size=2.17MB
|       columns: all
|     extrapolated-rows=disabled max-scan-range-rows=73.05K
|     mem-estimate=16.00MB mem-reservation=4.00MB thread-reservation=0
|     tuple-ids=2 row-size=237B cardinality=30(filtered from 73.05K) cost=110600
|     in pipelines: 01(GETNEXT)
|
00:SCAN HDFS [tpcds_partitioned_parquet_snap.store_sales]
   HDFS partitions=1824/1824 files=1824 size=389.90GB
   runtime filters: RF001[min_max] -> tpcds_partitioned_parquet_snap.store_sales.ss_customer_sk, RF003[min_max] -> tpcds_partitioned_parquet_snap.store_sales.ss_item_sk, RF004[bloom] -> tpcds_partitioned_parquet_snap.store_sales.ss_sold_date_sk, RF000[bloom] -> tpcds_partitioned_parquet_snap.store_sales.ss_customer_sk, RF002[bloom] -> tpcds_partitioned_parquet_snap.store_sales.ss_item_sk
   stored statistics:
     table: rows=8.64G size=389.90GB
     partitions: 1824/1824 rows=8.64G
     columns: all
   extrapolated-rows=disabled max-scan-range-rows=390.22M est-scan-range=31(filtered from 1824)
   mem-estimate=16.00MB mem-reservation=8.00MB thread-reservation=0
   tuple-ids=0 row-size=96B cardinality=142.10M(filtered from 8.64G) cost=196444843
   in pipelines: 00(GETNEXT)
---- DISTRIBUTEDPLAN
Max Per-Host Resource Reservation: Memory=793.31MB Threads=35
Per-Host Resource Estimates: Memory=3.20GB
F13:PLAN FRAGMENT [UNPARTITIONED] hosts=1 instances=1
|  Per-Instance Resources: mem-estimate=4.02MB mem-reservation=4.00MB thread-reservation=1
|  max-parallelism=1 segment-costs=[11] cpu-comparison-result=130 [max(1 (self) vs 130 (sum children))]
PLAN-ROOT SINK
|  output exprs: tpcds_partitioned_parquet_snap.customer_address.ca_state, count()
|  mem-estimate=4.00MB mem-reservation=4.00MB spill-buffer=2.00MB thread-reservation=0 cost=10
|
33:MERGING-EXCHANGE [UNPARTITIONED]
|  order by: count() ASC NULLS LAST, tpcds_partitioned_parquet_snap.customer_address.ca_state ASC NULLS LAST
|  limit: 100
|  mem-estimate=16.00KB mem-reservation=0B thread-reservation=0
|  tuple-ids=18 row-size=22B cardinality=5 cost=1
|  in pipelines: 17(GETNEXT)
|
F12:PLAN FRAGMENT [HASH(tpcds_partitioned_parquet_snap.customer_address.ca_state)] hosts=10 instances=10 (adjusted from 120)
Per-Instance Resources: mem-estimate=10.27MB mem-reservation=1.94MB thread-reservation=1
max-parallelism=10 segment-costs=[3222, 6, 4] cpu-comparison-result=130 [max(10 (self) vs 130 (sum children))]
17:TOP-N [LIMIT=100]
|  order by: count() ASC NULLS LAST, tpcds_partitioned_parquet_snap.customer_address.ca_state ASC NULLS LAST
|  mem-estimate=110B mem-reservation=0B thread-reservation=0
|  tuple-ids=18 row-size=22B cardinality=5 cost=6
|  in pipelines: 17(GETNEXT), 32(OPEN)
|
32:AGGREGATE [FINALIZE]
|  output: count:merge()
|  group by: tpcds_partitioned_parquet_snap.customer_address.ca_state
|  having: count() >= CAST(10 AS BIGINT)
|  mem-estimate=10.00MB mem-reservation=1.94MB spill-buffer=64.00KB thread-reservation=0
|  tuple-ids=17 row-size=22B cardinality=5 cost=1923
|  in pipelines: 32(GETNEXT), 00(OPEN)
|
31:EXCHANGE [HASH(tpcds_partitioned_parquet_snap.customer_address.ca_state)]
|  mem-estimate=273.15KB mem-reservation=0B thread-reservation=0
|  tuple-ids=17 row-size=22B cardinality=6.12K cost=1299
|  in pipelines: 00(GETNEXT)
|
F11:PLAN FRAGMENT [HASH(tpcds_partitioned_parquet_snap.store_sales.ss_customer_sk)] hosts=10 instances=10 (adjusted from 120)
Per-Instance Resources: mem-estimate=113.42MB mem-reservation=2.00MB thread-reservation=1
max-parallelism=70 segment-costs=[637028837, 11823] cpu-comparison-result=130 [max(130 (self) vs 75 (sum children))]
16:AGGREGATE [STREAMING]
|  output: count()
|  group by: tpcds_partitioned_parquet_snap.customer_address.ca_state
|  mem-estimate=10.00MB mem-reservation=2.00MB spill-buffer=64.00KB thread-reservation=0
|  tuple-ids=17 row-size=22B cardinality=6.12K cost=38152863
|  in pipelines: 00(GETNEXT)
|
15:HASH JOIN [INNER JOIN, PARTITIONED]
|  hash-table-id=00
|  hash predicates: tpcds_partitioned_parquet_snap.store_sales.ss_customer_sk = tpcds_partitioned_parquet_snap.customer.c_customer_sk
|  fk/pk conjuncts: tpcds_partitioned_parquet_snap.store_sales.ss_customer_sk = tpcds_partitioned_parquet_snap.customer.c_customer_sk
|  mem-estimate=0B mem-reservation=0B spill-buffer=2.00MB thread-reservation=0
|  tuple-ids=0,2,6,7,12,13,15 row-size=1.18KB cardinality=130.38M cost=60056836
|  in pipelines: 00(GETNEXT), 12(OPEN)
|
|--F14:PLAN FRAGMENT [HASH(tpcds_partitioned_parquet_snap.store_sales.ss_customer_sk)] hosts=10 instances=10 (adjusted from 120)
|  |  Per-Instance Resources: mem-estimate=1.33GB mem-reservation=50.00MB thread-reservation=1 runtime-filters-memory=16.00MB
|  |  max-parallelism=70 segment-costs=[94604435] cpu-comparison-result=50 [max(50 (self) vs 40 (sum children))]
|  JOIN BUILD
|  |  join-table-id=00 plan-id=01 cohort-id=01
|  |  build expressions: tpcds_partitioned_parquet_snap.customer.c_customer_sk
|  |  runtime filters: RF000[bloom] <- tpcds_partitioned_parquet_snap.customer.c_customer_sk, RF001[min_max] <- tpcds_partitioned_parquet_snap.customer.c_customer_sk
|  |  mem-estimate=1.29GB mem-reservation=34.00MB spill-buffer=2.00MB thread-reservation=0 cost=30000000
|  |
|  30:EXCHANGE [HASH(tpcds_partitioned_parquet_snap.customer.c_customer_sk)]
|  |  mem-estimate=23.01MB mem-reservation=0B thread-reservation=0
|  |  tuple-ids=13,15 row-size=436B cardinality=30.00M cost=64604435
|  |  in pipelines: 12(GETNEXT)
|  |
|  F10:PLAN FRAGMENT [HASH(tpcds_partitioned_parquet_snap.customer.c_current_addr_sk)] hosts=10 instances=30 (adjusted from 10)
|  Per-Instance Resources: mem-estimate=29.38MB mem-reservation=0B thread-reservation=1
|  max-parallelism=100 segment-costs=[917925706]
|  14:HASH JOIN [INNER JOIN, PARTITIONED]
|  |  hash-table-id=01
|  |  hash predicates: tpcds_partitioned_parquet_snap.customer.c_current_addr_sk = tpcds_partitioned_parquet_snap.customer_address.ca_address_sk
|  |  fk/pk conjuncts: tpcds_partitioned_parquet_snap.customer.c_current_addr_sk = tpcds_partitioned_parquet_snap.customer_address.ca_address_sk
|  |  mem-estimate=0B mem-reservation=0B spill-buffer=2.00MB thread-reservation=0
|  |  tuple-ids=13,15 row-size=436B cardinality=30.00M cost=13131000
|  |  in pipelines: 12(GETNEXT), 13(OPEN)
|  |
|  |--F15:PLAN FRAGMENT [HASH(tpcds_partitioned_parquet_snap.customer.c_current_addr_sk)] hosts=10 instances=30 (adjusted from 10)
|  |  |  Per-Instance Resources: mem-estimate=151.54MB mem-reservation=50.00MB thread-reservation=1 runtime-filters-memory=16.00MB
|  |  |  max-parallelism=100 segment-costs=[32647413]
|  |  JOIN BUILD
|  |  |  join-table-id=01 plan-id=02 cohort-id=02
|  |  |  build expressions: tpcds_partitioned_parquet_snap.customer_address.ca_address_sk
|  |  |  runtime filters: RF010[bloom] <- tpcds_partitioned_parquet_snap.customer_address.ca_address_sk, RF011[min_max] <- tpcds_partitioned_parquet_snap.customer_address.ca_address_sk
|  |  |  mem-estimate=123.24MB mem-reservation=34.00MB spill-buffer=2.00MB thread-reservation=0 cost=15000000
|  |  |
|  |  28:EXCHANGE [HASH(tpcds_partitioned_parquet_snap.customer_address.ca_address_sk)]
|  |  |  mem-estimate=12.30MB mem-reservation=0B thread-reservation=0
|  |  |  tuple-ids=15 row-size=232B cardinality=15.00M cost=17647413
|  |  |  in pipelines: 13(GETNEXT)
|  |  |
|  |  F09:PLAN FRAGMENT [RANDOM] hosts=10 instances=10
|  |  Per-Instance Resources: mem-estimate=43.61MB mem-reservation=128.00KB thread-reservation=1
|  |  max-parallelism=10 segment-costs=[252975990]
|  |  13:SCAN HDFS [tpcds_partitioned_parquet_snap.customer_address, RANDOM]
|  |     HDFS partitions=1/1 files=1 size=307.36MB
|  |     stored statistics:
|  |       table: rows=15.00M size=307.36MB
|  |       columns: all
|  |     extrapolated-rows=disabled max-scan-range-rows=1.58M
|  |     mem-estimate=16.00MB mem-reservation=128.00KB thread-reservation=0
|  |     tuple-ids=15 row-size=232B cardinality=15.00M cost=21515206
|  |     in pipelines: 13(GETNEXT)
|  |
|  27:EXCHANGE [HASH(tpcds_partitioned_parquet_snap.customer.c_current_addr_sk)]
|  |  mem-estimate=12.04MB mem-reservation=0B thread-reservation=0
|  |  tuple-ids=13 row-size=204B cardinality=30.00M cost=31538607
|  |  in pipelines: 12(GETNEXT)
|  |
|  F08:PLAN FRAGMENT [RANDOM] hosts=10 instances=10
|  Per-Host Shared Resources: mem-estimate=16.00MB mem-reservation=16.00MB thread-reservation=0 runtime-filters-memory=16.00MB
|  Per-Instance Resources: mem-estimate=40.42MB mem-reservation=1.00MB thread-reservation=1
|  max-parallelism=10 segment-costs=[457158314]
|  12:SCAN HDFS [tpcds_partitioned_parquet_snap.customer, RANDOM]
|     HDFS partitions=1/1 files=1 size=1.55GB
|     runtime filters: RF011[min_max] -> tpcds_partitioned_parquet_snap.customer.c_current_addr_sk, RF010[bloom] -> tpcds_partitioned_parquet_snap.customer.c_current_addr_sk
|     stored statistics:
|       table: rows=30.00M size=1.55GB
|       columns: all
|     extrapolated-rows=disabled max-scan-range-rows=3.10M
|     mem-estimate=16.00MB mem-reservation=1.00MB thread-reservation=0
|     tuple-ids=13 row-size=204B cardinality=30.00M cost=46823813
|     in pipelines: 12(GETNEXT)
|
29:EXCHANGE [HASH(tpcds_partitioned_parquet_snap.store_sales.ss_customer_sk)]
|  mem-estimate=102.41MB mem-reservation=0B thread-reservation=0
|  tuple-ids=0,2,6,7,12 row-size=769B cardinality=142.03M cost=538819138
|  in pipelines: 00(GETNEXT)
|
F00:PLAN FRAGMENT [RANDOM] hosts=10 instances=120
Per-Host Shared Resources: mem-estimate=18.00MB mem-reservation=18.00MB thread-reservation=0 runtime-filters-memory=18.00MB
Per-Instance Resources: mem-estimate=46.80MB mem-reservation=8.00MB thread-reservation=1
max-parallelism=1824 segment-costs=[21461866067]
11:HASH JOIN [INNER JOIN, BROADCAST]
|  hash-table-id=02
|  hash predicates: tpcds_partitioned_parquet_snap.store_sales.ss_item_sk = tpcds_partitioned_parquet_snap.item.i_item_sk
|  fk/pk conjuncts: tpcds_partitioned_parquet_snap.store_sales.ss_item_sk = tpcds_partitioned_parquet_snap.item.i_item_sk
|  mem-estimate=0B mem-reservation=0B spill-buffer=2.00MB thread-reservation=0
|  tuple-ids=0,2,6,7,12 row-size=769B cardinality=142.03M cost=62186139
|  in pipelines: 00(GETNEXT), 07(OPEN)
|
|--F16:PLAN FRAGMENT [RANDOM] hosts=10 instances=10
|  |  Per-Instance Resources: mem-estimate=420.72MB mem-reservation=409.00MB thread-reservation=1 runtime-filters-memory=1.00MB
|  |  max-parallelism=10 segment-costs=[838440] cpu-comparison-result=14 [max(14 (self) vs 4 (sum children))]
|  JOIN BUILD
|  |  join-table-id=02 plan-id=03 cohort-id=01
|  |  build expressions: tpcds_partitioned_parquet_snap.item.i_item_sk
|  |  runtime filters: RF002[bloom] <- tpcds_partitioned_parquet_snap.item.i_item_sk, RF003[min_max] <- tpcds_partitioned_parquet_snap.item.i_item_sk
|  |  mem-estimate=408.00MB mem-reservation=408.00MB spill-buffer=2.00MB thread-reservation=0 cost=360000
|  |
|  26:EXCHANGE [BROADCAST]
|  |  mem-estimate=11.72MB mem-reservation=0B thread-reservation=0
|  |  tuple-ids=7,12 row-size=431B cardinality=360.00K cost=478440
|  |  in pipelines: 07(GETNEXT)
|  |
|  F05:PLAN FRAGMENT [RANDOM] hosts=4 instances=4
|  Per-Host Shared Resources: mem-estimate=1.00MB mem-reservation=1.00MB thread-reservation=0 runtime-filters-memory=1.00MB
|  Per-Instance Resources: mem-estimate=17.72MB mem-reservation=512.00KB thread-reservation=1
|  max-parallelism=4 segment-costs=[1948057]
|  10:HASH JOIN [INNER JOIN, BROADCAST]
|  |  hash-table-id=03
|  |  hash predicates: tpcds_partitioned_parquet_snap.item.i_category = tpcds_partitioned_parquet_snap.item_0.i_category
|  |  fk/pk conjuncts: none
|  |  other join predicates: tpcds_partitioned_parquet_snap.item.i_current_price > multiply(CAST(1.2 AS DECIMAL(2,1)), avg(tpcds_partitioned_parquet_snap.item_0.i_current_price))
|  |  mem-estimate=0B mem-reservation=0B spill-buffer=64.00KB thread-reservation=0
|  |  tuple-ids=7,12 row-size=431B cardinality=360.00K cost=157572
|  |  in pipelines: 07(GETNEXT), 24(OPEN)
|  |
|  |--F17:PLAN FRAGMENT [RANDOM] hosts=4 instances=4
|  |  |  Per-Instance Resources: mem-estimate=2.95MB mem-reservation=2.94MB thread-reservation=1 runtime-filters-memory=1.00MB
|  |  |  max-parallelism=4 segment-costs=[14] cpu-comparison-result=4 [max(4 (self) vs 4 (sum children))]
|  |  JOIN BUILD
|  |  |  join-table-id=03 plan-id=04 cohort-id=03
|  |  |  build expressions: tpcds_partitioned_parquet_snap.item_0.i_category
|  |  |  runtime filters: RF008[bloom] <- tpcds_partitioned_parquet_snap.item_0.i_category, RF009[min_max] <- tpcds_partitioned_parquet_snap.item_0.i_category
|  |  |  mem-estimate=1.94MB mem-reservation=1.94MB spill-buffer=64.00KB thread-reservation=0 cost=10
|  |  |
|  |  25:EXCHANGE [BROADCAST]
|  |  |  mem-estimate=16.00KB mem-reservation=0B thread-reservation=0
|  |  |  tuple-ids=12 row-size=26B cardinality=10 cost=4
|  |  |  in pipelines: 24(GETNEXT)
|  |  |
|  |  F07:PLAN FRAGMENT [HASH(tpcds_partitioned_parquet_snap.item_0.i_category)] hosts=4 instances=4
|  |  Per-Instance Resources: mem-estimate=10.12MB mem-reservation=1.94MB thread-reservation=1
|  |  max-parallelism=4 segment-costs=[46, 0] cpu-comparison-result=4 [max(4 (self) vs 4 (sum children))]
|  |  24:AGGREGATE [FINALIZE]
|  |  |  output: avg:merge(tpcds_partitioned_parquet_snap.item_0.i_current_price)
|  |  |  group by: tpcds_partitioned_parquet_snap.item_0.i_category
|  |  |  mem-estimate=10.00MB mem-reservation=1.94MB spill-buffer=64.00KB thread-reservation=0
|  |  |  tuple-ids=12 row-size=26B cardinality=10 cost=37
|  |  |  in pipelines: 24(GETNEXT), 08(OPEN)
|  |  |
|  |  23:EXCHANGE [HASH(tpcds_partitioned_parquet_snap.item_0.i_category)]
|  |  |  mem-estimate=16.00KB mem-reservation=0B thread-reservation=0
|  |  |  tuple-ids=11 row-size=26B cardinality=40 cost=9
|  |  |  in pipelines: 08(GETNEXT)
|  |  |
|  |  F06:PLAN FRAGMENT [RANDOM] hosts=4 instances=4
|  |  Per-Instance Resources: mem-estimate=26.47MB mem-reservation=2.50MB thread-reservation=1
|  |  max-parallelism=4 segment-costs=[72097, 87]
|  |  09:AGGREGATE [STREAMING]
|  |  |  output: avg(tpcds_partitioned_parquet_snap.item_0.i_current_price)
|  |  |  group by: tpcds_partitioned_parquet_snap.item_0.i_category
|  |  |  mem-estimate=10.00MB mem-reservation=2.00MB spill-buffer=64.00KB thread-reservation=0
|  |  |  tuple-ids=11 row-size=26B cardinality=40 cost=10634
|  |  |  in pipelines: 08(GETNEXT)
|  |  |
|  |  08:SCAN HDFS [tpcds_partitioned_parquet_snap.item, RANDOM]
|  |     HDFS partitions=1/1 files=1 size=33.54MB
|  |     predicates: is_not_null_pred(tpcds_partitioned_parquet_snap.item_0.i_category)
|  |     stored statistics:
|  |       table: rows=360.00K size=33.54MB
|  |       columns: all
|  |     extrapolated-rows=disabled max-scan-range-rows=101.54K
|  |     parquet dictionary predicates: is_not_null_pred(tpcds_partitioned_parquet_snap.item_0.i_category)
|  |     mem-estimate=16.00MB mem-reservation=512.00KB thread-reservation=0
|  |     tuple-ids=9 row-size=22B cardinality=36.00K cost=61463
|  |     in pipelines: 08(GETNEXT)
|  |
|  07:SCAN HDFS [tpcds_partitioned_parquet_snap.item, RANDOM]
|     HDFS partitions=1/1 files=1 size=33.54MB
|     runtime filters: RF009[min_max] -> tpcds_partitioned_parquet_snap.item.i_category, RF008[bloom] -> tpcds_partitioned_parquet_snap.item.i_category
|     stored statistics:
|       table: rows=360.00K size=33.54MB
|       columns: all
|     extrapolated-rows=disabled max-scan-range-rows=101.54K
|     mem-estimate=16.00MB mem-reservation=512.00KB thread-reservation=0
|     tuple-ids=7 row-size=405B cardinality=360.00K cost=1355609
|     in pipelines: 07(GETNEXT)
|
06:HASH JOIN [INNER JOIN, BROADCAST]
|  hash-table-id=04
|  hash predicates: tpcds_partitioned_parquet_snap.store_sales.ss_sold_date_sk = tpcds_partitioned_parquet_snap.date_dim.d_date_sk
|  fk/pk conjuncts: tpcds_partitioned_parquet_snap.store_sales.ss_sold_date_sk = tpcds_partitioned_parquet_snap.date_dim.d_date_sk
|  mem-estimate=0B mem-reservation=0B spill-buffer=64.00KB thread-reservation=0
|  tuple-ids=0,2,6 row-size=337B cardinality=142.10M cost=2060108489
|  in pipelines: 00(GETNEXT), 01(OPEN)
|
|--F18:PLAN FRAGMENT [RANDOM] hosts=10 instances=10
|  |  Per-Instance Resources: mem-estimate=24.27MB mem-reservation=24.25MB thread-reservation=1 runtime-filters-memory=1.00MB
|  |  max-parallelism=10 segment-costs=[60] cpu-comparison-result=11 [max(11 (self) vs 1 (sum children))]
|  JOIN BUILD
|  |  join-table-id=04 plan-id=05 cohort-id=01
|  |  build expressions: tpcds_partitioned_parquet_snap.date_dim.d_date_sk
|  |  runtime filters: RF004[bloom] <- tpcds_partitioned_parquet_snap.date_dim.d_date_sk
|  |  mem-estimate=23.25MB mem-reservation=23.25MB spill-buffer=64.00KB thread-reservation=0 cost=30
|  |
|  22:EXCHANGE [BROADCAST]
|  |  mem-estimate=16.00KB mem-reservation=0B thread-reservation=0
|  |  tuple-ids=2,6 row-size=241B cardinality=30 cost=30
|  |  in pipelines: 01(GETNEXT)
|  |
|  F01:PLAN FRAGMENT [RANDOM] hosts=1 instances=1
|  Per-Host Shared Resources: mem-estimate=1.00MB mem-reservation=1.00MB thread-reservation=0 runtime-filters-memory=1.00MB
|  Per-Instance Resources: mem-estimate=16.97MB mem-reservation=4.00MB thread-reservation=1
|  max-parallelism=1 segment-costs=[110633]
|  05:HASH JOIN [INNER JOIN, BROADCAST]
|  |  hash-table-id=05
|  |  hash predicates: tpcds_partitioned_parquet_snap.date_dim.d_month_seq = tpcds_partitioned_parquet_snap.date_dim_0.d_month_seq
|  |  fk/pk conjuncts: none
|  |  mem-estimate=0B mem-reservation=0B spill-buffer=64.00KB thread-reservation=0
|  |  tuple-ids=2,6 row-size=241B cardinality=30 cost=13
|  |  in pipelines: 01(GETNEXT), 04(OPEN)
|  |
|  |--F19:PLAN FRAGMENT [RANDOM] hosts=1 instances=1
|  |  |  Per-Instance Resources: mem-estimate=2.95MB mem-reservation=2.94MB thread-reservation=1 runtime-filters-memory=1.00MB
|  |  |  max-parallelism=1 segment-costs=[1] cpu-comparison-result=1 [max(1 (self) vs 1 (sum children))]
|  |  JOIN BUILD
|  |  |  join-table-id=05 plan-id=06 cohort-id=04
|  |  |  build expressions: tpcds_partitioned_parquet_snap.date_dim_0.d_month_seq
|  |  |  runtime filters: RF006[bloom] <- tpcds_partitioned_parquet_snap.date_dim_0.d_month_seq, RF007[min_max] <- tpcds_partitioned_parquet_snap.date_dim_0.d_month_seq
|  |  |  mem-estimate=1.94MB mem-reservation=1.94MB spill-buffer=64.00KB thread-reservation=0 cost=1
|  |  |
|  |  21:EXCHANGE [BROADCAST]
|  |  |  mem-estimate=16.00KB mem-reservation=0B thread-reservation=0
|  |  |  tuple-ids=6 row-size=4B cardinality=1 cost=0
|  |  |  in pipelines: 04(GETNEXT)
|  |  |
|  |  F04:PLAN FRAGMENT [UNPARTITIONED] hosts=1 instances=1
|  |  Per-Instance Resources: mem-estimate=32.00KB mem-reservation=0B thread-reservation=1
|  |  max-parallelism=1 segment-costs=[0, 0] cpu-comparison-result=1 [max(1 (self) vs 1 (sum children))]
|  |  04:CARDINALITY CHECK
|  |  |  limit: 1
|  |  |  mem-estimate=0B mem-reservation=0B thread-reservation=0
|  |  |  tuple-ids=6 row-size=4B cardinality=1 cost=0
|  |  |  in pipelines: 04(GETNEXT), 19(OPEN)
|  |  |
|  |  20:EXCHANGE [UNPARTITIONED]
|  |  |  limit: 2
|  |  |  mem-estimate=16.00KB mem-reservation=0B thread-reservation=0
|  |  |  tuple-ids=6 row-size=4B cardinality=2 cost=0
|  |  |  in pipelines: 19(GETNEXT)
|  |  |
|  |  F03:PLAN FRAGMENT [HASH(tpcds_partitioned_parquet_snap.date_dim_0.d_month_seq)] hosts=1 instances=1
|  |  Per-Instance Resources: mem-estimate=10.03MB mem-reservation=1.94MB thread-reservation=1
|  |  max-parallelism=1 segment-costs=[5, 1] cpu-comparison-result=1 [max(1 (self) vs 1 (sum children))]
|  |  19:AGGREGATE [FINALIZE]
|  |  |  group by: tpcds_partitioned_parquet_snap.date_dim_0.d_month_seq
|  |  |  limit: 2
|  |  |  mem-estimate=10.00MB mem-reservation=1.94MB spill-buffer=64.00KB thread-reservation=0
|  |  |  tuple-ids=6 row-size=4B cardinality=2 cost=5
|  |  |  in pipelines: 19(GETNEXT), 02(OPEN)
|  |  |
|  |  18:EXCHANGE [HASH(tpcds_partitioned_parquet_snap.date_dim_0.d_month_seq)]
|  |  |  mem-estimate=16.00KB mem-reservation=0B thread-reservation=0
|  |  |  tuple-ids=6 row-size=4B cardinality=2 cost=0
|  |  |  in pipelines: 02(GETNEXT)
|  |  |
|  |  F02:PLAN FRAGMENT [RANDOM] hosts=1 instances=1
|  |  Per-Instance Resources: mem-estimate=26.03MB mem-reservation=2.25MB thread-reservation=1
|  |  max-parallelism=1 segment-costs=[16764, 1]
|  |  03:AGGREGATE [STREAMING]
|  |  |  group by: tpcds_partitioned_parquet_snap.date_dim_0.d_month_seq
|  |  |  limit: 2
|  |  |  mem-estimate=10.00MB mem-reservation=2.00MB spill-buffer=64.00KB thread-reservation=0
|  |  |  tuple-ids=6 row-size=4B cardinality=2 cost=36
|  |  |  in pipelines: 02(GETNEXT)
|  |  |
|  |  02:SCAN HDFS [tpcds_partitioned_parquet_snap.date_dim, RANDOM]
|  |     HDFS partitions=1/1 files=1 size=2.17MB
|  |     predicates: tpcds_partitioned_parquet_snap.date_dim_0.d_year = CAST(2002 AS INT), tpcds_partitioned_parquet_snap.date_dim_0.d_moy = CAST(3 AS INT)
|  |     stored statistics:
|  |       table: rows=73.05K size=2.17MB
|  |       columns: all
|  |     extrapolated-rows=disabled max-scan-range-rows=73.05K
|  |     parquet statistics predicates: tpcds_partitioned_parquet_snap.date_dim_0.d_year = CAST(2002 AS INT), tpcds_partitioned_parquet_snap.date_dim_0.d_moy = CAST(3 AS INT)
|  |     parquet dictionary predicates: tpcds_partitioned_parquet_snap.date_dim_0.d_year = CAST(2002 AS INT), tpcds_partitioned_parquet_snap.date_dim_0.d_moy = CAST(3 AS INT)
|  |     mem-estimate=16.00MB mem-reservation=256.00KB thread-reservation=0
|  |     tuple-ids=4 row-size=12B cardinality=108 cost=16728
|  |     in pipelines: 02(GETNEXT)
|  |
|  01:SCAN HDFS [tpcds_partitioned_parquet_snap.date_dim, RANDOM]
|     HDFS partitions=1/1 files=1 size=2.17MB
|     runtime filters: RF007[min_max] -> tpcds_partitioned_parquet_snap.date_dim.d_month_seq, RF006[bloom] -> tpcds_partitioned_parquet_snap.date_dim.d_month_seq
|     stored statistics:
|       table: rows=73.05K size=2.17MB
|       columns: all
|     extrapolated-rows=disabled max-scan-range-rows=73.05K
|     mem-estimate=16.00MB mem-reservation=4.00MB thread-reservation=0
|     tuple-ids=2 row-size=237B cardinality=30(filtered from 73.05K) cost=110600
|     in pipelines: 01(GETNEXT)
|
00:SCAN HDFS [tpcds_partitioned_parquet_snap.store_sales, RANDOM]
   HDFS partitions=1824/1824 files=1824 size=389.90GB
   runtime filters: RF001[min_max] -> tpcds_partitioned_parquet_snap.store_sales.ss_customer_sk, RF003[min_max] -> tpcds_partitioned_parquet_snap.store_sales.ss_item_sk, RF004[bloom] -> tpcds_partitioned_parquet_snap.store_sales.ss_sold_date_sk, RF000[bloom] -> tpcds_partitioned_parquet_snap.store_sales.ss_customer_sk, RF002[bloom] -> tpcds_partitioned_parquet_snap.store_sales.ss_item_sk
   stored statistics:
     table: rows=8.64G size=389.90GB
     partitions: 1824/1824 rows=8.64G
     columns: all
   extrapolated-rows=disabled max-scan-range-rows=390.22M
   mem-estimate=16.00MB mem-reservation=8.00MB thread-reservation=0
   tuple-ids=0 row-size=96B cardinality=7.93G(filtered from 8.64G) cost=11943846410
   in pipelines: 00(GETNEXT)
---- PARALLELPLANS
Max Per-Host Resource Reservation: Memory=793.31MB Threads=35
Per-Host Resource Estimates: Memory=3.20GB
F13:PLAN FRAGMENT [UNPARTITIONED] hosts=1 instances=1
|  Per-Instance Resources: mem-estimate=4.02MB mem-reservation=4.00MB thread-reservation=1
|  max-parallelism=1 segment-costs=[11] cpu-comparison-result=130 [max(1 (self) vs 130 (sum children))]
PLAN-ROOT SINK
|  output exprs: tpcds_partitioned_parquet_snap.customer_address.ca_state, count()
|  mem-estimate=4.00MB mem-reservation=4.00MB spill-buffer=2.00MB thread-reservation=0 cost=10
|
33:MERGING-EXCHANGE [UNPARTITIONED]
|  order by: count() ASC NULLS LAST, tpcds_partitioned_parquet_snap.customer_address.ca_state ASC NULLS LAST
|  limit: 100
|  mem-estimate=16.00KB mem-reservation=0B thread-reservation=0
|  tuple-ids=18 row-size=22B cardinality=5 cost=1
|  in pipelines: 17(GETNEXT)
|
F12:PLAN FRAGMENT [HASH(tpcds_partitioned_parquet_snap.customer_address.ca_state)] hosts=10 instances=10 (adjusted from 120)
Per-Instance Resources: mem-estimate=10.27MB mem-reservation=1.94MB thread-reservation=1
max-parallelism=10 segment-costs=[3222, 6, 4] cpu-comparison-result=130 [max(10 (self) vs 130 (sum children))]
17:TOP-N [LIMIT=100]
|  order by: count() ASC NULLS LAST, tpcds_partitioned_parquet_snap.customer_address.ca_state ASC NULLS LAST
|  mem-estimate=110B mem-reservation=0B thread-reservation=0
|  tuple-ids=18 row-size=22B cardinality=5 cost=6
|  in pipelines: 17(GETNEXT), 32(OPEN)
|
32:AGGREGATE [FINALIZE]
|  output: count:merge()
|  group by: tpcds_partitioned_parquet_snap.customer_address.ca_state
|  having: count() >= CAST(10 AS BIGINT)
|  mem-estimate=10.00MB mem-reservation=1.94MB spill-buffer=64.00KB thread-reservation=0
|  tuple-ids=17 row-size=22B cardinality=5 cost=1923
|  in pipelines: 32(GETNEXT), 00(OPEN)
|
31:EXCHANGE [HASH(tpcds_partitioned_parquet_snap.customer_address.ca_state)]
|  mem-estimate=273.15KB mem-reservation=0B thread-reservation=0
|  tuple-ids=17 row-size=22B cardinality=6.12K cost=1299
|  in pipelines: 00(GETNEXT)
|
F11:PLAN FRAGMENT [HASH(tpcds_partitioned_parquet_snap.store_sales.ss_customer_sk)] hosts=10 instances=10 (adjusted from 120)
Per-Instance Resources: mem-estimate=113.42MB mem-reservation=2.00MB thread-reservation=1
max-parallelism=70 segment-costs=[637028837, 11823] cpu-comparison-result=130 [max(130 (self) vs 75 (sum children))]
16:AGGREGATE [STREAMING]
|  output: count()
|  group by: tpcds_partitioned_parquet_snap.customer_address.ca_state
|  mem-estimate=10.00MB mem-reservation=2.00MB spill-buffer=64.00KB thread-reservation=0
|  tuple-ids=17 row-size=22B cardinality=6.12K cost=38152863
|  in pipelines: 00(GETNEXT)
|
15:HASH JOIN [INNER JOIN, PARTITIONED]
|  hash-table-id=00
|  hash predicates: tpcds_partitioned_parquet_snap.store_sales.ss_customer_sk = tpcds_partitioned_parquet_snap.customer.c_customer_sk
|  fk/pk conjuncts: tpcds_partitioned_parquet_snap.store_sales.ss_customer_sk = tpcds_partitioned_parquet_snap.customer.c_customer_sk
|  mem-estimate=0B mem-reservation=0B spill-buffer=2.00MB thread-reservation=0
|  tuple-ids=0,2,6,7,12,13,15 row-size=1.18KB cardinality=130.38M cost=60056836
|  in pipelines: 00(GETNEXT), 12(OPEN)
|
|--F14:PLAN FRAGMENT [HASH(tpcds_partitioned_parquet_snap.store_sales.ss_customer_sk)] hosts=10 instances=10 (adjusted from 120)
|  |  Per-Instance Resources: mem-estimate=1.33GB mem-reservation=50.00MB thread-reservation=1 runtime-filters-memory=16.00MB
|  |  max-parallelism=70 segment-costs=[94604435] cpu-comparison-result=50 [max(50 (self) vs 40 (sum children))]
|  JOIN BUILD
|  |  join-table-id=00 plan-id=01 cohort-id=01
|  |  build expressions: tpcds_partitioned_parquet_snap.customer.c_customer_sk
|  |  runtime filters: RF000[bloom] <- tpcds_partitioned_parquet_snap.customer.c_customer_sk, RF001[min_max] <- tpcds_partitioned_parquet_snap.customer.c_customer_sk
|  |  mem-estimate=1.29GB mem-reservation=34.00MB spill-buffer=2.00MB thread-reservation=0 cost=30000000
|  |
|  30:EXCHANGE [HASH(tpcds_partitioned_parquet_snap.customer.c_customer_sk)]
|  |  mem-estimate=23.01MB mem-reservation=0B thread-reservation=0
|  |  tuple-ids=13,15 row-size=436B cardinality=30.00M cost=64604435
|  |  in pipelines: 12(GETNEXT)
|  |
|  F10:PLAN FRAGMENT [HASH(tpcds_partitioned_parquet_snap.customer.c_current_addr_sk)] hosts=10 instances=30 (adjusted from 10)
|  Per-Instance Resources: mem-estimate=29.38MB mem-reservation=0B thread-reservation=1
|  max-parallelism=100 segment-costs=[917925706]
|  14:HASH JOIN [INNER JOIN, PARTITIONED]
|  |  hash-table-id=01
|  |  hash predicates: tpcds_partitioned_parquet_snap.customer.c_current_addr_sk = tpcds_partitioned_parquet_snap.customer_address.ca_address_sk
|  |  fk/pk conjuncts: tpcds_partitioned_parquet_snap.customer.c_current_addr_sk = tpcds_partitioned_parquet_snap.customer_address.ca_address_sk
|  |  mem-estimate=0B mem-reservation=0B spill-buffer=2.00MB thread-reservation=0
|  |  tuple-ids=13,15 row-size=436B cardinality=30.00M cost=13131000
|  |  in pipelines: 12(GETNEXT), 13(OPEN)
|  |
|  |--F15:PLAN FRAGMENT [HASH(tpcds_partitioned_parquet_snap.customer.c_current_addr_sk)] hosts=10 instances=30 (adjusted from 10)
|  |  |  Per-Instance Resources: mem-estimate=151.54MB mem-reservation=50.00MB thread-reservation=1 runtime-filters-memory=16.00MB
|  |  |  max-parallelism=100 segment-costs=[32647413]
|  |  JOIN BUILD
|  |  |  join-table-id=01 plan-id=02 cohort-id=02
|  |  |  build expressions: tpcds_partitioned_parquet_snap.customer_address.ca_address_sk
|  |  |  runtime filters: RF010[bloom] <- tpcds_partitioned_parquet_snap.customer_address.ca_address_sk, RF011[min_max] <- tpcds_partitioned_parquet_snap.customer_address.ca_address_sk
|  |  |  mem-estimate=123.24MB mem-reservation=34.00MB spill-buffer=2.00MB thread-reservation=0 cost=15000000
|  |  |
|  |  28:EXCHANGE [HASH(tpcds_partitioned_parquet_snap.customer_address.ca_address_sk)]
|  |  |  mem-estimate=12.30MB mem-reservation=0B thread-reservation=0
|  |  |  tuple-ids=15 row-size=232B cardinality=15.00M cost=17647413
|  |  |  in pipelines: 13(GETNEXT)
|  |  |
|  |  F09:PLAN FRAGMENT [RANDOM] hosts=10 instances=10
|  |  Per-Instance Resources: mem-estimate=43.61MB mem-reservation=128.00KB thread-reservation=1
|  |  max-parallelism=10 segment-costs=[252975990]
|  |  13:SCAN HDFS [tpcds_partitioned_parquet_snap.customer_address, RANDOM]
|  |     HDFS partitions=1/1 files=1 size=307.36MB
|  |     stored statistics:
|  |       table: rows=15.00M size=307.36MB
|  |       columns: all
|  |     extrapolated-rows=disabled max-scan-range-rows=1.58M
|  |     mem-estimate=16.00MB mem-reservation=128.00KB thread-reservation=0
|  |     tuple-ids=15 row-size=232B cardinality=15.00M cost=21515206
|  |     in pipelines: 13(GETNEXT)
|  |
|  27:EXCHANGE [HASH(tpcds_partitioned_parquet_snap.customer.c_current_addr_sk)]
|  |  mem-estimate=12.04MB mem-reservation=0B thread-reservation=0
|  |  tuple-ids=13 row-size=204B cardinality=30.00M cost=31538607
|  |  in pipelines: 12(GETNEXT)
|  |
|  F08:PLAN FRAGMENT [RANDOM] hosts=10 instances=10
|  Per-Host Shared Resources: mem-estimate=16.00MB mem-reservation=16.00MB thread-reservation=0 runtime-filters-memory=16.00MB
|  Per-Instance Resources: mem-estimate=40.42MB mem-reservation=1.00MB thread-reservation=1
|  max-parallelism=10 segment-costs=[457158314]
|  12:SCAN HDFS [tpcds_partitioned_parquet_snap.customer, RANDOM]
|     HDFS partitions=1/1 files=1 size=1.55GB
|     runtime filters: RF011[min_max] -> tpcds_partitioned_parquet_snap.customer.c_current_addr_sk, RF010[bloom] -> tpcds_partitioned_parquet_snap.customer.c_current_addr_sk
|     stored statistics:
|       table: rows=30.00M size=1.55GB
|       columns: all
|     extrapolated-rows=disabled max-scan-range-rows=3.10M
|     mem-estimate=16.00MB mem-reservation=1.00MB thread-reservation=0
|     tuple-ids=13 row-size=204B cardinality=30.00M cost=46823813
|     in pipelines: 12(GETNEXT)
|
29:EXCHANGE [HASH(tpcds_partitioned_parquet_snap.store_sales.ss_customer_sk)]
|  mem-estimate=102.41MB mem-reservation=0B thread-reservation=0
|  tuple-ids=0,2,6,7,12 row-size=769B cardinality=142.03M cost=538819138
|  in pipelines: 00(GETNEXT)
|
F00:PLAN FRAGMENT [RANDOM] hosts=10 instances=120
Per-Host Shared Resources: mem-estimate=18.00MB mem-reservation=18.00MB thread-reservation=0 runtime-filters-memory=18.00MB
Per-Instance Resources: mem-estimate=46.80MB mem-reservation=8.00MB thread-reservation=1
max-parallelism=1824 segment-costs=[21461866067]
11:HASH JOIN [INNER JOIN, BROADCAST]
|  hash-table-id=02
|  hash predicates: tpcds_partitioned_parquet_snap.store_sales.ss_item_sk = tpcds_partitioned_parquet_snap.item.i_item_sk
|  fk/pk conjuncts: tpcds_partitioned_parquet_snap.store_sales.ss_item_sk = tpcds_partitioned_parquet_snap.item.i_item_sk
|  mem-estimate=0B mem-reservation=0B spill-buffer=2.00MB thread-reservation=0
|  tuple-ids=0,2,6,7,12 row-size=769B cardinality=142.03M cost=62186139
|  in pipelines: 00(GETNEXT), 07(OPEN)
|
|--F16:PLAN FRAGMENT [RANDOM] hosts=10 instances=10
|  |  Per-Instance Resources: mem-estimate=420.72MB mem-reservation=409.00MB thread-reservation=1 runtime-filters-memory=1.00MB
|  |  max-parallelism=10 segment-costs=[838440] cpu-comparison-result=14 [max(14 (self) vs 4 (sum children))]
|  JOIN BUILD
|  |  join-table-id=02 plan-id=03 cohort-id=01
|  |  build expressions: tpcds_partitioned_parquet_snap.item.i_item_sk
|  |  runtime filters: RF002[bloom] <- tpcds_partitioned_parquet_snap.item.i_item_sk, RF003[min_max] <- tpcds_partitioned_parquet_snap.item.i_item_sk
|  |  mem-estimate=408.00MB mem-reservation=408.00MB spill-buffer=2.00MB thread-reservation=0 cost=360000
|  |
|  26:EXCHANGE [BROADCAST]
|  |  mem-estimate=11.72MB mem-reservation=0B thread-reservation=0
|  |  tuple-ids=7,12 row-size=431B cardinality=360.00K cost=478440
|  |  in pipelines: 07(GETNEXT)
|  |
|  F05:PLAN FRAGMENT [RANDOM] hosts=4 instances=4
|  Per-Host Shared Resources: mem-estimate=1.00MB mem-reservation=1.00MB thread-reservation=0 runtime-filters-memory=1.00MB
|  Per-Instance Resources: mem-estimate=17.72MB mem-reservation=512.00KB thread-reservation=1
|  max-parallelism=4 segment-costs=[1948057]
|  10:HASH JOIN [INNER JOIN, BROADCAST]
|  |  hash-table-id=03
|  |  hash predicates: tpcds_partitioned_parquet_snap.item.i_category = tpcds_partitioned_parquet_snap.item_0.i_category
|  |  fk/pk conjuncts: none
|  |  other join predicates: tpcds_partitioned_parquet_snap.item.i_current_price > multiply(CAST(1.2 AS DECIMAL(2,1)), avg(tpcds_partitioned_parquet_snap.item_0.i_current_price))
|  |  mem-estimate=0B mem-reservation=0B spill-buffer=64.00KB thread-reservation=0
|  |  tuple-ids=7,12 row-size=431B cardinality=360.00K cost=157572
|  |  in pipelines: 07(GETNEXT), 24(OPEN)
|  |
|  |--F17:PLAN FRAGMENT [RANDOM] hosts=4 instances=4
|  |  |  Per-Instance Resources: mem-estimate=2.95MB mem-reservation=2.94MB thread-reservation=1 runtime-filters-memory=1.00MB
|  |  |  max-parallelism=4 segment-costs=[14] cpu-comparison-result=4 [max(4 (self) vs 4 (sum children))]
|  |  JOIN BUILD
|  |  |  join-table-id=03 plan-id=04 cohort-id=03
|  |  |  build expressions: tpcds_partitioned_parquet_snap.item_0.i_category
|  |  |  runtime filters: RF008[bloom] <- tpcds_partitioned_parquet_snap.item_0.i_category, RF009[min_max] <- tpcds_partitioned_parquet_snap.item_0.i_category
|  |  |  mem-estimate=1.94MB mem-reservation=1.94MB spill-buffer=64.00KB thread-reservation=0 cost=10
|  |  |
|  |  25:EXCHANGE [BROADCAST]
|  |  |  mem-estimate=16.00KB mem-reservation=0B thread-reservation=0
|  |  |  tuple-ids=12 row-size=26B cardinality=10 cost=4
|  |  |  in pipelines: 24(GETNEXT)
|  |  |
|  |  F07:PLAN FRAGMENT [HASH(tpcds_partitioned_parquet_snap.item_0.i_category)] hosts=4 instances=4
|  |  Per-Instance Resources: mem-estimate=10.12MB mem-reservation=1.94MB thread-reservation=1
|  |  max-parallelism=4 segment-costs=[46, 0] cpu-comparison-result=4 [max(4 (self) vs 4 (sum children))]
|  |  24:AGGREGATE [FINALIZE]
|  |  |  output: avg:merge(tpcds_partitioned_parquet_snap.item_0.i_current_price)
|  |  |  group by: tpcds_partitioned_parquet_snap.item_0.i_category
|  |  |  mem-estimate=10.00MB mem-reservation=1.94MB spill-buffer=64.00KB thread-reservation=0
|  |  |  tuple-ids=12 row-size=26B cardinality=10 cost=37
|  |  |  in pipelines: 24(GETNEXT), 08(OPEN)
|  |  |
|  |  23:EXCHANGE [HASH(tpcds_partitioned_parquet_snap.item_0.i_category)]
|  |  |  mem-estimate=16.00KB mem-reservation=0B thread-reservation=0
|  |  |  tuple-ids=11 row-size=26B cardinality=40 cost=9
|  |  |  in pipelines: 08(GETNEXT)
|  |  |
|  |  F06:PLAN FRAGMENT [RANDOM] hosts=4 instances=4
|  |  Per-Instance Resources: mem-estimate=26.47MB mem-reservation=2.50MB thread-reservation=1
|  |  max-parallelism=4 segment-costs=[72097, 87]
|  |  09:AGGREGATE [STREAMING]
|  |  |  output: avg(tpcds_partitioned_parquet_snap.item_0.i_current_price)
|  |  |  group by: tpcds_partitioned_parquet_snap.item_0.i_category
|  |  |  mem-estimate=10.00MB mem-reservation=2.00MB spill-buffer=64.00KB thread-reservation=0
|  |  |  tuple-ids=11 row-size=26B cardinality=40 cost=10634
|  |  |  in pipelines: 08(GETNEXT)
|  |  |
|  |  08:SCAN HDFS [tpcds_partitioned_parquet_snap.item, RANDOM]
|  |     HDFS partitions=1/1 files=1 size=33.54MB
|  |     predicates: is_not_null_pred(tpcds_partitioned_parquet_snap.item_0.i_category)
|  |     stored statistics:
|  |       table: rows=360.00K size=33.54MB
|  |       columns: all
|  |     extrapolated-rows=disabled max-scan-range-rows=101.54K
|  |     parquet dictionary predicates: is_not_null_pred(tpcds_partitioned_parquet_snap.item_0.i_category)
|  |     mem-estimate=16.00MB mem-reservation=512.00KB thread-reservation=0
|  |     tuple-ids=9 row-size=22B cardinality=36.00K cost=61463
|  |     in pipelines: 08(GETNEXT)
|  |
|  07:SCAN HDFS [tpcds_partitioned_parquet_snap.item, RANDOM]
|     HDFS partitions=1/1 files=1 size=33.54MB
|     runtime filters: RF009[min_max] -> tpcds_partitioned_parquet_snap.item.i_category, RF008[bloom] -> tpcds_partitioned_parquet_snap.item.i_category
|     stored statistics:
|       table: rows=360.00K size=33.54MB
|       columns: all
|     extrapolated-rows=disabled max-scan-range-rows=101.54K
|     mem-estimate=16.00MB mem-reservation=512.00KB thread-reservation=0
|     tuple-ids=7 row-size=405B cardinality=360.00K cost=1355609
|     in pipelines: 07(GETNEXT)
|
06:HASH JOIN [INNER JOIN, BROADCAST]
|  hash-table-id=04
|  hash predicates: tpcds_partitioned_parquet_snap.store_sales.ss_sold_date_sk = tpcds_partitioned_parquet_snap.date_dim.d_date_sk
|  fk/pk conjuncts: tpcds_partitioned_parquet_snap.store_sales.ss_sold_date_sk = tpcds_partitioned_parquet_snap.date_dim.d_date_sk
|  mem-estimate=0B mem-reservation=0B spill-buffer=64.00KB thread-reservation=0
|  tuple-ids=0,2,6 row-size=337B cardinality=142.10M cost=2060108489
|  in pipelines: 00(GETNEXT), 01(OPEN)
|
|--F18:PLAN FRAGMENT [RANDOM] hosts=10 instances=10
|  |  Per-Instance Resources: mem-estimate=24.27MB mem-reservation=24.25MB thread-reservation=1 runtime-filters-memory=1.00MB
|  |  max-parallelism=10 segment-costs=[60] cpu-comparison-result=11 [max(11 (self) vs 1 (sum children))]
|  JOIN BUILD
|  |  join-table-id=04 plan-id=05 cohort-id=01
|  |  build expressions: tpcds_partitioned_parquet_snap.date_dim.d_date_sk
|  |  runtime filters: RF004[bloom] <- tpcds_partitioned_parquet_snap.date_dim.d_date_sk
|  |  mem-estimate=23.25MB mem-reservation=23.25MB spill-buffer=64.00KB thread-reservation=0 cost=30
|  |
|  22:EXCHANGE [BROADCAST]
|  |  mem-estimate=16.00KB mem-reservation=0B thread-reservation=0
|  |  tuple-ids=2,6 row-size=241B cardinality=30 cost=30
|  |  in pipelines: 01(GETNEXT)
|  |
|  F01:PLAN FRAGMENT [RANDOM] hosts=1 instances=1
|  Per-Host Shared Resources: mem-estimate=1.00MB mem-reservation=1.00MB thread-reservation=0 runtime-filters-memory=1.00MB
|  Per-Instance Resources: mem-estimate=16.97MB mem-reservation=4.00MB thread-reservation=1
|  max-parallelism=1 segment-costs=[110633]
|  05:HASH JOIN [INNER JOIN, BROADCAST]
|  |  hash-table-id=05
|  |  hash predicates: tpcds_partitioned_parquet_snap.date_dim.d_month_seq = tpcds_partitioned_parquet_snap.date_dim_0.d_month_seq
|  |  fk/pk conjuncts: none
|  |  mem-estimate=0B mem-reservation=0B spill-buffer=64.00KB thread-reservation=0
|  |  tuple-ids=2,6 row-size=241B cardinality=30 cost=13
|  |  in pipelines: 01(GETNEXT), 04(OPEN)
|  |
|  |--F19:PLAN FRAGMENT [RANDOM] hosts=1 instances=1
|  |  |  Per-Instance Resources: mem-estimate=2.95MB mem-reservation=2.94MB thread-reservation=1 runtime-filters-memory=1.00MB
|  |  |  max-parallelism=1 segment-costs=[1] cpu-comparison-result=1 [max(1 (self) vs 1 (sum children))]
|  |  JOIN BUILD
|  |  |  join-table-id=05 plan-id=06 cohort-id=04
|  |  |  build expressions: tpcds_partitioned_parquet_snap.date_dim_0.d_month_seq
|  |  |  runtime filters: RF006[bloom] <- tpcds_partitioned_parquet_snap.date_dim_0.d_month_seq, RF007[min_max] <- tpcds_partitioned_parquet_snap.date_dim_0.d_month_seq
|  |  |  mem-estimate=1.94MB mem-reservation=1.94MB spill-buffer=64.00KB thread-reservation=0 cost=1
|  |  |
|  |  21:EXCHANGE [BROADCAST]
|  |  |  mem-estimate=16.00KB mem-reservation=0B thread-reservation=0
|  |  |  tuple-ids=6 row-size=4B cardinality=1 cost=0
|  |  |  in pipelines: 04(GETNEXT)
|  |  |
|  |  F04:PLAN FRAGMENT [UNPARTITIONED] hosts=1 instances=1
|  |  Per-Instance Resources: mem-estimate=32.00KB mem-reservation=0B thread-reservation=1
|  |  max-parallelism=1 segment-costs=[0, 0] cpu-comparison-result=1 [max(1 (self) vs 1 (sum children))]
|  |  04:CARDINALITY CHECK
|  |  |  limit: 1
|  |  |  mem-estimate=0B mem-reservation=0B thread-reservation=0
|  |  |  tuple-ids=6 row-size=4B cardinality=1 cost=0
|  |  |  in pipelines: 04(GETNEXT), 19(OPEN)
|  |  |
|  |  20:EXCHANGE [UNPARTITIONED]
|  |  |  limit: 2
|  |  |  mem-estimate=16.00KB mem-reservation=0B thread-reservation=0
|  |  |  tuple-ids=6 row-size=4B cardinality=2 cost=0
|  |  |  in pipelines: 19(GETNEXT)
|  |  |
|  |  F03:PLAN FRAGMENT [HASH(tpcds_partitioned_parquet_snap.date_dim_0.d_month_seq)] hosts=1 instances=1
|  |  Per-Instance Resources: mem-estimate=10.03MB mem-reservation=1.94MB thread-reservation=1
|  |  max-parallelism=1 segment-costs=[5, 1] cpu-comparison-result=1 [max(1 (self) vs 1 (sum children))]
|  |  19:AGGREGATE [FINALIZE]
|  |  |  group by: tpcds_partitioned_parquet_snap.date_dim_0.d_month_seq
|  |  |  limit: 2
|  |  |  mem-estimate=10.00MB mem-reservation=1.94MB spill-buffer=64.00KB thread-reservation=0
|  |  |  tuple-ids=6 row-size=4B cardinality=2 cost=5
|  |  |  in pipelines: 19(GETNEXT), 02(OPEN)
|  |  |
|  |  18:EXCHANGE [HASH(tpcds_partitioned_parquet_snap.date_dim_0.d_month_seq)]
|  |  |  mem-estimate=16.00KB mem-reservation=0B thread-reservation=0
|  |  |  tuple-ids=6 row-size=4B cardinality=2 cost=0
|  |  |  in pipelines: 02(GETNEXT)
|  |  |
|  |  F02:PLAN FRAGMENT [RANDOM] hosts=1 instances=1
|  |  Per-Instance Resources: mem-estimate=26.03MB mem-reservation=2.25MB thread-reservation=1
|  |  max-parallelism=1 segment-costs=[16764, 1]
|  |  03:AGGREGATE [STREAMING]
|  |  |  group by: tpcds_partitioned_parquet_snap.date_dim_0.d_month_seq
|  |  |  limit: 2
|  |  |  mem-estimate=10.00MB mem-reservation=2.00MB spill-buffer=64.00KB thread-reservation=0
|  |  |  tuple-ids=6 row-size=4B cardinality=2 cost=36
|  |  |  in pipelines: 02(GETNEXT)
|  |  |
|  |  02:SCAN HDFS [tpcds_partitioned_parquet_snap.date_dim, RANDOM]
|  |     HDFS partitions=1/1 files=1 size=2.17MB
|  |     predicates: tpcds_partitioned_parquet_snap.date_dim_0.d_year = CAST(2002 AS INT), tpcds_partitioned_parquet_snap.date_dim_0.d_moy = CAST(3 AS INT)
|  |     stored statistics:
|  |       table: rows=73.05K size=2.17MB
|  |       columns: all
|  |     extrapolated-rows=disabled max-scan-range-rows=73.05K
|  |     parquet statistics predicates: tpcds_partitioned_parquet_snap.date_dim_0.d_year = CAST(2002 AS INT), tpcds_partitioned_parquet_snap.date_dim_0.d_moy = CAST(3 AS INT)
|  |     parquet dictionary predicates: tpcds_partitioned_parquet_snap.date_dim_0.d_year = CAST(2002 AS INT), tpcds_partitioned_parquet_snap.date_dim_0.d_moy = CAST(3 AS INT)
|  |     mem-estimate=16.00MB mem-reservation=256.00KB thread-reservation=0
|  |     tuple-ids=4 row-size=12B cardinality=108 cost=16728
|  |     in pipelines: 02(GETNEXT)
|  |
|  01:SCAN HDFS [tpcds_partitioned_parquet_snap.date_dim, RANDOM]
|     HDFS partitions=1/1 files=1 size=2.17MB
|     runtime filters: RF007[min_max] -> tpcds_partitioned_parquet_snap.date_dim.d_month_seq, RF006[bloom] -> tpcds_partitioned_parquet_snap.date_dim.d_month_seq
|     stored statistics:
|       table: rows=73.05K size=2.17MB
|       columns: all
|     extrapolated-rows=disabled max-scan-range-rows=73.05K
|     mem-estimate=16.00MB mem-reservation=4.00MB thread-reservation=0
|     tuple-ids=2 row-size=237B cardinality=30(filtered from 73.05K) cost=110600
|     in pipelines: 01(GETNEXT)
|
00:SCAN HDFS [tpcds_partitioned_parquet_snap.store_sales, RANDOM]
   HDFS partitions=1824/1824 files=1824 size=389.90GB
   runtime filters: RF001[min_max] -> tpcds_partitioned_parquet_snap.store_sales.ss_customer_sk, RF003[min_max] -> tpcds_partitioned_parquet_snap.store_sales.ss_item_sk, RF004[bloom] -> tpcds_partitioned_parquet_snap.store_sales.ss_sold_date_sk, RF000[bloom] -> tpcds_partitioned_parquet_snap.store_sales.ss_customer_sk, RF002[bloom] -> tpcds_partitioned_parquet_snap.store_sales.ss_item_sk
   stored statistics:
     table: rows=8.64G size=389.90GB
     partitions: 1824/1824 rows=8.64G
     columns: all
   extrapolated-rows=disabled max-scan-range-rows=390.22M
   mem-estimate=16.00MB mem-reservation=8.00MB thread-reservation=0
   tuple-ids=0 row-size=96B cardinality=7.93G(filtered from 8.64G) cost=11943846410
   in pipelines: 00(GETNEXT)
====
