# TPCDS-Q58
# start query 58 in stream 0 using template query58.tpl using seed 1622098664
with ss_items as
 (select i_item_id item_id
        ,sum(ss_ext_sales_price) ss_item_rev
 from store_sales
     ,item
     ,date_dim
 where ss_item_sk = i_item_sk
   and d_date in (select d_date
                  from date_dim
                  where d_week_seq = (select d_week_seq
                                      from date_dim
                                      where d_date = '2000-03-26'))
   and ss_sold_date_sk   = d_date_sk
 group by i_item_id),
 cs_items as
 (select i_item_id item_id
        ,sum(cs_ext_sales_price) cs_item_rev
  from catalog_sales
      ,item
      ,date_dim
 where cs_item_sk = i_item_sk
  and  d_date in (select d_date
                  from date_dim
                  where d_week_seq = (select d_week_seq
                                      from date_dim
                                      where d_date = '2000-03-26'))
  and  cs_sold_date_sk = d_date_sk
 group by i_item_id),
 ws_items as
 (select i_item_id item_id
        ,sum(ws_ext_sales_price) ws_item_rev
  from web_sales
      ,item
      ,date_dim
 where ws_item_sk = i_item_sk
  and  d_date in (select d_date
                  from date_dim
                  where d_week_seq =(select d_week_seq
                                     from date_dim
                                     where d_date = '2000-03-26'))
  and ws_sold_date_sk   = d_date_sk
 group by i_item_id)
  select  ss_items.item_id
       ,ss_item_rev
       ,ss_item_rev/((ss_item_rev+cs_item_rev+ws_item_rev)/3) * 100 ss_dev
       ,cs_item_rev
       ,cs_item_rev/((ss_item_rev+cs_item_rev+ws_item_rev)/3) * 100 cs_dev
       ,ws_item_rev
       ,ws_item_rev/((ss_item_rev+cs_item_rev+ws_item_rev)/3) * 100 ws_dev
       ,(ss_item_rev+cs_item_rev+ws_item_rev)/3 average
 from ss_items,cs_items,ws_items
 where ss_items.item_id=cs_items.item_id
   and ss_items.item_id=ws_items.item_id
   and ss_item_rev between 0.9 * cs_item_rev and 1.1 * cs_item_rev
   and ss_item_rev between 0.9 * ws_item_rev and 1.1 * ws_item_rev
   and cs_item_rev between 0.9 * ss_item_rev and 1.1 * ss_item_rev
   and cs_item_rev between 0.9 * ws_item_rev and 1.1 * ws_item_rev
   and ws_item_rev between 0.9 * ss_item_rev and 1.1 * ss_item_rev
   and ws_item_rev between 0.9 * cs_item_rev and 1.1 * cs_item_rev
 order by item_id
         ,ss_item_rev
 limit 100

# end query 58 in stream 0 using template query58.tpl
---- PLAN
Max Per-Host Resource Reservation: Memory=178.07MB Threads=1
Per-Host Resource Estimates: Memory=704MB
F00:PLAN FRAGMENT [UNPARTITIONED] hosts=1 instances=1
|  Per-Instance Resources: mem-estimate=703.65MB mem-reservation=178.07MB thread-reservation=1 runtime-filters-memory=10.00MB
|  max-parallelism=1 segment-costs=[10467, 110624, 1656840977, 10467, 110624, 841384447, 10467, 110624, 421942186, 4387853, 800]
PLAN-ROOT SINK
|  output exprs: tpcds_partitioned_parquet_snap.item.i_item_id, sum(tpcds_partitioned_parquet_snap.store_sales.ss_ext_sales_price), multiply(divide(sum(tpcds_partitioned_parquet_snap.store_sales.ss_ext_sales_price), divide(add(add(sum(tpcds_partitioned_parquet_snap.store_sales.ss_ext_sales_price), sum(tpcds_partitioned_parquet_snap.catalog_sales.cs_ext_sales_price)), sum(tpcds_partitioned_parquet_snap.web_sales.ws_ext_sales_price)), CAST(3 AS DECIMAL(3,0)))), CAST(100 AS DECIMAL(3,0))), sum(tpcds_partitioned_parquet_snap.catalog_sales.cs_ext_sales_price), multiply(divide(sum(tpcds_partitioned_parquet_snap.catalog_sales.cs_ext_sales_price), divide(add(add(sum(tpcds_partitioned_parquet_snap.store_sales.ss_ext_sales_price), sum(tpcds_partitioned_parquet_snap.catalog_sales.cs_ext_sales_price)), sum(tpcds_partitioned_parquet_snap.web_sales.ws_ext_sales_price)), CAST(3 AS DECIMAL(3,0)))), CAST(100 AS DECIMAL(3,0))), sum(tpcds_partitioned_parquet_snap.web_sales.ws_ext_sales_price), multiply(divide(sum(tpcds_partitioned_parquet_snap.web_sales.ws_ext_sales_price), divide(add(add(sum(tpcds_partitioned_parquet_snap.store_sales.ss_ext_sales_price), sum(tpcds_partitioned_parquet_snap.catalog_sales.cs_ext_sales_price)), sum(tpcds_partitioned_parquet_snap.web_sales.ws_ext_sales_price)), CAST(3 AS DECIMAL(3,0)))), CAST(100 AS DECIMAL(3,0))), divide(add(add(sum(tpcds_partitioned_parquet_snap.store_sales.ss_ext_sales_price), sum(tpcds_partitioned_parquet_snap.catalog_sales.cs_ext_sales_price)), sum(tpcds_partitioned_parquet_snap.web_sales.ws_ext_sales_price)), CAST(3 AS DECIMAL(3,0)))
|  mem-estimate=4.00MB mem-reservation=4.00MB spill-buffer=2.00MB thread-reservation=0 cost=800
|
38:TOP-N [LIMIT=100]
|  order by: tpcds_partitioned_parquet_snap.item.i_item_id ASC NULLS LAST, sum(tpcds_partitioned_parquet_snap.store_sales.ss_ext_sales_price) ASC NULLS LAST
|  mem-estimate=7.42KB mem-reservation=0B thread-reservation=0
|  tuple-ids=36 row-size=76B cardinality=100 cost=3746309
|  in pipelines: 38(GETNEXT), 11(OPEN)
|
37:HASH JOIN [INNER JOIN]
|  hash predicates: tpcds_partitioned_parquet_snap.item.i_item_id = tpcds_partitioned_parquet_snap.item_1.i_item_id
|  fk/pk conjuncts: none
|  other join predicates: sum(tpcds_partitioned_parquet_snap.catalog_sales.cs_ext_sales_price) <= multiply(CAST(1.1 AS DECIMAL(2,1)), sum(tpcds_partitioned_parquet_snap.web_sales.ws_ext_sales_price)), sum(tpcds_partitioned_parquet_snap.catalog_sales.cs_ext_sales_price) >= multiply(CAST(0.9 AS DECIMAL(2,1)), sum(tpcds_partitioned_parquet_snap.web_sales.ws_ext_sales_price)), sum(tpcds_partitioned_parquet_snap.store_sales.ss_ext_sales_price) <= multiply(CAST(1.1 AS DECIMAL(2,1)), sum(tpcds_partitioned_parquet_snap.web_sales.ws_ext_sales_price)), sum(tpcds_partitioned_parquet_snap.store_sales.ss_ext_sales_price) >= multiply(CAST(0.9 AS DECIMAL(2,1)), sum(tpcds_partitioned_parquet_snap.web_sales.ws_ext_sales_price)), sum(tpcds_partitioned_parquet_snap.web_sales.ws_ext_sales_price) <= multiply(CAST(1.1 AS DECIMAL(2,1)), sum(tpcds_partitioned_parquet_snap.catalog_sales.cs_ext_sales_price)), sum(tpcds_partitioned_parquet_snap.web_sales.ws_ext_sales_price) <= multiply(CAST(1.1 AS DECIMAL(2,1)), sum(tpcds_partitioned_parquet_snap.store_sales.ss_ext_sales_price)), sum(tpcds_partitioned_parquet_snap.web_sales.ws_ext_sales_price) >= multiply(CAST(0.9 AS DECIMAL(2,1)), sum(tpcds_partitioned_parquet_snap.catalog_sales.cs_ext_sales_price)), sum(tpcds_partitioned_parquet_snap.web_sales.ws_ext_sales_price) >= multiply(CAST(0.9 AS DECIMAL(2,1)), sum(tpcds_partitioned_parquet_snap.store_sales.ss_ext_sales_price))
|  runtime filters: RF001[min_max] <- tpcds_partitioned_parquet_snap.item_1.i_item_id
|  mem-estimate=17.00MB mem-reservation=17.00MB spill-buffer=1.00MB thread-reservation=0
|  tuple-ids=11,23,35 row-size=132B cardinality=360.00K cost=343143
|  in pipelines: 11(GETNEXT), 36(OPEN)
|
|--36:AGGREGATE [FINALIZE]
|  |  output: sum(tpcds_partitioned_parquet_snap.web_sales.ws_ext_sales_price)
|  |  group by: tpcds_partitioned_parquet_snap.item_1.i_item_id
|  |  mem-estimate=17.00MB mem-reservation=17.00MB spill-buffer=1.00MB thread-reservation=0
|  |  tuple-ids=35 row-size=44B cardinality=185.57K cost=3253447
|  |  in pipelines: 36(GETNEXT), 25(OPEN)
|  |
|  35:HASH JOIN [INNER JOIN]
|  |  hash predicates: tpcds_partitioned_parquet_snap.web_sales.ws_sold_date_sk = tpcds_partitioned_parquet_snap.date_dim_5.d_date_sk
|  |  fk/pk conjuncts: tpcds_partitioned_parquet_snap.web_sales.ws_sold_date_sk = tpcds_partitioned_parquet_snap.date_dim_5.d_date_sk
|  |  runtime filters: RF020[bloom] <- tpcds_partitioned_parquet_snap.date_dim_5.d_date_sk
|  |  mem-estimate=1.94MB mem-reservation=1.94MB spill-buffer=64.00KB thread-reservation=0
|  |  tuple-ids=24,26,28,34 row-size=787B cardinality=9.47M cost=4144506
|  |  in pipelines: 25(GETNEXT), 28(OPEN)
|  |
|  |--34:HASH JOIN [INNER JOIN]
|  |  |  hash predicates: tpcds_partitioned_parquet_snap.date_dim_5.d_date = tpcds_partitioned_parquet_snap.date_dim_6.d_date
|  |  |  fk/pk conjuncts: none
|  |  |  runtime filters: RF024[bloom] <- tpcds_partitioned_parquet_snap.date_dim_6.d_date, RF025[min_max] <- tpcds_partitioned_parquet_snap.date_dim_6.d_date
|  |  |  mem-estimate=1.94MB mem-reservation=1.94MB spill-buffer=64.00KB thread-reservation=0
|  |  |  tuple-ids=28,34 row-size=241B cardinality=8 cost=10
|  |  |  in pipelines: 28(GETNEXT), 33(OPEN)
|  |  |
|  |  |--33:AGGREGATE [FINALIZE]
|  |  |  |  group by: tpcds_partitioned_parquet_snap.date_dim_6.d_date
|  |  |  |  mem-estimate=10.00MB mem-reservation=1.94MB spill-buffer=64.00KB thread-reservation=0
|  |  |  |  tuple-ids=34 row-size=4B cardinality=7 cost=20
|  |  |  |  in pipelines: 33(GETNEXT), 29(OPEN)
|  |  |  |
|  |  |  32:HASH JOIN [INNER JOIN]
|  |  |  |  hash predicates: tpcds_partitioned_parquet_snap.date_dim_6.d_week_seq = tpcds_partitioned_parquet_snap.date_dim_7.d_week_seq
|  |  |  |  fk/pk conjuncts: none
|  |  |  |  runtime filters: RF026[bloom] <- tpcds_partitioned_parquet_snap.date_dim_7.d_week_seq, RF027[min_max] <- tpcds_partitioned_parquet_snap.date_dim_7.d_week_seq
|  |  |  |  mem-estimate=1.94MB mem-reservation=1.94MB spill-buffer=64.00KB thread-reservation=0
|  |  |  |  tuple-ids=30,32 row-size=245B cardinality=7 cost=4
|  |  |  |  in pipelines: 29(GETNEXT), 31(OPEN)
|  |  |  |
|  |  |  |--31:CARDINALITY CHECK
|  |  |  |  |  limit: 1
|  |  |  |  |  mem-estimate=0B mem-reservation=0B thread-reservation=0
|  |  |  |  |  tuple-ids=32 row-size=8B cardinality=1 cost=0
|  |  |  |  |  in pipelines: 31(GETNEXT), 30(OPEN)
|  |  |  |  |
|  |  |  |  30:SCAN HDFS [tpcds_partitioned_parquet_snap.date_dim]
|  |  |  |     HDFS partitions=1/1 files=1 size=2.17MB
|  |  |  |     predicates: tpcds_partitioned_parquet_snap.date_dim_7.d_date = CAST('2000-03-26' AS DATE)
|  |  |  |     stored statistics:
|  |  |  |       table: rows=73.05K size=2.17MB
|  |  |  |       columns: all
|  |  |  |     extrapolated-rows=disabled max-scan-range-rows=73.05K
|  |  |  |     parquet statistics predicates: tpcds_partitioned_parquet_snap.date_dim_7.d_date = CAST('2000-03-26' AS DATE)
|  |  |  |     parquet dictionary predicates: tpcds_partitioned_parquet_snap.date_dim_7.d_date = CAST('2000-03-26' AS DATE)
|  |  |  |     limit: 2
|  |  |  |     mem-estimate=16.00MB mem-reservation=512.00KB thread-reservation=0
|  |  |  |     tuple-ids=32 row-size=8B cardinality=1 cost=10467
|  |  |  |     in pipelines: 30(GETNEXT)
|  |  |  |
|  |  |  29:SCAN HDFS [tpcds_partitioned_parquet_snap.date_dim]
|  |  |     HDFS partitions=1/1 files=1 size=2.17MB
|  |  |     runtime filters: RF027[min_max] -> tpcds_partitioned_parquet_snap.date_dim_6.d_week_seq, RF026[bloom] -> tpcds_partitioned_parquet_snap.date_dim_6.d_week_seq
|  |  |     stored statistics:
|  |  |       table: rows=73.05K size=2.17MB
|  |  |       columns: all
|  |  |     extrapolated-rows=disabled max-scan-range-rows=73.05K
|  |  |     mem-estimate=16.00MB mem-reservation=4.00MB thread-reservation=0
|  |  |     tuple-ids=30 row-size=237B cardinality=7(filtered from 73.05K) cost=110600
|  |  |     in pipelines: 29(GETNEXT)
|  |  |
|  |  28:SCAN HDFS [tpcds_partitioned_parquet_snap.date_dim]
|  |     HDFS partitions=1/1 files=1 size=2.17MB
|  |     runtime filters: RF025[min_max] -> tpcds_partitioned_parquet_snap.date_dim_5.d_date, RF024[bloom] -> tpcds_partitioned_parquet_snap.date_dim_5.d_date
|  |     stored statistics:
|  |       table: rows=73.05K size=2.17MB
|  |       columns: all
|  |     extrapolated-rows=disabled max-scan-range-rows=73.05K
|  |     mem-estimate=16.00MB mem-reservation=4.00MB thread-reservation=0
|  |     tuple-ids=28 row-size=237B cardinality=8(filtered from 73.05K) cost=110600
|  |     in pipelines: 28(GETNEXT)
|  |
|  27:HASH JOIN [INNER JOIN]
|  |  hash predicates: tpcds_partitioned_parquet_snap.web_sales.ws_item_sk = tpcds_partitioned_parquet_snap.item_1.i_item_sk
|  |  fk/pk conjuncts: tpcds_partitioned_parquet_snap.web_sales.ws_item_sk = tpcds_partitioned_parquet_snap.item_1.i_item_sk
|  |  runtime filters: RF023[min_max] <- tpcds_partitioned_parquet_snap.item_1.i_item_sk
|  |  mem-estimate=151.22MB mem-reservation=34.00MB spill-buffer=2.00MB thread-reservation=0
|  |  tuple-ids=24,26 row-size=545B cardinality=9.47M(filtered from 2.16G) cost=393979350
|  |  in pipelines: 25(GETNEXT), 26(OPEN)
|  |
|  |--26:SCAN HDFS [tpcds_partitioned_parquet_snap.item]
|  |     HDFS partitions=1/1 files=1 size=33.54MB
|  |     stored statistics:
|  |       table: rows=360.00K size=33.54MB
|  |       columns: all
|  |     extrapolated-rows=disabled max-scan-range-rows=101.54K
|  |     mem-estimate=16.00MB mem-reservation=512.00KB thread-reservation=0
|  |     tuple-ids=26 row-size=405B cardinality=360.00K cost=1355609
|  |     in pipelines: 26(GETNEXT)
|  |
|  25:SCAN HDFS [tpcds_partitioned_parquet_snap.web_sales]
|     HDFS partitions=1824/1824 files=1824 size=145.75GB
|     runtime filters: RF023[min_max] -> tpcds_partitioned_parquet_snap.web_sales.ws_item_sk, RF020[bloom] -> tpcds_partitioned_parquet_snap.web_sales.ws_sold_date_sk
|     stored statistics:
|       table: rows=2.16G size=145.75GB
|       partitions: 1824/1824 rows=2.16G
|       columns: all
|     extrapolated-rows=disabled max-scan-range-rows=3.37M est-scan-range=9(filtered from 1824)
|     mem-estimate=16.00MB mem-reservation=264.00KB thread-reservation=0
|     tuple-ids=24 row-size=140B cardinality=9.47M(filtered from 2.16G) cost=19098664
|     in pipelines: 25(GETNEXT)
|
24:HASH JOIN [INNER JOIN]
|  hash predicates: tpcds_partitioned_parquet_snap.item.i_item_id = tpcds_partitioned_parquet_snap.item_0.i_item_id
|  fk/pk conjuncts: none
|  other join predicates: sum(tpcds_partitioned_parquet_snap.catalog_sales.cs_ext_sales_price) <= multiply(CAST(1.1 AS DECIMAL(2,1)), sum(tpcds_partitioned_parquet_snap.store_sales.ss_ext_sales_price)), sum(tpcds_partitioned_parquet_snap.catalog_sales.cs_ext_sales_price) >= multiply(CAST(0.9 AS DECIMAL(2,1)), sum(tpcds_partitioned_parquet_snap.store_sales.ss_ext_sales_price)), sum(tpcds_partitioned_parquet_snap.store_sales.ss_ext_sales_price) <= multiply(CAST(1.1 AS DECIMAL(2,1)), sum(tpcds_partitioned_parquet_snap.catalog_sales.cs_ext_sales_price)), sum(tpcds_partitioned_parquet_snap.store_sales.ss_ext_sales_price) >= multiply(CAST(0.9 AS DECIMAL(2,1)), sum(tpcds_partitioned_parquet_snap.catalog_sales.cs_ext_sales_price))
|  runtime filters: RF003[min_max] <- tpcds_partitioned_parquet_snap.item_0.i_item_id
|  mem-estimate=17.00MB mem-reservation=17.00MB spill-buffer=1.00MB thread-reservation=0
|  tuple-ids=11,23 row-size=88B cardinality=360.00K cost=298401
|  in pipelines: 11(GETNEXT), 23(OPEN)
|
|--23:AGGREGATE [FINALIZE]
|  |  output: sum(tpcds_partitioned_parquet_snap.catalog_sales.cs_ext_sales_price)
|  |  group by: tpcds_partitioned_parquet_snap.item_0.i_item_id
|  |  mem-estimate=17.00MB mem-reservation=17.00MB spill-buffer=1.00MB thread-reservation=0
|  |  tuple-ids=23 row-size=44B cardinality=185.57K cost=6002078
|  |  in pipelines: 23(GETNEXT), 12(OPEN)
|  |
|  22:HASH JOIN [INNER JOIN]
|  |  hash predicates: tpcds_partitioned_parquet_snap.catalog_sales.cs_sold_date_sk = tpcds_partitioned_parquet_snap.date_dim_2.d_date_sk
|  |  fk/pk conjuncts: tpcds_partitioned_parquet_snap.catalog_sales.cs_sold_date_sk = tpcds_partitioned_parquet_snap.date_dim_2.d_date_sk
|  |  runtime filters: RF012[bloom] <- tpcds_partitioned_parquet_snap.date_dim_2.d_date_sk
|  |  mem-estimate=1.94MB mem-reservation=1.94MB spill-buffer=64.00KB thread-reservation=0
|  |  tuple-ids=12,14,16,22 row-size=787B cardinality=18.87M cost=8257586
|  |  in pipelines: 12(GETNEXT), 15(OPEN)
|  |
|  |--21:HASH JOIN [INNER JOIN]
|  |  |  hash predicates: tpcds_partitioned_parquet_snap.date_dim_2.d_date = tpcds_partitioned_parquet_snap.date_dim_3.d_date
|  |  |  fk/pk conjuncts: none
|  |  |  runtime filters: RF016[bloom] <- tpcds_partitioned_parquet_snap.date_dim_3.d_date, RF017[min_max] <- tpcds_partitioned_parquet_snap.date_dim_3.d_date
|  |  |  mem-estimate=1.94MB mem-reservation=1.94MB spill-buffer=64.00KB thread-reservation=0
|  |  |  tuple-ids=16,22 row-size=241B cardinality=8 cost=10
|  |  |  in pipelines: 15(GETNEXT), 20(OPEN)
|  |  |
|  |  |--20:AGGREGATE [FINALIZE]
|  |  |  |  group by: tpcds_partitioned_parquet_snap.date_dim_3.d_date
|  |  |  |  mem-estimate=10.00MB mem-reservation=1.94MB spill-buffer=64.00KB thread-reservation=0
|  |  |  |  tuple-ids=22 row-size=4B cardinality=7 cost=20
|  |  |  |  in pipelines: 20(GETNEXT), 16(OPEN)
|  |  |  |
|  |  |  19:HASH JOIN [INNER JOIN]
|  |  |  |  hash predicates: tpcds_partitioned_parquet_snap.date_dim_3.d_week_seq = tpcds_partitioned_parquet_snap.date_dim_4.d_week_seq
|  |  |  |  fk/pk conjuncts: none
|  |  |  |  runtime filters: RF018[bloom] <- tpcds_partitioned_parquet_snap.date_dim_4.d_week_seq, RF019[min_max] <- tpcds_partitioned_parquet_snap.date_dim_4.d_week_seq
|  |  |  |  mem-estimate=1.94MB mem-reservation=1.94MB spill-buffer=64.00KB thread-reservation=0
|  |  |  |  tuple-ids=18,20 row-size=245B cardinality=7 cost=4
|  |  |  |  in pipelines: 16(GETNEXT), 18(OPEN)
|  |  |  |
|  |  |  |--18:CARDINALITY CHECK
|  |  |  |  |  limit: 1
|  |  |  |  |  mem-estimate=0B mem-reservation=0B thread-reservation=0
|  |  |  |  |  tuple-ids=20 row-size=8B cardinality=1 cost=0
|  |  |  |  |  in pipelines: 18(GETNEXT), 17(OPEN)
|  |  |  |  |
|  |  |  |  17:SCAN HDFS [tpcds_partitioned_parquet_snap.date_dim]
|  |  |  |     HDFS partitions=1/1 files=1 size=2.17MB
|  |  |  |     predicates: tpcds_partitioned_parquet_snap.date_dim_4.d_date = CAST('2000-03-26' AS DATE)
|  |  |  |     stored statistics:
|  |  |  |       table: rows=73.05K size=2.17MB
|  |  |  |       columns: all
|  |  |  |     extrapolated-rows=disabled max-scan-range-rows=73.05K
|  |  |  |     parquet statistics predicates: tpcds_partitioned_parquet_snap.date_dim_4.d_date = CAST('2000-03-26' AS DATE)
|  |  |  |     parquet dictionary predicates: tpcds_partitioned_parquet_snap.date_dim_4.d_date = CAST('2000-03-26' AS DATE)
|  |  |  |     limit: 2
|  |  |  |     mem-estimate=16.00MB mem-reservation=512.00KB thread-reservation=0
|  |  |  |     tuple-ids=20 row-size=8B cardinality=1 cost=10467
|  |  |  |     in pipelines: 17(GETNEXT)
|  |  |  |
|  |  |  16:SCAN HDFS [tpcds_partitioned_parquet_snap.date_dim]
|  |  |     HDFS partitions=1/1 files=1 size=2.17MB
|  |  |     runtime filters: RF019[min_max] -> tpcds_partitioned_parquet_snap.date_dim_3.d_week_seq, RF018[bloom] -> tpcds_partitioned_parquet_snap.date_dim_3.d_week_seq
|  |  |     stored statistics:
|  |  |       table: rows=73.05K size=2.17MB
|  |  |       columns: all
|  |  |     extrapolated-rows=disabled max-scan-range-rows=73.05K
|  |  |     mem-estimate=16.00MB mem-reservation=4.00MB thread-reservation=0
|  |  |     tuple-ids=18 row-size=237B cardinality=7(filtered from 73.05K) cost=110600
|  |  |     in pipelines: 16(GETNEXT)
|  |  |
|  |  15:SCAN HDFS [tpcds_partitioned_parquet_snap.date_dim]
|  |     HDFS partitions=1/1 files=1 size=2.17MB
|  |     runtime filters: RF017[min_max] -> tpcds_partitioned_parquet_snap.date_dim_2.d_date, RF016[bloom] -> tpcds_partitioned_parquet_snap.date_dim_2.d_date
|  |     stored statistics:
|  |       table: rows=73.05K size=2.17MB
|  |       columns: all
|  |     extrapolated-rows=disabled max-scan-range-rows=73.05K
|  |     mem-estimate=16.00MB mem-reservation=4.00MB thread-reservation=0
|  |     tuple-ids=16 row-size=237B cardinality=8(filtered from 73.05K) cost=110600
|  |     in pipelines: 15(GETNEXT)
|  |
|  14:HASH JOIN [INNER JOIN]
|  |  hash predicates: tpcds_partitioned_parquet_snap.catalog_sales.cs_item_sk = tpcds_partitioned_parquet_snap.item_0.i_item_sk
|  |  fk/pk conjuncts: tpcds_partitioned_parquet_snap.catalog_sales.cs_item_sk = tpcds_partitioned_parquet_snap.item_0.i_item_sk
|  |  runtime filters: RF015[min_max] <- tpcds_partitioned_parquet_snap.item_0.i_item_sk
|  |  mem-estimate=151.22MB mem-reservation=34.00MB spill-buffer=2.00MB thread-reservation=0
|  |  tuple-ids=12,14 row-size=545B cardinality=18.87M(filtered from 4.32G) cost=787606014
|  |  in pipelines: 12(GETNEXT), 13(OPEN)
|  |
|  |--13:SCAN HDFS [tpcds_partitioned_parquet_snap.item]
|  |     HDFS partitions=1/1 files=1 size=33.54MB
|  |     runtime filters: RF001[min_max] -> tpcds_partitioned_parquet_snap.item_0.i_item_id
|  |     stored statistics:
|  |       table: rows=360.00K size=33.54MB
|  |       columns: all
|  |     extrapolated-rows=disabled max-scan-range-rows=101.54K
|  |     mem-estimate=16.00MB mem-reservation=512.00KB thread-reservation=0
|  |     tuple-ids=14 row-size=405B cardinality=360.00K cost=1355609
|  |     in pipelines: 13(GETNEXT)
|  |
|  12:SCAN HDFS [tpcds_partitioned_parquet_snap.catalog_sales]
|     HDFS partitions=1831/1831 files=1831 size=280.96GB
|     runtime filters: RF015[min_max] -> tpcds_partitioned_parquet_snap.catalog_sales.cs_item_sk, RF012[bloom] -> tpcds_partitioned_parquet_snap.catalog_sales.cs_sold_date_sk
|     stored statistics:
|       table: rows=4.32G size=280.96GB
|       partitions: 1831/1831 rows=4.32G
|       columns: all
|     extrapolated-rows=disabled max-scan-range-rows=21.52M est-scan-range=8(filtered from 1831)
|     mem-estimate=16.00MB mem-reservation=1.00MB thread-reservation=0
|     tuple-ids=12 row-size=140B cardinality=18.87M(filtered from 4.32G) cost=38052550
|     in pipelines: 12(GETNEXT)
|
11:AGGREGATE [FINALIZE]
|  output: sum(tpcds_partitioned_parquet_snap.store_sales.ss_ext_sales_price)
|  group by: tpcds_partitioned_parquet_snap.item.i_item_id
|  mem-estimate=17.00MB mem-reservation=17.00MB spill-buffer=1.00MB thread-reservation=0
|  tuple-ids=11 row-size=44B cardinality=185.57K cost=11562408
|  in pipelines: 11(GETNEXT), 00(OPEN)
|
10:HASH JOIN [INNER JOIN]
|  hash predicates: tpcds_partitioned_parquet_snap.store_sales.ss_sold_date_sk = tpcds_partitioned_parquet_snap.date_dim.d_date_sk
|  fk/pk conjuncts: tpcds_partitioned_parquet_snap.store_sales.ss_sold_date_sk = tpcds_partitioned_parquet_snap.date_dim.d_date_sk
|  runtime filters: RF004[bloom] <- tpcds_partitioned_parquet_snap.date_dim.d_date_sk
|  mem-estimate=1.94MB mem-reservation=1.94MB spill-buffer=64.00KB thread-reservation=0
|  tuple-ids=0,2,4,10 row-size=743B cardinality=37.88M cost=16578120
|  in pipelines: 00(GETNEXT), 03(OPEN)
|
|--09:HASH JOIN [INNER JOIN]
|  |  hash predicates: tpcds_partitioned_parquet_snap.date_dim.d_date = tpcds_partitioned_parquet_snap.date_dim_0.d_date
|  |  fk/pk conjuncts: none
|  |  runtime filters: RF008[bloom] <- tpcds_partitioned_parquet_snap.date_dim_0.d_date, RF009[min_max] <- tpcds_partitioned_parquet_snap.date_dim_0.d_date
|  |  mem-estimate=1.94MB mem-reservation=1.94MB spill-buffer=64.00KB thread-reservation=0
|  |  tuple-ids=4,10 row-size=241B cardinality=8 cost=10
|  |  in pipelines: 03(GETNEXT), 08(OPEN)
|  |
|  |--08:AGGREGATE [FINALIZE]
|  |  |  group by: tpcds_partitioned_parquet_snap.date_dim_0.d_date
|  |  |  mem-estimate=10.00MB mem-reservation=1.94MB spill-buffer=64.00KB thread-reservation=0
|  |  |  tuple-ids=10 row-size=4B cardinality=7 cost=20
|  |  |  in pipelines: 08(GETNEXT), 04(OPEN)
|  |  |
|  |  07:HASH JOIN [INNER JOIN]
|  |  |  hash predicates: tpcds_partitioned_parquet_snap.date_dim_0.d_week_seq = tpcds_partitioned_parquet_snap.date_dim_1.d_week_seq
|  |  |  fk/pk conjuncts: none
|  |  |  runtime filters: RF010[bloom] <- tpcds_partitioned_parquet_snap.date_dim_1.d_week_seq, RF011[min_max] <- tpcds_partitioned_parquet_snap.date_dim_1.d_week_seq
|  |  |  mem-estimate=1.94MB mem-reservation=1.94MB spill-buffer=64.00KB thread-reservation=0
|  |  |  tuple-ids=6,8 row-size=245B cardinality=7 cost=4
|  |  |  in pipelines: 04(GETNEXT), 06(OPEN)
|  |  |
|  |  |--06:CARDINALITY CHECK
|  |  |  |  limit: 1
|  |  |  |  mem-estimate=0B mem-reservation=0B thread-reservation=0
|  |  |  |  tuple-ids=8 row-size=8B cardinality=1 cost=0
|  |  |  |  in pipelines: 06(GETNEXT), 05(OPEN)
|  |  |  |
|  |  |  05:SCAN HDFS [tpcds_partitioned_parquet_snap.date_dim]
|  |  |     HDFS partitions=1/1 files=1 size=2.17MB
|  |  |     predicates: tpcds_partitioned_parquet_snap.date_dim_1.d_date = CAST('2000-03-26' AS DATE)
|  |  |     stored statistics:
|  |  |       table: rows=73.05K size=2.17MB
|  |  |       columns: all
|  |  |     extrapolated-rows=disabled max-scan-range-rows=73.05K
|  |  |     parquet statistics predicates: tpcds_partitioned_parquet_snap.date_dim_1.d_date = CAST('2000-03-26' AS DATE)
|  |  |     parquet dictionary predicates: tpcds_partitioned_parquet_snap.date_dim_1.d_date = CAST('2000-03-26' AS DATE)
|  |  |     limit: 2
|  |  |     mem-estimate=16.00MB mem-reservation=512.00KB thread-reservation=0
|  |  |     tuple-ids=8 row-size=8B cardinality=1 cost=10467
|  |  |     in pipelines: 05(GETNEXT)
|  |  |
|  |  04:SCAN HDFS [tpcds_partitioned_parquet_snap.date_dim]
|  |     HDFS partitions=1/1 files=1 size=2.17MB
|  |     runtime filters: RF011[min_max] -> tpcds_partitioned_parquet_snap.date_dim_0.d_week_seq, RF010[bloom] -> tpcds_partitioned_parquet_snap.date_dim_0.d_week_seq
|  |     stored statistics:
|  |       table: rows=73.05K size=2.17MB
|  |       columns: all
|  |     extrapolated-rows=disabled max-scan-range-rows=73.05K
|  |     mem-estimate=16.00MB mem-reservation=4.00MB thread-reservation=0
|  |     tuple-ids=6 row-size=237B cardinality=7(filtered from 73.05K) cost=110600
|  |     in pipelines: 04(GETNEXT)
|  |
|  03:SCAN HDFS [tpcds_partitioned_parquet_snap.date_dim]
|     HDFS partitions=1/1 files=1 size=2.17MB
|     runtime filters: RF009[min_max] -> tpcds_partitioned_parquet_snap.date_dim.d_date, RF008[bloom] -> tpcds_partitioned_parquet_snap.date_dim.d_date
|     stored statistics:
|       table: rows=73.05K size=2.17MB
|       columns: all
|     extrapolated-rows=disabled max-scan-range-rows=73.05K
|     mem-estimate=16.00MB mem-reservation=4.00MB thread-reservation=0
|     tuple-ids=4 row-size=237B cardinality=8(filtered from 73.05K) cost=110600
|     in pipelines: 03(GETNEXT)
|
02:HASH JOIN [INNER JOIN]
|  hash predicates: tpcds_partitioned_parquet_snap.store_sales.ss_item_sk = tpcds_partitioned_parquet_snap.item.i_item_sk
|  fk/pk conjuncts: tpcds_partitioned_parquet_snap.store_sales.ss_item_sk = tpcds_partitioned_parquet_snap.item.i_item_sk
|  runtime filters: RF006[bloom] <- tpcds_partitioned_parquet_snap.item.i_item_sk, RF007[min_max] <- tpcds_partitioned_parquet_snap.item.i_item_sk
|  mem-estimate=151.22MB mem-reservation=34.00MB spill-buffer=2.00MB thread-reservation=0
|  tuple-ids=0,2 row-size=501B cardinality=37.88M(filtered from 8.64G) cost=1574848939
|  in pipelines: 00(GETNEXT), 01(OPEN)
|
|--01:SCAN HDFS [tpcds_partitioned_parquet_snap.item]
|     HDFS partitions=1/1 files=1 size=33.54MB
|     runtime filters: RF001[min_max] -> tpcds_partitioned_parquet_snap.item.i_item_id, RF003[min_max] -> tpcds_partitioned_parquet_snap.item.i_item_id
|     stored statistics:
|       table: rows=360.00K size=33.54MB
|       columns: all
|     extrapolated-rows=disabled max-scan-range-rows=101.54K
|     mem-estimate=16.00MB mem-reservation=512.00KB thread-reservation=0
|     tuple-ids=2 row-size=405B cardinality=360.00K cost=1355609
|     in pipelines: 01(GETNEXT)
|
00:SCAN HDFS [tpcds_partitioned_parquet_snap.store_sales]
   HDFS partitions=1824/1824 files=1824 size=389.90GB
   runtime filters: RF007[min_max] -> tpcds_partitioned_parquet_snap.store_sales.ss_item_sk, RF004[bloom] -> tpcds_partitioned_parquet_snap.store_sales.ss_sold_date_sk, RF006[bloom] -> tpcds_partitioned_parquet_snap.store_sales.ss_item_sk
   stored statistics:
     table: rows=8.64G size=389.90GB
     partitions: 1824/1824 rows=8.64G
     columns: all
   extrapolated-rows=disabled max-scan-range-rows=390.22M est-scan-range=9(filtered from 1824)
   mem-estimate=16.00MB mem-reservation=8.00MB thread-reservation=0
   tuple-ids=0 row-size=96B cardinality=37.88M(filtered from 8.64G) cost=52385291
   in pipelines: 00(GETNEXT)
---- DISTRIBUTEDPLAN
Max Per-Host Resource Reservation: Memory=1.85GB Threads=70
Per-Host Resource Estimates: Memory=2.74GB
F24:PLAN FRAGMENT [UNPARTITIONED] hosts=1 instances=1
|  Per-Instance Resources: mem-estimate=4.08MB mem-reservation=4.00MB thread-reservation=1
|  max-parallelism=1 segment-costs=[840] cpu-comparison-result=360 [max(1 (self) vs 360 (sum children))]
PLAN-ROOT SINK
|  output exprs: tpcds_partitioned_parquet_snap.item.i_item_id, sum(tpcds_partitioned_parquet_snap.store_sales.ss_ext_sales_price), multiply(divide(sum(tpcds_partitioned_parquet_snap.store_sales.ss_ext_sales_price), divide(add(add(sum(tpcds_partitioned_parquet_snap.store_sales.ss_ext_sales_price), sum(tpcds_partitioned_parquet_snap.catalog_sales.cs_ext_sales_price)), sum(tpcds_partitioned_parquet_snap.web_sales.ws_ext_sales_price)), CAST(3 AS DECIMAL(3,0)))), CAST(100 AS DECIMAL(3,0))), sum(tpcds_partitioned_parquet_snap.catalog_sales.cs_ext_sales_price), multiply(divide(sum(tpcds_partitioned_parquet_snap.catalog_sales.cs_ext_sales_price), divide(add(add(sum(tpcds_partitioned_parquet_snap.store_sales.ss_ext_sales_price), sum(tpcds_partitioned_parquet_snap.catalog_sales.cs_ext_sales_price)), sum(tpcds_partitioned_parquet_snap.web_sales.ws_ext_sales_price)), CAST(3 AS DECIMAL(3,0)))), CAST(100 AS DECIMAL(3,0))), sum(tpcds_partitioned_parquet_snap.web_sales.ws_ext_sales_price), multiply(divide(sum(tpcds_partitioned_parquet_snap.web_sales.ws_ext_sales_price), divide(add(add(sum(tpcds_partitioned_parquet_snap.store_sales.ss_ext_sales_price), sum(tpcds_partitioned_parquet_snap.catalog_sales.cs_ext_sales_price)), sum(tpcds_partitioned_parquet_snap.web_sales.ws_ext_sales_price)), CAST(3 AS DECIMAL(3,0)))), CAST(100 AS DECIMAL(3,0))), divide(add(add(sum(tpcds_partitioned_parquet_snap.store_sales.ss_ext_sales_price), sum(tpcds_partitioned_parquet_snap.catalog_sales.cs_ext_sales_price)), sum(tpcds_partitioned_parquet_snap.web_sales.ws_ext_sales_price)), CAST(3 AS DECIMAL(3,0)))
|  mem-estimate=4.00MB mem-reservation=4.00MB spill-buffer=2.00MB thread-reservation=0 cost=800
|
66:MERGING-EXCHANGE [UNPARTITIONED]
|  order by: tpcds_partitioned_parquet_snap.item.i_item_id ASC NULLS LAST, sum(tpcds_partitioned_parquet_snap.store_sales.ss_ext_sales_price) ASC NULLS LAST
|  limit: 100
|  mem-estimate=78.87KB mem-reservation=0B thread-reservation=0
|  tuple-ids=36 row-size=76B cardinality=100 cost=40
|  in pipelines: 38(GETNEXT)
|
F07:PLAN FRAGMENT [HASH(tpcds_partitioned_parquet_snap.item.i_item_id)] hosts=10 instances=10 (adjusted from 120)
Per-Instance Resources: mem-estimate=25.62MB mem-reservation=1.94MB thread-reservation=1
max-parallelism=10 segment-costs=[11515444, 4016711, 230] cpu-comparison-result=360 [max(10 (self) vs 360 (sum children))]
38:TOP-N [LIMIT=100]
|  order by: tpcds_partitioned_parquet_snap.item.i_item_id ASC NULLS LAST, sum(tpcds_partitioned_parquet_snap.store_sales.ss_ext_sales_price) ASC NULLS LAST
|  mem-estimate=7.42KB mem-reservation=0B thread-reservation=0
|  tuple-ids=36 row-size=76B cardinality=100 cost=3746309
|  in pipelines: 38(GETNEXT), 47(OPEN)
|
37:HASH JOIN [INNER JOIN, PARTITIONED]
|  hash-table-id=00
|  hash predicates: tpcds_partitioned_parquet_snap.item.i_item_id = tpcds_partitioned_parquet_snap.item_1.i_item_id
|  fk/pk conjuncts: none
|  other join predicates: sum(tpcds_partitioned_parquet_snap.catalog_sales.cs_ext_sales_price) <= multiply(CAST(1.1 AS DECIMAL(2,1)), sum(tpcds_partitioned_parquet_snap.web_sales.ws_ext_sales_price)), sum(tpcds_partitioned_parquet_snap.catalog_sales.cs_ext_sales_price) >= multiply(CAST(0.9 AS DECIMAL(2,1)), sum(tpcds_partitioned_parquet_snap.web_sales.ws_ext_sales_price)), sum(tpcds_partitioned_parquet_snap.store_sales.ss_ext_sales_price) <= multiply(CAST(1.1 AS DECIMAL(2,1)), sum(tpcds_partitioned_parquet_snap.web_sales.ws_ext_sales_price)), sum(tpcds_partitioned_parquet_snap.store_sales.ss_ext_sales_price) >= multiply(CAST(0.9 AS DECIMAL(2,1)), sum(tpcds_partitioned_parquet_snap.web_sales.ws_ext_sales_price)), sum(tpcds_partitioned_parquet_snap.web_sales.ws_ext_sales_price) <= multiply(CAST(1.1 AS DECIMAL(2,1)), sum(tpcds_partitioned_parquet_snap.catalog_sales.cs_ext_sales_price)), sum(tpcds_partitioned_parquet_snap.web_sales.ws_ext_sales_price) <= multiply(CAST(1.1 AS DECIMAL(2,1)), sum(tpcds_partitioned_parquet_snap.store_sales.ss_ext_sales_price)), sum(tpcds_partitioned_parquet_snap.web_sales.ws_ext_sales_price) >= multiply(CAST(0.9 AS DECIMAL(2,1)), sum(tpcds_partitioned_parquet_snap.catalog_sales.cs_ext_sales_price)), sum(tpcds_partitioned_parquet_snap.web_sales.ws_ext_sales_price) >= multiply(CAST(0.9 AS DECIMAL(2,1)), sum(tpcds_partitioned_parquet_snap.store_sales.ss_ext_sales_price))
|  mem-estimate=0B mem-reservation=0B spill-buffer=128.00KB thread-reservation=0
|  tuple-ids=11,23,35 row-size=132B cardinality=360.00K cost=157572
|  in pipelines: 47(GETNEXT), 65(OPEN)
|
|--F25:PLAN FRAGMENT [HASH(tpcds_partitioned_parquet_snap.item.i_item_id)] hosts=10 instances=10 (adjusted from 120)
|  |  Per-Instance Resources: mem-estimate=32.62MB mem-reservation=19.88MB thread-reservation=1
|  |  max-parallelism=10 segment-costs=[5158043, 185571] cpu-comparison-result=120 [max(10 (self) vs 120 (sum children))]
|  JOIN BUILD
|  |  join-table-id=00 plan-id=01 cohort-id=01
|  |  build expressions: tpcds_partitioned_parquet_snap.item_1.i_item_id
|  |  runtime filters: RF001[min_max] <- tpcds_partitioned_parquet_snap.item_1.i_item_id
|  |  mem-estimate=2.88MB mem-reservation=2.88MB spill-buffer=128.00KB thread-reservation=0 cost=185571
|  |
|  65:AGGREGATE [FINALIZE]
|  |  output: sum:merge(tpcds_partitioned_parquet_snap.web_sales.ws_ext_sales_price)
|  |  group by: tpcds_partitioned_parquet_snap.item_1.i_item_id
|  |  mem-estimate=17.00MB mem-reservation=17.00MB spill-buffer=1.00MB thread-reservation=0
|  |  tuple-ids=35 row-size=44B cardinality=185.57K cost=2739943
|  |  in pipelines: 65(GETNEXT), 25(OPEN)
|  |
|  64:EXCHANGE [HASH(tpcds_partitioned_parquet_snap.item_1.i_item_id)]
|  |  mem-estimate=15.62MB mem-reservation=0B thread-reservation=0
|  |  tuple-ids=35 row-size=44B cardinality=7.71M cost=2418100
|  |  in pipelines: 25(GETNEXT)
|  |
|  F16:PLAN FRAGMENT [RANDOM] hosts=10 instances=120
|  Per-Host Shared Resources: mem-estimate=1.00MB mem-reservation=1.00MB thread-reservation=0 runtime-filters-memory=1.00MB
|  Per-Instance Resources: mem-estimate=27.88MB mem-reservation=5.26MB thread-reservation=1
|  max-parallelism=590 segment-costs=[5877791167, 25830098] cpu-comparison-result=120 [max(120 (self) vs 25 (sum children))]
|  36:AGGREGATE [STREAMING]
|  |  output: sum(tpcds_partitioned_parquet_snap.web_sales.ws_ext_sales_price)
|  |  group by: tpcds_partitioned_parquet_snap.item_1.i_item_id
|  |  mem-estimate=10.00MB mem-reservation=5.00MB spill-buffer=256.00KB thread-reservation=0
|  |  tuple-ids=35 row-size=44B cardinality=7.71M cost=22879586
|  |  in pipelines: 25(GETNEXT)
|  |
|  35:HASH JOIN [INNER JOIN, BROADCAST]
|  |  hash-table-id=01
|  |  hash predicates: tpcds_partitioned_parquet_snap.web_sales.ws_sold_date_sk = tpcds_partitioned_parquet_snap.date_dim_5.d_date_sk
|  |  fk/pk conjuncts: tpcds_partitioned_parquet_snap.web_sales.ws_sold_date_sk = tpcds_partitioned_parquet_snap.date_dim_5.d_date_sk
|  |  mem-estimate=0B mem-reservation=0B spill-buffer=64.00KB thread-reservation=0
|  |  tuple-ids=24,26,28,34 row-size=787B cardinality=9.47M cost=555470654
|  |  in pipelines: 25(GETNEXT), 28(OPEN)
|  |
|  |--F26:PLAN FRAGMENT [RANDOM] hosts=10 instances=10
|  |  |  Per-Instance Resources: mem-estimate=24.27MB mem-reservation=24.25MB thread-reservation=1 runtime-filters-memory=1.00MB
|  |  |  max-parallelism=10 segment-costs=[18] cpu-comparison-result=11 [max(11 (self) vs 2 (sum children))]
|  |  JOIN BUILD
|  |  |  join-table-id=01 plan-id=02 cohort-id=02
|  |  |  build expressions: tpcds_partitioned_parquet_snap.date_dim_5.d_date_sk
|  |  |  runtime filters: RF020[bloom] <- tpcds_partitioned_parquet_snap.date_dim_5.d_date_sk
|  |  |  mem-estimate=23.25MB mem-reservation=23.25MB spill-buffer=64.00KB thread-reservation=0 cost=8
|  |  |
|  |  63:EXCHANGE [BROADCAST]
|  |  |  mem-estimate=16.00KB mem-reservation=0B thread-reservation=0
|  |  |  tuple-ids=28,34 row-size=241B cardinality=8 cost=10
|  |  |  in pipelines: 28(GETNEXT)
|  |  |
|  |  F18:PLAN FRAGMENT [RANDOM] hosts=1 instances=1
|  |  Per-Host Shared Resources: mem-estimate=1.00MB mem-reservation=1.00MB thread-reservation=0 runtime-filters-memory=1.00MB
|  |  Per-Instance Resources: mem-estimate=16.97MB mem-reservation=4.00MB thread-reservation=1
|  |  max-parallelism=1 segment-costs=[129343]
|  |  34:HASH JOIN [INNER JOIN, BROADCAST]
|  |  |  hash-table-id=02
|  |  |  hash predicates: tpcds_partitioned_parquet_snap.date_dim_5.d_date = tpcds_partitioned_parquet_snap.date_dim_6.d_date
|  |  |  fk/pk conjuncts: none
|  |  |  mem-estimate=0B mem-reservation=0B spill-buffer=64.00KB thread-reservation=0
|  |  |  tuple-ids=28,34 row-size=241B cardinality=8 cost=18738
|  |  |  in pipelines: 28(GETNEXT), 61(OPEN)
|  |  |
|  |  |--F27:PLAN FRAGMENT [RANDOM] hosts=1 instances=1
|  |  |  |  Per-Instance Resources: mem-estimate=2.95MB mem-reservation=2.94MB thread-reservation=1 runtime-filters-memory=1.00MB
|  |  |  |  max-parallelism=1 segment-costs=[7] cpu-comparison-result=2 [max(1 (self) vs 2 (sum children))]
|  |  |  JOIN BUILD
|  |  |  |  join-table-id=02 plan-id=03 cohort-id=03
|  |  |  |  build expressions: tpcds_partitioned_parquet_snap.date_dim_6.d_date
|  |  |  |  runtime filters: RF024[bloom] <- tpcds_partitioned_parquet_snap.date_dim_6.d_date, RF025[min_max] <- tpcds_partitioned_parquet_snap.date_dim_6.d_date
|  |  |  |  mem-estimate=1.94MB mem-reservation=1.94MB spill-buffer=64.00KB thread-reservation=0 cost=7
|  |  |  |
|  |  |  62:EXCHANGE [BROADCAST]
|  |  |  |  mem-estimate=16.00KB mem-reservation=0B thread-reservation=0
|  |  |  |  tuple-ids=34 row-size=4B cardinality=7 cost=0
|  |  |  |  in pipelines: 61(GETNEXT)
|  |  |  |
|  |  |  F22:PLAN FRAGMENT [HASH(tpcds_partitioned_parquet_snap.date_dim_6.d_date)] hosts=1 instances=1
|  |  |  Per-Instance Resources: mem-estimate=10.03MB mem-reservation=1.94MB thread-reservation=1
|  |  |  max-parallelism=1 segment-costs=[20, 0] cpu-comparison-result=2 [max(1 (self) vs 2 (sum children))]
|  |  |  61:AGGREGATE [FINALIZE]
|  |  |  |  group by: tpcds_partitioned_parquet_snap.date_dim_6.d_date
|  |  |  |  mem-estimate=10.00MB mem-reservation=1.94MB spill-buffer=64.00KB thread-reservation=0
|  |  |  |  tuple-ids=34 row-size=4B cardinality=7 cost=20
|  |  |  |  in pipelines: 61(GETNEXT), 29(OPEN)
|  |  |  |
|  |  |  60:EXCHANGE [HASH(tpcds_partitioned_parquet_snap.date_dim_6.d_date)]
|  |  |  |  mem-estimate=16.00KB mem-reservation=0B thread-reservation=0
|  |  |  |  tuple-ids=34 row-size=4B cardinality=7 cost=0
|  |  |  |  in pipelines: 29(GETNEXT)
|  |  |  |
|  |  |  F19:PLAN FRAGMENT [RANDOM] hosts=1 instances=1
|  |  |  Per-Host Shared Resources: mem-estimate=1.00MB mem-reservation=1.00MB thread-reservation=0 runtime-filters-memory=1.00MB
|  |  |  Per-Instance Resources: mem-estimate=26.03MB mem-reservation=6.00MB thread-reservation=1
|  |  |  max-parallelism=1 segment-costs=[110623, 5] cpu-comparison-result=2 [max(1 (self) vs 2 (sum children))]
|  |  |  33:AGGREGATE [STREAMING]
|  |  |  |  group by: tpcds_partitioned_parquet_snap.date_dim_6.d_date
|  |  |  |  mem-estimate=10.00MB mem-reservation=2.00MB spill-buffer=64.00KB thread-reservation=0
|  |  |  |  tuple-ids=34 row-size=4B cardinality=7 cost=20
|  |  |  |  in pipelines: 29(GETNEXT)
|  |  |  |
|  |  |  32:HASH JOIN [INNER JOIN, BROADCAST]
|  |  |  |  hash-table-id=03
|  |  |  |  hash predicates: tpcds_partitioned_parquet_snap.date_dim_6.d_week_seq = tpcds_partitioned_parquet_snap.date_dim_7.d_week_seq
|  |  |  |  fk/pk conjuncts: none
|  |  |  |  mem-estimate=0B mem-reservation=0B spill-buffer=64.00KB thread-reservation=0
|  |  |  |  tuple-ids=30,32 row-size=245B cardinality=7 cost=3
|  |  |  |  in pipelines: 29(GETNEXT), 31(OPEN)
|  |  |  |
|  |  |  |--F28:PLAN FRAGMENT [RANDOM] hosts=1 instances=1
|  |  |  |  |  Per-Instance Resources: mem-estimate=2.95MB mem-reservation=2.94MB thread-reservation=1 runtime-filters-memory=1.00MB
|  |  |  |  |  max-parallelism=1 segment-costs=[1] cpu-comparison-result=2 [max(1 (self) vs 2 (sum children))]
|  |  |  |  JOIN BUILD
|  |  |  |  |  join-table-id=03 plan-id=04 cohort-id=04
|  |  |  |  |  build expressions: tpcds_partitioned_parquet_snap.date_dim_7.d_week_seq
|  |  |  |  |  runtime filters: RF026[bloom] <- tpcds_partitioned_parquet_snap.date_dim_7.d_week_seq, RF027[min_max] <- tpcds_partitioned_parquet_snap.date_dim_7.d_week_seq
|  |  |  |  |  mem-estimate=1.94MB mem-reservation=1.94MB spill-buffer=64.00KB thread-reservation=0 cost=1
|  |  |  |  |
|  |  |  |  59:EXCHANGE [BROADCAST]
|  |  |  |  |  mem-estimate=16.00KB mem-reservation=0B thread-reservation=0
|  |  |  |  |  tuple-ids=32 row-size=8B cardinality=1 cost=0
|  |  |  |  |  in pipelines: 31(GETNEXT)
|  |  |  |  |
|  |  |  |  F21:PLAN FRAGMENT [UNPARTITIONED] hosts=1 instances=1
|  |  |  |  Per-Instance Resources: mem-estimate=48.00KB mem-reservation=0B thread-reservation=1
|  |  |  |  max-parallelism=1 segment-costs=[0, 0]
|  |  |  |  31:CARDINALITY CHECK
|  |  |  |  |  limit: 1
|  |  |  |  |  mem-estimate=0B mem-reservation=0B thread-reservation=0
|  |  |  |  |  tuple-ids=32 row-size=8B cardinality=1 cost=0
|  |  |  |  |  in pipelines: 31(GETNEXT), 30(OPEN)
|  |  |  |  |
|  |  |  |  58:EXCHANGE [UNPARTITIONED]
|  |  |  |  |  limit: 2
|  |  |  |  |  mem-estimate=16.00KB mem-reservation=0B thread-reservation=0
|  |  |  |  |  tuple-ids=32 row-size=8B cardinality=1 cost=0
|  |  |  |  |  in pipelines: 30(GETNEXT)
|  |  |  |  |
|  |  |  |  F20:PLAN FRAGMENT [RANDOM] hosts=1 instances=1
|  |  |  |  Per-Instance Resources: mem-estimate=16.05MB mem-reservation=512.00KB thread-reservation=1
|  |  |  |  max-parallelism=1 segment-costs=[10468]
|  |  |  |  30:SCAN HDFS [tpcds_partitioned_parquet_snap.date_dim, RANDOM]
|  |  |  |     HDFS partitions=1/1 files=1 size=2.17MB
|  |  |  |     predicates: tpcds_partitioned_parquet_snap.date_dim_7.d_date = CAST('2000-03-26' AS DATE)
|  |  |  |     stored statistics:
|  |  |  |       table: rows=73.05K size=2.17MB
|  |  |  |       columns: all
|  |  |  |     extrapolated-rows=disabled max-scan-range-rows=73.05K
|  |  |  |     parquet statistics predicates: tpcds_partitioned_parquet_snap.date_dim_7.d_date = CAST('2000-03-26' AS DATE)
|  |  |  |     parquet dictionary predicates: tpcds_partitioned_parquet_snap.date_dim_7.d_date = CAST('2000-03-26' AS DATE)
|  |  |  |     limit: 2
|  |  |  |     mem-estimate=16.00MB mem-reservation=512.00KB thread-reservation=0
|  |  |  |     tuple-ids=32 row-size=8B cardinality=1 cost=10467
|  |  |  |     in pipelines: 30(GETNEXT)
|  |  |  |
|  |  |  29:SCAN HDFS [tpcds_partitioned_parquet_snap.date_dim, RANDOM]
|  |  |     HDFS partitions=1/1 files=1 size=2.17MB
|  |  |     runtime filters: RF027[min_max] -> tpcds_partitioned_parquet_snap.date_dim_6.d_week_seq, RF026[bloom] -> tpcds_partitioned_parquet_snap.date_dim_6.d_week_seq
|  |  |     stored statistics:
|  |  |       table: rows=73.05K size=2.17MB
|  |  |       columns: all
|  |  |     extrapolated-rows=disabled max-scan-range-rows=73.05K
|  |  |     mem-estimate=16.00MB mem-reservation=4.00MB thread-reservation=0
|  |  |     tuple-ids=30 row-size=237B cardinality=7(filtered from 73.05K) cost=110600
|  |  |     in pipelines: 29(GETNEXT)
|  |  |
|  |  28:SCAN HDFS [tpcds_partitioned_parquet_snap.date_dim, RANDOM]
|  |     HDFS partitions=1/1 files=1 size=2.17MB
|  |     runtime filters: RF025[min_max] -> tpcds_partitioned_parquet_snap.date_dim_5.d_date, RF024[bloom] -> tpcds_partitioned_parquet_snap.date_dim_5.d_date
|  |     stored statistics:
|  |       table: rows=73.05K size=2.17MB
|  |       columns: all
|  |     extrapolated-rows=disabled max-scan-range-rows=73.05K
|  |     mem-estimate=16.00MB mem-reservation=4.00MB thread-reservation=0
|  |     tuple-ids=28 row-size=237B cardinality=73.05K cost=110600
|  |     in pipelines: 28(GETNEXT)
|  |
|  27:HASH JOIN [INNER JOIN, BROADCAST]
|  |  hash-table-id=04
|  |  hash predicates: tpcds_partitioned_parquet_snap.web_sales.ws_item_sk = tpcds_partitioned_parquet_snap.item_1.i_item_sk
|  |  fk/pk conjuncts: tpcds_partitioned_parquet_snap.web_sales.ws_item_sk = tpcds_partitioned_parquet_snap.item_1.i_item_sk
|  |  mem-estimate=0B mem-reservation=0B spill-buffer=2.00MB thread-reservation=0
|  |  tuple-ids=24,26 row-size=545B cardinality=2.16G cost=944945506
|  |  in pipelines: 25(GETNEXT), 26(OPEN)
|  |
|  |--F29:PLAN FRAGMENT [RANDOM] hosts=10 instances=10
|  |  |  Per-Instance Resources: mem-estimate=419.60MB mem-reservation=408.00MB thread-reservation=1
|  |  |  max-parallelism=10 segment-costs=[838440]
|  |  JOIN BUILD
|  |  |  join-table-id=04 plan-id=05 cohort-id=02
|  |  |  build expressions: tpcds_partitioned_parquet_snap.item_1.i_item_sk
|  |  |  runtime filters: RF023[min_max] <- tpcds_partitioned_parquet_snap.item_1.i_item_sk
|  |  |  mem-estimate=408.00MB mem-reservation=408.00MB spill-buffer=2.00MB thread-reservation=0 cost=360000
|  |  |
|  |  57:EXCHANGE [BROADCAST]
|  |  |  mem-estimate=11.60MB mem-reservation=0B thread-reservation=0
|  |  |  tuple-ids=26 row-size=405B cardinality=360.00K cost=478440
|  |  |  in pipelines: 26(GETNEXT)
|  |  |
|  |  F17:PLAN FRAGMENT [RANDOM] hosts=4 instances=4
|  |  Per-Instance Resources: mem-estimate=17.60MB mem-reservation=512.00KB thread-reservation=1
|  |  max-parallelism=4 segment-costs=[1757529]
|  |  26:SCAN HDFS [tpcds_partitioned_parquet_snap.item, RANDOM]
|  |     HDFS partitions=1/1 files=1 size=33.54MB
|  |     stored statistics:
|  |       table: rows=360.00K size=33.54MB
|  |       columns: all
|  |     extrapolated-rows=disabled max-scan-range-rows=101.54K
|  |     mem-estimate=16.00MB mem-reservation=512.00KB thread-reservation=0
|  |     tuple-ids=26 row-size=405B cardinality=360.00K cost=1355609
|  |     in pipelines: 26(GETNEXT)
|  |
|  25:SCAN HDFS [tpcds_partitioned_parquet_snap.web_sales, RANDOM]
|     HDFS partitions=1824/1824 files=1824 size=145.75GB
|     runtime filters: RF023[min_max] -> tpcds_partitioned_parquet_snap.web_sales.ws_item_sk, RF020[bloom] -> tpcds_partitioned_parquet_snap.web_sales.ws_sold_date_sk
|     stored statistics:
|       table: rows=2.16G size=145.75GB
|       partitions: 1824/1824 rows=2.16G
|       columns: all
|     extrapolated-rows=disabled max-scan-range-rows=3.37M
|     mem-estimate=16.00MB mem-reservation=264.00KB thread-reservation=0
|     tuple-ids=24 row-size=140B cardinality=2.16G(filtered from 2.16G) cost=4354495421
|     in pipelines: 25(GETNEXT)
|
24:HASH JOIN [INNER JOIN, PARTITIONED]
|  hash-table-id=05
|  hash predicates: tpcds_partitioned_parquet_snap.item.i_item_id = tpcds_partitioned_parquet_snap.item_0.i_item_id
|  fk/pk conjuncts: none
|  other join predicates: sum(tpcds_partitioned_parquet_snap.catalog_sales.cs_ext_sales_price) <= multiply(CAST(1.1 AS DECIMAL(2,1)), sum(tpcds_partitioned_parquet_snap.store_sales.ss_ext_sales_price)), sum(tpcds_partitioned_parquet_snap.catalog_sales.cs_ext_sales_price) >= multiply(CAST(0.9 AS DECIMAL(2,1)), sum(tpcds_partitioned_parquet_snap.store_sales.ss_ext_sales_price)), sum(tpcds_partitioned_parquet_snap.store_sales.ss_ext_sales_price) <= multiply(CAST(1.1 AS DECIMAL(2,1)), sum(tpcds_partitioned_parquet_snap.catalog_sales.cs_ext_sales_price)), sum(tpcds_partitioned_parquet_snap.store_sales.ss_ext_sales_price) >= multiply(CAST(0.9 AS DECIMAL(2,1)), sum(tpcds_partitioned_parquet_snap.catalog_sales.cs_ext_sales_price))
|  mem-estimate=0B mem-reservation=0B spill-buffer=128.00KB thread-reservation=0
|  tuple-ids=11,23 row-size=88B cardinality=360.00K cost=112830
|  in pipelines: 47(GETNEXT), 56(OPEN)
|
|--F30:PLAN FRAGMENT [HASH(tpcds_partitioned_parquet_snap.item.i_item_id)] hosts=10 instances=10 (adjusted from 120)
|  |  Per-Instance Resources: mem-estimate=32.62MB mem-reservation=19.88MB thread-reservation=1
|  |  max-parallelism=10 segment-costs=[8194613, 185571] cpu-comparison-result=120 [max(10 (self) vs 120 (sum children))]
|  JOIN BUILD
|  |  join-table-id=05 plan-id=06 cohort-id=01
|  |  build expressions: tpcds_partitioned_parquet_snap.item_0.i_item_id
|  |  runtime filters: RF003[min_max] <- tpcds_partitioned_parquet_snap.item_0.i_item_id
|  |  mem-estimate=2.88MB mem-reservation=2.88MB spill-buffer=128.00KB thread-reservation=0 cost=185571
|  |
|  56:AGGREGATE [FINALIZE]
|  |  output: sum:merge(tpcds_partitioned_parquet_snap.catalog_sales.cs_ext_sales_price)
|  |  group by: tpcds_partitioned_parquet_snap.item_0.i_item_id
|  |  mem-estimate=17.00MB mem-reservation=17.00MB spill-buffer=1.00MB thread-reservation=0
|  |  tuple-ids=23 row-size=44B cardinality=185.57K cost=4205614
|  |  in pipelines: 56(GETNEXT), 12(OPEN)
|  |
|  55:EXCHANGE [HASH(tpcds_partitioned_parquet_snap.item_0.i_item_id)]
|  |  mem-estimate=15.62MB mem-reservation=0B thread-reservation=0
|  |  tuple-ids=23 row-size=44B cardinality=12.72M cost=3988999
|  |  in pipelines: 12(GETNEXT)
|  |
|  F08:PLAN FRAGMENT [RANDOM] hosts=10 instances=120
|  Per-Host Shared Resources: mem-estimate=1.00MB mem-reservation=1.00MB thread-reservation=0 runtime-filters-memory=1.00MB
|  Per-Instance Resources: mem-estimate=27.88MB mem-reservation=10.00MB thread-reservation=1
|  max-parallelism=1180 segment-costs=[11748887556, 42610399] cpu-comparison-result=120 [max(120 (self) vs 25 (sum children))]
|  23:AGGREGATE [STREAMING]
|  |  output: sum(tpcds_partitioned_parquet_snap.catalog_sales.cs_ext_sales_price)
|  |  group by: tpcds_partitioned_parquet_snap.item_0.i_item_id
|  |  mem-estimate=10.00MB mem-reservation=9.00MB spill-buffer=512.00KB thread-reservation=0
|  |  tuple-ids=23 row-size=44B cardinality=12.72M cost=38692479
|  |  in pipelines: 12(GETNEXT)
|  |
|  22:HASH JOIN [INNER JOIN, BROADCAST]
|  |  hash-table-id=06
|  |  hash predicates: tpcds_partitioned_parquet_snap.catalog_sales.cs_sold_date_sk = tpcds_partitioned_parquet_snap.date_dim_2.d_date_sk
|  |  fk/pk conjuncts: tpcds_partitioned_parquet_snap.catalog_sales.cs_sold_date_sk = tpcds_partitioned_parquet_snap.date_dim_2.d_date_sk
|  |  mem-estimate=0B mem-reservation=0B spill-buffer=64.00KB thread-reservation=0
|  |  tuple-ids=12,14,16,22 row-size=787B cardinality=18.87M cost=1110964718
|  |  in pipelines: 12(GETNEXT), 15(OPEN)
|  |
|  |--F31:PLAN FRAGMENT [RANDOM] hosts=10 instances=10
|  |  |  Per-Instance Resources: mem-estimate=24.27MB mem-reservation=24.25MB thread-reservation=1 runtime-filters-memory=1.00MB
|  |  |  max-parallelism=10 segment-costs=[18] cpu-comparison-result=11 [max(11 (self) vs 2 (sum children))]
|  |  JOIN BUILD
|  |  |  join-table-id=06 plan-id=07 cohort-id=05
|  |  |  build expressions: tpcds_partitioned_parquet_snap.date_dim_2.d_date_sk
|  |  |  runtime filters: RF012[bloom] <- tpcds_partitioned_parquet_snap.date_dim_2.d_date_sk
|  |  |  mem-estimate=23.25MB mem-reservation=23.25MB spill-buffer=64.00KB thread-reservation=0 cost=8
|  |  |
|  |  54:EXCHANGE [BROADCAST]
|  |  |  mem-estimate=16.00KB mem-reservation=0B thread-reservation=0
|  |  |  tuple-ids=16,22 row-size=241B cardinality=8 cost=10
|  |  |  in pipelines: 15(GETNEXT)
|  |  |
|  |  F10:PLAN FRAGMENT [RANDOM] hosts=1 instances=1
|  |  Per-Host Shared Resources: mem-estimate=1.00MB mem-reservation=1.00MB thread-reservation=0 runtime-filters-memory=1.00MB
|  |  Per-Instance Resources: mem-estimate=16.97MB mem-reservation=4.00MB thread-reservation=1
|  |  max-parallelism=1 segment-costs=[129343]
|  |  21:HASH JOIN [INNER JOIN, BROADCAST]
|  |  |  hash-table-id=07
|  |  |  hash predicates: tpcds_partitioned_parquet_snap.date_dim_2.d_date = tpcds_partitioned_parquet_snap.date_dim_3.d_date
|  |  |  fk/pk conjuncts: none
|  |  |  mem-estimate=0B mem-reservation=0B spill-buffer=64.00KB thread-reservation=0
|  |  |  tuple-ids=16,22 row-size=241B cardinality=8 cost=18738
|  |  |  in pipelines: 15(GETNEXT), 52(OPEN)
|  |  |
|  |  |--F32:PLAN FRAGMENT [RANDOM] hosts=1 instances=1
|  |  |  |  Per-Instance Resources: mem-estimate=2.95MB mem-reservation=2.94MB thread-reservation=1 runtime-filters-memory=1.00MB
|  |  |  |  max-parallelism=1 segment-costs=[7] cpu-comparison-result=2 [max(1 (self) vs 2 (sum children))]
|  |  |  JOIN BUILD
|  |  |  |  join-table-id=07 plan-id=08 cohort-id=06
|  |  |  |  build expressions: tpcds_partitioned_parquet_snap.date_dim_3.d_date
|  |  |  |  runtime filters: RF016[bloom] <- tpcds_partitioned_parquet_snap.date_dim_3.d_date, RF017[min_max] <- tpcds_partitioned_parquet_snap.date_dim_3.d_date
|  |  |  |  mem-estimate=1.94MB mem-reservation=1.94MB spill-buffer=64.00KB thread-reservation=0 cost=7
|  |  |  |
|  |  |  53:EXCHANGE [BROADCAST]
|  |  |  |  mem-estimate=16.00KB mem-reservation=0B thread-reservation=0
|  |  |  |  tuple-ids=22 row-size=4B cardinality=7 cost=0
|  |  |  |  in pipelines: 52(GETNEXT)
|  |  |  |
|  |  |  F14:PLAN FRAGMENT [HASH(tpcds_partitioned_parquet_snap.date_dim_3.d_date)] hosts=1 instances=1
|  |  |  Per-Instance Resources: mem-estimate=10.03MB mem-reservation=1.94MB thread-reservation=1
|  |  |  max-parallelism=1 segment-costs=[20, 0] cpu-comparison-result=2 [max(1 (self) vs 2 (sum children))]
|  |  |  52:AGGREGATE [FINALIZE]
|  |  |  |  group by: tpcds_partitioned_parquet_snap.date_dim_3.d_date
|  |  |  |  mem-estimate=10.00MB mem-reservation=1.94MB spill-buffer=64.00KB thread-reservation=0
|  |  |  |  tuple-ids=22 row-size=4B cardinality=7 cost=20
|  |  |  |  in pipelines: 52(GETNEXT), 16(OPEN)
|  |  |  |
|  |  |  51:EXCHANGE [HASH(tpcds_partitioned_parquet_snap.date_dim_3.d_date)]
|  |  |  |  mem-estimate=16.00KB mem-reservation=0B thread-reservation=0
|  |  |  |  tuple-ids=22 row-size=4B cardinality=7 cost=0
|  |  |  |  in pipelines: 16(GETNEXT)
|  |  |  |
|  |  |  F11:PLAN FRAGMENT [RANDOM] hosts=1 instances=1
|  |  |  Per-Host Shared Resources: mem-estimate=1.00MB mem-reservation=1.00MB thread-reservation=0 runtime-filters-memory=1.00MB
|  |  |  Per-Instance Resources: mem-estimate=26.03MB mem-reservation=6.00MB thread-reservation=1
|  |  |  max-parallelism=1 segment-costs=[110623, 5] cpu-comparison-result=2 [max(1 (self) vs 2 (sum children))]
|  |  |  20:AGGREGATE [STREAMING]
|  |  |  |  group by: tpcds_partitioned_parquet_snap.date_dim_3.d_date
|  |  |  |  mem-estimate=10.00MB mem-reservation=2.00MB spill-buffer=64.00KB thread-reservation=0
|  |  |  |  tuple-ids=22 row-size=4B cardinality=7 cost=20
|  |  |  |  in pipelines: 16(GETNEXT)
|  |  |  |
|  |  |  19:HASH JOIN [INNER JOIN, BROADCAST]
|  |  |  |  hash-table-id=08
|  |  |  |  hash predicates: tpcds_partitioned_parquet_snap.date_dim_3.d_week_seq = tpcds_partitioned_parquet_snap.date_dim_4.d_week_seq
|  |  |  |  fk/pk conjuncts: none
|  |  |  |  mem-estimate=0B mem-reservation=0B spill-buffer=64.00KB thread-reservation=0
|  |  |  |  tuple-ids=18,20 row-size=245B cardinality=7 cost=3
|  |  |  |  in pipelines: 16(GETNEXT), 18(OPEN)
|  |  |  |
|  |  |  |--F33:PLAN FRAGMENT [RANDOM] hosts=1 instances=1
|  |  |  |  |  Per-Instance Resources: mem-estimate=2.95MB mem-reservation=2.94MB thread-reservation=1 runtime-filters-memory=1.00MB
|  |  |  |  |  max-parallelism=1 segment-costs=[1] cpu-comparison-result=2 [max(1 (self) vs 2 (sum children))]
|  |  |  |  JOIN BUILD
|  |  |  |  |  join-table-id=08 plan-id=09 cohort-id=07
|  |  |  |  |  build expressions: tpcds_partitioned_parquet_snap.date_dim_4.d_week_seq
|  |  |  |  |  runtime filters: RF018[bloom] <- tpcds_partitioned_parquet_snap.date_dim_4.d_week_seq, RF019[min_max] <- tpcds_partitioned_parquet_snap.date_dim_4.d_week_seq
|  |  |  |  |  mem-estimate=1.94MB mem-reservation=1.94MB spill-buffer=64.00KB thread-reservation=0 cost=1
|  |  |  |  |
|  |  |  |  50:EXCHANGE [BROADCAST]
|  |  |  |  |  mem-estimate=16.00KB mem-reservation=0B thread-reservation=0
|  |  |  |  |  tuple-ids=20 row-size=8B cardinality=1 cost=0
|  |  |  |  |  in pipelines: 18(GETNEXT)
|  |  |  |  |
|  |  |  |  F13:PLAN FRAGMENT [UNPARTITIONED] hosts=1 instances=1
|  |  |  |  Per-Instance Resources: mem-estimate=48.00KB mem-reservation=0B thread-reservation=1
|  |  |  |  max-parallelism=1 segment-costs=[0, 0]
|  |  |  |  18:CARDINALITY CHECK
|  |  |  |  |  limit: 1
|  |  |  |  |  mem-estimate=0B mem-reservation=0B thread-reservation=0
|  |  |  |  |  tuple-ids=20 row-size=8B cardinality=1 cost=0
|  |  |  |  |  in pipelines: 18(GETNEXT), 17(OPEN)
|  |  |  |  |
|  |  |  |  49:EXCHANGE [UNPARTITIONED]
|  |  |  |  |  limit: 2
|  |  |  |  |  mem-estimate=16.00KB mem-reservation=0B thread-reservation=0
|  |  |  |  |  tuple-ids=20 row-size=8B cardinality=1 cost=0
|  |  |  |  |  in pipelines: 17(GETNEXT)
|  |  |  |  |
|  |  |  |  F12:PLAN FRAGMENT [RANDOM] hosts=1 instances=1
|  |  |  |  Per-Instance Resources: mem-estimate=16.05MB mem-reservation=512.00KB thread-reservation=1
|  |  |  |  max-parallelism=1 segment-costs=[10468]
|  |  |  |  17:SCAN HDFS [tpcds_partitioned_parquet_snap.date_dim, RANDOM]
|  |  |  |     HDFS partitions=1/1 files=1 size=2.17MB
|  |  |  |     predicates: tpcds_partitioned_parquet_snap.date_dim_4.d_date = CAST('2000-03-26' AS DATE)
|  |  |  |     stored statistics:
|  |  |  |       table: rows=73.05K size=2.17MB
|  |  |  |       columns: all
|  |  |  |     extrapolated-rows=disabled max-scan-range-rows=73.05K
|  |  |  |     parquet statistics predicates: tpcds_partitioned_parquet_snap.date_dim_4.d_date = CAST('2000-03-26' AS DATE)
|  |  |  |     parquet dictionary predicates: tpcds_partitioned_parquet_snap.date_dim_4.d_date = CAST('2000-03-26' AS DATE)
|  |  |  |     limit: 2
|  |  |  |     mem-estimate=16.00MB mem-reservation=512.00KB thread-reservation=0
|  |  |  |     tuple-ids=20 row-size=8B cardinality=1 cost=10467
|  |  |  |     in pipelines: 17(GETNEXT)
|  |  |  |
|  |  |  16:SCAN HDFS [tpcds_partitioned_parquet_snap.date_dim, RANDOM]
|  |  |     HDFS partitions=1/1 files=1 size=2.17MB
|  |  |     runtime filters: RF019[min_max] -> tpcds_partitioned_parquet_snap.date_dim_3.d_week_seq, RF018[bloom] -> tpcds_partitioned_parquet_snap.date_dim_3.d_week_seq
|  |  |     stored statistics:
|  |  |       table: rows=73.05K size=2.17MB
|  |  |       columns: all
|  |  |     extrapolated-rows=disabled max-scan-range-rows=73.05K
|  |  |     mem-estimate=16.00MB mem-reservation=4.00MB thread-reservation=0
|  |  |     tuple-ids=18 row-size=237B cardinality=7(filtered from 73.05K) cost=110600
|  |  |     in pipelines: 16(GETNEXT)
|  |  |
|  |  15:SCAN HDFS [tpcds_partitioned_parquet_snap.date_dim, RANDOM]
|  |     HDFS partitions=1/1 files=1 size=2.17MB
|  |     runtime filters: RF017[min_max] -> tpcds_partitioned_parquet_snap.date_dim_2.d_date, RF016[bloom] -> tpcds_partitioned_parquet_snap.date_dim_2.d_date
|  |     stored statistics:
|  |       table: rows=73.05K size=2.17MB
|  |       columns: all
|  |     extrapolated-rows=disabled max-scan-range-rows=73.05K
|  |     mem-estimate=16.00MB mem-reservation=4.00MB thread-reservation=0
|  |     tuple-ids=16 row-size=237B cardinality=73.05K cost=110600
|  |     in pipelines: 15(GETNEXT)
|  |
|  14:HASH JOIN [INNER JOIN, BROADCAST]
|  |  hash-table-id=09
|  |  hash predicates: tpcds_partitioned_parquet_snap.catalog_sales.cs_item_sk = tpcds_partitioned_parquet_snap.item_0.i_item_sk
|  |  fk/pk conjuncts: tpcds_partitioned_parquet_snap.catalog_sales.cs_item_sk = tpcds_partitioned_parquet_snap.item_0.i_item_sk
|  |  mem-estimate=0B mem-reservation=0B spill-buffer=2.00MB thread-reservation=0
|  |  tuple-ids=12,14 row-size=545B cardinality=4.32G(filtered from 4.32G) cost=1889953154
|  |  in pipelines: 12(GETNEXT), 13(OPEN)
|  |
|  |--F34:PLAN FRAGMENT [RANDOM] hosts=10 instances=10
|  |  |  Per-Instance Resources: mem-estimate=419.60MB mem-reservation=408.00MB thread-reservation=1
|  |  |  max-parallelism=10 segment-costs=[838440]
|  |  JOIN BUILD
|  |  |  join-table-id=09 plan-id=10 cohort-id=05
|  |  |  build expressions: tpcds_partitioned_parquet_snap.item_0.i_item_sk
|  |  |  runtime filters: RF015[min_max] <- tpcds_partitioned_parquet_snap.item_0.i_item_sk
|  |  |  mem-estimate=408.00MB mem-reservation=408.00MB spill-buffer=2.00MB thread-reservation=0 cost=360000
|  |  |
|  |  48:EXCHANGE [BROADCAST]
|  |  |  mem-estimate=11.60MB mem-reservation=0B thread-reservation=0
|  |  |  tuple-ids=14 row-size=405B cardinality=360.00K cost=478440
|  |  |  in pipelines: 13(GETNEXT)
|  |  |
|  |  F09:PLAN FRAGMENT [RANDOM] hosts=4 instances=4
|  |  Per-Instance Resources: mem-estimate=17.60MB mem-reservation=512.00KB thread-reservation=1
|  |  max-parallelism=4 segment-costs=[1757529]
|  |  13:SCAN HDFS [tpcds_partitioned_parquet_snap.item, RANDOM]
|  |     HDFS partitions=1/1 files=1 size=33.54MB
|  |     runtime filters: RF001[min_max] -> tpcds_partitioned_parquet_snap.item_0.i_item_id
|  |     stored statistics:
|  |       table: rows=360.00K size=33.54MB
|  |       columns: all
|  |     extrapolated-rows=disabled max-scan-range-rows=101.54K
|  |     mem-estimate=16.00MB mem-reservation=512.00KB thread-reservation=0
|  |     tuple-ids=14 row-size=405B cardinality=360.00K cost=1355609
|  |     in pipelines: 13(GETNEXT)
|  |
|  12:SCAN HDFS [tpcds_partitioned_parquet_snap.catalog_sales, RANDOM]
|     HDFS partitions=1831/1831 files=1831 size=280.96GB
|     runtime filters: RF015[min_max] -> tpcds_partitioned_parquet_snap.catalog_sales.cs_item_sk, RF012[bloom] -> tpcds_partitioned_parquet_snap.catalog_sales.cs_sold_date_sk
|     stored statistics:
|       table: rows=4.32G size=280.96GB
|       partitions: 1831/1831 rows=4.32G
|       columns: all
|     extrapolated-rows=disabled max-scan-range-rows=21.52M
|     mem-estimate=16.00MB mem-reservation=1.00MB thread-reservation=0
|     tuple-ids=12 row-size=140B cardinality=4.32G(filtered from 4.32G) cost=8709277205
|     in pipelines: 12(GETNEXT)
|
47:AGGREGATE [FINALIZE]
|  output: sum:merge(tpcds_partitioned_parquet_snap.store_sales.ss_ext_sales_price)
|  group by: tpcds_partitioned_parquet_snap.item.i_item_id
|  mem-estimate=10.00MB mem-reservation=1.94MB spill-buffer=64.00KB thread-reservation=0
|  tuple-ids=11 row-size=44B cardinality=185.57K cost=5808490
|  in pipelines: 47(GETNEXT), 00(OPEN)
|
46:EXCHANGE [HASH(tpcds_partitioned_parquet_snap.item.i_item_id)]
|  mem-estimate=15.62MB mem-reservation=0B thread-reservation=0
|  tuple-ids=11 row-size=44B cardinality=18.20M cost=5706954
|  in pipelines: 00(GETNEXT)
|
F00:PLAN FRAGMENT [RANDOM] hosts=10 instances=120
Per-Host Shared Resources: mem-estimate=2.00MB mem-reservation=2.00MB thread-reservation=0 runtime-filters-memory=2.00MB
Per-Instance Resources: mem-estimate=34.88MB mem-reservation=25.00MB thread-reservation=1
max-parallelism=1810 segment-costs=[18004095097, 60961555] cpu-comparison-result=120 [max(120 (self) vs 25 (sum children))]
11:AGGREGATE [STREAMING]
|  output: sum(tpcds_partitioned_parquet_snap.store_sales.ss_ext_sales_price)
|  group by: tpcds_partitioned_parquet_snap.item.i_item_id
|  mem-estimate=17.00MB mem-reservation=17.00MB spill-buffer=1.00MB thread-reservation=0
|  tuple-ids=11 row-size=44B cardinality=18.20M cost=58540056
|  in pipelines: 00(GETNEXT)
|
10:HASH JOIN [INNER JOIN, BROADCAST]
|  hash-table-id=10
|  hash predicates: tpcds_partitioned_parquet_snap.store_sales.ss_sold_date_sk = tpcds_partitioned_parquet_snap.date_dim.d_date_sk
|  fk/pk conjuncts: tpcds_partitioned_parquet_snap.store_sales.ss_sold_date_sk = tpcds_partitioned_parquet_snap.date_dim.d_date_sk
|  mem-estimate=0B mem-reservation=0B spill-buffer=64.00KB thread-reservation=0
|  tuple-ids=0,2,4,10 row-size=743B cardinality=37.88M cost=2221898902
|  in pipelines: 00(GETNEXT), 03(OPEN)
|
|--F35:PLAN FRAGMENT [RANDOM] hosts=10 instances=10
|  |  Per-Instance Resources: mem-estimate=24.27MB mem-reservation=24.25MB thread-reservation=1 runtime-filters-memory=1.00MB
|  |  max-parallelism=10 segment-costs=[18] cpu-comparison-result=11 [max(11 (self) vs 2 (sum children))]
|  JOIN BUILD
|  |  join-table-id=10 plan-id=11 cohort-id=01
|  |  build expressions: tpcds_partitioned_parquet_snap.date_dim.d_date_sk
|  |  runtime filters: RF004[bloom] <- tpcds_partitioned_parquet_snap.date_dim.d_date_sk
|  |  mem-estimate=23.25MB mem-reservation=23.25MB spill-buffer=64.00KB thread-reservation=0 cost=8
|  |
|  45:EXCHANGE [BROADCAST]
|  |  mem-estimate=16.00KB mem-reservation=0B thread-reservation=0
|  |  tuple-ids=4,10 row-size=241B cardinality=8 cost=10
|  |  in pipelines: 03(GETNEXT)
|  |
|  F02:PLAN FRAGMENT [RANDOM] hosts=1 instances=1
|  Per-Host Shared Resources: mem-estimate=1.00MB mem-reservation=1.00MB thread-reservation=0 runtime-filters-memory=1.00MB
|  Per-Instance Resources: mem-estimate=16.97MB mem-reservation=4.00MB thread-reservation=1
|  max-parallelism=1 segment-costs=[129343]
|  09:HASH JOIN [INNER JOIN, BROADCAST]
|  |  hash-table-id=11
|  |  hash predicates: tpcds_partitioned_parquet_snap.date_dim.d_date = tpcds_partitioned_parquet_snap.date_dim_0.d_date
|  |  fk/pk conjuncts: none
|  |  mem-estimate=0B mem-reservation=0B spill-buffer=64.00KB thread-reservation=0
|  |  tuple-ids=4,10 row-size=241B cardinality=8 cost=18738
|  |  in pipelines: 03(GETNEXT), 43(OPEN)
|  |
|  |--F36:PLAN FRAGMENT [RANDOM] hosts=1 instances=1
|  |  |  Per-Instance Resources: mem-estimate=2.95MB mem-reservation=2.94MB thread-reservation=1 runtime-filters-memory=1.00MB
|  |  |  max-parallelism=1 segment-costs=[7] cpu-comparison-result=2 [max(1 (self) vs 2 (sum children))]
|  |  JOIN BUILD
|  |  |  join-table-id=11 plan-id=12 cohort-id=08
|  |  |  build expressions: tpcds_partitioned_parquet_snap.date_dim_0.d_date
|  |  |  runtime filters: RF008[bloom] <- tpcds_partitioned_parquet_snap.date_dim_0.d_date, RF009[min_max] <- tpcds_partitioned_parquet_snap.date_dim_0.d_date
|  |  |  mem-estimate=1.94MB mem-reservation=1.94MB spill-buffer=64.00KB thread-reservation=0 cost=7
|  |  |
|  |  44:EXCHANGE [BROADCAST]
|  |  |  mem-estimate=16.00KB mem-reservation=0B thread-reservation=0
|  |  |  tuple-ids=10 row-size=4B cardinality=7 cost=0
|  |  |  in pipelines: 43(GETNEXT)
|  |  |
|  |  F06:PLAN FRAGMENT [HASH(tpcds_partitioned_parquet_snap.date_dim_0.d_date)] hosts=1 instances=1
|  |  Per-Instance Resources: mem-estimate=10.03MB mem-reservation=1.94MB thread-reservation=1
|  |  max-parallelism=1 segment-costs=[20, 0] cpu-comparison-result=2 [max(1 (self) vs 2 (sum children))]
|  |  43:AGGREGATE [FINALIZE]
|  |  |  group by: tpcds_partitioned_parquet_snap.date_dim_0.d_date
|  |  |  mem-estimate=10.00MB mem-reservation=1.94MB spill-buffer=64.00KB thread-reservation=0
|  |  |  tuple-ids=10 row-size=4B cardinality=7 cost=20
|  |  |  in pipelines: 43(GETNEXT), 04(OPEN)
|  |  |
|  |  42:EXCHANGE [HASH(tpcds_partitioned_parquet_snap.date_dim_0.d_date)]
|  |  |  mem-estimate=16.00KB mem-reservation=0B thread-reservation=0
|  |  |  tuple-ids=10 row-size=4B cardinality=7 cost=0
|  |  |  in pipelines: 04(GETNEXT)
|  |  |
|  |  F03:PLAN FRAGMENT [RANDOM] hosts=1 instances=1
|  |  Per-Host Shared Resources: mem-estimate=1.00MB mem-reservation=1.00MB thread-reservation=0 runtime-filters-memory=1.00MB
|  |  Per-Instance Resources: mem-estimate=26.03MB mem-reservation=6.00MB thread-reservation=1
|  |  max-parallelism=1 segment-costs=[110623, 5] cpu-comparison-result=2 [max(1 (self) vs 2 (sum children))]
|  |  08:AGGREGATE [STREAMING]
|  |  |  group by: tpcds_partitioned_parquet_snap.date_dim_0.d_date
|  |  |  mem-estimate=10.00MB mem-reservation=2.00MB spill-buffer=64.00KB thread-reservation=0
|  |  |  tuple-ids=10 row-size=4B cardinality=7 cost=20
|  |  |  in pipelines: 04(GETNEXT)
|  |  |
|  |  07:HASH JOIN [INNER JOIN, BROADCAST]
|  |  |  hash-table-id=12
|  |  |  hash predicates: tpcds_partitioned_parquet_snap.date_dim_0.d_week_seq = tpcds_partitioned_parquet_snap.date_dim_1.d_week_seq
|  |  |  fk/pk conjuncts: none
|  |  |  mem-estimate=0B mem-reservation=0B spill-buffer=64.00KB thread-reservation=0
|  |  |  tuple-ids=6,8 row-size=245B cardinality=7 cost=3
|  |  |  in pipelines: 04(GETNEXT), 06(OPEN)
|  |  |
|  |  |--F37:PLAN FRAGMENT [RANDOM] hosts=1 instances=1
|  |  |  |  Per-Instance Resources: mem-estimate=2.95MB mem-reservation=2.94MB thread-reservation=1 runtime-filters-memory=1.00MB
|  |  |  |  max-parallelism=1 segment-costs=[1] cpu-comparison-result=2 [max(1 (self) vs 2 (sum children))]
|  |  |  JOIN BUILD
|  |  |  |  join-table-id=12 plan-id=13 cohort-id=09
|  |  |  |  build expressions: tpcds_partitioned_parquet_snap.date_dim_1.d_week_seq
|  |  |  |  runtime filters: RF010[bloom] <- tpcds_partitioned_parquet_snap.date_dim_1.d_week_seq, RF011[min_max] <- tpcds_partitioned_parquet_snap.date_dim_1.d_week_seq
|  |  |  |  mem-estimate=1.94MB mem-reservation=1.94MB spill-buffer=64.00KB thread-reservation=0 cost=1
|  |  |  |
|  |  |  41:EXCHANGE [BROADCAST]
|  |  |  |  mem-estimate=16.00KB mem-reservation=0B thread-reservation=0
|  |  |  |  tuple-ids=8 row-size=8B cardinality=1 cost=0
|  |  |  |  in pipelines: 06(GETNEXT)
|  |  |  |
|  |  |  F05:PLAN FRAGMENT [UNPARTITIONED] hosts=1 instances=1
|  |  |  Per-Instance Resources: mem-estimate=48.00KB mem-reservation=0B thread-reservation=1
|  |  |  max-parallelism=1 segment-costs=[0, 0]
|  |  |  06:CARDINALITY CHECK
|  |  |  |  limit: 1
|  |  |  |  mem-estimate=0B mem-reservation=0B thread-reservation=0
|  |  |  |  tuple-ids=8 row-size=8B cardinality=1 cost=0
|  |  |  |  in pipelines: 06(GETNEXT), 05(OPEN)
|  |  |  |
|  |  |  40:EXCHANGE [UNPARTITIONED]
|  |  |  |  limit: 2
|  |  |  |  mem-estimate=16.00KB mem-reservation=0B thread-reservation=0
|  |  |  |  tuple-ids=8 row-size=8B cardinality=1 cost=0
|  |  |  |  in pipelines: 05(GETNEXT)
|  |  |  |
|  |  |  F04:PLAN FRAGMENT [RANDOM] hosts=1 instances=1
|  |  |  Per-Instance Resources: mem-estimate=16.05MB mem-reservation=512.00KB thread-reservation=1
|  |  |  max-parallelism=1 segment-costs=[10468]
|  |  |  05:SCAN HDFS [tpcds_partitioned_parquet_snap.date_dim, RANDOM]
|  |  |     HDFS partitions=1/1 files=1 size=2.17MB
|  |  |     predicates: tpcds_partitioned_parquet_snap.date_dim_1.d_date = CAST('2000-03-26' AS DATE)
|  |  |     stored statistics:
|  |  |       table: rows=73.05K size=2.17MB
|  |  |       columns: all
|  |  |     extrapolated-rows=disabled max-scan-range-rows=73.05K
|  |  |     parquet statistics predicates: tpcds_partitioned_parquet_snap.date_dim_1.d_date = CAST('2000-03-26' AS DATE)
|  |  |     parquet dictionary predicates: tpcds_partitioned_parquet_snap.date_dim_1.d_date = CAST('2000-03-26' AS DATE)
|  |  |     limit: 2
|  |  |     mem-estimate=16.00MB mem-reservation=512.00KB thread-reservation=0
|  |  |     tuple-ids=8 row-size=8B cardinality=1 cost=10467
|  |  |     in pipelines: 05(GETNEXT)
|  |  |
|  |  04:SCAN HDFS [tpcds_partitioned_parquet_snap.date_dim, RANDOM]
|  |     HDFS partitions=1/1 files=1 size=2.17MB
|  |     runtime filters: RF011[min_max] -> tpcds_partitioned_parquet_snap.date_dim_0.d_week_seq, RF010[bloom] -> tpcds_partitioned_parquet_snap.date_dim_0.d_week_seq
|  |     stored statistics:
|  |       table: rows=73.05K size=2.17MB
|  |       columns: all
|  |     extrapolated-rows=disabled max-scan-range-rows=73.05K
|  |     mem-estimate=16.00MB mem-reservation=4.00MB thread-reservation=0
|  |     tuple-ids=6 row-size=237B cardinality=7(filtered from 73.05K) cost=110600
|  |     in pipelines: 04(GETNEXT)
|  |
|  03:SCAN HDFS [tpcds_partitioned_parquet_snap.date_dim, RANDOM]
|     HDFS partitions=1/1 files=1 size=2.17MB
|     runtime filters: RF009[min_max] -> tpcds_partitioned_parquet_snap.date_dim.d_date, RF008[bloom] -> tpcds_partitioned_parquet_snap.date_dim.d_date
|     stored statistics:
|       table: rows=73.05K size=2.17MB
|       columns: all
|     extrapolated-rows=disabled max-scan-range-rows=73.05K
|     mem-estimate=16.00MB mem-reservation=4.00MB thread-reservation=0
|     tuple-ids=4 row-size=237B cardinality=73.05K cost=110600
|     in pipelines: 03(GETNEXT)
|
02:HASH JOIN [INNER JOIN, BROADCAST]
|  hash-table-id=13
|  hash predicates: tpcds_partitioned_parquet_snap.store_sales.ss_item_sk = tpcds_partitioned_parquet_snap.item.i_item_sk
|  fk/pk conjuncts: tpcds_partitioned_parquet_snap.store_sales.ss_item_sk = tpcds_partitioned_parquet_snap.item.i_item_sk
|  mem-estimate=0B mem-reservation=0B spill-buffer=2.00MB thread-reservation=0
|  tuple-ids=0,2 row-size=501B cardinality=8.64G(filtered from 8.64G) cost=3779809729
|  in pipelines: 00(GETNEXT), 01(OPEN)
|
|--F38:PLAN FRAGMENT [RANDOM] hosts=10 instances=10
|  |  Per-Instance Resources: mem-estimate=420.60MB mem-reservation=409.00MB thread-reservation=1 runtime-filters-memory=1.00MB
|  |  max-parallelism=10 segment-costs=[838440]
|  JOIN BUILD
|  |  join-table-id=13 plan-id=14 cohort-id=01
|  |  build expressions: tpcds_partitioned_parquet_snap.item.i_item_sk
|  |  runtime filters: RF006[bloom] <- tpcds_partitioned_parquet_snap.item.i_item_sk, RF007[min_max] <- tpcds_partitioned_parquet_snap.item.i_item_sk
|  |  mem-estimate=408.00MB mem-reservation=408.00MB spill-buffer=2.00MB thread-reservation=0 cost=360000
|  |
|  39:EXCHANGE [BROADCAST]
|  |  mem-estimate=11.60MB mem-reservation=0B thread-reservation=0
|  |  tuple-ids=2 row-size=405B cardinality=360.00K cost=478440
|  |  in pipelines: 01(GETNEXT)
|  |
|  F01:PLAN FRAGMENT [RANDOM] hosts=4 instances=4
|  Per-Instance Resources: mem-estimate=17.60MB mem-reservation=512.00KB thread-reservation=1
|  max-parallelism=4 segment-costs=[1757529]
|  01:SCAN HDFS [tpcds_partitioned_parquet_snap.item, RANDOM]
|     HDFS partitions=1/1 files=1 size=33.54MB
|     runtime filters: RF001[min_max] -> tpcds_partitioned_parquet_snap.item.i_item_id, RF003[min_max] -> tpcds_partitioned_parquet_snap.item.i_item_id
|     stored statistics:
|       table: rows=360.00K size=33.54MB
|       columns: all
|     extrapolated-rows=disabled max-scan-range-rows=101.54K
|     mem-estimate=16.00MB mem-reservation=512.00KB thread-reservation=0
|     tuple-ids=2 row-size=405B cardinality=360.00K cost=1355609
|     in pipelines: 01(GETNEXT)
|
00:SCAN HDFS [tpcds_partitioned_parquet_snap.store_sales, RANDOM]
   HDFS partitions=1824/1824 files=1824 size=389.90GB
   runtime filters: RF007[min_max] -> tpcds_partitioned_parquet_snap.store_sales.ss_item_sk, RF004[bloom] -> tpcds_partitioned_parquet_snap.store_sales.ss_sold_date_sk, RF006[bloom] -> tpcds_partitioned_parquet_snap.store_sales.ss_item_sk
   stored statistics:
     table: rows=8.64G size=389.90GB
     partitions: 1824/1824 rows=8.64G
     columns: all
   extrapolated-rows=disabled max-scan-range-rows=390.22M
   mem-estimate=16.00MB mem-reservation=8.00MB thread-reservation=0
   tuple-ids=0 row-size=96B cardinality=8.64G(filtered from 8.64G) cost=11943846410
   in pipelines: 00(GETNEXT)
---- PARALLELPLANS
Max Per-Host Resource Reservation: Memory=1.85GB Threads=70
Per-Host Resource Estimates: Memory=2.74GB
F24:PLAN FRAGMENT [UNPARTITIONED] hosts=1 instances=1
|  Per-Instance Resources: mem-estimate=4.08MB mem-reservation=4.00MB thread-reservation=1
|  max-parallelism=1 segment-costs=[840] cpu-comparison-result=360 [max(1 (self) vs 360 (sum children))]
PLAN-ROOT SINK
|  output exprs: tpcds_partitioned_parquet_snap.item.i_item_id, sum(tpcds_partitioned_parquet_snap.store_sales.ss_ext_sales_price), multiply(divide(sum(tpcds_partitioned_parquet_snap.store_sales.ss_ext_sales_price), divide(add(add(sum(tpcds_partitioned_parquet_snap.store_sales.ss_ext_sales_price), sum(tpcds_partitioned_parquet_snap.catalog_sales.cs_ext_sales_price)), sum(tpcds_partitioned_parquet_snap.web_sales.ws_ext_sales_price)), CAST(3 AS DECIMAL(3,0)))), CAST(100 AS DECIMAL(3,0))), sum(tpcds_partitioned_parquet_snap.catalog_sales.cs_ext_sales_price), multiply(divide(sum(tpcds_partitioned_parquet_snap.catalog_sales.cs_ext_sales_price), divide(add(add(sum(tpcds_partitioned_parquet_snap.store_sales.ss_ext_sales_price), sum(tpcds_partitioned_parquet_snap.catalog_sales.cs_ext_sales_price)), sum(tpcds_partitioned_parquet_snap.web_sales.ws_ext_sales_price)), CAST(3 AS DECIMAL(3,0)))), CAST(100 AS DECIMAL(3,0))), sum(tpcds_partitioned_parquet_snap.web_sales.ws_ext_sales_price), multiply(divide(sum(tpcds_partitioned_parquet_snap.web_sales.ws_ext_sales_price), divide(add(add(sum(tpcds_partitioned_parquet_snap.store_sales.ss_ext_sales_price), sum(tpcds_partitioned_parquet_snap.catalog_sales.cs_ext_sales_price)), sum(tpcds_partitioned_parquet_snap.web_sales.ws_ext_sales_price)), CAST(3 AS DECIMAL(3,0)))), CAST(100 AS DECIMAL(3,0))), divide(add(add(sum(tpcds_partitioned_parquet_snap.store_sales.ss_ext_sales_price), sum(tpcds_partitioned_parquet_snap.catalog_sales.cs_ext_sales_price)), sum(tpcds_partitioned_parquet_snap.web_sales.ws_ext_sales_price)), CAST(3 AS DECIMAL(3,0)))
|  mem-estimate=4.00MB mem-reservation=4.00MB spill-buffer=2.00MB thread-reservation=0 cost=800
|
66:MERGING-EXCHANGE [UNPARTITIONED]
|  order by: tpcds_partitioned_parquet_snap.item.i_item_id ASC NULLS LAST, sum(tpcds_partitioned_parquet_snap.store_sales.ss_ext_sales_price) ASC NULLS LAST
|  limit: 100
|  mem-estimate=78.87KB mem-reservation=0B thread-reservation=0
|  tuple-ids=36 row-size=76B cardinality=100 cost=40
|  in pipelines: 38(GETNEXT)
|
F07:PLAN FRAGMENT [HASH(tpcds_partitioned_parquet_snap.item.i_item_id)] hosts=10 instances=10 (adjusted from 120)
Per-Instance Resources: mem-estimate=25.62MB mem-reservation=1.94MB thread-reservation=1
max-parallelism=10 segment-costs=[11515444, 4016711, 230] cpu-comparison-result=360 [max(10 (self) vs 360 (sum children))]
38:TOP-N [LIMIT=100]
|  order by: tpcds_partitioned_parquet_snap.item.i_item_id ASC NULLS LAST, sum(tpcds_partitioned_parquet_snap.store_sales.ss_ext_sales_price) ASC NULLS LAST
|  mem-estimate=7.42KB mem-reservation=0B thread-reservation=0
|  tuple-ids=36 row-size=76B cardinality=100 cost=3746309
|  in pipelines: 38(GETNEXT), 47(OPEN)
|
37:HASH JOIN [INNER JOIN, PARTITIONED]
|  hash-table-id=00
|  hash predicates: tpcds_partitioned_parquet_snap.item.i_item_id = tpcds_partitioned_parquet_snap.item_1.i_item_id
|  fk/pk conjuncts: none
|  other join predicates: sum(tpcds_partitioned_parquet_snap.catalog_sales.cs_ext_sales_price) <= multiply(CAST(1.1 AS DECIMAL(2,1)), sum(tpcds_partitioned_parquet_snap.web_sales.ws_ext_sales_price)), sum(tpcds_partitioned_parquet_snap.catalog_sales.cs_ext_sales_price) >= multiply(CAST(0.9 AS DECIMAL(2,1)), sum(tpcds_partitioned_parquet_snap.web_sales.ws_ext_sales_price)), sum(tpcds_partitioned_parquet_snap.store_sales.ss_ext_sales_price) <= multiply(CAST(1.1 AS DECIMAL(2,1)), sum(tpcds_partitioned_parquet_snap.web_sales.ws_ext_sales_price)), sum(tpcds_partitioned_parquet_snap.store_sales.ss_ext_sales_price) >= multiply(CAST(0.9 AS DECIMAL(2,1)), sum(tpcds_partitioned_parquet_snap.web_sales.ws_ext_sales_price)), sum(tpcds_partitioned_parquet_snap.web_sales.ws_ext_sales_price) <= multiply(CAST(1.1 AS DECIMAL(2,1)), sum(tpcds_partitioned_parquet_snap.catalog_sales.cs_ext_sales_price)), sum(tpcds_partitioned_parquet_snap.web_sales.ws_ext_sales_price) <= multiply(CAST(1.1 AS DECIMAL(2,1)), sum(tpcds_partitioned_parquet_snap.store_sales.ss_ext_sales_price)), sum(tpcds_partitioned_parquet_snap.web_sales.ws_ext_sales_price) >= multiply(CAST(0.9 AS DECIMAL(2,1)), sum(tpcds_partitioned_parquet_snap.catalog_sales.cs_ext_sales_price)), sum(tpcds_partitioned_parquet_snap.web_sales.ws_ext_sales_price) >= multiply(CAST(0.9 AS DECIMAL(2,1)), sum(tpcds_partitioned_parquet_snap.store_sales.ss_ext_sales_price))
|  mem-estimate=0B mem-reservation=0B spill-buffer=128.00KB thread-reservation=0
|  tuple-ids=11,23,35 row-size=132B cardinality=360.00K cost=157572
|  in pipelines: 47(GETNEXT), 65(OPEN)
|
|--F25:PLAN FRAGMENT [HASH(tpcds_partitioned_parquet_snap.item.i_item_id)] hosts=10 instances=10 (adjusted from 120)
|  |  Per-Instance Resources: mem-estimate=32.62MB mem-reservation=19.88MB thread-reservation=1
|  |  max-parallelism=10 segment-costs=[5158043, 185571] cpu-comparison-result=120 [max(10 (self) vs 120 (sum children))]
|  JOIN BUILD
|  |  join-table-id=00 plan-id=01 cohort-id=01
|  |  build expressions: tpcds_partitioned_parquet_snap.item_1.i_item_id
|  |  runtime filters: RF001[min_max] <- tpcds_partitioned_parquet_snap.item_1.i_item_id
|  |  mem-estimate=2.88MB mem-reservation=2.88MB spill-buffer=128.00KB thread-reservation=0 cost=185571
|  |
|  65:AGGREGATE [FINALIZE]
|  |  output: sum:merge(tpcds_partitioned_parquet_snap.web_sales.ws_ext_sales_price)
|  |  group by: tpcds_partitioned_parquet_snap.item_1.i_item_id
|  |  mem-estimate=17.00MB mem-reservation=17.00MB spill-buffer=1.00MB thread-reservation=0
|  |  tuple-ids=35 row-size=44B cardinality=185.57K cost=2739943
|  |  in pipelines: 65(GETNEXT), 25(OPEN)
|  |
|  64:EXCHANGE [HASH(tpcds_partitioned_parquet_snap.item_1.i_item_id)]
|  |  mem-estimate=15.62MB mem-reservation=0B thread-reservation=0
|  |  tuple-ids=35 row-size=44B cardinality=7.71M cost=2418100
|  |  in pipelines: 25(GETNEXT)
|  |
|  F16:PLAN FRAGMENT [RANDOM] hosts=10 instances=120
|  Per-Host Shared Resources: mem-estimate=1.00MB mem-reservation=1.00MB thread-reservation=0 runtime-filters-memory=1.00MB
|  Per-Instance Resources: mem-estimate=27.88MB mem-reservation=5.26MB thread-reservation=1
|  max-parallelism=590 segment-costs=[5877791167, 25830098] cpu-comparison-result=120 [max(120 (self) vs 25 (sum children))]
|  36:AGGREGATE [STREAMING]
|  |  output: sum(tpcds_partitioned_parquet_snap.web_sales.ws_ext_sales_price)
|  |  group by: tpcds_partitioned_parquet_snap.item_1.i_item_id
|  |  mem-estimate=10.00MB mem-reservation=5.00MB spill-buffer=256.00KB thread-reservation=0
|  |  tuple-ids=35 row-size=44B cardinality=7.71M cost=22879586
|  |  in pipelines: 25(GETNEXT)
|  |
|  35:HASH JOIN [INNER JOIN, BROADCAST]
|  |  hash-table-id=01
|  |  hash predicates: tpcds_partitioned_parquet_snap.web_sales.ws_sold_date_sk = tpcds_partitioned_parquet_snap.date_dim_5.d_date_sk
|  |  fk/pk conjuncts: tpcds_partitioned_parquet_snap.web_sales.ws_sold_date_sk = tpcds_partitioned_parquet_snap.date_dim_5.d_date_sk
|  |  mem-estimate=0B mem-reservation=0B spill-buffer=64.00KB thread-reservation=0
|  |  tuple-ids=24,26,28,34 row-size=787B cardinality=9.47M cost=555470654
|  |  in pipelines: 25(GETNEXT), 28(OPEN)
|  |
|  |--F26:PLAN FRAGMENT [RANDOM] hosts=10 instances=10
|  |  |  Per-Instance Resources: mem-estimate=24.27MB mem-reservation=24.25MB thread-reservation=1 runtime-filters-memory=1.00MB
|  |  |  max-parallelism=10 segment-costs=[18] cpu-comparison-result=11 [max(11 (self) vs 2 (sum children))]
|  |  JOIN BUILD
|  |  |  join-table-id=01 plan-id=02 cohort-id=02
|  |  |  build expressions: tpcds_partitioned_parquet_snap.date_dim_5.d_date_sk
|  |  |  runtime filters: RF020[bloom] <- tpcds_partitioned_parquet_snap.date_dim_5.d_date_sk
|  |  |  mem-estimate=23.25MB mem-reservation=23.25MB spill-buffer=64.00KB thread-reservation=0 cost=8
|  |  |
|  |  63:EXCHANGE [BROADCAST]
|  |  |  mem-estimate=16.00KB mem-reservation=0B thread-reservation=0
|  |  |  tuple-ids=28,34 row-size=241B cardinality=8 cost=10
|  |  |  in pipelines: 28(GETNEXT)
|  |  |
|  |  F18:PLAN FRAGMENT [RANDOM] hosts=1 instances=1
|  |  Per-Host Shared Resources: mem-estimate=1.00MB mem-reservation=1.00MB thread-reservation=0 runtime-filters-memory=1.00MB
|  |  Per-Instance Resources: mem-estimate=16.97MB mem-reservation=4.00MB thread-reservation=1
|  |  max-parallelism=1 segment-costs=[129343]
|  |  34:HASH JOIN [INNER JOIN, BROADCAST]
|  |  |  hash-table-id=02
|  |  |  hash predicates: tpcds_partitioned_parquet_snap.date_dim_5.d_date = tpcds_partitioned_parquet_snap.date_dim_6.d_date
|  |  |  fk/pk conjuncts: none
|  |  |  mem-estimate=0B mem-reservation=0B spill-buffer=64.00KB thread-reservation=0
|  |  |  tuple-ids=28,34 row-size=241B cardinality=8 cost=18738
|  |  |  in pipelines: 28(GETNEXT), 61(OPEN)
|  |  |
|  |  |--F27:PLAN FRAGMENT [RANDOM] hosts=1 instances=1
|  |  |  |  Per-Instance Resources: mem-estimate=2.95MB mem-reservation=2.94MB thread-reservation=1 runtime-filters-memory=1.00MB
|  |  |  |  max-parallelism=1 segment-costs=[7] cpu-comparison-result=2 [max(1 (self) vs 2 (sum children))]
|  |  |  JOIN BUILD
|  |  |  |  join-table-id=02 plan-id=03 cohort-id=03
|  |  |  |  build expressions: tpcds_partitioned_parquet_snap.date_dim_6.d_date
|  |  |  |  runtime filters: RF024[bloom] <- tpcds_partitioned_parquet_snap.date_dim_6.d_date, RF025[min_max] <- tpcds_partitioned_parquet_snap.date_dim_6.d_date
|  |  |  |  mem-estimate=1.94MB mem-reservation=1.94MB spill-buffer=64.00KB thread-reservation=0 cost=7
|  |  |  |
|  |  |  62:EXCHANGE [BROADCAST]
|  |  |  |  mem-estimate=16.00KB mem-reservation=0B thread-reservation=0
|  |  |  |  tuple-ids=34 row-size=4B cardinality=7 cost=0
|  |  |  |  in pipelines: 61(GETNEXT)
|  |  |  |
|  |  |  F22:PLAN FRAGMENT [HASH(tpcds_partitioned_parquet_snap.date_dim_6.d_date)] hosts=1 instances=1
|  |  |  Per-Instance Resources: mem-estimate=10.03MB mem-reservation=1.94MB thread-reservation=1
|  |  |  max-parallelism=1 segment-costs=[20, 0] cpu-comparison-result=2 [max(1 (self) vs 2 (sum children))]
|  |  |  61:AGGREGATE [FINALIZE]
|  |  |  |  group by: tpcds_partitioned_parquet_snap.date_dim_6.d_date
|  |  |  |  mem-estimate=10.00MB mem-reservation=1.94MB spill-buffer=64.00KB thread-reservation=0
|  |  |  |  tuple-ids=34 row-size=4B cardinality=7 cost=20
|  |  |  |  in pipelines: 61(GETNEXT), 29(OPEN)
|  |  |  |
|  |  |  60:EXCHANGE [HASH(tpcds_partitioned_parquet_snap.date_dim_6.d_date)]
|  |  |  |  mem-estimate=16.00KB mem-reservation=0B thread-reservation=0
|  |  |  |  tuple-ids=34 row-size=4B cardinality=7 cost=0
|  |  |  |  in pipelines: 29(GETNEXT)
|  |  |  |
|  |  |  F19:PLAN FRAGMENT [RANDOM] hosts=1 instances=1
|  |  |  Per-Host Shared Resources: mem-estimate=1.00MB mem-reservation=1.00MB thread-reservation=0 runtime-filters-memory=1.00MB
|  |  |  Per-Instance Resources: mem-estimate=26.03MB mem-reservation=6.00MB thread-reservation=1
|  |  |  max-parallelism=1 segment-costs=[110623, 5] cpu-comparison-result=2 [max(1 (self) vs 2 (sum children))]
|  |  |  33:AGGREGATE [STREAMING]
|  |  |  |  group by: tpcds_partitioned_parquet_snap.date_dim_6.d_date
|  |  |  |  mem-estimate=10.00MB mem-reservation=2.00MB spill-buffer=64.00KB thread-reservation=0
|  |  |  |  tuple-ids=34 row-size=4B cardinality=7 cost=20
|  |  |  |  in pipelines: 29(GETNEXT)
|  |  |  |
|  |  |  32:HASH JOIN [INNER JOIN, BROADCAST]
|  |  |  |  hash-table-id=03
|  |  |  |  hash predicates: tpcds_partitioned_parquet_snap.date_dim_6.d_week_seq = tpcds_partitioned_parquet_snap.date_dim_7.d_week_seq
|  |  |  |  fk/pk conjuncts: none
|  |  |  |  mem-estimate=0B mem-reservation=0B spill-buffer=64.00KB thread-reservation=0
|  |  |  |  tuple-ids=30,32 row-size=245B cardinality=7 cost=3
|  |  |  |  in pipelines: 29(GETNEXT), 31(OPEN)
|  |  |  |
|  |  |  |--F28:PLAN FRAGMENT [RANDOM] hosts=1 instances=1
|  |  |  |  |  Per-Instance Resources: mem-estimate=2.95MB mem-reservation=2.94MB thread-reservation=1 runtime-filters-memory=1.00MB
|  |  |  |  |  max-parallelism=1 segment-costs=[1] cpu-comparison-result=2 [max(1 (self) vs 2 (sum children))]
|  |  |  |  JOIN BUILD
|  |  |  |  |  join-table-id=03 plan-id=04 cohort-id=04
|  |  |  |  |  build expressions: tpcds_partitioned_parquet_snap.date_dim_7.d_week_seq
|  |  |  |  |  runtime filters: RF026[bloom] <- tpcds_partitioned_parquet_snap.date_dim_7.d_week_seq, RF027[min_max] <- tpcds_partitioned_parquet_snap.date_dim_7.d_week_seq
|  |  |  |  |  mem-estimate=1.94MB mem-reservation=1.94MB spill-buffer=64.00KB thread-reservation=0 cost=1
|  |  |  |  |
|  |  |  |  59:EXCHANGE [BROADCAST]
|  |  |  |  |  mem-estimate=16.00KB mem-reservation=0B thread-reservation=0
|  |  |  |  |  tuple-ids=32 row-size=8B cardinality=1 cost=0
|  |  |  |  |  in pipelines: 31(GETNEXT)
|  |  |  |  |
|  |  |  |  F21:PLAN FRAGMENT [UNPARTITIONED] hosts=1 instances=1
|  |  |  |  Per-Instance Resources: mem-estimate=48.00KB mem-reservation=0B thread-reservation=1
|  |  |  |  max-parallelism=1 segment-costs=[0, 0]
|  |  |  |  31:CARDINALITY CHECK
|  |  |  |  |  limit: 1
|  |  |  |  |  mem-estimate=0B mem-reservation=0B thread-reservation=0
|  |  |  |  |  tuple-ids=32 row-size=8B cardinality=1 cost=0
|  |  |  |  |  in pipelines: 31(GETNEXT), 30(OPEN)
|  |  |  |  |
|  |  |  |  58:EXCHANGE [UNPARTITIONED]
|  |  |  |  |  limit: 2
|  |  |  |  |  mem-estimate=16.00KB mem-reservation=0B thread-reservation=0
|  |  |  |  |  tuple-ids=32 row-size=8B cardinality=1 cost=0
|  |  |  |  |  in pipelines: 30(GETNEXT)
|  |  |  |  |
|  |  |  |  F20:PLAN FRAGMENT [RANDOM] hosts=1 instances=1
|  |  |  |  Per-Instance Resources: mem-estimate=16.05MB mem-reservation=512.00KB thread-reservation=1
|  |  |  |  max-parallelism=1 segment-costs=[10468]
|  |  |  |  30:SCAN HDFS [tpcds_partitioned_parquet_snap.date_dim, RANDOM]
|  |  |  |     HDFS partitions=1/1 files=1 size=2.17MB
|  |  |  |     predicates: tpcds_partitioned_parquet_snap.date_dim_7.d_date = CAST('2000-03-26' AS DATE)
|  |  |  |     stored statistics:
|  |  |  |       table: rows=73.05K size=2.17MB
|  |  |  |       columns: all
|  |  |  |     extrapolated-rows=disabled max-scan-range-rows=73.05K
|  |  |  |     parquet statistics predicates: tpcds_partitioned_parquet_snap.date_dim_7.d_date = CAST('2000-03-26' AS DATE)
|  |  |  |     parquet dictionary predicates: tpcds_partitioned_parquet_snap.date_dim_7.d_date = CAST('2000-03-26' AS DATE)
|  |  |  |     limit: 2
|  |  |  |     mem-estimate=16.00MB mem-reservation=512.00KB thread-reservation=0
|  |  |  |     tuple-ids=32 row-size=8B cardinality=1 cost=10467
|  |  |  |     in pipelines: 30(GETNEXT)
|  |  |  |
|  |  |  29:SCAN HDFS [tpcds_partitioned_parquet_snap.date_dim, RANDOM]
|  |  |     HDFS partitions=1/1 files=1 size=2.17MB
|  |  |     runtime filters: RF027[min_max] -> tpcds_partitioned_parquet_snap.date_dim_6.d_week_seq, RF026[bloom] -> tpcds_partitioned_parquet_snap.date_dim_6.d_week_seq
|  |  |     stored statistics:
|  |  |       table: rows=73.05K size=2.17MB
|  |  |       columns: all
|  |  |     extrapolated-rows=disabled max-scan-range-rows=73.05K
|  |  |     mem-estimate=16.00MB mem-reservation=4.00MB thread-reservation=0
|  |  |     tuple-ids=30 row-size=237B cardinality=7(filtered from 73.05K) cost=110600
|  |  |     in pipelines: 29(GETNEXT)
|  |  |
|  |  28:SCAN HDFS [tpcds_partitioned_parquet_snap.date_dim, RANDOM]
|  |     HDFS partitions=1/1 files=1 size=2.17MB
|  |     runtime filters: RF025[min_max] -> tpcds_partitioned_parquet_snap.date_dim_5.d_date, RF024[bloom] -> tpcds_partitioned_parquet_snap.date_dim_5.d_date
|  |     stored statistics:
|  |       table: rows=73.05K size=2.17MB
|  |       columns: all
|  |     extrapolated-rows=disabled max-scan-range-rows=73.05K
|  |     mem-estimate=16.00MB mem-reservation=4.00MB thread-reservation=0
|  |     tuple-ids=28 row-size=237B cardinality=73.05K cost=110600
|  |     in pipelines: 28(GETNEXT)
|  |
|  27:HASH JOIN [INNER JOIN, BROADCAST]
|  |  hash-table-id=04
|  |  hash predicates: tpcds_partitioned_parquet_snap.web_sales.ws_item_sk = tpcds_partitioned_parquet_snap.item_1.i_item_sk
|  |  fk/pk conjuncts: tpcds_partitioned_parquet_snap.web_sales.ws_item_sk = tpcds_partitioned_parquet_snap.item_1.i_item_sk
|  |  mem-estimate=0B mem-reservation=0B spill-buffer=2.00MB thread-reservation=0
|  |  tuple-ids=24,26 row-size=545B cardinality=2.16G cost=944945506
|  |  in pipelines: 25(GETNEXT), 26(OPEN)
|  |
|  |--F29:PLAN FRAGMENT [RANDOM] hosts=10 instances=10
|  |  |  Per-Instance Resources: mem-estimate=419.60MB mem-reservation=408.00MB thread-reservation=1
|  |  |  max-parallelism=10 segment-costs=[838440]
|  |  JOIN BUILD
|  |  |  join-table-id=04 plan-id=05 cohort-id=02
|  |  |  build expressions: tpcds_partitioned_parquet_snap.item_1.i_item_sk
|  |  |  runtime filters: RF023[min_max] <- tpcds_partitioned_parquet_snap.item_1.i_item_sk
|  |  |  mem-estimate=408.00MB mem-reservation=408.00MB spill-buffer=2.00MB thread-reservation=0 cost=360000
|  |  |
|  |  57:EXCHANGE [BROADCAST]
|  |  |  mem-estimate=11.60MB mem-reservation=0B thread-reservation=0
|  |  |  tuple-ids=26 row-size=405B cardinality=360.00K cost=478440
|  |  |  in pipelines: 26(GETNEXT)
|  |  |
|  |  F17:PLAN FRAGMENT [RANDOM] hosts=4 instances=4
|  |  Per-Instance Resources: mem-estimate=17.60MB mem-reservation=512.00KB thread-reservation=1
|  |  max-parallelism=4 segment-costs=[1757529]
|  |  26:SCAN HDFS [tpcds_partitioned_parquet_snap.item, RANDOM]
|  |     HDFS partitions=1/1 files=1 size=33.54MB
|  |     stored statistics:
|  |       table: rows=360.00K size=33.54MB
|  |       columns: all
|  |     extrapolated-rows=disabled max-scan-range-rows=101.54K
|  |     mem-estimate=16.00MB mem-reservation=512.00KB thread-reservation=0
|  |     tuple-ids=26 row-size=405B cardinality=360.00K cost=1355609
|  |     in pipelines: 26(GETNEXT)
|  |
|  25:SCAN HDFS [tpcds_partitioned_parquet_snap.web_sales, RANDOM]
|     HDFS partitions=1824/1824 files=1824 size=145.75GB
|     runtime filters: RF023[min_max] -> tpcds_partitioned_parquet_snap.web_sales.ws_item_sk, RF020[bloom] -> tpcds_partitioned_parquet_snap.web_sales.ws_sold_date_sk
|     stored statistics:
|       table: rows=2.16G size=145.75GB
|       partitions: 1824/1824 rows=2.16G
|       columns: all
|     extrapolated-rows=disabled max-scan-range-rows=3.37M
|     mem-estimate=16.00MB mem-reservation=264.00KB thread-reservation=0
|     tuple-ids=24 row-size=140B cardinality=2.16G(filtered from 2.16G) cost=4354495421
|     in pipelines: 25(GETNEXT)
|
24:HASH JOIN [INNER JOIN, PARTITIONED]
|  hash-table-id=05
|  hash predicates: tpcds_partitioned_parquet_snap.item.i_item_id = tpcds_partitioned_parquet_snap.item_0.i_item_id
|  fk/pk conjuncts: none
|  other join predicates: sum(tpcds_partitioned_parquet_snap.catalog_sales.cs_ext_sales_price) <= multiply(CAST(1.1 AS DECIMAL(2,1)), sum(tpcds_partitioned_parquet_snap.store_sales.ss_ext_sales_price)), sum(tpcds_partitioned_parquet_snap.catalog_sales.cs_ext_sales_price) >= multiply(CAST(0.9 AS DECIMAL(2,1)), sum(tpcds_partitioned_parquet_snap.store_sales.ss_ext_sales_price)), sum(tpcds_partitioned_parquet_snap.store_sales.ss_ext_sales_price) <= multiply(CAST(1.1 AS DECIMAL(2,1)), sum(tpcds_partitioned_parquet_snap.catalog_sales.cs_ext_sales_price)), sum(tpcds_partitioned_parquet_snap.store_sales.ss_ext_sales_price) >= multiply(CAST(0.9 AS DECIMAL(2,1)), sum(tpcds_partitioned_parquet_snap.catalog_sales.cs_ext_sales_price))
|  mem-estimate=0B mem-reservation=0B spill-buffer=128.00KB thread-reservation=0
|  tuple-ids=11,23 row-size=88B cardinality=360.00K cost=112830
|  in pipelines: 47(GETNEXT), 56(OPEN)
|
|--F30:PLAN FRAGMENT [HASH(tpcds_partitioned_parquet_snap.item.i_item_id)] hosts=10 instances=10 (adjusted from 120)
|  |  Per-Instance Resources: mem-estimate=32.62MB mem-reservation=19.88MB thread-reservation=1
|  |  max-parallelism=10 segment-costs=[8194613, 185571] cpu-comparison-result=120 [max(10 (self) vs 120 (sum children))]
|  JOIN BUILD
|  |  join-table-id=05 plan-id=06 cohort-id=01
|  |  build expressions: tpcds_partitioned_parquet_snap.item_0.i_item_id
|  |  runtime filters: RF003[min_max] <- tpcds_partitioned_parquet_snap.item_0.i_item_id
|  |  mem-estimate=2.88MB mem-reservation=2.88MB spill-buffer=128.00KB thread-reservation=0 cost=185571
|  |
|  56:AGGREGATE [FINALIZE]
|  |  output: sum:merge(tpcds_partitioned_parquet_snap.catalog_sales.cs_ext_sales_price)
|  |  group by: tpcds_partitioned_parquet_snap.item_0.i_item_id
|  |  mem-estimate=17.00MB mem-reservation=17.00MB spill-buffer=1.00MB thread-reservation=0
|  |  tuple-ids=23 row-size=44B cardinality=185.57K cost=4205614
|  |  in pipelines: 56(GETNEXT), 12(OPEN)
|  |
|  55:EXCHANGE [HASH(tpcds_partitioned_parquet_snap.item_0.i_item_id)]
|  |  mem-estimate=15.62MB mem-reservation=0B thread-reservation=0
|  |  tuple-ids=23 row-size=44B cardinality=12.72M cost=3988999
|  |  in pipelines: 12(GETNEXT)
|  |
|  F08:PLAN FRAGMENT [RANDOM] hosts=10 instances=120
|  Per-Host Shared Resources: mem-estimate=1.00MB mem-reservation=1.00MB thread-reservation=0 runtime-filters-memory=1.00MB
|  Per-Instance Resources: mem-estimate=27.88MB mem-reservation=10.00MB thread-reservation=1
|  max-parallelism=1180 segment-costs=[11748887556, 42610399] cpu-comparison-result=120 [max(120 (self) vs 25 (sum children))]
|  23:AGGREGATE [STREAMING]
|  |  output: sum(tpcds_partitioned_parquet_snap.catalog_sales.cs_ext_sales_price)
|  |  group by: tpcds_partitioned_parquet_snap.item_0.i_item_id
|  |  mem-estimate=10.00MB mem-reservation=9.00MB spill-buffer=512.00KB thread-reservation=0
|  |  tuple-ids=23 row-size=44B cardinality=12.72M cost=38692479
|  |  in pipelines: 12(GETNEXT)
|  |
|  22:HASH JOIN [INNER JOIN, BROADCAST]
|  |  hash-table-id=06
|  |  hash predicates: tpcds_partitioned_parquet_snap.catalog_sales.cs_sold_date_sk = tpcds_partitioned_parquet_snap.date_dim_2.d_date_sk
|  |  fk/pk conjuncts: tpcds_partitioned_parquet_snap.catalog_sales.cs_sold_date_sk = tpcds_partitioned_parquet_snap.date_dim_2.d_date_sk
|  |  mem-estimate=0B mem-reservation=0B spill-buffer=64.00KB thread-reservation=0
|  |  tuple-ids=12,14,16,22 row-size=787B cardinality=18.87M cost=1110964718
|  |  in pipelines: 12(GETNEXT), 15(OPEN)
|  |
|  |--F31:PLAN FRAGMENT [RANDOM] hosts=10 instances=10
|  |  |  Per-Instance Resources: mem-estimate=24.27MB mem-reservation=24.25MB thread-reservation=1 runtime-filters-memory=1.00MB
|  |  |  max-parallelism=10 segment-costs=[18] cpu-comparison-result=11 [max(11 (self) vs 2 (sum children))]
|  |  JOIN BUILD
|  |  |  join-table-id=06 plan-id=07 cohort-id=05
|  |  |  build expressions: tpcds_partitioned_parquet_snap.date_dim_2.d_date_sk
|  |  |  runtime filters: RF012[bloom] <- tpcds_partitioned_parquet_snap.date_dim_2.d_date_sk
|  |  |  mem-estimate=23.25MB mem-reservation=23.25MB spill-buffer=64.00KB thread-reservation=0 cost=8
|  |  |
|  |  54:EXCHANGE [BROADCAST]
|  |  |  mem-estimate=16.00KB mem-reservation=0B thread-reservation=0
|  |  |  tuple-ids=16,22 row-size=241B cardinality=8 cost=10
|  |  |  in pipelines: 15(GETNEXT)
|  |  |
|  |  F10:PLAN FRAGMENT [RANDOM] hosts=1 instances=1
|  |  Per-Host Shared Resources: mem-estimate=1.00MB mem-reservation=1.00MB thread-reservation=0 runtime-filters-memory=1.00MB
|  |  Per-Instance Resources: mem-estimate=16.97MB mem-reservation=4.00MB thread-reservation=1
|  |  max-parallelism=1 segment-costs=[129343]
|  |  21:HASH JOIN [INNER JOIN, BROADCAST]
|  |  |  hash-table-id=07
|  |  |  hash predicates: tpcds_partitioned_parquet_snap.date_dim_2.d_date = tpcds_partitioned_parquet_snap.date_dim_3.d_date
|  |  |  fk/pk conjuncts: none
|  |  |  mem-estimate=0B mem-reservation=0B spill-buffer=64.00KB thread-reservation=0
|  |  |  tuple-ids=16,22 row-size=241B cardinality=8 cost=18738
|  |  |  in pipelines: 15(GETNEXT), 52(OPEN)
|  |  |
|  |  |--F32:PLAN FRAGMENT [RANDOM] hosts=1 instances=1
|  |  |  |  Per-Instance Resources: mem-estimate=2.95MB mem-reservation=2.94MB thread-reservation=1 runtime-filters-memory=1.00MB
|  |  |  |  max-parallelism=1 segment-costs=[7] cpu-comparison-result=2 [max(1 (self) vs 2 (sum children))]
|  |  |  JOIN BUILD
|  |  |  |  join-table-id=07 plan-id=08 cohort-id=06
|  |  |  |  build expressions: tpcds_partitioned_parquet_snap.date_dim_3.d_date
|  |  |  |  runtime filters: RF016[bloom] <- tpcds_partitioned_parquet_snap.date_dim_3.d_date, RF017[min_max] <- tpcds_partitioned_parquet_snap.date_dim_3.d_date
|  |  |  |  mem-estimate=1.94MB mem-reservation=1.94MB spill-buffer=64.00KB thread-reservation=0 cost=7
|  |  |  |
|  |  |  53:EXCHANGE [BROADCAST]
|  |  |  |  mem-estimate=16.00KB mem-reservation=0B thread-reservation=0
|  |  |  |  tuple-ids=22 row-size=4B cardinality=7 cost=0
|  |  |  |  in pipelines: 52(GETNEXT)
|  |  |  |
|  |  |  F14:PLAN FRAGMENT [HASH(tpcds_partitioned_parquet_snap.date_dim_3.d_date)] hosts=1 instances=1
|  |  |  Per-Instance Resources: mem-estimate=10.03MB mem-reservation=1.94MB thread-reservation=1
|  |  |  max-parallelism=1 segment-costs=[20, 0] cpu-comparison-result=2 [max(1 (self) vs 2 (sum children))]
|  |  |  52:AGGREGATE [FINALIZE]
|  |  |  |  group by: tpcds_partitioned_parquet_snap.date_dim_3.d_date
|  |  |  |  mem-estimate=10.00MB mem-reservation=1.94MB spill-buffer=64.00KB thread-reservation=0
|  |  |  |  tuple-ids=22 row-size=4B cardinality=7 cost=20
|  |  |  |  in pipelines: 52(GETNEXT), 16(OPEN)
|  |  |  |
|  |  |  51:EXCHANGE [HASH(tpcds_partitioned_parquet_snap.date_dim_3.d_date)]
|  |  |  |  mem-estimate=16.00KB mem-reservation=0B thread-reservation=0
|  |  |  |  tuple-ids=22 row-size=4B cardinality=7 cost=0
|  |  |  |  in pipelines: 16(GETNEXT)
|  |  |  |
|  |  |  F11:PLAN FRAGMENT [RANDOM] hosts=1 instances=1
|  |  |  Per-Host Shared Resources: mem-estimate=1.00MB mem-reservation=1.00MB thread-reservation=0 runtime-filters-memory=1.00MB
|  |  |  Per-Instance Resources: mem-estimate=26.03MB mem-reservation=6.00MB thread-reservation=1
|  |  |  max-parallelism=1 segment-costs=[110623, 5] cpu-comparison-result=2 [max(1 (self) vs 2 (sum children))]
|  |  |  20:AGGREGATE [STREAMING]
|  |  |  |  group by: tpcds_partitioned_parquet_snap.date_dim_3.d_date
|  |  |  |  mem-estimate=10.00MB mem-reservation=2.00MB spill-buffer=64.00KB thread-reservation=0
|  |  |  |  tuple-ids=22 row-size=4B cardinality=7 cost=20
|  |  |  |  in pipelines: 16(GETNEXT)
|  |  |  |
|  |  |  19:HASH JOIN [INNER JOIN, BROADCAST]
|  |  |  |  hash-table-id=08
|  |  |  |  hash predicates: tpcds_partitioned_parquet_snap.date_dim_3.d_week_seq = tpcds_partitioned_parquet_snap.date_dim_4.d_week_seq
|  |  |  |  fk/pk conjuncts: none
|  |  |  |  mem-estimate=0B mem-reservation=0B spill-buffer=64.00KB thread-reservation=0
|  |  |  |  tuple-ids=18,20 row-size=245B cardinality=7 cost=3
|  |  |  |  in pipelines: 16(GETNEXT), 18(OPEN)
|  |  |  |
|  |  |  |--F33:PLAN FRAGMENT [RANDOM] hosts=1 instances=1
|  |  |  |  |  Per-Instance Resources: mem-estimate=2.95MB mem-reservation=2.94MB thread-reservation=1 runtime-filters-memory=1.00MB
|  |  |  |  |  max-parallelism=1 segment-costs=[1] cpu-comparison-result=2 [max(1 (self) vs 2 (sum children))]
|  |  |  |  JOIN BUILD
|  |  |  |  |  join-table-id=08 plan-id=09 cohort-id=07
|  |  |  |  |  build expressions: tpcds_partitioned_parquet_snap.date_dim_4.d_week_seq
|  |  |  |  |  runtime filters: RF018[bloom] <- tpcds_partitioned_parquet_snap.date_dim_4.d_week_seq, RF019[min_max] <- tpcds_partitioned_parquet_snap.date_dim_4.d_week_seq
|  |  |  |  |  mem-estimate=1.94MB mem-reservation=1.94MB spill-buffer=64.00KB thread-reservation=0 cost=1
|  |  |  |  |
|  |  |  |  50:EXCHANGE [BROADCAST]
|  |  |  |  |  mem-estimate=16.00KB mem-reservation=0B thread-reservation=0
|  |  |  |  |  tuple-ids=20 row-size=8B cardinality=1 cost=0
|  |  |  |  |  in pipelines: 18(GETNEXT)
|  |  |  |  |
|  |  |  |  F13:PLAN FRAGMENT [UNPARTITIONED] hosts=1 instances=1
|  |  |  |  Per-Instance Resources: mem-estimate=48.00KB mem-reservation=0B thread-reservation=1
|  |  |  |  max-parallelism=1 segment-costs=[0, 0]
|  |  |  |  18:CARDINALITY CHECK
|  |  |  |  |  limit: 1
|  |  |  |  |  mem-estimate=0B mem-reservation=0B thread-reservation=0
|  |  |  |  |  tuple-ids=20 row-size=8B cardinality=1 cost=0
|  |  |  |  |  in pipelines: 18(GETNEXT), 17(OPEN)
|  |  |  |  |
|  |  |  |  49:EXCHANGE [UNPARTITIONED]
|  |  |  |  |  limit: 2
|  |  |  |  |  mem-estimate=16.00KB mem-reservation=0B thread-reservation=0
|  |  |  |  |  tuple-ids=20 row-size=8B cardinality=1 cost=0
|  |  |  |  |  in pipelines: 17(GETNEXT)
|  |  |  |  |
|  |  |  |  F12:PLAN FRAGMENT [RANDOM] hosts=1 instances=1
|  |  |  |  Per-Instance Resources: mem-estimate=16.05MB mem-reservation=512.00KB thread-reservation=1
|  |  |  |  max-parallelism=1 segment-costs=[10468]
|  |  |  |  17:SCAN HDFS [tpcds_partitioned_parquet_snap.date_dim, RANDOM]
|  |  |  |     HDFS partitions=1/1 files=1 size=2.17MB
|  |  |  |     predicates: tpcds_partitioned_parquet_snap.date_dim_4.d_date = CAST('2000-03-26' AS DATE)
|  |  |  |     stored statistics:
|  |  |  |       table: rows=73.05K size=2.17MB
|  |  |  |       columns: all
|  |  |  |     extrapolated-rows=disabled max-scan-range-rows=73.05K
|  |  |  |     parquet statistics predicates: tpcds_partitioned_parquet_snap.date_dim_4.d_date = CAST('2000-03-26' AS DATE)
|  |  |  |     parquet dictionary predicates: tpcds_partitioned_parquet_snap.date_dim_4.d_date = CAST('2000-03-26' AS DATE)
|  |  |  |     limit: 2
|  |  |  |     mem-estimate=16.00MB mem-reservation=512.00KB thread-reservation=0
|  |  |  |     tuple-ids=20 row-size=8B cardinality=1 cost=10467
|  |  |  |     in pipelines: 17(GETNEXT)
|  |  |  |
|  |  |  16:SCAN HDFS [tpcds_partitioned_parquet_snap.date_dim, RANDOM]
|  |  |     HDFS partitions=1/1 files=1 size=2.17MB
|  |  |     runtime filters: RF019[min_max] -> tpcds_partitioned_parquet_snap.date_dim_3.d_week_seq, RF018[bloom] -> tpcds_partitioned_parquet_snap.date_dim_3.d_week_seq
|  |  |     stored statistics:
|  |  |       table: rows=73.05K size=2.17MB
|  |  |       columns: all
|  |  |     extrapolated-rows=disabled max-scan-range-rows=73.05K
|  |  |     mem-estimate=16.00MB mem-reservation=4.00MB thread-reservation=0
|  |  |     tuple-ids=18 row-size=237B cardinality=7(filtered from 73.05K) cost=110600
|  |  |     in pipelines: 16(GETNEXT)
|  |  |
|  |  15:SCAN HDFS [tpcds_partitioned_parquet_snap.date_dim, RANDOM]
|  |     HDFS partitions=1/1 files=1 size=2.17MB
|  |     runtime filters: RF017[min_max] -> tpcds_partitioned_parquet_snap.date_dim_2.d_date, RF016[bloom] -> tpcds_partitioned_parquet_snap.date_dim_2.d_date
|  |     stored statistics:
|  |       table: rows=73.05K size=2.17MB
|  |       columns: all
|  |     extrapolated-rows=disabled max-scan-range-rows=73.05K
|  |     mem-estimate=16.00MB mem-reservation=4.00MB thread-reservation=0
|  |     tuple-ids=16 row-size=237B cardinality=73.05K cost=110600
|  |     in pipelines: 15(GETNEXT)
|  |
|  14:HASH JOIN [INNER JOIN, BROADCAST]
|  |  hash-table-id=09
|  |  hash predicates: tpcds_partitioned_parquet_snap.catalog_sales.cs_item_sk = tpcds_partitioned_parquet_snap.item_0.i_item_sk
|  |  fk/pk conjuncts: tpcds_partitioned_parquet_snap.catalog_sales.cs_item_sk = tpcds_partitioned_parquet_snap.item_0.i_item_sk
|  |  mem-estimate=0B mem-reservation=0B spill-buffer=2.00MB thread-reservation=0
|  |  tuple-ids=12,14 row-size=545B cardinality=4.32G(filtered from 4.32G) cost=1889953154
|  |  in pipelines: 12(GETNEXT), 13(OPEN)
|  |
|  |--F34:PLAN FRAGMENT [RANDOM] hosts=10 instances=10
|  |  |  Per-Instance Resources: mem-estimate=419.60MB mem-reservation=408.00MB thread-reservation=1
|  |  |  max-parallelism=10 segment-costs=[838440]
|  |  JOIN BUILD
|  |  |  join-table-id=09 plan-id=10 cohort-id=05
|  |  |  build expressions: tpcds_partitioned_parquet_snap.item_0.i_item_sk
|  |  |  runtime filters: RF015[min_max] <- tpcds_partitioned_parquet_snap.item_0.i_item_sk
|  |  |  mem-estimate=408.00MB mem-reservation=408.00MB spill-buffer=2.00MB thread-reservation=0 cost=360000
|  |  |
|  |  48:EXCHANGE [BROADCAST]
|  |  |  mem-estimate=11.60MB mem-reservation=0B thread-reservation=0
|  |  |  tuple-ids=14 row-size=405B cardinality=360.00K cost=478440
|  |  |  in pipelines: 13(GETNEXT)
|  |  |
|  |  F09:PLAN FRAGMENT [RANDOM] hosts=4 instances=4
|  |  Per-Instance Resources: mem-estimate=17.60MB mem-reservation=512.00KB thread-reservation=1
|  |  max-parallelism=4 segment-costs=[1757529]
|  |  13:SCAN HDFS [tpcds_partitioned_parquet_snap.item, RANDOM]
|  |     HDFS partitions=1/1 files=1 size=33.54MB
|  |     runtime filters: RF001[min_max] -> tpcds_partitioned_parquet_snap.item_0.i_item_id
|  |     stored statistics:
|  |       table: rows=360.00K size=33.54MB
|  |       columns: all
|  |     extrapolated-rows=disabled max-scan-range-rows=101.54K
|  |     mem-estimate=16.00MB mem-reservation=512.00KB thread-reservation=0
|  |     tuple-ids=14 row-size=405B cardinality=360.00K cost=1355609
|  |     in pipelines: 13(GETNEXT)
|  |
|  12:SCAN HDFS [tpcds_partitioned_parquet_snap.catalog_sales, RANDOM]
|     HDFS partitions=1831/1831 files=1831 size=280.96GB
|     runtime filters: RF015[min_max] -> tpcds_partitioned_parquet_snap.catalog_sales.cs_item_sk, RF012[bloom] -> tpcds_partitioned_parquet_snap.catalog_sales.cs_sold_date_sk
|     stored statistics:
|       table: rows=4.32G size=280.96GB
|       partitions: 1831/1831 rows=4.32G
|       columns: all
|     extrapolated-rows=disabled max-scan-range-rows=21.52M
|     mem-estimate=16.00MB mem-reservation=1.00MB thread-reservation=0
|     tuple-ids=12 row-size=140B cardinality=4.32G(filtered from 4.32G) cost=8709277205
|     in pipelines: 12(GETNEXT)
|
47:AGGREGATE [FINALIZE]
|  output: sum:merge(tpcds_partitioned_parquet_snap.store_sales.ss_ext_sales_price)
|  group by: tpcds_partitioned_parquet_snap.item.i_item_id
|  mem-estimate=10.00MB mem-reservation=1.94MB spill-buffer=64.00KB thread-reservation=0
|  tuple-ids=11 row-size=44B cardinality=185.57K cost=5808490
|  in pipelines: 47(GETNEXT), 00(OPEN)
|
46:EXCHANGE [HASH(tpcds_partitioned_parquet_snap.item.i_item_id)]
|  mem-estimate=15.62MB mem-reservation=0B thread-reservation=0
|  tuple-ids=11 row-size=44B cardinality=18.20M cost=5706954
|  in pipelines: 00(GETNEXT)
|
F00:PLAN FRAGMENT [RANDOM] hosts=10 instances=120
Per-Host Shared Resources: mem-estimate=2.00MB mem-reservation=2.00MB thread-reservation=0 runtime-filters-memory=2.00MB
Per-Instance Resources: mem-estimate=34.88MB mem-reservation=25.00MB thread-reservation=1
max-parallelism=1810 segment-costs=[18004095097, 60961555] cpu-comparison-result=120 [max(120 (self) vs 25 (sum children))]
11:AGGREGATE [STREAMING]
|  output: sum(tpcds_partitioned_parquet_snap.store_sales.ss_ext_sales_price)
|  group by: tpcds_partitioned_parquet_snap.item.i_item_id
|  mem-estimate=17.00MB mem-reservation=17.00MB spill-buffer=1.00MB thread-reservation=0
|  tuple-ids=11 row-size=44B cardinality=18.20M cost=58540056
|  in pipelines: 00(GETNEXT)
|
10:HASH JOIN [INNER JOIN, BROADCAST]
|  hash-table-id=10
|  hash predicates: tpcds_partitioned_parquet_snap.store_sales.ss_sold_date_sk = tpcds_partitioned_parquet_snap.date_dim.d_date_sk
|  fk/pk conjuncts: tpcds_partitioned_parquet_snap.store_sales.ss_sold_date_sk = tpcds_partitioned_parquet_snap.date_dim.d_date_sk
|  mem-estimate=0B mem-reservation=0B spill-buffer=64.00KB thread-reservation=0
|  tuple-ids=0,2,4,10 row-size=743B cardinality=37.88M cost=2221898902
|  in pipelines: 00(GETNEXT), 03(OPEN)
|
|--F35:PLAN FRAGMENT [RANDOM] hosts=10 instances=10
|  |  Per-Instance Resources: mem-estimate=24.27MB mem-reservation=24.25MB thread-reservation=1 runtime-filters-memory=1.00MB
|  |  max-parallelism=10 segment-costs=[18] cpu-comparison-result=11 [max(11 (self) vs 2 (sum children))]
|  JOIN BUILD
|  |  join-table-id=10 plan-id=11 cohort-id=01
|  |  build expressions: tpcds_partitioned_parquet_snap.date_dim.d_date_sk
|  |  runtime filters: RF004[bloom] <- tpcds_partitioned_parquet_snap.date_dim.d_date_sk
|  |  mem-estimate=23.25MB mem-reservation=23.25MB spill-buffer=64.00KB thread-reservation=0 cost=8
|  |
|  45:EXCHANGE [BROADCAST]
|  |  mem-estimate=16.00KB mem-reservation=0B thread-reservation=0
|  |  tuple-ids=4,10 row-size=241B cardinality=8 cost=10
|  |  in pipelines: 03(GETNEXT)
|  |
|  F02:PLAN FRAGMENT [RANDOM] hosts=1 instances=1
|  Per-Host Shared Resources: mem-estimate=1.00MB mem-reservation=1.00MB thread-reservation=0 runtime-filters-memory=1.00MB
|  Per-Instance Resources: mem-estimate=16.97MB mem-reservation=4.00MB thread-reservation=1
|  max-parallelism=1 segment-costs=[129343]
|  09:HASH JOIN [INNER JOIN, BROADCAST]
|  |  hash-table-id=11
|  |  hash predicates: tpcds_partitioned_parquet_snap.date_dim.d_date = tpcds_partitioned_parquet_snap.date_dim_0.d_date
|  |  fk/pk conjuncts: none
|  |  mem-estimate=0B mem-reservation=0B spill-buffer=64.00KB thread-reservation=0
|  |  tuple-ids=4,10 row-size=241B cardinality=8 cost=18738
|  |  in pipelines: 03(GETNEXT), 43(OPEN)
|  |
|  |--F36:PLAN FRAGMENT [RANDOM] hosts=1 instances=1
|  |  |  Per-Instance Resources: mem-estimate=2.95MB mem-reservation=2.94MB thread-reservation=1 runtime-filters-memory=1.00MB
|  |  |  max-parallelism=1 segment-costs=[7] cpu-comparison-result=2 [max(1 (self) vs 2 (sum children))]
|  |  JOIN BUILD
|  |  |  join-table-id=11 plan-id=12 cohort-id=08
|  |  |  build expressions: tpcds_partitioned_parquet_snap.date_dim_0.d_date
|  |  |  runtime filters: RF008[bloom] <- tpcds_partitioned_parquet_snap.date_dim_0.d_date, RF009[min_max] <- tpcds_partitioned_parquet_snap.date_dim_0.d_date
|  |  |  mem-estimate=1.94MB mem-reservation=1.94MB spill-buffer=64.00KB thread-reservation=0 cost=7
|  |  |
|  |  44:EXCHANGE [BROADCAST]
|  |  |  mem-estimate=16.00KB mem-reservation=0B thread-reservation=0
|  |  |  tuple-ids=10 row-size=4B cardinality=7 cost=0
|  |  |  in pipelines: 43(GETNEXT)
|  |  |
|  |  F06:PLAN FRAGMENT [HASH(tpcds_partitioned_parquet_snap.date_dim_0.d_date)] hosts=1 instances=1
|  |  Per-Instance Resources: mem-estimate=10.03MB mem-reservation=1.94MB thread-reservation=1
|  |  max-parallelism=1 segment-costs=[20, 0] cpu-comparison-result=2 [max(1 (self) vs 2 (sum children))]
|  |  43:AGGREGATE [FINALIZE]
|  |  |  group by: tpcds_partitioned_parquet_snap.date_dim_0.d_date
|  |  |  mem-estimate=10.00MB mem-reservation=1.94MB spill-buffer=64.00KB thread-reservation=0
|  |  |  tuple-ids=10 row-size=4B cardinality=7 cost=20
|  |  |  in pipelines: 43(GETNEXT), 04(OPEN)
|  |  |
|  |  42:EXCHANGE [HASH(tpcds_partitioned_parquet_snap.date_dim_0.d_date)]
|  |  |  mem-estimate=16.00KB mem-reservation=0B thread-reservation=0
|  |  |  tuple-ids=10 row-size=4B cardinality=7 cost=0
|  |  |  in pipelines: 04(GETNEXT)
|  |  |
|  |  F03:PLAN FRAGMENT [RANDOM] hosts=1 instances=1
|  |  Per-Host Shared Resources: mem-estimate=1.00MB mem-reservation=1.00MB thread-reservation=0 runtime-filters-memory=1.00MB
|  |  Per-Instance Resources: mem-estimate=26.03MB mem-reservation=6.00MB thread-reservation=1
|  |  max-parallelism=1 segment-costs=[110623, 5] cpu-comparison-result=2 [max(1 (self) vs 2 (sum children))]
|  |  08:AGGREGATE [STREAMING]
|  |  |  group by: tpcds_partitioned_parquet_snap.date_dim_0.d_date
|  |  |  mem-estimate=10.00MB mem-reservation=2.00MB spill-buffer=64.00KB thread-reservation=0
|  |  |  tuple-ids=10 row-size=4B cardinality=7 cost=20
|  |  |  in pipelines: 04(GETNEXT)
|  |  |
|  |  07:HASH JOIN [INNER JOIN, BROADCAST]
|  |  |  hash-table-id=12
|  |  |  hash predicates: tpcds_partitioned_parquet_snap.date_dim_0.d_week_seq = tpcds_partitioned_parquet_snap.date_dim_1.d_week_seq
|  |  |  fk/pk conjuncts: none
|  |  |  mem-estimate=0B mem-reservation=0B spill-buffer=64.00KB thread-reservation=0
|  |  |  tuple-ids=6,8 row-size=245B cardinality=7 cost=3
|  |  |  in pipelines: 04(GETNEXT), 06(OPEN)
|  |  |
|  |  |--F37:PLAN FRAGMENT [RANDOM] hosts=1 instances=1
|  |  |  |  Per-Instance Resources: mem-estimate=2.95MB mem-reservation=2.94MB thread-reservation=1 runtime-filters-memory=1.00MB
|  |  |  |  max-parallelism=1 segment-costs=[1] cpu-comparison-result=2 [max(1 (self) vs 2 (sum children))]
|  |  |  JOIN BUILD
|  |  |  |  join-table-id=12 plan-id=13 cohort-id=09
|  |  |  |  build expressions: tpcds_partitioned_parquet_snap.date_dim_1.d_week_seq
|  |  |  |  runtime filters: RF010[bloom] <- tpcds_partitioned_parquet_snap.date_dim_1.d_week_seq, RF011[min_max] <- tpcds_partitioned_parquet_snap.date_dim_1.d_week_seq
|  |  |  |  mem-estimate=1.94MB mem-reservation=1.94MB spill-buffer=64.00KB thread-reservation=0 cost=1
|  |  |  |
|  |  |  41:EXCHANGE [BROADCAST]
|  |  |  |  mem-estimate=16.00KB mem-reservation=0B thread-reservation=0
|  |  |  |  tuple-ids=8 row-size=8B cardinality=1 cost=0
|  |  |  |  in pipelines: 06(GETNEXT)
|  |  |  |
|  |  |  F05:PLAN FRAGMENT [UNPARTITIONED] hosts=1 instances=1
|  |  |  Per-Instance Resources: mem-estimate=48.00KB mem-reservation=0B thread-reservation=1
|  |  |  max-parallelism=1 segment-costs=[0, 0]
|  |  |  06:CARDINALITY CHECK
|  |  |  |  limit: 1
|  |  |  |  mem-estimate=0B mem-reservation=0B thread-reservation=0
|  |  |  |  tuple-ids=8 row-size=8B cardinality=1 cost=0
|  |  |  |  in pipelines: 06(GETNEXT), 05(OPEN)
|  |  |  |
|  |  |  40:EXCHANGE [UNPARTITIONED]
|  |  |  |  limit: 2
|  |  |  |  mem-estimate=16.00KB mem-reservation=0B thread-reservation=0
|  |  |  |  tuple-ids=8 row-size=8B cardinality=1 cost=0
|  |  |  |  in pipelines: 05(GETNEXT)
|  |  |  |
|  |  |  F04:PLAN FRAGMENT [RANDOM] hosts=1 instances=1
|  |  |  Per-Instance Resources: mem-estimate=16.05MB mem-reservation=512.00KB thread-reservation=1
|  |  |  max-parallelism=1 segment-costs=[10468]
|  |  |  05:SCAN HDFS [tpcds_partitioned_parquet_snap.date_dim, RANDOM]
|  |  |     HDFS partitions=1/1 files=1 size=2.17MB
|  |  |     predicates: tpcds_partitioned_parquet_snap.date_dim_1.d_date = CAST('2000-03-26' AS DATE)
|  |  |     stored statistics:
|  |  |       table: rows=73.05K size=2.17MB
|  |  |       columns: all
|  |  |     extrapolated-rows=disabled max-scan-range-rows=73.05K
|  |  |     parquet statistics predicates: tpcds_partitioned_parquet_snap.date_dim_1.d_date = CAST('2000-03-26' AS DATE)
|  |  |     parquet dictionary predicates: tpcds_partitioned_parquet_snap.date_dim_1.d_date = CAST('2000-03-26' AS DATE)
|  |  |     limit: 2
|  |  |     mem-estimate=16.00MB mem-reservation=512.00KB thread-reservation=0
|  |  |     tuple-ids=8 row-size=8B cardinality=1 cost=10467
|  |  |     in pipelines: 05(GETNEXT)
|  |  |
|  |  04:SCAN HDFS [tpcds_partitioned_parquet_snap.date_dim, RANDOM]
|  |     HDFS partitions=1/1 files=1 size=2.17MB
|  |     runtime filters: RF011[min_max] -> tpcds_partitioned_parquet_snap.date_dim_0.d_week_seq, RF010[bloom] -> tpcds_partitioned_parquet_snap.date_dim_0.d_week_seq
|  |     stored statistics:
|  |       table: rows=73.05K size=2.17MB
|  |       columns: all
|  |     extrapolated-rows=disabled max-scan-range-rows=73.05K
|  |     mem-estimate=16.00MB mem-reservation=4.00MB thread-reservation=0
|  |     tuple-ids=6 row-size=237B cardinality=7(filtered from 73.05K) cost=110600
|  |     in pipelines: 04(GETNEXT)
|  |
|  03:SCAN HDFS [tpcds_partitioned_parquet_snap.date_dim, RANDOM]
|     HDFS partitions=1/1 files=1 size=2.17MB
|     runtime filters: RF009[min_max] -> tpcds_partitioned_parquet_snap.date_dim.d_date, RF008[bloom] -> tpcds_partitioned_parquet_snap.date_dim.d_date
|     stored statistics:
|       table: rows=73.05K size=2.17MB
|       columns: all
|     extrapolated-rows=disabled max-scan-range-rows=73.05K
|     mem-estimate=16.00MB mem-reservation=4.00MB thread-reservation=0
|     tuple-ids=4 row-size=237B cardinality=73.05K cost=110600
|     in pipelines: 03(GETNEXT)
|
02:HASH JOIN [INNER JOIN, BROADCAST]
|  hash-table-id=13
|  hash predicates: tpcds_partitioned_parquet_snap.store_sales.ss_item_sk = tpcds_partitioned_parquet_snap.item.i_item_sk
|  fk/pk conjuncts: tpcds_partitioned_parquet_snap.store_sales.ss_item_sk = tpcds_partitioned_parquet_snap.item.i_item_sk
|  mem-estimate=0B mem-reservation=0B spill-buffer=2.00MB thread-reservation=0
|  tuple-ids=0,2 row-size=501B cardinality=8.64G(filtered from 8.64G) cost=3779809729
|  in pipelines: 00(GETNEXT), 01(OPEN)
|
|--F38:PLAN FRAGMENT [RANDOM] hosts=10 instances=10
|  |  Per-Instance Resources: mem-estimate=420.60MB mem-reservation=409.00MB thread-reservation=1 runtime-filters-memory=1.00MB
|  |  max-parallelism=10 segment-costs=[838440]
|  JOIN BUILD
|  |  join-table-id=13 plan-id=14 cohort-id=01
|  |  build expressions: tpcds_partitioned_parquet_snap.item.i_item_sk
|  |  runtime filters: RF006[bloom] <- tpcds_partitioned_parquet_snap.item.i_item_sk, RF007[min_max] <- tpcds_partitioned_parquet_snap.item.i_item_sk
|  |  mem-estimate=408.00MB mem-reservation=408.00MB spill-buffer=2.00MB thread-reservation=0 cost=360000
|  |
|  39:EXCHANGE [BROADCAST]
|  |  mem-estimate=11.60MB mem-reservation=0B thread-reservation=0
|  |  tuple-ids=2 row-size=405B cardinality=360.00K cost=478440
|  |  in pipelines: 01(GETNEXT)
|  |
|  F01:PLAN FRAGMENT [RANDOM] hosts=4 instances=4
|  Per-Instance Resources: mem-estimate=17.60MB mem-reservation=512.00KB thread-reservation=1
|  max-parallelism=4 segment-costs=[1757529]
|  01:SCAN HDFS [tpcds_partitioned_parquet_snap.item, RANDOM]
|     HDFS partitions=1/1 files=1 size=33.54MB
|     runtime filters: RF001[min_max] -> tpcds_partitioned_parquet_snap.item.i_item_id, RF003[min_max] -> tpcds_partitioned_parquet_snap.item.i_item_id
|     stored statistics:
|       table: rows=360.00K size=33.54MB
|       columns: all
|     extrapolated-rows=disabled max-scan-range-rows=101.54K
|     mem-estimate=16.00MB mem-reservation=512.00KB thread-reservation=0
|     tuple-ids=2 row-size=405B cardinality=360.00K cost=1355609
|     in pipelines: 01(GETNEXT)
|
00:SCAN HDFS [tpcds_partitioned_parquet_snap.store_sales, RANDOM]
   HDFS partitions=1824/1824 files=1824 size=389.90GB
   runtime filters: RF007[min_max] -> tpcds_partitioned_parquet_snap.store_sales.ss_item_sk, RF004[bloom] -> tpcds_partitioned_parquet_snap.store_sales.ss_sold_date_sk, RF006[bloom] -> tpcds_partitioned_parquet_snap.store_sales.ss_item_sk
   stored statistics:
     table: rows=8.64G size=389.90GB
     partitions: 1824/1824 rows=8.64G
     columns: all
   extrapolated-rows=disabled max-scan-range-rows=390.22M
   mem-estimate=16.00MB mem-reservation=8.00MB thread-reservation=0
   tuple-ids=0 row-size=96B cardinality=8.64G(filtered from 8.64G) cost=11943846410
   in pipelines: 00(GETNEXT)
====
