# TPCDS-Q30
# start query 30 in stream 0 using template query30.tpl using seed 1968316154
with customer_total_return as
 (select wr_returning_customer_sk as ctr_customer_sk
        ,ca_state as ctr_state,
 	sum(wr_return_amt) as ctr_total_return
 from web_returns
     ,date_dim
     ,customer_address
 where wr_returned_date_sk = d_date_sk
   and d_year =2000
   and wr_returning_addr_sk = ca_address_sk
 group by wr_returning_customer_sk
         ,ca_state)
  select  c_customer_id,c_salutation,c_first_name,c_last_name,c_preferred_cust_flag
       ,c_birth_day,c_birth_month,c_birth_year,c_birth_country,c_login,c_email_address
       ,c_last_review_date_sk,ctr_total_return
 from customer_total_return ctr1
     ,customer_address
     ,customer
 where ctr1.ctr_total_return > (select avg(ctr_total_return)*1.2
 			  from customer_total_return ctr2
                  	  where ctr1.ctr_state = ctr2.ctr_state)
       and ca_address_sk = c_current_addr_sk
       and ca_state = 'GA'
       and ctr1.ctr_customer_sk = c_customer_sk
 order by c_customer_id,c_salutation,c_first_name,c_last_name,c_preferred_cust_flag
                  ,c_birth_day,c_birth_month,c_birth_year,c_birth_country,c_login,c_email_address
                  ,c_last_review_date_sk,ctr_total_return
limit 100

# end query 30 in stream 0 using template query30.tpl
---- PLAN
Max Per-Host Resource Reservation: Memory=246.38MB Threads=1
Per-Host Resource Estimates: Memory=10.63GB
F00:PLAN FRAGMENT [UNPARTITIONED] hosts=1 instances=1
|  Per-Instance Resources: mem-estimate=10.63GB mem-reservation=246.38MB thread-reservation=1 runtime-filters-memory=37.00MB
|  max-parallelism=1 segment-costs=[342311601, 342311601, 1078747, 284063575, 1300]
PLAN-ROOT SINK
|  output exprs: c_customer_id, c_salutation, c_first_name, c_last_name, c_preferred_cust_flag, c_birth_day, c_birth_month, c_birth_year, c_birth_country, c_login, c_email_address, c_last_review_date_sk, sum(tpcds_partitioned_parquet_snap.web_returns.wr_return_amt)
|  mem-estimate=4.00MB mem-reservation=4.00MB spill-buffer=2.00MB thread-reservation=0 cost=1300
|
18:TOP-N [LIMIT=100]
|  order by: c_customer_id ASC NULLS LAST, c_salutation ASC NULLS LAST, c_first_name ASC NULLS LAST, c_last_name ASC NULLS LAST, c_preferred_cust_flag ASC NULLS LAST, c_birth_day ASC NULLS LAST, c_birth_month ASC NULLS LAST, c_birth_year ASC NULLS LAST, c_birth_country ASC NULLS LAST, c_login ASC NULLS LAST, c_email_address ASC NULLS LAST, c_last_review_date_sk ASC NULLS LAST, sum(tpcds_partitioned_parquet_snap.web_returns.wr_return_amt) ASC NULLS LAST
|  mem-estimate=19.18KB mem-reservation=0B thread-reservation=0
|  tuple-ids=20 row-size=196B cardinality=100 cost=201601849
|  in pipelines: 18(GETNEXT), 05(OPEN)
|
17:HASH JOIN [INNER JOIN]
|  hash predicates: tpcds_partitioned_parquet_snap.customer_address.ca_state = tpcds_partitioned_parquet_snap.customer_address_1.ca_state
|  fk/pk conjuncts: none
|  other join predicates: sum(tpcds_partitioned_parquet_snap.web_returns.wr_return_amt) > multiply(avg(sum(tpcds_partitioned_parquet_snap.web_returns_0.wr_return_amt)), CAST(1.2 AS DECIMAL(2,1)))
|  runtime filters: RF000[bloom] <- tpcds_partitioned_parquet_snap.customer_address_1.ca_state, RF001[min_max] <- tpcds_partitioned_parquet_snap.customer_address_1.ca_state
|  mem-estimate=1.94MB mem-reservation=1.94MB spill-buffer=64.00KB thread-reservation=0
|  tuple-ids=6,7,9,19 row-size=500B cardinality=15.00M cost=2903734
|  in pipelines: 05(GETNEXT), 16(OPEN)
|
|--16:AGGREGATE [FINALIZE]
|  |  output: avg(sum(tpcds_partitioned_parquet_snap.web_returns_0.wr_return_amt))
|  |  group by: tpcds_partitioned_parquet_snap.customer_address_1.ca_state
|  |  mem-estimate=10.00MB mem-reservation=1.94MB spill-buffer=64.00KB thread-reservation=0
|  |  tuple-ids=19 row-size=30B cardinality=51 cost=1078747
|  |  in pipelines: 16(GETNEXT), 15(OPEN)
|  |
|  15:AGGREGATE [FINALIZE]
|  |  output: sum(tpcds_partitioned_parquet_snap.web_returns_0.wr_return_amt)
|  |  group by: tpcds_partitioned_parquet_snap.web_returns_0.wr_returning_customer_sk, tpcds_partitioned_parquet_snap.customer_address_1.ca_state
|  |  having: is_not_null_pred(tpcds_partitioned_parquet_snap.customer_address_1.ca_state)
|  |  mem-estimate=1.49GB mem-reservation=34.00MB spill-buffer=2.00MB thread-reservation=0
|  |  tuple-ids=17 row-size=34B cardinality=3.69M cost=217662624
|  |  in pipelines: 15(GETNEXT), 10(OPEN)
|  |
|  14:HASH JOIN [INNER JOIN]
|  |  hash predicates: tpcds_partitioned_parquet_snap.web_returns_0.wr_returning_addr_sk = tpcds_partitioned_parquet_snap.customer_address_1.ca_address_sk
|  |  fk/pk conjuncts: tpcds_partitioned_parquet_snap.web_returns_0.wr_returning_addr_sk = tpcds_partitioned_parquet_snap.customer_address_1.ca_address_sk
|  |  runtime filters: RF010[bloom] <- tpcds_partitioned_parquet_snap.customer_address_1.ca_address_sk, RF011[min_max] <- tpcds_partitioned_parquet_snap.customer_address_1.ca_address_sk
|  |  mem-estimate=3.61GB mem-reservation=34.00MB spill-buffer=2.00MB thread-reservation=0
|  |  tuple-ids=11,13,15 row-size=569B cardinality=36.88M cost=31457636
|  |  in pipelines: 10(GETNEXT), 13(OPEN)
|  |
|  |--13:SCAN HDFS [tpcds_partitioned_parquet_snap.customer_address]
|  |     HDFS partitions=1/1 files=1 size=307.36MB
|  |     stored statistics:
|  |       table: rows=15.00M size=307.36MB
|  |       columns: all
|  |     extrapolated-rows=disabled max-scan-range-rows=1.58M
|  |     mem-estimate=16.00MB mem-reservation=128.00KB thread-reservation=0
|  |     tuple-ids=15 row-size=232B cardinality=15.00M cost=21515206
|  |     in pipelines: 13(GETNEXT)
|  |
|  12:HASH JOIN [INNER JOIN]
|  |  hash predicates: tpcds_partitioned_parquet_snap.web_returns_0.wr_returned_date_sk = tpcds_partitioned_parquet_snap.date_dim_0.d_date_sk
|  |  fk/pk conjuncts: tpcds_partitioned_parquet_snap.web_returns_0.wr_returned_date_sk = tpcds_partitioned_parquet_snap.date_dim_0.d_date_sk
|  |  runtime filters: RF012[bloom] <- tpcds_partitioned_parquet_snap.date_dim_0.d_date_sk
|  |  mem-estimate=1.94MB mem-reservation=1.94MB spill-buffer=64.00KB thread-reservation=0
|  |  tuple-ids=11,13 row-size=337B cardinality=38.11M cost=16682043
|  |  in pipelines: 10(GETNEXT), 11(OPEN)
|  |
|  |--11:SCAN HDFS [tpcds_partitioned_parquet_snap.date_dim]
|  |     HDFS partitions=1/1 files=1 size=2.17MB
|  |     predicates: tpcds_partitioned_parquet_snap.date_dim_0.d_year = CAST(2000 AS INT)
|  |     stored statistics:
|  |       table: rows=73.05K size=2.17MB
|  |       columns: all
|  |     extrapolated-rows=disabled max-scan-range-rows=73.05K
|  |     parquet statistics predicates: tpcds_partitioned_parquet_snap.date_dim_0.d_year = CAST(2000 AS INT)
|  |     parquet dictionary predicates: tpcds_partitioned_parquet_snap.date_dim_0.d_year = CAST(2000 AS INT)
|  |     mem-estimate=16.00MB mem-reservation=4.00MB thread-reservation=0
|  |     tuple-ids=13 row-size=237B cardinality=373 cost=112653
|  |     in pipelines: 11(GETNEXT)
|  |
|  10:SCAN HDFS [tpcds_partitioned_parquet_snap.web_returns]
|     HDFS partitions=2114/2114 files=2114 size=16.74GB
|     runtime filters: RF011[min_max] -> tpcds_partitioned_parquet_snap.web_returns_0.wr_returning_addr_sk, RF012[bloom] -> tpcds_partitioned_parquet_snap.web_returns_0.wr_returned_date_sk, RF010[bloom] -> tpcds_partitioned_parquet_snap.web_returns_0.wr_returning_addr_sk
|     stored statistics:
|       table: rows=216.00M size=16.74GB
|       partitions: 2114/2114 rows=216.00M
|       columns: all
|     extrapolated-rows=disabled max-scan-range-rows=9.41M est-scan-range=373(filtered from 2114)
|     mem-estimate=16.00MB mem-reservation=256.00KB thread-reservation=0
|     tuple-ids=11 row-size=100B cardinality=38.11M(filtered from 216.00M) cost=54881439
|     in pipelines: 10(GETNEXT)
|
09:HASH JOIN [INNER JOIN]
|  hash predicates: tpcds_partitioned_parquet_snap.web_returns.wr_returning_customer_sk = tpcds_partitioned_parquet_snap.customer.c_customer_sk
|  fk/pk conjuncts: tpcds_partitioned_parquet_snap.web_returns.wr_returning_customer_sk = tpcds_partitioned_parquet_snap.customer.c_customer_sk
|  runtime filters: RF002[bloom] <- tpcds_partitioned_parquet_snap.customer.c_customer_sk, RF003[min_max] <- tpcds_partitioned_parquet_snap.customer.c_customer_sk
|  mem-estimate=278.76MB mem-reservation=34.00MB spill-buffer=2.00MB thread-reservation=0
|  tuple-ids=6,7,9 row-size=470B cardinality=723.91K cost=10231352
|  in pipelines: 05(GETNEXT), 06(OPEN)
|
|--08:HASH JOIN [INNER JOIN]
|  |  hash predicates: tpcds_partitioned_parquet_snap.customer.c_current_addr_sk = tpcds_partitioned_parquet_snap.customer_address_0.ca_address_sk
|  |  fk/pk conjuncts: tpcds_partitioned_parquet_snap.customer.c_current_addr_sk = tpcds_partitioned_parquet_snap.customer_address_0.ca_address_sk
|  |  runtime filters: RF008[bloom] <- tpcds_partitioned_parquet_snap.customer_address_0.ca_address_sk, RF009[min_max] <- tpcds_partitioned_parquet_snap.customer_address_0.ca_address_sk
|  |  mem-estimate=69.02MB mem-reservation=34.00MB spill-buffer=2.00MB thread-reservation=0
|  |  tuple-ids=7,9 row-size=436B cardinality=641.56K cost=566121
|  |  in pipelines: 06(GETNEXT), 07(OPEN)
|  |
|  |--07:SCAN HDFS [tpcds_partitioned_parquet_snap.customer_address]
|  |     HDFS partitions=1/1 files=1 size=307.36MB
|  |     predicates: tpcds_partitioned_parquet_snap.customer_address_0.ca_state = 'GA'
|  |     stored statistics:
|  |       table: rows=15.00M size=307.36MB
|  |       columns: all
|  |     extrapolated-rows=disabled max-scan-range-rows=1.58M
|  |     parquet statistics predicates: tpcds_partitioned_parquet_snap.customer_address_0.ca_state = 'GA'
|  |     parquet dictionary predicates: tpcds_partitioned_parquet_snap.customer_address_0.ca_state = 'GA'
|  |     mem-estimate=16.00MB mem-reservation=128.00KB thread-reservation=0
|  |     tuple-ids=9 row-size=232B cardinality=285.31K cost=21936706
|  |     in pipelines: 07(GETNEXT)
|  |
|  06:SCAN HDFS [tpcds_partitioned_parquet_snap.customer]
|     HDFS partitions=1/1 files=1 size=1.55GB
|     runtime filters: RF009[min_max] -> tpcds_partitioned_parquet_snap.customer.c_current_addr_sk, RF008[bloom] -> tpcds_partitioned_parquet_snap.customer.c_current_addr_sk
|     stored statistics:
|       table: rows=30.00M size=1.55GB
|       columns: all
|     extrapolated-rows=disabled max-scan-range-rows=3.10M
|     mem-estimate=16.00MB mem-reservation=1.00MB thread-reservation=0
|     tuple-ids=7 row-size=204B cardinality=641.56K(filtered from 30.00M) cost=46823813
|     in pipelines: 06(GETNEXT)
|
05:AGGREGATE [FINALIZE]
|  output: sum(tpcds_partitioned_parquet_snap.web_returns.wr_return_amt)
|  group by: tpcds_partitioned_parquet_snap.web_returns.wr_returning_customer_sk, tpcds_partitioned_parquet_snap.customer_address.ca_state
|  mem-estimate=1.49GB mem-reservation=34.00MB spill-buffer=2.00MB thread-reservation=0
|  tuple-ids=6 row-size=34B cardinality=36.88M cost=217662624
|  in pipelines: 05(GETNEXT), 00(OPEN)
|
04:HASH JOIN [INNER JOIN]
|  hash predicates: tpcds_partitioned_parquet_snap.web_returns.wr_returning_addr_sk = tpcds_partitioned_parquet_snap.customer_address.ca_address_sk
|  fk/pk conjuncts: tpcds_partitioned_parquet_snap.web_returns.wr_returning_addr_sk = tpcds_partitioned_parquet_snap.customer_address.ca_address_sk
|  runtime filters: RF004[bloom] <- tpcds_partitioned_parquet_snap.customer_address.ca_address_sk, RF005[min_max] <- tpcds_partitioned_parquet_snap.customer_address.ca_address_sk
|  mem-estimate=3.61GB mem-reservation=34.00MB spill-buffer=2.00MB thread-reservation=0
|  tuple-ids=0,2,4 row-size=569B cardinality=36.88M cost=31457636
|  in pipelines: 00(GETNEXT), 03(OPEN)
|
|--03:SCAN HDFS [tpcds_partitioned_parquet_snap.customer_address]
|     HDFS partitions=1/1 files=1 size=307.36MB
|     runtime filters: RF001[min_max] -> tpcds_partitioned_parquet_snap.customer_address.ca_state, RF000[bloom] -> tpcds_partitioned_parquet_snap.customer_address.ca_state
|     stored statistics:
|       table: rows=15.00M size=307.36MB
|       columns: all
|     extrapolated-rows=disabled max-scan-range-rows=1.58M
|     mem-estimate=16.00MB mem-reservation=128.00KB thread-reservation=0
|     tuple-ids=4 row-size=232B cardinality=15.00M cost=21515206
|     in pipelines: 03(GETNEXT)
|
02:HASH JOIN [INNER JOIN]
|  hash predicates: tpcds_partitioned_parquet_snap.web_returns.wr_returned_date_sk = tpcds_partitioned_parquet_snap.date_dim.d_date_sk
|  fk/pk conjuncts: tpcds_partitioned_parquet_snap.web_returns.wr_returned_date_sk = tpcds_partitioned_parquet_snap.date_dim.d_date_sk
|  runtime filters: RF006[bloom] <- tpcds_partitioned_parquet_snap.date_dim.d_date_sk
|  mem-estimate=1.94MB mem-reservation=1.94MB spill-buffer=64.00KB thread-reservation=0
|  tuple-ids=0,2 row-size=337B cardinality=38.11M cost=16682043
|  in pipelines: 00(GETNEXT), 01(OPEN)
|
|--01:SCAN HDFS [tpcds_partitioned_parquet_snap.date_dim]
|     HDFS partitions=1/1 files=1 size=2.17MB
|     predicates: tpcds_partitioned_parquet_snap.date_dim.d_year = CAST(2000 AS INT)
|     stored statistics:
|       table: rows=73.05K size=2.17MB
|       columns: all
|     extrapolated-rows=disabled max-scan-range-rows=73.05K
|     parquet statistics predicates: tpcds_partitioned_parquet_snap.date_dim.d_year = CAST(2000 AS INT)
|     parquet dictionary predicates: tpcds_partitioned_parquet_snap.date_dim.d_year = CAST(2000 AS INT)
|     mem-estimate=16.00MB mem-reservation=4.00MB thread-reservation=0
|     tuple-ids=2 row-size=237B cardinality=373 cost=112653
|     in pipelines: 01(GETNEXT)
|
00:SCAN HDFS [tpcds_partitioned_parquet_snap.web_returns]
   HDFS partitions=2114/2114 files=2114 size=16.74GB
   runtime filters: RF003[min_max] -> tpcds_partitioned_parquet_snap.web_returns.wr_returning_customer_sk, RF005[min_max] -> tpcds_partitioned_parquet_snap.web_returns.wr_returning_addr_sk, RF002[bloom] -> tpcds_partitioned_parquet_snap.web_returns.wr_returning_customer_sk, RF006[bloom] -> tpcds_partitioned_parquet_snap.web_returns.wr_returned_date_sk, RF004[bloom] -> tpcds_partitioned_parquet_snap.web_returns.wr_returning_addr_sk
   stored statistics:
     table: rows=216.00M size=16.74GB
     partitions: 2114/2114 rows=216.00M
     columns: all
   extrapolated-rows=disabled max-scan-range-rows=9.41M est-scan-range=373(filtered from 2114)
   mem-estimate=16.00MB mem-reservation=256.00KB thread-reservation=0
   tuple-ids=0 row-size=100B cardinality=38.11M(filtered from 216.00M) cost=54881439
   in pipelines: 00(GETNEXT)
---- DISTRIBUTEDPLAN
Max Per-Host Resource Reservation: Memory=907.88MB Threads=56
Per-Host Resource Estimates: Memory=3.43GB
F14:PLAN FRAGMENT [UNPARTITIONED] hosts=1 instances=1
|  Per-Instance Resources: mem-estimate=4.58MB mem-reservation=4.00MB thread-reservation=1
|  max-parallelism=1 segment-costs=[1364] cpu-comparison-result=300 [max(1 (self) vs 300 (sum children))]
PLAN-ROOT SINK
|  output exprs: c_customer_id, c_salutation, c_first_name, c_last_name, c_preferred_cust_flag, c_birth_day, c_birth_month, c_birth_year, c_birth_country, c_login, c_email_address, c_last_review_date_sk, sum(tpcds_partitioned_parquet_snap.web_returns.wr_return_amt)
|  mem-estimate=4.00MB mem-reservation=4.00MB spill-buffer=2.00MB thread-reservation=0 cost=1300
|
35:MERGING-EXCHANGE [UNPARTITIONED]
|  order by: c_customer_id ASC NULLS LAST, c_salutation ASC NULLS LAST, c_first_name ASC NULLS LAST, c_last_name ASC NULLS LAST, c_preferred_cust_flag ASC NULLS LAST, c_birth_day ASC NULLS LAST, c_birth_month ASC NULLS LAST, c_birth_year ASC NULLS LAST, c_birth_country ASC NULLS LAST, c_login ASC NULLS LAST, c_email_address ASC NULLS LAST, c_last_review_date_sk ASC NULLS LAST, sum(tpcds_partitioned_parquet_snap.web_returns.wr_return_amt) ASC NULLS LAST
|  limit: 100
|  mem-estimate=589.00KB mem-reservation=0B thread-reservation=0
|  tuple-ids=20 row-size=196B cardinality=100 cost=64
|  in pipelines: 18(GETNEXT)
|
F07:PLAN FRAGMENT [HASH(tpcds_partitioned_parquet_snap.web_returns.wr_returning_customer_sk)] hosts=10 instances=30 (adjusted from 120)
Per-Instance Resources: mem-estimate=11.13MB mem-reservation=0B thread-reservation=1
max-parallelism=30 segment-costs=[223959581, 545] cpu-comparison-result=300 [max(30 (self) vs 300 (sum children))]
18:TOP-N [LIMIT=100]
|  order by: c_customer_id ASC NULLS LAST, c_salutation ASC NULLS LAST, c_first_name ASC NULLS LAST, c_last_name ASC NULLS LAST, c_preferred_cust_flag ASC NULLS LAST, c_birth_day ASC NULLS LAST, c_birth_month ASC NULLS LAST, c_birth_year ASC NULLS LAST, c_birth_country ASC NULLS LAST, c_login ASC NULLS LAST, c_email_address ASC NULLS LAST, c_last_review_date_sk ASC NULLS LAST, sum(tpcds_partitioned_parquet_snap.web_returns.wr_return_amt) ASC NULLS LAST
|  mem-estimate=19.18KB mem-reservation=0B thread-reservation=0
|  tuple-ids=20 row-size=196B cardinality=100 cost=201601849
|  in pipelines: 18(GETNEXT), 23(OPEN)
|
17:HASH JOIN [INNER JOIN, BROADCAST]
|  hash-table-id=00
|  hash predicates: tpcds_partitioned_parquet_snap.customer_address.ca_state = tpcds_partitioned_parquet_snap.customer_address_1.ca_state
|  fk/pk conjuncts: none
|  other join predicates: sum(tpcds_partitioned_parquet_snap.web_returns.wr_return_amt) > multiply(avg(sum(tpcds_partitioned_parquet_snap.web_returns_0.wr_return_amt)), CAST(1.2 AS DECIMAL(2,1)))
|  mem-estimate=0B mem-reservation=0B spill-buffer=64.00KB thread-reservation=0
|  tuple-ids=6,7,9,19 row-size=500B cardinality=15.00M cost=2903683
|  in pipelines: 23(GETNEXT), 33(OPEN)
|
|--F15:PLAN FRAGMENT [HASH(tpcds_partitioned_parquet_snap.web_returns.wr_returning_customer_sk)] hosts=10 instances=10
|  |  Per-Instance Resources: mem-estimate=6.83MB mem-reservation=6.81MB thread-reservation=1 runtime-filters-memory=1.00MB
|  |  max-parallelism=10 segment-costs=[111] cpu-comparison-result=130 [max(10 (self) vs 130 (sum children))]
|  JOIN BUILD
|  |  join-table-id=00 plan-id=01 cohort-id=01
|  |  build expressions: tpcds_partitioned_parquet_snap.customer_address_1.ca_state
|  |  runtime filters: RF000[bloom] <- tpcds_partitioned_parquet_snap.customer_address_1.ca_state, RF001[min_max] <- tpcds_partitioned_parquet_snap.customer_address_1.ca_state
|  |  mem-estimate=5.81MB mem-reservation=5.81MB spill-buffer=64.00KB thread-reservation=0 cost=51
|  |
|  34:EXCHANGE [BROADCAST]
|  |  mem-estimate=18.43KB mem-reservation=0B thread-reservation=0
|  |  tuple-ids=19 row-size=30B cardinality=51 cost=60
|  |  in pipelines: 33(GETNEXT)
|  |
|  F13:PLAN FRAGMENT [HASH(tpcds_partitioned_parquet_snap.customer_address_1.ca_state)] hosts=10 instances=10 (adjusted from 120)
|  Per-Instance Resources: mem-estimate=11.01MB mem-reservation=1.94MB thread-reservation=1
|  max-parallelism=10 segment-costs=[3447, 5] cpu-comparison-result=130 [max(10 (self) vs 130 (sum children))]
|  33:AGGREGATE [FINALIZE]
|  |  output: avg:merge(sum(tpcds_partitioned_parquet_snap.web_returns_0.wr_return_amt))
|  |  group by: tpcds_partitioned_parquet_snap.customer_address_1.ca_state
|  |  mem-estimate=10.00MB mem-reservation=1.94MB spill-buffer=64.00KB thread-reservation=0
|  |  tuple-ids=19 row-size=30B cardinality=51 cost=1923
|  |  in pipelines: 33(GETNEXT), 31(OPEN)
|  |
|  32:EXCHANGE [HASH(tpcds_partitioned_parquet_snap.customer_address_1.ca_state)]
|  |  mem-estimate=1.01MB mem-reservation=0B thread-reservation=0
|  |  tuple-ids=18 row-size=30B cardinality=6.12K cost=1524
|  |  in pipelines: 31(GETNEXT)
|  |
|  F12:PLAN FRAGMENT [HASH(tpcds_partitioned_parquet_snap.web_returns_0.wr_returning_customer_sk,tpcds_partitioned_parquet_snap.customer_address_1.ca_state)] hosts=10 instances=30 (adjusted from 120)
|  Per-Instance Resources: mem-estimate=75.04MB mem-reservation=36.00MB thread-reservation=1
|  max-parallelism=30 segment-costs=[227526879, 1094570, 14976] cpu-comparison-result=130 [max(30 (self) vs 130 (sum children))]
|  16:AGGREGATE [STREAMING]
|  |  output: avg(sum(tpcds_partitioned_parquet_snap.web_returns_0.wr_return_amt))
|  |  group by: tpcds_partitioned_parquet_snap.customer_address_1.ca_state
|  |  mem-estimate=10.00MB mem-reservation=2.00MB spill-buffer=64.00KB thread-reservation=0
|  |  tuple-ids=18 row-size=30B cardinality=6.12K cost=1094570
|  |  in pipelines: 31(GETNEXT)
|  |
|  31:AGGREGATE [FINALIZE]
|  |  output: sum:merge(tpcds_partitioned_parquet_snap.web_returns_0.wr_return_amt)
|  |  group by: tpcds_partitioned_parquet_snap.web_returns_0.wr_returning_customer_sk, tpcds_partitioned_parquet_snap.customer_address_1.ca_state
|  |  having: is_not_null_pred(tpcds_partitioned_parquet_snap.customer_address_1.ca_state)
|  |  mem-estimate=53.92MB mem-reservation=34.00MB spill-buffer=2.00MB thread-reservation=0
|  |  tuple-ids=17 row-size=34B cardinality=3.69M cost=217662624
|  |  in pipelines: 31(GETNEXT), 10(OPEN)
|  |
|  30:EXCHANGE [HASH(tpcds_partitioned_parquet_snap.web_returns_0.wr_returning_customer_sk,tpcds_partitioned_parquet_snap.customer_address_1.ca_state)]
|  |  mem-estimate=11.11MB mem-reservation=0B thread-reservation=0
|  |  tuple-ids=17 row-size=34B cardinality=36.88M cost=9864255
|  |  in pipelines: 10(GETNEXT)
|  |
|  F11:PLAN FRAGMENT [HASH(tpcds_partitioned_parquet_snap.web_returns_0.wr_returning_addr_sk)] hosts=10 instances=30 (adjusted from 120)
|  Per-Instance Resources: mem-estimate=88.60MB mem-reservation=34.00MB thread-reservation=1
|  max-parallelism=30 segment-costs=[298863480, 99741447] cpu-comparison-result=130 [max(130 (self) vs 51 (sum children))]
|  15:AGGREGATE [STREAMING]
|  |  output: sum(tpcds_partitioned_parquet_snap.web_returns_0.wr_return_amt)
|  |  group by: tpcds_partitioned_parquet_snap.web_returns_0.wr_returning_customer_sk, tpcds_partitioned_parquet_snap.customer_address_1.ca_state
|  |  mem-estimate=40.44MB mem-reservation=34.00MB spill-buffer=2.00MB thread-reservation=0
|  |  tuple-ids=17 row-size=34B cardinality=36.88M cost=217662624
|  |  in pipelines: 10(GETNEXT)
|  |
|  14:HASH JOIN [INNER JOIN, PARTITIONED]
|  |  hash-table-id=01
|  |  hash predicates: tpcds_partitioned_parquet_snap.web_returns_0.wr_returning_addr_sk = tpcds_partitioned_parquet_snap.customer_address_1.ca_address_sk
|  |  fk/pk conjuncts: tpcds_partitioned_parquet_snap.web_returns_0.wr_returning_addr_sk = tpcds_partitioned_parquet_snap.customer_address_1.ca_address_sk
|  |  mem-estimate=0B mem-reservation=0B spill-buffer=2.00MB thread-reservation=0
|  |  tuple-ids=11,13,15 row-size=569B cardinality=36.88M cost=16457636
|  |  in pipelines: 10(GETNEXT), 13(OPEN)
|  |
|  |--F16:PLAN FRAGMENT [HASH(tpcds_partitioned_parquet_snap.web_returns_0.wr_returning_addr_sk)] hosts=10 instances=30 (adjusted from 120)
|  |  |  Per-Instance Resources: mem-estimate=151.54MB mem-reservation=50.00MB thread-reservation=1 runtime-filters-memory=16.00MB
|  |  |  max-parallelism=30 segment-costs=[32647413]
|  |  JOIN BUILD
|  |  |  join-table-id=01 plan-id=02 cohort-id=02
|  |  |  build expressions: tpcds_partitioned_parquet_snap.customer_address_1.ca_address_sk
|  |  |  runtime filters: RF010[bloom] <- tpcds_partitioned_parquet_snap.customer_address_1.ca_address_sk, RF011[min_max] <- tpcds_partitioned_parquet_snap.customer_address_1.ca_address_sk
|  |  |  mem-estimate=123.24MB mem-reservation=34.00MB spill-buffer=2.00MB thread-reservation=0 cost=15000000
|  |  |
|  |  29:EXCHANGE [HASH(tpcds_partitioned_parquet_snap.customer_address_1.ca_address_sk)]
|  |  |  mem-estimate=12.30MB mem-reservation=0B thread-reservation=0
|  |  |  tuple-ids=15 row-size=232B cardinality=15.00M cost=17647413
|  |  |  in pipelines: 13(GETNEXT)
|  |  |
|  |  F10:PLAN FRAGMENT [RANDOM] hosts=10 instances=10
|  |  Per-Instance Resources: mem-estimate=43.61MB mem-reservation=128.00KB thread-reservation=1
|  |  max-parallelism=10 segment-costs=[252975990]
|  |  13:SCAN HDFS [tpcds_partitioned_parquet_snap.customer_address, RANDOM]
|  |     HDFS partitions=1/1 files=1 size=307.36MB
|  |     stored statistics:
|  |       table: rows=15.00M size=307.36MB
|  |       columns: all
|  |     extrapolated-rows=disabled max-scan-range-rows=1.58M
|  |     mem-estimate=16.00MB mem-reservation=128.00KB thread-reservation=0
|  |     tuple-ids=15 row-size=232B cardinality=15.00M cost=21515206
|  |     in pipelines: 13(GETNEXT)
|  |
|  28:EXCHANGE [HASH(tpcds_partitioned_parquet_snap.web_returns_0.wr_returning_addr_sk)]
|  |  mem-estimate=43.71MB mem-reservation=0B thread-reservation=0
|  |  tuple-ids=11,13 row-size=337B cardinality=38.11M cost=64743220
|  |  in pipelines: 10(GETNEXT)
|  |
|  F08:PLAN FRAGMENT [RANDOM] hosts=10 instances=100 (adjusted from 120)
|  Per-Host Shared Resources: mem-estimate=17.00MB mem-reservation=17.00MB thread-reservation=0 runtime-filters-memory=17.00MB
|  Per-Instance Resources: mem-estimate=56.45MB mem-reservation=256.00KB thread-reservation=1
|  max-parallelism=100 segment-costs=[938323971]
|  12:HASH JOIN [INNER JOIN, BROADCAST]
|  |  hash-table-id=02
|  |  hash predicates: tpcds_partitioned_parquet_snap.web_returns_0.wr_returned_date_sk = tpcds_partitioned_parquet_snap.date_dim_0.d_date_sk
|  |  fk/pk conjuncts: tpcds_partitioned_parquet_snap.web_returns_0.wr_returned_date_sk = tpcds_partitioned_parquet_snap.date_dim_0.d_date_sk
|  |  mem-estimate=0B mem-reservation=0B spill-buffer=64.00KB thread-reservation=0
|  |  tuple-ids=11,13 row-size=337B cardinality=38.11M cost=16681670
|  |  in pipelines: 10(GETNEXT), 11(OPEN)
|  |
|  |--F17:PLAN FRAGMENT [RANDOM] hosts=10 instances=10
|  |  |  Per-Instance Resources: mem-estimate=20.55MB mem-reservation=20.38MB thread-reservation=1 runtime-filters-memory=1.00MB
|  |  |  max-parallelism=10 segment-costs=[863]
|  |  JOIN BUILD
|  |  |  join-table-id=02 plan-id=03 cohort-id=02
|  |  |  build expressions: tpcds_partitioned_parquet_snap.date_dim_0.d_date_sk
|  |  |  runtime filters: RF012[bloom] <- tpcds_partitioned_parquet_snap.date_dim_0.d_date_sk
|  |  |  mem-estimate=19.38MB mem-reservation=19.38MB spill-buffer=64.00KB thread-reservation=0 cost=373
|  |  |
|  |  27:EXCHANGE [BROADCAST]
|  |  |  mem-estimate=174.22KB mem-reservation=0B thread-reservation=0
|  |  |  tuple-ids=13 row-size=237B cardinality=373 cost=490
|  |  |  in pipelines: 11(GETNEXT)
|  |  |
|  |  F09:PLAN FRAGMENT [RANDOM] hosts=1 instances=1
|  |  Per-Instance Resources: mem-estimate=16.94MB mem-reservation=4.00MB thread-reservation=1
|  |  max-parallelism=1 segment-costs=[112899]
|  |  11:SCAN HDFS [tpcds_partitioned_parquet_snap.date_dim, RANDOM]
|  |     HDFS partitions=1/1 files=1 size=2.17MB
|  |     predicates: tpcds_partitioned_parquet_snap.date_dim_0.d_year = CAST(2000 AS INT)
|  |     stored statistics:
|  |       table: rows=73.05K size=2.17MB
|  |       columns: all
|  |     extrapolated-rows=disabled max-scan-range-rows=73.05K
|  |     parquet statistics predicates: tpcds_partitioned_parquet_snap.date_dim_0.d_year = CAST(2000 AS INT)
|  |     parquet dictionary predicates: tpcds_partitioned_parquet_snap.date_dim_0.d_year = CAST(2000 AS INT)
|  |     mem-estimate=16.00MB mem-reservation=4.00MB thread-reservation=0
|  |     tuple-ids=13 row-size=237B cardinality=373 cost=112653
|  |     in pipelines: 11(GETNEXT)
|  |
|  10:SCAN HDFS [tpcds_partitioned_parquet_snap.web_returns, RANDOM]
|     HDFS partitions=2114/2114 files=2114 size=16.74GB
|     runtime filters: RF011[min_max] -> tpcds_partitioned_parquet_snap.web_returns_0.wr_returning_addr_sk, RF012[bloom] -> tpcds_partitioned_parquet_snap.web_returns_0.wr_returned_date_sk, RF010[bloom] -> tpcds_partitioned_parquet_snap.web_returns_0.wr_returning_addr_sk
|     stored statistics:
|       table: rows=216.00M size=16.74GB
|       partitions: 2114/2114 rows=216.00M
|       columns: all
|     extrapolated-rows=disabled max-scan-range-rows=9.41M est-scan-range=373(filtered from 2114)
|     mem-estimate=16.00MB mem-reservation=256.00KB thread-reservation=0
|     tuple-ids=11 row-size=100B cardinality=38.11M(filtered from 216.00M) cost=54881439
|     in pipelines: 10(GETNEXT)
|
09:HASH JOIN [INNER JOIN, PARTITIONED]
|  hash-table-id=03
|  hash predicates: tpcds_partitioned_parquet_snap.web_returns.wr_returning_customer_sk = tpcds_partitioned_parquet_snap.customer.c_customer_sk
|  fk/pk conjuncts: tpcds_partitioned_parquet_snap.web_returns.wr_returning_customer_sk = tpcds_partitioned_parquet_snap.customer.c_customer_sk
|  mem-estimate=0B mem-reservation=0B spill-buffer=1.00MB thread-reservation=0
|  tuple-ids=6,7,9 row-size=470B cardinality=723.91K cost=9589794
|  in pipelines: 23(GETNEXT), 06(OPEN)
|
|--F18:PLAN FRAGMENT [HASH(tpcds_partitioned_parquet_snap.web_returns.wr_returning_customer_sk)] hosts=10 instances=30 (adjusted from 120)
|  |  Per-Instance Resources: mem-estimate=32.34MB mem-reservation=18.00MB thread-reservation=1 runtime-filters-memory=1.00MB
|  |  max-parallelism=30 segment-costs=[2023141] cpu-comparison-result=40 [max(40 (self) vs 20 (sum children))]
|  JOIN BUILD
|  |  join-table-id=03 plan-id=04 cohort-id=01
|  |  build expressions: tpcds_partitioned_parquet_snap.customer.c_customer_sk
|  |  runtime filters: RF002[bloom] <- tpcds_partitioned_parquet_snap.customer.c_customer_sk, RF003[min_max] <- tpcds_partitioned_parquet_snap.customer.c_customer_sk
|  |  mem-estimate=17.00MB mem-reservation=17.00MB spill-buffer=1.00MB thread-reservation=0 cost=641558
|  |
|  26:EXCHANGE [HASH(tpcds_partitioned_parquet_snap.customer.c_customer_sk)]
|  |  mem-estimate=14.34MB mem-reservation=0B thread-reservation=0
|  |  tuple-ids=7,9 row-size=436B cardinality=641.56K cost=1381583
|  |  in pipelines: 06(GETNEXT)
|  |
|  F05:PLAN FRAGMENT [RANDOM] hosts=10 instances=10
|  Per-Host Shared Resources: mem-estimate=1.00MB mem-reservation=1.00MB thread-reservation=0 runtime-filters-memory=1.00MB
|  Per-Instance Resources: mem-estimate=68.03MB mem-reservation=1.00MB thread-reservation=1
|  max-parallelism=10 segment-costs=[65779436]
|  08:HASH JOIN [INNER JOIN, BROADCAST]
|  |  hash-table-id=04
|  |  hash predicates: tpcds_partitioned_parquet_snap.customer.c_current_addr_sk = tpcds_partitioned_parquet_snap.customer_address_0.ca_address_sk
|  |  fk/pk conjuncts: tpcds_partitioned_parquet_snap.customer.c_current_addr_sk = tpcds_partitioned_parquet_snap.customer_address_0.ca_address_sk
|  |  mem-estimate=0B mem-reservation=0B spill-buffer=2.00MB thread-reservation=0
|  |  tuple-ids=7,9 row-size=436B cardinality=641.56K cost=280809
|  |  in pipelines: 06(GETNEXT), 07(OPEN)
|  |
|  |--F19:PLAN FRAGMENT [RANDOM] hosts=10 instances=10
|  |  |  Per-Instance Resources: mem-estimate=82.32MB mem-reservation=35.00MB thread-reservation=1 runtime-filters-memory=1.00MB
|  |  |  max-parallelism=10 segment-costs=[664482]
|  |  JOIN BUILD
|  |  |  join-table-id=04 plan-id=05 cohort-id=03
|  |  |  build expressions: tpcds_partitioned_parquet_snap.customer_address_0.ca_address_sk
|  |  |  runtime filters: RF008[bloom] <- tpcds_partitioned_parquet_snap.customer_address_0.ca_address_sk, RF009[min_max] <- tpcds_partitioned_parquet_snap.customer_address_0.ca_address_sk
|  |  |  mem-estimate=69.02MB mem-reservation=34.00MB spill-buffer=2.00MB thread-reservation=0 cost=285312
|  |  |
|  |  24:EXCHANGE [BROADCAST]
|  |  |  mem-estimate=12.30MB mem-reservation=0B thread-reservation=0
|  |  |  tuple-ids=9 row-size=232B cardinality=285.31K cost=379170
|  |  |  in pipelines: 07(GETNEXT)
|  |  |
|  |  F06:PLAN FRAGMENT [RANDOM] hosts=10 instances=10
|  |  Per-Instance Resources: mem-estimate=16.92MB mem-reservation=128.00KB thread-reservation=1
|  |  max-parallelism=10 segment-costs=[22121285]
|  |  07:SCAN HDFS [tpcds_partitioned_parquet_snap.customer_address, RANDOM]
|  |     HDFS partitions=1/1 files=1 size=307.36MB
|  |     predicates: tpcds_partitioned_parquet_snap.customer_address_0.ca_state = 'GA'
|  |     stored statistics:
|  |       table: rows=15.00M size=307.36MB
|  |       columns: all
|  |     extrapolated-rows=disabled max-scan-range-rows=1.58M
|  |     parquet statistics predicates: tpcds_partitioned_parquet_snap.customer_address_0.ca_state = 'GA'
|  |     parquet dictionary predicates: tpcds_partitioned_parquet_snap.customer_address_0.ca_state = 'GA'
|  |     mem-estimate=16.00MB mem-reservation=128.00KB thread-reservation=0
|  |     tuple-ids=9 row-size=232B cardinality=285.31K cost=21936706
|  |     in pipelines: 07(GETNEXT)
|  |
|  06:SCAN HDFS [tpcds_partitioned_parquet_snap.customer, RANDOM]
|     HDFS partitions=1/1 files=1 size=1.55GB
|     runtime filters: RF009[min_max] -> tpcds_partitioned_parquet_snap.customer.c_current_addr_sk, RF008[bloom] -> tpcds_partitioned_parquet_snap.customer.c_current_addr_sk
|     stored statistics:
|       table: rows=30.00M size=1.55GB
|       columns: all
|     extrapolated-rows=disabled max-scan-range-rows=3.10M
|     mem-estimate=16.00MB mem-reservation=1.00MB thread-reservation=0
|     tuple-ids=7 row-size=204B cardinality=641.56K(filtered from 30.00M) cost=46823813
|     in pipelines: 06(GETNEXT)
|
25:EXCHANGE [HASH(tpcds_partitioned_parquet_snap.web_returns.wr_returning_customer_sk)]
|  mem-estimate=11.11MB mem-reservation=0B thread-reservation=0
|  tuple-ids=6 row-size=34B cardinality=36.88M cost=9864255
|  in pipelines: 23(GETNEXT)
|
F04:PLAN FRAGMENT [HASH(tpcds_partitioned_parquet_snap.web_returns.wr_returning_customer_sk,tpcds_partitioned_parquet_snap.customer_address.ca_state)] hosts=10 instances=30 (adjusted from 120)
Per-Instance Resources: mem-estimate=65.04MB mem-reservation=34.00MB thread-reservation=1
max-parallelism=30 segment-costs=[227526879, 99741447] cpu-comparison-result=130 [max(30 (self) vs 130 (sum children))]
23:AGGREGATE [FINALIZE]
|  output: sum:merge(tpcds_partitioned_parquet_snap.web_returns.wr_return_amt)
|  group by: tpcds_partitioned_parquet_snap.web_returns.wr_returning_customer_sk, tpcds_partitioned_parquet_snap.customer_address.ca_state
|  mem-estimate=53.92MB mem-reservation=34.00MB spill-buffer=2.00MB thread-reservation=0
|  tuple-ids=6 row-size=34B cardinality=36.88M cost=217662624
|  in pipelines: 23(GETNEXT), 00(OPEN)
|
22:EXCHANGE [HASH(tpcds_partitioned_parquet_snap.web_returns.wr_returning_customer_sk,tpcds_partitioned_parquet_snap.customer_address.ca_state)]
|  mem-estimate=11.11MB mem-reservation=0B thread-reservation=0
|  tuple-ids=6 row-size=34B cardinality=36.88M cost=9864255
|  in pipelines: 00(GETNEXT)
|
F03:PLAN FRAGMENT [HASH(tpcds_partitioned_parquet_snap.web_returns.wr_returning_addr_sk)] hosts=10 instances=30 (adjusted from 120)
Per-Instance Resources: mem-estimate=88.60MB mem-reservation=34.00MB thread-reservation=1
max-parallelism=30 segment-costs=[298863480, 99741447] cpu-comparison-result=130 [max(130 (self) vs 51 (sum children))]
05:AGGREGATE [STREAMING]
|  output: sum(tpcds_partitioned_parquet_snap.web_returns.wr_return_amt)
|  group by: tpcds_partitioned_parquet_snap.web_returns.wr_returning_customer_sk, tpcds_partitioned_parquet_snap.customer_address.ca_state
|  mem-estimate=40.44MB mem-reservation=34.00MB spill-buffer=2.00MB thread-reservation=0
|  tuple-ids=6 row-size=34B cardinality=36.88M cost=217662624
|  in pipelines: 00(GETNEXT)
|
04:HASH JOIN [INNER JOIN, PARTITIONED]
|  hash-table-id=05
|  hash predicates: tpcds_partitioned_parquet_snap.web_returns.wr_returning_addr_sk = tpcds_partitioned_parquet_snap.customer_address.ca_address_sk
|  fk/pk conjuncts: tpcds_partitioned_parquet_snap.web_returns.wr_returning_addr_sk = tpcds_partitioned_parquet_snap.customer_address.ca_address_sk
|  mem-estimate=0B mem-reservation=0B spill-buffer=2.00MB thread-reservation=0
|  tuple-ids=0,2,4 row-size=569B cardinality=36.88M cost=16457636
|  in pipelines: 00(GETNEXT), 03(OPEN)
|
|--F20:PLAN FRAGMENT [HASH(tpcds_partitioned_parquet_snap.web_returns.wr_returning_addr_sk)] hosts=10 instances=30 (adjusted from 120)
|  |  Per-Instance Resources: mem-estimate=151.54MB mem-reservation=50.00MB thread-reservation=1 runtime-filters-memory=16.00MB
|  |  max-parallelism=30 segment-costs=[32647413]
|  JOIN BUILD
|  |  join-table-id=05 plan-id=06 cohort-id=01
|  |  build expressions: tpcds_partitioned_parquet_snap.customer_address.ca_address_sk
|  |  runtime filters: RF004[bloom] <- tpcds_partitioned_parquet_snap.customer_address.ca_address_sk, RF005[min_max] <- tpcds_partitioned_parquet_snap.customer_address.ca_address_sk
|  |  mem-estimate=123.24MB mem-reservation=34.00MB spill-buffer=2.00MB thread-reservation=0 cost=15000000
|  |
|  21:EXCHANGE [HASH(tpcds_partitioned_parquet_snap.customer_address.ca_address_sk)]
|  |  mem-estimate=12.30MB mem-reservation=0B thread-reservation=0
|  |  tuple-ids=4 row-size=232B cardinality=15.00M cost=17647413
|  |  in pipelines: 03(GETNEXT)
|  |
|  F02:PLAN FRAGMENT [RANDOM] hosts=10 instances=10
|  Per-Host Shared Resources: mem-estimate=1.00MB mem-reservation=1.00MB thread-reservation=0 runtime-filters-memory=1.00MB
|  Per-Instance Resources: mem-estimate=43.61MB mem-reservation=128.00KB thread-reservation=1
|  max-parallelism=10 segment-costs=[252975990]
|  03:SCAN HDFS [tpcds_partitioned_parquet_snap.customer_address, RANDOM]
|     HDFS partitions=1/1 files=1 size=307.36MB
|     runtime filters: RF001[min_max] -> tpcds_partitioned_parquet_snap.customer_address.ca_state, RF000[bloom] -> tpcds_partitioned_parquet_snap.customer_address.ca_state
|     stored statistics:
|       table: rows=15.00M size=307.36MB
|       columns: all
|     extrapolated-rows=disabled max-scan-range-rows=1.58M
|     mem-estimate=16.00MB mem-reservation=128.00KB thread-reservation=0
|     tuple-ids=4 row-size=232B cardinality=15.00M cost=21515206
|     in pipelines: 03(GETNEXT)
|
20:EXCHANGE [HASH(tpcds_partitioned_parquet_snap.web_returns.wr_returning_addr_sk)]
|  mem-estimate=43.71MB mem-reservation=0B thread-reservation=0
|  tuple-ids=0,2 row-size=337B cardinality=38.11M cost=64743220
|  in pipelines: 00(GETNEXT)
|
F00:PLAN FRAGMENT [RANDOM] hosts=10 instances=100 (adjusted from 120)
Per-Host Shared Resources: mem-estimate=18.00MB mem-reservation=18.00MB thread-reservation=0 runtime-filters-memory=18.00MB
Per-Instance Resources: mem-estimate=56.45MB mem-reservation=256.00KB thread-reservation=1
max-parallelism=100 segment-costs=[938323971]
02:HASH JOIN [INNER JOIN, BROADCAST]
|  hash-table-id=06
|  hash predicates: tpcds_partitioned_parquet_snap.web_returns.wr_returned_date_sk = tpcds_partitioned_parquet_snap.date_dim.d_date_sk
|  fk/pk conjuncts: tpcds_partitioned_parquet_snap.web_returns.wr_returned_date_sk = tpcds_partitioned_parquet_snap.date_dim.d_date_sk
|  mem-estimate=0B mem-reservation=0B spill-buffer=64.00KB thread-reservation=0
|  tuple-ids=0,2 row-size=337B cardinality=38.11M cost=16681670
|  in pipelines: 00(GETNEXT), 01(OPEN)
|
|--F21:PLAN FRAGMENT [RANDOM] hosts=10 instances=10
|  |  Per-Instance Resources: mem-estimate=20.55MB mem-reservation=20.38MB thread-reservation=1 runtime-filters-memory=1.00MB
|  |  max-parallelism=10 segment-costs=[863]
|  JOIN BUILD
|  |  join-table-id=06 plan-id=07 cohort-id=01
|  |  build expressions: tpcds_partitioned_parquet_snap.date_dim.d_date_sk
|  |  runtime filters: RF006[bloom] <- tpcds_partitioned_parquet_snap.date_dim.d_date_sk
|  |  mem-estimate=19.38MB mem-reservation=19.38MB spill-buffer=64.00KB thread-reservation=0 cost=373
|  |
|  19:EXCHANGE [BROADCAST]
|  |  mem-estimate=174.22KB mem-reservation=0B thread-reservation=0
|  |  tuple-ids=2 row-size=237B cardinality=373 cost=490
|  |  in pipelines: 01(GETNEXT)
|  |
|  F01:PLAN FRAGMENT [RANDOM] hosts=1 instances=1
|  Per-Instance Resources: mem-estimate=16.94MB mem-reservation=4.00MB thread-reservation=1
|  max-parallelism=1 segment-costs=[112899]
|  01:SCAN HDFS [tpcds_partitioned_parquet_snap.date_dim, RANDOM]
|     HDFS partitions=1/1 files=1 size=2.17MB
|     predicates: tpcds_partitioned_parquet_snap.date_dim.d_year = CAST(2000 AS INT)
|     stored statistics:
|       table: rows=73.05K size=2.17MB
|       columns: all
|     extrapolated-rows=disabled max-scan-range-rows=73.05K
|     parquet statistics predicates: tpcds_partitioned_parquet_snap.date_dim.d_year = CAST(2000 AS INT)
|     parquet dictionary predicates: tpcds_partitioned_parquet_snap.date_dim.d_year = CAST(2000 AS INT)
|     mem-estimate=16.00MB mem-reservation=4.00MB thread-reservation=0
|     tuple-ids=2 row-size=237B cardinality=373 cost=112653
|     in pipelines: 01(GETNEXT)
|
00:SCAN HDFS [tpcds_partitioned_parquet_snap.web_returns, RANDOM]
   HDFS partitions=2114/2114 files=2114 size=16.74GB
   runtime filters: RF003[min_max] -> tpcds_partitioned_parquet_snap.web_returns.wr_returning_customer_sk, RF005[min_max] -> tpcds_partitioned_parquet_snap.web_returns.wr_returning_addr_sk, RF002[bloom] -> tpcds_partitioned_parquet_snap.web_returns.wr_returning_customer_sk, RF006[bloom] -> tpcds_partitioned_parquet_snap.web_returns.wr_returned_date_sk, RF004[bloom] -> tpcds_partitioned_parquet_snap.web_returns.wr_returning_addr_sk
   stored statistics:
     table: rows=216.00M size=16.74GB
     partitions: 2114/2114 rows=216.00M
     columns: all
   extrapolated-rows=disabled max-scan-range-rows=9.41M est-scan-range=373(filtered from 2114)
   mem-estimate=16.00MB mem-reservation=256.00KB thread-reservation=0
   tuple-ids=0 row-size=100B cardinality=38.11M(filtered from 216.00M) cost=54881439
   in pipelines: 00(GETNEXT)
---- PARALLELPLANS
Max Per-Host Resource Reservation: Memory=907.88MB Threads=56
Per-Host Resource Estimates: Memory=3.43GB
F14:PLAN FRAGMENT [UNPARTITIONED] hosts=1 instances=1
|  Per-Instance Resources: mem-estimate=4.58MB mem-reservation=4.00MB thread-reservation=1
|  max-parallelism=1 segment-costs=[1364] cpu-comparison-result=300 [max(1 (self) vs 300 (sum children))]
PLAN-ROOT SINK
|  output exprs: c_customer_id, c_salutation, c_first_name, c_last_name, c_preferred_cust_flag, c_birth_day, c_birth_month, c_birth_year, c_birth_country, c_login, c_email_address, c_last_review_date_sk, sum(tpcds_partitioned_parquet_snap.web_returns.wr_return_amt)
|  mem-estimate=4.00MB mem-reservation=4.00MB spill-buffer=2.00MB thread-reservation=0 cost=1300
|
35:MERGING-EXCHANGE [UNPARTITIONED]
|  order by: c_customer_id ASC NULLS LAST, c_salutation ASC NULLS LAST, c_first_name ASC NULLS LAST, c_last_name ASC NULLS LAST, c_preferred_cust_flag ASC NULLS LAST, c_birth_day ASC NULLS LAST, c_birth_month ASC NULLS LAST, c_birth_year ASC NULLS LAST, c_birth_country ASC NULLS LAST, c_login ASC NULLS LAST, c_email_address ASC NULLS LAST, c_last_review_date_sk ASC NULLS LAST, sum(tpcds_partitioned_parquet_snap.web_returns.wr_return_amt) ASC NULLS LAST
|  limit: 100
|  mem-estimate=589.00KB mem-reservation=0B thread-reservation=0
|  tuple-ids=20 row-size=196B cardinality=100 cost=64
|  in pipelines: 18(GETNEXT)
|
F07:PLAN FRAGMENT [HASH(tpcds_partitioned_parquet_snap.web_returns.wr_returning_customer_sk)] hosts=10 instances=30 (adjusted from 120)
Per-Instance Resources: mem-estimate=11.13MB mem-reservation=0B thread-reservation=1
max-parallelism=30 segment-costs=[223959581, 545] cpu-comparison-result=300 [max(30 (self) vs 300 (sum children))]
18:TOP-N [LIMIT=100]
|  order by: c_customer_id ASC NULLS LAST, c_salutation ASC NULLS LAST, c_first_name ASC NULLS LAST, c_last_name ASC NULLS LAST, c_preferred_cust_flag ASC NULLS LAST, c_birth_day ASC NULLS LAST, c_birth_month ASC NULLS LAST, c_birth_year ASC NULLS LAST, c_birth_country ASC NULLS LAST, c_login ASC NULLS LAST, c_email_address ASC NULLS LAST, c_last_review_date_sk ASC NULLS LAST, sum(tpcds_partitioned_parquet_snap.web_returns.wr_return_amt) ASC NULLS LAST
|  mem-estimate=19.18KB mem-reservation=0B thread-reservation=0
|  tuple-ids=20 row-size=196B cardinality=100 cost=201601849
|  in pipelines: 18(GETNEXT), 23(OPEN)
|
17:HASH JOIN [INNER JOIN, BROADCAST]
|  hash-table-id=00
|  hash predicates: tpcds_partitioned_parquet_snap.customer_address.ca_state = tpcds_partitioned_parquet_snap.customer_address_1.ca_state
|  fk/pk conjuncts: none
|  other join predicates: sum(tpcds_partitioned_parquet_snap.web_returns.wr_return_amt) > multiply(avg(sum(tpcds_partitioned_parquet_snap.web_returns_0.wr_return_amt)), CAST(1.2 AS DECIMAL(2,1)))
|  mem-estimate=0B mem-reservation=0B spill-buffer=64.00KB thread-reservation=0
|  tuple-ids=6,7,9,19 row-size=500B cardinality=15.00M cost=2903683
|  in pipelines: 23(GETNEXT), 33(OPEN)
|
|--F15:PLAN FRAGMENT [HASH(tpcds_partitioned_parquet_snap.web_returns.wr_returning_customer_sk)] hosts=10 instances=10
|  |  Per-Instance Resources: mem-estimate=6.83MB mem-reservation=6.81MB thread-reservation=1 runtime-filters-memory=1.00MB
|  |  max-parallelism=10 segment-costs=[111] cpu-comparison-result=130 [max(10 (self) vs 130 (sum children))]
|  JOIN BUILD
|  |  join-table-id=00 plan-id=01 cohort-id=01
|  |  build expressions: tpcds_partitioned_parquet_snap.customer_address_1.ca_state
|  |  runtime filters: RF000[bloom] <- tpcds_partitioned_parquet_snap.customer_address_1.ca_state, RF001[min_max] <- tpcds_partitioned_parquet_snap.customer_address_1.ca_state
|  |  mem-estimate=5.81MB mem-reservation=5.81MB spill-buffer=64.00KB thread-reservation=0 cost=51
|  |
|  34:EXCHANGE [BROADCAST]
|  |  mem-estimate=18.43KB mem-reservation=0B thread-reservation=0
|  |  tuple-ids=19 row-size=30B cardinality=51 cost=60
|  |  in pipelines: 33(GETNEXT)
|  |
|  F13:PLAN FRAGMENT [HASH(tpcds_partitioned_parquet_snap.customer_address_1.ca_state)] hosts=10 instances=10 (adjusted from 120)
|  Per-Instance Resources: mem-estimate=11.01MB mem-reservation=1.94MB thread-reservation=1
|  max-parallelism=10 segment-costs=[3447, 5] cpu-comparison-result=130 [max(10 (self) vs 130 (sum children))]
|  33:AGGREGATE [FINALIZE]
|  |  output: avg:merge(sum(tpcds_partitioned_parquet_snap.web_returns_0.wr_return_amt))
|  |  group by: tpcds_partitioned_parquet_snap.customer_address_1.ca_state
|  |  mem-estimate=10.00MB mem-reservation=1.94MB spill-buffer=64.00KB thread-reservation=0
|  |  tuple-ids=19 row-size=30B cardinality=51 cost=1923
|  |  in pipelines: 33(GETNEXT), 31(OPEN)
|  |
|  32:EXCHANGE [HASH(tpcds_partitioned_parquet_snap.customer_address_1.ca_state)]
|  |  mem-estimate=1.01MB mem-reservation=0B thread-reservation=0
|  |  tuple-ids=18 row-size=30B cardinality=6.12K cost=1524
|  |  in pipelines: 31(GETNEXT)
|  |
|  F12:PLAN FRAGMENT [HASH(tpcds_partitioned_parquet_snap.web_returns_0.wr_returning_customer_sk,tpcds_partitioned_parquet_snap.customer_address_1.ca_state)] hosts=10 instances=30 (adjusted from 120)
|  Per-Instance Resources: mem-estimate=75.04MB mem-reservation=36.00MB thread-reservation=1
|  max-parallelism=30 segment-costs=[227526879, 1094570, 14976] cpu-comparison-result=130 [max(30 (self) vs 130 (sum children))]
|  16:AGGREGATE [STREAMING]
|  |  output: avg(sum(tpcds_partitioned_parquet_snap.web_returns_0.wr_return_amt))
|  |  group by: tpcds_partitioned_parquet_snap.customer_address_1.ca_state
|  |  mem-estimate=10.00MB mem-reservation=2.00MB spill-buffer=64.00KB thread-reservation=0
|  |  tuple-ids=18 row-size=30B cardinality=6.12K cost=1094570
|  |  in pipelines: 31(GETNEXT)
|  |
|  31:AGGREGATE [FINALIZE]
|  |  output: sum:merge(tpcds_partitioned_parquet_snap.web_returns_0.wr_return_amt)
|  |  group by: tpcds_partitioned_parquet_snap.web_returns_0.wr_returning_customer_sk, tpcds_partitioned_parquet_snap.customer_address_1.ca_state
|  |  having: is_not_null_pred(tpcds_partitioned_parquet_snap.customer_address_1.ca_state)
|  |  mem-estimate=53.92MB mem-reservation=34.00MB spill-buffer=2.00MB thread-reservation=0
|  |  tuple-ids=17 row-size=34B cardinality=3.69M cost=217662624
|  |  in pipelines: 31(GETNEXT), 10(OPEN)
|  |
|  30:EXCHANGE [HASH(tpcds_partitioned_parquet_snap.web_returns_0.wr_returning_customer_sk,tpcds_partitioned_parquet_snap.customer_address_1.ca_state)]
|  |  mem-estimate=11.11MB mem-reservation=0B thread-reservation=0
|  |  tuple-ids=17 row-size=34B cardinality=36.88M cost=9864255
|  |  in pipelines: 10(GETNEXT)
|  |
|  F11:PLAN FRAGMENT [HASH(tpcds_partitioned_parquet_snap.web_returns_0.wr_returning_addr_sk)] hosts=10 instances=30 (adjusted from 120)
|  Per-Instance Resources: mem-estimate=88.60MB mem-reservation=34.00MB thread-reservation=1
|  max-parallelism=30 segment-costs=[298863480, 99741447] cpu-comparison-result=130 [max(130 (self) vs 51 (sum children))]
|  15:AGGREGATE [STREAMING]
|  |  output: sum(tpcds_partitioned_parquet_snap.web_returns_0.wr_return_amt)
|  |  group by: tpcds_partitioned_parquet_snap.web_returns_0.wr_returning_customer_sk, tpcds_partitioned_parquet_snap.customer_address_1.ca_state
|  |  mem-estimate=40.44MB mem-reservation=34.00MB spill-buffer=2.00MB thread-reservation=0
|  |  tuple-ids=17 row-size=34B cardinality=36.88M cost=217662624
|  |  in pipelines: 10(GETNEXT)
|  |
|  14:HASH JOIN [INNER JOIN, PARTITIONED]
|  |  hash-table-id=01
|  |  hash predicates: tpcds_partitioned_parquet_snap.web_returns_0.wr_returning_addr_sk = tpcds_partitioned_parquet_snap.customer_address_1.ca_address_sk
|  |  fk/pk conjuncts: tpcds_partitioned_parquet_snap.web_returns_0.wr_returning_addr_sk = tpcds_partitioned_parquet_snap.customer_address_1.ca_address_sk
|  |  mem-estimate=0B mem-reservation=0B spill-buffer=2.00MB thread-reservation=0
|  |  tuple-ids=11,13,15 row-size=569B cardinality=36.88M cost=16457636
|  |  in pipelines: 10(GETNEXT), 13(OPEN)
|  |
|  |--F16:PLAN FRAGMENT [HASH(tpcds_partitioned_parquet_snap.web_returns_0.wr_returning_addr_sk)] hosts=10 instances=30 (adjusted from 120)
|  |  |  Per-Instance Resources: mem-estimate=151.54MB mem-reservation=50.00MB thread-reservation=1 runtime-filters-memory=16.00MB
|  |  |  max-parallelism=30 segment-costs=[32647413]
|  |  JOIN BUILD
|  |  |  join-table-id=01 plan-id=02 cohort-id=02
|  |  |  build expressions: tpcds_partitioned_parquet_snap.customer_address_1.ca_address_sk
|  |  |  runtime filters: RF010[bloom] <- tpcds_partitioned_parquet_snap.customer_address_1.ca_address_sk, RF011[min_max] <- tpcds_partitioned_parquet_snap.customer_address_1.ca_address_sk
|  |  |  mem-estimate=123.24MB mem-reservation=34.00MB spill-buffer=2.00MB thread-reservation=0 cost=15000000
|  |  |
|  |  29:EXCHANGE [HASH(tpcds_partitioned_parquet_snap.customer_address_1.ca_address_sk)]
|  |  |  mem-estimate=12.30MB mem-reservation=0B thread-reservation=0
|  |  |  tuple-ids=15 row-size=232B cardinality=15.00M cost=17647413
|  |  |  in pipelines: 13(GETNEXT)
|  |  |
|  |  F10:PLAN FRAGMENT [RANDOM] hosts=10 instances=10
|  |  Per-Instance Resources: mem-estimate=43.61MB mem-reservation=128.00KB thread-reservation=1
|  |  max-parallelism=10 segment-costs=[252975990]
|  |  13:SCAN HDFS [tpcds_partitioned_parquet_snap.customer_address, RANDOM]
|  |     HDFS partitions=1/1 files=1 size=307.36MB
|  |     stored statistics:
|  |       table: rows=15.00M size=307.36MB
|  |       columns: all
|  |     extrapolated-rows=disabled max-scan-range-rows=1.58M
|  |     mem-estimate=16.00MB mem-reservation=128.00KB thread-reservation=0
|  |     tuple-ids=15 row-size=232B cardinality=15.00M cost=21515206
|  |     in pipelines: 13(GETNEXT)
|  |
|  28:EXCHANGE [HASH(tpcds_partitioned_parquet_snap.web_returns_0.wr_returning_addr_sk)]
|  |  mem-estimate=43.71MB mem-reservation=0B thread-reservation=0
|  |  tuple-ids=11,13 row-size=337B cardinality=38.11M cost=64743220
|  |  in pipelines: 10(GETNEXT)
|  |
|  F08:PLAN FRAGMENT [RANDOM] hosts=10 instances=100 (adjusted from 120)
|  Per-Host Shared Resources: mem-estimate=17.00MB mem-reservation=17.00MB thread-reservation=0 runtime-filters-memory=17.00MB
|  Per-Instance Resources: mem-estimate=56.45MB mem-reservation=256.00KB thread-reservation=1
|  max-parallelism=100 segment-costs=[938323971]
|  12:HASH JOIN [INNER JOIN, BROADCAST]
|  |  hash-table-id=02
|  |  hash predicates: tpcds_partitioned_parquet_snap.web_returns_0.wr_returned_date_sk = tpcds_partitioned_parquet_snap.date_dim_0.d_date_sk
|  |  fk/pk conjuncts: tpcds_partitioned_parquet_snap.web_returns_0.wr_returned_date_sk = tpcds_partitioned_parquet_snap.date_dim_0.d_date_sk
|  |  mem-estimate=0B mem-reservation=0B spill-buffer=64.00KB thread-reservation=0
|  |  tuple-ids=11,13 row-size=337B cardinality=38.11M cost=16681670
|  |  in pipelines: 10(GETNEXT), 11(OPEN)
|  |
|  |--F17:PLAN FRAGMENT [RANDOM] hosts=10 instances=10
|  |  |  Per-Instance Resources: mem-estimate=20.55MB mem-reservation=20.38MB thread-reservation=1 runtime-filters-memory=1.00MB
|  |  |  max-parallelism=10 segment-costs=[863]
|  |  JOIN BUILD
|  |  |  join-table-id=02 plan-id=03 cohort-id=02
|  |  |  build expressions: tpcds_partitioned_parquet_snap.date_dim_0.d_date_sk
|  |  |  runtime filters: RF012[bloom] <- tpcds_partitioned_parquet_snap.date_dim_0.d_date_sk
|  |  |  mem-estimate=19.38MB mem-reservation=19.38MB spill-buffer=64.00KB thread-reservation=0 cost=373
|  |  |
|  |  27:EXCHANGE [BROADCAST]
|  |  |  mem-estimate=174.22KB mem-reservation=0B thread-reservation=0
|  |  |  tuple-ids=13 row-size=237B cardinality=373 cost=490
|  |  |  in pipelines: 11(GETNEXT)
|  |  |
|  |  F09:PLAN FRAGMENT [RANDOM] hosts=1 instances=1
|  |  Per-Instance Resources: mem-estimate=16.94MB mem-reservation=4.00MB thread-reservation=1
|  |  max-parallelism=1 segment-costs=[112899]
|  |  11:SCAN HDFS [tpcds_partitioned_parquet_snap.date_dim, RANDOM]
|  |     HDFS partitions=1/1 files=1 size=2.17MB
|  |     predicates: tpcds_partitioned_parquet_snap.date_dim_0.d_year = CAST(2000 AS INT)
|  |     stored statistics:
|  |       table: rows=73.05K size=2.17MB
|  |       columns: all
|  |     extrapolated-rows=disabled max-scan-range-rows=73.05K
|  |     parquet statistics predicates: tpcds_partitioned_parquet_snap.date_dim_0.d_year = CAST(2000 AS INT)
|  |     parquet dictionary predicates: tpcds_partitioned_parquet_snap.date_dim_0.d_year = CAST(2000 AS INT)
|  |     mem-estimate=16.00MB mem-reservation=4.00MB thread-reservation=0
|  |     tuple-ids=13 row-size=237B cardinality=373 cost=112653
|  |     in pipelines: 11(GETNEXT)
|  |
|  10:SCAN HDFS [tpcds_partitioned_parquet_snap.web_returns, RANDOM]
|     HDFS partitions=2114/2114 files=2114 size=16.74GB
|     runtime filters: RF011[min_max] -> tpcds_partitioned_parquet_snap.web_returns_0.wr_returning_addr_sk, RF012[bloom] -> tpcds_partitioned_parquet_snap.web_returns_0.wr_returned_date_sk, RF010[bloom] -> tpcds_partitioned_parquet_snap.web_returns_0.wr_returning_addr_sk
|     stored statistics:
|       table: rows=216.00M size=16.74GB
|       partitions: 2114/2114 rows=216.00M
|       columns: all
|     extrapolated-rows=disabled max-scan-range-rows=9.41M est-scan-range=373(filtered from 2114)
|     mem-estimate=16.00MB mem-reservation=256.00KB thread-reservation=0
|     tuple-ids=11 row-size=100B cardinality=38.11M(filtered from 216.00M) cost=54881439
|     in pipelines: 10(GETNEXT)
|
09:HASH JOIN [INNER JOIN, PARTITIONED]
|  hash-table-id=03
|  hash predicates: tpcds_partitioned_parquet_snap.web_returns.wr_returning_customer_sk = tpcds_partitioned_parquet_snap.customer.c_customer_sk
|  fk/pk conjuncts: tpcds_partitioned_parquet_snap.web_returns.wr_returning_customer_sk = tpcds_partitioned_parquet_snap.customer.c_customer_sk
|  mem-estimate=0B mem-reservation=0B spill-buffer=1.00MB thread-reservation=0
|  tuple-ids=6,7,9 row-size=470B cardinality=723.91K cost=9589794
|  in pipelines: 23(GETNEXT), 06(OPEN)
|
|--F18:PLAN FRAGMENT [HASH(tpcds_partitioned_parquet_snap.web_returns.wr_returning_customer_sk)] hosts=10 instances=30 (adjusted from 120)
|  |  Per-Instance Resources: mem-estimate=32.34MB mem-reservation=18.00MB thread-reservation=1 runtime-filters-memory=1.00MB
|  |  max-parallelism=30 segment-costs=[2023141] cpu-comparison-result=40 [max(40 (self) vs 20 (sum children))]
|  JOIN BUILD
|  |  join-table-id=03 plan-id=04 cohort-id=01
|  |  build expressions: tpcds_partitioned_parquet_snap.customer.c_customer_sk
|  |  runtime filters: RF002[bloom] <- tpcds_partitioned_parquet_snap.customer.c_customer_sk, RF003[min_max] <- tpcds_partitioned_parquet_snap.customer.c_customer_sk
|  |  mem-estimate=17.00MB mem-reservation=17.00MB spill-buffer=1.00MB thread-reservation=0 cost=641558
|  |
|  26:EXCHANGE [HASH(tpcds_partitioned_parquet_snap.customer.c_customer_sk)]
|  |  mem-estimate=14.34MB mem-reservation=0B thread-reservation=0
|  |  tuple-ids=7,9 row-size=436B cardinality=641.56K cost=1381583
|  |  in pipelines: 06(GETNEXT)
|  |
|  F05:PLAN FRAGMENT [RANDOM] hosts=10 instances=10
|  Per-Host Shared Resources: mem-estimate=1.00MB mem-reservation=1.00MB thread-reservation=0 runtime-filters-memory=1.00MB
|  Per-Instance Resources: mem-estimate=68.03MB mem-reservation=1.00MB thread-reservation=1
|  max-parallelism=10 segment-costs=[65779436]
|  08:HASH JOIN [INNER JOIN, BROADCAST]
|  |  hash-table-id=04
|  |  hash predicates: tpcds_partitioned_parquet_snap.customer.c_current_addr_sk = tpcds_partitioned_parquet_snap.customer_address_0.ca_address_sk
|  |  fk/pk conjuncts: tpcds_partitioned_parquet_snap.customer.c_current_addr_sk = tpcds_partitioned_parquet_snap.customer_address_0.ca_address_sk
|  |  mem-estimate=0B mem-reservation=0B spill-buffer=2.00MB thread-reservation=0
|  |  tuple-ids=7,9 row-size=436B cardinality=641.56K cost=280809
|  |  in pipelines: 06(GETNEXT), 07(OPEN)
|  |
|  |--F19:PLAN FRAGMENT [RANDOM] hosts=10 instances=10
|  |  |  Per-Instance Resources: mem-estimate=82.32MB mem-reservation=35.00MB thread-reservation=1 runtime-filters-memory=1.00MB
|  |  |  max-parallelism=10 segment-costs=[664482]
|  |  JOIN BUILD
|  |  |  join-table-id=04 plan-id=05 cohort-id=03
|  |  |  build expressions: tpcds_partitioned_parquet_snap.customer_address_0.ca_address_sk
|  |  |  runtime filters: RF008[bloom] <- tpcds_partitioned_parquet_snap.customer_address_0.ca_address_sk, RF009[min_max] <- tpcds_partitioned_parquet_snap.customer_address_0.ca_address_sk
|  |  |  mem-estimate=69.02MB mem-reservation=34.00MB spill-buffer=2.00MB thread-reservation=0 cost=285312
|  |  |
|  |  24:EXCHANGE [BROADCAST]
|  |  |  mem-estimate=12.30MB mem-reservation=0B thread-reservation=0
|  |  |  tuple-ids=9 row-size=232B cardinality=285.31K cost=379170
|  |  |  in pipelines: 07(GETNEXT)
|  |  |
|  |  F06:PLAN FRAGMENT [RANDOM] hosts=10 instances=10
|  |  Per-Instance Resources: mem-estimate=16.92MB mem-reservation=128.00KB thread-reservation=1
|  |  max-parallelism=10 segment-costs=[22121285]
|  |  07:SCAN HDFS [tpcds_partitioned_parquet_snap.customer_address, RANDOM]
|  |     HDFS partitions=1/1 files=1 size=307.36MB
|  |     predicates: tpcds_partitioned_parquet_snap.customer_address_0.ca_state = 'GA'
|  |     stored statistics:
|  |       table: rows=15.00M size=307.36MB
|  |       columns: all
|  |     extrapolated-rows=disabled max-scan-range-rows=1.58M
|  |     parquet statistics predicates: tpcds_partitioned_parquet_snap.customer_address_0.ca_state = 'GA'
|  |     parquet dictionary predicates: tpcds_partitioned_parquet_snap.customer_address_0.ca_state = 'GA'
|  |     mem-estimate=16.00MB mem-reservation=128.00KB thread-reservation=0
|  |     tuple-ids=9 row-size=232B cardinality=285.31K cost=21936706
|  |     in pipelines: 07(GETNEXT)
|  |
|  06:SCAN HDFS [tpcds_partitioned_parquet_snap.customer, RANDOM]
|     HDFS partitions=1/1 files=1 size=1.55GB
|     runtime filters: RF009[min_max] -> tpcds_partitioned_parquet_snap.customer.c_current_addr_sk, RF008[bloom] -> tpcds_partitioned_parquet_snap.customer.c_current_addr_sk
|     stored statistics:
|       table: rows=30.00M size=1.55GB
|       columns: all
|     extrapolated-rows=disabled max-scan-range-rows=3.10M
|     mem-estimate=16.00MB mem-reservation=1.00MB thread-reservation=0
|     tuple-ids=7 row-size=204B cardinality=641.56K(filtered from 30.00M) cost=46823813
|     in pipelines: 06(GETNEXT)
|
25:EXCHANGE [HASH(tpcds_partitioned_parquet_snap.web_returns.wr_returning_customer_sk)]
|  mem-estimate=11.11MB mem-reservation=0B thread-reservation=0
|  tuple-ids=6 row-size=34B cardinality=36.88M cost=9864255
|  in pipelines: 23(GETNEXT)
|
F04:PLAN FRAGMENT [HASH(tpcds_partitioned_parquet_snap.web_returns.wr_returning_customer_sk,tpcds_partitioned_parquet_snap.customer_address.ca_state)] hosts=10 instances=30 (adjusted from 120)
Per-Instance Resources: mem-estimate=65.04MB mem-reservation=34.00MB thread-reservation=1
max-parallelism=30 segment-costs=[227526879, 99741447] cpu-comparison-result=130 [max(30 (self) vs 130 (sum children))]
23:AGGREGATE [FINALIZE]
|  output: sum:merge(tpcds_partitioned_parquet_snap.web_returns.wr_return_amt)
|  group by: tpcds_partitioned_parquet_snap.web_returns.wr_returning_customer_sk, tpcds_partitioned_parquet_snap.customer_address.ca_state
|  mem-estimate=53.92MB mem-reservation=34.00MB spill-buffer=2.00MB thread-reservation=0
|  tuple-ids=6 row-size=34B cardinality=36.88M cost=217662624
|  in pipelines: 23(GETNEXT), 00(OPEN)
|
22:EXCHANGE [HASH(tpcds_partitioned_parquet_snap.web_returns.wr_returning_customer_sk,tpcds_partitioned_parquet_snap.customer_address.ca_state)]
|  mem-estimate=11.11MB mem-reservation=0B thread-reservation=0
|  tuple-ids=6 row-size=34B cardinality=36.88M cost=9864255
|  in pipelines: 00(GETNEXT)
|
F03:PLAN FRAGMENT [HASH(tpcds_partitioned_parquet_snap.web_returns.wr_returning_addr_sk)] hosts=10 instances=30 (adjusted from 120)
Per-Instance Resources: mem-estimate=88.60MB mem-reservation=34.00MB thread-reservation=1
max-parallelism=30 segment-costs=[298863480, 99741447] cpu-comparison-result=130 [max(130 (self) vs 51 (sum children))]
05:AGGREGATE [STREAMING]
|  output: sum(tpcds_partitioned_parquet_snap.web_returns.wr_return_amt)
|  group by: tpcds_partitioned_parquet_snap.web_returns.wr_returning_customer_sk, tpcds_partitioned_parquet_snap.customer_address.ca_state
|  mem-estimate=40.44MB mem-reservation=34.00MB spill-buffer=2.00MB thread-reservation=0
|  tuple-ids=6 row-size=34B cardinality=36.88M cost=217662624
|  in pipelines: 00(GETNEXT)
|
04:HASH JOIN [INNER JOIN, PARTITIONED]
|  hash-table-id=05
|  hash predicates: tpcds_partitioned_parquet_snap.web_returns.wr_returning_addr_sk = tpcds_partitioned_parquet_snap.customer_address.ca_address_sk
|  fk/pk conjuncts: tpcds_partitioned_parquet_snap.web_returns.wr_returning_addr_sk = tpcds_partitioned_parquet_snap.customer_address.ca_address_sk
|  mem-estimate=0B mem-reservation=0B spill-buffer=2.00MB thread-reservation=0
|  tuple-ids=0,2,4 row-size=569B cardinality=36.88M cost=16457636
|  in pipelines: 00(GETNEXT), 03(OPEN)
|
|--F20:PLAN FRAGMENT [HASH(tpcds_partitioned_parquet_snap.web_returns.wr_returning_addr_sk)] hosts=10 instances=30 (adjusted from 120)
|  |  Per-Instance Resources: mem-estimate=151.54MB mem-reservation=50.00MB thread-reservation=1 runtime-filters-memory=16.00MB
|  |  max-parallelism=30 segment-costs=[32647413]
|  JOIN BUILD
|  |  join-table-id=05 plan-id=06 cohort-id=01
|  |  build expressions: tpcds_partitioned_parquet_snap.customer_address.ca_address_sk
|  |  runtime filters: RF004[bloom] <- tpcds_partitioned_parquet_snap.customer_address.ca_address_sk, RF005[min_max] <- tpcds_partitioned_parquet_snap.customer_address.ca_address_sk
|  |  mem-estimate=123.24MB mem-reservation=34.00MB spill-buffer=2.00MB thread-reservation=0 cost=15000000
|  |
|  21:EXCHANGE [HASH(tpcds_partitioned_parquet_snap.customer_address.ca_address_sk)]
|  |  mem-estimate=12.30MB mem-reservation=0B thread-reservation=0
|  |  tuple-ids=4 row-size=232B cardinality=15.00M cost=17647413
|  |  in pipelines: 03(GETNEXT)
|  |
|  F02:PLAN FRAGMENT [RANDOM] hosts=10 instances=10
|  Per-Host Shared Resources: mem-estimate=1.00MB mem-reservation=1.00MB thread-reservation=0 runtime-filters-memory=1.00MB
|  Per-Instance Resources: mem-estimate=43.61MB mem-reservation=128.00KB thread-reservation=1
|  max-parallelism=10 segment-costs=[252975990]
|  03:SCAN HDFS [tpcds_partitioned_parquet_snap.customer_address, RANDOM]
|     HDFS partitions=1/1 files=1 size=307.36MB
|     runtime filters: RF001[min_max] -> tpcds_partitioned_parquet_snap.customer_address.ca_state, RF000[bloom] -> tpcds_partitioned_parquet_snap.customer_address.ca_state
|     stored statistics:
|       table: rows=15.00M size=307.36MB
|       columns: all
|     extrapolated-rows=disabled max-scan-range-rows=1.58M
|     mem-estimate=16.00MB mem-reservation=128.00KB thread-reservation=0
|     tuple-ids=4 row-size=232B cardinality=15.00M cost=21515206
|     in pipelines: 03(GETNEXT)
|
20:EXCHANGE [HASH(tpcds_partitioned_parquet_snap.web_returns.wr_returning_addr_sk)]
|  mem-estimate=43.71MB mem-reservation=0B thread-reservation=0
|  tuple-ids=0,2 row-size=337B cardinality=38.11M cost=64743220
|  in pipelines: 00(GETNEXT)
|
F00:PLAN FRAGMENT [RANDOM] hosts=10 instances=100 (adjusted from 120)
Per-Host Shared Resources: mem-estimate=18.00MB mem-reservation=18.00MB thread-reservation=0 runtime-filters-memory=18.00MB
Per-Instance Resources: mem-estimate=56.45MB mem-reservation=256.00KB thread-reservation=1
max-parallelism=100 segment-costs=[938323971]
02:HASH JOIN [INNER JOIN, BROADCAST]
|  hash-table-id=06
|  hash predicates: tpcds_partitioned_parquet_snap.web_returns.wr_returned_date_sk = tpcds_partitioned_parquet_snap.date_dim.d_date_sk
|  fk/pk conjuncts: tpcds_partitioned_parquet_snap.web_returns.wr_returned_date_sk = tpcds_partitioned_parquet_snap.date_dim.d_date_sk
|  mem-estimate=0B mem-reservation=0B spill-buffer=64.00KB thread-reservation=0
|  tuple-ids=0,2 row-size=337B cardinality=38.11M cost=16681670
|  in pipelines: 00(GETNEXT), 01(OPEN)
|
|--F21:PLAN FRAGMENT [RANDOM] hosts=10 instances=10
|  |  Per-Instance Resources: mem-estimate=20.55MB mem-reservation=20.38MB thread-reservation=1 runtime-filters-memory=1.00MB
|  |  max-parallelism=10 segment-costs=[863]
|  JOIN BUILD
|  |  join-table-id=06 plan-id=07 cohort-id=01
|  |  build expressions: tpcds_partitioned_parquet_snap.date_dim.d_date_sk
|  |  runtime filters: RF006[bloom] <- tpcds_partitioned_parquet_snap.date_dim.d_date_sk
|  |  mem-estimate=19.38MB mem-reservation=19.38MB spill-buffer=64.00KB thread-reservation=0 cost=373
|  |
|  19:EXCHANGE [BROADCAST]
|  |  mem-estimate=174.22KB mem-reservation=0B thread-reservation=0
|  |  tuple-ids=2 row-size=237B cardinality=373 cost=490
|  |  in pipelines: 01(GETNEXT)
|  |
|  F01:PLAN FRAGMENT [RANDOM] hosts=1 instances=1
|  Per-Instance Resources: mem-estimate=16.94MB mem-reservation=4.00MB thread-reservation=1
|  max-parallelism=1 segment-costs=[112899]
|  01:SCAN HDFS [tpcds_partitioned_parquet_snap.date_dim, RANDOM]
|     HDFS partitions=1/1 files=1 size=2.17MB
|     predicates: tpcds_partitioned_parquet_snap.date_dim.d_year = CAST(2000 AS INT)
|     stored statistics:
|       table: rows=73.05K size=2.17MB
|       columns: all
|     extrapolated-rows=disabled max-scan-range-rows=73.05K
|     parquet statistics predicates: tpcds_partitioned_parquet_snap.date_dim.d_year = CAST(2000 AS INT)
|     parquet dictionary predicates: tpcds_partitioned_parquet_snap.date_dim.d_year = CAST(2000 AS INT)
|     mem-estimate=16.00MB mem-reservation=4.00MB thread-reservation=0
|     tuple-ids=2 row-size=237B cardinality=373 cost=112653
|     in pipelines: 01(GETNEXT)
|
00:SCAN HDFS [tpcds_partitioned_parquet_snap.web_returns, RANDOM]
   HDFS partitions=2114/2114 files=2114 size=16.74GB
   runtime filters: RF003[min_max] -> tpcds_partitioned_parquet_snap.web_returns.wr_returning_customer_sk, RF005[min_max] -> tpcds_partitioned_parquet_snap.web_returns.wr_returning_addr_sk, RF002[bloom] -> tpcds_partitioned_parquet_snap.web_returns.wr_returning_customer_sk, RF006[bloom] -> tpcds_partitioned_parquet_snap.web_returns.wr_returned_date_sk, RF004[bloom] -> tpcds_partitioned_parquet_snap.web_returns.wr_returning_addr_sk
   stored statistics:
     table: rows=216.00M size=16.74GB
     partitions: 2114/2114 rows=216.00M
     columns: all
   extrapolated-rows=disabled max-scan-range-rows=9.41M est-scan-range=373(filtered from 2114)
   mem-estimate=16.00MB mem-reservation=256.00KB thread-reservation=0
   tuple-ids=0 row-size=100B cardinality=38.11M(filtered from 216.00M) cost=54881439
   in pipelines: 00(GETNEXT)
====
