# TPCDS-Q11
# start query 11 in stream 0 using template query11.tpl using seed 356815656
with year_total as (
 select c_customer_id customer_id
       ,c_first_name customer_first_name
       ,c_last_name customer_last_name
       ,c_preferred_cust_flag customer_preferred_cust_flag
       ,c_birth_country customer_birth_country
       ,c_login customer_login
       ,c_email_address customer_email_address
       ,d_year dyear
       ,sum(ss_ext_list_price-ss_ext_discount_amt) year_total
       ,'s' sale_type
 from customer
     ,store_sales
     ,date_dim
 where c_customer_sk = ss_customer_sk
   and ss_sold_date_sk = d_date_sk
 group by c_customer_id
         ,c_first_name
         ,c_last_name
         ,c_preferred_cust_flag
         ,c_birth_country
         ,c_login
         ,c_email_address
         ,d_year
 union all
 select c_customer_id customer_id
       ,c_first_name customer_first_name
       ,c_last_name customer_last_name
       ,c_preferred_cust_flag customer_preferred_cust_flag
       ,c_birth_country customer_birth_country
       ,c_login customer_login
       ,c_email_address customer_email_address
       ,d_year dyear
       ,sum(ws_ext_list_price-ws_ext_discount_amt) year_total
       ,'w' sale_type
 from customer
     ,web_sales
     ,date_dim
 where c_customer_sk = ws_bill_customer_sk
   and ws_sold_date_sk = d_date_sk
 group by c_customer_id
         ,c_first_name
         ,c_last_name
         ,c_preferred_cust_flag
         ,c_birth_country
         ,c_login
         ,c_email_address
         ,d_year
         )
  select
                  t_s_secyear.customer_id
                 ,t_s_secyear.customer_first_name
                 ,t_s_secyear.customer_last_name
                 ,t_s_secyear.customer_login
 from year_total t_s_firstyear
     ,year_total t_s_secyear
     ,year_total t_w_firstyear
     ,year_total t_w_secyear
 where t_s_secyear.customer_id = t_s_firstyear.customer_id
         and t_s_firstyear.customer_id = t_w_secyear.customer_id
         and t_s_firstyear.customer_id = t_w_firstyear.customer_id
         and t_s_firstyear.sale_type = 's'
         and t_w_firstyear.sale_type = 'w'
         and t_s_secyear.sale_type = 's'
         and t_w_secyear.sale_type = 'w'
         and t_s_firstyear.dyear = 1998
         and t_s_secyear.dyear = 1998+1
         and t_w_firstyear.dyear = 1998
         and t_w_secyear.dyear = 1998+1
         and t_s_firstyear.year_total > 0
         and t_w_firstyear.year_total > 0
         and case when t_w_firstyear.year_total > 0 then t_w_secyear.year_total / t_w_firstyear.year_total else 0.0 end
             > case when t_s_firstyear.year_total > 0 then t_s_secyear.year_total / t_s_firstyear.year_total else 0.0 end
 order by t_s_secyear.customer_id
         ,t_s_secyear.customer_first_name
         ,t_s_secyear.customer_last_name
         ,t_s_secyear.customer_login
limit 100

# end query 11 in stream 0 using template query11.tpl
---- PLAN
Max Per-Host Resource Reservation: Memory=672.00MB Threads=1
Per-Host Resource Estimates: Memory=238.06GB
F00:PLAN FRAGMENT [UNPARTITIONED] hosts=1 instances=1
|  Per-Instance Resources: mem-estimate=238.06GB mem-reservation=672.00MB thread-reservation=1 runtime-filters-memory=130.00MB
|  max-parallelism=1 segment-costs=[56618142768, 17935343437, 56618142768, 17935343437, 56618142768, 17935343437, 56618142768, 17935343437, 107560071577, 400]
PLAN-ROOT SINK
|  output exprs: CUSTOMER_ID, CUSTOMER_FIRST_NAME, CUSTOMER_LAST_NAME, CUSTOMER_LOGIN
|  mem-estimate=4.00MB mem-reservation=4.00MB spill-buffer=2.00MB thread-reservation=0 cost=400
|
59:TOP-N [LIMIT=100]
|  order by: CUSTOMER_ID ASC NULLS LAST, CUSTOMER_FIRST_NAME ASC NULLS LAST, CUSTOMER_LAST_NAME ASC NULLS LAST, CUSTOMER_LOGIN ASC NULLS LAST
|  mem-estimate=4.69KB mem-reservation=0B thread-reservation=0
|  tuple-ids=60 row-size=48B cardinality=100 cost=13108421280
|  in pipelines: 59(GETNEXT), 06(OPEN), 12(OPEN)
|
58:HASH JOIN [INNER JOIN]
|  hash predicates: CUSTOMER_ID = CUSTOMER_ID
|  fk/pk conjuncts: assumed fk/pk
|  other join predicates: CASE WHEN YEAR_TOTAL > CAST(0 AS DECIMAL(3,0)) THEN divide(YEAR_TOTAL, YEAR_TOTAL) ELSE CAST(0 AS DECIMAL(38,6)) END > CASE WHEN YEAR_TOTAL > CAST(0 AS DECIMAL(3,0)) THEN divide(YEAR_TOTAL, YEAR_TOTAL) ELSE CAST(0 AS DECIMAL(38,6)) END
|  mem-estimate=50.00GB mem-reservation=34.00MB spill-buffer=2.00MB thread-reservation=0
|  tuple-ids=14,29,44,59 row-size=464B cardinality=786.77M cost=1131139119
|  in pipelines: 06(GETNEXT), 12(GETNEXT), 50(OPEN), 56(OPEN)
|
|--57:SELECT
|  |  predicates: DYEAR = add(CAST(1998 AS INT), CAST(1 AS INT)), SALE_TYPE = 's'
|  |  mem-estimate=0B mem-reservation=0B thread-reservation=0
|  |  tuple-ids=59 row-size=116B cardinality=786.77M cost=15735398400
|  |  in pipelines: 50(GETNEXT), 56(GETNEXT)
|  |
|  44:UNION
|  |  mem-estimate=0B mem-reservation=0B thread-reservation=0
|  |  tuple-ids=59 row-size=116B cardinality=7.87G cost=3095310235
|  |  in pipelines: 50(GETNEXT), 56(GETNEXT)
|  |
|  |--56:AGGREGATE [FINALIZE]
|  |  |  output: sum(subtract(tpcds_partitioned_parquet_snap.web_sales_2.ws_ext_list_price, tpcds_partitioned_parquet_snap.web_sales_2.ws_ext_discount_amt))
|  |  |  group by: tpcds_partitioned_parquet_snap.customer_6.c_customer_id, tpcds_partitioned_parquet_snap.customer_6.c_first_name, tpcds_partitioned_parquet_snap.customer_6.c_last_name, tpcds_partitioned_parquet_snap.customer_6.c_preferred_cust_flag, tpcds_partitioned_parquet_snap.customer_6.c_birth_country, tpcds_partitioned_parquet_snap.customer_6.c_login, tpcds_partitioned_parquet_snap.customer_6.c_email_address, tpcds_partitioned_parquet_snap.date_dim_6.d_year
|  |  |  mem-estimate=7.64GB mem-reservation=34.00MB spill-buffer=2.00MB thread-reservation=0
|  |  |  tuple-ids=58 row-size=169B cardinality=1.99G cost=11732593545
|  |  |  in pipelines: 56(GETNEXT), 51(OPEN)
|  |  |
|  |  55:HASH JOIN [INNER JOIN]
|  |  |  hash predicates: tpcds_partitioned_parquet_snap.web_sales_2.ws_bill_customer_sk = tpcds_partitioned_parquet_snap.customer_6.c_customer_sk
|  |  |  fk/pk conjuncts: tpcds_partitioned_parquet_snap.web_sales_2.ws_bill_customer_sk = tpcds_partitioned_parquet_snap.customer_6.c_customer_sk
|  |  |  runtime filters: RF028[bloom] <- tpcds_partitioned_parquet_snap.customer_6.c_customer_sk, RF029[min_max] <- tpcds_partitioned_parquet_snap.customer_6.c_customer_sk
|  |  |  mem-estimate=6.46GB mem-reservation=34.00MB spill-buffer=2.00MB thread-reservation=0
|  |  |  tuple-ids=52,54,56 row-size=582B cardinality=1.99G cost=900015958
|  |  |  in pipelines: 51(GETNEXT), 54(OPEN)
|  |  |
|  |  |--54:SCAN HDFS [tpcds_partitioned_parquet_snap.customer]
|  |  |     HDFS partitions=1/1 files=1 size=1.55GB
|  |  |     stored statistics:
|  |  |       table: rows=30.00M size=1.55GB
|  |  |       columns: all
|  |  |     extrapolated-rows=disabled max-scan-range-rows=3.10M
|  |  |     mem-estimate=16.00MB mem-reservation=1.00MB thread-reservation=0
|  |  |     tuple-ids=56 row-size=204B cardinality=30.00M cost=46823813
|  |  |     in pipelines: 54(GETNEXT)
|  |  |
|  |  53:HASH JOIN [INNER JOIN]
|  |  |  hash predicates: tpcds_partitioned_parquet_snap.web_sales_2.ws_sold_date_sk = tpcds_partitioned_parquet_snap.date_dim_6.d_date_sk
|  |  |  fk/pk conjuncts: tpcds_partitioned_parquet_snap.web_sales_2.ws_sold_date_sk = tpcds_partitioned_parquet_snap.date_dim_6.d_date_sk
|  |  |  mem-estimate=34.00MB mem-reservation=34.00MB spill-buffer=2.00MB thread-reservation=0
|  |  |  tuple-ids=52,54 row-size=377B cardinality=1.99G(filtered from 2.16G) cost=901304100
|  |  |  in pipelines: 51(GETNEXT), 52(OPEN)
|  |  |
|  |  |--52:SCAN HDFS [tpcds_partitioned_parquet_snap.date_dim]
|  |  |     HDFS partitions=1/1 files=1 size=2.17MB
|  |  |     stored statistics:
|  |  |       table: rows=73.05K size=2.17MB
|  |  |       columns: all
|  |  |     extrapolated-rows=disabled max-scan-range-rows=73.05K
|  |  |     mem-estimate=16.00MB mem-reservation=4.00MB thread-reservation=0
|  |  |     tuple-ids=54 row-size=237B cardinality=73.05K cost=110600
|  |  |     in pipelines: 52(GETNEXT)
|  |  |
|  |  51:SCAN HDFS [tpcds_partitioned_parquet_snap.web_sales]
|  |     HDFS partitions=1824/1824 files=1824 size=145.75GB
|  |     runtime filters: RF029[min_max] -> tpcds_partitioned_parquet_snap.web_sales_2.ws_bill_customer_sk, RF028[bloom] -> tpcds_partitioned_parquet_snap.web_sales_2.ws_bill_customer_sk
|  |     stored statistics:
|  |       table: rows=2.16G size=145.75GB
|  |       partitions: 1824/1824 rows=2.16G
|  |       columns: all
|  |     extrapolated-rows=disabled max-scan-range-rows=3.37M
|  |     mem-estimate=16.00MB mem-reservation=264.00KB thread-reservation=0
|  |     tuple-ids=52 row-size=140B cardinality=1.99G(filtered from 2.16G) cost=4354495421
|  |     in pipelines: 51(GETNEXT)
|  |
|  50:AGGREGATE [FINALIZE]
|  |  output: sum(subtract(tpcds_partitioned_parquet_snap.store_sales_2.ss_ext_list_price, tpcds_partitioned_parquet_snap.store_sales_2.ss_ext_discount_amt))
|  |  group by: tpcds_partitioned_parquet_snap.customer_5.c_customer_id, tpcds_partitioned_parquet_snap.customer_5.c_first_name, tpcds_partitioned_parquet_snap.customer_5.c_last_name, tpcds_partitioned_parquet_snap.customer_5.c_preferred_cust_flag, tpcds_partitioned_parquet_snap.customer_5.c_birth_country, tpcds_partitioned_parquet_snap.customer_5.c_login, tpcds_partitioned_parquet_snap.customer_5.c_email_address, tpcds_partitioned_parquet_snap.date_dim_5.d_year
|  |  mem-estimate=15.48GB mem-reservation=34.00MB spill-buffer=2.00MB thread-reservation=0
|  |  tuple-ids=51 row-size=169B cardinality=5.88G cost=37525876254
|  |  in pipelines: 50(GETNEXT), 45(OPEN)
|  |
|  49:HASH JOIN [INNER JOIN]
|  |  hash predicates: tpcds_partitioned_parquet_snap.store_sales_2.ss_customer_sk = tpcds_partitioned_parquet_snap.customer_5.c_customer_sk
|  |  fk/pk conjuncts: tpcds_partitioned_parquet_snap.store_sales_2.ss_customer_sk = tpcds_partitioned_parquet_snap.customer_5.c_customer_sk
|  |  runtime filters: RF024[bloom] <- tpcds_partitioned_parquet_snap.customer_5.c_customer_sk, RF025[min_max] <- tpcds_partitioned_parquet_snap.customer_5.c_customer_sk
|  |  mem-estimate=6.46GB mem-reservation=34.00MB spill-buffer=2.00MB thread-reservation=0
|  |  tuple-ids=45,47,49 row-size=538B cardinality=7.93G cost=3501497176
|  |  in pipelines: 45(GETNEXT), 48(OPEN)
|  |
|  |--48:SCAN HDFS [tpcds_partitioned_parquet_snap.customer]
|  |     HDFS partitions=1/1 files=1 size=1.55GB
|  |     stored statistics:
|  |       table: rows=30.00M size=1.55GB
|  |       columns: all
|  |     extrapolated-rows=disabled max-scan-range-rows=3.10M
|  |     mem-estimate=16.00MB mem-reservation=1.00MB thread-reservation=0
|  |     tuple-ids=49 row-size=204B cardinality=30.00M cost=46823813
|  |     in pipelines: 48(GETNEXT)
|  |
|  47:HASH JOIN [INNER JOIN]
|  |  hash predicates: tpcds_partitioned_parquet_snap.store_sales_2.ss_sold_date_sk = tpcds_partitioned_parquet_snap.date_dim_5.d_date_sk
|  |  fk/pk conjuncts: tpcds_partitioned_parquet_snap.store_sales_2.ss_sold_date_sk = tpcds_partitioned_parquet_snap.date_dim_5.d_date_sk
|  |  mem-estimate=34.00MB mem-reservation=34.00MB spill-buffer=2.00MB thread-reservation=0
|  |  tuple-ids=45,47 row-size=333B cardinality=7.93G(filtered from 8.64G) cost=3599988515
|  |  in pipelines: 45(GETNEXT), 46(OPEN)
|  |
|  |--46:SCAN HDFS [tpcds_partitioned_parquet_snap.date_dim]
|  |     HDFS partitions=1/1 files=1 size=2.17MB
|  |     stored statistics:
|  |       table: rows=73.05K size=2.17MB
|  |       columns: all
|  |     extrapolated-rows=disabled max-scan-range-rows=73.05K
|  |     mem-estimate=16.00MB mem-reservation=4.00MB thread-reservation=0
|  |     tuple-ids=47 row-size=237B cardinality=73.05K cost=110600
|  |     in pipelines: 46(GETNEXT)
|  |
|  45:SCAN HDFS [tpcds_partitioned_parquet_snap.store_sales]
|     HDFS partitions=1824/1824 files=1824 size=389.90GB
|     runtime filters: RF025[min_max] -> tpcds_partitioned_parquet_snap.store_sales_2.ss_customer_sk, RF024[bloom] -> tpcds_partitioned_parquet_snap.store_sales_2.ss_customer_sk
|     stored statistics:
|       table: rows=8.64G size=389.90GB
|       partitions: 1824/1824 rows=8.64G
|       columns: all
|     extrapolated-rows=disabled max-scan-range-rows=390.22M
|     mem-estimate=16.00MB mem-reservation=8.00MB thread-reservation=0
|     tuple-ids=45 row-size=96B cardinality=7.93G(filtered from 8.64G) cost=11943846410
|     in pipelines: 45(GETNEXT)
|
43:HASH JOIN [INNER JOIN]
|  hash predicates: CUSTOMER_ID = CUSTOMER_ID
|  fk/pk conjuncts: assumed fk/pk
|  mem-estimate=50.00GB mem-reservation=34.00MB spill-buffer=2.00MB thread-reservation=0
|  tuple-ids=14,29,44 row-size=348B cardinality=786.77M cost=1131139119
|  in pipelines: 06(GETNEXT), 12(GETNEXT), 35(OPEN), 41(OPEN)
|
|--42:SELECT
|  |  predicates: DYEAR = CAST(1998 AS INT), SALE_TYPE = 'w', YEAR_TOTAL > CAST(0 AS DECIMAL(3,0))
|  |  mem-estimate=0B mem-reservation=0B thread-reservation=0
|  |  tuple-ids=44 row-size=116B cardinality=786.77M cost=23603097600
|  |  in pipelines: 35(GETNEXT), 41(GETNEXT)
|  |
|  29:UNION
|  |  mem-estimate=0B mem-reservation=0B thread-reservation=0
|  |  tuple-ids=44 row-size=116B cardinality=7.87G cost=3095310235
|  |  in pipelines: 35(GETNEXT), 41(GETNEXT)
|  |
|  |--41:AGGREGATE [FINALIZE]
|  |  |  output: sum(subtract(tpcds_partitioned_parquet_snap.web_sales_1.ws_ext_list_price, tpcds_partitioned_parquet_snap.web_sales_1.ws_ext_discount_amt))
|  |  |  group by: tpcds_partitioned_parquet_snap.customer_4.c_customer_id, tpcds_partitioned_parquet_snap.customer_4.c_first_name, tpcds_partitioned_parquet_snap.customer_4.c_last_name, tpcds_partitioned_parquet_snap.customer_4.c_preferred_cust_flag, tpcds_partitioned_parquet_snap.customer_4.c_birth_country, tpcds_partitioned_parquet_snap.customer_4.c_login, tpcds_partitioned_parquet_snap.customer_4.c_email_address, tpcds_partitioned_parquet_snap.date_dim_4.d_year
|  |  |  mem-estimate=7.64GB mem-reservation=34.00MB spill-buffer=2.00MB thread-reservation=0
|  |  |  tuple-ids=43 row-size=169B cardinality=1.99G cost=11732593545
|  |  |  in pipelines: 41(GETNEXT), 36(OPEN)
|  |  |
|  |  40:HASH JOIN [INNER JOIN]
|  |  |  hash predicates: tpcds_partitioned_parquet_snap.web_sales_1.ws_bill_customer_sk = tpcds_partitioned_parquet_snap.customer_4.c_customer_sk
|  |  |  fk/pk conjuncts: tpcds_partitioned_parquet_snap.web_sales_1.ws_bill_customer_sk = tpcds_partitioned_parquet_snap.customer_4.c_customer_sk
|  |  |  runtime filters: RF020[bloom] <- tpcds_partitioned_parquet_snap.customer_4.c_customer_sk, RF021[min_max] <- tpcds_partitioned_parquet_snap.customer_4.c_customer_sk
|  |  |  mem-estimate=6.46GB mem-reservation=34.00MB spill-buffer=2.00MB thread-reservation=0
|  |  |  tuple-ids=37,39,41 row-size=582B cardinality=1.99G cost=900015958
|  |  |  in pipelines: 36(GETNEXT), 39(OPEN)
|  |  |
|  |  |--39:SCAN HDFS [tpcds_partitioned_parquet_snap.customer]
|  |  |     HDFS partitions=1/1 files=1 size=1.55GB
|  |  |     stored statistics:
|  |  |       table: rows=30.00M size=1.55GB
|  |  |       columns: all
|  |  |     extrapolated-rows=disabled max-scan-range-rows=3.10M
|  |  |     mem-estimate=16.00MB mem-reservation=1.00MB thread-reservation=0
|  |  |     tuple-ids=41 row-size=204B cardinality=30.00M cost=46823813
|  |  |     in pipelines: 39(GETNEXT)
|  |  |
|  |  38:HASH JOIN [INNER JOIN]
|  |  |  hash predicates: tpcds_partitioned_parquet_snap.web_sales_1.ws_sold_date_sk = tpcds_partitioned_parquet_snap.date_dim_4.d_date_sk
|  |  |  fk/pk conjuncts: tpcds_partitioned_parquet_snap.web_sales_1.ws_sold_date_sk = tpcds_partitioned_parquet_snap.date_dim_4.d_date_sk
|  |  |  mem-estimate=34.00MB mem-reservation=34.00MB spill-buffer=2.00MB thread-reservation=0
|  |  |  tuple-ids=37,39 row-size=377B cardinality=1.99G(filtered from 2.16G) cost=901304100
|  |  |  in pipelines: 36(GETNEXT), 37(OPEN)
|  |  |
|  |  |--37:SCAN HDFS [tpcds_partitioned_parquet_snap.date_dim]
|  |  |     HDFS partitions=1/1 files=1 size=2.17MB
|  |  |     stored statistics:
|  |  |       table: rows=73.05K size=2.17MB
|  |  |       columns: all
|  |  |     extrapolated-rows=disabled max-scan-range-rows=73.05K
|  |  |     mem-estimate=16.00MB mem-reservation=4.00MB thread-reservation=0
|  |  |     tuple-ids=39 row-size=237B cardinality=73.05K cost=110600
|  |  |     in pipelines: 37(GETNEXT)
|  |  |
|  |  36:SCAN HDFS [tpcds_partitioned_parquet_snap.web_sales]
|  |     HDFS partitions=1824/1824 files=1824 size=145.75GB
|  |     runtime filters: RF021[min_max] -> tpcds_partitioned_parquet_snap.web_sales_1.ws_bill_customer_sk, RF020[bloom] -> tpcds_partitioned_parquet_snap.web_sales_1.ws_bill_customer_sk
|  |     stored statistics:
|  |       table: rows=2.16G size=145.75GB
|  |       partitions: 1824/1824 rows=2.16G
|  |       columns: all
|  |     extrapolated-rows=disabled max-scan-range-rows=3.37M
|  |     mem-estimate=16.00MB mem-reservation=264.00KB thread-reservation=0
|  |     tuple-ids=37 row-size=140B cardinality=1.99G(filtered from 2.16G) cost=4354495421
|  |     in pipelines: 36(GETNEXT)
|  |
|  35:AGGREGATE [FINALIZE]
|  |  output: sum(subtract(tpcds_partitioned_parquet_snap.store_sales_1.ss_ext_list_price, tpcds_partitioned_parquet_snap.store_sales_1.ss_ext_discount_amt))
|  |  group by: tpcds_partitioned_parquet_snap.customer_3.c_customer_id, tpcds_partitioned_parquet_snap.customer_3.c_first_name, tpcds_partitioned_parquet_snap.customer_3.c_last_name, tpcds_partitioned_parquet_snap.customer_3.c_preferred_cust_flag, tpcds_partitioned_parquet_snap.customer_3.c_birth_country, tpcds_partitioned_parquet_snap.customer_3.c_login, tpcds_partitioned_parquet_snap.customer_3.c_email_address, tpcds_partitioned_parquet_snap.date_dim_3.d_year
|  |  mem-estimate=15.48GB mem-reservation=34.00MB spill-buffer=2.00MB thread-reservation=0
|  |  tuple-ids=36 row-size=169B cardinality=5.88G cost=37525876254
|  |  in pipelines: 35(GETNEXT), 30(OPEN)
|  |
|  34:HASH JOIN [INNER JOIN]
|  |  hash predicates: tpcds_partitioned_parquet_snap.store_sales_1.ss_customer_sk = tpcds_partitioned_parquet_snap.customer_3.c_customer_sk
|  |  fk/pk conjuncts: tpcds_partitioned_parquet_snap.store_sales_1.ss_customer_sk = tpcds_partitioned_parquet_snap.customer_3.c_customer_sk
|  |  runtime filters: RF016[bloom] <- tpcds_partitioned_parquet_snap.customer_3.c_customer_sk, RF017[min_max] <- tpcds_partitioned_parquet_snap.customer_3.c_customer_sk
|  |  mem-estimate=6.46GB mem-reservation=34.00MB spill-buffer=2.00MB thread-reservation=0
|  |  tuple-ids=30,32,34 row-size=538B cardinality=7.93G cost=3501497176
|  |  in pipelines: 30(GETNEXT), 33(OPEN)
|  |
|  |--33:SCAN HDFS [tpcds_partitioned_parquet_snap.customer]
|  |     HDFS partitions=1/1 files=1 size=1.55GB
|  |     stored statistics:
|  |       table: rows=30.00M size=1.55GB
|  |       columns: all
|  |     extrapolated-rows=disabled max-scan-range-rows=3.10M
|  |     mem-estimate=16.00MB mem-reservation=1.00MB thread-reservation=0
|  |     tuple-ids=34 row-size=204B cardinality=30.00M cost=46823813
|  |     in pipelines: 33(GETNEXT)
|  |
|  32:HASH JOIN [INNER JOIN]
|  |  hash predicates: tpcds_partitioned_parquet_snap.store_sales_1.ss_sold_date_sk = tpcds_partitioned_parquet_snap.date_dim_3.d_date_sk
|  |  fk/pk conjuncts: tpcds_partitioned_parquet_snap.store_sales_1.ss_sold_date_sk = tpcds_partitioned_parquet_snap.date_dim_3.d_date_sk
|  |  mem-estimate=34.00MB mem-reservation=34.00MB spill-buffer=2.00MB thread-reservation=0
|  |  tuple-ids=30,32 row-size=333B cardinality=7.93G(filtered from 8.64G) cost=3599988515
|  |  in pipelines: 30(GETNEXT), 31(OPEN)
|  |
|  |--31:SCAN HDFS [tpcds_partitioned_parquet_snap.date_dim]
|  |     HDFS partitions=1/1 files=1 size=2.17MB
|  |     stored statistics:
|  |       table: rows=73.05K size=2.17MB
|  |       columns: all
|  |     extrapolated-rows=disabled max-scan-range-rows=73.05K
|  |     mem-estimate=16.00MB mem-reservation=4.00MB thread-reservation=0
|  |     tuple-ids=32 row-size=237B cardinality=73.05K cost=110600
|  |     in pipelines: 31(GETNEXT)
|  |
|  30:SCAN HDFS [tpcds_partitioned_parquet_snap.store_sales]
|     HDFS partitions=1824/1824 files=1824 size=389.90GB
|     runtime filters: RF017[min_max] -> tpcds_partitioned_parquet_snap.store_sales_1.ss_customer_sk, RF016[bloom] -> tpcds_partitioned_parquet_snap.store_sales_1.ss_customer_sk
|     stored statistics:
|       table: rows=8.64G size=389.90GB
|       partitions: 1824/1824 rows=8.64G
|       columns: all
|     extrapolated-rows=disabled max-scan-range-rows=390.22M
|     mem-estimate=16.00MB mem-reservation=8.00MB thread-reservation=0
|     tuple-ids=30 row-size=96B cardinality=7.93G(filtered from 8.64G) cost=11943846410
|     in pipelines: 30(GETNEXT)
|
28:HASH JOIN [INNER JOIN]
|  hash predicates: CUSTOMER_ID = CUSTOMER_ID
|  fk/pk conjuncts: assumed fk/pk
|  mem-estimate=50.00GB mem-reservation=34.00MB spill-buffer=2.00MB thread-reservation=0
|  tuple-ids=14,29 row-size=232B cardinality=786.77M cost=1131139119
|  in pipelines: 06(GETNEXT), 12(GETNEXT), 20(OPEN), 26(OPEN)
|
|--27:SELECT
|  |  predicates: DYEAR = CAST(1998 AS INT), SALE_TYPE = 's', YEAR_TOTAL > CAST(0 AS DECIMAL(3,0))
|  |  mem-estimate=0B mem-reservation=0B thread-reservation=0
|  |  tuple-ids=29 row-size=116B cardinality=786.77M cost=23603097600
|  |  in pipelines: 20(GETNEXT), 26(GETNEXT)
|  |
|  14:UNION
|  |  mem-estimate=0B mem-reservation=0B thread-reservation=0
|  |  tuple-ids=29 row-size=116B cardinality=7.87G cost=3095310235
|  |  in pipelines: 20(GETNEXT), 26(GETNEXT)
|  |
|  |--26:AGGREGATE [FINALIZE]
|  |  |  output: sum(subtract(tpcds_partitioned_parquet_snap.web_sales_0.ws_ext_list_price, tpcds_partitioned_parquet_snap.web_sales_0.ws_ext_discount_amt))
|  |  |  group by: tpcds_partitioned_parquet_snap.customer_2.c_customer_id, tpcds_partitioned_parquet_snap.customer_2.c_first_name, tpcds_partitioned_parquet_snap.customer_2.c_last_name, tpcds_partitioned_parquet_snap.customer_2.c_preferred_cust_flag, tpcds_partitioned_parquet_snap.customer_2.c_birth_country, tpcds_partitioned_parquet_snap.customer_2.c_login, tpcds_partitioned_parquet_snap.customer_2.c_email_address, tpcds_partitioned_parquet_snap.date_dim_2.d_year
|  |  |  mem-estimate=7.64GB mem-reservation=34.00MB spill-buffer=2.00MB thread-reservation=0
|  |  |  tuple-ids=28 row-size=169B cardinality=1.99G cost=11732593545
|  |  |  in pipelines: 26(GETNEXT), 21(OPEN)
|  |  |
|  |  25:HASH JOIN [INNER JOIN]
|  |  |  hash predicates: tpcds_partitioned_parquet_snap.web_sales_0.ws_bill_customer_sk = tpcds_partitioned_parquet_snap.customer_2.c_customer_sk
|  |  |  fk/pk conjuncts: tpcds_partitioned_parquet_snap.web_sales_0.ws_bill_customer_sk = tpcds_partitioned_parquet_snap.customer_2.c_customer_sk
|  |  |  runtime filters: RF012[bloom] <- tpcds_partitioned_parquet_snap.customer_2.c_customer_sk, RF013[min_max] <- tpcds_partitioned_parquet_snap.customer_2.c_customer_sk
|  |  |  mem-estimate=6.46GB mem-reservation=34.00MB spill-buffer=2.00MB thread-reservation=0
|  |  |  tuple-ids=22,24,26 row-size=582B cardinality=1.99G cost=900015958
|  |  |  in pipelines: 21(GETNEXT), 24(OPEN)
|  |  |
|  |  |--24:SCAN HDFS [tpcds_partitioned_parquet_snap.customer]
|  |  |     HDFS partitions=1/1 files=1 size=1.55GB
|  |  |     stored statistics:
|  |  |       table: rows=30.00M size=1.55GB
|  |  |       columns: all
|  |  |     extrapolated-rows=disabled max-scan-range-rows=3.10M
|  |  |     mem-estimate=16.00MB mem-reservation=1.00MB thread-reservation=0
|  |  |     tuple-ids=26 row-size=204B cardinality=30.00M cost=46823813
|  |  |     in pipelines: 24(GETNEXT)
|  |  |
|  |  23:HASH JOIN [INNER JOIN]
|  |  |  hash predicates: tpcds_partitioned_parquet_snap.web_sales_0.ws_sold_date_sk = tpcds_partitioned_parquet_snap.date_dim_2.d_date_sk
|  |  |  fk/pk conjuncts: tpcds_partitioned_parquet_snap.web_sales_0.ws_sold_date_sk = tpcds_partitioned_parquet_snap.date_dim_2.d_date_sk
|  |  |  mem-estimate=34.00MB mem-reservation=34.00MB spill-buffer=2.00MB thread-reservation=0
|  |  |  tuple-ids=22,24 row-size=377B cardinality=1.99G(filtered from 2.16G) cost=901304100
|  |  |  in pipelines: 21(GETNEXT), 22(OPEN)
|  |  |
|  |  |--22:SCAN HDFS [tpcds_partitioned_parquet_snap.date_dim]
|  |  |     HDFS partitions=1/1 files=1 size=2.17MB
|  |  |     stored statistics:
|  |  |       table: rows=73.05K size=2.17MB
|  |  |       columns: all
|  |  |     extrapolated-rows=disabled max-scan-range-rows=73.05K
|  |  |     mem-estimate=16.00MB mem-reservation=4.00MB thread-reservation=0
|  |  |     tuple-ids=24 row-size=237B cardinality=73.05K cost=110600
|  |  |     in pipelines: 22(GETNEXT)
|  |  |
|  |  21:SCAN HDFS [tpcds_partitioned_parquet_snap.web_sales]
|  |     HDFS partitions=1824/1824 files=1824 size=145.75GB
|  |     runtime filters: RF013[min_max] -> tpcds_partitioned_parquet_snap.web_sales_0.ws_bill_customer_sk, RF012[bloom] -> tpcds_partitioned_parquet_snap.web_sales_0.ws_bill_customer_sk
|  |     stored statistics:
|  |       table: rows=2.16G size=145.75GB
|  |       partitions: 1824/1824 rows=2.16G
|  |       columns: all
|  |     extrapolated-rows=disabled max-scan-range-rows=3.37M
|  |     mem-estimate=16.00MB mem-reservation=264.00KB thread-reservation=0
|  |     tuple-ids=22 row-size=140B cardinality=1.99G(filtered from 2.16G) cost=4354495421
|  |     in pipelines: 21(GETNEXT)
|  |
|  20:AGGREGATE [FINALIZE]
|  |  output: sum(subtract(tpcds_partitioned_parquet_snap.store_sales_0.ss_ext_list_price, tpcds_partitioned_parquet_snap.store_sales_0.ss_ext_discount_amt))
|  |  group by: tpcds_partitioned_parquet_snap.customer_1.c_customer_id, tpcds_partitioned_parquet_snap.customer_1.c_first_name, tpcds_partitioned_parquet_snap.customer_1.c_last_name, tpcds_partitioned_parquet_snap.customer_1.c_preferred_cust_flag, tpcds_partitioned_parquet_snap.customer_1.c_birth_country, tpcds_partitioned_parquet_snap.customer_1.c_login, tpcds_partitioned_parquet_snap.customer_1.c_email_address, tpcds_partitioned_parquet_snap.date_dim_1.d_year
|  |  mem-estimate=15.48GB mem-reservation=34.00MB spill-buffer=2.00MB thread-reservation=0
|  |  tuple-ids=21 row-size=169B cardinality=5.88G cost=37525876254
|  |  in pipelines: 20(GETNEXT), 15(OPEN)
|  |
|  19:HASH JOIN [INNER JOIN]
|  |  hash predicates: tpcds_partitioned_parquet_snap.store_sales_0.ss_customer_sk = tpcds_partitioned_parquet_snap.customer_1.c_customer_sk
|  |  fk/pk conjuncts: tpcds_partitioned_parquet_snap.store_sales_0.ss_customer_sk = tpcds_partitioned_parquet_snap.customer_1.c_customer_sk
|  |  runtime filters: RF008[bloom] <- tpcds_partitioned_parquet_snap.customer_1.c_customer_sk, RF009[min_max] <- tpcds_partitioned_parquet_snap.customer_1.c_customer_sk
|  |  mem-estimate=6.46GB mem-reservation=34.00MB spill-buffer=2.00MB thread-reservation=0
|  |  tuple-ids=15,17,19 row-size=538B cardinality=7.93G cost=3501497176
|  |  in pipelines: 15(GETNEXT), 18(OPEN)
|  |
|  |--18:SCAN HDFS [tpcds_partitioned_parquet_snap.customer]
|  |     HDFS partitions=1/1 files=1 size=1.55GB
|  |     stored statistics:
|  |       table: rows=30.00M size=1.55GB
|  |       columns: all
|  |     extrapolated-rows=disabled max-scan-range-rows=3.10M
|  |     mem-estimate=16.00MB mem-reservation=1.00MB thread-reservation=0
|  |     tuple-ids=19 row-size=204B cardinality=30.00M cost=46823813
|  |     in pipelines: 18(GETNEXT)
|  |
|  17:HASH JOIN [INNER JOIN]
|  |  hash predicates: tpcds_partitioned_parquet_snap.store_sales_0.ss_sold_date_sk = tpcds_partitioned_parquet_snap.date_dim_1.d_date_sk
|  |  fk/pk conjuncts: tpcds_partitioned_parquet_snap.store_sales_0.ss_sold_date_sk = tpcds_partitioned_parquet_snap.date_dim_1.d_date_sk
|  |  mem-estimate=34.00MB mem-reservation=34.00MB spill-buffer=2.00MB thread-reservation=0
|  |  tuple-ids=15,17 row-size=333B cardinality=7.93G(filtered from 8.64G) cost=3599988515
|  |  in pipelines: 15(GETNEXT), 16(OPEN)
|  |
|  |--16:SCAN HDFS [tpcds_partitioned_parquet_snap.date_dim]
|  |     HDFS partitions=1/1 files=1 size=2.17MB
|  |     stored statistics:
|  |       table: rows=73.05K size=2.17MB
|  |       columns: all
|  |     extrapolated-rows=disabled max-scan-range-rows=73.05K
|  |     mem-estimate=16.00MB mem-reservation=4.00MB thread-reservation=0
|  |     tuple-ids=17 row-size=237B cardinality=73.05K cost=110600
|  |     in pipelines: 16(GETNEXT)
|  |
|  15:SCAN HDFS [tpcds_partitioned_parquet_snap.store_sales]
|     HDFS partitions=1824/1824 files=1824 size=389.90GB
|     runtime filters: RF009[min_max] -> tpcds_partitioned_parquet_snap.store_sales_0.ss_customer_sk, RF008[bloom] -> tpcds_partitioned_parquet_snap.store_sales_0.ss_customer_sk
|     stored statistics:
|       table: rows=8.64G size=389.90GB
|       partitions: 1824/1824 rows=8.64G
|       columns: all
|     extrapolated-rows=disabled max-scan-range-rows=390.22M
|     mem-estimate=16.00MB mem-reservation=8.00MB thread-reservation=0
|     tuple-ids=15 row-size=96B cardinality=7.93G(filtered from 8.64G) cost=11943846410
|     in pipelines: 15(GETNEXT)
|
13:SELECT
|  predicates: DYEAR = add(CAST(1998 AS INT), CAST(1 AS INT)), SALE_TYPE = 'w'
|  mem-estimate=0B mem-reservation=0B thread-reservation=0
|  tuple-ids=14 row-size=116B cardinality=786.77M cost=15735398400
|  in pipelines: 06(GETNEXT), 12(GETNEXT)
|
00:UNION
|  mem-estimate=0B mem-reservation=0B thread-reservation=0
|  tuple-ids=14 row-size=116B cardinality=7.87G cost=3095310235
|  in pipelines: 06(GETNEXT), 12(GETNEXT)
|
|--12:AGGREGATE [FINALIZE]
|  |  output: sum(subtract(tpcds_partitioned_parquet_snap.web_sales.ws_ext_list_price, tpcds_partitioned_parquet_snap.web_sales.ws_ext_discount_amt))
|  |  group by: tpcds_partitioned_parquet_snap.customer_0.c_customer_id, tpcds_partitioned_parquet_snap.customer_0.c_first_name, tpcds_partitioned_parquet_snap.customer_0.c_last_name, tpcds_partitioned_parquet_snap.customer_0.c_preferred_cust_flag, tpcds_partitioned_parquet_snap.customer_0.c_birth_country, tpcds_partitioned_parquet_snap.customer_0.c_login, tpcds_partitioned_parquet_snap.customer_0.c_email_address, tpcds_partitioned_parquet_snap.date_dim_0.d_year
|  |  mem-estimate=7.64GB mem-reservation=34.00MB spill-buffer=2.00MB thread-reservation=0
|  |  tuple-ids=13 row-size=169B cardinality=1.99G cost=11732593545
|  |  in pipelines: 12(GETNEXT), 07(OPEN)
|  |
|  11:HASH JOIN [INNER JOIN]
|  |  hash predicates: tpcds_partitioned_parquet_snap.web_sales.ws_bill_customer_sk = tpcds_partitioned_parquet_snap.customer_0.c_customer_sk
|  |  fk/pk conjuncts: tpcds_partitioned_parquet_snap.web_sales.ws_bill_customer_sk = tpcds_partitioned_parquet_snap.customer_0.c_customer_sk
|  |  runtime filters: RF004[bloom] <- tpcds_partitioned_parquet_snap.customer_0.c_customer_sk, RF005[min_max] <- tpcds_partitioned_parquet_snap.customer_0.c_customer_sk
|  |  mem-estimate=6.46GB mem-reservation=34.00MB spill-buffer=2.00MB thread-reservation=0
|  |  tuple-ids=7,9,11 row-size=582B cardinality=1.99G cost=900015958
|  |  in pipelines: 07(GETNEXT), 10(OPEN)
|  |
|  |--10:SCAN HDFS [tpcds_partitioned_parquet_snap.customer]
|  |     HDFS partitions=1/1 files=1 size=1.55GB
|  |     stored statistics:
|  |       table: rows=30.00M size=1.55GB
|  |       columns: all
|  |     extrapolated-rows=disabled max-scan-range-rows=3.10M
|  |     mem-estimate=16.00MB mem-reservation=1.00MB thread-reservation=0
|  |     tuple-ids=11 row-size=204B cardinality=30.00M cost=46823813
|  |     in pipelines: 10(GETNEXT)
|  |
|  09:HASH JOIN [INNER JOIN]
|  |  hash predicates: tpcds_partitioned_parquet_snap.web_sales.ws_sold_date_sk = tpcds_partitioned_parquet_snap.date_dim_0.d_date_sk
|  |  fk/pk conjuncts: tpcds_partitioned_parquet_snap.web_sales.ws_sold_date_sk = tpcds_partitioned_parquet_snap.date_dim_0.d_date_sk
|  |  runtime filters: RF006[bloom] <- tpcds_partitioned_parquet_snap.date_dim_0.d_date_sk
|  |  mem-estimate=34.00MB mem-reservation=34.00MB spill-buffer=2.00MB thread-reservation=0
|  |  tuple-ids=7,9 row-size=377B cardinality=1.99G(filtered from 2.16G) cost=901304100
|  |  in pipelines: 07(GETNEXT), 08(OPEN)
|  |
|  |--08:SCAN HDFS [tpcds_partitioned_parquet_snap.date_dim]
|  |     HDFS partitions=1/1 files=1 size=2.17MB
|  |     stored statistics:
|  |       table: rows=73.05K size=2.17MB
|  |       columns: all
|  |     extrapolated-rows=disabled max-scan-range-rows=73.05K
|  |     mem-estimate=16.00MB mem-reservation=4.00MB thread-reservation=0
|  |     tuple-ids=9 row-size=237B cardinality=73.05K cost=110600
|  |     in pipelines: 08(GETNEXT)
|  |
|  07:SCAN HDFS [tpcds_partitioned_parquet_snap.web_sales]
|     HDFS partitions=1824/1824 files=1824 size=145.75GB
|     runtime filters: RF005[min_max] -> tpcds_partitioned_parquet_snap.web_sales.ws_bill_customer_sk, RF004[bloom] -> tpcds_partitioned_parquet_snap.web_sales.ws_bill_customer_sk, RF006[bloom] -> tpcds_partitioned_parquet_snap.web_sales.ws_sold_date_sk
|     stored statistics:
|       table: rows=2.16G size=145.75GB
|       partitions: 1824/1824 rows=2.16G
|       columns: all
|     extrapolated-rows=disabled max-scan-range-rows=3.37M
|     mem-estimate=16.00MB mem-reservation=264.00KB thread-reservation=0
|     tuple-ids=7 row-size=140B cardinality=1.99G(filtered from 2.16G) cost=4354495421
|     in pipelines: 07(GETNEXT)
|
06:AGGREGATE [FINALIZE]
|  output: sum(subtract(tpcds_partitioned_parquet_snap.store_sales.ss_ext_list_price, tpcds_partitioned_parquet_snap.store_sales.ss_ext_discount_amt))
|  group by: tpcds_partitioned_parquet_snap.customer.c_customer_id, tpcds_partitioned_parquet_snap.customer.c_first_name, tpcds_partitioned_parquet_snap.customer.c_last_name, tpcds_partitioned_parquet_snap.customer.c_preferred_cust_flag, tpcds_partitioned_parquet_snap.customer.c_birth_country, tpcds_partitioned_parquet_snap.customer.c_login, tpcds_partitioned_parquet_snap.customer.c_email_address, tpcds_partitioned_parquet_snap.date_dim.d_year
|  mem-estimate=15.48GB mem-reservation=34.00MB spill-buffer=2.00MB thread-reservation=0
|  tuple-ids=6 row-size=169B cardinality=5.88G cost=37525876254
|  in pipelines: 06(GETNEXT), 01(OPEN)
|
05:HASH JOIN [INNER JOIN]
|  hash predicates: tpcds_partitioned_parquet_snap.store_sales.ss_customer_sk = tpcds_partitioned_parquet_snap.customer.c_customer_sk
|  fk/pk conjuncts: tpcds_partitioned_parquet_snap.store_sales.ss_customer_sk = tpcds_partitioned_parquet_snap.customer.c_customer_sk
|  runtime filters: RF000[bloom] <- tpcds_partitioned_parquet_snap.customer.c_customer_sk, RF001[min_max] <- tpcds_partitioned_parquet_snap.customer.c_customer_sk
|  mem-estimate=6.46GB mem-reservation=34.00MB spill-buffer=2.00MB thread-reservation=0
|  tuple-ids=0,2,4 row-size=538B cardinality=7.93G cost=3501497176
|  in pipelines: 01(GETNEXT), 04(OPEN)
|
|--04:SCAN HDFS [tpcds_partitioned_parquet_snap.customer]
|     HDFS partitions=1/1 files=1 size=1.55GB
|     stored statistics:
|       table: rows=30.00M size=1.55GB
|       columns: all
|     extrapolated-rows=disabled max-scan-range-rows=3.10M
|     mem-estimate=16.00MB mem-reservation=1.00MB thread-reservation=0
|     tuple-ids=4 row-size=204B cardinality=30.00M cost=46823813
|     in pipelines: 04(GETNEXT)
|
03:HASH JOIN [INNER JOIN]
|  hash predicates: tpcds_partitioned_parquet_snap.store_sales.ss_sold_date_sk = tpcds_partitioned_parquet_snap.date_dim.d_date_sk
|  fk/pk conjuncts: tpcds_partitioned_parquet_snap.store_sales.ss_sold_date_sk = tpcds_partitioned_parquet_snap.date_dim.d_date_sk
|  runtime filters: RF002[bloom] <- tpcds_partitioned_parquet_snap.date_dim.d_date_sk
|  mem-estimate=34.00MB mem-reservation=34.00MB spill-buffer=2.00MB thread-reservation=0
|  tuple-ids=0,2 row-size=333B cardinality=7.93G(filtered from 8.64G) cost=3599988515
|  in pipelines: 01(GETNEXT), 02(OPEN)
|
|--02:SCAN HDFS [tpcds_partitioned_parquet_snap.date_dim]
|     HDFS partitions=1/1 files=1 size=2.17MB
|     stored statistics:
|       table: rows=73.05K size=2.17MB
|       columns: all
|     extrapolated-rows=disabled max-scan-range-rows=73.05K
|     mem-estimate=16.00MB mem-reservation=4.00MB thread-reservation=0
|     tuple-ids=2 row-size=237B cardinality=73.05K cost=110600
|     in pipelines: 02(GETNEXT)
|
01:SCAN HDFS [tpcds_partitioned_parquet_snap.store_sales]
   HDFS partitions=1824/1824 files=1824 size=389.90GB
   runtime filters: RF001[min_max] -> tpcds_partitioned_parquet_snap.store_sales.ss_customer_sk, RF000[bloom] -> tpcds_partitioned_parquet_snap.store_sales.ss_customer_sk, RF002[bloom] -> tpcds_partitioned_parquet_snap.store_sales.ss_sold_date_sk
   stored statistics:
     table: rows=8.64G size=389.90GB
     partitions: 1824/1824 rows=8.64G
     columns: all
   extrapolated-rows=disabled max-scan-range-rows=390.22M
   mem-estimate=16.00MB mem-reservation=8.00MB thread-reservation=0
   tuple-ids=0 row-size=96B cardinality=7.93G(filtered from 8.64G) cost=11943846410
   in pipelines: 01(GETNEXT)
---- DISTRIBUTEDPLAN
Max Per-Host Resource Reservation: Memory=12.54GB Threads=205
Per-Host Resource Estimates: Memory=601.59GB
F37:PLAN FRAGMENT [UNPARTITIONED] hosts=1 instances=1
|  Per-Instance Resources: mem-estimate=4.35MB mem-reservation=4.00MB thread-reservation=1
|  max-parallelism=1 segment-costs=[434] cpu-comparison-result=960 [max(1 (self) vs 960 (sum children))]
PLAN-ROOT SINK
|  output exprs: CUSTOMER_ID, CUSTOMER_FIRST_NAME, CUSTOMER_LAST_NAME, CUSTOMER_LOGIN
|  mem-estimate=4.00MB mem-reservation=4.00MB spill-buffer=2.00MB thread-reservation=0 cost=400
|
96:MERGING-EXCHANGE [UNPARTITIONED]
|  order by: CUSTOMER_ID ASC NULLS LAST, CUSTOMER_FIRST_NAME ASC NULLS LAST, CUSTOMER_LAST_NAME ASC NULLS LAST, CUSTOMER_LOGIN ASC NULLS LAST
|  limit: 100
|  mem-estimate=355.94KB mem-reservation=0B thread-reservation=0
|  tuple-ids=60 row-size=48B cardinality=100 cost=34
|  in pipelines: 59(GETNEXT)
|
F18:PLAN FRAGMENT [HASH(CUSTOMER_ID)] hosts=10 instances=70 (adjusted from 120)
Per-Instance Resources: mem-estimate=24.07MB mem-reservation=0B thread-reservation=1
max-parallelism=1470 segment-costs=[14648759435, 157] cpu-comparison-result=960 [max(70 (self) vs 960 (sum children))]
59:TOP-N [LIMIT=100]
|  order by: CUSTOMER_ID ASC NULLS LAST, CUSTOMER_FIRST_NAME ASC NULLS LAST, CUSTOMER_LAST_NAME ASC NULLS LAST, CUSTOMER_LOGIN ASC NULLS LAST
|  mem-estimate=4.69KB mem-reservation=0B thread-reservation=0
|  tuple-ids=60 row-size=48B cardinality=100 cost=13108421280
|  in pipelines: 59(GETNEXT), 63(OPEN), 67(OPEN)
|
58:HASH JOIN [INNER JOIN, PARTITIONED]
|  hash-table-id=00
|  hash predicates: CUSTOMER_ID = CUSTOMER_ID
|  fk/pk conjuncts: assumed fk/pk
|  other join predicates: CASE WHEN YEAR_TOTAL > CAST(0 AS DECIMAL(3,0)) THEN divide(YEAR_TOTAL, YEAR_TOTAL) ELSE CAST(0 AS DECIMAL(38,6)) END > CASE WHEN YEAR_TOTAL > CAST(0 AS DECIMAL(3,0)) THEN divide(YEAR_TOTAL, YEAR_TOTAL) ELSE CAST(0 AS DECIMAL(38,6)) END
|  mem-estimate=0B mem-reservation=0B spill-buffer=2.00MB thread-reservation=0
|  tuple-ids=14,29,44,59 row-size=464B cardinality=786.77M cost=344369195
|  in pipelines: 63(GETNEXT), 67(GETNEXT), 90(OPEN), 94(OPEN)
|
|--F38:PLAN FRAGMENT [HASH(CUSTOMER_ID)] hosts=10 instances=70 (adjusted from 120)
|  |  Per-Instance Resources: mem-estimate=1.58GB mem-reservation=34.00MB thread-reservation=1
|  |  max-parallelism=1470 segment-costs=[1294000494] cpu-comparison-result=240 [max(70 (self) vs 240 (sum children))]
|  JOIN BUILD
|  |  join-table-id=00 plan-id=01 cohort-id=01
|  |  build expressions: CUSTOMER_ID
|  |  mem-estimate=1.56GB mem-reservation=34.00MB spill-buffer=2.00MB thread-reservation=0 cost=786769924
|  |
|  95:EXCHANGE [HASH(CUSTOMER_ID)]
|  |  mem-estimate=24.06MB mem-reservation=0B thread-reservation=0
|  |  tuple-ids=59 row-size=116B cardinality=786.77M cost=507230570
|  |  in pipelines: 90(GETNEXT), 94(GETNEXT)
|  |
|  F36:PLAN FRAGMENT [RANDOM] hosts=10 instances=120
|  Per-Instance Resources: mem-estimate=4.23GB mem-reservation=34.00MB thread-reservation=1
|  max-parallelism=120 segment-costs=[44477605605, 13500002573, 25113538540] cpu-comparison-result=240 [max(120 (self) vs 240 (sum children))]
|  57:SELECT
|  |  predicates: DYEAR = add(CAST(1998 AS INT), CAST(1 AS INT)), SALE_TYPE = 's'
|  |  mem-estimate=0B mem-reservation=0B thread-reservation=0
|  |  tuple-ids=59 row-size=116B cardinality=786.77M cost=15735398400
|  |  in pipelines: 90(GETNEXT), 94(GETNEXT)
|  |
|  44:UNION
|  |  mem-estimate=0B mem-reservation=0B thread-reservation=0
|  |  tuple-ids=59 row-size=116B cardinality=7.87G cost=3095310235
|  |  in pipelines: 90(GETNEXT), 94(GETNEXT)
|  |
|  |--94:AGGREGATE [FINALIZE]
|  |  |  output: sum:merge(subtract(tpcds_partitioned_parquet_snap.web_sales_2.ws_ext_list_price, tpcds_partitioned_parquet_snap.web_sales_2.ws_ext_discount_amt))
|  |  |  group by: tpcds_partitioned_parquet_snap.customer_6.c_customer_id, tpcds_partitioned_parquet_snap.customer_6.c_first_name, tpcds_partitioned_parquet_snap.customer_6.c_last_name, tpcds_partitioned_parquet_snap.customer_6.c_preferred_cust_flag, tpcds_partitioned_parquet_snap.customer_6.c_birth_country, tpcds_partitioned_parquet_snap.customer_6.c_login, tpcds_partitioned_parquet_snap.customer_6.c_email_address, tpcds_partitioned_parquet_snap.date_dim_6.d_year
|  |  |  mem-estimate=2.79GB mem-reservation=34.00MB spill-buffer=2.00MB thread-reservation=0
|  |  |  tuple-ids=58 row-size=169B cardinality=1.99G cost=11732593545
|  |  |  in pipelines: 94(GETNEXT), 51(OPEN)
|  |  |
|  |  93:EXCHANGE [HASH(tpcds_partitioned_parquet_snap.customer_6.c_customer_id,tpcds_partitioned_parquet_snap.customer_6.c_first_name,tpcds_partitioned_parquet_snap.customer_6.c_last_name,tpcds_partitioned_parquet_snap.customer_6.c_preferred_cust_flag,tpcds_partitioned_parquet_snap.customer_6.c_birth_country,tpcds_partitioned_parquet_snap.customer_6.c_login,tpcds_partitioned_parquet_snap.customer_6.c_email_address,tpcds_partitioned_parquet_snap.date_dim_6.d_year)]
|  |  |  mem-estimate=30.29MB mem-reservation=0B thread-reservation=0
|  |  |  tuple-ids=58 row-size=169B cardinality=1.99G cost=1767409028
|  |  |  in pipelines: 51(GETNEXT)
|  |  |
|  |  F32:PLAN FRAGMENT [RANDOM] hosts=10 instances=120
|  |  Per-Host Shared Resources: mem-estimate=16.00MB mem-reservation=16.00MB thread-reservation=0 runtime-filters-memory=16.00MB
|  |  Per-Instance Resources: mem-estimate=2.19GB mem-reservation=34.26MB thread-reservation=1
|  |  max-parallelism=1824 segment-costs=[17858335975, 22676121640] cpu-comparison-result=120 [max(120 (self) vs 31 (sum children))]
|  |  56:AGGREGATE [STREAMING]
|  |  |  output: sum(subtract(tpcds_partitioned_parquet_snap.web_sales_2.ws_ext_list_price, tpcds_partitioned_parquet_snap.web_sales_2.ws_ext_discount_amt))
|  |  |  group by: tpcds_partitioned_parquet_snap.customer_6.c_customer_id, tpcds_partitioned_parquet_snap.customer_6.c_first_name, tpcds_partitioned_parquet_snap.customer_6.c_last_name, tpcds_partitioned_parquet_snap.customer_6.c_preferred_cust_flag, tpcds_partitioned_parquet_snap.customer_6.c_birth_country, tpcds_partitioned_parquet_snap.customer_6.c_login, tpcds_partitioned_parquet_snap.customer_6.c_email_address, tpcds_partitioned_parquet_snap.date_dim_6.d_year
|  |  |  mem-estimate=2.10GB mem-reservation=34.00MB spill-buffer=2.00MB thread-reservation=0
|  |  |  tuple-ids=58 row-size=169B cardinality=1.99G cost=11732593545
|  |  |  in pipelines: 51(GETNEXT)
|  |  |
|  |  55:HASH JOIN [INNER JOIN, BROADCAST]
|  |  |  hash-table-id=03
|  |  |  hash predicates: tpcds_partitioned_parquet_snap.web_sales_2.ws_bill_customer_sk = tpcds_partitioned_parquet_snap.customer_6.c_customer_sk
|  |  |  fk/pk conjuncts: tpcds_partitioned_parquet_snap.web_sales_2.ws_bill_customer_sk = tpcds_partitioned_parquet_snap.customer_6.c_customer_sk
|  |  |  mem-estimate=0B mem-reservation=0B spill-buffer=2.00MB thread-reservation=0
|  |  |  tuple-ids=52,54,56 row-size=582B cardinality=1.99G cost=870015958
|  |  |  in pipelines: 51(GETNEXT), 54(OPEN)
|  |  |
|  |  |--F41:PLAN FRAGMENT [RANDOM] hosts=10 instances=10
|  |  |  |  Per-Instance Resources: mem-estimate=6.49GB mem-reservation=424.00MB thread-reservation=1 runtime-filters-memory=16.00MB
|  |  |  |  max-parallelism=10 segment-costs=[69869990]
|  |  |  JOIN BUILD
|  |  |  |  join-table-id=03 plan-id=04 cohort-id=03
|  |  |  |  build expressions: tpcds_partitioned_parquet_snap.customer_6.c_customer_sk
|  |  |  |  runtime filters: RF028[bloom] <- tpcds_partitioned_parquet_snap.customer_6.c_customer_sk, RF029[min_max] <- tpcds_partitioned_parquet_snap.customer_6.c_customer_sk
|  |  |  |  mem-estimate=6.46GB mem-reservation=408.00MB spill-buffer=2.00MB thread-reservation=0 cost=30000000
|  |  |  |
|  |  |  92:EXCHANGE [BROADCAST]
|  |  |  |  mem-estimate=12.04MB mem-reservation=0B thread-reservation=0
|  |  |  |  tuple-ids=56 row-size=204B cardinality=30.00M cost=39869990
|  |  |  |  in pipelines: 54(GETNEXT)
|  |  |  |
|  |  |  F34:PLAN FRAGMENT [RANDOM] hosts=10 instances=10
|  |  |  Per-Instance Resources: mem-estimate=16.81MB mem-reservation=1.00MB thread-reservation=1
|  |  |  max-parallelism=10 segment-costs=[64027278]
|  |  |  54:SCAN HDFS [tpcds_partitioned_parquet_snap.customer, RANDOM]
|  |  |     HDFS partitions=1/1 files=1 size=1.55GB
|  |  |     stored statistics:
|  |  |       table: rows=30.00M size=1.55GB
|  |  |       columns: all
|  |  |     extrapolated-rows=disabled max-scan-range-rows=3.10M
|  |  |     mem-estimate=16.00MB mem-reservation=1.00MB thread-reservation=0
|  |  |     tuple-ids=56 row-size=204B cardinality=30.00M cost=46823813
|  |  |     in pipelines: 54(GETNEXT)
|  |  |
|  |  53:HASH JOIN [INNER JOIN, BROADCAST]
|  |  |  hash-table-id=04
|  |  |  hash predicates: tpcds_partitioned_parquet_snap.web_sales_2.ws_sold_date_sk = tpcds_partitioned_parquet_snap.date_dim_6.d_date_sk
|  |  |  fk/pk conjuncts: tpcds_partitioned_parquet_snap.web_sales_2.ws_sold_date_sk = tpcds_partitioned_parquet_snap.date_dim_6.d_date_sk
|  |  |  mem-estimate=0B mem-reservation=0B spill-buffer=2.00MB thread-reservation=0
|  |  |  tuple-ids=52,54 row-size=377B cardinality=1.99G(filtered from 2.16G) cost=901231051
|  |  |  in pipelines: 51(GETNEXT), 52(OPEN)
|  |  |
|  |  |--F42:PLAN FRAGMENT [RANDOM] hosts=10 instances=10
|  |  |  |  Per-Instance Resources: mem-estimate=418.24MB mem-reservation=408.00MB thread-reservation=1
|  |  |  |  max-parallelism=10 segment-costs=[170129]
|  |  |  JOIN BUILD
|  |  |  |  join-table-id=04 plan-id=05 cohort-id=03
|  |  |  |  build expressions: tpcds_partitioned_parquet_snap.date_dim_6.d_date_sk
|  |  |  |  mem-estimate=408.00MB mem-reservation=408.00MB spill-buffer=2.00MB thread-reservation=0 cost=73049
|  |  |  |
|  |  |  91:EXCHANGE [BROADCAST]
|  |  |  |  mem-estimate=10.24MB mem-reservation=0B thread-reservation=0
|  |  |  |  tuple-ids=54 row-size=237B cardinality=73.05K cost=97080
|  |  |  |  in pipelines: 52(GETNEXT)
|  |  |  |
|  |  |  F33:PLAN FRAGMENT [RANDOM] hosts=1 instances=1
|  |  |  Per-Instance Resources: mem-estimate=16.94MB mem-reservation=4.00MB thread-reservation=1
|  |  |  max-parallelism=1 segment-costs=[158950]
|  |  |  52:SCAN HDFS [tpcds_partitioned_parquet_snap.date_dim, RANDOM]
|  |  |     HDFS partitions=1/1 files=1 size=2.17MB
|  |  |     stored statistics:
|  |  |       table: rows=73.05K size=2.17MB
|  |  |       columns: all
|  |  |     extrapolated-rows=disabled max-scan-range-rows=73.05K
|  |  |     mem-estimate=16.00MB mem-reservation=4.00MB thread-reservation=0
|  |  |     tuple-ids=54 row-size=237B cardinality=73.05K cost=110600
|  |  |     in pipelines: 52(GETNEXT)
|  |  |
|  |  51:SCAN HDFS [tpcds_partitioned_parquet_snap.web_sales, RANDOM]
|  |     HDFS partitions=1824/1824 files=1824 size=145.75GB
|  |     runtime filters: RF029[min_max] -> tpcds_partitioned_parquet_snap.web_sales_2.ws_bill_customer_sk, RF028[bloom] -> tpcds_partitioned_parquet_snap.web_sales_2.ws_bill_customer_sk
|  |     stored statistics:
|  |       table: rows=2.16G size=145.75GB
|  |       partitions: 1824/1824 rows=2.16G
|  |       columns: all
|  |     extrapolated-rows=disabled max-scan-range-rows=3.37M
|  |     mem-estimate=16.00MB mem-reservation=264.00KB thread-reservation=0
|  |     tuple-ids=52 row-size=140B cardinality=1.99G(filtered from 2.16G) cost=4354495421
|  |     in pipelines: 51(GETNEXT)
|  |
|  90:AGGREGATE [FINALIZE]
|  |  output: sum:merge(subtract(tpcds_partitioned_parquet_snap.store_sales_2.ss_ext_list_price, tpcds_partitioned_parquet_snap.store_sales_2.ss_ext_discount_amt))
|  |  group by: tpcds_partitioned_parquet_snap.customer_5.c_customer_id, tpcds_partitioned_parquet_snap.customer_5.c_first_name, tpcds_partitioned_parquet_snap.customer_5.c_last_name, tpcds_partitioned_parquet_snap.customer_5.c_preferred_cust_flag, tpcds_partitioned_parquet_snap.customer_5.c_birth_country, tpcds_partitioned_parquet_snap.customer_5.c_login, tpcds_partitioned_parquet_snap.customer_5.c_email_address, tpcds_partitioned_parquet_snap.date_dim_5.d_year
|  |  mem-estimate=4.17GB mem-reservation=34.00MB spill-buffer=2.00MB thread-reservation=0
|  |  tuple-ids=51 row-size=169B cardinality=5.88G cost=37464857383
|  |  in pipelines: 90(GETNEXT), 45(OPEN)
|  |
|  89:EXCHANGE [HASH(tpcds_partitioned_parquet_snap.customer_5.c_customer_id,tpcds_partitioned_parquet_snap.customer_5.c_first_name,tpcds_partitioned_parquet_snap.customer_5.c_last_name,tpcds_partitioned_parquet_snap.customer_5.c_preferred_cust_flag,tpcds_partitioned_parquet_snap.customer_5.c_birth_country,tpcds_partitioned_parquet_snap.customer_5.c_login,tpcds_partitioned_parquet_snap.customer_5.c_email_address,tpcds_partitioned_parquet_snap.date_dim_5.d_year)]
|  |  mem-estimate=30.29MB mem-reservation=0B thread-reservation=0
|  |  tuple-ids=51 row-size=169B cardinality=7.89G cost=7012748222
|  |  in pipelines: 45(GETNEXT)
|  |
|  F28:PLAN FRAGMENT [RANDOM] hosts=10 instances=120
|  Per-Host Shared Resources: mem-estimate=16.00MB mem-reservation=16.00MB thread-reservation=0 runtime-filters-memory=16.00MB
|  Per-Instance Resources: mem-estimate=4.26GB mem-reservation=42.00MB thread-reservation=1
|  max-parallelism=1824 segment-costs=[65629013155, 89974606443] cpu-comparison-result=120 [max(120 (self) vs 31 (sum children))]
|  50:AGGREGATE [STREAMING]
|  |  output: sum(subtract(tpcds_partitioned_parquet_snap.store_sales_2.ss_ext_list_price, tpcds_partitioned_parquet_snap.store_sales_2.ss_ext_discount_amt))
|  |  group by: tpcds_partitioned_parquet_snap.customer_5.c_customer_id, tpcds_partitioned_parquet_snap.customer_5.c_first_name, tpcds_partitioned_parquet_snap.customer_5.c_last_name, tpcds_partitioned_parquet_snap.customer_5.c_preferred_cust_flag, tpcds_partitioned_parquet_snap.customer_5.c_birth_country, tpcds_partitioned_parquet_snap.customer_5.c_login, tpcds_partitioned_parquet_snap.customer_5.c_email_address, tpcds_partitioned_parquet_snap.date_dim_5.d_year
|  |  mem-estimate=4.17GB mem-reservation=34.00MB spill-buffer=2.00MB thread-reservation=0
|  |  tuple-ids=51 row-size=169B cardinality=7.89G cost=46613754103
|  |  in pipelines: 45(GETNEXT)
|  |
|  49:HASH JOIN [INNER JOIN, BROADCAST]
|  |  hash-table-id=01
|  |  hash predicates: tpcds_partitioned_parquet_snap.store_sales_2.ss_customer_sk = tpcds_partitioned_parquet_snap.customer_5.c_customer_sk
|  |  fk/pk conjuncts: tpcds_partitioned_parquet_snap.store_sales_2.ss_customer_sk = tpcds_partitioned_parquet_snap.customer_5.c_customer_sk
|  |  mem-estimate=0B mem-reservation=0B spill-buffer=2.00MB thread-reservation=0
|  |  tuple-ids=45,47,49 row-size=538B cardinality=7.93G cost=3471497176
|  |  in pipelines: 45(GETNEXT), 48(OPEN)
|  |
|  |--F39:PLAN FRAGMENT [RANDOM] hosts=10 instances=10
|  |  |  Per-Instance Resources: mem-estimate=6.49GB mem-reservation=424.00MB thread-reservation=1 runtime-filters-memory=16.00MB
|  |  |  max-parallelism=10 segment-costs=[69869990]
|  |  JOIN BUILD
|  |  |  join-table-id=01 plan-id=02 cohort-id=02
|  |  |  build expressions: tpcds_partitioned_parquet_snap.customer_5.c_customer_sk
|  |  |  runtime filters: RF024[bloom] <- tpcds_partitioned_parquet_snap.customer_5.c_customer_sk, RF025[min_max] <- tpcds_partitioned_parquet_snap.customer_5.c_customer_sk
|  |  |  mem-estimate=6.46GB mem-reservation=408.00MB spill-buffer=2.00MB thread-reservation=0 cost=30000000
|  |  |
|  |  88:EXCHANGE [BROADCAST]
|  |  |  mem-estimate=12.04MB mem-reservation=0B thread-reservation=0
|  |  |  tuple-ids=49 row-size=204B cardinality=30.00M cost=39869990
|  |  |  in pipelines: 48(GETNEXT)
|  |  |
|  |  F30:PLAN FRAGMENT [RANDOM] hosts=10 instances=10
|  |  Per-Instance Resources: mem-estimate=16.81MB mem-reservation=1.00MB thread-reservation=1
|  |  max-parallelism=10 segment-costs=[64027278]
|  |  48:SCAN HDFS [tpcds_partitioned_parquet_snap.customer, RANDOM]
|  |     HDFS partitions=1/1 files=1 size=1.55GB
|  |     stored statistics:
|  |       table: rows=30.00M size=1.55GB
|  |       columns: all
|  |     extrapolated-rows=disabled max-scan-range-rows=3.10M
|  |     mem-estimate=16.00MB mem-reservation=1.00MB thread-reservation=0
|  |     tuple-ids=49 row-size=204B cardinality=30.00M cost=46823813
|  |     in pipelines: 48(GETNEXT)
|  |
|  47:HASH JOIN [INNER JOIN, BROADCAST]
|  |  hash-table-id=02
|  |  hash predicates: tpcds_partitioned_parquet_snap.store_sales_2.ss_sold_date_sk = tpcds_partitioned_parquet_snap.date_dim_5.d_date_sk
|  |  fk/pk conjuncts: tpcds_partitioned_parquet_snap.store_sales_2.ss_sold_date_sk = tpcds_partitioned_parquet_snap.date_dim_5.d_date_sk
|  |  mem-estimate=0B mem-reservation=0B spill-buffer=2.00MB thread-reservation=0
|  |  tuple-ids=45,47 row-size=333B cardinality=7.93G(filtered from 8.64G) cost=3599915466
|  |  in pipelines: 45(GETNEXT), 46(OPEN)
|  |
|  |--F40:PLAN FRAGMENT [RANDOM] hosts=10 instances=10
|  |  |  Per-Instance Resources: mem-estimate=418.24MB mem-reservation=408.00MB thread-reservation=1
|  |  |  max-parallelism=10 segment-costs=[170129]
|  |  JOIN BUILD
|  |  |  join-table-id=02 plan-id=03 cohort-id=02
|  |  |  build expressions: tpcds_partitioned_parquet_snap.date_dim_5.d_date_sk
|  |  |  mem-estimate=408.00MB mem-reservation=408.00MB spill-buffer=2.00MB thread-reservation=0 cost=73049
|  |  |
|  |  87:EXCHANGE [BROADCAST]
|  |  |  mem-estimate=10.24MB mem-reservation=0B thread-reservation=0
|  |  |  tuple-ids=47 row-size=237B cardinality=73.05K cost=97080
|  |  |  in pipelines: 46(GETNEXT)
|  |  |
|  |  F29:PLAN FRAGMENT [RANDOM] hosts=1 instances=1
|  |  Per-Instance Resources: mem-estimate=16.94MB mem-reservation=4.00MB thread-reservation=1
|  |  max-parallelism=1 segment-costs=[158950]
|  |  46:SCAN HDFS [tpcds_partitioned_parquet_snap.date_dim, RANDOM]
|  |     HDFS partitions=1/1 files=1 size=2.17MB
|  |     stored statistics:
|  |       table: rows=73.05K size=2.17MB
|  |       columns: all
|  |     extrapolated-rows=disabled max-scan-range-rows=73.05K
|  |     mem-estimate=16.00MB mem-reservation=4.00MB thread-reservation=0
|  |     tuple-ids=47 row-size=237B cardinality=73.05K cost=110600
|  |     in pipelines: 46(GETNEXT)
|  |
|  45:SCAN HDFS [tpcds_partitioned_parquet_snap.store_sales, RANDOM]
|     HDFS partitions=1824/1824 files=1824 size=389.90GB
|     runtime filters: RF025[min_max] -> tpcds_partitioned_parquet_snap.store_sales_2.ss_customer_sk, RF024[bloom] -> tpcds_partitioned_parquet_snap.store_sales_2.ss_customer_sk
|     stored statistics:
|       table: rows=8.64G size=389.90GB
|       partitions: 1824/1824 rows=8.64G
|       columns: all
|     extrapolated-rows=disabled max-scan-range-rows=390.22M
|     mem-estimate=16.00MB mem-reservation=8.00MB thread-reservation=0
|     tuple-ids=45 row-size=96B cardinality=7.93G(filtered from 8.64G) cost=11943846410
|     in pipelines: 45(GETNEXT)
|
43:HASH JOIN [INNER JOIN, PARTITIONED]
|  hash-table-id=05
|  hash predicates: CUSTOMER_ID = CUSTOMER_ID
|  fk/pk conjuncts: assumed fk/pk
|  mem-estimate=0B mem-reservation=0B spill-buffer=2.00MB thread-reservation=0
|  tuple-ids=14,29,44 row-size=348B cardinality=786.77M cost=344369195
|  in pipelines: 63(GETNEXT), 67(GETNEXT), 81(OPEN), 85(OPEN)
|
|--F43:PLAN FRAGMENT [HASH(CUSTOMER_ID)] hosts=10 instances=70 (adjusted from 120)
|  |  Per-Instance Resources: mem-estimate=1.58GB mem-reservation=34.00MB thread-reservation=1
|  |  max-parallelism=1470 segment-costs=[1294000494] cpu-comparison-result=240 [max(70 (self) vs 240 (sum children))]
|  JOIN BUILD
|  |  join-table-id=05 plan-id=06 cohort-id=01
|  |  build expressions: CUSTOMER_ID
|  |  mem-estimate=1.56GB mem-reservation=34.00MB spill-buffer=2.00MB thread-reservation=0 cost=786769924
|  |
|  86:EXCHANGE [HASH(CUSTOMER_ID)]
|  |  mem-estimate=24.06MB mem-reservation=0B thread-reservation=0
|  |  tuple-ids=44 row-size=116B cardinality=786.77M cost=507230570
|  |  in pipelines: 81(GETNEXT), 85(GETNEXT)
|  |
|  F27:PLAN FRAGMENT [RANDOM] hosts=10 instances=120
|  Per-Instance Resources: mem-estimate=4.23GB mem-reservation=34.00MB thread-reservation=1
|  max-parallelism=120 segment-costs=[44477605605, 13500002573, 32981237740] cpu-comparison-result=240 [max(120 (self) vs 240 (sum children))]
|  42:SELECT
|  |  predicates: DYEAR = CAST(1998 AS INT), SALE_TYPE = 'w', YEAR_TOTAL > CAST(0 AS DECIMAL(3,0))
|  |  mem-estimate=0B mem-reservation=0B thread-reservation=0
|  |  tuple-ids=44 row-size=116B cardinality=786.77M cost=23603097600
|  |  in pipelines: 81(GETNEXT), 85(GETNEXT)
|  |
|  29:UNION
|  |  mem-estimate=0B mem-reservation=0B thread-reservation=0
|  |  tuple-ids=44 row-size=116B cardinality=7.87G cost=3095310235
|  |  in pipelines: 81(GETNEXT), 85(GETNEXT)
|  |
|  |--85:AGGREGATE [FINALIZE]
|  |  |  output: sum:merge(subtract(tpcds_partitioned_parquet_snap.web_sales_1.ws_ext_list_price, tpcds_partitioned_parquet_snap.web_sales_1.ws_ext_discount_amt))
|  |  |  group by: tpcds_partitioned_parquet_snap.customer_4.c_customer_id, tpcds_partitioned_parquet_snap.customer_4.c_first_name, tpcds_partitioned_parquet_snap.customer_4.c_last_name, tpcds_partitioned_parquet_snap.customer_4.c_preferred_cust_flag, tpcds_partitioned_parquet_snap.customer_4.c_birth_country, tpcds_partitioned_parquet_snap.customer_4.c_login, tpcds_partitioned_parquet_snap.customer_4.c_email_address, tpcds_partitioned_parquet_snap.date_dim_4.d_year
|  |  |  mem-estimate=2.79GB mem-reservation=34.00MB spill-buffer=2.00MB thread-reservation=0
|  |  |  tuple-ids=43 row-size=169B cardinality=1.99G cost=11732593545
|  |  |  in pipelines: 85(GETNEXT), 36(OPEN)
|  |  |
|  |  84:EXCHANGE [HASH(tpcds_partitioned_parquet_snap.customer_4.c_customer_id,tpcds_partitioned_parquet_snap.customer_4.c_first_name,tpcds_partitioned_parquet_snap.customer_4.c_last_name,tpcds_partitioned_parquet_snap.customer_4.c_preferred_cust_flag,tpcds_partitioned_parquet_snap.customer_4.c_birth_country,tpcds_partitioned_parquet_snap.customer_4.c_login,tpcds_partitioned_parquet_snap.customer_4.c_email_address,tpcds_partitioned_parquet_snap.date_dim_4.d_year)]
|  |  |  mem-estimate=30.29MB mem-reservation=0B thread-reservation=0
|  |  |  tuple-ids=43 row-size=169B cardinality=1.99G cost=1767409028
|  |  |  in pipelines: 36(GETNEXT)
|  |  |
|  |  F23:PLAN FRAGMENT [RANDOM] hosts=10 instances=120
|  |  Per-Host Shared Resources: mem-estimate=16.00MB mem-reservation=16.00MB thread-reservation=0 runtime-filters-memory=16.00MB
|  |  Per-Instance Resources: mem-estimate=2.19GB mem-reservation=34.26MB thread-reservation=1
|  |  max-parallelism=1824 segment-costs=[17858335975, 22676121640] cpu-comparison-result=120 [max(120 (self) vs 31 (sum children))]
|  |  41:AGGREGATE [STREAMING]
|  |  |  output: sum(subtract(tpcds_partitioned_parquet_snap.web_sales_1.ws_ext_list_price, tpcds_partitioned_parquet_snap.web_sales_1.ws_ext_discount_amt))
|  |  |  group by: tpcds_partitioned_parquet_snap.customer_4.c_customer_id, tpcds_partitioned_parquet_snap.customer_4.c_first_name, tpcds_partitioned_parquet_snap.customer_4.c_last_name, tpcds_partitioned_parquet_snap.customer_4.c_preferred_cust_flag, tpcds_partitioned_parquet_snap.customer_4.c_birth_country, tpcds_partitioned_parquet_snap.customer_4.c_login, tpcds_partitioned_parquet_snap.customer_4.c_email_address, tpcds_partitioned_parquet_snap.date_dim_4.d_year
|  |  |  mem-estimate=2.10GB mem-reservation=34.00MB spill-buffer=2.00MB thread-reservation=0
|  |  |  tuple-ids=43 row-size=169B cardinality=1.99G cost=11732593545
|  |  |  in pipelines: 36(GETNEXT)
|  |  |
|  |  40:HASH JOIN [INNER JOIN, BROADCAST]
|  |  |  hash-table-id=08
|  |  |  hash predicates: tpcds_partitioned_parquet_snap.web_sales_1.ws_bill_customer_sk = tpcds_partitioned_parquet_snap.customer_4.c_customer_sk
|  |  |  fk/pk conjuncts: tpcds_partitioned_parquet_snap.web_sales_1.ws_bill_customer_sk = tpcds_partitioned_parquet_snap.customer_4.c_customer_sk
|  |  |  mem-estimate=0B mem-reservation=0B spill-buffer=2.00MB thread-reservation=0
|  |  |  tuple-ids=37,39,41 row-size=582B cardinality=1.99G cost=870015958
|  |  |  in pipelines: 36(GETNEXT), 39(OPEN)
|  |  |
|  |  |--F46:PLAN FRAGMENT [RANDOM] hosts=10 instances=10
|  |  |  |  Per-Instance Resources: mem-estimate=6.49GB mem-reservation=424.00MB thread-reservation=1 runtime-filters-memory=16.00MB
|  |  |  |  max-parallelism=10 segment-costs=[69869990]
|  |  |  JOIN BUILD
|  |  |  |  join-table-id=08 plan-id=09 cohort-id=05
|  |  |  |  build expressions: tpcds_partitioned_parquet_snap.customer_4.c_customer_sk
|  |  |  |  runtime filters: RF020[bloom] <- tpcds_partitioned_parquet_snap.customer_4.c_customer_sk, RF021[min_max] <- tpcds_partitioned_parquet_snap.customer_4.c_customer_sk
|  |  |  |  mem-estimate=6.46GB mem-reservation=408.00MB spill-buffer=2.00MB thread-reservation=0 cost=30000000
|  |  |  |
|  |  |  83:EXCHANGE [BROADCAST]
|  |  |  |  mem-estimate=12.04MB mem-reservation=0B thread-reservation=0
|  |  |  |  tuple-ids=41 row-size=204B cardinality=30.00M cost=39869990
|  |  |  |  in pipelines: 39(GETNEXT)
|  |  |  |
|  |  |  F25:PLAN FRAGMENT [RANDOM] hosts=10 instances=10
|  |  |  Per-Instance Resources: mem-estimate=16.81MB mem-reservation=1.00MB thread-reservation=1
|  |  |  max-parallelism=10 segment-costs=[64027278]
|  |  |  39:SCAN HDFS [tpcds_partitioned_parquet_snap.customer, RANDOM]
|  |  |     HDFS partitions=1/1 files=1 size=1.55GB
|  |  |     stored statistics:
|  |  |       table: rows=30.00M size=1.55GB
|  |  |       columns: all
|  |  |     extrapolated-rows=disabled max-scan-range-rows=3.10M
|  |  |     mem-estimate=16.00MB mem-reservation=1.00MB thread-reservation=0
|  |  |     tuple-ids=41 row-size=204B cardinality=30.00M cost=46823813
|  |  |     in pipelines: 39(GETNEXT)
|  |  |
|  |  38:HASH JOIN [INNER JOIN, BROADCAST]
|  |  |  hash-table-id=09
|  |  |  hash predicates: tpcds_partitioned_parquet_snap.web_sales_1.ws_sold_date_sk = tpcds_partitioned_parquet_snap.date_dim_4.d_date_sk
|  |  |  fk/pk conjuncts: tpcds_partitioned_parquet_snap.web_sales_1.ws_sold_date_sk = tpcds_partitioned_parquet_snap.date_dim_4.d_date_sk
|  |  |  mem-estimate=0B mem-reservation=0B spill-buffer=2.00MB thread-reservation=0
|  |  |  tuple-ids=37,39 row-size=377B cardinality=1.99G(filtered from 2.16G) cost=901231051
|  |  |  in pipelines: 36(GETNEXT), 37(OPEN)
|  |  |
|  |  |--F47:PLAN FRAGMENT [RANDOM] hosts=10 instances=10
|  |  |  |  Per-Instance Resources: mem-estimate=418.24MB mem-reservation=408.00MB thread-reservation=1
|  |  |  |  max-parallelism=10 segment-costs=[170129]
|  |  |  JOIN BUILD
|  |  |  |  join-table-id=09 plan-id=10 cohort-id=05
|  |  |  |  build expressions: tpcds_partitioned_parquet_snap.date_dim_4.d_date_sk
|  |  |  |  mem-estimate=408.00MB mem-reservation=408.00MB spill-buffer=2.00MB thread-reservation=0 cost=73049
|  |  |  |
|  |  |  82:EXCHANGE [BROADCAST]
|  |  |  |  mem-estimate=10.24MB mem-reservation=0B thread-reservation=0
|  |  |  |  tuple-ids=39 row-size=237B cardinality=73.05K cost=97080
|  |  |  |  in pipelines: 37(GETNEXT)
|  |  |  |
|  |  |  F24:PLAN FRAGMENT [RANDOM] hosts=1 instances=1
|  |  |  Per-Instance Resources: mem-estimate=16.94MB mem-reservation=4.00MB thread-reservation=1
|  |  |  max-parallelism=1 segment-costs=[158950]
|  |  |  37:SCAN HDFS [tpcds_partitioned_parquet_snap.date_dim, RANDOM]
|  |  |     HDFS partitions=1/1 files=1 size=2.17MB
|  |  |     stored statistics:
|  |  |       table: rows=73.05K size=2.17MB
|  |  |       columns: all
|  |  |     extrapolated-rows=disabled max-scan-range-rows=73.05K
|  |  |     mem-estimate=16.00MB mem-reservation=4.00MB thread-reservation=0
|  |  |     tuple-ids=39 row-size=237B cardinality=73.05K cost=110600
|  |  |     in pipelines: 37(GETNEXT)
|  |  |
|  |  36:SCAN HDFS [tpcds_partitioned_parquet_snap.web_sales, RANDOM]
|  |     HDFS partitions=1824/1824 files=1824 size=145.75GB
|  |     runtime filters: RF021[min_max] -> tpcds_partitioned_parquet_snap.web_sales_1.ws_bill_customer_sk, RF020[bloom] -> tpcds_partitioned_parquet_snap.web_sales_1.ws_bill_customer_sk
|  |     stored statistics:
|  |       table: rows=2.16G size=145.75GB
|  |       partitions: 1824/1824 rows=2.16G
|  |       columns: all
|  |     extrapolated-rows=disabled max-scan-range-rows=3.37M
|  |     mem-estimate=16.00MB mem-reservation=264.00KB thread-reservation=0
|  |     tuple-ids=37 row-size=140B cardinality=1.99G(filtered from 2.16G) cost=4354495421
|  |     in pipelines: 36(GETNEXT)
|  |
|  81:AGGREGATE [FINALIZE]
|  |  output: sum:merge(subtract(tpcds_partitioned_parquet_snap.store_sales_1.ss_ext_list_price, tpcds_partitioned_parquet_snap.store_sales_1.ss_ext_discount_amt))
|  |  group by: tpcds_partitioned_parquet_snap.customer_3.c_customer_id, tpcds_partitioned_parquet_snap.customer_3.c_first_name, tpcds_partitioned_parquet_snap.customer_3.c_last_name, tpcds_partitioned_parquet_snap.customer_3.c_preferred_cust_flag, tpcds_partitioned_parquet_snap.customer_3.c_birth_country, tpcds_partitioned_parquet_snap.customer_3.c_login, tpcds_partitioned_parquet_snap.customer_3.c_email_address, tpcds_partitioned_parquet_snap.date_dim_3.d_year
|  |  mem-estimate=4.17GB mem-reservation=34.00MB spill-buffer=2.00MB thread-reservation=0
|  |  tuple-ids=36 row-size=169B cardinality=5.88G cost=37464857383
|  |  in pipelines: 81(GETNEXT), 30(OPEN)
|  |
|  80:EXCHANGE [HASH(tpcds_partitioned_parquet_snap.customer_3.c_customer_id,tpcds_partitioned_parquet_snap.customer_3.c_first_name,tpcds_partitioned_parquet_snap.customer_3.c_last_name,tpcds_partitioned_parquet_snap.customer_3.c_preferred_cust_flag,tpcds_partitioned_parquet_snap.customer_3.c_birth_country,tpcds_partitioned_parquet_snap.customer_3.c_login,tpcds_partitioned_parquet_snap.customer_3.c_email_address,tpcds_partitioned_parquet_snap.date_dim_3.d_year)]
|  |  mem-estimate=30.29MB mem-reservation=0B thread-reservation=0
|  |  tuple-ids=36 row-size=169B cardinality=7.89G cost=7012748222
|  |  in pipelines: 30(GETNEXT)
|  |
|  F19:PLAN FRAGMENT [RANDOM] hosts=10 instances=120
|  Per-Host Shared Resources: mem-estimate=16.00MB mem-reservation=16.00MB thread-reservation=0 runtime-filters-memory=16.00MB
|  Per-Instance Resources: mem-estimate=4.26GB mem-reservation=42.00MB thread-reservation=1
|  max-parallelism=1824 segment-costs=[65629013155, 89974606443] cpu-comparison-result=120 [max(120 (self) vs 31 (sum children))]
|  35:AGGREGATE [STREAMING]
|  |  output: sum(subtract(tpcds_partitioned_parquet_snap.store_sales_1.ss_ext_list_price, tpcds_partitioned_parquet_snap.store_sales_1.ss_ext_discount_amt))
|  |  group by: tpcds_partitioned_parquet_snap.customer_3.c_customer_id, tpcds_partitioned_parquet_snap.customer_3.c_first_name, tpcds_partitioned_parquet_snap.customer_3.c_last_name, tpcds_partitioned_parquet_snap.customer_3.c_preferred_cust_flag, tpcds_partitioned_parquet_snap.customer_3.c_birth_country, tpcds_partitioned_parquet_snap.customer_3.c_login, tpcds_partitioned_parquet_snap.customer_3.c_email_address, tpcds_partitioned_parquet_snap.date_dim_3.d_year
|  |  mem-estimate=4.17GB mem-reservation=34.00MB spill-buffer=2.00MB thread-reservation=0
|  |  tuple-ids=36 row-size=169B cardinality=7.89G cost=46613754103
|  |  in pipelines: 30(GETNEXT)
|  |
|  34:HASH JOIN [INNER JOIN, BROADCAST]
|  |  hash-table-id=06
|  |  hash predicates: tpcds_partitioned_parquet_snap.store_sales_1.ss_customer_sk = tpcds_partitioned_parquet_snap.customer_3.c_customer_sk
|  |  fk/pk conjuncts: tpcds_partitioned_parquet_snap.store_sales_1.ss_customer_sk = tpcds_partitioned_parquet_snap.customer_3.c_customer_sk
|  |  mem-estimate=0B mem-reservation=0B spill-buffer=2.00MB thread-reservation=0
|  |  tuple-ids=30,32,34 row-size=538B cardinality=7.93G cost=3471497176
|  |  in pipelines: 30(GETNEXT), 33(OPEN)
|  |
|  |--F44:PLAN FRAGMENT [RANDOM] hosts=10 instances=10
|  |  |  Per-Instance Resources: mem-estimate=6.49GB mem-reservation=424.00MB thread-reservation=1 runtime-filters-memory=16.00MB
|  |  |  max-parallelism=10 segment-costs=[69869990]
|  |  JOIN BUILD
|  |  |  join-table-id=06 plan-id=07 cohort-id=04
|  |  |  build expressions: tpcds_partitioned_parquet_snap.customer_3.c_customer_sk
|  |  |  runtime filters: RF016[bloom] <- tpcds_partitioned_parquet_snap.customer_3.c_customer_sk, RF017[min_max] <- tpcds_partitioned_parquet_snap.customer_3.c_customer_sk
|  |  |  mem-estimate=6.46GB mem-reservation=408.00MB spill-buffer=2.00MB thread-reservation=0 cost=30000000
|  |  |
|  |  79:EXCHANGE [BROADCAST]
|  |  |  mem-estimate=12.04MB mem-reservation=0B thread-reservation=0
|  |  |  tuple-ids=34 row-size=204B cardinality=30.00M cost=39869990
|  |  |  in pipelines: 33(GETNEXT)
|  |  |
|  |  F21:PLAN FRAGMENT [RANDOM] hosts=10 instances=10
|  |  Per-Instance Resources: mem-estimate=16.81MB mem-reservation=1.00MB thread-reservation=1
|  |  max-parallelism=10 segment-costs=[64027278]
|  |  33:SCAN HDFS [tpcds_partitioned_parquet_snap.customer, RANDOM]
|  |     HDFS partitions=1/1 files=1 size=1.55GB
|  |     stored statistics:
|  |       table: rows=30.00M size=1.55GB
|  |       columns: all
|  |     extrapolated-rows=disabled max-scan-range-rows=3.10M
|  |     mem-estimate=16.00MB mem-reservation=1.00MB thread-reservation=0
|  |     tuple-ids=34 row-size=204B cardinality=30.00M cost=46823813
|  |     in pipelines: 33(GETNEXT)
|  |
|  32:HASH JOIN [INNER JOIN, BROADCAST]
|  |  hash-table-id=07
|  |  hash predicates: tpcds_partitioned_parquet_snap.store_sales_1.ss_sold_date_sk = tpcds_partitioned_parquet_snap.date_dim_3.d_date_sk
|  |  fk/pk conjuncts: tpcds_partitioned_parquet_snap.store_sales_1.ss_sold_date_sk = tpcds_partitioned_parquet_snap.date_dim_3.d_date_sk
|  |  mem-estimate=0B mem-reservation=0B spill-buffer=2.00MB thread-reservation=0
|  |  tuple-ids=30,32 row-size=333B cardinality=7.93G(filtered from 8.64G) cost=3599915466
|  |  in pipelines: 30(GETNEXT), 31(OPEN)
|  |
|  |--F45:PLAN FRAGMENT [RANDOM] hosts=10 instances=10
|  |  |  Per-Instance Resources: mem-estimate=418.24MB mem-reservation=408.00MB thread-reservation=1
|  |  |  max-parallelism=10 segment-costs=[170129]
|  |  JOIN BUILD
|  |  |  join-table-id=07 plan-id=08 cohort-id=04
|  |  |  build expressions: tpcds_partitioned_parquet_snap.date_dim_3.d_date_sk
|  |  |  mem-estimate=408.00MB mem-reservation=408.00MB spill-buffer=2.00MB thread-reservation=0 cost=73049
|  |  |
|  |  78:EXCHANGE [BROADCAST]
|  |  |  mem-estimate=10.24MB mem-reservation=0B thread-reservation=0
|  |  |  tuple-ids=32 row-size=237B cardinality=73.05K cost=97080
|  |  |  in pipelines: 31(GETNEXT)
|  |  |
|  |  F20:PLAN FRAGMENT [RANDOM] hosts=1 instances=1
|  |  Per-Instance Resources: mem-estimate=16.94MB mem-reservation=4.00MB thread-reservation=1
|  |  max-parallelism=1 segment-costs=[158950]
|  |  31:SCAN HDFS [tpcds_partitioned_parquet_snap.date_dim, RANDOM]
|  |     HDFS partitions=1/1 files=1 size=2.17MB
|  |     stored statistics:
|  |       table: rows=73.05K size=2.17MB
|  |       columns: all
|  |     extrapolated-rows=disabled max-scan-range-rows=73.05K
|  |     mem-estimate=16.00MB mem-reservation=4.00MB thread-reservation=0
|  |     tuple-ids=32 row-size=237B cardinality=73.05K cost=110600
|  |     in pipelines: 31(GETNEXT)
|  |
|  30:SCAN HDFS [tpcds_partitioned_parquet_snap.store_sales, RANDOM]
|     HDFS partitions=1824/1824 files=1824 size=389.90GB
|     runtime filters: RF017[min_max] -> tpcds_partitioned_parquet_snap.store_sales_1.ss_customer_sk, RF016[bloom] -> tpcds_partitioned_parquet_snap.store_sales_1.ss_customer_sk
|     stored statistics:
|       table: rows=8.64G size=389.90GB
|       partitions: 1824/1824 rows=8.64G
|       columns: all
|     extrapolated-rows=disabled max-scan-range-rows=390.22M
|     mem-estimate=16.00MB mem-reservation=8.00MB thread-reservation=0
|     tuple-ids=30 row-size=96B cardinality=7.93G(filtered from 8.64G) cost=11943846410
|     in pipelines: 30(GETNEXT)
|
28:HASH JOIN [INNER JOIN, PARTITIONED]
|  hash-table-id=10
|  hash predicates: CUSTOMER_ID = CUSTOMER_ID
|  fk/pk conjuncts: assumed fk/pk
|  mem-estimate=0B mem-reservation=0B spill-buffer=2.00MB thread-reservation=0
|  tuple-ids=14,29 row-size=232B cardinality=786.77M cost=344369195
|  in pipelines: 63(GETNEXT), 67(GETNEXT), 71(OPEN), 75(OPEN)
|
|--F48:PLAN FRAGMENT [HASH(CUSTOMER_ID)] hosts=10 instances=70 (adjusted from 120)
|  |  Per-Instance Resources: mem-estimate=1.58GB mem-reservation=34.00MB thread-reservation=1
|  |  max-parallelism=1470 segment-costs=[1294000494] cpu-comparison-result=240 [max(70 (self) vs 240 (sum children))]
|  JOIN BUILD
|  |  join-table-id=10 plan-id=11 cohort-id=01
|  |  build expressions: CUSTOMER_ID
|  |  mem-estimate=1.56GB mem-reservation=34.00MB spill-buffer=2.00MB thread-reservation=0 cost=786769924
|  |
|  77:EXCHANGE [HASH(CUSTOMER_ID)]
|  |  mem-estimate=24.06MB mem-reservation=0B thread-reservation=0
|  |  tuple-ids=29 row-size=116B cardinality=786.77M cost=507230570
|  |  in pipelines: 71(GETNEXT), 75(GETNEXT)
|  |
|  F17:PLAN FRAGMENT [RANDOM] hosts=10 instances=120
|  Per-Instance Resources: mem-estimate=4.23GB mem-reservation=34.00MB thread-reservation=1
|  max-parallelism=120 segment-costs=[44477605605, 13500002573, 32981237740] cpu-comparison-result=240 [max(120 (self) vs 240 (sum children))]
|  27:SELECT
|  |  predicates: DYEAR = CAST(1998 AS INT), SALE_TYPE = 's', YEAR_TOTAL > CAST(0 AS DECIMAL(3,0))
|  |  mem-estimate=0B mem-reservation=0B thread-reservation=0
|  |  tuple-ids=29 row-size=116B cardinality=786.77M cost=23603097600
|  |  in pipelines: 71(GETNEXT), 75(GETNEXT)
|  |
|  14:UNION
|  |  mem-estimate=0B mem-reservation=0B thread-reservation=0
|  |  tuple-ids=29 row-size=116B cardinality=7.87G cost=3095310235
|  |  in pipelines: 71(GETNEXT), 75(GETNEXT)
|  |
|  |--75:AGGREGATE [FINALIZE]
|  |  |  output: sum:merge(subtract(tpcds_partitioned_parquet_snap.web_sales_0.ws_ext_list_price, tpcds_partitioned_parquet_snap.web_sales_0.ws_ext_discount_amt))
|  |  |  group by: tpcds_partitioned_parquet_snap.customer_2.c_customer_id, tpcds_partitioned_parquet_snap.customer_2.c_first_name, tpcds_partitioned_parquet_snap.customer_2.c_last_name, tpcds_partitioned_parquet_snap.customer_2.c_preferred_cust_flag, tpcds_partitioned_parquet_snap.customer_2.c_birth_country, tpcds_partitioned_parquet_snap.customer_2.c_login, tpcds_partitioned_parquet_snap.customer_2.c_email_address, tpcds_partitioned_parquet_snap.date_dim_2.d_year
|  |  |  mem-estimate=2.79GB mem-reservation=34.00MB spill-buffer=2.00MB thread-reservation=0
|  |  |  tuple-ids=28 row-size=169B cardinality=1.99G cost=11732593545
|  |  |  in pipelines: 75(GETNEXT), 21(OPEN)
|  |  |
|  |  74:EXCHANGE [HASH(tpcds_partitioned_parquet_snap.customer_2.c_customer_id,tpcds_partitioned_parquet_snap.customer_2.c_first_name,tpcds_partitioned_parquet_snap.customer_2.c_last_name,tpcds_partitioned_parquet_snap.customer_2.c_preferred_cust_flag,tpcds_partitioned_parquet_snap.customer_2.c_birth_country,tpcds_partitioned_parquet_snap.customer_2.c_login,tpcds_partitioned_parquet_snap.customer_2.c_email_address,tpcds_partitioned_parquet_snap.date_dim_2.d_year)]
|  |  |  mem-estimate=30.29MB mem-reservation=0B thread-reservation=0
|  |  |  tuple-ids=28 row-size=169B cardinality=1.99G cost=1767409028
|  |  |  in pipelines: 21(GETNEXT)
|  |  |
|  |  F13:PLAN FRAGMENT [RANDOM] hosts=10 instances=120
|  |  Per-Host Shared Resources: mem-estimate=16.00MB mem-reservation=16.00MB thread-reservation=0 runtime-filters-memory=16.00MB
|  |  Per-Instance Resources: mem-estimate=2.19GB mem-reservation=34.26MB thread-reservation=1
|  |  max-parallelism=1824 segment-costs=[17858335975, 22676121640] cpu-comparison-result=120 [max(120 (self) vs 31 (sum children))]
|  |  26:AGGREGATE [STREAMING]
|  |  |  output: sum(subtract(tpcds_partitioned_parquet_snap.web_sales_0.ws_ext_list_price, tpcds_partitioned_parquet_snap.web_sales_0.ws_ext_discount_amt))
|  |  |  group by: tpcds_partitioned_parquet_snap.customer_2.c_customer_id, tpcds_partitioned_parquet_snap.customer_2.c_first_name, tpcds_partitioned_parquet_snap.customer_2.c_last_name, tpcds_partitioned_parquet_snap.customer_2.c_preferred_cust_flag, tpcds_partitioned_parquet_snap.customer_2.c_birth_country, tpcds_partitioned_parquet_snap.customer_2.c_login, tpcds_partitioned_parquet_snap.customer_2.c_email_address, tpcds_partitioned_parquet_snap.date_dim_2.d_year
|  |  |  mem-estimate=2.10GB mem-reservation=34.00MB spill-buffer=2.00MB thread-reservation=0
|  |  |  tuple-ids=28 row-size=169B cardinality=1.99G cost=11732593545
|  |  |  in pipelines: 21(GETNEXT)
|  |  |
|  |  25:HASH JOIN [INNER JOIN, BROADCAST]
|  |  |  hash-table-id=13
|  |  |  hash predicates: tpcds_partitioned_parquet_snap.web_sales_0.ws_bill_customer_sk = tpcds_partitioned_parquet_snap.customer_2.c_customer_sk
|  |  |  fk/pk conjuncts: tpcds_partitioned_parquet_snap.web_sales_0.ws_bill_customer_sk = tpcds_partitioned_parquet_snap.customer_2.c_customer_sk
|  |  |  mem-estimate=0B mem-reservation=0B spill-buffer=2.00MB thread-reservation=0
|  |  |  tuple-ids=22,24,26 row-size=582B cardinality=1.99G cost=870015958
|  |  |  in pipelines: 21(GETNEXT), 24(OPEN)
|  |  |
|  |  |--F51:PLAN FRAGMENT [RANDOM] hosts=10 instances=10
|  |  |  |  Per-Instance Resources: mem-estimate=6.49GB mem-reservation=424.00MB thread-reservation=1 runtime-filters-memory=16.00MB
|  |  |  |  max-parallelism=10 segment-costs=[69869990]
|  |  |  JOIN BUILD
|  |  |  |  join-table-id=13 plan-id=14 cohort-id=07
|  |  |  |  build expressions: tpcds_partitioned_parquet_snap.customer_2.c_customer_sk
|  |  |  |  runtime filters: RF012[bloom] <- tpcds_partitioned_parquet_snap.customer_2.c_customer_sk, RF013[min_max] <- tpcds_partitioned_parquet_snap.customer_2.c_customer_sk
|  |  |  |  mem-estimate=6.46GB mem-reservation=408.00MB spill-buffer=2.00MB thread-reservation=0 cost=30000000
|  |  |  |
|  |  |  73:EXCHANGE [BROADCAST]
|  |  |  |  mem-estimate=12.04MB mem-reservation=0B thread-reservation=0
|  |  |  |  tuple-ids=26 row-size=204B cardinality=30.00M cost=39869990
|  |  |  |  in pipelines: 24(GETNEXT)
|  |  |  |
|  |  |  F15:PLAN FRAGMENT [RANDOM] hosts=10 instances=10
|  |  |  Per-Instance Resources: mem-estimate=16.81MB mem-reservation=1.00MB thread-reservation=1
|  |  |  max-parallelism=10 segment-costs=[64027278]
|  |  |  24:SCAN HDFS [tpcds_partitioned_parquet_snap.customer, RANDOM]
|  |  |     HDFS partitions=1/1 files=1 size=1.55GB
|  |  |     stored statistics:
|  |  |       table: rows=30.00M size=1.55GB
|  |  |       columns: all
|  |  |     extrapolated-rows=disabled max-scan-range-rows=3.10M
|  |  |     mem-estimate=16.00MB mem-reservation=1.00MB thread-reservation=0
|  |  |     tuple-ids=26 row-size=204B cardinality=30.00M cost=46823813
|  |  |     in pipelines: 24(GETNEXT)
|  |  |
|  |  23:HASH JOIN [INNER JOIN, BROADCAST]
|  |  |  hash-table-id=14
|  |  |  hash predicates: tpcds_partitioned_parquet_snap.web_sales_0.ws_sold_date_sk = tpcds_partitioned_parquet_snap.date_dim_2.d_date_sk
|  |  |  fk/pk conjuncts: tpcds_partitioned_parquet_snap.web_sales_0.ws_sold_date_sk = tpcds_partitioned_parquet_snap.date_dim_2.d_date_sk
|  |  |  mem-estimate=0B mem-reservation=0B spill-buffer=2.00MB thread-reservation=0
|  |  |  tuple-ids=22,24 row-size=377B cardinality=1.99G(filtered from 2.16G) cost=901231051
|  |  |  in pipelines: 21(GETNEXT), 22(OPEN)
|  |  |
|  |  |--F52:PLAN FRAGMENT [RANDOM] hosts=10 instances=10
|  |  |  |  Per-Instance Resources: mem-estimate=418.24MB mem-reservation=408.00MB thread-reservation=1
|  |  |  |  max-parallelism=10 segment-costs=[170129]
|  |  |  JOIN BUILD
|  |  |  |  join-table-id=14 plan-id=15 cohort-id=07
|  |  |  |  build expressions: tpcds_partitioned_parquet_snap.date_dim_2.d_date_sk
|  |  |  |  mem-estimate=408.00MB mem-reservation=408.00MB spill-buffer=2.00MB thread-reservation=0 cost=73049
|  |  |  |
|  |  |  72:EXCHANGE [BROADCAST]
|  |  |  |  mem-estimate=10.24MB mem-reservation=0B thread-reservation=0
|  |  |  |  tuple-ids=24 row-size=237B cardinality=73.05K cost=97080
|  |  |  |  in pipelines: 22(GETNEXT)
|  |  |  |
|  |  |  F14:PLAN FRAGMENT [RANDOM] hosts=1 instances=1
|  |  |  Per-Instance Resources: mem-estimate=16.94MB mem-reservation=4.00MB thread-reservation=1
|  |  |  max-parallelism=1 segment-costs=[158950]
|  |  |  22:SCAN HDFS [tpcds_partitioned_parquet_snap.date_dim, RANDOM]
|  |  |     HDFS partitions=1/1 files=1 size=2.17MB
|  |  |     stored statistics:
|  |  |       table: rows=73.05K size=2.17MB
|  |  |       columns: all
|  |  |     extrapolated-rows=disabled max-scan-range-rows=73.05K
|  |  |     mem-estimate=16.00MB mem-reservation=4.00MB thread-reservation=0
|  |  |     tuple-ids=24 row-size=237B cardinality=73.05K cost=110600
|  |  |     in pipelines: 22(GETNEXT)
|  |  |
|  |  21:SCAN HDFS [tpcds_partitioned_parquet_snap.web_sales, RANDOM]
|  |     HDFS partitions=1824/1824 files=1824 size=145.75GB
|  |     runtime filters: RF013[min_max] -> tpcds_partitioned_parquet_snap.web_sales_0.ws_bill_customer_sk, RF012[bloom] -> tpcds_partitioned_parquet_snap.web_sales_0.ws_bill_customer_sk
|  |     stored statistics:
|  |       table: rows=2.16G size=145.75GB
|  |       partitions: 1824/1824 rows=2.16G
|  |       columns: all
|  |     extrapolated-rows=disabled max-scan-range-rows=3.37M
|  |     mem-estimate=16.00MB mem-reservation=264.00KB thread-reservation=0
|  |     tuple-ids=22 row-size=140B cardinality=1.99G(filtered from 2.16G) cost=4354495421
|  |     in pipelines: 21(GETNEXT)
|  |
|  71:AGGREGATE [FINALIZE]
|  |  output: sum:merge(subtract(tpcds_partitioned_parquet_snap.store_sales_0.ss_ext_list_price, tpcds_partitioned_parquet_snap.store_sales_0.ss_ext_discount_amt))
|  |  group by: tpcds_partitioned_parquet_snap.customer_1.c_customer_id, tpcds_partitioned_parquet_snap.customer_1.c_first_name, tpcds_partitioned_parquet_snap.customer_1.c_last_name, tpcds_partitioned_parquet_snap.customer_1.c_preferred_cust_flag, tpcds_partitioned_parquet_snap.customer_1.c_birth_country, tpcds_partitioned_parquet_snap.customer_1.c_login, tpcds_partitioned_parquet_snap.customer_1.c_email_address, tpcds_partitioned_parquet_snap.date_dim_1.d_year
|  |  mem-estimate=4.17GB mem-reservation=34.00MB spill-buffer=2.00MB thread-reservation=0
|  |  tuple-ids=21 row-size=169B cardinality=5.88G cost=37464857383
|  |  in pipelines: 71(GETNEXT), 15(OPEN)
|  |
|  70:EXCHANGE [HASH(tpcds_partitioned_parquet_snap.customer_1.c_customer_id,tpcds_partitioned_parquet_snap.customer_1.c_first_name,tpcds_partitioned_parquet_snap.customer_1.c_last_name,tpcds_partitioned_parquet_snap.customer_1.c_preferred_cust_flag,tpcds_partitioned_parquet_snap.customer_1.c_birth_country,tpcds_partitioned_parquet_snap.customer_1.c_login,tpcds_partitioned_parquet_snap.customer_1.c_email_address,tpcds_partitioned_parquet_snap.date_dim_1.d_year)]
|  |  mem-estimate=30.29MB mem-reservation=0B thread-reservation=0
|  |  tuple-ids=21 row-size=169B cardinality=7.89G cost=7012748222
|  |  in pipelines: 15(GETNEXT)
|  |
|  F09:PLAN FRAGMENT [RANDOM] hosts=10 instances=120
|  Per-Host Shared Resources: mem-estimate=16.00MB mem-reservation=16.00MB thread-reservation=0 runtime-filters-memory=16.00MB
|  Per-Instance Resources: mem-estimate=4.26GB mem-reservation=42.00MB thread-reservation=1
|  max-parallelism=1824 segment-costs=[65629013155, 89974606443] cpu-comparison-result=120 [max(120 (self) vs 31 (sum children))]
|  20:AGGREGATE [STREAMING]
|  |  output: sum(subtract(tpcds_partitioned_parquet_snap.store_sales_0.ss_ext_list_price, tpcds_partitioned_parquet_snap.store_sales_0.ss_ext_discount_amt))
|  |  group by: tpcds_partitioned_parquet_snap.customer_1.c_customer_id, tpcds_partitioned_parquet_snap.customer_1.c_first_name, tpcds_partitioned_parquet_snap.customer_1.c_last_name, tpcds_partitioned_parquet_snap.customer_1.c_preferred_cust_flag, tpcds_partitioned_parquet_snap.customer_1.c_birth_country, tpcds_partitioned_parquet_snap.customer_1.c_login, tpcds_partitioned_parquet_snap.customer_1.c_email_address, tpcds_partitioned_parquet_snap.date_dim_1.d_year
|  |  mem-estimate=4.17GB mem-reservation=34.00MB spill-buffer=2.00MB thread-reservation=0
|  |  tuple-ids=21 row-size=169B cardinality=7.89G cost=46613754103
|  |  in pipelines: 15(GETNEXT)
|  |
|  19:HASH JOIN [INNER JOIN, BROADCAST]
|  |  hash-table-id=11
|  |  hash predicates: tpcds_partitioned_parquet_snap.store_sales_0.ss_customer_sk = tpcds_partitioned_parquet_snap.customer_1.c_customer_sk
|  |  fk/pk conjuncts: tpcds_partitioned_parquet_snap.store_sales_0.ss_customer_sk = tpcds_partitioned_parquet_snap.customer_1.c_customer_sk
|  |  mem-estimate=0B mem-reservation=0B spill-buffer=2.00MB thread-reservation=0
|  |  tuple-ids=15,17,19 row-size=538B cardinality=7.93G cost=3471497176
|  |  in pipelines: 15(GETNEXT), 18(OPEN)
|  |
|  |--F49:PLAN FRAGMENT [RANDOM] hosts=10 instances=10
|  |  |  Per-Instance Resources: mem-estimate=6.49GB mem-reservation=424.00MB thread-reservation=1 runtime-filters-memory=16.00MB
|  |  |  max-parallelism=10 segment-costs=[69869990]
|  |  JOIN BUILD
|  |  |  join-table-id=11 plan-id=12 cohort-id=06
|  |  |  build expressions: tpcds_partitioned_parquet_snap.customer_1.c_customer_sk
|  |  |  runtime filters: RF008[bloom] <- tpcds_partitioned_parquet_snap.customer_1.c_customer_sk, RF009[min_max] <- tpcds_partitioned_parquet_snap.customer_1.c_customer_sk
|  |  |  mem-estimate=6.46GB mem-reservation=408.00MB spill-buffer=2.00MB thread-reservation=0 cost=30000000
|  |  |
|  |  69:EXCHANGE [BROADCAST]
|  |  |  mem-estimate=12.04MB mem-reservation=0B thread-reservation=0
|  |  |  tuple-ids=19 row-size=204B cardinality=30.00M cost=39869990
|  |  |  in pipelines: 18(GETNEXT)
|  |  |
|  |  F11:PLAN FRAGMENT [RANDOM] hosts=10 instances=10
|  |  Per-Instance Resources: mem-estimate=16.81MB mem-reservation=1.00MB thread-reservation=1
|  |  max-parallelism=10 segment-costs=[64027278]
|  |  18:SCAN HDFS [tpcds_partitioned_parquet_snap.customer, RANDOM]
|  |     HDFS partitions=1/1 files=1 size=1.55GB
|  |     stored statistics:
|  |       table: rows=30.00M size=1.55GB
|  |       columns: all
|  |     extrapolated-rows=disabled max-scan-range-rows=3.10M
|  |     mem-estimate=16.00MB mem-reservation=1.00MB thread-reservation=0
|  |     tuple-ids=19 row-size=204B cardinality=30.00M cost=46823813
|  |     in pipelines: 18(GETNEXT)
|  |
|  17:HASH JOIN [INNER JOIN, BROADCAST]
|  |  hash-table-id=12
|  |  hash predicates: tpcds_partitioned_parquet_snap.store_sales_0.ss_sold_date_sk = tpcds_partitioned_parquet_snap.date_dim_1.d_date_sk
|  |  fk/pk conjuncts: tpcds_partitioned_parquet_snap.store_sales_0.ss_sold_date_sk = tpcds_partitioned_parquet_snap.date_dim_1.d_date_sk
|  |  mem-estimate=0B mem-reservation=0B spill-buffer=2.00MB thread-reservation=0
|  |  tuple-ids=15,17 row-size=333B cardinality=7.93G(filtered from 8.64G) cost=3599915466
|  |  in pipelines: 15(GETNEXT), 16(OPEN)
|  |
|  |--F50:PLAN FRAGMENT [RANDOM] hosts=10 instances=10
|  |  |  Per-Instance Resources: mem-estimate=418.24MB mem-reservation=408.00MB thread-reservation=1
|  |  |  max-parallelism=10 segment-costs=[170129]
|  |  JOIN BUILD
|  |  |  join-table-id=12 plan-id=13 cohort-id=06
|  |  |  build expressions: tpcds_partitioned_parquet_snap.date_dim_1.d_date_sk
|  |  |  mem-estimate=408.00MB mem-reservation=408.00MB spill-buffer=2.00MB thread-reservation=0 cost=73049
|  |  |
|  |  68:EXCHANGE [BROADCAST]
|  |  |  mem-estimate=10.24MB mem-reservation=0B thread-reservation=0
|  |  |  tuple-ids=17 row-size=237B cardinality=73.05K cost=97080
|  |  |  in pipelines: 16(GETNEXT)
|  |  |
|  |  F10:PLAN FRAGMENT [RANDOM] hosts=1 instances=1
|  |  Per-Instance Resources: mem-estimate=16.94MB mem-reservation=4.00MB thread-reservation=1
|  |  max-parallelism=1 segment-costs=[158950]
|  |  16:SCAN HDFS [tpcds_partitioned_parquet_snap.date_dim, RANDOM]
|  |     HDFS partitions=1/1 files=1 size=2.17MB
|  |     stored statistics:
|  |       table: rows=73.05K size=2.17MB
|  |       columns: all
|  |     extrapolated-rows=disabled max-scan-range-rows=73.05K
|  |     mem-estimate=16.00MB mem-reservation=4.00MB thread-reservation=0
|  |     tuple-ids=17 row-size=237B cardinality=73.05K cost=110600
|  |     in pipelines: 16(GETNEXT)
|  |
|  15:SCAN HDFS [tpcds_partitioned_parquet_snap.store_sales, RANDOM]
|     HDFS partitions=1824/1824 files=1824 size=389.90GB
|     runtime filters: RF009[min_max] -> tpcds_partitioned_parquet_snap.store_sales_0.ss_customer_sk, RF008[bloom] -> tpcds_partitioned_parquet_snap.store_sales_0.ss_customer_sk
|     stored statistics:
|       table: rows=8.64G size=389.90GB
|       partitions: 1824/1824 rows=8.64G
|       columns: all
|     extrapolated-rows=disabled max-scan-range-rows=390.22M
|     mem-estimate=16.00MB mem-reservation=8.00MB thread-reservation=0
|     tuple-ids=15 row-size=96B cardinality=7.93G(filtered from 8.64G) cost=11943846410
|     in pipelines: 15(GETNEXT)
|
76:EXCHANGE [HASH(CUSTOMER_ID)]
|  mem-estimate=24.06MB mem-reservation=0B thread-reservation=0
|  tuple-ids=14 row-size=116B cardinality=786.77M cost=507230570
|  in pipelines: 63(GETNEXT), 67(GETNEXT)
|
F08:PLAN FRAGMENT [RANDOM] hosts=10 instances=120
Per-Instance Resources: mem-estimate=4.23GB mem-reservation=34.00MB thread-reservation=1
max-parallelism=120 segment-costs=[44477605605, 13500002573, 25113538540] cpu-comparison-result=240 [max(120 (self) vs 240 (sum children))]
13:SELECT
|  predicates: DYEAR = add(CAST(1998 AS INT), CAST(1 AS INT)), SALE_TYPE = 'w'
|  mem-estimate=0B mem-reservation=0B thread-reservation=0
|  tuple-ids=14 row-size=116B cardinality=786.77M cost=15735398400
|  in pipelines: 63(GETNEXT), 67(GETNEXT)
|
00:UNION
|  mem-estimate=0B mem-reservation=0B thread-reservation=0
|  tuple-ids=14 row-size=116B cardinality=7.87G cost=3095310235
|  in pipelines: 63(GETNEXT), 67(GETNEXT)
|
|--67:AGGREGATE [FINALIZE]
|  |  output: sum:merge(subtract(tpcds_partitioned_parquet_snap.web_sales.ws_ext_list_price, tpcds_partitioned_parquet_snap.web_sales.ws_ext_discount_amt))
|  |  group by: tpcds_partitioned_parquet_snap.customer_0.c_customer_id, tpcds_partitioned_parquet_snap.customer_0.c_first_name, tpcds_partitioned_parquet_snap.customer_0.c_last_name, tpcds_partitioned_parquet_snap.customer_0.c_preferred_cust_flag, tpcds_partitioned_parquet_snap.customer_0.c_birth_country, tpcds_partitioned_parquet_snap.customer_0.c_login, tpcds_partitioned_parquet_snap.customer_0.c_email_address, tpcds_partitioned_parquet_snap.date_dim_0.d_year
|  |  mem-estimate=2.79GB mem-reservation=34.00MB spill-buffer=2.00MB thread-reservation=0
|  |  tuple-ids=13 row-size=169B cardinality=1.99G cost=11732593545
|  |  in pipelines: 67(GETNEXT), 07(OPEN)
|  |
|  66:EXCHANGE [HASH(tpcds_partitioned_parquet_snap.customer_0.c_customer_id,tpcds_partitioned_parquet_snap.customer_0.c_first_name,tpcds_partitioned_parquet_snap.customer_0.c_last_name,tpcds_partitioned_parquet_snap.customer_0.c_preferred_cust_flag,tpcds_partitioned_parquet_snap.customer_0.c_birth_country,tpcds_partitioned_parquet_snap.customer_0.c_login,tpcds_partitioned_parquet_snap.customer_0.c_email_address,tpcds_partitioned_parquet_snap.date_dim_0.d_year)]
|  |  mem-estimate=30.29MB mem-reservation=0B thread-reservation=0
|  |  tuple-ids=13 row-size=169B cardinality=1.99G cost=1767409028
|  |  in pipelines: 07(GETNEXT)
|  |
|  F04:PLAN FRAGMENT [RANDOM] hosts=10 instances=120
|  Per-Host Shared Resources: mem-estimate=17.00MB mem-reservation=17.00MB thread-reservation=0 runtime-filters-memory=17.00MB
|  Per-Instance Resources: mem-estimate=2.19GB mem-reservation=34.26MB thread-reservation=1
|  max-parallelism=1824 segment-costs=[17858335975, 22676121640] cpu-comparison-result=120 [max(120 (self) vs 31 (sum children))]
|  12:AGGREGATE [STREAMING]
|  |  output: sum(subtract(tpcds_partitioned_parquet_snap.web_sales.ws_ext_list_price, tpcds_partitioned_parquet_snap.web_sales.ws_ext_discount_amt))
|  |  group by: tpcds_partitioned_parquet_snap.customer_0.c_customer_id, tpcds_partitioned_parquet_snap.customer_0.c_first_name, tpcds_partitioned_parquet_snap.customer_0.c_last_name, tpcds_partitioned_parquet_snap.customer_0.c_preferred_cust_flag, tpcds_partitioned_parquet_snap.customer_0.c_birth_country, tpcds_partitioned_parquet_snap.customer_0.c_login, tpcds_partitioned_parquet_snap.customer_0.c_email_address, tpcds_partitioned_parquet_snap.date_dim_0.d_year
|  |  mem-estimate=2.10GB mem-reservation=34.00MB spill-buffer=2.00MB thread-reservation=0
|  |  tuple-ids=13 row-size=169B cardinality=1.99G cost=11732593545
|  |  in pipelines: 07(GETNEXT)
|  |
|  11:HASH JOIN [INNER JOIN, BROADCAST]
|  |  hash-table-id=17
|  |  hash predicates: tpcds_partitioned_parquet_snap.web_sales.ws_bill_customer_sk = tpcds_partitioned_parquet_snap.customer_0.c_customer_sk
|  |  fk/pk conjuncts: tpcds_partitioned_parquet_snap.web_sales.ws_bill_customer_sk = tpcds_partitioned_parquet_snap.customer_0.c_customer_sk
|  |  mem-estimate=0B mem-reservation=0B spill-buffer=2.00MB thread-reservation=0
|  |  tuple-ids=7,9,11 row-size=582B cardinality=1.99G cost=870015958
|  |  in pipelines: 07(GETNEXT), 10(OPEN)
|  |
|  |--F55:PLAN FRAGMENT [RANDOM] hosts=10 instances=10
|  |  |  Per-Instance Resources: mem-estimate=6.49GB mem-reservation=424.00MB thread-reservation=1 runtime-filters-memory=16.00MB
|  |  |  max-parallelism=10 segment-costs=[69869990]
|  |  JOIN BUILD
|  |  |  join-table-id=17 plan-id=18 cohort-id=01
|  |  |  build expressions: tpcds_partitioned_parquet_snap.customer_0.c_customer_sk
|  |  |  runtime filters: RF004[bloom] <- tpcds_partitioned_parquet_snap.customer_0.c_customer_sk, RF005[min_max] <- tpcds_partitioned_parquet_snap.customer_0.c_customer_sk
|  |  |  mem-estimate=6.46GB mem-reservation=408.00MB spill-buffer=2.00MB thread-reservation=0 cost=30000000
|  |  |
|  |  65:EXCHANGE [BROADCAST]
|  |  |  mem-estimate=12.04MB mem-reservation=0B thread-reservation=0
|  |  |  tuple-ids=11 row-size=204B cardinality=30.00M cost=39869990
|  |  |  in pipelines: 10(GETNEXT)
|  |  |
|  |  F06:PLAN FRAGMENT [RANDOM] hosts=10 instances=10
|  |  Per-Instance Resources: mem-estimate=16.81MB mem-reservation=1.00MB thread-reservation=1
|  |  max-parallelism=10 segment-costs=[64027278]
|  |  10:SCAN HDFS [tpcds_partitioned_parquet_snap.customer, RANDOM]
|  |     HDFS partitions=1/1 files=1 size=1.55GB
|  |     stored statistics:
|  |       table: rows=30.00M size=1.55GB
|  |       columns: all
|  |     extrapolated-rows=disabled max-scan-range-rows=3.10M
|  |     mem-estimate=16.00MB mem-reservation=1.00MB thread-reservation=0
|  |     tuple-ids=11 row-size=204B cardinality=30.00M cost=46823813
|  |     in pipelines: 10(GETNEXT)
|  |
|  09:HASH JOIN [INNER JOIN, BROADCAST]
|  |  hash-table-id=18
|  |  hash predicates: tpcds_partitioned_parquet_snap.web_sales.ws_sold_date_sk = tpcds_partitioned_parquet_snap.date_dim_0.d_date_sk
|  |  fk/pk conjuncts: tpcds_partitioned_parquet_snap.web_sales.ws_sold_date_sk = tpcds_partitioned_parquet_snap.date_dim_0.d_date_sk
|  |  mem-estimate=0B mem-reservation=0B spill-buffer=2.00MB thread-reservation=0
|  |  tuple-ids=7,9 row-size=377B cardinality=1.99G(filtered from 2.16G) cost=901231051
|  |  in pipelines: 07(GETNEXT), 08(OPEN)
|  |
|  |--F56:PLAN FRAGMENT [RANDOM] hosts=10 instances=10
|  |  |  Per-Instance Resources: mem-estimate=419.24MB mem-reservation=409.00MB thread-reservation=1 runtime-filters-memory=1.00MB
|  |  |  max-parallelism=10 segment-costs=[170129]
|  |  JOIN BUILD
|  |  |  join-table-id=18 plan-id=19 cohort-id=01
|  |  |  build expressions: tpcds_partitioned_parquet_snap.date_dim_0.d_date_sk
|  |  |  runtime filters: RF006[bloom] <- tpcds_partitioned_parquet_snap.date_dim_0.d_date_sk
|  |  |  mem-estimate=408.00MB mem-reservation=408.00MB spill-buffer=2.00MB thread-reservation=0 cost=73049
|  |  |
|  |  64:EXCHANGE [BROADCAST]
|  |  |  mem-estimate=10.24MB mem-reservation=0B thread-reservation=0
|  |  |  tuple-ids=9 row-size=237B cardinality=73.05K cost=97080
|  |  |  in pipelines: 08(GETNEXT)
|  |  |
|  |  F05:PLAN FRAGMENT [RANDOM] hosts=1 instances=1
|  |  Per-Instance Resources: mem-estimate=16.94MB mem-reservation=4.00MB thread-reservation=1
|  |  max-parallelism=1 segment-costs=[158950]
|  |  08:SCAN HDFS [tpcds_partitioned_parquet_snap.date_dim, RANDOM]
|  |     HDFS partitions=1/1 files=1 size=2.17MB
|  |     stored statistics:
|  |       table: rows=73.05K size=2.17MB
|  |       columns: all
|  |     extrapolated-rows=disabled max-scan-range-rows=73.05K
|  |     mem-estimate=16.00MB mem-reservation=4.00MB thread-reservation=0
|  |     tuple-ids=9 row-size=237B cardinality=73.05K cost=110600
|  |     in pipelines: 08(GETNEXT)
|  |
|  07:SCAN HDFS [tpcds_partitioned_parquet_snap.web_sales, RANDOM]
|     HDFS partitions=1824/1824 files=1824 size=145.75GB
|     runtime filters: RF005[min_max] -> tpcds_partitioned_parquet_snap.web_sales.ws_bill_customer_sk, RF004[bloom] -> tpcds_partitioned_parquet_snap.web_sales.ws_bill_customer_sk, RF006[bloom] -> tpcds_partitioned_parquet_snap.web_sales.ws_sold_date_sk
|     stored statistics:
|       table: rows=2.16G size=145.75GB
|       partitions: 1824/1824 rows=2.16G
|       columns: all
|     extrapolated-rows=disabled max-scan-range-rows=3.37M
|     mem-estimate=16.00MB mem-reservation=264.00KB thread-reservation=0
|     tuple-ids=7 row-size=140B cardinality=1.99G(filtered from 2.16G) cost=4354495421
|     in pipelines: 07(GETNEXT)
|
63:AGGREGATE [FINALIZE]
|  output: sum:merge(subtract(tpcds_partitioned_parquet_snap.store_sales.ss_ext_list_price, tpcds_partitioned_parquet_snap.store_sales.ss_ext_discount_amt))
|  group by: tpcds_partitioned_parquet_snap.customer.c_customer_id, tpcds_partitioned_parquet_snap.customer.c_first_name, tpcds_partitioned_parquet_snap.customer.c_last_name, tpcds_partitioned_parquet_snap.customer.c_preferred_cust_flag, tpcds_partitioned_parquet_snap.customer.c_birth_country, tpcds_partitioned_parquet_snap.customer.c_login, tpcds_partitioned_parquet_snap.customer.c_email_address, tpcds_partitioned_parquet_snap.date_dim.d_year
|  mem-estimate=4.17GB mem-reservation=34.00MB spill-buffer=2.00MB thread-reservation=0
|  tuple-ids=6 row-size=169B cardinality=5.88G cost=37464857383
|  in pipelines: 63(GETNEXT), 01(OPEN)
|
62:EXCHANGE [HASH(tpcds_partitioned_parquet_snap.customer.c_customer_id,tpcds_partitioned_parquet_snap.customer.c_first_name,tpcds_partitioned_parquet_snap.customer.c_last_name,tpcds_partitioned_parquet_snap.customer.c_preferred_cust_flag,tpcds_partitioned_parquet_snap.customer.c_birth_country,tpcds_partitioned_parquet_snap.customer.c_login,tpcds_partitioned_parquet_snap.customer.c_email_address,tpcds_partitioned_parquet_snap.date_dim.d_year)]
|  mem-estimate=30.29MB mem-reservation=0B thread-reservation=0
|  tuple-ids=6 row-size=169B cardinality=7.89G cost=7012748222
|  in pipelines: 01(GETNEXT)
|
F00:PLAN FRAGMENT [RANDOM] hosts=10 instances=120
Per-Host Shared Resources: mem-estimate=17.00MB mem-reservation=17.00MB thread-reservation=0 runtime-filters-memory=17.00MB
Per-Instance Resources: mem-estimate=4.26GB mem-reservation=42.00MB thread-reservation=1
max-parallelism=1824 segment-costs=[65629013155, 89974606443] cpu-comparison-result=120 [max(120 (self) vs 31 (sum children))]
06:AGGREGATE [STREAMING]
|  output: sum(subtract(tpcds_partitioned_parquet_snap.store_sales.ss_ext_list_price, tpcds_partitioned_parquet_snap.store_sales.ss_ext_discount_amt))
|  group by: tpcds_partitioned_parquet_snap.customer.c_customer_id, tpcds_partitioned_parquet_snap.customer.c_first_name, tpcds_partitioned_parquet_snap.customer.c_last_name, tpcds_partitioned_parquet_snap.customer.c_preferred_cust_flag, tpcds_partitioned_parquet_snap.customer.c_birth_country, tpcds_partitioned_parquet_snap.customer.c_login, tpcds_partitioned_parquet_snap.customer.c_email_address, tpcds_partitioned_parquet_snap.date_dim.d_year
|  mem-estimate=4.17GB mem-reservation=34.00MB spill-buffer=2.00MB thread-reservation=0
|  tuple-ids=6 row-size=169B cardinality=7.89G cost=46613754103
|  in pipelines: 01(GETNEXT)
|
05:HASH JOIN [INNER JOIN, BROADCAST]
|  hash-table-id=15
|  hash predicates: tpcds_partitioned_parquet_snap.store_sales.ss_customer_sk = tpcds_partitioned_parquet_snap.customer.c_customer_sk
|  fk/pk conjuncts: tpcds_partitioned_parquet_snap.store_sales.ss_customer_sk = tpcds_partitioned_parquet_snap.customer.c_customer_sk
|  mem-estimate=0B mem-reservation=0B spill-buffer=2.00MB thread-reservation=0
|  tuple-ids=0,2,4 row-size=538B cardinality=7.93G cost=3471497176
|  in pipelines: 01(GETNEXT), 04(OPEN)
|
|--F53:PLAN FRAGMENT [RANDOM] hosts=10 instances=10
|  |  Per-Instance Resources: mem-estimate=6.49GB mem-reservation=424.00MB thread-reservation=1 runtime-filters-memory=16.00MB
|  |  max-parallelism=10 segment-costs=[69869990]
|  JOIN BUILD
|  |  join-table-id=15 plan-id=16 cohort-id=01
|  |  build expressions: tpcds_partitioned_parquet_snap.customer.c_customer_sk
|  |  runtime filters: RF000[bloom] <- tpcds_partitioned_parquet_snap.customer.c_customer_sk, RF001[min_max] <- tpcds_partitioned_parquet_snap.customer.c_customer_sk
|  |  mem-estimate=6.46GB mem-reservation=408.00MB spill-buffer=2.00MB thread-reservation=0 cost=30000000
|  |
|  61:EXCHANGE [BROADCAST]
|  |  mem-estimate=12.04MB mem-reservation=0B thread-reservation=0
|  |  tuple-ids=4 row-size=204B cardinality=30.00M cost=39869990
|  |  in pipelines: 04(GETNEXT)
|  |
|  F02:PLAN FRAGMENT [RANDOM] hosts=10 instances=10
|  Per-Instance Resources: mem-estimate=16.81MB mem-reservation=1.00MB thread-reservation=1
|  max-parallelism=10 segment-costs=[64027278]
|  04:SCAN HDFS [tpcds_partitioned_parquet_snap.customer, RANDOM]
|     HDFS partitions=1/1 files=1 size=1.55GB
|     stored statistics:
|       table: rows=30.00M size=1.55GB
|       columns: all
|     extrapolated-rows=disabled max-scan-range-rows=3.10M
|     mem-estimate=16.00MB mem-reservation=1.00MB thread-reservation=0
|     tuple-ids=4 row-size=204B cardinality=30.00M cost=46823813
|     in pipelines: 04(GETNEXT)
|
03:HASH JOIN [INNER JOIN, BROADCAST]
|  hash-table-id=16
|  hash predicates: tpcds_partitioned_parquet_snap.store_sales.ss_sold_date_sk = tpcds_partitioned_parquet_snap.date_dim.d_date_sk
|  fk/pk conjuncts: tpcds_partitioned_parquet_snap.store_sales.ss_sold_date_sk = tpcds_partitioned_parquet_snap.date_dim.d_date_sk
|  mem-estimate=0B mem-reservation=0B spill-buffer=2.00MB thread-reservation=0
|  tuple-ids=0,2 row-size=333B cardinality=7.93G(filtered from 8.64G) cost=3599915466
|  in pipelines: 01(GETNEXT), 02(OPEN)
|
|--F54:PLAN FRAGMENT [RANDOM] hosts=10 instances=10
|  |  Per-Instance Resources: mem-estimate=419.24MB mem-reservation=409.00MB thread-reservation=1 runtime-filters-memory=1.00MB
|  |  max-parallelism=10 segment-costs=[170129]
|  JOIN BUILD
|  |  join-table-id=16 plan-id=17 cohort-id=01
|  |  build expressions: tpcds_partitioned_parquet_snap.date_dim.d_date_sk
|  |  runtime filters: RF002[bloom] <- tpcds_partitioned_parquet_snap.date_dim.d_date_sk
|  |  mem-estimate=408.00MB mem-reservation=408.00MB spill-buffer=2.00MB thread-reservation=0 cost=73049
|  |
|  60:EXCHANGE [BROADCAST]
|  |  mem-estimate=10.24MB mem-reservation=0B thread-reservation=0
|  |  tuple-ids=2 row-size=237B cardinality=73.05K cost=97080
|  |  in pipelines: 02(GETNEXT)
|  |
|  F01:PLAN FRAGMENT [RANDOM] hosts=1 instances=1
|  Per-Instance Resources: mem-estimate=16.94MB mem-reservation=4.00MB thread-reservation=1
|  max-parallelism=1 segment-costs=[158950]
|  02:SCAN HDFS [tpcds_partitioned_parquet_snap.date_dim, RANDOM]
|     HDFS partitions=1/1 files=1 size=2.17MB
|     stored statistics:
|       table: rows=73.05K size=2.17MB
|       columns: all
|     extrapolated-rows=disabled max-scan-range-rows=73.05K
|     mem-estimate=16.00MB mem-reservation=4.00MB thread-reservation=0
|     tuple-ids=2 row-size=237B cardinality=73.05K cost=110600
|     in pipelines: 02(GETNEXT)
|
01:SCAN HDFS [tpcds_partitioned_parquet_snap.store_sales, RANDOM]
   HDFS partitions=1824/1824 files=1824 size=389.90GB
   runtime filters: RF001[min_max] -> tpcds_partitioned_parquet_snap.store_sales.ss_customer_sk, RF000[bloom] -> tpcds_partitioned_parquet_snap.store_sales.ss_customer_sk, RF002[bloom] -> tpcds_partitioned_parquet_snap.store_sales.ss_sold_date_sk
   stored statistics:
     table: rows=8.64G size=389.90GB
     partitions: 1824/1824 rows=8.64G
     columns: all
   extrapolated-rows=disabled max-scan-range-rows=390.22M
   mem-estimate=16.00MB mem-reservation=8.00MB thread-reservation=0
   tuple-ids=0 row-size=96B cardinality=7.93G(filtered from 8.64G) cost=11943846410
   in pipelines: 01(GETNEXT)
---- PARALLELPLANS
Max Per-Host Resource Reservation: Memory=12.54GB Threads=205
Per-Host Resource Estimates: Memory=601.59GB
F37:PLAN FRAGMENT [UNPARTITIONED] hosts=1 instances=1
|  Per-Instance Resources: mem-estimate=4.35MB mem-reservation=4.00MB thread-reservation=1
|  max-parallelism=1 segment-costs=[434] cpu-comparison-result=960 [max(1 (self) vs 960 (sum children))]
PLAN-ROOT SINK
|  output exprs: CUSTOMER_ID, CUSTOMER_FIRST_NAME, CUSTOMER_LAST_NAME, CUSTOMER_LOGIN
|  mem-estimate=4.00MB mem-reservation=4.00MB spill-buffer=2.00MB thread-reservation=0 cost=400
|
96:MERGING-EXCHANGE [UNPARTITIONED]
|  order by: CUSTOMER_ID ASC NULLS LAST, CUSTOMER_FIRST_NAME ASC NULLS LAST, CUSTOMER_LAST_NAME ASC NULLS LAST, CUSTOMER_LOGIN ASC NULLS LAST
|  limit: 100
|  mem-estimate=355.94KB mem-reservation=0B thread-reservation=0
|  tuple-ids=60 row-size=48B cardinality=100 cost=34
|  in pipelines: 59(GETNEXT)
|
F18:PLAN FRAGMENT [HASH(CUSTOMER_ID)] hosts=10 instances=70 (adjusted from 120)
Per-Instance Resources: mem-estimate=24.07MB mem-reservation=0B thread-reservation=1
max-parallelism=1470 segment-costs=[14648759435, 157] cpu-comparison-result=960 [max(70 (self) vs 960 (sum children))]
59:TOP-N [LIMIT=100]
|  order by: CUSTOMER_ID ASC NULLS LAST, CUSTOMER_FIRST_NAME ASC NULLS LAST, CUSTOMER_LAST_NAME ASC NULLS LAST, CUSTOMER_LOGIN ASC NULLS LAST
|  mem-estimate=4.69KB mem-reservation=0B thread-reservation=0
|  tuple-ids=60 row-size=48B cardinality=100 cost=13108421280
|  in pipelines: 59(GETNEXT), 63(OPEN), 67(OPEN)
|
58:HASH JOIN [INNER JOIN, PARTITIONED]
|  hash-table-id=00
|  hash predicates: CUSTOMER_ID = CUSTOMER_ID
|  fk/pk conjuncts: assumed fk/pk
|  other join predicates: CASE WHEN YEAR_TOTAL > CAST(0 AS DECIMAL(3,0)) THEN divide(YEAR_TOTAL, YEAR_TOTAL) ELSE CAST(0 AS DECIMAL(38,6)) END > CASE WHEN YEAR_TOTAL > CAST(0 AS DECIMAL(3,0)) THEN divide(YEAR_TOTAL, YEAR_TOTAL) ELSE CAST(0 AS DECIMAL(38,6)) END
|  mem-estimate=0B mem-reservation=0B spill-buffer=2.00MB thread-reservation=0
|  tuple-ids=14,29,44,59 row-size=464B cardinality=786.77M cost=344369195
|  in pipelines: 63(GETNEXT), 67(GETNEXT), 90(OPEN), 94(OPEN)
|
|--F38:PLAN FRAGMENT [HASH(CUSTOMER_ID)] hosts=10 instances=70 (adjusted from 120)
|  |  Per-Instance Resources: mem-estimate=1.58GB mem-reservation=34.00MB thread-reservation=1
|  |  max-parallelism=1470 segment-costs=[1294000494] cpu-comparison-result=240 [max(70 (self) vs 240 (sum children))]
|  JOIN BUILD
|  |  join-table-id=00 plan-id=01 cohort-id=01
|  |  build expressions: CUSTOMER_ID
|  |  mem-estimate=1.56GB mem-reservation=34.00MB spill-buffer=2.00MB thread-reservation=0 cost=786769924
|  |
|  95:EXCHANGE [HASH(CUSTOMER_ID)]
|  |  mem-estimate=24.06MB mem-reservation=0B thread-reservation=0
|  |  tuple-ids=59 row-size=116B cardinality=786.77M cost=507230570
|  |  in pipelines: 90(GETNEXT), 94(GETNEXT)
|  |
|  F36:PLAN FRAGMENT [RANDOM] hosts=10 instances=120
|  Per-Instance Resources: mem-estimate=4.23GB mem-reservation=34.00MB thread-reservation=1
|  max-parallelism=120 segment-costs=[44477605605, 13500002573, 25113538540] cpu-comparison-result=240 [max(120 (self) vs 240 (sum children))]
|  57:SELECT
|  |  predicates: DYEAR = add(CAST(1998 AS INT), CAST(1 AS INT)), SALE_TYPE = 's'
|  |  mem-estimate=0B mem-reservation=0B thread-reservation=0
|  |  tuple-ids=59 row-size=116B cardinality=786.77M cost=15735398400
|  |  in pipelines: 90(GETNEXT), 94(GETNEXT)
|  |
|  44:UNION
|  |  mem-estimate=0B mem-reservation=0B thread-reservation=0
|  |  tuple-ids=59 row-size=116B cardinality=7.87G cost=3095310235
|  |  in pipelines: 90(GETNEXT), 94(GETNEXT)
|  |
|  |--94:AGGREGATE [FINALIZE]
|  |  |  output: sum:merge(subtract(tpcds_partitioned_parquet_snap.web_sales_2.ws_ext_list_price, tpcds_partitioned_parquet_snap.web_sales_2.ws_ext_discount_amt))
|  |  |  group by: tpcds_partitioned_parquet_snap.customer_6.c_customer_id, tpcds_partitioned_parquet_snap.customer_6.c_first_name, tpcds_partitioned_parquet_snap.customer_6.c_last_name, tpcds_partitioned_parquet_snap.customer_6.c_preferred_cust_flag, tpcds_partitioned_parquet_snap.customer_6.c_birth_country, tpcds_partitioned_parquet_snap.customer_6.c_login, tpcds_partitioned_parquet_snap.customer_6.c_email_address, tpcds_partitioned_parquet_snap.date_dim_6.d_year
|  |  |  mem-estimate=2.79GB mem-reservation=34.00MB spill-buffer=2.00MB thread-reservation=0
|  |  |  tuple-ids=58 row-size=169B cardinality=1.99G cost=11732593545
|  |  |  in pipelines: 94(GETNEXT), 51(OPEN)
|  |  |
|  |  93:EXCHANGE [HASH(tpcds_partitioned_parquet_snap.customer_6.c_customer_id,tpcds_partitioned_parquet_snap.customer_6.c_first_name,tpcds_partitioned_parquet_snap.customer_6.c_last_name,tpcds_partitioned_parquet_snap.customer_6.c_preferred_cust_flag,tpcds_partitioned_parquet_snap.customer_6.c_birth_country,tpcds_partitioned_parquet_snap.customer_6.c_login,tpcds_partitioned_parquet_snap.customer_6.c_email_address,tpcds_partitioned_parquet_snap.date_dim_6.d_year)]
|  |  |  mem-estimate=30.29MB mem-reservation=0B thread-reservation=0
|  |  |  tuple-ids=58 row-size=169B cardinality=1.99G cost=1767409028
|  |  |  in pipelines: 51(GETNEXT)
|  |  |
|  |  F32:PLAN FRAGMENT [RANDOM] hosts=10 instances=120
|  |  Per-Host Shared Resources: mem-estimate=16.00MB mem-reservation=16.00MB thread-reservation=0 runtime-filters-memory=16.00MB
|  |  Per-Instance Resources: mem-estimate=2.19GB mem-reservation=34.26MB thread-reservation=1
|  |  max-parallelism=1824 segment-costs=[17858335975, 22676121640] cpu-comparison-result=120 [max(120 (self) vs 31 (sum children))]
|  |  56:AGGREGATE [STREAMING]
|  |  |  output: sum(subtract(tpcds_partitioned_parquet_snap.web_sales_2.ws_ext_list_price, tpcds_partitioned_parquet_snap.web_sales_2.ws_ext_discount_amt))
|  |  |  group by: tpcds_partitioned_parquet_snap.customer_6.c_customer_id, tpcds_partitioned_parquet_snap.customer_6.c_first_name, tpcds_partitioned_parquet_snap.customer_6.c_last_name, tpcds_partitioned_parquet_snap.customer_6.c_preferred_cust_flag, tpcds_partitioned_parquet_snap.customer_6.c_birth_country, tpcds_partitioned_parquet_snap.customer_6.c_login, tpcds_partitioned_parquet_snap.customer_6.c_email_address, tpcds_partitioned_parquet_snap.date_dim_6.d_year
|  |  |  mem-estimate=2.10GB mem-reservation=34.00MB spill-buffer=2.00MB thread-reservation=0
|  |  |  tuple-ids=58 row-size=169B cardinality=1.99G cost=11732593545
|  |  |  in pipelines: 51(GETNEXT)
|  |  |
|  |  55:HASH JOIN [INNER JOIN, BROADCAST]
|  |  |  hash-table-id=03
|  |  |  hash predicates: tpcds_partitioned_parquet_snap.web_sales_2.ws_bill_customer_sk = tpcds_partitioned_parquet_snap.customer_6.c_customer_sk
|  |  |  fk/pk conjuncts: tpcds_partitioned_parquet_snap.web_sales_2.ws_bill_customer_sk = tpcds_partitioned_parquet_snap.customer_6.c_customer_sk
|  |  |  mem-estimate=0B mem-reservation=0B spill-buffer=2.00MB thread-reservation=0
|  |  |  tuple-ids=52,54,56 row-size=582B cardinality=1.99G cost=870015958
|  |  |  in pipelines: 51(GETNEXT), 54(OPEN)
|  |  |
|  |  |--F41:PLAN FRAGMENT [RANDOM] hosts=10 instances=10
|  |  |  |  Per-Instance Resources: mem-estimate=6.49GB mem-reservation=424.00MB thread-reservation=1 runtime-filters-memory=16.00MB
|  |  |  |  max-parallelism=10 segment-costs=[69869990]
|  |  |  JOIN BUILD
|  |  |  |  join-table-id=03 plan-id=04 cohort-id=03
|  |  |  |  build expressions: tpcds_partitioned_parquet_snap.customer_6.c_customer_sk
|  |  |  |  runtime filters: RF028[bloom] <- tpcds_partitioned_parquet_snap.customer_6.c_customer_sk, RF029[min_max] <- tpcds_partitioned_parquet_snap.customer_6.c_customer_sk
|  |  |  |  mem-estimate=6.46GB mem-reservation=408.00MB spill-buffer=2.00MB thread-reservation=0 cost=30000000
|  |  |  |
|  |  |  92:EXCHANGE [BROADCAST]
|  |  |  |  mem-estimate=12.04MB mem-reservation=0B thread-reservation=0
|  |  |  |  tuple-ids=56 row-size=204B cardinality=30.00M cost=39869990
|  |  |  |  in pipelines: 54(GETNEXT)
|  |  |  |
|  |  |  F34:PLAN FRAGMENT [RANDOM] hosts=10 instances=10
|  |  |  Per-Instance Resources: mem-estimate=16.81MB mem-reservation=1.00MB thread-reservation=1
|  |  |  max-parallelism=10 segment-costs=[64027278]
|  |  |  54:SCAN HDFS [tpcds_partitioned_parquet_snap.customer, RANDOM]
|  |  |     HDFS partitions=1/1 files=1 size=1.55GB
|  |  |     stored statistics:
|  |  |       table: rows=30.00M size=1.55GB
|  |  |       columns: all
|  |  |     extrapolated-rows=disabled max-scan-range-rows=3.10M
|  |  |     mem-estimate=16.00MB mem-reservation=1.00MB thread-reservation=0
|  |  |     tuple-ids=56 row-size=204B cardinality=30.00M cost=46823813
|  |  |     in pipelines: 54(GETNEXT)
|  |  |
|  |  53:HASH JOIN [INNER JOIN, BROADCAST]
|  |  |  hash-table-id=04
|  |  |  hash predicates: tpcds_partitioned_parquet_snap.web_sales_2.ws_sold_date_sk = tpcds_partitioned_parquet_snap.date_dim_6.d_date_sk
|  |  |  fk/pk conjuncts: tpcds_partitioned_parquet_snap.web_sales_2.ws_sold_date_sk = tpcds_partitioned_parquet_snap.date_dim_6.d_date_sk
|  |  |  mem-estimate=0B mem-reservation=0B spill-buffer=2.00MB thread-reservation=0
|  |  |  tuple-ids=52,54 row-size=377B cardinality=1.99G(filtered from 2.16G) cost=901231051
|  |  |  in pipelines: 51(GETNEXT), 52(OPEN)
|  |  |
|  |  |--F42:PLAN FRAGMENT [RANDOM] hosts=10 instances=10
|  |  |  |  Per-Instance Resources: mem-estimate=418.24MB mem-reservation=408.00MB thread-reservation=1
|  |  |  |  max-parallelism=10 segment-costs=[170129]
|  |  |  JOIN BUILD
|  |  |  |  join-table-id=04 plan-id=05 cohort-id=03
|  |  |  |  build expressions: tpcds_partitioned_parquet_snap.date_dim_6.d_date_sk
|  |  |  |  mem-estimate=408.00MB mem-reservation=408.00MB spill-buffer=2.00MB thread-reservation=0 cost=73049
|  |  |  |
|  |  |  91:EXCHANGE [BROADCAST]
|  |  |  |  mem-estimate=10.24MB mem-reservation=0B thread-reservation=0
|  |  |  |  tuple-ids=54 row-size=237B cardinality=73.05K cost=97080
|  |  |  |  in pipelines: 52(GETNEXT)
|  |  |  |
|  |  |  F33:PLAN FRAGMENT [RANDOM] hosts=1 instances=1
|  |  |  Per-Instance Resources: mem-estimate=16.94MB mem-reservation=4.00MB thread-reservation=1
|  |  |  max-parallelism=1 segment-costs=[158950]
|  |  |  52:SCAN HDFS [tpcds_partitioned_parquet_snap.date_dim, RANDOM]
|  |  |     HDFS partitions=1/1 files=1 size=2.17MB
|  |  |     stored statistics:
|  |  |       table: rows=73.05K size=2.17MB
|  |  |       columns: all
|  |  |     extrapolated-rows=disabled max-scan-range-rows=73.05K
|  |  |     mem-estimate=16.00MB mem-reservation=4.00MB thread-reservation=0
|  |  |     tuple-ids=54 row-size=237B cardinality=73.05K cost=110600
|  |  |     in pipelines: 52(GETNEXT)
|  |  |
|  |  51:SCAN HDFS [tpcds_partitioned_parquet_snap.web_sales, RANDOM]
|  |     HDFS partitions=1824/1824 files=1824 size=145.75GB
|  |     runtime filters: RF029[min_max] -> tpcds_partitioned_parquet_snap.web_sales_2.ws_bill_customer_sk, RF028[bloom] -> tpcds_partitioned_parquet_snap.web_sales_2.ws_bill_customer_sk
|  |     stored statistics:
|  |       table: rows=2.16G size=145.75GB
|  |       partitions: 1824/1824 rows=2.16G
|  |       columns: all
|  |     extrapolated-rows=disabled max-scan-range-rows=3.37M
|  |     mem-estimate=16.00MB mem-reservation=264.00KB thread-reservation=0
|  |     tuple-ids=52 row-size=140B cardinality=1.99G(filtered from 2.16G) cost=4354495421
|  |     in pipelines: 51(GETNEXT)
|  |
|  90:AGGREGATE [FINALIZE]
|  |  output: sum:merge(subtract(tpcds_partitioned_parquet_snap.store_sales_2.ss_ext_list_price, tpcds_partitioned_parquet_snap.store_sales_2.ss_ext_discount_amt))
|  |  group by: tpcds_partitioned_parquet_snap.customer_5.c_customer_id, tpcds_partitioned_parquet_snap.customer_5.c_first_name, tpcds_partitioned_parquet_snap.customer_5.c_last_name, tpcds_partitioned_parquet_snap.customer_5.c_preferred_cust_flag, tpcds_partitioned_parquet_snap.customer_5.c_birth_country, tpcds_partitioned_parquet_snap.customer_5.c_login, tpcds_partitioned_parquet_snap.customer_5.c_email_address, tpcds_partitioned_parquet_snap.date_dim_5.d_year
|  |  mem-estimate=4.17GB mem-reservation=34.00MB spill-buffer=2.00MB thread-reservation=0
|  |  tuple-ids=51 row-size=169B cardinality=5.88G cost=37464857383
|  |  in pipelines: 90(GETNEXT), 45(OPEN)
|  |
|  89:EXCHANGE [HASH(tpcds_partitioned_parquet_snap.customer_5.c_customer_id,tpcds_partitioned_parquet_snap.customer_5.c_first_name,tpcds_partitioned_parquet_snap.customer_5.c_last_name,tpcds_partitioned_parquet_snap.customer_5.c_preferred_cust_flag,tpcds_partitioned_parquet_snap.customer_5.c_birth_country,tpcds_partitioned_parquet_snap.customer_5.c_login,tpcds_partitioned_parquet_snap.customer_5.c_email_address,tpcds_partitioned_parquet_snap.date_dim_5.d_year)]
|  |  mem-estimate=30.29MB mem-reservation=0B thread-reservation=0
|  |  tuple-ids=51 row-size=169B cardinality=7.89G cost=7012748222
|  |  in pipelines: 45(GETNEXT)
|  |
|  F28:PLAN FRAGMENT [RANDOM] hosts=10 instances=120
|  Per-Host Shared Resources: mem-estimate=16.00MB mem-reservation=16.00MB thread-reservation=0 runtime-filters-memory=16.00MB
|  Per-Instance Resources: mem-estimate=4.26GB mem-reservation=42.00MB thread-reservation=1
|  max-parallelism=1824 segment-costs=[65629013155, 89974606443] cpu-comparison-result=120 [max(120 (self) vs 31 (sum children))]
|  50:AGGREGATE [STREAMING]
|  |  output: sum(subtract(tpcds_partitioned_parquet_snap.store_sales_2.ss_ext_list_price, tpcds_partitioned_parquet_snap.store_sales_2.ss_ext_discount_amt))
|  |  group by: tpcds_partitioned_parquet_snap.customer_5.c_customer_id, tpcds_partitioned_parquet_snap.customer_5.c_first_name, tpcds_partitioned_parquet_snap.customer_5.c_last_name, tpcds_partitioned_parquet_snap.customer_5.c_preferred_cust_flag, tpcds_partitioned_parquet_snap.customer_5.c_birth_country, tpcds_partitioned_parquet_snap.customer_5.c_login, tpcds_partitioned_parquet_snap.customer_5.c_email_address, tpcds_partitioned_parquet_snap.date_dim_5.d_year
|  |  mem-estimate=4.17GB mem-reservation=34.00MB spill-buffer=2.00MB thread-reservation=0
|  |  tuple-ids=51 row-size=169B cardinality=7.89G cost=46613754103
|  |  in pipelines: 45(GETNEXT)
|  |
|  49:HASH JOIN [INNER JOIN, BROADCAST]
|  |  hash-table-id=01
|  |  hash predicates: tpcds_partitioned_parquet_snap.store_sales_2.ss_customer_sk = tpcds_partitioned_parquet_snap.customer_5.c_customer_sk
|  |  fk/pk conjuncts: tpcds_partitioned_parquet_snap.store_sales_2.ss_customer_sk = tpcds_partitioned_parquet_snap.customer_5.c_customer_sk
|  |  mem-estimate=0B mem-reservation=0B spill-buffer=2.00MB thread-reservation=0
|  |  tuple-ids=45,47,49 row-size=538B cardinality=7.93G cost=3471497176
|  |  in pipelines: 45(GETNEXT), 48(OPEN)
|  |
|  |--F39:PLAN FRAGMENT [RANDOM] hosts=10 instances=10
|  |  |  Per-Instance Resources: mem-estimate=6.49GB mem-reservation=424.00MB thread-reservation=1 runtime-filters-memory=16.00MB
|  |  |  max-parallelism=10 segment-costs=[69869990]
|  |  JOIN BUILD
|  |  |  join-table-id=01 plan-id=02 cohort-id=02
|  |  |  build expressions: tpcds_partitioned_parquet_snap.customer_5.c_customer_sk
|  |  |  runtime filters: RF024[bloom] <- tpcds_partitioned_parquet_snap.customer_5.c_customer_sk, RF025[min_max] <- tpcds_partitioned_parquet_snap.customer_5.c_customer_sk
|  |  |  mem-estimate=6.46GB mem-reservation=408.00MB spill-buffer=2.00MB thread-reservation=0 cost=30000000
|  |  |
|  |  88:EXCHANGE [BROADCAST]
|  |  |  mem-estimate=12.04MB mem-reservation=0B thread-reservation=0
|  |  |  tuple-ids=49 row-size=204B cardinality=30.00M cost=39869990
|  |  |  in pipelines: 48(GETNEXT)
|  |  |
|  |  F30:PLAN FRAGMENT [RANDOM] hosts=10 instances=10
|  |  Per-Instance Resources: mem-estimate=16.81MB mem-reservation=1.00MB thread-reservation=1
|  |  max-parallelism=10 segment-costs=[64027278]
|  |  48:SCAN HDFS [tpcds_partitioned_parquet_snap.customer, RANDOM]
|  |     HDFS partitions=1/1 files=1 size=1.55GB
|  |     stored statistics:
|  |       table: rows=30.00M size=1.55GB
|  |       columns: all
|  |     extrapolated-rows=disabled max-scan-range-rows=3.10M
|  |     mem-estimate=16.00MB mem-reservation=1.00MB thread-reservation=0
|  |     tuple-ids=49 row-size=204B cardinality=30.00M cost=46823813
|  |     in pipelines: 48(GETNEXT)
|  |
|  47:HASH JOIN [INNER JOIN, BROADCAST]
|  |  hash-table-id=02
|  |  hash predicates: tpcds_partitioned_parquet_snap.store_sales_2.ss_sold_date_sk = tpcds_partitioned_parquet_snap.date_dim_5.d_date_sk
|  |  fk/pk conjuncts: tpcds_partitioned_parquet_snap.store_sales_2.ss_sold_date_sk = tpcds_partitioned_parquet_snap.date_dim_5.d_date_sk
|  |  mem-estimate=0B mem-reservation=0B spill-buffer=2.00MB thread-reservation=0
|  |  tuple-ids=45,47 row-size=333B cardinality=7.93G(filtered from 8.64G) cost=3599915466
|  |  in pipelines: 45(GETNEXT), 46(OPEN)
|  |
|  |--F40:PLAN FRAGMENT [RANDOM] hosts=10 instances=10
|  |  |  Per-Instance Resources: mem-estimate=418.24MB mem-reservation=408.00MB thread-reservation=1
|  |  |  max-parallelism=10 segment-costs=[170129]
|  |  JOIN BUILD
|  |  |  join-table-id=02 plan-id=03 cohort-id=02
|  |  |  build expressions: tpcds_partitioned_parquet_snap.date_dim_5.d_date_sk
|  |  |  mem-estimate=408.00MB mem-reservation=408.00MB spill-buffer=2.00MB thread-reservation=0 cost=73049
|  |  |
|  |  87:EXCHANGE [BROADCAST]
|  |  |  mem-estimate=10.24MB mem-reservation=0B thread-reservation=0
|  |  |  tuple-ids=47 row-size=237B cardinality=73.05K cost=97080
|  |  |  in pipelines: 46(GETNEXT)
|  |  |
|  |  F29:PLAN FRAGMENT [RANDOM] hosts=1 instances=1
|  |  Per-Instance Resources: mem-estimate=16.94MB mem-reservation=4.00MB thread-reservation=1
|  |  max-parallelism=1 segment-costs=[158950]
|  |  46:SCAN HDFS [tpcds_partitioned_parquet_snap.date_dim, RANDOM]
|  |     HDFS partitions=1/1 files=1 size=2.17MB
|  |     stored statistics:
|  |       table: rows=73.05K size=2.17MB
|  |       columns: all
|  |     extrapolated-rows=disabled max-scan-range-rows=73.05K
|  |     mem-estimate=16.00MB mem-reservation=4.00MB thread-reservation=0
|  |     tuple-ids=47 row-size=237B cardinality=73.05K cost=110600
|  |     in pipelines: 46(GETNEXT)
|  |
|  45:SCAN HDFS [tpcds_partitioned_parquet_snap.store_sales, RANDOM]
|     HDFS partitions=1824/1824 files=1824 size=389.90GB
|     runtime filters: RF025[min_max] -> tpcds_partitioned_parquet_snap.store_sales_2.ss_customer_sk, RF024[bloom] -> tpcds_partitioned_parquet_snap.store_sales_2.ss_customer_sk
|     stored statistics:
|       table: rows=8.64G size=389.90GB
|       partitions: 1824/1824 rows=8.64G
|       columns: all
|     extrapolated-rows=disabled max-scan-range-rows=390.22M
|     mem-estimate=16.00MB mem-reservation=8.00MB thread-reservation=0
|     tuple-ids=45 row-size=96B cardinality=7.93G(filtered from 8.64G) cost=11943846410
|     in pipelines: 45(GETNEXT)
|
43:HASH JOIN [INNER JOIN, PARTITIONED]
|  hash-table-id=05
|  hash predicates: CUSTOMER_ID = CUSTOMER_ID
|  fk/pk conjuncts: assumed fk/pk
|  mem-estimate=0B mem-reservation=0B spill-buffer=2.00MB thread-reservation=0
|  tuple-ids=14,29,44 row-size=348B cardinality=786.77M cost=344369195
|  in pipelines: 63(GETNEXT), 67(GETNEXT), 81(OPEN), 85(OPEN)
|
|--F43:PLAN FRAGMENT [HASH(CUSTOMER_ID)] hosts=10 instances=70 (adjusted from 120)
|  |  Per-Instance Resources: mem-estimate=1.58GB mem-reservation=34.00MB thread-reservation=1
|  |  max-parallelism=1470 segment-costs=[1294000494] cpu-comparison-result=240 [max(70 (self) vs 240 (sum children))]
|  JOIN BUILD
|  |  join-table-id=05 plan-id=06 cohort-id=01
|  |  build expressions: CUSTOMER_ID
|  |  mem-estimate=1.56GB mem-reservation=34.00MB spill-buffer=2.00MB thread-reservation=0 cost=786769924
|  |
|  86:EXCHANGE [HASH(CUSTOMER_ID)]
|  |  mem-estimate=24.06MB mem-reservation=0B thread-reservation=0
|  |  tuple-ids=44 row-size=116B cardinality=786.77M cost=507230570
|  |  in pipelines: 81(GETNEXT), 85(GETNEXT)
|  |
|  F27:PLAN FRAGMENT [RANDOM] hosts=10 instances=120
|  Per-Instance Resources: mem-estimate=4.23GB mem-reservation=34.00MB thread-reservation=1
|  max-parallelism=120 segment-costs=[44477605605, 13500002573, 32981237740] cpu-comparison-result=240 [max(120 (self) vs 240 (sum children))]
|  42:SELECT
|  |  predicates: DYEAR = CAST(1998 AS INT), SALE_TYPE = 'w', YEAR_TOTAL > CAST(0 AS DECIMAL(3,0))
|  |  mem-estimate=0B mem-reservation=0B thread-reservation=0
|  |  tuple-ids=44 row-size=116B cardinality=786.77M cost=23603097600
|  |  in pipelines: 81(GETNEXT), 85(GETNEXT)
|  |
|  29:UNION
|  |  mem-estimate=0B mem-reservation=0B thread-reservation=0
|  |  tuple-ids=44 row-size=116B cardinality=7.87G cost=3095310235
|  |  in pipelines: 81(GETNEXT), 85(GETNEXT)
|  |
|  |--85:AGGREGATE [FINALIZE]
|  |  |  output: sum:merge(subtract(tpcds_partitioned_parquet_snap.web_sales_1.ws_ext_list_price, tpcds_partitioned_parquet_snap.web_sales_1.ws_ext_discount_amt))
|  |  |  group by: tpcds_partitioned_parquet_snap.customer_4.c_customer_id, tpcds_partitioned_parquet_snap.customer_4.c_first_name, tpcds_partitioned_parquet_snap.customer_4.c_last_name, tpcds_partitioned_parquet_snap.customer_4.c_preferred_cust_flag, tpcds_partitioned_parquet_snap.customer_4.c_birth_country, tpcds_partitioned_parquet_snap.customer_4.c_login, tpcds_partitioned_parquet_snap.customer_4.c_email_address, tpcds_partitioned_parquet_snap.date_dim_4.d_year
|  |  |  mem-estimate=2.79GB mem-reservation=34.00MB spill-buffer=2.00MB thread-reservation=0
|  |  |  tuple-ids=43 row-size=169B cardinality=1.99G cost=11732593545
|  |  |  in pipelines: 85(GETNEXT), 36(OPEN)
|  |  |
|  |  84:EXCHANGE [HASH(tpcds_partitioned_parquet_snap.customer_4.c_customer_id,tpcds_partitioned_parquet_snap.customer_4.c_first_name,tpcds_partitioned_parquet_snap.customer_4.c_last_name,tpcds_partitioned_parquet_snap.customer_4.c_preferred_cust_flag,tpcds_partitioned_parquet_snap.customer_4.c_birth_country,tpcds_partitioned_parquet_snap.customer_4.c_login,tpcds_partitioned_parquet_snap.customer_4.c_email_address,tpcds_partitioned_parquet_snap.date_dim_4.d_year)]
|  |  |  mem-estimate=30.29MB mem-reservation=0B thread-reservation=0
|  |  |  tuple-ids=43 row-size=169B cardinality=1.99G cost=1767409028
|  |  |  in pipelines: 36(GETNEXT)
|  |  |
|  |  F23:PLAN FRAGMENT [RANDOM] hosts=10 instances=120
|  |  Per-Host Shared Resources: mem-estimate=16.00MB mem-reservation=16.00MB thread-reservation=0 runtime-filters-memory=16.00MB
|  |  Per-Instance Resources: mem-estimate=2.19GB mem-reservation=34.26MB thread-reservation=1
|  |  max-parallelism=1824 segment-costs=[17858335975, 22676121640] cpu-comparison-result=120 [max(120 (self) vs 31 (sum children))]
|  |  41:AGGREGATE [STREAMING]
|  |  |  output: sum(subtract(tpcds_partitioned_parquet_snap.web_sales_1.ws_ext_list_price, tpcds_partitioned_parquet_snap.web_sales_1.ws_ext_discount_amt))
|  |  |  group by: tpcds_partitioned_parquet_snap.customer_4.c_customer_id, tpcds_partitioned_parquet_snap.customer_4.c_first_name, tpcds_partitioned_parquet_snap.customer_4.c_last_name, tpcds_partitioned_parquet_snap.customer_4.c_preferred_cust_flag, tpcds_partitioned_parquet_snap.customer_4.c_birth_country, tpcds_partitioned_parquet_snap.customer_4.c_login, tpcds_partitioned_parquet_snap.customer_4.c_email_address, tpcds_partitioned_parquet_snap.date_dim_4.d_year
|  |  |  mem-estimate=2.10GB mem-reservation=34.00MB spill-buffer=2.00MB thread-reservation=0
|  |  |  tuple-ids=43 row-size=169B cardinality=1.99G cost=11732593545
|  |  |  in pipelines: 36(GETNEXT)
|  |  |
|  |  40:HASH JOIN [INNER JOIN, BROADCAST]
|  |  |  hash-table-id=08
|  |  |  hash predicates: tpcds_partitioned_parquet_snap.web_sales_1.ws_bill_customer_sk = tpcds_partitioned_parquet_snap.customer_4.c_customer_sk
|  |  |  fk/pk conjuncts: tpcds_partitioned_parquet_snap.web_sales_1.ws_bill_customer_sk = tpcds_partitioned_parquet_snap.customer_4.c_customer_sk
|  |  |  mem-estimate=0B mem-reservation=0B spill-buffer=2.00MB thread-reservation=0
|  |  |  tuple-ids=37,39,41 row-size=582B cardinality=1.99G cost=870015958
|  |  |  in pipelines: 36(GETNEXT), 39(OPEN)
|  |  |
|  |  |--F46:PLAN FRAGMENT [RANDOM] hosts=10 instances=10
|  |  |  |  Per-Instance Resources: mem-estimate=6.49GB mem-reservation=424.00MB thread-reservation=1 runtime-filters-memory=16.00MB
|  |  |  |  max-parallelism=10 segment-costs=[69869990]
|  |  |  JOIN BUILD
|  |  |  |  join-table-id=08 plan-id=09 cohort-id=05
|  |  |  |  build expressions: tpcds_partitioned_parquet_snap.customer_4.c_customer_sk
|  |  |  |  runtime filters: RF020[bloom] <- tpcds_partitioned_parquet_snap.customer_4.c_customer_sk, RF021[min_max] <- tpcds_partitioned_parquet_snap.customer_4.c_customer_sk
|  |  |  |  mem-estimate=6.46GB mem-reservation=408.00MB spill-buffer=2.00MB thread-reservation=0 cost=30000000
|  |  |  |
|  |  |  83:EXCHANGE [BROADCAST]
|  |  |  |  mem-estimate=12.04MB mem-reservation=0B thread-reservation=0
|  |  |  |  tuple-ids=41 row-size=204B cardinality=30.00M cost=39869990
|  |  |  |  in pipelines: 39(GETNEXT)
|  |  |  |
|  |  |  F25:PLAN FRAGMENT [RANDOM] hosts=10 instances=10
|  |  |  Per-Instance Resources: mem-estimate=16.81MB mem-reservation=1.00MB thread-reservation=1
|  |  |  max-parallelism=10 segment-costs=[64027278]
|  |  |  39:SCAN HDFS [tpcds_partitioned_parquet_snap.customer, RANDOM]
|  |  |     HDFS partitions=1/1 files=1 size=1.55GB
|  |  |     stored statistics:
|  |  |       table: rows=30.00M size=1.55GB
|  |  |       columns: all
|  |  |     extrapolated-rows=disabled max-scan-range-rows=3.10M
|  |  |     mem-estimate=16.00MB mem-reservation=1.00MB thread-reservation=0
|  |  |     tuple-ids=41 row-size=204B cardinality=30.00M cost=46823813
|  |  |     in pipelines: 39(GETNEXT)
|  |  |
|  |  38:HASH JOIN [INNER JOIN, BROADCAST]
|  |  |  hash-table-id=09
|  |  |  hash predicates: tpcds_partitioned_parquet_snap.web_sales_1.ws_sold_date_sk = tpcds_partitioned_parquet_snap.date_dim_4.d_date_sk
|  |  |  fk/pk conjuncts: tpcds_partitioned_parquet_snap.web_sales_1.ws_sold_date_sk = tpcds_partitioned_parquet_snap.date_dim_4.d_date_sk
|  |  |  mem-estimate=0B mem-reservation=0B spill-buffer=2.00MB thread-reservation=0
|  |  |  tuple-ids=37,39 row-size=377B cardinality=1.99G(filtered from 2.16G) cost=901231051
|  |  |  in pipelines: 36(GETNEXT), 37(OPEN)
|  |  |
|  |  |--F47:PLAN FRAGMENT [RANDOM] hosts=10 instances=10
|  |  |  |  Per-Instance Resources: mem-estimate=418.24MB mem-reservation=408.00MB thread-reservation=1
|  |  |  |  max-parallelism=10 segment-costs=[170129]
|  |  |  JOIN BUILD
|  |  |  |  join-table-id=09 plan-id=10 cohort-id=05
|  |  |  |  build expressions: tpcds_partitioned_parquet_snap.date_dim_4.d_date_sk
|  |  |  |  mem-estimate=408.00MB mem-reservation=408.00MB spill-buffer=2.00MB thread-reservation=0 cost=73049
|  |  |  |
|  |  |  82:EXCHANGE [BROADCAST]
|  |  |  |  mem-estimate=10.24MB mem-reservation=0B thread-reservation=0
|  |  |  |  tuple-ids=39 row-size=237B cardinality=73.05K cost=97080
|  |  |  |  in pipelines: 37(GETNEXT)
|  |  |  |
|  |  |  F24:PLAN FRAGMENT [RANDOM] hosts=1 instances=1
|  |  |  Per-Instance Resources: mem-estimate=16.94MB mem-reservation=4.00MB thread-reservation=1
|  |  |  max-parallelism=1 segment-costs=[158950]
|  |  |  37:SCAN HDFS [tpcds_partitioned_parquet_snap.date_dim, RANDOM]
|  |  |     HDFS partitions=1/1 files=1 size=2.17MB
|  |  |     stored statistics:
|  |  |       table: rows=73.05K size=2.17MB
|  |  |       columns: all
|  |  |     extrapolated-rows=disabled max-scan-range-rows=73.05K
|  |  |     mem-estimate=16.00MB mem-reservation=4.00MB thread-reservation=0
|  |  |     tuple-ids=39 row-size=237B cardinality=73.05K cost=110600
|  |  |     in pipelines: 37(GETNEXT)
|  |  |
|  |  36:SCAN HDFS [tpcds_partitioned_parquet_snap.web_sales, RANDOM]
|  |     HDFS partitions=1824/1824 files=1824 size=145.75GB
|  |     runtime filters: RF021[min_max] -> tpcds_partitioned_parquet_snap.web_sales_1.ws_bill_customer_sk, RF020[bloom] -> tpcds_partitioned_parquet_snap.web_sales_1.ws_bill_customer_sk
|  |     stored statistics:
|  |       table: rows=2.16G size=145.75GB
|  |       partitions: 1824/1824 rows=2.16G
|  |       columns: all
|  |     extrapolated-rows=disabled max-scan-range-rows=3.37M
|  |     mem-estimate=16.00MB mem-reservation=264.00KB thread-reservation=0
|  |     tuple-ids=37 row-size=140B cardinality=1.99G(filtered from 2.16G) cost=4354495421
|  |     in pipelines: 36(GETNEXT)
|  |
|  81:AGGREGATE [FINALIZE]
|  |  output: sum:merge(subtract(tpcds_partitioned_parquet_snap.store_sales_1.ss_ext_list_price, tpcds_partitioned_parquet_snap.store_sales_1.ss_ext_discount_amt))
|  |  group by: tpcds_partitioned_parquet_snap.customer_3.c_customer_id, tpcds_partitioned_parquet_snap.customer_3.c_first_name, tpcds_partitioned_parquet_snap.customer_3.c_last_name, tpcds_partitioned_parquet_snap.customer_3.c_preferred_cust_flag, tpcds_partitioned_parquet_snap.customer_3.c_birth_country, tpcds_partitioned_parquet_snap.customer_3.c_login, tpcds_partitioned_parquet_snap.customer_3.c_email_address, tpcds_partitioned_parquet_snap.date_dim_3.d_year
|  |  mem-estimate=4.17GB mem-reservation=34.00MB spill-buffer=2.00MB thread-reservation=0
|  |  tuple-ids=36 row-size=169B cardinality=5.88G cost=37464857383
|  |  in pipelines: 81(GETNEXT), 30(OPEN)
|  |
|  80:EXCHANGE [HASH(tpcds_partitioned_parquet_snap.customer_3.c_customer_id,tpcds_partitioned_parquet_snap.customer_3.c_first_name,tpcds_partitioned_parquet_snap.customer_3.c_last_name,tpcds_partitioned_parquet_snap.customer_3.c_preferred_cust_flag,tpcds_partitioned_parquet_snap.customer_3.c_birth_country,tpcds_partitioned_parquet_snap.customer_3.c_login,tpcds_partitioned_parquet_snap.customer_3.c_email_address,tpcds_partitioned_parquet_snap.date_dim_3.d_year)]
|  |  mem-estimate=30.29MB mem-reservation=0B thread-reservation=0
|  |  tuple-ids=36 row-size=169B cardinality=7.89G cost=7012748222
|  |  in pipelines: 30(GETNEXT)
|  |
|  F19:PLAN FRAGMENT [RANDOM] hosts=10 instances=120
|  Per-Host Shared Resources: mem-estimate=16.00MB mem-reservation=16.00MB thread-reservation=0 runtime-filters-memory=16.00MB
|  Per-Instance Resources: mem-estimate=4.26GB mem-reservation=42.00MB thread-reservation=1
|  max-parallelism=1824 segment-costs=[65629013155, 89974606443] cpu-comparison-result=120 [max(120 (self) vs 31 (sum children))]
|  35:AGGREGATE [STREAMING]
|  |  output: sum(subtract(tpcds_partitioned_parquet_snap.store_sales_1.ss_ext_list_price, tpcds_partitioned_parquet_snap.store_sales_1.ss_ext_discount_amt))
|  |  group by: tpcds_partitioned_parquet_snap.customer_3.c_customer_id, tpcds_partitioned_parquet_snap.customer_3.c_first_name, tpcds_partitioned_parquet_snap.customer_3.c_last_name, tpcds_partitioned_parquet_snap.customer_3.c_preferred_cust_flag, tpcds_partitioned_parquet_snap.customer_3.c_birth_country, tpcds_partitioned_parquet_snap.customer_3.c_login, tpcds_partitioned_parquet_snap.customer_3.c_email_address, tpcds_partitioned_parquet_snap.date_dim_3.d_year
|  |  mem-estimate=4.17GB mem-reservation=34.00MB spill-buffer=2.00MB thread-reservation=0
|  |  tuple-ids=36 row-size=169B cardinality=7.89G cost=46613754103
|  |  in pipelines: 30(GETNEXT)
|  |
|  34:HASH JOIN [INNER JOIN, BROADCAST]
|  |  hash-table-id=06
|  |  hash predicates: tpcds_partitioned_parquet_snap.store_sales_1.ss_customer_sk = tpcds_partitioned_parquet_snap.customer_3.c_customer_sk
|  |  fk/pk conjuncts: tpcds_partitioned_parquet_snap.store_sales_1.ss_customer_sk = tpcds_partitioned_parquet_snap.customer_3.c_customer_sk
|  |  mem-estimate=0B mem-reservation=0B spill-buffer=2.00MB thread-reservation=0
|  |  tuple-ids=30,32,34 row-size=538B cardinality=7.93G cost=3471497176
|  |  in pipelines: 30(GETNEXT), 33(OPEN)
|  |
|  |--F44:PLAN FRAGMENT [RANDOM] hosts=10 instances=10
|  |  |  Per-Instance Resources: mem-estimate=6.49GB mem-reservation=424.00MB thread-reservation=1 runtime-filters-memory=16.00MB
|  |  |  max-parallelism=10 segment-costs=[69869990]
|  |  JOIN BUILD
|  |  |  join-table-id=06 plan-id=07 cohort-id=04
|  |  |  build expressions: tpcds_partitioned_parquet_snap.customer_3.c_customer_sk
|  |  |  runtime filters: RF016[bloom] <- tpcds_partitioned_parquet_snap.customer_3.c_customer_sk, RF017[min_max] <- tpcds_partitioned_parquet_snap.customer_3.c_customer_sk
|  |  |  mem-estimate=6.46GB mem-reservation=408.00MB spill-buffer=2.00MB thread-reservation=0 cost=30000000
|  |  |
|  |  79:EXCHANGE [BROADCAST]
|  |  |  mem-estimate=12.04MB mem-reservation=0B thread-reservation=0
|  |  |  tuple-ids=34 row-size=204B cardinality=30.00M cost=39869990
|  |  |  in pipelines: 33(GETNEXT)
|  |  |
|  |  F21:PLAN FRAGMENT [RANDOM] hosts=10 instances=10
|  |  Per-Instance Resources: mem-estimate=16.81MB mem-reservation=1.00MB thread-reservation=1
|  |  max-parallelism=10 segment-costs=[64027278]
|  |  33:SCAN HDFS [tpcds_partitioned_parquet_snap.customer, RANDOM]
|  |     HDFS partitions=1/1 files=1 size=1.55GB
|  |     stored statistics:
|  |       table: rows=30.00M size=1.55GB
|  |       columns: all
|  |     extrapolated-rows=disabled max-scan-range-rows=3.10M
|  |     mem-estimate=16.00MB mem-reservation=1.00MB thread-reservation=0
|  |     tuple-ids=34 row-size=204B cardinality=30.00M cost=46823813
|  |     in pipelines: 33(GETNEXT)
|  |
|  32:HASH JOIN [INNER JOIN, BROADCAST]
|  |  hash-table-id=07
|  |  hash predicates: tpcds_partitioned_parquet_snap.store_sales_1.ss_sold_date_sk = tpcds_partitioned_parquet_snap.date_dim_3.d_date_sk
|  |  fk/pk conjuncts: tpcds_partitioned_parquet_snap.store_sales_1.ss_sold_date_sk = tpcds_partitioned_parquet_snap.date_dim_3.d_date_sk
|  |  mem-estimate=0B mem-reservation=0B spill-buffer=2.00MB thread-reservation=0
|  |  tuple-ids=30,32 row-size=333B cardinality=7.93G(filtered from 8.64G) cost=3599915466
|  |  in pipelines: 30(GETNEXT), 31(OPEN)
|  |
|  |--F45:PLAN FRAGMENT [RANDOM] hosts=10 instances=10
|  |  |  Per-Instance Resources: mem-estimate=418.24MB mem-reservation=408.00MB thread-reservation=1
|  |  |  max-parallelism=10 segment-costs=[170129]
|  |  JOIN BUILD
|  |  |  join-table-id=07 plan-id=08 cohort-id=04
|  |  |  build expressions: tpcds_partitioned_parquet_snap.date_dim_3.d_date_sk
|  |  |  mem-estimate=408.00MB mem-reservation=408.00MB spill-buffer=2.00MB thread-reservation=0 cost=73049
|  |  |
|  |  78:EXCHANGE [BROADCAST]
|  |  |  mem-estimate=10.24MB mem-reservation=0B thread-reservation=0
|  |  |  tuple-ids=32 row-size=237B cardinality=73.05K cost=97080
|  |  |  in pipelines: 31(GETNEXT)
|  |  |
|  |  F20:PLAN FRAGMENT [RANDOM] hosts=1 instances=1
|  |  Per-Instance Resources: mem-estimate=16.94MB mem-reservation=4.00MB thread-reservation=1
|  |  max-parallelism=1 segment-costs=[158950]
|  |  31:SCAN HDFS [tpcds_partitioned_parquet_snap.date_dim, RANDOM]
|  |     HDFS partitions=1/1 files=1 size=2.17MB
|  |     stored statistics:
|  |       table: rows=73.05K size=2.17MB
|  |       columns: all
|  |     extrapolated-rows=disabled max-scan-range-rows=73.05K
|  |     mem-estimate=16.00MB mem-reservation=4.00MB thread-reservation=0
|  |     tuple-ids=32 row-size=237B cardinality=73.05K cost=110600
|  |     in pipelines: 31(GETNEXT)
|  |
|  30:SCAN HDFS [tpcds_partitioned_parquet_snap.store_sales, RANDOM]
|     HDFS partitions=1824/1824 files=1824 size=389.90GB
|     runtime filters: RF017[min_max] -> tpcds_partitioned_parquet_snap.store_sales_1.ss_customer_sk, RF016[bloom] -> tpcds_partitioned_parquet_snap.store_sales_1.ss_customer_sk
|     stored statistics:
|       table: rows=8.64G size=389.90GB
|       partitions: 1824/1824 rows=8.64G
|       columns: all
|     extrapolated-rows=disabled max-scan-range-rows=390.22M
|     mem-estimate=16.00MB mem-reservation=8.00MB thread-reservation=0
|     tuple-ids=30 row-size=96B cardinality=7.93G(filtered from 8.64G) cost=11943846410
|     in pipelines: 30(GETNEXT)
|
28:HASH JOIN [INNER JOIN, PARTITIONED]
|  hash-table-id=10
|  hash predicates: CUSTOMER_ID = CUSTOMER_ID
|  fk/pk conjuncts: assumed fk/pk
|  mem-estimate=0B mem-reservation=0B spill-buffer=2.00MB thread-reservation=0
|  tuple-ids=14,29 row-size=232B cardinality=786.77M cost=344369195
|  in pipelines: 63(GETNEXT), 67(GETNEXT), 71(OPEN), 75(OPEN)
|
|--F48:PLAN FRAGMENT [HASH(CUSTOMER_ID)] hosts=10 instances=70 (adjusted from 120)
|  |  Per-Instance Resources: mem-estimate=1.58GB mem-reservation=34.00MB thread-reservation=1
|  |  max-parallelism=1470 segment-costs=[1294000494] cpu-comparison-result=240 [max(70 (self) vs 240 (sum children))]
|  JOIN BUILD
|  |  join-table-id=10 plan-id=11 cohort-id=01
|  |  build expressions: CUSTOMER_ID
|  |  mem-estimate=1.56GB mem-reservation=34.00MB spill-buffer=2.00MB thread-reservation=0 cost=786769924
|  |
|  77:EXCHANGE [HASH(CUSTOMER_ID)]
|  |  mem-estimate=24.06MB mem-reservation=0B thread-reservation=0
|  |  tuple-ids=29 row-size=116B cardinality=786.77M cost=507230570
|  |  in pipelines: 71(GETNEXT), 75(GETNEXT)
|  |
|  F17:PLAN FRAGMENT [RANDOM] hosts=10 instances=120
|  Per-Instance Resources: mem-estimate=4.23GB mem-reservation=34.00MB thread-reservation=1
|  max-parallelism=120 segment-costs=[44477605605, 13500002573, 32981237740] cpu-comparison-result=240 [max(120 (self) vs 240 (sum children))]
|  27:SELECT
|  |  predicates: DYEAR = CAST(1998 AS INT), SALE_TYPE = 's', YEAR_TOTAL > CAST(0 AS DECIMAL(3,0))
|  |  mem-estimate=0B mem-reservation=0B thread-reservation=0
|  |  tuple-ids=29 row-size=116B cardinality=786.77M cost=23603097600
|  |  in pipelines: 71(GETNEXT), 75(GETNEXT)
|  |
|  14:UNION
|  |  mem-estimate=0B mem-reservation=0B thread-reservation=0
|  |  tuple-ids=29 row-size=116B cardinality=7.87G cost=3095310235
|  |  in pipelines: 71(GETNEXT), 75(GETNEXT)
|  |
|  |--75:AGGREGATE [FINALIZE]
|  |  |  output: sum:merge(subtract(tpcds_partitioned_parquet_snap.web_sales_0.ws_ext_list_price, tpcds_partitioned_parquet_snap.web_sales_0.ws_ext_discount_amt))
|  |  |  group by: tpcds_partitioned_parquet_snap.customer_2.c_customer_id, tpcds_partitioned_parquet_snap.customer_2.c_first_name, tpcds_partitioned_parquet_snap.customer_2.c_last_name, tpcds_partitioned_parquet_snap.customer_2.c_preferred_cust_flag, tpcds_partitioned_parquet_snap.customer_2.c_birth_country, tpcds_partitioned_parquet_snap.customer_2.c_login, tpcds_partitioned_parquet_snap.customer_2.c_email_address, tpcds_partitioned_parquet_snap.date_dim_2.d_year
|  |  |  mem-estimate=2.79GB mem-reservation=34.00MB spill-buffer=2.00MB thread-reservation=0
|  |  |  tuple-ids=28 row-size=169B cardinality=1.99G cost=11732593545
|  |  |  in pipelines: 75(GETNEXT), 21(OPEN)
|  |  |
|  |  74:EXCHANGE [HASH(tpcds_partitioned_parquet_snap.customer_2.c_customer_id,tpcds_partitioned_parquet_snap.customer_2.c_first_name,tpcds_partitioned_parquet_snap.customer_2.c_last_name,tpcds_partitioned_parquet_snap.customer_2.c_preferred_cust_flag,tpcds_partitioned_parquet_snap.customer_2.c_birth_country,tpcds_partitioned_parquet_snap.customer_2.c_login,tpcds_partitioned_parquet_snap.customer_2.c_email_address,tpcds_partitioned_parquet_snap.date_dim_2.d_year)]
|  |  |  mem-estimate=30.29MB mem-reservation=0B thread-reservation=0
|  |  |  tuple-ids=28 row-size=169B cardinality=1.99G cost=1767409028
|  |  |  in pipelines: 21(GETNEXT)
|  |  |
|  |  F13:PLAN FRAGMENT [RANDOM] hosts=10 instances=120
|  |  Per-Host Shared Resources: mem-estimate=16.00MB mem-reservation=16.00MB thread-reservation=0 runtime-filters-memory=16.00MB
|  |  Per-Instance Resources: mem-estimate=2.19GB mem-reservation=34.26MB thread-reservation=1
|  |  max-parallelism=1824 segment-costs=[17858335975, 22676121640] cpu-comparison-result=120 [max(120 (self) vs 31 (sum children))]
|  |  26:AGGREGATE [STREAMING]
|  |  |  output: sum(subtract(tpcds_partitioned_parquet_snap.web_sales_0.ws_ext_list_price, tpcds_partitioned_parquet_snap.web_sales_0.ws_ext_discount_amt))
|  |  |  group by: tpcds_partitioned_parquet_snap.customer_2.c_customer_id, tpcds_partitioned_parquet_snap.customer_2.c_first_name, tpcds_partitioned_parquet_snap.customer_2.c_last_name, tpcds_partitioned_parquet_snap.customer_2.c_preferred_cust_flag, tpcds_partitioned_parquet_snap.customer_2.c_birth_country, tpcds_partitioned_parquet_snap.customer_2.c_login, tpcds_partitioned_parquet_snap.customer_2.c_email_address, tpcds_partitioned_parquet_snap.date_dim_2.d_year
|  |  |  mem-estimate=2.10GB mem-reservation=34.00MB spill-buffer=2.00MB thread-reservation=0
|  |  |  tuple-ids=28 row-size=169B cardinality=1.99G cost=11732593545
|  |  |  in pipelines: 21(GETNEXT)
|  |  |
|  |  25:HASH JOIN [INNER JOIN, BROADCAST]
|  |  |  hash-table-id=13
|  |  |  hash predicates: tpcds_partitioned_parquet_snap.web_sales_0.ws_bill_customer_sk = tpcds_partitioned_parquet_snap.customer_2.c_customer_sk
|  |  |  fk/pk conjuncts: tpcds_partitioned_parquet_snap.web_sales_0.ws_bill_customer_sk = tpcds_partitioned_parquet_snap.customer_2.c_customer_sk
|  |  |  mem-estimate=0B mem-reservation=0B spill-buffer=2.00MB thread-reservation=0
|  |  |  tuple-ids=22,24,26 row-size=582B cardinality=1.99G cost=870015958
|  |  |  in pipelines: 21(GETNEXT), 24(OPEN)
|  |  |
|  |  |--F51:PLAN FRAGMENT [RANDOM] hosts=10 instances=10
|  |  |  |  Per-Instance Resources: mem-estimate=6.49GB mem-reservation=424.00MB thread-reservation=1 runtime-filters-memory=16.00MB
|  |  |  |  max-parallelism=10 segment-costs=[69869990]
|  |  |  JOIN BUILD
|  |  |  |  join-table-id=13 plan-id=14 cohort-id=07
|  |  |  |  build expressions: tpcds_partitioned_parquet_snap.customer_2.c_customer_sk
|  |  |  |  runtime filters: RF012[bloom] <- tpcds_partitioned_parquet_snap.customer_2.c_customer_sk, RF013[min_max] <- tpcds_partitioned_parquet_snap.customer_2.c_customer_sk
|  |  |  |  mem-estimate=6.46GB mem-reservation=408.00MB spill-buffer=2.00MB thread-reservation=0 cost=30000000
|  |  |  |
|  |  |  73:EXCHANGE [BROADCAST]
|  |  |  |  mem-estimate=12.04MB mem-reservation=0B thread-reservation=0
|  |  |  |  tuple-ids=26 row-size=204B cardinality=30.00M cost=39869990
|  |  |  |  in pipelines: 24(GETNEXT)
|  |  |  |
|  |  |  F15:PLAN FRAGMENT [RANDOM] hosts=10 instances=10
|  |  |  Per-Instance Resources: mem-estimate=16.81MB mem-reservation=1.00MB thread-reservation=1
|  |  |  max-parallelism=10 segment-costs=[64027278]
|  |  |  24:SCAN HDFS [tpcds_partitioned_parquet_snap.customer, RANDOM]
|  |  |     HDFS partitions=1/1 files=1 size=1.55GB
|  |  |     stored statistics:
|  |  |       table: rows=30.00M size=1.55GB
|  |  |       columns: all
|  |  |     extrapolated-rows=disabled max-scan-range-rows=3.10M
|  |  |     mem-estimate=16.00MB mem-reservation=1.00MB thread-reservation=0
|  |  |     tuple-ids=26 row-size=204B cardinality=30.00M cost=46823813
|  |  |     in pipelines: 24(GETNEXT)
|  |  |
|  |  23:HASH JOIN [INNER JOIN, BROADCAST]
|  |  |  hash-table-id=14
|  |  |  hash predicates: tpcds_partitioned_parquet_snap.web_sales_0.ws_sold_date_sk = tpcds_partitioned_parquet_snap.date_dim_2.d_date_sk
|  |  |  fk/pk conjuncts: tpcds_partitioned_parquet_snap.web_sales_0.ws_sold_date_sk = tpcds_partitioned_parquet_snap.date_dim_2.d_date_sk
|  |  |  mem-estimate=0B mem-reservation=0B spill-buffer=2.00MB thread-reservation=0
|  |  |  tuple-ids=22,24 row-size=377B cardinality=1.99G(filtered from 2.16G) cost=901231051
|  |  |  in pipelines: 21(GETNEXT), 22(OPEN)
|  |  |
|  |  |--F52:PLAN FRAGMENT [RANDOM] hosts=10 instances=10
|  |  |  |  Per-Instance Resources: mem-estimate=418.24MB mem-reservation=408.00MB thread-reservation=1
|  |  |  |  max-parallelism=10 segment-costs=[170129]
|  |  |  JOIN BUILD
|  |  |  |  join-table-id=14 plan-id=15 cohort-id=07
|  |  |  |  build expressions: tpcds_partitioned_parquet_snap.date_dim_2.d_date_sk
|  |  |  |  mem-estimate=408.00MB mem-reservation=408.00MB spill-buffer=2.00MB thread-reservation=0 cost=73049
|  |  |  |
|  |  |  72:EXCHANGE [BROADCAST]
|  |  |  |  mem-estimate=10.24MB mem-reservation=0B thread-reservation=0
|  |  |  |  tuple-ids=24 row-size=237B cardinality=73.05K cost=97080
|  |  |  |  in pipelines: 22(GETNEXT)
|  |  |  |
|  |  |  F14:PLAN FRAGMENT [RANDOM] hosts=1 instances=1
|  |  |  Per-Instance Resources: mem-estimate=16.94MB mem-reservation=4.00MB thread-reservation=1
|  |  |  max-parallelism=1 segment-costs=[158950]
|  |  |  22:SCAN HDFS [tpcds_partitioned_parquet_snap.date_dim, RANDOM]
|  |  |     HDFS partitions=1/1 files=1 size=2.17MB
|  |  |     stored statistics:
|  |  |       table: rows=73.05K size=2.17MB
|  |  |       columns: all
|  |  |     extrapolated-rows=disabled max-scan-range-rows=73.05K
|  |  |     mem-estimate=16.00MB mem-reservation=4.00MB thread-reservation=0
|  |  |     tuple-ids=24 row-size=237B cardinality=73.05K cost=110600
|  |  |     in pipelines: 22(GETNEXT)
|  |  |
|  |  21:SCAN HDFS [tpcds_partitioned_parquet_snap.web_sales, RANDOM]
|  |     HDFS partitions=1824/1824 files=1824 size=145.75GB
|  |     runtime filters: RF013[min_max] -> tpcds_partitioned_parquet_snap.web_sales_0.ws_bill_customer_sk, RF012[bloom] -> tpcds_partitioned_parquet_snap.web_sales_0.ws_bill_customer_sk
|  |     stored statistics:
|  |       table: rows=2.16G size=145.75GB
|  |       partitions: 1824/1824 rows=2.16G
|  |       columns: all
|  |     extrapolated-rows=disabled max-scan-range-rows=3.37M
|  |     mem-estimate=16.00MB mem-reservation=264.00KB thread-reservation=0
|  |     tuple-ids=22 row-size=140B cardinality=1.99G(filtered from 2.16G) cost=4354495421
|  |     in pipelines: 21(GETNEXT)
|  |
|  71:AGGREGATE [FINALIZE]
|  |  output: sum:merge(subtract(tpcds_partitioned_parquet_snap.store_sales_0.ss_ext_list_price, tpcds_partitioned_parquet_snap.store_sales_0.ss_ext_discount_amt))
|  |  group by: tpcds_partitioned_parquet_snap.customer_1.c_customer_id, tpcds_partitioned_parquet_snap.customer_1.c_first_name, tpcds_partitioned_parquet_snap.customer_1.c_last_name, tpcds_partitioned_parquet_snap.customer_1.c_preferred_cust_flag, tpcds_partitioned_parquet_snap.customer_1.c_birth_country, tpcds_partitioned_parquet_snap.customer_1.c_login, tpcds_partitioned_parquet_snap.customer_1.c_email_address, tpcds_partitioned_parquet_snap.date_dim_1.d_year
|  |  mem-estimate=4.17GB mem-reservation=34.00MB spill-buffer=2.00MB thread-reservation=0
|  |  tuple-ids=21 row-size=169B cardinality=5.88G cost=37464857383
|  |  in pipelines: 71(GETNEXT), 15(OPEN)
|  |
|  70:EXCHANGE [HASH(tpcds_partitioned_parquet_snap.customer_1.c_customer_id,tpcds_partitioned_parquet_snap.customer_1.c_first_name,tpcds_partitioned_parquet_snap.customer_1.c_last_name,tpcds_partitioned_parquet_snap.customer_1.c_preferred_cust_flag,tpcds_partitioned_parquet_snap.customer_1.c_birth_country,tpcds_partitioned_parquet_snap.customer_1.c_login,tpcds_partitioned_parquet_snap.customer_1.c_email_address,tpcds_partitioned_parquet_snap.date_dim_1.d_year)]
|  |  mem-estimate=30.29MB mem-reservation=0B thread-reservation=0
|  |  tuple-ids=21 row-size=169B cardinality=7.89G cost=7012748222
|  |  in pipelines: 15(GETNEXT)
|  |
|  F09:PLAN FRAGMENT [RANDOM] hosts=10 instances=120
|  Per-Host Shared Resources: mem-estimate=16.00MB mem-reservation=16.00MB thread-reservation=0 runtime-filters-memory=16.00MB
|  Per-Instance Resources: mem-estimate=4.26GB mem-reservation=42.00MB thread-reservation=1
|  max-parallelism=1824 segment-costs=[65629013155, 89974606443] cpu-comparison-result=120 [max(120 (self) vs 31 (sum children))]
|  20:AGGREGATE [STREAMING]
|  |  output: sum(subtract(tpcds_partitioned_parquet_snap.store_sales_0.ss_ext_list_price, tpcds_partitioned_parquet_snap.store_sales_0.ss_ext_discount_amt))
|  |  group by: tpcds_partitioned_parquet_snap.customer_1.c_customer_id, tpcds_partitioned_parquet_snap.customer_1.c_first_name, tpcds_partitioned_parquet_snap.customer_1.c_last_name, tpcds_partitioned_parquet_snap.customer_1.c_preferred_cust_flag, tpcds_partitioned_parquet_snap.customer_1.c_birth_country, tpcds_partitioned_parquet_snap.customer_1.c_login, tpcds_partitioned_parquet_snap.customer_1.c_email_address, tpcds_partitioned_parquet_snap.date_dim_1.d_year
|  |  mem-estimate=4.17GB mem-reservation=34.00MB spill-buffer=2.00MB thread-reservation=0
|  |  tuple-ids=21 row-size=169B cardinality=7.89G cost=46613754103
|  |  in pipelines: 15(GETNEXT)
|  |
|  19:HASH JOIN [INNER JOIN, BROADCAST]
|  |  hash-table-id=11
|  |  hash predicates: tpcds_partitioned_parquet_snap.store_sales_0.ss_customer_sk = tpcds_partitioned_parquet_snap.customer_1.c_customer_sk
|  |  fk/pk conjuncts: tpcds_partitioned_parquet_snap.store_sales_0.ss_customer_sk = tpcds_partitioned_parquet_snap.customer_1.c_customer_sk
|  |  mem-estimate=0B mem-reservation=0B spill-buffer=2.00MB thread-reservation=0
|  |  tuple-ids=15,17,19 row-size=538B cardinality=7.93G cost=3471497176
|  |  in pipelines: 15(GETNEXT), 18(OPEN)
|  |
|  |--F49:PLAN FRAGMENT [RANDOM] hosts=10 instances=10
|  |  |  Per-Instance Resources: mem-estimate=6.49GB mem-reservation=424.00MB thread-reservation=1 runtime-filters-memory=16.00MB
|  |  |  max-parallelism=10 segment-costs=[69869990]
|  |  JOIN BUILD
|  |  |  join-table-id=11 plan-id=12 cohort-id=06
|  |  |  build expressions: tpcds_partitioned_parquet_snap.customer_1.c_customer_sk
|  |  |  runtime filters: RF008[bloom] <- tpcds_partitioned_parquet_snap.customer_1.c_customer_sk, RF009[min_max] <- tpcds_partitioned_parquet_snap.customer_1.c_customer_sk
|  |  |  mem-estimate=6.46GB mem-reservation=408.00MB spill-buffer=2.00MB thread-reservation=0 cost=30000000
|  |  |
|  |  69:EXCHANGE [BROADCAST]
|  |  |  mem-estimate=12.04MB mem-reservation=0B thread-reservation=0
|  |  |  tuple-ids=19 row-size=204B cardinality=30.00M cost=39869990
|  |  |  in pipelines: 18(GETNEXT)
|  |  |
|  |  F11:PLAN FRAGMENT [RANDOM] hosts=10 instances=10
|  |  Per-Instance Resources: mem-estimate=16.81MB mem-reservation=1.00MB thread-reservation=1
|  |  max-parallelism=10 segment-costs=[64027278]
|  |  18:SCAN HDFS [tpcds_partitioned_parquet_snap.customer, RANDOM]
|  |     HDFS partitions=1/1 files=1 size=1.55GB
|  |     stored statistics:
|  |       table: rows=30.00M size=1.55GB
|  |       columns: all
|  |     extrapolated-rows=disabled max-scan-range-rows=3.10M
|  |     mem-estimate=16.00MB mem-reservation=1.00MB thread-reservation=0
|  |     tuple-ids=19 row-size=204B cardinality=30.00M cost=46823813
|  |     in pipelines: 18(GETNEXT)
|  |
|  17:HASH JOIN [INNER JOIN, BROADCAST]
|  |  hash-table-id=12
|  |  hash predicates: tpcds_partitioned_parquet_snap.store_sales_0.ss_sold_date_sk = tpcds_partitioned_parquet_snap.date_dim_1.d_date_sk
|  |  fk/pk conjuncts: tpcds_partitioned_parquet_snap.store_sales_0.ss_sold_date_sk = tpcds_partitioned_parquet_snap.date_dim_1.d_date_sk
|  |  mem-estimate=0B mem-reservation=0B spill-buffer=2.00MB thread-reservation=0
|  |  tuple-ids=15,17 row-size=333B cardinality=7.93G(filtered from 8.64G) cost=3599915466
|  |  in pipelines: 15(GETNEXT), 16(OPEN)
|  |
|  |--F50:PLAN FRAGMENT [RANDOM] hosts=10 instances=10
|  |  |  Per-Instance Resources: mem-estimate=418.24MB mem-reservation=408.00MB thread-reservation=1
|  |  |  max-parallelism=10 segment-costs=[170129]
|  |  JOIN BUILD
|  |  |  join-table-id=12 plan-id=13 cohort-id=06
|  |  |  build expressions: tpcds_partitioned_parquet_snap.date_dim_1.d_date_sk
|  |  |  mem-estimate=408.00MB mem-reservation=408.00MB spill-buffer=2.00MB thread-reservation=0 cost=73049
|  |  |
|  |  68:EXCHANGE [BROADCAST]
|  |  |  mem-estimate=10.24MB mem-reservation=0B thread-reservation=0
|  |  |  tuple-ids=17 row-size=237B cardinality=73.05K cost=97080
|  |  |  in pipelines: 16(GETNEXT)
|  |  |
|  |  F10:PLAN FRAGMENT [RANDOM] hosts=1 instances=1
|  |  Per-Instance Resources: mem-estimate=16.94MB mem-reservation=4.00MB thread-reservation=1
|  |  max-parallelism=1 segment-costs=[158950]
|  |  16:SCAN HDFS [tpcds_partitioned_parquet_snap.date_dim, RANDOM]
|  |     HDFS partitions=1/1 files=1 size=2.17MB
|  |     stored statistics:
|  |       table: rows=73.05K size=2.17MB
|  |       columns: all
|  |     extrapolated-rows=disabled max-scan-range-rows=73.05K
|  |     mem-estimate=16.00MB mem-reservation=4.00MB thread-reservation=0
|  |     tuple-ids=17 row-size=237B cardinality=73.05K cost=110600
|  |     in pipelines: 16(GETNEXT)
|  |
|  15:SCAN HDFS [tpcds_partitioned_parquet_snap.store_sales, RANDOM]
|     HDFS partitions=1824/1824 files=1824 size=389.90GB
|     runtime filters: RF009[min_max] -> tpcds_partitioned_parquet_snap.store_sales_0.ss_customer_sk, RF008[bloom] -> tpcds_partitioned_parquet_snap.store_sales_0.ss_customer_sk
|     stored statistics:
|       table: rows=8.64G size=389.90GB
|       partitions: 1824/1824 rows=8.64G
|       columns: all
|     extrapolated-rows=disabled max-scan-range-rows=390.22M
|     mem-estimate=16.00MB mem-reservation=8.00MB thread-reservation=0
|     tuple-ids=15 row-size=96B cardinality=7.93G(filtered from 8.64G) cost=11943846410
|     in pipelines: 15(GETNEXT)
|
76:EXCHANGE [HASH(CUSTOMER_ID)]
|  mem-estimate=24.06MB mem-reservation=0B thread-reservation=0
|  tuple-ids=14 row-size=116B cardinality=786.77M cost=507230570
|  in pipelines: 63(GETNEXT), 67(GETNEXT)
|
F08:PLAN FRAGMENT [RANDOM] hosts=10 instances=120
Per-Instance Resources: mem-estimate=4.23GB mem-reservation=34.00MB thread-reservation=1
max-parallelism=120 segment-costs=[44477605605, 13500002573, 25113538540] cpu-comparison-result=240 [max(120 (self) vs 240 (sum children))]
13:SELECT
|  predicates: DYEAR = add(CAST(1998 AS INT), CAST(1 AS INT)), SALE_TYPE = 'w'
|  mem-estimate=0B mem-reservation=0B thread-reservation=0
|  tuple-ids=14 row-size=116B cardinality=786.77M cost=15735398400
|  in pipelines: 63(GETNEXT), 67(GETNEXT)
|
00:UNION
|  mem-estimate=0B mem-reservation=0B thread-reservation=0
|  tuple-ids=14 row-size=116B cardinality=7.87G cost=3095310235
|  in pipelines: 63(GETNEXT), 67(GETNEXT)
|
|--67:AGGREGATE [FINALIZE]
|  |  output: sum:merge(subtract(tpcds_partitioned_parquet_snap.web_sales.ws_ext_list_price, tpcds_partitioned_parquet_snap.web_sales.ws_ext_discount_amt))
|  |  group by: tpcds_partitioned_parquet_snap.customer_0.c_customer_id, tpcds_partitioned_parquet_snap.customer_0.c_first_name, tpcds_partitioned_parquet_snap.customer_0.c_last_name, tpcds_partitioned_parquet_snap.customer_0.c_preferred_cust_flag, tpcds_partitioned_parquet_snap.customer_0.c_birth_country, tpcds_partitioned_parquet_snap.customer_0.c_login, tpcds_partitioned_parquet_snap.customer_0.c_email_address, tpcds_partitioned_parquet_snap.date_dim_0.d_year
|  |  mem-estimate=2.79GB mem-reservation=34.00MB spill-buffer=2.00MB thread-reservation=0
|  |  tuple-ids=13 row-size=169B cardinality=1.99G cost=11732593545
|  |  in pipelines: 67(GETNEXT), 07(OPEN)
|  |
|  66:EXCHANGE [HASH(tpcds_partitioned_parquet_snap.customer_0.c_customer_id,tpcds_partitioned_parquet_snap.customer_0.c_first_name,tpcds_partitioned_parquet_snap.customer_0.c_last_name,tpcds_partitioned_parquet_snap.customer_0.c_preferred_cust_flag,tpcds_partitioned_parquet_snap.customer_0.c_birth_country,tpcds_partitioned_parquet_snap.customer_0.c_login,tpcds_partitioned_parquet_snap.customer_0.c_email_address,tpcds_partitioned_parquet_snap.date_dim_0.d_year)]
|  |  mem-estimate=30.29MB mem-reservation=0B thread-reservation=0
|  |  tuple-ids=13 row-size=169B cardinality=1.99G cost=1767409028
|  |  in pipelines: 07(GETNEXT)
|  |
|  F04:PLAN FRAGMENT [RANDOM] hosts=10 instances=120
|  Per-Host Shared Resources: mem-estimate=17.00MB mem-reservation=17.00MB thread-reservation=0 runtime-filters-memory=17.00MB
|  Per-Instance Resources: mem-estimate=2.19GB mem-reservation=34.26MB thread-reservation=1
|  max-parallelism=1824 segment-costs=[17858335975, 22676121640] cpu-comparison-result=120 [max(120 (self) vs 31 (sum children))]
|  12:AGGREGATE [STREAMING]
|  |  output: sum(subtract(tpcds_partitioned_parquet_snap.web_sales.ws_ext_list_price, tpcds_partitioned_parquet_snap.web_sales.ws_ext_discount_amt))
|  |  group by: tpcds_partitioned_parquet_snap.customer_0.c_customer_id, tpcds_partitioned_parquet_snap.customer_0.c_first_name, tpcds_partitioned_parquet_snap.customer_0.c_last_name, tpcds_partitioned_parquet_snap.customer_0.c_preferred_cust_flag, tpcds_partitioned_parquet_snap.customer_0.c_birth_country, tpcds_partitioned_parquet_snap.customer_0.c_login, tpcds_partitioned_parquet_snap.customer_0.c_email_address, tpcds_partitioned_parquet_snap.date_dim_0.d_year
|  |  mem-estimate=2.10GB mem-reservation=34.00MB spill-buffer=2.00MB thread-reservation=0
|  |  tuple-ids=13 row-size=169B cardinality=1.99G cost=11732593545
|  |  in pipelines: 07(GETNEXT)
|  |
|  11:HASH JOIN [INNER JOIN, BROADCAST]
|  |  hash-table-id=17
|  |  hash predicates: tpcds_partitioned_parquet_snap.web_sales.ws_bill_customer_sk = tpcds_partitioned_parquet_snap.customer_0.c_customer_sk
|  |  fk/pk conjuncts: tpcds_partitioned_parquet_snap.web_sales.ws_bill_customer_sk = tpcds_partitioned_parquet_snap.customer_0.c_customer_sk
|  |  mem-estimate=0B mem-reservation=0B spill-buffer=2.00MB thread-reservation=0
|  |  tuple-ids=7,9,11 row-size=582B cardinality=1.99G cost=870015958
|  |  in pipelines: 07(GETNEXT), 10(OPEN)
|  |
|  |--F55:PLAN FRAGMENT [RANDOM] hosts=10 instances=10
|  |  |  Per-Instance Resources: mem-estimate=6.49GB mem-reservation=424.00MB thread-reservation=1 runtime-filters-memory=16.00MB
|  |  |  max-parallelism=10 segment-costs=[69869990]
|  |  JOIN BUILD
|  |  |  join-table-id=17 plan-id=18 cohort-id=01
|  |  |  build expressions: tpcds_partitioned_parquet_snap.customer_0.c_customer_sk
|  |  |  runtime filters: RF004[bloom] <- tpcds_partitioned_parquet_snap.customer_0.c_customer_sk, RF005[min_max] <- tpcds_partitioned_parquet_snap.customer_0.c_customer_sk
|  |  |  mem-estimate=6.46GB mem-reservation=408.00MB spill-buffer=2.00MB thread-reservation=0 cost=30000000
|  |  |
|  |  65:EXCHANGE [BROADCAST]
|  |  |  mem-estimate=12.04MB mem-reservation=0B thread-reservation=0
|  |  |  tuple-ids=11 row-size=204B cardinality=30.00M cost=39869990
|  |  |  in pipelines: 10(GETNEXT)
|  |  |
|  |  F06:PLAN FRAGMENT [RANDOM] hosts=10 instances=10
|  |  Per-Instance Resources: mem-estimate=16.81MB mem-reservation=1.00MB thread-reservation=1
|  |  max-parallelism=10 segment-costs=[64027278]
|  |  10:SCAN HDFS [tpcds_partitioned_parquet_snap.customer, RANDOM]
|  |     HDFS partitions=1/1 files=1 size=1.55GB
|  |     stored statistics:
|  |       table: rows=30.00M size=1.55GB
|  |       columns: all
|  |     extrapolated-rows=disabled max-scan-range-rows=3.10M
|  |     mem-estimate=16.00MB mem-reservation=1.00MB thread-reservation=0
|  |     tuple-ids=11 row-size=204B cardinality=30.00M cost=46823813
|  |     in pipelines: 10(GETNEXT)
|  |
|  09:HASH JOIN [INNER JOIN, BROADCAST]
|  |  hash-table-id=18
|  |  hash predicates: tpcds_partitioned_parquet_snap.web_sales.ws_sold_date_sk = tpcds_partitioned_parquet_snap.date_dim_0.d_date_sk
|  |  fk/pk conjuncts: tpcds_partitioned_parquet_snap.web_sales.ws_sold_date_sk = tpcds_partitioned_parquet_snap.date_dim_0.d_date_sk
|  |  mem-estimate=0B mem-reservation=0B spill-buffer=2.00MB thread-reservation=0
|  |  tuple-ids=7,9 row-size=377B cardinality=1.99G(filtered from 2.16G) cost=901231051
|  |  in pipelines: 07(GETNEXT), 08(OPEN)
|  |
|  |--F56:PLAN FRAGMENT [RANDOM] hosts=10 instances=10
|  |  |  Per-Instance Resources: mem-estimate=419.24MB mem-reservation=409.00MB thread-reservation=1 runtime-filters-memory=1.00MB
|  |  |  max-parallelism=10 segment-costs=[170129]
|  |  JOIN BUILD
|  |  |  join-table-id=18 plan-id=19 cohort-id=01
|  |  |  build expressions: tpcds_partitioned_parquet_snap.date_dim_0.d_date_sk
|  |  |  runtime filters: RF006[bloom] <- tpcds_partitioned_parquet_snap.date_dim_0.d_date_sk
|  |  |  mem-estimate=408.00MB mem-reservation=408.00MB spill-buffer=2.00MB thread-reservation=0 cost=73049
|  |  |
|  |  64:EXCHANGE [BROADCAST]
|  |  |  mem-estimate=10.24MB mem-reservation=0B thread-reservation=0
|  |  |  tuple-ids=9 row-size=237B cardinality=73.05K cost=97080
|  |  |  in pipelines: 08(GETNEXT)
|  |  |
|  |  F05:PLAN FRAGMENT [RANDOM] hosts=1 instances=1
|  |  Per-Instance Resources: mem-estimate=16.94MB mem-reservation=4.00MB thread-reservation=1
|  |  max-parallelism=1 segment-costs=[158950]
|  |  08:SCAN HDFS [tpcds_partitioned_parquet_snap.date_dim, RANDOM]
|  |     HDFS partitions=1/1 files=1 size=2.17MB
|  |     stored statistics:
|  |       table: rows=73.05K size=2.17MB
|  |       columns: all
|  |     extrapolated-rows=disabled max-scan-range-rows=73.05K
|  |     mem-estimate=16.00MB mem-reservation=4.00MB thread-reservation=0
|  |     tuple-ids=9 row-size=237B cardinality=73.05K cost=110600
|  |     in pipelines: 08(GETNEXT)
|  |
|  07:SCAN HDFS [tpcds_partitioned_parquet_snap.web_sales, RANDOM]
|     HDFS partitions=1824/1824 files=1824 size=145.75GB
|     runtime filters: RF005[min_max] -> tpcds_partitioned_parquet_snap.web_sales.ws_bill_customer_sk, RF004[bloom] -> tpcds_partitioned_parquet_snap.web_sales.ws_bill_customer_sk, RF006[bloom] -> tpcds_partitioned_parquet_snap.web_sales.ws_sold_date_sk
|     stored statistics:
|       table: rows=2.16G size=145.75GB
|       partitions: 1824/1824 rows=2.16G
|       columns: all
|     extrapolated-rows=disabled max-scan-range-rows=3.37M
|     mem-estimate=16.00MB mem-reservation=264.00KB thread-reservation=0
|     tuple-ids=7 row-size=140B cardinality=1.99G(filtered from 2.16G) cost=4354495421
|     in pipelines: 07(GETNEXT)
|
63:AGGREGATE [FINALIZE]
|  output: sum:merge(subtract(tpcds_partitioned_parquet_snap.store_sales.ss_ext_list_price, tpcds_partitioned_parquet_snap.store_sales.ss_ext_discount_amt))
|  group by: tpcds_partitioned_parquet_snap.customer.c_customer_id, tpcds_partitioned_parquet_snap.customer.c_first_name, tpcds_partitioned_parquet_snap.customer.c_last_name, tpcds_partitioned_parquet_snap.customer.c_preferred_cust_flag, tpcds_partitioned_parquet_snap.customer.c_birth_country, tpcds_partitioned_parquet_snap.customer.c_login, tpcds_partitioned_parquet_snap.customer.c_email_address, tpcds_partitioned_parquet_snap.date_dim.d_year
|  mem-estimate=4.17GB mem-reservation=34.00MB spill-buffer=2.00MB thread-reservation=0
|  tuple-ids=6 row-size=169B cardinality=5.88G cost=37464857383
|  in pipelines: 63(GETNEXT), 01(OPEN)
|
62:EXCHANGE [HASH(tpcds_partitioned_parquet_snap.customer.c_customer_id,tpcds_partitioned_parquet_snap.customer.c_first_name,tpcds_partitioned_parquet_snap.customer.c_last_name,tpcds_partitioned_parquet_snap.customer.c_preferred_cust_flag,tpcds_partitioned_parquet_snap.customer.c_birth_country,tpcds_partitioned_parquet_snap.customer.c_login,tpcds_partitioned_parquet_snap.customer.c_email_address,tpcds_partitioned_parquet_snap.date_dim.d_year)]
|  mem-estimate=30.29MB mem-reservation=0B thread-reservation=0
|  tuple-ids=6 row-size=169B cardinality=7.89G cost=7012748222
|  in pipelines: 01(GETNEXT)
|
F00:PLAN FRAGMENT [RANDOM] hosts=10 instances=120
Per-Host Shared Resources: mem-estimate=17.00MB mem-reservation=17.00MB thread-reservation=0 runtime-filters-memory=17.00MB
Per-Instance Resources: mem-estimate=4.26GB mem-reservation=42.00MB thread-reservation=1
max-parallelism=1824 segment-costs=[65629013155, 89974606443] cpu-comparison-result=120 [max(120 (self) vs 31 (sum children))]
06:AGGREGATE [STREAMING]
|  output: sum(subtract(tpcds_partitioned_parquet_snap.store_sales.ss_ext_list_price, tpcds_partitioned_parquet_snap.store_sales.ss_ext_discount_amt))
|  group by: tpcds_partitioned_parquet_snap.customer.c_customer_id, tpcds_partitioned_parquet_snap.customer.c_first_name, tpcds_partitioned_parquet_snap.customer.c_last_name, tpcds_partitioned_parquet_snap.customer.c_preferred_cust_flag, tpcds_partitioned_parquet_snap.customer.c_birth_country, tpcds_partitioned_parquet_snap.customer.c_login, tpcds_partitioned_parquet_snap.customer.c_email_address, tpcds_partitioned_parquet_snap.date_dim.d_year
|  mem-estimate=4.17GB mem-reservation=34.00MB spill-buffer=2.00MB thread-reservation=0
|  tuple-ids=6 row-size=169B cardinality=7.89G cost=46613754103
|  in pipelines: 01(GETNEXT)
|
05:HASH JOIN [INNER JOIN, BROADCAST]
|  hash-table-id=15
|  hash predicates: tpcds_partitioned_parquet_snap.store_sales.ss_customer_sk = tpcds_partitioned_parquet_snap.customer.c_customer_sk
|  fk/pk conjuncts: tpcds_partitioned_parquet_snap.store_sales.ss_customer_sk = tpcds_partitioned_parquet_snap.customer.c_customer_sk
|  mem-estimate=0B mem-reservation=0B spill-buffer=2.00MB thread-reservation=0
|  tuple-ids=0,2,4 row-size=538B cardinality=7.93G cost=3471497176
|  in pipelines: 01(GETNEXT), 04(OPEN)
|
|--F53:PLAN FRAGMENT [RANDOM] hosts=10 instances=10
|  |  Per-Instance Resources: mem-estimate=6.49GB mem-reservation=424.00MB thread-reservation=1 runtime-filters-memory=16.00MB
|  |  max-parallelism=10 segment-costs=[69869990]
|  JOIN BUILD
|  |  join-table-id=15 plan-id=16 cohort-id=01
|  |  build expressions: tpcds_partitioned_parquet_snap.customer.c_customer_sk
|  |  runtime filters: RF000[bloom] <- tpcds_partitioned_parquet_snap.customer.c_customer_sk, RF001[min_max] <- tpcds_partitioned_parquet_snap.customer.c_customer_sk
|  |  mem-estimate=6.46GB mem-reservation=408.00MB spill-buffer=2.00MB thread-reservation=0 cost=30000000
|  |
|  61:EXCHANGE [BROADCAST]
|  |  mem-estimate=12.04MB mem-reservation=0B thread-reservation=0
|  |  tuple-ids=4 row-size=204B cardinality=30.00M cost=39869990
|  |  in pipelines: 04(GETNEXT)
|  |
|  F02:PLAN FRAGMENT [RANDOM] hosts=10 instances=10
|  Per-Instance Resources: mem-estimate=16.81MB mem-reservation=1.00MB thread-reservation=1
|  max-parallelism=10 segment-costs=[64027278]
|  04:SCAN HDFS [tpcds_partitioned_parquet_snap.customer, RANDOM]
|     HDFS partitions=1/1 files=1 size=1.55GB
|     stored statistics:
|       table: rows=30.00M size=1.55GB
|       columns: all
|     extrapolated-rows=disabled max-scan-range-rows=3.10M
|     mem-estimate=16.00MB mem-reservation=1.00MB thread-reservation=0
|     tuple-ids=4 row-size=204B cardinality=30.00M cost=46823813
|     in pipelines: 04(GETNEXT)
|
03:HASH JOIN [INNER JOIN, BROADCAST]
|  hash-table-id=16
|  hash predicates: tpcds_partitioned_parquet_snap.store_sales.ss_sold_date_sk = tpcds_partitioned_parquet_snap.date_dim.d_date_sk
|  fk/pk conjuncts: tpcds_partitioned_parquet_snap.store_sales.ss_sold_date_sk = tpcds_partitioned_parquet_snap.date_dim.d_date_sk
|  mem-estimate=0B mem-reservation=0B spill-buffer=2.00MB thread-reservation=0
|  tuple-ids=0,2 row-size=333B cardinality=7.93G(filtered from 8.64G) cost=3599915466
|  in pipelines: 01(GETNEXT), 02(OPEN)
|
|--F54:PLAN FRAGMENT [RANDOM] hosts=10 instances=10
|  |  Per-Instance Resources: mem-estimate=419.24MB mem-reservation=409.00MB thread-reservation=1 runtime-filters-memory=1.00MB
|  |  max-parallelism=10 segment-costs=[170129]
|  JOIN BUILD
|  |  join-table-id=16 plan-id=17 cohort-id=01
|  |  build expressions: tpcds_partitioned_parquet_snap.date_dim.d_date_sk
|  |  runtime filters: RF002[bloom] <- tpcds_partitioned_parquet_snap.date_dim.d_date_sk
|  |  mem-estimate=408.00MB mem-reservation=408.00MB spill-buffer=2.00MB thread-reservation=0 cost=73049
|  |
|  60:EXCHANGE [BROADCAST]
|  |  mem-estimate=10.24MB mem-reservation=0B thread-reservation=0
|  |  tuple-ids=2 row-size=237B cardinality=73.05K cost=97080
|  |  in pipelines: 02(GETNEXT)
|  |
|  F01:PLAN FRAGMENT [RANDOM] hosts=1 instances=1
|  Per-Instance Resources: mem-estimate=16.94MB mem-reservation=4.00MB thread-reservation=1
|  max-parallelism=1 segment-costs=[158950]
|  02:SCAN HDFS [tpcds_partitioned_parquet_snap.date_dim, RANDOM]
|     HDFS partitions=1/1 files=1 size=2.17MB
|     stored statistics:
|       table: rows=73.05K size=2.17MB
|       columns: all
|     extrapolated-rows=disabled max-scan-range-rows=73.05K
|     mem-estimate=16.00MB mem-reservation=4.00MB thread-reservation=0
|     tuple-ids=2 row-size=237B cardinality=73.05K cost=110600
|     in pipelines: 02(GETNEXT)
|
01:SCAN HDFS [tpcds_partitioned_parquet_snap.store_sales, RANDOM]
   HDFS partitions=1824/1824 files=1824 size=389.90GB
   runtime filters: RF001[min_max] -> tpcds_partitioned_parquet_snap.store_sales.ss_customer_sk, RF000[bloom] -> tpcds_partitioned_parquet_snap.store_sales.ss_customer_sk, RF002[bloom] -> tpcds_partitioned_parquet_snap.store_sales.ss_sold_date_sk
   stored statistics:
     table: rows=8.64G size=389.90GB
     partitions: 1824/1824 rows=8.64G
     columns: all
   extrapolated-rows=disabled max-scan-range-rows=390.22M
   mem-estimate=16.00MB mem-reservation=8.00MB thread-reservation=0
   tuple-ids=0 row-size=96B cardinality=7.93G(filtered from 8.64G) cost=11943846410
   in pipelines: 01(GETNEXT)
====
