# TPCDS-Q75
# start query 75 in stream 0 using template query75.tpl using seed 369825577
WITH all_sales AS (
 SELECT d_year
       ,i_brand_id
       ,i_class_id
       ,i_category_id
       ,i_manufact_id
       ,SUM(sales_cnt) AS sales_cnt
       ,SUM(sales_amt) AS sales_amt
 FROM (SELECT d_year
             ,i_brand_id
             ,i_class_id
             ,i_category_id
             ,i_manufact_id
             ,cs_quantity - COALESCE(cr_return_quantity,0) AS sales_cnt
             ,cs_ext_sales_price - COALESCE(cr_return_amount,0.0) AS sales_amt
       FROM catalog_sales JOIN item ON i_item_sk=cs_item_sk
                          JOIN date_dim ON d_date_sk=cs_sold_date_sk
                          LEFT JOIN catalog_returns ON (cs_order_number=cr_order_number
                                                    AND cs_item_sk=cr_item_sk)
       WHERE i_category='Sports'
       UNION
       SELECT d_year
             ,i_brand_id
             ,i_class_id
             ,i_category_id
             ,i_manufact_id
             ,ss_quantity - COALESCE(sr_return_quantity,0) AS sales_cnt
             ,ss_ext_sales_price - COALESCE(sr_return_amt,0.0) AS sales_amt
       FROM store_sales JOIN item ON i_item_sk=ss_item_sk
                        JOIN date_dim ON d_date_sk=ss_sold_date_sk
                        LEFT JOIN store_returns ON (ss_ticket_number=sr_ticket_number
                                                AND ss_item_sk=sr_item_sk)
       WHERE i_category='Sports'
       UNION
       SELECT d_year
             ,i_brand_id
             ,i_class_id
             ,i_category_id
             ,i_manufact_id
             ,ws_quantity - COALESCE(wr_return_quantity,0) AS sales_cnt
             ,ws_ext_sales_price - COALESCE(wr_return_amt,0.0) AS sales_amt
       FROM web_sales JOIN item ON i_item_sk=ws_item_sk
                      JOIN date_dim ON d_date_sk=ws_sold_date_sk
                      LEFT JOIN web_returns ON (ws_order_number=wr_order_number
                                            AND ws_item_sk=wr_item_sk)
       WHERE i_category='Sports') sales_detail
 GROUP BY d_year, i_brand_id, i_class_id, i_category_id, i_manufact_id)
 SELECT  prev_yr.d_year AS prev_year
                          ,curr_yr.d_year AS year
                          ,curr_yr.i_brand_id
                          ,curr_yr.i_class_id
                          ,curr_yr.i_category_id
                          ,curr_yr.i_manufact_id
                          ,prev_yr.sales_cnt AS prev_yr_cnt
                          ,curr_yr.sales_cnt AS curr_yr_cnt
                          ,curr_yr.sales_cnt-prev_yr.sales_cnt AS sales_cnt_diff
                          ,curr_yr.sales_amt-prev_yr.sales_amt AS sales_amt_diff
 FROM all_sales curr_yr, all_sales prev_yr
 WHERE curr_yr.i_brand_id=prev_yr.i_brand_id
   AND curr_yr.i_class_id=prev_yr.i_class_id
   AND curr_yr.i_category_id=prev_yr.i_category_id
   AND curr_yr.i_manufact_id=prev_yr.i_manufact_id
   AND curr_yr.d_year=2001
   AND prev_yr.d_year=2001-1
   AND CAST(curr_yr.sales_cnt AS DECIMAL(17,2))/CAST(prev_yr.sales_cnt AS DECIMAL(17,2))<0.9
 ORDER BY sales_cnt_diff,sales_amt_diff
 limit 100

# end query 75 in stream 0 using template query75.tpl
---- PLAN
Max Per-Host Resource Reservation: Memory=342.00MB Threads=1
Per-Host Resource Estimates: Memory=100.73GB
F00:PLAN FRAGMENT [UNPARTITIONED] hosts=1 instances=1
|  Per-Instance Resources: mem-estimate=100.73GB mem-reservation=342.00MB thread-reservation=1 runtime-filters-memory=10.00MB
|  max-parallelism=1 segment-costs=[33183254115, 14092523099, 9004735422, 33183254115, 14092523099, 9004735422, 2526089740, 1000]
PLAN-ROOT SINK
|  output exprs: D_YEAR, D_YEAR, I_BRAND_ID, I_CLASS_ID, I_CATEGORY_ID, I_MANUFACT_ID, sum(SALES_CNT), sum(SALES_CNT), subtract(sum(SALES_CNT), sum(SALES_CNT)), subtract(sum(SALES_AMT), sum(SALES_AMT))
|  mem-estimate=4.00MB mem-reservation=4.00MB spill-buffer=2.00MB thread-reservation=0 cost=1000
|
53:TOP-N [LIMIT=100]
|  order by: subtract(sum(SALES_CNT), sum(SALES_CNT)) ASC NULLS LAST, subtract(sum(SALES_AMT), sum(SALES_AMT)) ASC NULLS LAST
|  mem-estimate=7.03KB mem-reservation=0B thread-reservation=0
|  tuple-ids=58 row-size=72B cardinality=100 cost=2309331409
|  in pipelines: 53(GETNEXT), 25(OPEN)
|
52:HASH JOIN [INNER JOIN]
|  hash predicates: I_BRAND_ID = I_BRAND_ID, I_CATEGORY_ID = I_CATEGORY_ID, I_CLASS_ID = I_CLASS_ID, I_MANUFACT_ID = I_MANUFACT_ID
|  fk/pk conjuncts: assumed fk/pk
|  other join predicates: divide(CAST(sum(SALES_CNT) AS DECIMAL(17,2)), CAST(sum(SALES_CNT) AS DECIMAL(17,2))) < CAST(0.9 AS DECIMAL(2,1))
|  mem-estimate=9.18GB mem-reservation=34.00MB spill-buffer=2.00MB thread-reservation=0
|  tuple-ids=28,57 row-size=88B cardinality=150.77M cost=216758331
|  in pipelines: 25(GETNEXT), 51(OPEN)
|
|--51:AGGREGATE [FINALIZE]
|  |  output: sum(SALES_CNT), sum(SALES_AMT)
|  |  group by: D_YEAR, I_BRAND_ID, I_CLASS_ID, I_CATEGORY_ID, I_MANUFACT_ID
|  |  having: D_YEAR = subtract(CAST(2001 AS INT), CAST(1 AS INT))
|  |  mem-estimate=128.00MB mem-reservation=34.00MB spill-buffer=2.00MB thread-reservation=0
|  |  tuple-ids=57 row-size=44B cardinality=150.77M cost=9004735422
|  |  in pipelines: 51(GETNEXT), 50(OPEN)
|  |
|  50:AGGREGATE [FINALIZE]
|  |  group by: D_YEAR, I_BRAND_ID, I_CLASS_ID, I_CATEGORY_ID, I_MANUFACT_ID, SALES_CNT, SALES_AMT
|  |  mem-estimate=128.00MB mem-reservation=34.00MB spill-buffer=2.00MB thread-reservation=0
|  |  tuple-ids=56 row-size=32B cardinality=1.51G cost=8899198222
|  |  in pipelines: 50(GETNEXT), 42(OPEN), 43(OPEN)
|  |
|  26:UNION
|  |  pass-through-operands: 42
|  |  mem-estimate=0B mem-reservation=0B thread-reservation=0
|  |  tuple-ids=55 row-size=32B cardinality=1.51G cost=27383300
|  |  in pipelines: 42(GETNEXT), 43(GETNEXT)
|  |
|  |--49:HASH JOIN [LEFT OUTER JOIN]
|  |  |  hash predicates: tpcds_partitioned_parquet_snap.web_sales_0.ws_item_sk = tpcds_partitioned_parquet_snap.web_returns_0.wr_item_sk, tpcds_partitioned_parquet_snap.web_sales_0.ws_order_number = tpcds_partitioned_parquet_snap.web_returns_0.wr_order_number
|  |  |  fk/pk conjuncts: tpcds_partitioned_parquet_snap.web_sales_0.ws_item_sk = tpcds_partitioned_parquet_snap.web_returns_0.wr_item_sk, tpcds_partitioned_parquet_snap.web_sales_0.ws_order_number = tpcds_partitioned_parquet_snap.web_returns_0.wr_order_number
|  |  |  mem-estimate=26.12GB mem-reservation=34.00MB spill-buffer=2.00MB thread-reservation=0
|  |  |  tuple-ids=47,49,51,53N row-size=883B cardinality=215.38M cost=310274124
|  |  |  in pipelines: 43(GETNEXT), 48(OPEN)
|  |  |
|  |  |--48:SCAN HDFS [tpcds_partitioned_parquet_snap.web_returns]
|  |  |     HDFS partitions=2114/2114 files=2114 size=16.74GB
|  |  |     stored statistics:
|  |  |       table: rows=216.00M size=16.74GB
|  |  |       partitions: 2114/2114 rows=216.00M
|  |  |       columns: all
|  |  |     extrapolated-rows=disabled max-scan-range-rows=9.41M
|  |  |     mem-estimate=16.00MB mem-reservation=256.00KB thread-reservation=0
|  |  |     tuple-ids=53 row-size=100B cardinality=216.00M cost=311043867
|  |  |     in pipelines: 48(GETNEXT)
|  |  |
|  |  47:HASH JOIN [INNER JOIN]
|  |  |  hash predicates: tpcds_partitioned_parquet_snap.web_sales_0.ws_sold_date_sk = tpcds_partitioned_parquet_snap.date_dim_4.d_date_sk
|  |  |  fk/pk conjuncts: tpcds_partitioned_parquet_snap.web_sales_0.ws_sold_date_sk = tpcds_partitioned_parquet_snap.date_dim_4.d_date_sk
|  |  |  mem-estimate=34.00MB mem-reservation=34.00MB spill-buffer=2.00MB thread-reservation=0
|  |  |  tuple-ids=47,49,51 row-size=783B cardinality=215.38M cost=94344487
|  |  |  in pipelines: 43(GETNEXT), 46(OPEN)
|  |  |
|  |  |--46:SCAN HDFS [tpcds_partitioned_parquet_snap.date_dim]
|  |  |     HDFS partitions=1/1 files=1 size=2.17MB
|  |  |     stored statistics:
|  |  |       table: rows=73.05K size=2.17MB
|  |  |       columns: all
|  |  |     extrapolated-rows=disabled max-scan-range-rows=73.05K
|  |  |     mem-estimate=16.00MB mem-reservation=4.00MB thread-reservation=0
|  |  |     tuple-ids=51 row-size=237B cardinality=73.05K cost=110600
|  |  |     in pipelines: 46(GETNEXT)
|  |  |
|  |  45:HASH JOIN [INNER JOIN]
|  |  |  hash predicates: tpcds_partitioned_parquet_snap.web_sales_0.ws_item_sk = tpcds_partitioned_parquet_snap.item_4.i_item_sk
|  |  |  fk/pk conjuncts: tpcds_partitioned_parquet_snap.web_sales_0.ws_item_sk = tpcds_partitioned_parquet_snap.item_4.i_item_sk
|  |  |  runtime filters: RF022[bloom] <- tpcds_partitioned_parquet_snap.item_4.i_item_sk, RF023[min_max] <- tpcds_partitioned_parquet_snap.item_4.i_item_sk
|  |  |  mem-estimate=17.00MB mem-reservation=17.00MB spill-buffer=1.00MB thread-reservation=0
|  |  |  tuple-ids=47,49 row-size=545B cardinality=215.38M cost=94307353
|  |  |  in pipelines: 43(GETNEXT), 44(OPEN)
|  |  |
|  |  |--44:SCAN HDFS [tpcds_partitioned_parquet_snap.item]
|  |  |     HDFS partitions=1/1 files=1 size=33.54MB
|  |  |     predicates: tpcds_partitioned_parquet_snap.item_4.i_category = 'Sports'
|  |  |     stored statistics:
|  |  |       table: rows=360.00K size=33.54MB
|  |  |       columns: all
|  |  |     extrapolated-rows=disabled max-scan-range-rows=101.54K
|  |  |     parquet statistics predicates: tpcds_partitioned_parquet_snap.item_4.i_category = 'Sports'
|  |  |     parquet dictionary predicates: tpcds_partitioned_parquet_snap.item_4.i_category = 'Sports'
|  |  |     mem-estimate=16.00MB mem-reservation=512.00KB thread-reservation=0
|  |  |     tuple-ids=49 row-size=405B cardinality=35.91K cost=1365725
|  |  |     in pipelines: 44(GETNEXT)
|  |  |
|  |  43:SCAN HDFS [tpcds_partitioned_parquet_snap.web_sales]
|  |     HDFS partitions=1824/1824 files=1824 size=145.75GB
|  |     runtime filters: RF023[min_max] -> tpcds_partitioned_parquet_snap.web_sales_0.ws_item_sk, RF022[bloom] -> tpcds_partitioned_parquet_snap.web_sales_0.ws_item_sk
|  |     stored statistics:
|  |       table: rows=2.16G size=145.75GB
|  |       partitions: 1824/1824 rows=2.16G
|  |       columns: all
|  |     extrapolated-rows=disabled max-scan-range-rows=3.37M
|  |     mem-estimate=16.00MB mem-reservation=264.00KB thread-reservation=0
|  |     tuple-ids=47 row-size=140B cardinality=215.38M(filtered from 2.16G) cost=4354495421
|  |     in pipelines: 43(GETNEXT)
|  |
|  42:AGGREGATE [FINALIZE]
|  |  group by: D_YEAR, I_BRAND_ID, I_CLASS_ID, I_CATEGORY_ID, I_MANUFACT_ID, SALES_CNT, SALES_AMT
|  |  mem-estimate=128.00MB mem-reservation=34.00MB spill-buffer=2.00MB thread-reservation=0
|  |  tuple-ids=46 row-size=32B cardinality=1.29G cost=7627901458
|  |  in pipelines: 42(GETNEXT), 28(OPEN), 35(OPEN)
|  |
|  27:UNION
|  |  mem-estimate=0B mem-reservation=0B thread-reservation=0
|  |  tuple-ids=45 row-size=32B cardinality=1.29G cost=164302407
|  |  in pipelines: 28(GETNEXT), 35(GETNEXT)
|  |
|  |--41:HASH JOIN [LEFT OUTER JOIN]
|  |  |  hash predicates: tpcds_partitioned_parquet_snap.store_sales_0.ss_item_sk = tpcds_partitioned_parquet_snap.store_returns_0.sr_item_sk, tpcds_partitioned_parquet_snap.store_sales_0.ss_ticket_number = tpcds_partitioned_parquet_snap.store_returns_0.sr_ticket_number
|  |  |  fk/pk conjuncts: tpcds_partitioned_parquet_snap.store_sales_0.ss_item_sk = tpcds_partitioned_parquet_snap.store_returns_0.sr_item_sk, tpcds_partitioned_parquet_snap.store_sales_0.ss_ticket_number = tpcds_partitioned_parquet_snap.store_returns_0.sr_ticket_number
|  |  |  mem-estimate=50.00GB mem-reservation=34.00MB spill-buffer=2.00MB thread-reservation=0
|  |  |  tuple-ids=37,39,41,43N row-size=823B cardinality=861.52M cost=1241077150
|  |  |  in pipelines: 35(GETNEXT), 40(OPEN)
|  |  |
|  |  |--40:SCAN HDFS [tpcds_partitioned_parquet_snap.store_returns]
|  |  |     HDFS partitions=2004/2004 files=2004 size=48.14GB
|  |  |     stored statistics:
|  |  |       table: rows=863.99M size=48.14GB
|  |  |       partitions: 2004/2004 rows=863.99M
|  |  |       columns: all
|  |  |     extrapolated-rows=disabled max-scan-range-rows=30.09M
|  |  |     mem-estimate=16.00MB mem-reservation=512.00KB thread-reservation=0
|  |  |     tuple-ids=43 row-size=84B cardinality=863.99M cost=1045080649
|  |  |     in pipelines: 40(GETNEXT)
|  |  |
|  |  39:HASH JOIN [INNER JOIN]
|  |  |  hash predicates: tpcds_partitioned_parquet_snap.store_sales_0.ss_sold_date_sk = tpcds_partitioned_parquet_snap.date_dim_3.d_date_sk
|  |  |  fk/pk conjuncts: tpcds_partitioned_parquet_snap.store_sales_0.ss_sold_date_sk = tpcds_partitioned_parquet_snap.date_dim_3.d_date_sk
|  |  |  mem-estimate=34.00MB mem-reservation=34.00MB spill-buffer=2.00MB thread-reservation=0
|  |  |  tuple-ids=37,39,41 row-size=739B cardinality=861.52M cost=377161567
|  |  |  in pipelines: 35(GETNEXT), 38(OPEN)
|  |  |
|  |  |--38:SCAN HDFS [tpcds_partitioned_parquet_snap.date_dim]
|  |  |     HDFS partitions=1/1 files=1 size=2.17MB
|  |  |     stored statistics:
|  |  |       table: rows=73.05K size=2.17MB
|  |  |       columns: all
|  |  |     extrapolated-rows=disabled max-scan-range-rows=73.05K
|  |  |     mem-estimate=16.00MB mem-reservation=4.00MB thread-reservation=0
|  |  |     tuple-ids=41 row-size=237B cardinality=73.05K cost=110600
|  |  |     in pipelines: 38(GETNEXT)
|  |  |
|  |  37:HASH JOIN [INNER JOIN]
|  |  |  hash predicates: tpcds_partitioned_parquet_snap.store_sales_0.ss_item_sk = tpcds_partitioned_parquet_snap.item_3.i_item_sk
|  |  |  fk/pk conjuncts: tpcds_partitioned_parquet_snap.store_sales_0.ss_item_sk = tpcds_partitioned_parquet_snap.item_3.i_item_sk
|  |  |  runtime filters: RF018[bloom] <- tpcds_partitioned_parquet_snap.item_3.i_item_sk, RF019[min_max] <- tpcds_partitioned_parquet_snap.item_3.i_item_sk
|  |  |  mem-estimate=17.00MB mem-reservation=17.00MB spill-buffer=1.00MB thread-reservation=0
|  |  |  tuple-ids=37,39 row-size=501B cardinality=861.52M cost=377124433
|  |  |  in pipelines: 35(GETNEXT), 36(OPEN)
|  |  |
|  |  |--36:SCAN HDFS [tpcds_partitioned_parquet_snap.item]
|  |  |     HDFS partitions=1/1 files=1 size=33.54MB
|  |  |     predicates: tpcds_partitioned_parquet_snap.item_3.i_category = 'Sports'
|  |  |     stored statistics:
|  |  |       table: rows=360.00K size=33.54MB
|  |  |       columns: all
|  |  |     extrapolated-rows=disabled max-scan-range-rows=101.54K
|  |  |     parquet statistics predicates: tpcds_partitioned_parquet_snap.item_3.i_category = 'Sports'
|  |  |     parquet dictionary predicates: tpcds_partitioned_parquet_snap.item_3.i_category = 'Sports'
|  |  |     mem-estimate=16.00MB mem-reservation=512.00KB thread-reservation=0
|  |  |     tuple-ids=39 row-size=405B cardinality=35.91K cost=1365725
|  |  |     in pipelines: 36(GETNEXT)
|  |  |
|  |  35:SCAN HDFS [tpcds_partitioned_parquet_snap.store_sales]
|  |     HDFS partitions=1824/1824 files=1824 size=389.90GB
|  |     runtime filters: RF019[min_max] -> tpcds_partitioned_parquet_snap.store_sales_0.ss_item_sk, RF018[bloom] -> tpcds_partitioned_parquet_snap.store_sales_0.ss_item_sk
|  |     stored statistics:
|  |       table: rows=8.64G size=389.90GB
|  |       partitions: 1824/1824 rows=8.64G
|  |       columns: all
|  |     extrapolated-rows=disabled max-scan-range-rows=390.22M
|  |     mem-estimate=16.00MB mem-reservation=8.00MB thread-reservation=0
|  |     tuple-ids=37 row-size=96B cardinality=861.52M(filtered from 8.64G) cost=11943846410
|  |     in pipelines: 35(GETNEXT)
|  |
|  34:HASH JOIN [LEFT OUTER JOIN]
|  |  hash predicates: tpcds_partitioned_parquet_snap.catalog_sales_0.cs_item_sk = tpcds_partitioned_parquet_snap.catalog_returns_0.cr_item_sk, tpcds_partitioned_parquet_snap.catalog_sales_0.cs_order_number = tpcds_partitioned_parquet_snap.catalog_returns_0.cr_order_number
|  |  fk/pk conjuncts: tpcds_partitioned_parquet_snap.catalog_sales_0.cs_item_sk = tpcds_partitioned_parquet_snap.catalog_returns_0.cr_item_sk, tpcds_partitioned_parquet_snap.catalog_sales_0.cs_order_number = tpcds_partitioned_parquet_snap.catalog_returns_0.cr_order_number
|  |  mem-estimate=50.00GB mem-reservation=34.00MB spill-buffer=2.00MB thread-reservation=0
|  |  tuple-ids=29,31,33,35N row-size=895B cardinality=430.77M cost=620566067
|  |  in pipelines: 28(GETNEXT), 33(OPEN)
|  |
|  |--33:SCAN HDFS [tpcds_partitioned_parquet_snap.catalog_returns]
|  |     HDFS partitions=2060/2060 files=2060 size=32.77GB
|  |     stored statistics:
|  |       table: rows=432.02M size=32.77GB
|  |       partitions: 2060/2060 rows=432.02M
|  |       columns: all
|  |     extrapolated-rows=disabled max-scan-range-rows=416.82K
|  |     mem-estimate=16.00MB mem-reservation=208.00KB thread-reservation=0
|  |     tuple-ids=35 row-size=112B cardinality=432.02M cost=696757003
|  |     in pipelines: 33(GETNEXT)
|  |
|  32:HASH JOIN [INNER JOIN]
|  |  hash predicates: tpcds_partitioned_parquet_snap.catalog_sales_0.cs_sold_date_sk = tpcds_partitioned_parquet_snap.date_dim_2.d_date_sk
|  |  fk/pk conjuncts: tpcds_partitioned_parquet_snap.catalog_sales_0.cs_sold_date_sk = tpcds_partitioned_parquet_snap.date_dim_2.d_date_sk
|  |  runtime filters: RF012[bloom] <- tpcds_partitioned_parquet_snap.date_dim_2.d_date_sk
|  |  mem-estimate=34.00MB mem-reservation=34.00MB spill-buffer=2.00MB thread-reservation=0
|  |  tuple-ids=29,31,33 row-size=783B cardinality=430.77M cost=188622125
|  |  in pipelines: 28(GETNEXT), 31(OPEN)
|  |
|  |--31:SCAN HDFS [tpcds_partitioned_parquet_snap.date_dim]
|  |     HDFS partitions=1/1 files=1 size=2.17MB
|  |     stored statistics:
|  |       table: rows=73.05K size=2.17MB
|  |       columns: all
|  |     extrapolated-rows=disabled max-scan-range-rows=73.05K
|  |     mem-estimate=16.00MB mem-reservation=4.00MB thread-reservation=0
|  |     tuple-ids=33 row-size=237B cardinality=73.05K cost=110600
|  |     in pipelines: 31(GETNEXT)
|  |
|  30:HASH JOIN [INNER JOIN]
|  |  hash predicates: tpcds_partitioned_parquet_snap.catalog_sales_0.cs_item_sk = tpcds_partitioned_parquet_snap.item_2.i_item_sk
|  |  fk/pk conjuncts: tpcds_partitioned_parquet_snap.catalog_sales_0.cs_item_sk = tpcds_partitioned_parquet_snap.item_2.i_item_sk
|  |  runtime filters: RF014[bloom] <- tpcds_partitioned_parquet_snap.item_2.i_item_sk, RF015[min_max] <- tpcds_partitioned_parquet_snap.item_2.i_item_sk
|  |  mem-estimate=17.00MB mem-reservation=17.00MB spill-buffer=1.00MB thread-reservation=0
|  |  tuple-ids=29,31 row-size=545B cardinality=430.77M cost=188584991
|  |  in pipelines: 28(GETNEXT), 29(OPEN)
|  |
|  |--29:SCAN HDFS [tpcds_partitioned_parquet_snap.item]
|  |     HDFS partitions=1/1 files=1 size=33.54MB
|  |     predicates: tpcds_partitioned_parquet_snap.item_2.i_category = 'Sports'
|  |     stored statistics:
|  |       table: rows=360.00K size=33.54MB
|  |       columns: all
|  |     extrapolated-rows=disabled max-scan-range-rows=101.54K
|  |     parquet statistics predicates: tpcds_partitioned_parquet_snap.item_2.i_category = 'Sports'
|  |     parquet dictionary predicates: tpcds_partitioned_parquet_snap.item_2.i_category = 'Sports'
|  |     mem-estimate=16.00MB mem-reservation=512.00KB thread-reservation=0
|  |     tuple-ids=31 row-size=405B cardinality=35.91K cost=1365725
|  |     in pipelines: 29(GETNEXT)
|  |
|  28:SCAN HDFS [tpcds_partitioned_parquet_snap.catalog_sales]
|     HDFS partitions=1831/1831 files=1831 size=280.96GB
|     runtime filters: RF015[min_max] -> tpcds_partitioned_parquet_snap.catalog_sales_0.cs_item_sk, RF014[bloom] -> tpcds_partitioned_parquet_snap.catalog_sales_0.cs_item_sk, RF012[bloom] -> tpcds_partitioned_parquet_snap.catalog_sales_0.cs_sold_date_sk
|     stored statistics:
|       table: rows=4.32G size=280.96GB
|       partitions: 1831/1831 rows=4.32G
|       columns: all
|     extrapolated-rows=disabled max-scan-range-rows=21.52M
|     mem-estimate=16.00MB mem-reservation=1.00MB thread-reservation=0
|     tuple-ids=29 row-size=140B cardinality=430.77M(filtered from 4.32G) cost=8709277205
|     in pipelines: 28(GETNEXT)
|
25:AGGREGATE [FINALIZE]
|  output: sum(SALES_CNT), sum(SALES_AMT)
|  group by: D_YEAR, I_BRAND_ID, I_CLASS_ID, I_CATEGORY_ID, I_MANUFACT_ID
|  having: D_YEAR = CAST(2001 AS INT)
|  mem-estimate=128.00MB mem-reservation=34.00MB spill-buffer=2.00MB thread-reservation=0
|  tuple-ids=28 row-size=44B cardinality=150.77M cost=9004735422
|  in pipelines: 25(GETNEXT), 24(OPEN)
|
24:AGGREGATE [FINALIZE]
|  group by: D_YEAR, I_BRAND_ID, I_CLASS_ID, I_CATEGORY_ID, I_MANUFACT_ID, SALES_CNT, SALES_AMT
|  mem-estimate=128.00MB mem-reservation=34.00MB spill-buffer=2.00MB thread-reservation=0
|  tuple-ids=27 row-size=32B cardinality=1.51G cost=8899198222
|  in pipelines: 24(GETNEXT), 16(OPEN), 17(OPEN)
|
00:UNION
|  pass-through-operands: 16
|  mem-estimate=0B mem-reservation=0B thread-reservation=0
|  tuple-ids=26 row-size=32B cardinality=1.51G cost=27383300
|  in pipelines: 16(GETNEXT), 17(GETNEXT)
|
|--23:HASH JOIN [LEFT OUTER JOIN]
|  |  hash predicates: tpcds_partitioned_parquet_snap.web_sales.ws_item_sk = tpcds_partitioned_parquet_snap.web_returns.wr_item_sk, tpcds_partitioned_parquet_snap.web_sales.ws_order_number = tpcds_partitioned_parquet_snap.web_returns.wr_order_number
|  |  fk/pk conjuncts: tpcds_partitioned_parquet_snap.web_sales.ws_item_sk = tpcds_partitioned_parquet_snap.web_returns.wr_item_sk, tpcds_partitioned_parquet_snap.web_sales.ws_order_number = tpcds_partitioned_parquet_snap.web_returns.wr_order_number
|  |  mem-estimate=26.12GB mem-reservation=34.00MB spill-buffer=2.00MB thread-reservation=0
|  |  tuple-ids=18,20,22,24N row-size=883B cardinality=215.38M cost=310274124
|  |  in pipelines: 17(GETNEXT), 22(OPEN)
|  |
|  |--22:SCAN HDFS [tpcds_partitioned_parquet_snap.web_returns]
|  |     HDFS partitions=2114/2114 files=2114 size=16.74GB
|  |     stored statistics:
|  |       table: rows=216.00M size=16.74GB
|  |       partitions: 2114/2114 rows=216.00M
|  |       columns: all
|  |     extrapolated-rows=disabled max-scan-range-rows=9.41M
|  |     mem-estimate=16.00MB mem-reservation=256.00KB thread-reservation=0
|  |     tuple-ids=24 row-size=100B cardinality=216.00M cost=311043867
|  |     in pipelines: 22(GETNEXT)
|  |
|  21:HASH JOIN [INNER JOIN]
|  |  hash predicates: tpcds_partitioned_parquet_snap.web_sales.ws_sold_date_sk = tpcds_partitioned_parquet_snap.date_dim_1.d_date_sk
|  |  fk/pk conjuncts: tpcds_partitioned_parquet_snap.web_sales.ws_sold_date_sk = tpcds_partitioned_parquet_snap.date_dim_1.d_date_sk
|  |  runtime filters: RF008[bloom] <- tpcds_partitioned_parquet_snap.date_dim_1.d_date_sk
|  |  mem-estimate=34.00MB mem-reservation=34.00MB spill-buffer=2.00MB thread-reservation=0
|  |  tuple-ids=18,20,22 row-size=783B cardinality=215.38M cost=94344487
|  |  in pipelines: 17(GETNEXT), 20(OPEN)
|  |
|  |--20:SCAN HDFS [tpcds_partitioned_parquet_snap.date_dim]
|  |     HDFS partitions=1/1 files=1 size=2.17MB
|  |     stored statistics:
|  |       table: rows=73.05K size=2.17MB
|  |       columns: all
|  |     extrapolated-rows=disabled max-scan-range-rows=73.05K
|  |     mem-estimate=16.00MB mem-reservation=4.00MB thread-reservation=0
|  |     tuple-ids=22 row-size=237B cardinality=73.05K cost=110600
|  |     in pipelines: 20(GETNEXT)
|  |
|  19:HASH JOIN [INNER JOIN]
|  |  hash predicates: tpcds_partitioned_parquet_snap.web_sales.ws_item_sk = tpcds_partitioned_parquet_snap.item_1.i_item_sk
|  |  fk/pk conjuncts: tpcds_partitioned_parquet_snap.web_sales.ws_item_sk = tpcds_partitioned_parquet_snap.item_1.i_item_sk
|  |  runtime filters: RF010[bloom] <- tpcds_partitioned_parquet_snap.item_1.i_item_sk, RF011[min_max] <- tpcds_partitioned_parquet_snap.item_1.i_item_sk
|  |  mem-estimate=17.00MB mem-reservation=17.00MB spill-buffer=1.00MB thread-reservation=0
|  |  tuple-ids=18,20 row-size=545B cardinality=215.38M cost=94307353
|  |  in pipelines: 17(GETNEXT), 18(OPEN)
|  |
|  |--18:SCAN HDFS [tpcds_partitioned_parquet_snap.item]
|  |     HDFS partitions=1/1 files=1 size=33.54MB
|  |     predicates: tpcds_partitioned_parquet_snap.item_1.i_category = 'Sports'
|  |     stored statistics:
|  |       table: rows=360.00K size=33.54MB
|  |       columns: all
|  |     extrapolated-rows=disabled max-scan-range-rows=101.54K
|  |     parquet statistics predicates: tpcds_partitioned_parquet_snap.item_1.i_category = 'Sports'
|  |     parquet dictionary predicates: tpcds_partitioned_parquet_snap.item_1.i_category = 'Sports'
|  |     mem-estimate=16.00MB mem-reservation=512.00KB thread-reservation=0
|  |     tuple-ids=20 row-size=405B cardinality=35.91K cost=1365725
|  |     in pipelines: 18(GETNEXT)
|  |
|  17:SCAN HDFS [tpcds_partitioned_parquet_snap.web_sales]
|     HDFS partitions=1824/1824 files=1824 size=145.75GB
|     runtime filters: RF011[min_max] -> tpcds_partitioned_parquet_snap.web_sales.ws_item_sk, RF010[bloom] -> tpcds_partitioned_parquet_snap.web_sales.ws_item_sk, RF008[bloom] -> tpcds_partitioned_parquet_snap.web_sales.ws_sold_date_sk
|     stored statistics:
|       table: rows=2.16G size=145.75GB
|       partitions: 1824/1824 rows=2.16G
|       columns: all
|     extrapolated-rows=disabled max-scan-range-rows=3.37M
|     mem-estimate=16.00MB mem-reservation=264.00KB thread-reservation=0
|     tuple-ids=18 row-size=140B cardinality=215.38M(filtered from 2.16G) cost=4354495421
|     in pipelines: 17(GETNEXT)
|
16:AGGREGATE [FINALIZE]
|  group by: D_YEAR, I_BRAND_ID, I_CLASS_ID, I_CATEGORY_ID, I_MANUFACT_ID, SALES_CNT, SALES_AMT
|  mem-estimate=128.00MB mem-reservation=34.00MB spill-buffer=2.00MB thread-reservation=0
|  tuple-ids=17 row-size=32B cardinality=1.29G cost=7627901458
|  in pipelines: 16(GETNEXT), 02(OPEN), 09(OPEN)
|
01:UNION
|  mem-estimate=0B mem-reservation=0B thread-reservation=0
|  tuple-ids=16 row-size=32B cardinality=1.29G cost=164302407
|  in pipelines: 02(GETNEXT), 09(GETNEXT)
|
|--15:HASH JOIN [LEFT OUTER JOIN]
|  |  hash predicates: tpcds_partitioned_parquet_snap.store_sales.ss_item_sk = tpcds_partitioned_parquet_snap.store_returns.sr_item_sk, tpcds_partitioned_parquet_snap.store_sales.ss_ticket_number = tpcds_partitioned_parquet_snap.store_returns.sr_ticket_number
|  |  fk/pk conjuncts: tpcds_partitioned_parquet_snap.store_sales.ss_item_sk = tpcds_partitioned_parquet_snap.store_returns.sr_item_sk, tpcds_partitioned_parquet_snap.store_sales.ss_ticket_number = tpcds_partitioned_parquet_snap.store_returns.sr_ticket_number
|  |  mem-estimate=50.00GB mem-reservation=34.00MB spill-buffer=2.00MB thread-reservation=0
|  |  tuple-ids=8,10,12,14N row-size=823B cardinality=861.52M cost=1241077150
|  |  in pipelines: 09(GETNEXT), 14(OPEN)
|  |
|  |--14:SCAN HDFS [tpcds_partitioned_parquet_snap.store_returns]
|  |     HDFS partitions=2004/2004 files=2004 size=48.14GB
|  |     stored statistics:
|  |       table: rows=863.99M size=48.14GB
|  |       partitions: 2004/2004 rows=863.99M
|  |       columns: all
|  |     extrapolated-rows=disabled max-scan-range-rows=30.09M
|  |     mem-estimate=16.00MB mem-reservation=512.00KB thread-reservation=0
|  |     tuple-ids=14 row-size=84B cardinality=863.99M cost=1045080649
|  |     in pipelines: 14(GETNEXT)
|  |
|  13:HASH JOIN [INNER JOIN]
|  |  hash predicates: tpcds_partitioned_parquet_snap.store_sales.ss_sold_date_sk = tpcds_partitioned_parquet_snap.date_dim_0.d_date_sk
|  |  fk/pk conjuncts: tpcds_partitioned_parquet_snap.store_sales.ss_sold_date_sk = tpcds_partitioned_parquet_snap.date_dim_0.d_date_sk
|  |  runtime filters: RF004[bloom] <- tpcds_partitioned_parquet_snap.date_dim_0.d_date_sk
|  |  mem-estimate=34.00MB mem-reservation=34.00MB spill-buffer=2.00MB thread-reservation=0
|  |  tuple-ids=8,10,12 row-size=739B cardinality=861.52M cost=377161567
|  |  in pipelines: 09(GETNEXT), 12(OPEN)
|  |
|  |--12:SCAN HDFS [tpcds_partitioned_parquet_snap.date_dim]
|  |     HDFS partitions=1/1 files=1 size=2.17MB
|  |     stored statistics:
|  |       table: rows=73.05K size=2.17MB
|  |       columns: all
|  |     extrapolated-rows=disabled max-scan-range-rows=73.05K
|  |     mem-estimate=16.00MB mem-reservation=4.00MB thread-reservation=0
|  |     tuple-ids=12 row-size=237B cardinality=73.05K cost=110600
|  |     in pipelines: 12(GETNEXT)
|  |
|  11:HASH JOIN [INNER JOIN]
|  |  hash predicates: tpcds_partitioned_parquet_snap.store_sales.ss_item_sk = tpcds_partitioned_parquet_snap.item_0.i_item_sk
|  |  fk/pk conjuncts: tpcds_partitioned_parquet_snap.store_sales.ss_item_sk = tpcds_partitioned_parquet_snap.item_0.i_item_sk
|  |  runtime filters: RF006[bloom] <- tpcds_partitioned_parquet_snap.item_0.i_item_sk, RF007[min_max] <- tpcds_partitioned_parquet_snap.item_0.i_item_sk
|  |  mem-estimate=17.00MB mem-reservation=17.00MB spill-buffer=1.00MB thread-reservation=0
|  |  tuple-ids=8,10 row-size=501B cardinality=861.52M cost=377124433
|  |  in pipelines: 09(GETNEXT), 10(OPEN)
|  |
|  |--10:SCAN HDFS [tpcds_partitioned_parquet_snap.item]
|  |     HDFS partitions=1/1 files=1 size=33.54MB
|  |     predicates: tpcds_partitioned_parquet_snap.item_0.i_category = 'Sports'
|  |     stored statistics:
|  |       table: rows=360.00K size=33.54MB
|  |       columns: all
|  |     extrapolated-rows=disabled max-scan-range-rows=101.54K
|  |     parquet statistics predicates: tpcds_partitioned_parquet_snap.item_0.i_category = 'Sports'
|  |     parquet dictionary predicates: tpcds_partitioned_parquet_snap.item_0.i_category = 'Sports'
|  |     mem-estimate=16.00MB mem-reservation=512.00KB thread-reservation=0
|  |     tuple-ids=10 row-size=405B cardinality=35.91K cost=1365725
|  |     in pipelines: 10(GETNEXT)
|  |
|  09:SCAN HDFS [tpcds_partitioned_parquet_snap.store_sales]
|     HDFS partitions=1824/1824 files=1824 size=389.90GB
|     runtime filters: RF007[min_max] -> tpcds_partitioned_parquet_snap.store_sales.ss_item_sk, RF006[bloom] -> tpcds_partitioned_parquet_snap.store_sales.ss_item_sk, RF004[bloom] -> tpcds_partitioned_parquet_snap.store_sales.ss_sold_date_sk
|     stored statistics:
|       table: rows=8.64G size=389.90GB
|       partitions: 1824/1824 rows=8.64G
|       columns: all
|     extrapolated-rows=disabled max-scan-range-rows=390.22M
|     mem-estimate=16.00MB mem-reservation=8.00MB thread-reservation=0
|     tuple-ids=8 row-size=96B cardinality=861.52M(filtered from 8.64G) cost=11943846410
|     in pipelines: 09(GETNEXT)
|
08:HASH JOIN [LEFT OUTER JOIN]
|  hash predicates: tpcds_partitioned_parquet_snap.catalog_sales.cs_item_sk = tpcds_partitioned_parquet_snap.catalog_returns.cr_item_sk, tpcds_partitioned_parquet_snap.catalog_sales.cs_order_number = tpcds_partitioned_parquet_snap.catalog_returns.cr_order_number
|  fk/pk conjuncts: tpcds_partitioned_parquet_snap.catalog_sales.cs_item_sk = tpcds_partitioned_parquet_snap.catalog_returns.cr_item_sk, tpcds_partitioned_parquet_snap.catalog_sales.cs_order_number = tpcds_partitioned_parquet_snap.catalog_returns.cr_order_number
|  mem-estimate=50.00GB mem-reservation=34.00MB spill-buffer=2.00MB thread-reservation=0
|  tuple-ids=0,2,4,6N row-size=895B cardinality=430.77M cost=620566067
|  in pipelines: 02(GETNEXT), 07(OPEN)
|
|--07:SCAN HDFS [tpcds_partitioned_parquet_snap.catalog_returns]
|     HDFS partitions=2060/2060 files=2060 size=32.77GB
|     stored statistics:
|       table: rows=432.02M size=32.77GB
|       partitions: 2060/2060 rows=432.02M
|       columns: all
|     extrapolated-rows=disabled max-scan-range-rows=416.82K
|     mem-estimate=16.00MB mem-reservation=208.00KB thread-reservation=0
|     tuple-ids=6 row-size=112B cardinality=432.02M cost=696757003
|     in pipelines: 07(GETNEXT)
|
06:HASH JOIN [INNER JOIN]
|  hash predicates: tpcds_partitioned_parquet_snap.catalog_sales.cs_sold_date_sk = tpcds_partitioned_parquet_snap.date_dim.d_date_sk
|  fk/pk conjuncts: tpcds_partitioned_parquet_snap.catalog_sales.cs_sold_date_sk = tpcds_partitioned_parquet_snap.date_dim.d_date_sk
|  runtime filters: RF000[bloom] <- tpcds_partitioned_parquet_snap.date_dim.d_date_sk
|  mem-estimate=34.00MB mem-reservation=34.00MB spill-buffer=2.00MB thread-reservation=0
|  tuple-ids=0,2,4 row-size=783B cardinality=430.77M cost=188622125
|  in pipelines: 02(GETNEXT), 05(OPEN)
|
|--05:SCAN HDFS [tpcds_partitioned_parquet_snap.date_dim]
|     HDFS partitions=1/1 files=1 size=2.17MB
|     stored statistics:
|       table: rows=73.05K size=2.17MB
|       columns: all
|     extrapolated-rows=disabled max-scan-range-rows=73.05K
|     mem-estimate=16.00MB mem-reservation=4.00MB thread-reservation=0
|     tuple-ids=4 row-size=237B cardinality=73.05K cost=110600
|     in pipelines: 05(GETNEXT)
|
04:HASH JOIN [INNER JOIN]
|  hash predicates: tpcds_partitioned_parquet_snap.catalog_sales.cs_item_sk = tpcds_partitioned_parquet_snap.item.i_item_sk
|  fk/pk conjuncts: tpcds_partitioned_parquet_snap.catalog_sales.cs_item_sk = tpcds_partitioned_parquet_snap.item.i_item_sk
|  runtime filters: RF002[bloom] <- tpcds_partitioned_parquet_snap.item.i_item_sk, RF003[min_max] <- tpcds_partitioned_parquet_snap.item.i_item_sk
|  mem-estimate=17.00MB mem-reservation=17.00MB spill-buffer=1.00MB thread-reservation=0
|  tuple-ids=0,2 row-size=545B cardinality=430.77M cost=188584991
|  in pipelines: 02(GETNEXT), 03(OPEN)
|
|--03:SCAN HDFS [tpcds_partitioned_parquet_snap.item]
|     HDFS partitions=1/1 files=1 size=33.54MB
|     predicates: tpcds_partitioned_parquet_snap.item.i_category = 'Sports'
|     stored statistics:
|       table: rows=360.00K size=33.54MB
|       columns: all
|     extrapolated-rows=disabled max-scan-range-rows=101.54K
|     parquet statistics predicates: tpcds_partitioned_parquet_snap.item.i_category = 'Sports'
|     parquet dictionary predicates: tpcds_partitioned_parquet_snap.item.i_category = 'Sports'
|     mem-estimate=16.00MB mem-reservation=512.00KB thread-reservation=0
|     tuple-ids=2 row-size=405B cardinality=35.91K cost=1365725
|     in pipelines: 03(GETNEXT)
|
02:SCAN HDFS [tpcds_partitioned_parquet_snap.catalog_sales]
   HDFS partitions=1831/1831 files=1831 size=280.96GB
   runtime filters: RF003[min_max] -> tpcds_partitioned_parquet_snap.catalog_sales.cs_item_sk, RF002[bloom] -> tpcds_partitioned_parquet_snap.catalog_sales.cs_item_sk, RF000[bloom] -> tpcds_partitioned_parquet_snap.catalog_sales.cs_sold_date_sk
   stored statistics:
     table: rows=4.32G size=280.96GB
     partitions: 1831/1831 rows=4.32G
     columns: all
   extrapolated-rows=disabled max-scan-range-rows=21.52M
   mem-estimate=16.00MB mem-reservation=1.00MB thread-reservation=0
   tuple-ids=0 row-size=140B cardinality=430.77M(filtered from 4.32G) cost=8709277205
   in pipelines: 02(GETNEXT)
---- DISTRIBUTEDPLAN
Max Per-Host Resource Reservation: Memory=11.45GB Threads=361
Per-Host Resource Estimates: Memory=95.66GB
F41:PLAN FRAGMENT [UNPARTITIONED] hosts=1 instances=1
|  Per-Instance Resources: mem-estimate=4.87MB mem-reservation=4.00MB thread-reservation=1
|  max-parallelism=1 segment-costs=[1039] cpu-comparison-result=1590 [max(1 (self) vs 1590 (sum children))]
PLAN-ROOT SINK
|  output exprs: D_YEAR, D_YEAR, I_BRAND_ID, I_CLASS_ID, I_CATEGORY_ID, I_MANUFACT_ID, sum(SALES_CNT), sum(SALES_CNT), subtract(sum(SALES_CNT), sum(SALES_CNT)), subtract(sum(SALES_AMT), sum(SALES_AMT))
|  mem-estimate=4.00MB mem-reservation=4.00MB spill-buffer=2.00MB thread-reservation=0 cost=1000
|
92:MERGING-EXCHANGE [UNPARTITIONED]
|  order by: subtract(sum(SALES_CNT), sum(SALES_CNT)) ASC NULLS LAST, subtract(sum(SALES_AMT), sum(SALES_AMT)) ASC NULLS LAST
|  limit: 100
|  mem-estimate=891.33KB mem-reservation=0B thread-reservation=0
|  tuple-ids=58 row-size=72B cardinality=100 cost=39
|  in pipelines: 53(GETNEXT)
|
F40:PLAN FRAGMENT [HASH(I_BRAND_ID,I_CATEGORY_ID,I_CLASS_ID,I_MANUFACT_ID)] hosts=10 instances=120
Per-Instance Resources: mem-estimate=15.63MB mem-reservation=0B thread-reservation=1
max-parallelism=250 segment-costs=[2422587900, 220] cpu-comparison-result=1590 [max(120 (self) vs 1590 (sum children))]
53:TOP-N [LIMIT=100]
|  order by: subtract(sum(SALES_CNT), sum(SALES_CNT)) ASC NULLS LAST, subtract(sum(SALES_AMT), sum(SALES_AMT)) ASC NULLS LAST
|  mem-estimate=7.03KB mem-reservation=0B thread-reservation=0
|  tuple-ids=58 row-size=72B cardinality=100 cost=2309331409
|  in pipelines: 53(GETNEXT), 71(OPEN)
|
52:HASH JOIN [INNER JOIN, PARTITIONED]
|  hash-table-id=00
|  hash predicates: I_BRAND_ID = I_BRAND_ID, I_CATEGORY_ID = I_CATEGORY_ID, I_CLASS_ID = I_CLASS_ID, I_MANUFACT_ID = I_MANUFACT_ID
|  fk/pk conjuncts: assumed fk/pk
|  other join predicates: divide(CAST(sum(SALES_CNT) AS DECIMAL(17,2)), CAST(sum(SALES_CNT) AS DECIMAL(17,2))) < CAST(0.9 AS DECIMAL(2,1))
|  mem-estimate=0B mem-reservation=0B spill-buffer=2.00MB thread-reservation=0
|  tuple-ids=28,57 row-size=88B cardinality=150.77M cost=65990903
|  in pipelines: 71(GETNEXT), 89(OPEN)
|
|--F42:PLAN FRAGMENT [HASH(I_BRAND_ID,I_CATEGORY_ID,I_CLASS_ID,I_MANUFACT_ID)] hosts=10 instances=120
|  |  Per-Instance Resources: mem-estimate=93.95MB mem-reservation=34.00MB thread-reservation=1
|  |  max-parallelism=250 segment-costs=[198033016] cpu-comparison-result=795 [max(120 (self) vs 795 (sum children))]
|  JOIN BUILD
|  |  join-table-id=00 plan-id=01 cohort-id=01
|  |  build expressions: I_BRAND_ID, I_CATEGORY_ID, I_CLASS_ID, I_MANUFACT_ID
|  |  mem-estimate=78.32MB mem-reservation=34.00MB spill-buffer=2.00MB thread-reservation=0 cost=150767428
|  |
|  91:EXCHANGE [HASH(I_BRAND_ID,I_CATEGORY_ID,I_CLASS_ID,I_MANUFACT_ID)]
|  |  mem-estimate=15.62MB mem-reservation=0B thread-reservation=0
|  |  tuple-ids=57 row-size=44B cardinality=150.77M cost=47265588
|  |  in pipelines: 89(GETNEXT)
|  |
|  F39:PLAN FRAGMENT [HASH(D_YEAR,I_BRAND_ID,I_CLASS_ID,I_CATEGORY_ID,I_MANUFACT_ID)] hosts=10 instances=120
|  Per-Instance Resources: mem-estimate=150.50MB mem-reservation=34.00MB thread-reservation=1
|  max-parallelism=950 segment-costs=[9477391309, 504889962] cpu-comparison-result=795 [max(120 (self) vs 795 (sum children))]
|  89:AGGREGATE [FINALIZE]
|  |  output: sum:merge(SALES_CNT), sum:merge(SALES_AMT)
|  |  group by: D_YEAR, I_BRAND_ID, I_CLASS_ID, I_CATEGORY_ID, I_MANUFACT_ID
|  |  having: D_YEAR = subtract(CAST(2001 AS INT), CAST(1 AS INT))
|  |  mem-estimate=128.00MB mem-reservation=34.00MB spill-buffer=2.00MB thread-reservation=0
|  |  tuple-ids=57 row-size=44B cardinality=150.77M cost=9004735422
|  |  in pipelines: 89(GETNEXT), 87(OPEN)
|  |
|  88:EXCHANGE [HASH(D_YEAR,I_BRAND_ID,I_CLASS_ID,I_CATEGORY_ID,I_MANUFACT_ID)]
|  |  mem-estimate=15.62MB mem-reservation=0B thread-reservation=0
|  |  tuple-ids=57 row-size=44B cardinality=1.51G cost=472655887
|  |  in pipelines: 87(GETNEXT)
|  |
|  F38:PLAN FRAGMENT [HASH(D_YEAR,I_BRAND_ID,I_CLASS_ID,I_CATEGORY_ID,I_MANUFACT_ID,SALES_CNT,SALES_AMT)] hosts=10 instances=120
|  Per-Instance Resources: mem-estimate=278.50MB mem-reservation=68.00MB thread-reservation=1
|  max-parallelism=930 segment-costs=[9288630489, 9004735422, 5048899638] cpu-comparison-result=795 [max(120 (self) vs 795 (sum children))]
|  51:AGGREGATE [STREAMING]
|  |  output: sum(SALES_CNT), sum(SALES_AMT)
|  |  group by: D_YEAR, I_BRAND_ID, I_CLASS_ID, I_CATEGORY_ID, I_MANUFACT_ID
|  |  mem-estimate=128.00MB mem-reservation=34.00MB spill-buffer=2.00MB thread-reservation=0
|  |  tuple-ids=57 row-size=44B cardinality=1.51G cost=9004735422
|  |  in pipelines: 87(GETNEXT)
|  |
|  87:AGGREGATE [FINALIZE]
|  |  group by: D_YEAR, I_BRAND_ID, I_CLASS_ID, I_CATEGORY_ID, I_MANUFACT_ID, SALES_CNT, SALES_AMT
|  |  mem-estimate=128.00MB mem-reservation=34.00MB spill-buffer=2.00MB thread-reservation=0
|  |  tuple-ids=56 row-size=32B cardinality=1.51G cost=8899198222
|  |  in pipelines: 87(GETNEXT), 81(OPEN), 43(OPEN)
|  |
|  86:EXCHANGE [HASH(D_YEAR,I_BRAND_ID,I_CLASS_ID,I_CATEGORY_ID,I_MANUFACT_ID,SALES_CNT,SALES_AMT)]
|  |  mem-estimate=14.22MB mem-reservation=0B thread-reservation=0
|  |  tuple-ids=56 row-size=32B cardinality=1.51G cost=389432267
|  |  in pipelines: 81(GETNEXT), 43(GETNEXT)
|  |
|  F37:PLAN FRAGMENT [RANDOM] hosts=10 instances=120
|  Per-Instance Resources: mem-estimate=287.09MB mem-reservation=68.00MB thread-reservation=1
|  max-parallelism=120 segment-costs=[7961701299, 9836030776, 3883768953] cpu-comparison-result=795 [max(240 (self) vs 795 (sum children))]
|  50:AGGREGATE [STREAMING]
|  |  group by: D_YEAR, I_BRAND_ID, I_CLASS_ID, I_CATEGORY_ID, I_MANUFACT_ID, SALES_CNT, SALES_AMT
|  |  mem-estimate=128.00MB mem-reservation=34.00MB spill-buffer=2.00MB thread-reservation=0
|  |  tuple-ids=56 row-size=32B cardinality=1.51G cost=8899198222
|  |  in pipelines: 81(GETNEXT), 43(GETNEXT)
|  |
|  26:UNION
|  |  pass-through-operands: 81
|  |  mem-estimate=0B mem-reservation=0B thread-reservation=0
|  |  tuple-ids=55 row-size=32B cardinality=1.51G cost=27383300
|  |  in pipelines: 81(GETNEXT), 43(GETNEXT)
|  |
|  |--49:HASH JOIN [LEFT OUTER JOIN, PARTITIONED]
|  |  |  hash-table-id=01
|  |  |  hash predicates: tpcds_partitioned_parquet_snap.web_sales_0.ws_item_sk = tpcds_partitioned_parquet_snap.web_returns_0.wr_item_sk, tpcds_partitioned_parquet_snap.web_sales_0.ws_order_number = tpcds_partitioned_parquet_snap.web_returns_0.wr_order_number
|  |  |  fk/pk conjuncts: tpcds_partitioned_parquet_snap.web_sales_0.ws_item_sk = tpcds_partitioned_parquet_snap.web_returns_0.wr_item_sk, tpcds_partitioned_parquet_snap.web_sales_0.ws_order_number = tpcds_partitioned_parquet_snap.web_returns_0.wr_order_number
|  |  |  mem-estimate=0B mem-reservation=0B spill-buffer=2.00MB thread-reservation=0
|  |  |  tuple-ids=47,49,51,53N row-size=883B cardinality=215.38M cost=94271438
|  |  |  in pipelines: 43(GETNEXT), 48(OPEN)
|  |  |
|  |  |--F43:PLAN FRAGMENT [RANDOM] hosts=10 instances=120
|  |  |  |  Per-Instance Resources: mem-estimate=245.05MB mem-reservation=34.00MB thread-reservation=1
|  |  |  |  max-parallelism=120 segment-costs=[339361819]
|  |  |  JOIN BUILD
|  |  |  |  join-table-id=01 plan-id=02 cohort-id=02
|  |  |  |  build expressions: tpcds_partitioned_parquet_snap.web_returns_0.wr_item_sk, tpcds_partitioned_parquet_snap.web_returns_0.wr_order_number
|  |  |  |  mem-estimate=222.86MB mem-reservation=34.00MB spill-buffer=2.00MB thread-reservation=0 cost=216002686
|  |  |  |
|  |  |  85:EXCHANGE [HASH(tpcds_partitioned_parquet_snap.web_returns_0.wr_item_sk,tpcds_partitioned_parquet_snap.web_returns_0.wr_order_number)]
|  |  |  |  mem-estimate=22.19MB mem-reservation=0B thread-reservation=0
|  |  |  |  tuple-ids=53 row-size=100B cardinality=216.00M cost=123359133
|  |  |  |  in pipelines: 48(GETNEXT)
|  |  |  |
|  |  |  F35:PLAN FRAGMENT [RANDOM] hosts=10 instances=120
|  |  |  Per-Instance Resources: mem-estimate=64.75MB mem-reservation=256.00KB thread-reservation=1
|  |  |  max-parallelism=190 segment-costs=[1813385748]
|  |  |  48:SCAN HDFS [tpcds_partitioned_parquet_snap.web_returns, RANDOM]
|  |  |     HDFS partitions=2114/2114 files=2114 size=16.74GB
|  |  |     stored statistics:
|  |  |       table: rows=216.00M size=16.74GB
|  |  |       partitions: 2114/2114 rows=216.00M
|  |  |       columns: all
|  |  |     extrapolated-rows=disabled max-scan-range-rows=9.41M
|  |  |     mem-estimate=16.00MB mem-reservation=256.00KB thread-reservation=0
|  |  |     tuple-ids=53 row-size=100B cardinality=216.00M cost=311043867
|  |  |     in pipelines: 48(GETNEXT)
|  |  |
|  |  84:EXCHANGE [HASH(tpcds_partitioned_parquet_snap.web_sales_0.ws_item_sk,tpcds_partitioned_parquet_snap.web_sales_0.ws_order_number)]
|  |  |  mem-estimate=103.12MB mem-reservation=0B thread-reservation=0
|  |  |  tuple-ids=47,49,51 row-size=783B cardinality=215.38M cost=815177816
|  |  |  in pipelines: 43(GETNEXT)
|  |  |
|  |  F32:PLAN FRAGMENT [RANDOM] hosts=10 instances=120
|  |  Per-Host Shared Resources: mem-estimate=1.00MB mem-reservation=1.00MB thread-reservation=0 runtime-filters-memory=1.00MB
|  |  Per-Instance Resources: mem-estimate=388.49MB mem-reservation=264.00KB thread-reservation=1
|  |  max-parallelism=1580 segment-costs=[15731490378]
|  |  47:HASH JOIN [INNER JOIN, BROADCAST]
|  |  |  hash-table-id=08
|  |  |  hash predicates: tpcds_partitioned_parquet_snap.web_sales_0.ws_sold_date_sk = tpcds_partitioned_parquet_snap.date_dim_4.d_date_sk
|  |  |  fk/pk conjuncts: tpcds_partitioned_parquet_snap.web_sales_0.ws_sold_date_sk = tpcds_partitioned_parquet_snap.date_dim_4.d_date_sk
|  |  |  mem-estimate=0B mem-reservation=0B spill-buffer=2.00MB thread-reservation=0
|  |  |  tuple-ids=47,49,51 row-size=783B cardinality=215.38M cost=94271438
|  |  |  in pipelines: 43(GETNEXT), 46(OPEN)
|  |  |
|  |  |--F50:PLAN FRAGMENT [RANDOM] hosts=10 instances=10
|  |  |  |  Per-Instance Resources: mem-estimate=418.24MB mem-reservation=408.00MB thread-reservation=1
|  |  |  |  max-parallelism=10 segment-costs=[170129]
|  |  |  JOIN BUILD
|  |  |  |  join-table-id=08 plan-id=09 cohort-id=02
|  |  |  |  build expressions: tpcds_partitioned_parquet_snap.date_dim_4.d_date_sk
|  |  |  |  mem-estimate=408.00MB mem-reservation=408.00MB spill-buffer=2.00MB thread-reservation=0 cost=73049
|  |  |  |
|  |  |  83:EXCHANGE [BROADCAST]
|  |  |  |  mem-estimate=10.24MB mem-reservation=0B thread-reservation=0
|  |  |  |  tuple-ids=51 row-size=237B cardinality=73.05K cost=97080
|  |  |  |  in pipelines: 46(GETNEXT)
|  |  |  |
|  |  |  F34:PLAN FRAGMENT [RANDOM] hosts=1 instances=1
|  |  |  Per-Instance Resources: mem-estimate=16.94MB mem-reservation=4.00MB thread-reservation=1
|  |  |  max-parallelism=1 segment-costs=[158950]
|  |  |  46:SCAN HDFS [tpcds_partitioned_parquet_snap.date_dim, RANDOM]
|  |  |     HDFS partitions=1/1 files=1 size=2.17MB
|  |  |     stored statistics:
|  |  |       table: rows=73.05K size=2.17MB
|  |  |       columns: all
|  |  |     extrapolated-rows=disabled max-scan-range-rows=73.05K
|  |  |     mem-estimate=16.00MB mem-reservation=4.00MB thread-reservation=0
|  |  |     tuple-ids=51 row-size=237B cardinality=73.05K cost=110600
|  |  |     in pipelines: 46(GETNEXT)
|  |  |
|  |  45:HASH JOIN [INNER JOIN, BROADCAST]
|  |  |  hash-table-id=09
|  |  |  hash predicates: tpcds_partitioned_parquet_snap.web_sales_0.ws_item_sk = tpcds_partitioned_parquet_snap.item_4.i_item_sk
|  |  |  fk/pk conjuncts: tpcds_partitioned_parquet_snap.web_sales_0.ws_item_sk = tpcds_partitioned_parquet_snap.item_4.i_item_sk
|  |  |  mem-estimate=0B mem-reservation=0B spill-buffer=1.00MB thread-reservation=0
|  |  |  tuple-ids=47,49 row-size=545B cardinality=215.38M cost=94271438
|  |  |  in pipelines: 43(GETNEXT), 44(OPEN)
|  |  |
|  |  |--F51:PLAN FRAGMENT [RANDOM] hosts=10 instances=10
|  |  |  |  Per-Instance Resources: mem-estimate=216.60MB mem-reservation=205.00MB thread-reservation=1 runtime-filters-memory=1.00MB
|  |  |  |  max-parallelism=10 segment-costs=[83645]
|  |  |  JOIN BUILD
|  |  |  |  join-table-id=09 plan-id=10 cohort-id=02
|  |  |  |  build expressions: tpcds_partitioned_parquet_snap.item_4.i_item_sk
|  |  |  |  runtime filters: RF022[bloom] <- tpcds_partitioned_parquet_snap.item_4.i_item_sk, RF023[min_max] <- tpcds_partitioned_parquet_snap.item_4.i_item_sk
|  |  |  |  mem-estimate=204.00MB mem-reservation=204.00MB spill-buffer=1.00MB thread-reservation=0 cost=35915
|  |  |  |
|  |  |  82:EXCHANGE [BROADCAST]
|  |  |  |  mem-estimate=11.60MB mem-reservation=0B thread-reservation=0
|  |  |  |  tuple-ids=49 row-size=405B cardinality=35.91K cost=47730
|  |  |  |  in pipelines: 44(GETNEXT)
|  |  |  |
|  |  |  F33:PLAN FRAGMENT [RANDOM] hosts=4 instances=4
|  |  |  Per-Instance Resources: mem-estimate=17.60MB mem-reservation=512.00KB thread-reservation=1
|  |  |  max-parallelism=4 segment-costs=[1405822]
|  |  |  44:SCAN HDFS [tpcds_partitioned_parquet_snap.item, RANDOM]
|  |  |     HDFS partitions=1/1 files=1 size=33.54MB
|  |  |     predicates: tpcds_partitioned_parquet_snap.item_4.i_category = 'Sports'
|  |  |     stored statistics:
|  |  |       table: rows=360.00K size=33.54MB
|  |  |       columns: all
|  |  |     extrapolated-rows=disabled max-scan-range-rows=101.54K
|  |  |     parquet statistics predicates: tpcds_partitioned_parquet_snap.item_4.i_category = 'Sports'
|  |  |     parquet dictionary predicates: tpcds_partitioned_parquet_snap.item_4.i_category = 'Sports'
|  |  |     mem-estimate=16.00MB mem-reservation=512.00KB thread-reservation=0
|  |  |     tuple-ids=49 row-size=405B cardinality=35.91K cost=1365725
|  |  |     in pipelines: 44(GETNEXT)
|  |  |
|  |  43:SCAN HDFS [tpcds_partitioned_parquet_snap.web_sales, RANDOM]
|  |     HDFS partitions=1824/1824 files=1824 size=145.75GB
|  |     runtime filters: RF023[min_max] -> tpcds_partitioned_parquet_snap.web_sales_0.ws_item_sk, RF022[bloom] -> tpcds_partitioned_parquet_snap.web_sales_0.ws_item_sk
|  |     stored statistics:
|  |       table: rows=2.16G size=145.75GB
|  |       partitions: 1824/1824 rows=2.16G
|  |       columns: all
|  |     extrapolated-rows=disabled max-scan-range-rows=3.37M
|  |     mem-estimate=16.00MB mem-reservation=264.00KB thread-reservation=0
|  |     tuple-ids=47 row-size=140B cardinality=215.38M(filtered from 2.16G) cost=4354495421
|  |     in pipelines: 43(GETNEXT)
|  |
|  81:AGGREGATE [FINALIZE]
|  |  group by: D_YEAR, I_BRAND_ID, I_CLASS_ID, I_CATEGORY_ID, I_MANUFACT_ID, SALES_CNT, SALES_AMT
|  |  mem-estimate=128.00MB mem-reservation=34.00MB spill-buffer=2.00MB thread-reservation=0
|  |  tuple-ids=46 row-size=32B cardinality=1.29G cost=7627901458
|  |  in pipelines: 81(GETNEXT), 28(OPEN), 35(OPEN)
|  |
|  80:EXCHANGE [HASH(D_YEAR,I_BRAND_ID,I_CLASS_ID,I_CATEGORY_ID,I_MANUFACT_ID,SALES_CNT,SALES_AMT)]
|  |  mem-estimate=14.22MB mem-reservation=0B thread-reservation=0
|  |  tuple-ids=46 row-size=32B cardinality=1.29G cost=333799841
|  |  in pipelines: 28(GETNEXT), 35(GETNEXT)
|  |
|  F30:PLAN FRAGMENT [RANDOM] hosts=10 instances=120
|  Per-Instance Resources: mem-estimate=248.00MB mem-reservation=34.00MB thread-reservation=1
|  max-parallelism=120 segment-costs=[13074613898, 3328952352] cpu-comparison-result=530 [max(360 (self) vs 530 (sum children))]
|  42:AGGREGATE [STREAMING]
|  |  group by: D_YEAR, I_BRAND_ID, I_CLASS_ID, I_CATEGORY_ID, I_MANUFACT_ID, SALES_CNT, SALES_AMT
|  |  mem-estimate=128.00MB mem-reservation=34.00MB spill-buffer=2.00MB thread-reservation=0
|  |  tuple-ids=46 row-size=32B cardinality=1.29G cost=7627901458
|  |  in pipelines: 28(GETNEXT), 35(GETNEXT)
|  |
|  27:UNION
|  |  mem-estimate=0B mem-reservation=0B thread-reservation=0
|  |  tuple-ids=45 row-size=32B cardinality=1.29G cost=164302407
|  |  in pipelines: 28(GETNEXT), 35(GETNEXT)
|  |
|  |--41:HASH JOIN [LEFT OUTER JOIN, PARTITIONED]
|  |  |  hash-table-id=03
|  |  |  hash predicates: tpcds_partitioned_parquet_snap.store_sales_0.ss_item_sk = tpcds_partitioned_parquet_snap.store_returns_0.sr_item_sk, tpcds_partitioned_parquet_snap.store_sales_0.ss_ticket_number = tpcds_partitioned_parquet_snap.store_returns_0.sr_ticket_number
|  |  |  fk/pk conjuncts: tpcds_partitioned_parquet_snap.store_sales_0.ss_item_sk = tpcds_partitioned_parquet_snap.store_returns_0.sr_item_sk, tpcds_partitioned_parquet_snap.store_sales_0.ss_ticket_number = tpcds_partitioned_parquet_snap.store_returns_0.sr_ticket_number
|  |  |  mem-estimate=0B mem-reservation=0B spill-buffer=2.00MB thread-reservation=0
|  |  |  tuple-ids=37,39,41,43N row-size=823B cardinality=861.52M cost=377088518
|  |  |  in pipelines: 35(GETNEXT), 40(OPEN)
|  |  |
|  |  |--F45:PLAN FRAGMENT [RANDOM] hosts=10 instances=120
|  |  |  |  Per-Instance Resources: mem-estimate=801.89MB mem-reservation=34.00MB thread-reservation=1
|  |  |  |  max-parallelism=120 segment-costs=[1293822976]
|  |  |  JOIN BUILD
|  |  |  |  join-table-id=03 plan-id=04 cohort-id=02
|  |  |  |  build expressions: tpcds_partitioned_parquet_snap.store_returns_0.sr_item_sk, tpcds_partitioned_parquet_snap.store_returns_0.sr_ticket_number
|  |  |  |  mem-estimate=781.57MB mem-reservation=34.00MB spill-buffer=2.00MB thread-reservation=0 cost=863988632
|  |  |  |
|  |  |  79:EXCHANGE [HASH(tpcds_partitioned_parquet_snap.store_returns_0.sr_item_sk,tpcds_partitioned_parquet_snap.store_returns_0.sr_ticket_number)]
|  |  |  |  mem-estimate=20.31MB mem-reservation=0B thread-reservation=0
|  |  |  |  tuple-ids=43 row-size=84B cardinality=863.99M cost=429834344
|  |  |  |  in pipelines: 40(GETNEXT)
|  |  |  |
|  |  |  F28:PLAN FRAGMENT [RANDOM] hosts=10 instances=120
|  |  |  Per-Instance Resources: mem-estimate=57.25MB mem-reservation=512.00KB thread-reservation=1
|  |  |  max-parallelism=620 segment-costs=[6164040495]
|  |  |  40:SCAN HDFS [tpcds_partitioned_parquet_snap.store_returns, RANDOM]
|  |  |     HDFS partitions=2004/2004 files=2004 size=48.14GB
|  |  |     stored statistics:
|  |  |       table: rows=863.99M size=48.14GB
|  |  |       partitions: 2004/2004 rows=863.99M
|  |  |       columns: all
|  |  |     extrapolated-rows=disabled max-scan-range-rows=30.09M
|  |  |     mem-estimate=16.00MB mem-reservation=512.00KB thread-reservation=0
|  |  |     tuple-ids=43 row-size=84B cardinality=863.99M cost=1045080649
|  |  |     in pipelines: 40(GETNEXT)
|  |  |
|  |  78:EXCHANGE [HASH(tpcds_partitioned_parquet_snap.store_sales_0.ss_item_sk,tpcds_partitioned_parquet_snap.store_sales_0.ss_ticket_number)]
|  |  |  mem-estimate=97.97MB mem-reservation=0B thread-reservation=0
|  |  |  tuple-ids=37,39,41 row-size=739B cardinality=861.52M cost=3086363197
|  |  |  in pipelines: 35(GETNEXT)
|  |  |
|  |  F25:PLAN FRAGMENT [RANDOM] hosts=10 instances=120
|  |  Per-Host Shared Resources: mem-estimate=1.00MB mem-reservation=1.00MB thread-reservation=0 runtime-filters-memory=1.00MB
|  |  Per-Instance Resources: mem-estimate=367.86MB mem-reservation=8.00MB thread-reservation=1
|  |  max-parallelism=1824 segment-costs=[55010952224]
|  |  39:HASH JOIN [INNER JOIN, BROADCAST]
|  |  |  hash-table-id=06
|  |  |  hash predicates: tpcds_partitioned_parquet_snap.store_sales_0.ss_sold_date_sk = tpcds_partitioned_parquet_snap.date_dim_3.d_date_sk
|  |  |  fk/pk conjuncts: tpcds_partitioned_parquet_snap.store_sales_0.ss_sold_date_sk = tpcds_partitioned_parquet_snap.date_dim_3.d_date_sk
|  |  |  mem-estimate=0B mem-reservation=0B spill-buffer=2.00MB thread-reservation=0
|  |  |  tuple-ids=37,39,41 row-size=739B cardinality=861.52M cost=377088518
|  |  |  in pipelines: 35(GETNEXT), 38(OPEN)
|  |  |
|  |  |--F48:PLAN FRAGMENT [RANDOM] hosts=10 instances=10
|  |  |  |  Per-Instance Resources: mem-estimate=418.24MB mem-reservation=408.00MB thread-reservation=1
|  |  |  |  max-parallelism=10 segment-costs=[170129]
|  |  |  JOIN BUILD
|  |  |  |  join-table-id=06 plan-id=07 cohort-id=02
|  |  |  |  build expressions: tpcds_partitioned_parquet_snap.date_dim_3.d_date_sk
|  |  |  |  mem-estimate=408.00MB mem-reservation=408.00MB spill-buffer=2.00MB thread-reservation=0 cost=73049
|  |  |  |
|  |  |  77:EXCHANGE [BROADCAST]
|  |  |  |  mem-estimate=10.24MB mem-reservation=0B thread-reservation=0
|  |  |  |  tuple-ids=41 row-size=237B cardinality=73.05K cost=97080
|  |  |  |  in pipelines: 38(GETNEXT)
|  |  |  |
|  |  |  F27:PLAN FRAGMENT [RANDOM] hosts=1 instances=1
|  |  |  Per-Instance Resources: mem-estimate=16.94MB mem-reservation=4.00MB thread-reservation=1
|  |  |  max-parallelism=1 segment-costs=[158950]
|  |  |  38:SCAN HDFS [tpcds_partitioned_parquet_snap.date_dim, RANDOM]
|  |  |     HDFS partitions=1/1 files=1 size=2.17MB
|  |  |     stored statistics:
|  |  |       table: rows=73.05K size=2.17MB
|  |  |       columns: all
|  |  |     extrapolated-rows=disabled max-scan-range-rows=73.05K
|  |  |     mem-estimate=16.00MB mem-reservation=4.00MB thread-reservation=0
|  |  |     tuple-ids=41 row-size=237B cardinality=73.05K cost=110600
|  |  |     in pipelines: 38(GETNEXT)
|  |  |
|  |  37:HASH JOIN [INNER JOIN, BROADCAST]
|  |  |  hash-table-id=07
|  |  |  hash predicates: tpcds_partitioned_parquet_snap.store_sales_0.ss_item_sk = tpcds_partitioned_parquet_snap.item_3.i_item_sk
|  |  |  fk/pk conjuncts: tpcds_partitioned_parquet_snap.store_sales_0.ss_item_sk = tpcds_partitioned_parquet_snap.item_3.i_item_sk
|  |  |  mem-estimate=0B mem-reservation=0B spill-buffer=1.00MB thread-reservation=0
|  |  |  tuple-ids=37,39 row-size=501B cardinality=861.52M cost=377088518
|  |  |  in pipelines: 35(GETNEXT), 36(OPEN)
|  |  |
|  |  |--F49:PLAN FRAGMENT [RANDOM] hosts=10 instances=10
|  |  |  |  Per-Instance Resources: mem-estimate=216.60MB mem-reservation=205.00MB thread-reservation=1 runtime-filters-memory=1.00MB
|  |  |  |  max-parallelism=10 segment-costs=[83645]
|  |  |  JOIN BUILD
|  |  |  |  join-table-id=07 plan-id=08 cohort-id=02
|  |  |  |  build expressions: tpcds_partitioned_parquet_snap.item_3.i_item_sk
|  |  |  |  runtime filters: RF018[bloom] <- tpcds_partitioned_parquet_snap.item_3.i_item_sk, RF019[min_max] <- tpcds_partitioned_parquet_snap.item_3.i_item_sk
|  |  |  |  mem-estimate=204.00MB mem-reservation=204.00MB spill-buffer=1.00MB thread-reservation=0 cost=35915
|  |  |  |
|  |  |  76:EXCHANGE [BROADCAST]
|  |  |  |  mem-estimate=11.60MB mem-reservation=0B thread-reservation=0
|  |  |  |  tuple-ids=39 row-size=405B cardinality=35.91K cost=47730
|  |  |  |  in pipelines: 36(GETNEXT)
|  |  |  |
|  |  |  F26:PLAN FRAGMENT [RANDOM] hosts=4 instances=4
|  |  |  Per-Instance Resources: mem-estimate=17.60MB mem-reservation=512.00KB thread-reservation=1
|  |  |  max-parallelism=4 segment-costs=[1405822]
|  |  |  36:SCAN HDFS [tpcds_partitioned_parquet_snap.item, RANDOM]
|  |  |     HDFS partitions=1/1 files=1 size=33.54MB
|  |  |     predicates: tpcds_partitioned_parquet_snap.item_3.i_category = 'Sports'
|  |  |     stored statistics:
|  |  |       table: rows=360.00K size=33.54MB
|  |  |       columns: all
|  |  |     extrapolated-rows=disabled max-scan-range-rows=101.54K
|  |  |     parquet statistics predicates: tpcds_partitioned_parquet_snap.item_3.i_category = 'Sports'
|  |  |     parquet dictionary predicates: tpcds_partitioned_parquet_snap.item_3.i_category = 'Sports'
|  |  |     mem-estimate=16.00MB mem-reservation=512.00KB thread-reservation=0
|  |  |     tuple-ids=39 row-size=405B cardinality=35.91K cost=1365725
|  |  |     in pipelines: 36(GETNEXT)
|  |  |
|  |  35:SCAN HDFS [tpcds_partitioned_parquet_snap.store_sales, RANDOM]
|  |     HDFS partitions=1824/1824 files=1824 size=389.90GB
|  |     runtime filters: RF019[min_max] -> tpcds_partitioned_parquet_snap.store_sales_0.ss_item_sk, RF018[bloom] -> tpcds_partitioned_parquet_snap.store_sales_0.ss_item_sk
|  |     stored statistics:
|  |       table: rows=8.64G size=389.90GB
|  |       partitions: 1824/1824 rows=8.64G
|  |       columns: all
|  |     extrapolated-rows=disabled max-scan-range-rows=390.22M
|  |     mem-estimate=16.00MB mem-reservation=8.00MB thread-reservation=0
|  |     tuple-ids=37 row-size=96B cardinality=861.52M(filtered from 8.64G) cost=11943846410
|  |     in pipelines: 35(GETNEXT)
|  |
|  34:HASH JOIN [LEFT OUTER JOIN, PARTITIONED]
|  |  hash-table-id=02
|  |  hash predicates: tpcds_partitioned_parquet_snap.catalog_sales_0.cs_item_sk = tpcds_partitioned_parquet_snap.catalog_returns_0.cr_item_sk, tpcds_partitioned_parquet_snap.catalog_sales_0.cs_order_number = tpcds_partitioned_parquet_snap.catalog_returns_0.cr_order_number
|  |  fk/pk conjuncts: tpcds_partitioned_parquet_snap.catalog_sales_0.cs_item_sk = tpcds_partitioned_parquet_snap.catalog_returns_0.cr_item_sk, tpcds_partitioned_parquet_snap.catalog_sales_0.cs_order_number = tpcds_partitioned_parquet_snap.catalog_returns_0.cr_order_number
|  |  mem-estimate=0B mem-reservation=0B spill-buffer=2.00MB thread-reservation=0
|  |  tuple-ids=29,31,33,35N row-size=895B cardinality=430.77M cost=188549076
|  |  in pipelines: 28(GETNEXT), 33(OPEN)
|  |
|  |--F44:PLAN FRAGMENT [RANDOM] hosts=10 instances=120
|  |  |  Per-Instance Resources: mem-estimate=510.53MB mem-reservation=34.00MB thread-reservation=1
|  |  |  max-parallelism=120 segment-costs=[702589232]
|  |  JOIN BUILD
|  |  |  join-table-id=02 plan-id=03 cohort-id=02
|  |  |  build expressions: tpcds_partitioned_parquet_snap.catalog_returns_0.cr_item_sk, tpcds_partitioned_parquet_snap.catalog_returns_0.cr_order_number
|  |  |  mem-estimate=486.94MB mem-reservation=34.00MB spill-buffer=2.00MB thread-reservation=0 cost=432016991
|  |  |
|  |  75:EXCHANGE [HASH(tpcds_partitioned_parquet_snap.catalog_returns_0.cr_item_sk,tpcds_partitioned_parquet_snap.catalog_returns_0.cr_order_number)]
|  |  |  mem-estimate=23.59MB mem-reservation=0B thread-reservation=0
|  |  |  tuple-ids=35 row-size=112B cardinality=432.02M cost=270572241
|  |  |  in pipelines: 33(GETNEXT)
|  |  |
|  |  F23:PLAN FRAGMENT [RANDOM] hosts=10 instances=120
|  |  Per-Instance Resources: mem-estimate=70.38MB mem-reservation=208.00KB thread-reservation=1
|  |  max-parallelism=410 segment-costs=[4035384309]
|  |  33:SCAN HDFS [tpcds_partitioned_parquet_snap.catalog_returns, RANDOM]
|  |     HDFS partitions=2060/2060 files=2060 size=32.77GB
|  |     stored statistics:
|  |       table: rows=432.02M size=32.77GB
|  |       partitions: 2060/2060 rows=432.02M
|  |       columns: all
|  |     extrapolated-rows=disabled max-scan-range-rows=416.82K
|  |     mem-estimate=16.00MB mem-reservation=208.00KB thread-reservation=0
|  |     tuple-ids=35 row-size=112B cardinality=432.02M cost=696757003
|  |     in pipelines: 33(GETNEXT)
|  |
|  74:EXCHANGE [HASH(tpcds_partitioned_parquet_snap.catalog_sales_0.cs_item_sk,tpcds_partitioned_parquet_snap.catalog_sales_0.cs_order_number)]
|  |  mem-estimate=103.12MB mem-reservation=0B thread-reservation=0
|  |  tuple-ids=29,31,33 row-size=783B cardinality=430.77M cost=1630409242
|  |  in pipelines: 28(GETNEXT)
|  |
|  F20:PLAN FRAGMENT [RANDOM] hosts=10 instances=120
|  Per-Host Shared Resources: mem-estimate=2.00MB mem-reservation=2.00MB thread-reservation=0 runtime-filters-memory=2.00MB
|  Per-Instance Resources: mem-estimate=388.49MB mem-reservation=1.00MB thread-reservation=1
|  max-parallelism=1831 segment-costs=[31464015307]
|  32:HASH JOIN [INNER JOIN, BROADCAST]
|  |  hash-table-id=04
|  |  hash predicates: tpcds_partitioned_parquet_snap.catalog_sales_0.cs_sold_date_sk = tpcds_partitioned_parquet_snap.date_dim_2.d_date_sk
|  |  fk/pk conjuncts: tpcds_partitioned_parquet_snap.catalog_sales_0.cs_sold_date_sk = tpcds_partitioned_parquet_snap.date_dim_2.d_date_sk
|  |  mem-estimate=0B mem-reservation=0B spill-buffer=2.00MB thread-reservation=0
|  |  tuple-ids=29,31,33 row-size=783B cardinality=430.77M cost=188549076
|  |  in pipelines: 28(GETNEXT), 31(OPEN)
|  |
|  |--F46:PLAN FRAGMENT [RANDOM] hosts=10 instances=10
|  |  |  Per-Instance Resources: mem-estimate=419.24MB mem-reservation=409.00MB thread-reservation=1 runtime-filters-memory=1.00MB
|  |  |  max-parallelism=10 segment-costs=[170129]
|  |  JOIN BUILD
|  |  |  join-table-id=04 plan-id=05 cohort-id=02
|  |  |  build expressions: tpcds_partitioned_parquet_snap.date_dim_2.d_date_sk
|  |  |  runtime filters: RF012[bloom] <- tpcds_partitioned_parquet_snap.date_dim_2.d_date_sk
|  |  |  mem-estimate=408.00MB mem-reservation=408.00MB spill-buffer=2.00MB thread-reservation=0 cost=73049
|  |  |
|  |  73:EXCHANGE [BROADCAST]
|  |  |  mem-estimate=10.24MB mem-reservation=0B thread-reservation=0
|  |  |  tuple-ids=33 row-size=237B cardinality=73.05K cost=97080
|  |  |  in pipelines: 31(GETNEXT)
|  |  |
|  |  F22:PLAN FRAGMENT [RANDOM] hosts=1 instances=1
|  |  Per-Instance Resources: mem-estimate=16.94MB mem-reservation=4.00MB thread-reservation=1
|  |  max-parallelism=1 segment-costs=[158950]
|  |  31:SCAN HDFS [tpcds_partitioned_parquet_snap.date_dim, RANDOM]
|  |     HDFS partitions=1/1 files=1 size=2.17MB
|  |     stored statistics:
|  |       table: rows=73.05K size=2.17MB
|  |       columns: all
|  |     extrapolated-rows=disabled max-scan-range-rows=73.05K
|  |     mem-estimate=16.00MB mem-reservation=4.00MB thread-reservation=0
|  |     tuple-ids=33 row-size=237B cardinality=73.05K cost=110600
|  |     in pipelines: 31(GETNEXT)
|  |
|  30:HASH JOIN [INNER JOIN, BROADCAST]
|  |  hash-table-id=05
|  |  hash predicates: tpcds_partitioned_parquet_snap.catalog_sales_0.cs_item_sk = tpcds_partitioned_parquet_snap.item_2.i_item_sk
|  |  fk/pk conjuncts: tpcds_partitioned_parquet_snap.catalog_sales_0.cs_item_sk = tpcds_partitioned_parquet_snap.item_2.i_item_sk
|  |  mem-estimate=0B mem-reservation=0B spill-buffer=1.00MB thread-reservation=0
|  |  tuple-ids=29,31 row-size=545B cardinality=430.77M cost=188549076
|  |  in pipelines: 28(GETNEXT), 29(OPEN)
|  |
|  |--F47:PLAN FRAGMENT [RANDOM] hosts=10 instances=10
|  |  |  Per-Instance Resources: mem-estimate=216.60MB mem-reservation=205.00MB thread-reservation=1 runtime-filters-memory=1.00MB
|  |  |  max-parallelism=10 segment-costs=[83645]
|  |  JOIN BUILD
|  |  |  join-table-id=05 plan-id=06 cohort-id=02
|  |  |  build expressions: tpcds_partitioned_parquet_snap.item_2.i_item_sk
|  |  |  runtime filters: RF014[bloom] <- tpcds_partitioned_parquet_snap.item_2.i_item_sk, RF015[min_max] <- tpcds_partitioned_parquet_snap.item_2.i_item_sk
|  |  |  mem-estimate=204.00MB mem-reservation=204.00MB spill-buffer=1.00MB thread-reservation=0 cost=35915
|  |  |
|  |  72:EXCHANGE [BROADCAST]
|  |  |  mem-estimate=11.60MB mem-reservation=0B thread-reservation=0
|  |  |  tuple-ids=31 row-size=405B cardinality=35.91K cost=47730
|  |  |  in pipelines: 29(GETNEXT)
|  |  |
|  |  F21:PLAN FRAGMENT [RANDOM] hosts=4 instances=4
|  |  Per-Instance Resources: mem-estimate=17.60MB mem-reservation=512.00KB thread-reservation=1
|  |  max-parallelism=4 segment-costs=[1405822]
|  |  29:SCAN HDFS [tpcds_partitioned_parquet_snap.item, RANDOM]
|  |     HDFS partitions=1/1 files=1 size=33.54MB
|  |     predicates: tpcds_partitioned_parquet_snap.item_2.i_category = 'Sports'
|  |     stored statistics:
|  |       table: rows=360.00K size=33.54MB
|  |       columns: all
|  |     extrapolated-rows=disabled max-scan-range-rows=101.54K
|  |     parquet statistics predicates: tpcds_partitioned_parquet_snap.item_2.i_category = 'Sports'
|  |     parquet dictionary predicates: tpcds_partitioned_parquet_snap.item_2.i_category = 'Sports'
|  |     mem-estimate=16.00MB mem-reservation=512.00KB thread-reservation=0
|  |     tuple-ids=31 row-size=405B cardinality=35.91K cost=1365725
|  |     in pipelines: 29(GETNEXT)
|  |
|  28:SCAN HDFS [tpcds_partitioned_parquet_snap.catalog_sales, RANDOM]
|     HDFS partitions=1831/1831 files=1831 size=280.96GB
|     runtime filters: RF015[min_max] -> tpcds_partitioned_parquet_snap.catalog_sales_0.cs_item_sk, RF014[bloom] -> tpcds_partitioned_parquet_snap.catalog_sales_0.cs_item_sk, RF012[bloom] -> tpcds_partitioned_parquet_snap.catalog_sales_0.cs_sold_date_sk
|     stored statistics:
|       table: rows=4.32G size=280.96GB
|       partitions: 1831/1831 rows=4.32G
|       columns: all
|     extrapolated-rows=disabled max-scan-range-rows=21.52M
|     mem-estimate=16.00MB mem-reservation=1.00MB thread-reservation=0
|     tuple-ids=29 row-size=140B cardinality=430.77M(filtered from 4.32G) cost=8709277205
|     in pipelines: 28(GETNEXT)
|
90:EXCHANGE [HASH(I_BRAND_ID,I_CATEGORY_ID,I_CLASS_ID,I_MANUFACT_ID)]
|  mem-estimate=15.62MB mem-reservation=0B thread-reservation=0
|  tuple-ids=28 row-size=44B cardinality=150.77M cost=47265588
|  in pipelines: 71(GETNEXT)
|
F19:PLAN FRAGMENT [HASH(D_YEAR,I_BRAND_ID,I_CLASS_ID,I_CATEGORY_ID,I_MANUFACT_ID)] hosts=10 instances=120
Per-Instance Resources: mem-estimate=150.50MB mem-reservation=34.00MB thread-reservation=1
max-parallelism=950 segment-costs=[9477391309, 504889962] cpu-comparison-result=795 [max(120 (self) vs 795 (sum children))]
71:AGGREGATE [FINALIZE]
|  output: sum:merge(SALES_CNT), sum:merge(SALES_AMT)
|  group by: D_YEAR, I_BRAND_ID, I_CLASS_ID, I_CATEGORY_ID, I_MANUFACT_ID
|  having: D_YEAR = CAST(2001 AS INT)
|  mem-estimate=128.00MB mem-reservation=34.00MB spill-buffer=2.00MB thread-reservation=0
|  tuple-ids=28 row-size=44B cardinality=150.77M cost=9004735422
|  in pipelines: 71(GETNEXT), 69(OPEN)
|
70:EXCHANGE [HASH(D_YEAR,I_BRAND_ID,I_CLASS_ID,I_CATEGORY_ID,I_MANUFACT_ID)]
|  mem-estimate=15.62MB mem-reservation=0B thread-reservation=0
|  tuple-ids=28 row-size=44B cardinality=1.51G cost=472655887
|  in pipelines: 69(GETNEXT)
|
F18:PLAN FRAGMENT [HASH(D_YEAR,I_BRAND_ID,I_CLASS_ID,I_CATEGORY_ID,I_MANUFACT_ID,SALES_CNT,SALES_AMT)] hosts=10 instances=120
Per-Instance Resources: mem-estimate=278.50MB mem-reservation=68.00MB thread-reservation=1
max-parallelism=930 segment-costs=[9288630489, 9004735422, 5048899638] cpu-comparison-result=795 [max(120 (self) vs 795 (sum children))]
25:AGGREGATE [STREAMING]
|  output: sum(SALES_CNT), sum(SALES_AMT)
|  group by: D_YEAR, I_BRAND_ID, I_CLASS_ID, I_CATEGORY_ID, I_MANUFACT_ID
|  mem-estimate=128.00MB mem-reservation=34.00MB spill-buffer=2.00MB thread-reservation=0
|  tuple-ids=28 row-size=44B cardinality=1.51G cost=9004735422
|  in pipelines: 69(GETNEXT)
|
69:AGGREGATE [FINALIZE]
|  group by: D_YEAR, I_BRAND_ID, I_CLASS_ID, I_CATEGORY_ID, I_MANUFACT_ID, SALES_CNT, SALES_AMT
|  mem-estimate=128.00MB mem-reservation=34.00MB spill-buffer=2.00MB thread-reservation=0
|  tuple-ids=27 row-size=32B cardinality=1.51G cost=8899198222
|  in pipelines: 69(GETNEXT), 63(OPEN), 17(OPEN)
|
68:EXCHANGE [HASH(D_YEAR,I_BRAND_ID,I_CLASS_ID,I_CATEGORY_ID,I_MANUFACT_ID,SALES_CNT,SALES_AMT)]
|  mem-estimate=14.22MB mem-reservation=0B thread-reservation=0
|  tuple-ids=27 row-size=32B cardinality=1.51G cost=389432267
|  in pipelines: 63(GETNEXT), 17(GETNEXT)
|
F17:PLAN FRAGMENT [RANDOM] hosts=10 instances=120
Per-Instance Resources: mem-estimate=287.09MB mem-reservation=68.00MB thread-reservation=1
max-parallelism=120 segment-costs=[7961701299, 9836030776, 3883768953] cpu-comparison-result=795 [max(240 (self) vs 795 (sum children))]
24:AGGREGATE [STREAMING]
|  group by: D_YEAR, I_BRAND_ID, I_CLASS_ID, I_CATEGORY_ID, I_MANUFACT_ID, SALES_CNT, SALES_AMT
|  mem-estimate=128.00MB mem-reservation=34.00MB spill-buffer=2.00MB thread-reservation=0
|  tuple-ids=27 row-size=32B cardinality=1.51G cost=8899198222
|  in pipelines: 63(GETNEXT), 17(GETNEXT)
|
00:UNION
|  pass-through-operands: 63
|  mem-estimate=0B mem-reservation=0B thread-reservation=0
|  tuple-ids=26 row-size=32B cardinality=1.51G cost=27383300
|  in pipelines: 63(GETNEXT), 17(GETNEXT)
|
|--23:HASH JOIN [LEFT OUTER JOIN, PARTITIONED]
|  |  hash-table-id=10
|  |  hash predicates: tpcds_partitioned_parquet_snap.web_sales.ws_item_sk = tpcds_partitioned_parquet_snap.web_returns.wr_item_sk, tpcds_partitioned_parquet_snap.web_sales.ws_order_number = tpcds_partitioned_parquet_snap.web_returns.wr_order_number
|  |  fk/pk conjuncts: tpcds_partitioned_parquet_snap.web_sales.ws_item_sk = tpcds_partitioned_parquet_snap.web_returns.wr_item_sk, tpcds_partitioned_parquet_snap.web_sales.ws_order_number = tpcds_partitioned_parquet_snap.web_returns.wr_order_number
|  |  mem-estimate=0B mem-reservation=0B spill-buffer=2.00MB thread-reservation=0
|  |  tuple-ids=18,20,22,24N row-size=883B cardinality=215.38M cost=94271438
|  |  in pipelines: 17(GETNEXT), 22(OPEN)
|  |
|  |--F52:PLAN FRAGMENT [RANDOM] hosts=10 instances=120
|  |  |  Per-Instance Resources: mem-estimate=245.05MB mem-reservation=34.00MB thread-reservation=1
|  |  |  max-parallelism=120 segment-costs=[339361819]
|  |  JOIN BUILD
|  |  |  join-table-id=10 plan-id=11 cohort-id=01
|  |  |  build expressions: tpcds_partitioned_parquet_snap.web_returns.wr_item_sk, tpcds_partitioned_parquet_snap.web_returns.wr_order_number
|  |  |  mem-estimate=222.86MB mem-reservation=34.00MB spill-buffer=2.00MB thread-reservation=0 cost=216002686
|  |  |
|  |  67:EXCHANGE [HASH(tpcds_partitioned_parquet_snap.web_returns.wr_item_sk,tpcds_partitioned_parquet_snap.web_returns.wr_order_number)]
|  |  |  mem-estimate=22.19MB mem-reservation=0B thread-reservation=0
|  |  |  tuple-ids=24 row-size=100B cardinality=216.00M cost=123359133
|  |  |  in pipelines: 22(GETNEXT)
|  |  |
|  |  F15:PLAN FRAGMENT [RANDOM] hosts=10 instances=120
|  |  Per-Instance Resources: mem-estimate=64.75MB mem-reservation=256.00KB thread-reservation=1
|  |  max-parallelism=190 segment-costs=[1813385748]
|  |  22:SCAN HDFS [tpcds_partitioned_parquet_snap.web_returns, RANDOM]
|  |     HDFS partitions=2114/2114 files=2114 size=16.74GB
|  |     stored statistics:
|  |       table: rows=216.00M size=16.74GB
|  |       partitions: 2114/2114 rows=216.00M
|  |       columns: all
|  |     extrapolated-rows=disabled max-scan-range-rows=9.41M
|  |     mem-estimate=16.00MB mem-reservation=256.00KB thread-reservation=0
|  |     tuple-ids=24 row-size=100B cardinality=216.00M cost=311043867
|  |     in pipelines: 22(GETNEXT)
|  |
|  66:EXCHANGE [HASH(tpcds_partitioned_parquet_snap.web_sales.ws_item_sk,tpcds_partitioned_parquet_snap.web_sales.ws_order_number)]
|  |  mem-estimate=103.12MB mem-reservation=0B thread-reservation=0
|  |  tuple-ids=18,20,22 row-size=783B cardinality=215.38M cost=815177816
|  |  in pipelines: 17(GETNEXT)
|  |
|  F12:PLAN FRAGMENT [RANDOM] hosts=10 instances=120
|  Per-Host Shared Resources: mem-estimate=2.00MB mem-reservation=2.00MB thread-reservation=0 runtime-filters-memory=2.00MB
|  Per-Instance Resources: mem-estimate=388.49MB mem-reservation=264.00KB thread-reservation=1
|  max-parallelism=1580 segment-costs=[15731490378]
|  21:HASH JOIN [INNER JOIN, BROADCAST]
|  |  hash-table-id=17
|  |  hash predicates: tpcds_partitioned_parquet_snap.web_sales.ws_sold_date_sk = tpcds_partitioned_parquet_snap.date_dim_1.d_date_sk
|  |  fk/pk conjuncts: tpcds_partitioned_parquet_snap.web_sales.ws_sold_date_sk = tpcds_partitioned_parquet_snap.date_dim_1.d_date_sk
|  |  mem-estimate=0B mem-reservation=0B spill-buffer=2.00MB thread-reservation=0
|  |  tuple-ids=18,20,22 row-size=783B cardinality=215.38M cost=94271438
|  |  in pipelines: 17(GETNEXT), 20(OPEN)
|  |
|  |--F59:PLAN FRAGMENT [RANDOM] hosts=10 instances=10
|  |  |  Per-Instance Resources: mem-estimate=419.24MB mem-reservation=409.00MB thread-reservation=1 runtime-filters-memory=1.00MB
|  |  |  max-parallelism=10 segment-costs=[170129]
|  |  JOIN BUILD
|  |  |  join-table-id=17 plan-id=18 cohort-id=01
|  |  |  build expressions: tpcds_partitioned_parquet_snap.date_dim_1.d_date_sk
|  |  |  runtime filters: RF008[bloom] <- tpcds_partitioned_parquet_snap.date_dim_1.d_date_sk
|  |  |  mem-estimate=408.00MB mem-reservation=408.00MB spill-buffer=2.00MB thread-reservation=0 cost=73049
|  |  |
|  |  65:EXCHANGE [BROADCAST]
|  |  |  mem-estimate=10.24MB mem-reservation=0B thread-reservation=0
|  |  |  tuple-ids=22 row-size=237B cardinality=73.05K cost=97080
|  |  |  in pipelines: 20(GETNEXT)
|  |  |
|  |  F14:PLAN FRAGMENT [RANDOM] hosts=1 instances=1
|  |  Per-Instance Resources: mem-estimate=16.94MB mem-reservation=4.00MB thread-reservation=1
|  |  max-parallelism=1 segment-costs=[158950]
|  |  20:SCAN HDFS [tpcds_partitioned_parquet_snap.date_dim, RANDOM]
|  |     HDFS partitions=1/1 files=1 size=2.17MB
|  |     stored statistics:
|  |       table: rows=73.05K size=2.17MB
|  |       columns: all
|  |     extrapolated-rows=disabled max-scan-range-rows=73.05K
|  |     mem-estimate=16.00MB mem-reservation=4.00MB thread-reservation=0
|  |     tuple-ids=22 row-size=237B cardinality=73.05K cost=110600
|  |     in pipelines: 20(GETNEXT)
|  |
|  19:HASH JOIN [INNER JOIN, BROADCAST]
|  |  hash-table-id=18
|  |  hash predicates: tpcds_partitioned_parquet_snap.web_sales.ws_item_sk = tpcds_partitioned_parquet_snap.item_1.i_item_sk
|  |  fk/pk conjuncts: tpcds_partitioned_parquet_snap.web_sales.ws_item_sk = tpcds_partitioned_parquet_snap.item_1.i_item_sk
|  |  mem-estimate=0B mem-reservation=0B spill-buffer=1.00MB thread-reservation=0
|  |  tuple-ids=18,20 row-size=545B cardinality=215.38M cost=94271438
|  |  in pipelines: 17(GETNEXT), 18(OPEN)
|  |
|  |--F60:PLAN FRAGMENT [RANDOM] hosts=10 instances=10
|  |  |  Per-Instance Resources: mem-estimate=216.60MB mem-reservation=205.00MB thread-reservation=1 runtime-filters-memory=1.00MB
|  |  |  max-parallelism=10 segment-costs=[83645]
|  |  JOIN BUILD
|  |  |  join-table-id=18 plan-id=19 cohort-id=01
|  |  |  build expressions: tpcds_partitioned_parquet_snap.item_1.i_item_sk
|  |  |  runtime filters: RF010[bloom] <- tpcds_partitioned_parquet_snap.item_1.i_item_sk, RF011[min_max] <- tpcds_partitioned_parquet_snap.item_1.i_item_sk
|  |  |  mem-estimate=204.00MB mem-reservation=204.00MB spill-buffer=1.00MB thread-reservation=0 cost=35915
|  |  |
|  |  64:EXCHANGE [BROADCAST]
|  |  |  mem-estimate=11.60MB mem-reservation=0B thread-reservation=0
|  |  |  tuple-ids=20 row-size=405B cardinality=35.91K cost=47730
|  |  |  in pipelines: 18(GETNEXT)
|  |  |
|  |  F13:PLAN FRAGMENT [RANDOM] hosts=4 instances=4
|  |  Per-Instance Resources: mem-estimate=17.60MB mem-reservation=512.00KB thread-reservation=1
|  |  max-parallelism=4 segment-costs=[1405822]
|  |  18:SCAN HDFS [tpcds_partitioned_parquet_snap.item, RANDOM]
|  |     HDFS partitions=1/1 files=1 size=33.54MB
|  |     predicates: tpcds_partitioned_parquet_snap.item_1.i_category = 'Sports'
|  |     stored statistics:
|  |       table: rows=360.00K size=33.54MB
|  |       columns: all
|  |     extrapolated-rows=disabled max-scan-range-rows=101.54K
|  |     parquet statistics predicates: tpcds_partitioned_parquet_snap.item_1.i_category = 'Sports'
|  |     parquet dictionary predicates: tpcds_partitioned_parquet_snap.item_1.i_category = 'Sports'
|  |     mem-estimate=16.00MB mem-reservation=512.00KB thread-reservation=0
|  |     tuple-ids=20 row-size=405B cardinality=35.91K cost=1365725
|  |     in pipelines: 18(GETNEXT)
|  |
|  17:SCAN HDFS [tpcds_partitioned_parquet_snap.web_sales, RANDOM]
|     HDFS partitions=1824/1824 files=1824 size=145.75GB
|     runtime filters: RF011[min_max] -> tpcds_partitioned_parquet_snap.web_sales.ws_item_sk, RF010[bloom] -> tpcds_partitioned_parquet_snap.web_sales.ws_item_sk, RF008[bloom] -> tpcds_partitioned_parquet_snap.web_sales.ws_sold_date_sk
|     stored statistics:
|       table: rows=2.16G size=145.75GB
|       partitions: 1824/1824 rows=2.16G
|       columns: all
|     extrapolated-rows=disabled max-scan-range-rows=3.37M
|     mem-estimate=16.00MB mem-reservation=264.00KB thread-reservation=0
|     tuple-ids=18 row-size=140B cardinality=215.38M(filtered from 2.16G) cost=4354495421
|     in pipelines: 17(GETNEXT)
|
63:AGGREGATE [FINALIZE]
|  group by: D_YEAR, I_BRAND_ID, I_CLASS_ID, I_CATEGORY_ID, I_MANUFACT_ID, SALES_CNT, SALES_AMT
|  mem-estimate=128.00MB mem-reservation=34.00MB spill-buffer=2.00MB thread-reservation=0
|  tuple-ids=17 row-size=32B cardinality=1.29G cost=7627901458
|  in pipelines: 63(GETNEXT), 02(OPEN), 09(OPEN)
|
62:EXCHANGE [HASH(D_YEAR,I_BRAND_ID,I_CLASS_ID,I_CATEGORY_ID,I_MANUFACT_ID,SALES_CNT,SALES_AMT)]
|  mem-estimate=14.22MB mem-reservation=0B thread-reservation=0
|  tuple-ids=17 row-size=32B cardinality=1.29G cost=333799841
|  in pipelines: 02(GETNEXT), 09(GETNEXT)
|
F10:PLAN FRAGMENT [RANDOM] hosts=10 instances=120
Per-Instance Resources: mem-estimate=248.00MB mem-reservation=34.00MB thread-reservation=1
max-parallelism=120 segment-costs=[13074613898, 3328952352] cpu-comparison-result=530 [max(360 (self) vs 530 (sum children))]
16:AGGREGATE [STREAMING]
|  group by: D_YEAR, I_BRAND_ID, I_CLASS_ID, I_CATEGORY_ID, I_MANUFACT_ID, SALES_CNT, SALES_AMT
|  mem-estimate=128.00MB mem-reservation=34.00MB spill-buffer=2.00MB thread-reservation=0
|  tuple-ids=17 row-size=32B cardinality=1.29G cost=7627901458
|  in pipelines: 02(GETNEXT), 09(GETNEXT)
|
01:UNION
|  mem-estimate=0B mem-reservation=0B thread-reservation=0
|  tuple-ids=16 row-size=32B cardinality=1.29G cost=164302407
|  in pipelines: 02(GETNEXT), 09(GETNEXT)
|
|--15:HASH JOIN [LEFT OUTER JOIN, PARTITIONED]
|  |  hash-table-id=12
|  |  hash predicates: tpcds_partitioned_parquet_snap.store_sales.ss_item_sk = tpcds_partitioned_parquet_snap.store_returns.sr_item_sk, tpcds_partitioned_parquet_snap.store_sales.ss_ticket_number = tpcds_partitioned_parquet_snap.store_returns.sr_ticket_number
|  |  fk/pk conjuncts: tpcds_partitioned_parquet_snap.store_sales.ss_item_sk = tpcds_partitioned_parquet_snap.store_returns.sr_item_sk, tpcds_partitioned_parquet_snap.store_sales.ss_ticket_number = tpcds_partitioned_parquet_snap.store_returns.sr_ticket_number
|  |  mem-estimate=0B mem-reservation=0B spill-buffer=2.00MB thread-reservation=0
|  |  tuple-ids=8,10,12,14N row-size=823B cardinality=861.52M cost=377088518
|  |  in pipelines: 09(GETNEXT), 14(OPEN)
|  |
|  |--F54:PLAN FRAGMENT [RANDOM] hosts=10 instances=120
|  |  |  Per-Instance Resources: mem-estimate=801.89MB mem-reservation=34.00MB thread-reservation=1
|  |  |  max-parallelism=120 segment-costs=[1293822976]
|  |  JOIN BUILD
|  |  |  join-table-id=12 plan-id=13 cohort-id=01
|  |  |  build expressions: tpcds_partitioned_parquet_snap.store_returns.sr_item_sk, tpcds_partitioned_parquet_snap.store_returns.sr_ticket_number
|  |  |  mem-estimate=781.57MB mem-reservation=34.00MB spill-buffer=2.00MB thread-reservation=0 cost=863988632
|  |  |
|  |  61:EXCHANGE [HASH(tpcds_partitioned_parquet_snap.store_returns.sr_item_sk,tpcds_partitioned_parquet_snap.store_returns.sr_ticket_number)]
|  |  |  mem-estimate=20.31MB mem-reservation=0B thread-reservation=0
|  |  |  tuple-ids=14 row-size=84B cardinality=863.99M cost=429834344
|  |  |  in pipelines: 14(GETNEXT)
|  |  |
|  |  F08:PLAN FRAGMENT [RANDOM] hosts=10 instances=120
|  |  Per-Instance Resources: mem-estimate=57.25MB mem-reservation=512.00KB thread-reservation=1
|  |  max-parallelism=620 segment-costs=[6164040495]
|  |  14:SCAN HDFS [tpcds_partitioned_parquet_snap.store_returns, RANDOM]
|  |     HDFS partitions=2004/2004 files=2004 size=48.14GB
|  |     stored statistics:
|  |       table: rows=863.99M size=48.14GB
|  |       partitions: 2004/2004 rows=863.99M
|  |       columns: all
|  |     extrapolated-rows=disabled max-scan-range-rows=30.09M
|  |     mem-estimate=16.00MB mem-reservation=512.00KB thread-reservation=0
|  |     tuple-ids=14 row-size=84B cardinality=863.99M cost=1045080649
|  |     in pipelines: 14(GETNEXT)
|  |
|  60:EXCHANGE [HASH(tpcds_partitioned_parquet_snap.store_sales.ss_item_sk,tpcds_partitioned_parquet_snap.store_sales.ss_ticket_number)]
|  |  mem-estimate=97.97MB mem-reservation=0B thread-reservation=0
|  |  tuple-ids=8,10,12 row-size=739B cardinality=861.52M cost=3086363197
|  |  in pipelines: 09(GETNEXT)
|  |
|  F05:PLAN FRAGMENT [RANDOM] hosts=10 instances=120
|  Per-Host Shared Resources: mem-estimate=2.00MB mem-reservation=2.00MB thread-reservation=0 runtime-filters-memory=2.00MB
|  Per-Instance Resources: mem-estimate=367.86MB mem-reservation=8.00MB thread-reservation=1
|  max-parallelism=1824 segment-costs=[55010952224]
|  13:HASH JOIN [INNER JOIN, BROADCAST]
|  |  hash-table-id=15
|  |  hash predicates: tpcds_partitioned_parquet_snap.store_sales.ss_sold_date_sk = tpcds_partitioned_parquet_snap.date_dim_0.d_date_sk
|  |  fk/pk conjuncts: tpcds_partitioned_parquet_snap.store_sales.ss_sold_date_sk = tpcds_partitioned_parquet_snap.date_dim_0.d_date_sk
|  |  mem-estimate=0B mem-reservation=0B spill-buffer=2.00MB thread-reservation=0
|  |  tuple-ids=8,10,12 row-size=739B cardinality=861.52M cost=377088518
|  |  in pipelines: 09(GETNEXT), 12(OPEN)
|  |
|  |--F57:PLAN FRAGMENT [RANDOM] hosts=10 instances=10
|  |  |  Per-Instance Resources: mem-estimate=419.24MB mem-reservation=409.00MB thread-reservation=1 runtime-filters-memory=1.00MB
|  |  |  max-parallelism=10 segment-costs=[170129]
|  |  JOIN BUILD
|  |  |  join-table-id=15 plan-id=16 cohort-id=01
|  |  |  build expressions: tpcds_partitioned_parquet_snap.date_dim_0.d_date_sk
|  |  |  runtime filters: RF004[bloom] <- tpcds_partitioned_parquet_snap.date_dim_0.d_date_sk
|  |  |  mem-estimate=408.00MB mem-reservation=408.00MB spill-buffer=2.00MB thread-reservation=0 cost=73049
|  |  |
|  |  59:EXCHANGE [BROADCAST]
|  |  |  mem-estimate=10.24MB mem-reservation=0B thread-reservation=0
|  |  |  tuple-ids=12 row-size=237B cardinality=73.05K cost=97080
|  |  |  in pipelines: 12(GETNEXT)
|  |  |
|  |  F07:PLAN FRAGMENT [RANDOM] hosts=1 instances=1
|  |  Per-Instance Resources: mem-estimate=16.94MB mem-reservation=4.00MB thread-reservation=1
|  |  max-parallelism=1 segment-costs=[158950]
|  |  12:SCAN HDFS [tpcds_partitioned_parquet_snap.date_dim, RANDOM]
|  |     HDFS partitions=1/1 files=1 size=2.17MB
|  |     stored statistics:
|  |       table: rows=73.05K size=2.17MB
|  |       columns: all
|  |     extrapolated-rows=disabled max-scan-range-rows=73.05K
|  |     mem-estimate=16.00MB mem-reservation=4.00MB thread-reservation=0
|  |     tuple-ids=12 row-size=237B cardinality=73.05K cost=110600
|  |     in pipelines: 12(GETNEXT)
|  |
|  11:HASH JOIN [INNER JOIN, BROADCAST]
|  |  hash-table-id=16
|  |  hash predicates: tpcds_partitioned_parquet_snap.store_sales.ss_item_sk = tpcds_partitioned_parquet_snap.item_0.i_item_sk
|  |  fk/pk conjuncts: tpcds_partitioned_parquet_snap.store_sales.ss_item_sk = tpcds_partitioned_parquet_snap.item_0.i_item_sk
|  |  mem-estimate=0B mem-reservation=0B spill-buffer=1.00MB thread-reservation=0
|  |  tuple-ids=8,10 row-size=501B cardinality=861.52M cost=377088518
|  |  in pipelines: 09(GETNEXT), 10(OPEN)
|  |
|  |--F58:PLAN FRAGMENT [RANDOM] hosts=10 instances=10
|  |  |  Per-Instance Resources: mem-estimate=216.60MB mem-reservation=205.00MB thread-reservation=1 runtime-filters-memory=1.00MB
|  |  |  max-parallelism=10 segment-costs=[83645]
|  |  JOIN BUILD
|  |  |  join-table-id=16 plan-id=17 cohort-id=01
|  |  |  build expressions: tpcds_partitioned_parquet_snap.item_0.i_item_sk
|  |  |  runtime filters: RF006[bloom] <- tpcds_partitioned_parquet_snap.item_0.i_item_sk, RF007[min_max] <- tpcds_partitioned_parquet_snap.item_0.i_item_sk
|  |  |  mem-estimate=204.00MB mem-reservation=204.00MB spill-buffer=1.00MB thread-reservation=0 cost=35915
|  |  |
|  |  58:EXCHANGE [BROADCAST]
|  |  |  mem-estimate=11.60MB mem-reservation=0B thread-reservation=0
|  |  |  tuple-ids=10 row-size=405B cardinality=35.91K cost=47730
|  |  |  in pipelines: 10(GETNEXT)
|  |  |
|  |  F06:PLAN FRAGMENT [RANDOM] hosts=4 instances=4
|  |  Per-Instance Resources: mem-estimate=17.60MB mem-reservation=512.00KB thread-reservation=1
|  |  max-parallelism=4 segment-costs=[1405822]
|  |  10:SCAN HDFS [tpcds_partitioned_parquet_snap.item, RANDOM]
|  |     HDFS partitions=1/1 files=1 size=33.54MB
|  |     predicates: tpcds_partitioned_parquet_snap.item_0.i_category = 'Sports'
|  |     stored statistics:
|  |       table: rows=360.00K size=33.54MB
|  |       columns: all
|  |     extrapolated-rows=disabled max-scan-range-rows=101.54K
|  |     parquet statistics predicates: tpcds_partitioned_parquet_snap.item_0.i_category = 'Sports'
|  |     parquet dictionary predicates: tpcds_partitioned_parquet_snap.item_0.i_category = 'Sports'
|  |     mem-estimate=16.00MB mem-reservation=512.00KB thread-reservation=0
|  |     tuple-ids=10 row-size=405B cardinality=35.91K cost=1365725
|  |     in pipelines: 10(GETNEXT)
|  |
|  09:SCAN HDFS [tpcds_partitioned_parquet_snap.store_sales, RANDOM]
|     HDFS partitions=1824/1824 files=1824 size=389.90GB
|     runtime filters: RF007[min_max] -> tpcds_partitioned_parquet_snap.store_sales.ss_item_sk, RF006[bloom] -> tpcds_partitioned_parquet_snap.store_sales.ss_item_sk, RF004[bloom] -> tpcds_partitioned_parquet_snap.store_sales.ss_sold_date_sk
|     stored statistics:
|       table: rows=8.64G size=389.90GB
|       partitions: 1824/1824 rows=8.64G
|       columns: all
|     extrapolated-rows=disabled max-scan-range-rows=390.22M
|     mem-estimate=16.00MB mem-reservation=8.00MB thread-reservation=0
|     tuple-ids=8 row-size=96B cardinality=861.52M(filtered from 8.64G) cost=11943846410
|     in pipelines: 09(GETNEXT)
|
08:HASH JOIN [LEFT OUTER JOIN, PARTITIONED]
|  hash-table-id=11
|  hash predicates: tpcds_partitioned_parquet_snap.catalog_sales.cs_item_sk = tpcds_partitioned_parquet_snap.catalog_returns.cr_item_sk, tpcds_partitioned_parquet_snap.catalog_sales.cs_order_number = tpcds_partitioned_parquet_snap.catalog_returns.cr_order_number
|  fk/pk conjuncts: tpcds_partitioned_parquet_snap.catalog_sales.cs_item_sk = tpcds_partitioned_parquet_snap.catalog_returns.cr_item_sk, tpcds_partitioned_parquet_snap.catalog_sales.cs_order_number = tpcds_partitioned_parquet_snap.catalog_returns.cr_order_number
|  mem-estimate=0B mem-reservation=0B spill-buffer=2.00MB thread-reservation=0
|  tuple-ids=0,2,4,6N row-size=895B cardinality=430.77M cost=188549076
|  in pipelines: 02(GETNEXT), 07(OPEN)
|
|--F53:PLAN FRAGMENT [RANDOM] hosts=10 instances=120
|  |  Per-Instance Resources: mem-estimate=510.53MB mem-reservation=34.00MB thread-reservation=1
|  |  max-parallelism=120 segment-costs=[702589232]
|  JOIN BUILD
|  |  join-table-id=11 plan-id=12 cohort-id=01
|  |  build expressions: tpcds_partitioned_parquet_snap.catalog_returns.cr_item_sk, tpcds_partitioned_parquet_snap.catalog_returns.cr_order_number
|  |  mem-estimate=486.94MB mem-reservation=34.00MB spill-buffer=2.00MB thread-reservation=0 cost=432016991
|  |
|  57:EXCHANGE [HASH(tpcds_partitioned_parquet_snap.catalog_returns.cr_item_sk,tpcds_partitioned_parquet_snap.catalog_returns.cr_order_number)]
|  |  mem-estimate=23.59MB mem-reservation=0B thread-reservation=0
|  |  tuple-ids=6 row-size=112B cardinality=432.02M cost=270572241
|  |  in pipelines: 07(GETNEXT)
|  |
|  F03:PLAN FRAGMENT [RANDOM] hosts=10 instances=120
|  Per-Instance Resources: mem-estimate=70.38MB mem-reservation=208.00KB thread-reservation=1
|  max-parallelism=410 segment-costs=[4035384309]
|  07:SCAN HDFS [tpcds_partitioned_parquet_snap.catalog_returns, RANDOM]
|     HDFS partitions=2060/2060 files=2060 size=32.77GB
|     stored statistics:
|       table: rows=432.02M size=32.77GB
|       partitions: 2060/2060 rows=432.02M
|       columns: all
|     extrapolated-rows=disabled max-scan-range-rows=416.82K
|     mem-estimate=16.00MB mem-reservation=208.00KB thread-reservation=0
|     tuple-ids=6 row-size=112B cardinality=432.02M cost=696757003
|     in pipelines: 07(GETNEXT)
|
56:EXCHANGE [HASH(tpcds_partitioned_parquet_snap.catalog_sales.cs_item_sk,tpcds_partitioned_parquet_snap.catalog_sales.cs_order_number)]
|  mem-estimate=103.12MB mem-reservation=0B thread-reservation=0
|  tuple-ids=0,2,4 row-size=783B cardinality=430.77M cost=1630409242
|  in pipelines: 02(GETNEXT)
|
F00:PLAN FRAGMENT [RANDOM] hosts=10 instances=120
Per-Host Shared Resources: mem-estimate=2.00MB mem-reservation=2.00MB thread-reservation=0 runtime-filters-memory=2.00MB
Per-Instance Resources: mem-estimate=388.49MB mem-reservation=1.00MB thread-reservation=1
max-parallelism=1831 segment-costs=[31464015307]
06:HASH JOIN [INNER JOIN, BROADCAST]
|  hash-table-id=13
|  hash predicates: tpcds_partitioned_parquet_snap.catalog_sales.cs_sold_date_sk = tpcds_partitioned_parquet_snap.date_dim.d_date_sk
|  fk/pk conjuncts: tpcds_partitioned_parquet_snap.catalog_sales.cs_sold_date_sk = tpcds_partitioned_parquet_snap.date_dim.d_date_sk
|  mem-estimate=0B mem-reservation=0B spill-buffer=2.00MB thread-reservation=0
|  tuple-ids=0,2,4 row-size=783B cardinality=430.77M cost=188549076
|  in pipelines: 02(GETNEXT), 05(OPEN)
|
|--F55:PLAN FRAGMENT [RANDOM] hosts=10 instances=10
|  |  Per-Instance Resources: mem-estimate=419.24MB mem-reservation=409.00MB thread-reservation=1 runtime-filters-memory=1.00MB
|  |  max-parallelism=10 segment-costs=[170129]
|  JOIN BUILD
|  |  join-table-id=13 plan-id=14 cohort-id=01
|  |  build expressions: tpcds_partitioned_parquet_snap.date_dim.d_date_sk
|  |  runtime filters: RF000[bloom] <- tpcds_partitioned_parquet_snap.date_dim.d_date_sk
|  |  mem-estimate=408.00MB mem-reservation=408.00MB spill-buffer=2.00MB thread-reservation=0 cost=73049
|  |
|  55:EXCHANGE [BROADCAST]
|  |  mem-estimate=10.24MB mem-reservation=0B thread-reservation=0
|  |  tuple-ids=4 row-size=237B cardinality=73.05K cost=97080
|  |  in pipelines: 05(GETNEXT)
|  |
|  F02:PLAN FRAGMENT [RANDOM] hosts=1 instances=1
|  Per-Instance Resources: mem-estimate=16.94MB mem-reservation=4.00MB thread-reservation=1
|  max-parallelism=1 segment-costs=[158950]
|  05:SCAN HDFS [tpcds_partitioned_parquet_snap.date_dim, RANDOM]
|     HDFS partitions=1/1 files=1 size=2.17MB
|     stored statistics:
|       table: rows=73.05K size=2.17MB
|       columns: all
|     extrapolated-rows=disabled max-scan-range-rows=73.05K
|     mem-estimate=16.00MB mem-reservation=4.00MB thread-reservation=0
|     tuple-ids=4 row-size=237B cardinality=73.05K cost=110600
|     in pipelines: 05(GETNEXT)
|
04:HASH JOIN [INNER JOIN, BROADCAST]
|  hash-table-id=14
|  hash predicates: tpcds_partitioned_parquet_snap.catalog_sales.cs_item_sk = tpcds_partitioned_parquet_snap.item.i_item_sk
|  fk/pk conjuncts: tpcds_partitioned_parquet_snap.catalog_sales.cs_item_sk = tpcds_partitioned_parquet_snap.item.i_item_sk
|  mem-estimate=0B mem-reservation=0B spill-buffer=1.00MB thread-reservation=0
|  tuple-ids=0,2 row-size=545B cardinality=430.77M cost=188549076
|  in pipelines: 02(GETNEXT), 03(OPEN)
|
|--F56:PLAN FRAGMENT [RANDOM] hosts=10 instances=10
|  |  Per-Instance Resources: mem-estimate=216.60MB mem-reservation=205.00MB thread-reservation=1 runtime-filters-memory=1.00MB
|  |  max-parallelism=10 segment-costs=[83645]
|  JOIN BUILD
|  |  join-table-id=14 plan-id=15 cohort-id=01
|  |  build expressions: tpcds_partitioned_parquet_snap.item.i_item_sk
|  |  runtime filters: RF002[bloom] <- tpcds_partitioned_parquet_snap.item.i_item_sk, RF003[min_max] <- tpcds_partitioned_parquet_snap.item.i_item_sk
|  |  mem-estimate=204.00MB mem-reservation=204.00MB spill-buffer=1.00MB thread-reservation=0 cost=35915
|  |
|  54:EXCHANGE [BROADCAST]
|  |  mem-estimate=11.60MB mem-reservation=0B thread-reservation=0
|  |  tuple-ids=2 row-size=405B cardinality=35.91K cost=47730
|  |  in pipelines: 03(GETNEXT)
|  |
|  F01:PLAN FRAGMENT [RANDOM] hosts=4 instances=4
|  Per-Instance Resources: mem-estimate=17.60MB mem-reservation=512.00KB thread-reservation=1
|  max-parallelism=4 segment-costs=[1405822]
|  03:SCAN HDFS [tpcds_partitioned_parquet_snap.item, RANDOM]
|     HDFS partitions=1/1 files=1 size=33.54MB
|     predicates: tpcds_partitioned_parquet_snap.item.i_category = 'Sports'
|     stored statistics:
|       table: rows=360.00K size=33.54MB
|       columns: all
|     extrapolated-rows=disabled max-scan-range-rows=101.54K
|     parquet statistics predicates: tpcds_partitioned_parquet_snap.item.i_category = 'Sports'
|     parquet dictionary predicates: tpcds_partitioned_parquet_snap.item.i_category = 'Sports'
|     mem-estimate=16.00MB mem-reservation=512.00KB thread-reservation=0
|     tuple-ids=2 row-size=405B cardinality=35.91K cost=1365725
|     in pipelines: 03(GETNEXT)
|
02:SCAN HDFS [tpcds_partitioned_parquet_snap.catalog_sales, RANDOM]
   HDFS partitions=1831/1831 files=1831 size=280.96GB
   runtime filters: RF003[min_max] -> tpcds_partitioned_parquet_snap.catalog_sales.cs_item_sk, RF002[bloom] -> tpcds_partitioned_parquet_snap.catalog_sales.cs_item_sk, RF000[bloom] -> tpcds_partitioned_parquet_snap.catalog_sales.cs_sold_date_sk
   stored statistics:
     table: rows=4.32G size=280.96GB
     partitions: 1831/1831 rows=4.32G
     columns: all
   extrapolated-rows=disabled max-scan-range-rows=21.52M
   mem-estimate=16.00MB mem-reservation=1.00MB thread-reservation=0
   tuple-ids=0 row-size=140B cardinality=430.77M(filtered from 4.32G) cost=8709277205
   in pipelines: 02(GETNEXT)
---- PARALLELPLANS
Max Per-Host Resource Reservation: Memory=11.45GB Threads=361
Per-Host Resource Estimates: Memory=95.66GB
F41:PLAN FRAGMENT [UNPARTITIONED] hosts=1 instances=1
|  Per-Instance Resources: mem-estimate=4.87MB mem-reservation=4.00MB thread-reservation=1
|  max-parallelism=1 segment-costs=[1039] cpu-comparison-result=1590 [max(1 (self) vs 1590 (sum children))]
PLAN-ROOT SINK
|  output exprs: D_YEAR, D_YEAR, I_BRAND_ID, I_CLASS_ID, I_CATEGORY_ID, I_MANUFACT_ID, sum(SALES_CNT), sum(SALES_CNT), subtract(sum(SALES_CNT), sum(SALES_CNT)), subtract(sum(SALES_AMT), sum(SALES_AMT))
|  mem-estimate=4.00MB mem-reservation=4.00MB spill-buffer=2.00MB thread-reservation=0 cost=1000
|
92:MERGING-EXCHANGE [UNPARTITIONED]
|  order by: subtract(sum(SALES_CNT), sum(SALES_CNT)) ASC NULLS LAST, subtract(sum(SALES_AMT), sum(SALES_AMT)) ASC NULLS LAST
|  limit: 100
|  mem-estimate=891.33KB mem-reservation=0B thread-reservation=0
|  tuple-ids=58 row-size=72B cardinality=100 cost=39
|  in pipelines: 53(GETNEXT)
|
F40:PLAN FRAGMENT [HASH(I_BRAND_ID,I_CATEGORY_ID,I_CLASS_ID,I_MANUFACT_ID)] hosts=10 instances=120
Per-Instance Resources: mem-estimate=15.63MB mem-reservation=0B thread-reservation=1
max-parallelism=250 segment-costs=[2422587900, 220] cpu-comparison-result=1590 [max(120 (self) vs 1590 (sum children))]
53:TOP-N [LIMIT=100]
|  order by: subtract(sum(SALES_CNT), sum(SALES_CNT)) ASC NULLS LAST, subtract(sum(SALES_AMT), sum(SALES_AMT)) ASC NULLS LAST
|  mem-estimate=7.03KB mem-reservation=0B thread-reservation=0
|  tuple-ids=58 row-size=72B cardinality=100 cost=2309331409
|  in pipelines: 53(GETNEXT), 71(OPEN)
|
52:HASH JOIN [INNER JOIN, PARTITIONED]
|  hash-table-id=00
|  hash predicates: I_BRAND_ID = I_BRAND_ID, I_CATEGORY_ID = I_CATEGORY_ID, I_CLASS_ID = I_CLASS_ID, I_MANUFACT_ID = I_MANUFACT_ID
|  fk/pk conjuncts: assumed fk/pk
|  other join predicates: divide(CAST(sum(SALES_CNT) AS DECIMAL(17,2)), CAST(sum(SALES_CNT) AS DECIMAL(17,2))) < CAST(0.9 AS DECIMAL(2,1))
|  mem-estimate=0B mem-reservation=0B spill-buffer=2.00MB thread-reservation=0
|  tuple-ids=28,57 row-size=88B cardinality=150.77M cost=65990903
|  in pipelines: 71(GETNEXT), 89(OPEN)
|
|--F42:PLAN FRAGMENT [HASH(I_BRAND_ID,I_CATEGORY_ID,I_CLASS_ID,I_MANUFACT_ID)] hosts=10 instances=120
|  |  Per-Instance Resources: mem-estimate=93.95MB mem-reservation=34.00MB thread-reservation=1
|  |  max-parallelism=250 segment-costs=[198033016] cpu-comparison-result=795 [max(120 (self) vs 795 (sum children))]
|  JOIN BUILD
|  |  join-table-id=00 plan-id=01 cohort-id=01
|  |  build expressions: I_BRAND_ID, I_CATEGORY_ID, I_CLASS_ID, I_MANUFACT_ID
|  |  mem-estimate=78.32MB mem-reservation=34.00MB spill-buffer=2.00MB thread-reservation=0 cost=150767428
|  |
|  91:EXCHANGE [HASH(I_BRAND_ID,I_CATEGORY_ID,I_CLASS_ID,I_MANUFACT_ID)]
|  |  mem-estimate=15.62MB mem-reservation=0B thread-reservation=0
|  |  tuple-ids=57 row-size=44B cardinality=150.77M cost=47265588
|  |  in pipelines: 89(GETNEXT)
|  |
|  F39:PLAN FRAGMENT [HASH(D_YEAR,I_BRAND_ID,I_CLASS_ID,I_CATEGORY_ID,I_MANUFACT_ID)] hosts=10 instances=120
|  Per-Instance Resources: mem-estimate=150.50MB mem-reservation=34.00MB thread-reservation=1
|  max-parallelism=950 segment-costs=[9477391309, 504889962] cpu-comparison-result=795 [max(120 (self) vs 795 (sum children))]
|  89:AGGREGATE [FINALIZE]
|  |  output: sum:merge(SALES_CNT), sum:merge(SALES_AMT)
|  |  group by: D_YEAR, I_BRAND_ID, I_CLASS_ID, I_CATEGORY_ID, I_MANUFACT_ID
|  |  having: D_YEAR = subtract(CAST(2001 AS INT), CAST(1 AS INT))
|  |  mem-estimate=128.00MB mem-reservation=34.00MB spill-buffer=2.00MB thread-reservation=0
|  |  tuple-ids=57 row-size=44B cardinality=150.77M cost=9004735422
|  |  in pipelines: 89(GETNEXT), 87(OPEN)
|  |
|  88:EXCHANGE [HASH(D_YEAR,I_BRAND_ID,I_CLASS_ID,I_CATEGORY_ID,I_MANUFACT_ID)]
|  |  mem-estimate=15.62MB mem-reservation=0B thread-reservation=0
|  |  tuple-ids=57 row-size=44B cardinality=1.51G cost=472655887
|  |  in pipelines: 87(GETNEXT)
|  |
|  F38:PLAN FRAGMENT [HASH(D_YEAR,I_BRAND_ID,I_CLASS_ID,I_CATEGORY_ID,I_MANUFACT_ID,SALES_CNT,SALES_AMT)] hosts=10 instances=120
|  Per-Instance Resources: mem-estimate=278.50MB mem-reservation=68.00MB thread-reservation=1
|  max-parallelism=930 segment-costs=[9288630489, 9004735422, 5048899638] cpu-comparison-result=795 [max(120 (self) vs 795 (sum children))]
|  51:AGGREGATE [STREAMING]
|  |  output: sum(SALES_CNT), sum(SALES_AMT)
|  |  group by: D_YEAR, I_BRAND_ID, I_CLASS_ID, I_CATEGORY_ID, I_MANUFACT_ID
|  |  mem-estimate=128.00MB mem-reservation=34.00MB spill-buffer=2.00MB thread-reservation=0
|  |  tuple-ids=57 row-size=44B cardinality=1.51G cost=9004735422
|  |  in pipelines: 87(GETNEXT)
|  |
|  87:AGGREGATE [FINALIZE]
|  |  group by: D_YEAR, I_BRAND_ID, I_CLASS_ID, I_CATEGORY_ID, I_MANUFACT_ID, SALES_CNT, SALES_AMT
|  |  mem-estimate=128.00MB mem-reservation=34.00MB spill-buffer=2.00MB thread-reservation=0
|  |  tuple-ids=56 row-size=32B cardinality=1.51G cost=8899198222
|  |  in pipelines: 87(GETNEXT), 81(OPEN), 43(OPEN)
|  |
|  86:EXCHANGE [HASH(D_YEAR,I_BRAND_ID,I_CLASS_ID,I_CATEGORY_ID,I_MANUFACT_ID,SALES_CNT,SALES_AMT)]
|  |  mem-estimate=14.22MB mem-reservation=0B thread-reservation=0
|  |  tuple-ids=56 row-size=32B cardinality=1.51G cost=389432267
|  |  in pipelines: 81(GETNEXT), 43(GETNEXT)
|  |
|  F37:PLAN FRAGMENT [RANDOM] hosts=10 instances=120
|  Per-Instance Resources: mem-estimate=287.09MB mem-reservation=68.00MB thread-reservation=1
|  max-parallelism=120 segment-costs=[7961701299, 9836030776, 3883768953] cpu-comparison-result=795 [max(240 (self) vs 795 (sum children))]
|  50:AGGREGATE [STREAMING]
|  |  group by: D_YEAR, I_BRAND_ID, I_CLASS_ID, I_CATEGORY_ID, I_MANUFACT_ID, SALES_CNT, SALES_AMT
|  |  mem-estimate=128.00MB mem-reservation=34.00MB spill-buffer=2.00MB thread-reservation=0
|  |  tuple-ids=56 row-size=32B cardinality=1.51G cost=8899198222
|  |  in pipelines: 81(GETNEXT), 43(GETNEXT)
|  |
|  26:UNION
|  |  pass-through-operands: 81
|  |  mem-estimate=0B mem-reservation=0B thread-reservation=0
|  |  tuple-ids=55 row-size=32B cardinality=1.51G cost=27383300
|  |  in pipelines: 81(GETNEXT), 43(GETNEXT)
|  |
|  |--49:HASH JOIN [LEFT OUTER JOIN, PARTITIONED]
|  |  |  hash-table-id=01
|  |  |  hash predicates: tpcds_partitioned_parquet_snap.web_sales_0.ws_item_sk = tpcds_partitioned_parquet_snap.web_returns_0.wr_item_sk, tpcds_partitioned_parquet_snap.web_sales_0.ws_order_number = tpcds_partitioned_parquet_snap.web_returns_0.wr_order_number
|  |  |  fk/pk conjuncts: tpcds_partitioned_parquet_snap.web_sales_0.ws_item_sk = tpcds_partitioned_parquet_snap.web_returns_0.wr_item_sk, tpcds_partitioned_parquet_snap.web_sales_0.ws_order_number = tpcds_partitioned_parquet_snap.web_returns_0.wr_order_number
|  |  |  mem-estimate=0B mem-reservation=0B spill-buffer=2.00MB thread-reservation=0
|  |  |  tuple-ids=47,49,51,53N row-size=883B cardinality=215.38M cost=94271438
|  |  |  in pipelines: 43(GETNEXT), 48(OPEN)
|  |  |
|  |  |--F43:PLAN FRAGMENT [RANDOM] hosts=10 instances=120
|  |  |  |  Per-Instance Resources: mem-estimate=245.05MB mem-reservation=34.00MB thread-reservation=1
|  |  |  |  max-parallelism=120 segment-costs=[339361819]
|  |  |  JOIN BUILD
|  |  |  |  join-table-id=01 plan-id=02 cohort-id=02
|  |  |  |  build expressions: tpcds_partitioned_parquet_snap.web_returns_0.wr_item_sk, tpcds_partitioned_parquet_snap.web_returns_0.wr_order_number
|  |  |  |  mem-estimate=222.86MB mem-reservation=34.00MB spill-buffer=2.00MB thread-reservation=0 cost=216002686
|  |  |  |
|  |  |  85:EXCHANGE [HASH(tpcds_partitioned_parquet_snap.web_returns_0.wr_item_sk,tpcds_partitioned_parquet_snap.web_returns_0.wr_order_number)]
|  |  |  |  mem-estimate=22.19MB mem-reservation=0B thread-reservation=0
|  |  |  |  tuple-ids=53 row-size=100B cardinality=216.00M cost=123359133
|  |  |  |  in pipelines: 48(GETNEXT)
|  |  |  |
|  |  |  F35:PLAN FRAGMENT [RANDOM] hosts=10 instances=120
|  |  |  Per-Instance Resources: mem-estimate=64.75MB mem-reservation=256.00KB thread-reservation=1
|  |  |  max-parallelism=190 segment-costs=[1813385748]
|  |  |  48:SCAN HDFS [tpcds_partitioned_parquet_snap.web_returns, RANDOM]
|  |  |     HDFS partitions=2114/2114 files=2114 size=16.74GB
|  |  |     stored statistics:
|  |  |       table: rows=216.00M size=16.74GB
|  |  |       partitions: 2114/2114 rows=216.00M
|  |  |       columns: all
|  |  |     extrapolated-rows=disabled max-scan-range-rows=9.41M
|  |  |     mem-estimate=16.00MB mem-reservation=256.00KB thread-reservation=0
|  |  |     tuple-ids=53 row-size=100B cardinality=216.00M cost=311043867
|  |  |     in pipelines: 48(GETNEXT)
|  |  |
|  |  84:EXCHANGE [HASH(tpcds_partitioned_parquet_snap.web_sales_0.ws_item_sk,tpcds_partitioned_parquet_snap.web_sales_0.ws_order_number)]
|  |  |  mem-estimate=103.12MB mem-reservation=0B thread-reservation=0
|  |  |  tuple-ids=47,49,51 row-size=783B cardinality=215.38M cost=815177816
|  |  |  in pipelines: 43(GETNEXT)
|  |  |
|  |  F32:PLAN FRAGMENT [RANDOM] hosts=10 instances=120
|  |  Per-Host Shared Resources: mem-estimate=1.00MB mem-reservation=1.00MB thread-reservation=0 runtime-filters-memory=1.00MB
|  |  Per-Instance Resources: mem-estimate=388.49MB mem-reservation=264.00KB thread-reservation=1
|  |  max-parallelism=1580 segment-costs=[15731490378]
|  |  47:HASH JOIN [INNER JOIN, BROADCAST]
|  |  |  hash-table-id=08
|  |  |  hash predicates: tpcds_partitioned_parquet_snap.web_sales_0.ws_sold_date_sk = tpcds_partitioned_parquet_snap.date_dim_4.d_date_sk
|  |  |  fk/pk conjuncts: tpcds_partitioned_parquet_snap.web_sales_0.ws_sold_date_sk = tpcds_partitioned_parquet_snap.date_dim_4.d_date_sk
|  |  |  mem-estimate=0B mem-reservation=0B spill-buffer=2.00MB thread-reservation=0
|  |  |  tuple-ids=47,49,51 row-size=783B cardinality=215.38M cost=94271438
|  |  |  in pipelines: 43(GETNEXT), 46(OPEN)
|  |  |
|  |  |--F50:PLAN FRAGMENT [RANDOM] hosts=10 instances=10
|  |  |  |  Per-Instance Resources: mem-estimate=418.24MB mem-reservation=408.00MB thread-reservation=1
|  |  |  |  max-parallelism=10 segment-costs=[170129]
|  |  |  JOIN BUILD
|  |  |  |  join-table-id=08 plan-id=09 cohort-id=02
|  |  |  |  build expressions: tpcds_partitioned_parquet_snap.date_dim_4.d_date_sk
|  |  |  |  mem-estimate=408.00MB mem-reservation=408.00MB spill-buffer=2.00MB thread-reservation=0 cost=73049
|  |  |  |
|  |  |  83:EXCHANGE [BROADCAST]
|  |  |  |  mem-estimate=10.24MB mem-reservation=0B thread-reservation=0
|  |  |  |  tuple-ids=51 row-size=237B cardinality=73.05K cost=97080
|  |  |  |  in pipelines: 46(GETNEXT)
|  |  |  |
|  |  |  F34:PLAN FRAGMENT [RANDOM] hosts=1 instances=1
|  |  |  Per-Instance Resources: mem-estimate=16.94MB mem-reservation=4.00MB thread-reservation=1
|  |  |  max-parallelism=1 segment-costs=[158950]
|  |  |  46:SCAN HDFS [tpcds_partitioned_parquet_snap.date_dim, RANDOM]
|  |  |     HDFS partitions=1/1 files=1 size=2.17MB
|  |  |     stored statistics:
|  |  |       table: rows=73.05K size=2.17MB
|  |  |       columns: all
|  |  |     extrapolated-rows=disabled max-scan-range-rows=73.05K
|  |  |     mem-estimate=16.00MB mem-reservation=4.00MB thread-reservation=0
|  |  |     tuple-ids=51 row-size=237B cardinality=73.05K cost=110600
|  |  |     in pipelines: 46(GETNEXT)
|  |  |
|  |  45:HASH JOIN [INNER JOIN, BROADCAST]
|  |  |  hash-table-id=09
|  |  |  hash predicates: tpcds_partitioned_parquet_snap.web_sales_0.ws_item_sk = tpcds_partitioned_parquet_snap.item_4.i_item_sk
|  |  |  fk/pk conjuncts: tpcds_partitioned_parquet_snap.web_sales_0.ws_item_sk = tpcds_partitioned_parquet_snap.item_4.i_item_sk
|  |  |  mem-estimate=0B mem-reservation=0B spill-buffer=1.00MB thread-reservation=0
|  |  |  tuple-ids=47,49 row-size=545B cardinality=215.38M cost=94271438
|  |  |  in pipelines: 43(GETNEXT), 44(OPEN)
|  |  |
|  |  |--F51:PLAN FRAGMENT [RANDOM] hosts=10 instances=10
|  |  |  |  Per-Instance Resources: mem-estimate=216.60MB mem-reservation=205.00MB thread-reservation=1 runtime-filters-memory=1.00MB
|  |  |  |  max-parallelism=10 segment-costs=[83645]
|  |  |  JOIN BUILD
|  |  |  |  join-table-id=09 plan-id=10 cohort-id=02
|  |  |  |  build expressions: tpcds_partitioned_parquet_snap.item_4.i_item_sk
|  |  |  |  runtime filters: RF022[bloom] <- tpcds_partitioned_parquet_snap.item_4.i_item_sk, RF023[min_max] <- tpcds_partitioned_parquet_snap.item_4.i_item_sk
|  |  |  |  mem-estimate=204.00MB mem-reservation=204.00MB spill-buffer=1.00MB thread-reservation=0 cost=35915
|  |  |  |
|  |  |  82:EXCHANGE [BROADCAST]
|  |  |  |  mem-estimate=11.60MB mem-reservation=0B thread-reservation=0
|  |  |  |  tuple-ids=49 row-size=405B cardinality=35.91K cost=47730
|  |  |  |  in pipelines: 44(GETNEXT)
|  |  |  |
|  |  |  F33:PLAN FRAGMENT [RANDOM] hosts=4 instances=4
|  |  |  Per-Instance Resources: mem-estimate=17.60MB mem-reservation=512.00KB thread-reservation=1
|  |  |  max-parallelism=4 segment-costs=[1405822]
|  |  |  44:SCAN HDFS [tpcds_partitioned_parquet_snap.item, RANDOM]
|  |  |     HDFS partitions=1/1 files=1 size=33.54MB
|  |  |     predicates: tpcds_partitioned_parquet_snap.item_4.i_category = 'Sports'
|  |  |     stored statistics:
|  |  |       table: rows=360.00K size=33.54MB
|  |  |       columns: all
|  |  |     extrapolated-rows=disabled max-scan-range-rows=101.54K
|  |  |     parquet statistics predicates: tpcds_partitioned_parquet_snap.item_4.i_category = 'Sports'
|  |  |     parquet dictionary predicates: tpcds_partitioned_parquet_snap.item_4.i_category = 'Sports'
|  |  |     mem-estimate=16.00MB mem-reservation=512.00KB thread-reservation=0
|  |  |     tuple-ids=49 row-size=405B cardinality=35.91K cost=1365725
|  |  |     in pipelines: 44(GETNEXT)
|  |  |
|  |  43:SCAN HDFS [tpcds_partitioned_parquet_snap.web_sales, RANDOM]
|  |     HDFS partitions=1824/1824 files=1824 size=145.75GB
|  |     runtime filters: RF023[min_max] -> tpcds_partitioned_parquet_snap.web_sales_0.ws_item_sk, RF022[bloom] -> tpcds_partitioned_parquet_snap.web_sales_0.ws_item_sk
|  |     stored statistics:
|  |       table: rows=2.16G size=145.75GB
|  |       partitions: 1824/1824 rows=2.16G
|  |       columns: all
|  |     extrapolated-rows=disabled max-scan-range-rows=3.37M
|  |     mem-estimate=16.00MB mem-reservation=264.00KB thread-reservation=0
|  |     tuple-ids=47 row-size=140B cardinality=215.38M(filtered from 2.16G) cost=4354495421
|  |     in pipelines: 43(GETNEXT)
|  |
|  81:AGGREGATE [FINALIZE]
|  |  group by: D_YEAR, I_BRAND_ID, I_CLASS_ID, I_CATEGORY_ID, I_MANUFACT_ID, SALES_CNT, SALES_AMT
|  |  mem-estimate=128.00MB mem-reservation=34.00MB spill-buffer=2.00MB thread-reservation=0
|  |  tuple-ids=46 row-size=32B cardinality=1.29G cost=7627901458
|  |  in pipelines: 81(GETNEXT), 28(OPEN), 35(OPEN)
|  |
|  80:EXCHANGE [HASH(D_YEAR,I_BRAND_ID,I_CLASS_ID,I_CATEGORY_ID,I_MANUFACT_ID,SALES_CNT,SALES_AMT)]
|  |  mem-estimate=14.22MB mem-reservation=0B thread-reservation=0
|  |  tuple-ids=46 row-size=32B cardinality=1.29G cost=333799841
|  |  in pipelines: 28(GETNEXT), 35(GETNEXT)
|  |
|  F30:PLAN FRAGMENT [RANDOM] hosts=10 instances=120
|  Per-Instance Resources: mem-estimate=248.00MB mem-reservation=34.00MB thread-reservation=1
|  max-parallelism=120 segment-costs=[13074613898, 3328952352] cpu-comparison-result=530 [max(360 (self) vs 530 (sum children))]
|  42:AGGREGATE [STREAMING]
|  |  group by: D_YEAR, I_BRAND_ID, I_CLASS_ID, I_CATEGORY_ID, I_MANUFACT_ID, SALES_CNT, SALES_AMT
|  |  mem-estimate=128.00MB mem-reservation=34.00MB spill-buffer=2.00MB thread-reservation=0
|  |  tuple-ids=46 row-size=32B cardinality=1.29G cost=7627901458
|  |  in pipelines: 28(GETNEXT), 35(GETNEXT)
|  |
|  27:UNION
|  |  mem-estimate=0B mem-reservation=0B thread-reservation=0
|  |  tuple-ids=45 row-size=32B cardinality=1.29G cost=164302407
|  |  in pipelines: 28(GETNEXT), 35(GETNEXT)
|  |
|  |--41:HASH JOIN [LEFT OUTER JOIN, PARTITIONED]
|  |  |  hash-table-id=03
|  |  |  hash predicates: tpcds_partitioned_parquet_snap.store_sales_0.ss_item_sk = tpcds_partitioned_parquet_snap.store_returns_0.sr_item_sk, tpcds_partitioned_parquet_snap.store_sales_0.ss_ticket_number = tpcds_partitioned_parquet_snap.store_returns_0.sr_ticket_number
|  |  |  fk/pk conjuncts: tpcds_partitioned_parquet_snap.store_sales_0.ss_item_sk = tpcds_partitioned_parquet_snap.store_returns_0.sr_item_sk, tpcds_partitioned_parquet_snap.store_sales_0.ss_ticket_number = tpcds_partitioned_parquet_snap.store_returns_0.sr_ticket_number
|  |  |  mem-estimate=0B mem-reservation=0B spill-buffer=2.00MB thread-reservation=0
|  |  |  tuple-ids=37,39,41,43N row-size=823B cardinality=861.52M cost=377088518
|  |  |  in pipelines: 35(GETNEXT), 40(OPEN)
|  |  |
|  |  |--F45:PLAN FRAGMENT [RANDOM] hosts=10 instances=120
|  |  |  |  Per-Instance Resources: mem-estimate=801.89MB mem-reservation=34.00MB thread-reservation=1
|  |  |  |  max-parallelism=120 segment-costs=[1293822976]
|  |  |  JOIN BUILD
|  |  |  |  join-table-id=03 plan-id=04 cohort-id=02
|  |  |  |  build expressions: tpcds_partitioned_parquet_snap.store_returns_0.sr_item_sk, tpcds_partitioned_parquet_snap.store_returns_0.sr_ticket_number
|  |  |  |  mem-estimate=781.57MB mem-reservation=34.00MB spill-buffer=2.00MB thread-reservation=0 cost=863988632
|  |  |  |
|  |  |  79:EXCHANGE [HASH(tpcds_partitioned_parquet_snap.store_returns_0.sr_item_sk,tpcds_partitioned_parquet_snap.store_returns_0.sr_ticket_number)]
|  |  |  |  mem-estimate=20.31MB mem-reservation=0B thread-reservation=0
|  |  |  |  tuple-ids=43 row-size=84B cardinality=863.99M cost=429834344
|  |  |  |  in pipelines: 40(GETNEXT)
|  |  |  |
|  |  |  F28:PLAN FRAGMENT [RANDOM] hosts=10 instances=120
|  |  |  Per-Instance Resources: mem-estimate=57.25MB mem-reservation=512.00KB thread-reservation=1
|  |  |  max-parallelism=620 segment-costs=[6164040495]
|  |  |  40:SCAN HDFS [tpcds_partitioned_parquet_snap.store_returns, RANDOM]
|  |  |     HDFS partitions=2004/2004 files=2004 size=48.14GB
|  |  |     stored statistics:
|  |  |       table: rows=863.99M size=48.14GB
|  |  |       partitions: 2004/2004 rows=863.99M
|  |  |       columns: all
|  |  |     extrapolated-rows=disabled max-scan-range-rows=30.09M
|  |  |     mem-estimate=16.00MB mem-reservation=512.00KB thread-reservation=0
|  |  |     tuple-ids=43 row-size=84B cardinality=863.99M cost=1045080649
|  |  |     in pipelines: 40(GETNEXT)
|  |  |
|  |  78:EXCHANGE [HASH(tpcds_partitioned_parquet_snap.store_sales_0.ss_item_sk,tpcds_partitioned_parquet_snap.store_sales_0.ss_ticket_number)]
|  |  |  mem-estimate=97.97MB mem-reservation=0B thread-reservation=0
|  |  |  tuple-ids=37,39,41 row-size=739B cardinality=861.52M cost=3086363197
|  |  |  in pipelines: 35(GETNEXT)
|  |  |
|  |  F25:PLAN FRAGMENT [RANDOM] hosts=10 instances=120
|  |  Per-Host Shared Resources: mem-estimate=1.00MB mem-reservation=1.00MB thread-reservation=0 runtime-filters-memory=1.00MB
|  |  Per-Instance Resources: mem-estimate=367.86MB mem-reservation=8.00MB thread-reservation=1
|  |  max-parallelism=1824 segment-costs=[55010952224]
|  |  39:HASH JOIN [INNER JOIN, BROADCAST]
|  |  |  hash-table-id=06
|  |  |  hash predicates: tpcds_partitioned_parquet_snap.store_sales_0.ss_sold_date_sk = tpcds_partitioned_parquet_snap.date_dim_3.d_date_sk
|  |  |  fk/pk conjuncts: tpcds_partitioned_parquet_snap.store_sales_0.ss_sold_date_sk = tpcds_partitioned_parquet_snap.date_dim_3.d_date_sk
|  |  |  mem-estimate=0B mem-reservation=0B spill-buffer=2.00MB thread-reservation=0
|  |  |  tuple-ids=37,39,41 row-size=739B cardinality=861.52M cost=377088518
|  |  |  in pipelines: 35(GETNEXT), 38(OPEN)
|  |  |
|  |  |--F48:PLAN FRAGMENT [RANDOM] hosts=10 instances=10
|  |  |  |  Per-Instance Resources: mem-estimate=418.24MB mem-reservation=408.00MB thread-reservation=1
|  |  |  |  max-parallelism=10 segment-costs=[170129]
|  |  |  JOIN BUILD
|  |  |  |  join-table-id=06 plan-id=07 cohort-id=02
|  |  |  |  build expressions: tpcds_partitioned_parquet_snap.date_dim_3.d_date_sk
|  |  |  |  mem-estimate=408.00MB mem-reservation=408.00MB spill-buffer=2.00MB thread-reservation=0 cost=73049
|  |  |  |
|  |  |  77:EXCHANGE [BROADCAST]
|  |  |  |  mem-estimate=10.24MB mem-reservation=0B thread-reservation=0
|  |  |  |  tuple-ids=41 row-size=237B cardinality=73.05K cost=97080
|  |  |  |  in pipelines: 38(GETNEXT)
|  |  |  |
|  |  |  F27:PLAN FRAGMENT [RANDOM] hosts=1 instances=1
|  |  |  Per-Instance Resources: mem-estimate=16.94MB mem-reservation=4.00MB thread-reservation=1
|  |  |  max-parallelism=1 segment-costs=[158950]
|  |  |  38:SCAN HDFS [tpcds_partitioned_parquet_snap.date_dim, RANDOM]
|  |  |     HDFS partitions=1/1 files=1 size=2.17MB
|  |  |     stored statistics:
|  |  |       table: rows=73.05K size=2.17MB
|  |  |       columns: all
|  |  |     extrapolated-rows=disabled max-scan-range-rows=73.05K
|  |  |     mem-estimate=16.00MB mem-reservation=4.00MB thread-reservation=0
|  |  |     tuple-ids=41 row-size=237B cardinality=73.05K cost=110600
|  |  |     in pipelines: 38(GETNEXT)
|  |  |
|  |  37:HASH JOIN [INNER JOIN, BROADCAST]
|  |  |  hash-table-id=07
|  |  |  hash predicates: tpcds_partitioned_parquet_snap.store_sales_0.ss_item_sk = tpcds_partitioned_parquet_snap.item_3.i_item_sk
|  |  |  fk/pk conjuncts: tpcds_partitioned_parquet_snap.store_sales_0.ss_item_sk = tpcds_partitioned_parquet_snap.item_3.i_item_sk
|  |  |  mem-estimate=0B mem-reservation=0B spill-buffer=1.00MB thread-reservation=0
|  |  |  tuple-ids=37,39 row-size=501B cardinality=861.52M cost=377088518
|  |  |  in pipelines: 35(GETNEXT), 36(OPEN)
|  |  |
|  |  |--F49:PLAN FRAGMENT [RANDOM] hosts=10 instances=10
|  |  |  |  Per-Instance Resources: mem-estimate=216.60MB mem-reservation=205.00MB thread-reservation=1 runtime-filters-memory=1.00MB
|  |  |  |  max-parallelism=10 segment-costs=[83645]
|  |  |  JOIN BUILD
|  |  |  |  join-table-id=07 plan-id=08 cohort-id=02
|  |  |  |  build expressions: tpcds_partitioned_parquet_snap.item_3.i_item_sk
|  |  |  |  runtime filters: RF018[bloom] <- tpcds_partitioned_parquet_snap.item_3.i_item_sk, RF019[min_max] <- tpcds_partitioned_parquet_snap.item_3.i_item_sk
|  |  |  |  mem-estimate=204.00MB mem-reservation=204.00MB spill-buffer=1.00MB thread-reservation=0 cost=35915
|  |  |  |
|  |  |  76:EXCHANGE [BROADCAST]
|  |  |  |  mem-estimate=11.60MB mem-reservation=0B thread-reservation=0
|  |  |  |  tuple-ids=39 row-size=405B cardinality=35.91K cost=47730
|  |  |  |  in pipelines: 36(GETNEXT)
|  |  |  |
|  |  |  F26:PLAN FRAGMENT [RANDOM] hosts=4 instances=4
|  |  |  Per-Instance Resources: mem-estimate=17.60MB mem-reservation=512.00KB thread-reservation=1
|  |  |  max-parallelism=4 segment-costs=[1405822]
|  |  |  36:SCAN HDFS [tpcds_partitioned_parquet_snap.item, RANDOM]
|  |  |     HDFS partitions=1/1 files=1 size=33.54MB
|  |  |     predicates: tpcds_partitioned_parquet_snap.item_3.i_category = 'Sports'
|  |  |     stored statistics:
|  |  |       table: rows=360.00K size=33.54MB
|  |  |       columns: all
|  |  |     extrapolated-rows=disabled max-scan-range-rows=101.54K
|  |  |     parquet statistics predicates: tpcds_partitioned_parquet_snap.item_3.i_category = 'Sports'
|  |  |     parquet dictionary predicates: tpcds_partitioned_parquet_snap.item_3.i_category = 'Sports'
|  |  |     mem-estimate=16.00MB mem-reservation=512.00KB thread-reservation=0
|  |  |     tuple-ids=39 row-size=405B cardinality=35.91K cost=1365725
|  |  |     in pipelines: 36(GETNEXT)
|  |  |
|  |  35:SCAN HDFS [tpcds_partitioned_parquet_snap.store_sales, RANDOM]
|  |     HDFS partitions=1824/1824 files=1824 size=389.90GB
|  |     runtime filters: RF019[min_max] -> tpcds_partitioned_parquet_snap.store_sales_0.ss_item_sk, RF018[bloom] -> tpcds_partitioned_parquet_snap.store_sales_0.ss_item_sk
|  |     stored statistics:
|  |       table: rows=8.64G size=389.90GB
|  |       partitions: 1824/1824 rows=8.64G
|  |       columns: all
|  |     extrapolated-rows=disabled max-scan-range-rows=390.22M
|  |     mem-estimate=16.00MB mem-reservation=8.00MB thread-reservation=0
|  |     tuple-ids=37 row-size=96B cardinality=861.52M(filtered from 8.64G) cost=11943846410
|  |     in pipelines: 35(GETNEXT)
|  |
|  34:HASH JOIN [LEFT OUTER JOIN, PARTITIONED]
|  |  hash-table-id=02
|  |  hash predicates: tpcds_partitioned_parquet_snap.catalog_sales_0.cs_item_sk = tpcds_partitioned_parquet_snap.catalog_returns_0.cr_item_sk, tpcds_partitioned_parquet_snap.catalog_sales_0.cs_order_number = tpcds_partitioned_parquet_snap.catalog_returns_0.cr_order_number
|  |  fk/pk conjuncts: tpcds_partitioned_parquet_snap.catalog_sales_0.cs_item_sk = tpcds_partitioned_parquet_snap.catalog_returns_0.cr_item_sk, tpcds_partitioned_parquet_snap.catalog_sales_0.cs_order_number = tpcds_partitioned_parquet_snap.catalog_returns_0.cr_order_number
|  |  mem-estimate=0B mem-reservation=0B spill-buffer=2.00MB thread-reservation=0
|  |  tuple-ids=29,31,33,35N row-size=895B cardinality=430.77M cost=188549076
|  |  in pipelines: 28(GETNEXT), 33(OPEN)
|  |
|  |--F44:PLAN FRAGMENT [RANDOM] hosts=10 instances=120
|  |  |  Per-Instance Resources: mem-estimate=510.53MB mem-reservation=34.00MB thread-reservation=1
|  |  |  max-parallelism=120 segment-costs=[702589232]
|  |  JOIN BUILD
|  |  |  join-table-id=02 plan-id=03 cohort-id=02
|  |  |  build expressions: tpcds_partitioned_parquet_snap.catalog_returns_0.cr_item_sk, tpcds_partitioned_parquet_snap.catalog_returns_0.cr_order_number
|  |  |  mem-estimate=486.94MB mem-reservation=34.00MB spill-buffer=2.00MB thread-reservation=0 cost=432016991
|  |  |
|  |  75:EXCHANGE [HASH(tpcds_partitioned_parquet_snap.catalog_returns_0.cr_item_sk,tpcds_partitioned_parquet_snap.catalog_returns_0.cr_order_number)]
|  |  |  mem-estimate=23.59MB mem-reservation=0B thread-reservation=0
|  |  |  tuple-ids=35 row-size=112B cardinality=432.02M cost=270572241
|  |  |  in pipelines: 33(GETNEXT)
|  |  |
|  |  F23:PLAN FRAGMENT [RANDOM] hosts=10 instances=120
|  |  Per-Instance Resources: mem-estimate=70.38MB mem-reservation=208.00KB thread-reservation=1
|  |  max-parallelism=410 segment-costs=[4035384309]
|  |  33:SCAN HDFS [tpcds_partitioned_parquet_snap.catalog_returns, RANDOM]
|  |     HDFS partitions=2060/2060 files=2060 size=32.77GB
|  |     stored statistics:
|  |       table: rows=432.02M size=32.77GB
|  |       partitions: 2060/2060 rows=432.02M
|  |       columns: all
|  |     extrapolated-rows=disabled max-scan-range-rows=416.82K
|  |     mem-estimate=16.00MB mem-reservation=208.00KB thread-reservation=0
|  |     tuple-ids=35 row-size=112B cardinality=432.02M cost=696757003
|  |     in pipelines: 33(GETNEXT)
|  |
|  74:EXCHANGE [HASH(tpcds_partitioned_parquet_snap.catalog_sales_0.cs_item_sk,tpcds_partitioned_parquet_snap.catalog_sales_0.cs_order_number)]
|  |  mem-estimate=103.12MB mem-reservation=0B thread-reservation=0
|  |  tuple-ids=29,31,33 row-size=783B cardinality=430.77M cost=1630409242
|  |  in pipelines: 28(GETNEXT)
|  |
|  F20:PLAN FRAGMENT [RANDOM] hosts=10 instances=120
|  Per-Host Shared Resources: mem-estimate=2.00MB mem-reservation=2.00MB thread-reservation=0 runtime-filters-memory=2.00MB
|  Per-Instance Resources: mem-estimate=388.49MB mem-reservation=1.00MB thread-reservation=1
|  max-parallelism=1831 segment-costs=[31464015307]
|  32:HASH JOIN [INNER JOIN, BROADCAST]
|  |  hash-table-id=04
|  |  hash predicates: tpcds_partitioned_parquet_snap.catalog_sales_0.cs_sold_date_sk = tpcds_partitioned_parquet_snap.date_dim_2.d_date_sk
|  |  fk/pk conjuncts: tpcds_partitioned_parquet_snap.catalog_sales_0.cs_sold_date_sk = tpcds_partitioned_parquet_snap.date_dim_2.d_date_sk
|  |  mem-estimate=0B mem-reservation=0B spill-buffer=2.00MB thread-reservation=0
|  |  tuple-ids=29,31,33 row-size=783B cardinality=430.77M cost=188549076
|  |  in pipelines: 28(GETNEXT), 31(OPEN)
|  |
|  |--F46:PLAN FRAGMENT [RANDOM] hosts=10 instances=10
|  |  |  Per-Instance Resources: mem-estimate=419.24MB mem-reservation=409.00MB thread-reservation=1 runtime-filters-memory=1.00MB
|  |  |  max-parallelism=10 segment-costs=[170129]
|  |  JOIN BUILD
|  |  |  join-table-id=04 plan-id=05 cohort-id=02
|  |  |  build expressions: tpcds_partitioned_parquet_snap.date_dim_2.d_date_sk
|  |  |  runtime filters: RF012[bloom] <- tpcds_partitioned_parquet_snap.date_dim_2.d_date_sk
|  |  |  mem-estimate=408.00MB mem-reservation=408.00MB spill-buffer=2.00MB thread-reservation=0 cost=73049
|  |  |
|  |  73:EXCHANGE [BROADCAST]
|  |  |  mem-estimate=10.24MB mem-reservation=0B thread-reservation=0
|  |  |  tuple-ids=33 row-size=237B cardinality=73.05K cost=97080
|  |  |  in pipelines: 31(GETNEXT)
|  |  |
|  |  F22:PLAN FRAGMENT [RANDOM] hosts=1 instances=1
|  |  Per-Instance Resources: mem-estimate=16.94MB mem-reservation=4.00MB thread-reservation=1
|  |  max-parallelism=1 segment-costs=[158950]
|  |  31:SCAN HDFS [tpcds_partitioned_parquet_snap.date_dim, RANDOM]
|  |     HDFS partitions=1/1 files=1 size=2.17MB
|  |     stored statistics:
|  |       table: rows=73.05K size=2.17MB
|  |       columns: all
|  |     extrapolated-rows=disabled max-scan-range-rows=73.05K
|  |     mem-estimate=16.00MB mem-reservation=4.00MB thread-reservation=0
|  |     tuple-ids=33 row-size=237B cardinality=73.05K cost=110600
|  |     in pipelines: 31(GETNEXT)
|  |
|  30:HASH JOIN [INNER JOIN, BROADCAST]
|  |  hash-table-id=05
|  |  hash predicates: tpcds_partitioned_parquet_snap.catalog_sales_0.cs_item_sk = tpcds_partitioned_parquet_snap.item_2.i_item_sk
|  |  fk/pk conjuncts: tpcds_partitioned_parquet_snap.catalog_sales_0.cs_item_sk = tpcds_partitioned_parquet_snap.item_2.i_item_sk
|  |  mem-estimate=0B mem-reservation=0B spill-buffer=1.00MB thread-reservation=0
|  |  tuple-ids=29,31 row-size=545B cardinality=430.77M cost=188549076
|  |  in pipelines: 28(GETNEXT), 29(OPEN)
|  |
|  |--F47:PLAN FRAGMENT [RANDOM] hosts=10 instances=10
|  |  |  Per-Instance Resources: mem-estimate=216.60MB mem-reservation=205.00MB thread-reservation=1 runtime-filters-memory=1.00MB
|  |  |  max-parallelism=10 segment-costs=[83645]
|  |  JOIN BUILD
|  |  |  join-table-id=05 plan-id=06 cohort-id=02
|  |  |  build expressions: tpcds_partitioned_parquet_snap.item_2.i_item_sk
|  |  |  runtime filters: RF014[bloom] <- tpcds_partitioned_parquet_snap.item_2.i_item_sk, RF015[min_max] <- tpcds_partitioned_parquet_snap.item_2.i_item_sk
|  |  |  mem-estimate=204.00MB mem-reservation=204.00MB spill-buffer=1.00MB thread-reservation=0 cost=35915
|  |  |
|  |  72:EXCHANGE [BROADCAST]
|  |  |  mem-estimate=11.60MB mem-reservation=0B thread-reservation=0
|  |  |  tuple-ids=31 row-size=405B cardinality=35.91K cost=47730
|  |  |  in pipelines: 29(GETNEXT)
|  |  |
|  |  F21:PLAN FRAGMENT [RANDOM] hosts=4 instances=4
|  |  Per-Instance Resources: mem-estimate=17.60MB mem-reservation=512.00KB thread-reservation=1
|  |  max-parallelism=4 segment-costs=[1405822]
|  |  29:SCAN HDFS [tpcds_partitioned_parquet_snap.item, RANDOM]
|  |     HDFS partitions=1/1 files=1 size=33.54MB
|  |     predicates: tpcds_partitioned_parquet_snap.item_2.i_category = 'Sports'
|  |     stored statistics:
|  |       table: rows=360.00K size=33.54MB
|  |       columns: all
|  |     extrapolated-rows=disabled max-scan-range-rows=101.54K
|  |     parquet statistics predicates: tpcds_partitioned_parquet_snap.item_2.i_category = 'Sports'
|  |     parquet dictionary predicates: tpcds_partitioned_parquet_snap.item_2.i_category = 'Sports'
|  |     mem-estimate=16.00MB mem-reservation=512.00KB thread-reservation=0
|  |     tuple-ids=31 row-size=405B cardinality=35.91K cost=1365725
|  |     in pipelines: 29(GETNEXT)
|  |
|  28:SCAN HDFS [tpcds_partitioned_parquet_snap.catalog_sales, RANDOM]
|     HDFS partitions=1831/1831 files=1831 size=280.96GB
|     runtime filters: RF015[min_max] -> tpcds_partitioned_parquet_snap.catalog_sales_0.cs_item_sk, RF014[bloom] -> tpcds_partitioned_parquet_snap.catalog_sales_0.cs_item_sk, RF012[bloom] -> tpcds_partitioned_parquet_snap.catalog_sales_0.cs_sold_date_sk
|     stored statistics:
|       table: rows=4.32G size=280.96GB
|       partitions: 1831/1831 rows=4.32G
|       columns: all
|     extrapolated-rows=disabled max-scan-range-rows=21.52M
|     mem-estimate=16.00MB mem-reservation=1.00MB thread-reservation=0
|     tuple-ids=29 row-size=140B cardinality=430.77M(filtered from 4.32G) cost=8709277205
|     in pipelines: 28(GETNEXT)
|
90:EXCHANGE [HASH(I_BRAND_ID,I_CATEGORY_ID,I_CLASS_ID,I_MANUFACT_ID)]
|  mem-estimate=15.62MB mem-reservation=0B thread-reservation=0
|  tuple-ids=28 row-size=44B cardinality=150.77M cost=47265588
|  in pipelines: 71(GETNEXT)
|
F19:PLAN FRAGMENT [HASH(D_YEAR,I_BRAND_ID,I_CLASS_ID,I_CATEGORY_ID,I_MANUFACT_ID)] hosts=10 instances=120
Per-Instance Resources: mem-estimate=150.50MB mem-reservation=34.00MB thread-reservation=1
max-parallelism=950 segment-costs=[9477391309, 504889962] cpu-comparison-result=795 [max(120 (self) vs 795 (sum children))]
71:AGGREGATE [FINALIZE]
|  output: sum:merge(SALES_CNT), sum:merge(SALES_AMT)
|  group by: D_YEAR, I_BRAND_ID, I_CLASS_ID, I_CATEGORY_ID, I_MANUFACT_ID
|  having: D_YEAR = CAST(2001 AS INT)
|  mem-estimate=128.00MB mem-reservation=34.00MB spill-buffer=2.00MB thread-reservation=0
|  tuple-ids=28 row-size=44B cardinality=150.77M cost=9004735422
|  in pipelines: 71(GETNEXT), 69(OPEN)
|
70:EXCHANGE [HASH(D_YEAR,I_BRAND_ID,I_CLASS_ID,I_CATEGORY_ID,I_MANUFACT_ID)]
|  mem-estimate=15.62MB mem-reservation=0B thread-reservation=0
|  tuple-ids=28 row-size=44B cardinality=1.51G cost=472655887
|  in pipelines: 69(GETNEXT)
|
F18:PLAN FRAGMENT [HASH(D_YEAR,I_BRAND_ID,I_CLASS_ID,I_CATEGORY_ID,I_MANUFACT_ID,SALES_CNT,SALES_AMT)] hosts=10 instances=120
Per-Instance Resources: mem-estimate=278.50MB mem-reservation=68.00MB thread-reservation=1
max-parallelism=930 segment-costs=[9288630489, 9004735422, 5048899638] cpu-comparison-result=795 [max(120 (self) vs 795 (sum children))]
25:AGGREGATE [STREAMING]
|  output: sum(SALES_CNT), sum(SALES_AMT)
|  group by: D_YEAR, I_BRAND_ID, I_CLASS_ID, I_CATEGORY_ID, I_MANUFACT_ID
|  mem-estimate=128.00MB mem-reservation=34.00MB spill-buffer=2.00MB thread-reservation=0
|  tuple-ids=28 row-size=44B cardinality=1.51G cost=9004735422
|  in pipelines: 69(GETNEXT)
|
69:AGGREGATE [FINALIZE]
|  group by: D_YEAR, I_BRAND_ID, I_CLASS_ID, I_CATEGORY_ID, I_MANUFACT_ID, SALES_CNT, SALES_AMT
|  mem-estimate=128.00MB mem-reservation=34.00MB spill-buffer=2.00MB thread-reservation=0
|  tuple-ids=27 row-size=32B cardinality=1.51G cost=8899198222
|  in pipelines: 69(GETNEXT), 63(OPEN), 17(OPEN)
|
68:EXCHANGE [HASH(D_YEAR,I_BRAND_ID,I_CLASS_ID,I_CATEGORY_ID,I_MANUFACT_ID,SALES_CNT,SALES_AMT)]
|  mem-estimate=14.22MB mem-reservation=0B thread-reservation=0
|  tuple-ids=27 row-size=32B cardinality=1.51G cost=389432267
|  in pipelines: 63(GETNEXT), 17(GETNEXT)
|
F17:PLAN FRAGMENT [RANDOM] hosts=10 instances=120
Per-Instance Resources: mem-estimate=287.09MB mem-reservation=68.00MB thread-reservation=1
max-parallelism=120 segment-costs=[7961701299, 9836030776, 3883768953] cpu-comparison-result=795 [max(240 (self) vs 795 (sum children))]
24:AGGREGATE [STREAMING]
|  group by: D_YEAR, I_BRAND_ID, I_CLASS_ID, I_CATEGORY_ID, I_MANUFACT_ID, SALES_CNT, SALES_AMT
|  mem-estimate=128.00MB mem-reservation=34.00MB spill-buffer=2.00MB thread-reservation=0
|  tuple-ids=27 row-size=32B cardinality=1.51G cost=8899198222
|  in pipelines: 63(GETNEXT), 17(GETNEXT)
|
00:UNION
|  pass-through-operands: 63
|  mem-estimate=0B mem-reservation=0B thread-reservation=0
|  tuple-ids=26 row-size=32B cardinality=1.51G cost=27383300
|  in pipelines: 63(GETNEXT), 17(GETNEXT)
|
|--23:HASH JOIN [LEFT OUTER JOIN, PARTITIONED]
|  |  hash-table-id=10
|  |  hash predicates: tpcds_partitioned_parquet_snap.web_sales.ws_item_sk = tpcds_partitioned_parquet_snap.web_returns.wr_item_sk, tpcds_partitioned_parquet_snap.web_sales.ws_order_number = tpcds_partitioned_parquet_snap.web_returns.wr_order_number
|  |  fk/pk conjuncts: tpcds_partitioned_parquet_snap.web_sales.ws_item_sk = tpcds_partitioned_parquet_snap.web_returns.wr_item_sk, tpcds_partitioned_parquet_snap.web_sales.ws_order_number = tpcds_partitioned_parquet_snap.web_returns.wr_order_number
|  |  mem-estimate=0B mem-reservation=0B spill-buffer=2.00MB thread-reservation=0
|  |  tuple-ids=18,20,22,24N row-size=883B cardinality=215.38M cost=94271438
|  |  in pipelines: 17(GETNEXT), 22(OPEN)
|  |
|  |--F52:PLAN FRAGMENT [RANDOM] hosts=10 instances=120
|  |  |  Per-Instance Resources: mem-estimate=245.05MB mem-reservation=34.00MB thread-reservation=1
|  |  |  max-parallelism=120 segment-costs=[339361819]
|  |  JOIN BUILD
|  |  |  join-table-id=10 plan-id=11 cohort-id=01
|  |  |  build expressions: tpcds_partitioned_parquet_snap.web_returns.wr_item_sk, tpcds_partitioned_parquet_snap.web_returns.wr_order_number
|  |  |  mem-estimate=222.86MB mem-reservation=34.00MB spill-buffer=2.00MB thread-reservation=0 cost=216002686
|  |  |
|  |  67:EXCHANGE [HASH(tpcds_partitioned_parquet_snap.web_returns.wr_item_sk,tpcds_partitioned_parquet_snap.web_returns.wr_order_number)]
|  |  |  mem-estimate=22.19MB mem-reservation=0B thread-reservation=0
|  |  |  tuple-ids=24 row-size=100B cardinality=216.00M cost=123359133
|  |  |  in pipelines: 22(GETNEXT)
|  |  |
|  |  F15:PLAN FRAGMENT [RANDOM] hosts=10 instances=120
|  |  Per-Instance Resources: mem-estimate=64.75MB mem-reservation=256.00KB thread-reservation=1
|  |  max-parallelism=190 segment-costs=[1813385748]
|  |  22:SCAN HDFS [tpcds_partitioned_parquet_snap.web_returns, RANDOM]
|  |     HDFS partitions=2114/2114 files=2114 size=16.74GB
|  |     stored statistics:
|  |       table: rows=216.00M size=16.74GB
|  |       partitions: 2114/2114 rows=216.00M
|  |       columns: all
|  |     extrapolated-rows=disabled max-scan-range-rows=9.41M
|  |     mem-estimate=16.00MB mem-reservation=256.00KB thread-reservation=0
|  |     tuple-ids=24 row-size=100B cardinality=216.00M cost=311043867
|  |     in pipelines: 22(GETNEXT)
|  |
|  66:EXCHANGE [HASH(tpcds_partitioned_parquet_snap.web_sales.ws_item_sk,tpcds_partitioned_parquet_snap.web_sales.ws_order_number)]
|  |  mem-estimate=103.12MB mem-reservation=0B thread-reservation=0
|  |  tuple-ids=18,20,22 row-size=783B cardinality=215.38M cost=815177816
|  |  in pipelines: 17(GETNEXT)
|  |
|  F12:PLAN FRAGMENT [RANDOM] hosts=10 instances=120
|  Per-Host Shared Resources: mem-estimate=2.00MB mem-reservation=2.00MB thread-reservation=0 runtime-filters-memory=2.00MB
|  Per-Instance Resources: mem-estimate=388.49MB mem-reservation=264.00KB thread-reservation=1
|  max-parallelism=1580 segment-costs=[15731490378]
|  21:HASH JOIN [INNER JOIN, BROADCAST]
|  |  hash-table-id=17
|  |  hash predicates: tpcds_partitioned_parquet_snap.web_sales.ws_sold_date_sk = tpcds_partitioned_parquet_snap.date_dim_1.d_date_sk
|  |  fk/pk conjuncts: tpcds_partitioned_parquet_snap.web_sales.ws_sold_date_sk = tpcds_partitioned_parquet_snap.date_dim_1.d_date_sk
|  |  mem-estimate=0B mem-reservation=0B spill-buffer=2.00MB thread-reservation=0
|  |  tuple-ids=18,20,22 row-size=783B cardinality=215.38M cost=94271438
|  |  in pipelines: 17(GETNEXT), 20(OPEN)
|  |
|  |--F59:PLAN FRAGMENT [RANDOM] hosts=10 instances=10
|  |  |  Per-Instance Resources: mem-estimate=419.24MB mem-reservation=409.00MB thread-reservation=1 runtime-filters-memory=1.00MB
|  |  |  max-parallelism=10 segment-costs=[170129]
|  |  JOIN BUILD
|  |  |  join-table-id=17 plan-id=18 cohort-id=01
|  |  |  build expressions: tpcds_partitioned_parquet_snap.date_dim_1.d_date_sk
|  |  |  runtime filters: RF008[bloom] <- tpcds_partitioned_parquet_snap.date_dim_1.d_date_sk
|  |  |  mem-estimate=408.00MB mem-reservation=408.00MB spill-buffer=2.00MB thread-reservation=0 cost=73049
|  |  |
|  |  65:EXCHANGE [BROADCAST]
|  |  |  mem-estimate=10.24MB mem-reservation=0B thread-reservation=0
|  |  |  tuple-ids=22 row-size=237B cardinality=73.05K cost=97080
|  |  |  in pipelines: 20(GETNEXT)
|  |  |
|  |  F14:PLAN FRAGMENT [RANDOM] hosts=1 instances=1
|  |  Per-Instance Resources: mem-estimate=16.94MB mem-reservation=4.00MB thread-reservation=1
|  |  max-parallelism=1 segment-costs=[158950]
|  |  20:SCAN HDFS [tpcds_partitioned_parquet_snap.date_dim, RANDOM]
|  |     HDFS partitions=1/1 files=1 size=2.17MB
|  |     stored statistics:
|  |       table: rows=73.05K size=2.17MB
|  |       columns: all
|  |     extrapolated-rows=disabled max-scan-range-rows=73.05K
|  |     mem-estimate=16.00MB mem-reservation=4.00MB thread-reservation=0
|  |     tuple-ids=22 row-size=237B cardinality=73.05K cost=110600
|  |     in pipelines: 20(GETNEXT)
|  |
|  19:HASH JOIN [INNER JOIN, BROADCAST]
|  |  hash-table-id=18
|  |  hash predicates: tpcds_partitioned_parquet_snap.web_sales.ws_item_sk = tpcds_partitioned_parquet_snap.item_1.i_item_sk
|  |  fk/pk conjuncts: tpcds_partitioned_parquet_snap.web_sales.ws_item_sk = tpcds_partitioned_parquet_snap.item_1.i_item_sk
|  |  mem-estimate=0B mem-reservation=0B spill-buffer=1.00MB thread-reservation=0
|  |  tuple-ids=18,20 row-size=545B cardinality=215.38M cost=94271438
|  |  in pipelines: 17(GETNEXT), 18(OPEN)
|  |
|  |--F60:PLAN FRAGMENT [RANDOM] hosts=10 instances=10
|  |  |  Per-Instance Resources: mem-estimate=216.60MB mem-reservation=205.00MB thread-reservation=1 runtime-filters-memory=1.00MB
|  |  |  max-parallelism=10 segment-costs=[83645]
|  |  JOIN BUILD
|  |  |  join-table-id=18 plan-id=19 cohort-id=01
|  |  |  build expressions: tpcds_partitioned_parquet_snap.item_1.i_item_sk
|  |  |  runtime filters: RF010[bloom] <- tpcds_partitioned_parquet_snap.item_1.i_item_sk, RF011[min_max] <- tpcds_partitioned_parquet_snap.item_1.i_item_sk
|  |  |  mem-estimate=204.00MB mem-reservation=204.00MB spill-buffer=1.00MB thread-reservation=0 cost=35915
|  |  |
|  |  64:EXCHANGE [BROADCAST]
|  |  |  mem-estimate=11.60MB mem-reservation=0B thread-reservation=0
|  |  |  tuple-ids=20 row-size=405B cardinality=35.91K cost=47730
|  |  |  in pipelines: 18(GETNEXT)
|  |  |
|  |  F13:PLAN FRAGMENT [RANDOM] hosts=4 instances=4
|  |  Per-Instance Resources: mem-estimate=17.60MB mem-reservation=512.00KB thread-reservation=1
|  |  max-parallelism=4 segment-costs=[1405822]
|  |  18:SCAN HDFS [tpcds_partitioned_parquet_snap.item, RANDOM]
|  |     HDFS partitions=1/1 files=1 size=33.54MB
|  |     predicates: tpcds_partitioned_parquet_snap.item_1.i_category = 'Sports'
|  |     stored statistics:
|  |       table: rows=360.00K size=33.54MB
|  |       columns: all
|  |     extrapolated-rows=disabled max-scan-range-rows=101.54K
|  |     parquet statistics predicates: tpcds_partitioned_parquet_snap.item_1.i_category = 'Sports'
|  |     parquet dictionary predicates: tpcds_partitioned_parquet_snap.item_1.i_category = 'Sports'
|  |     mem-estimate=16.00MB mem-reservation=512.00KB thread-reservation=0
|  |     tuple-ids=20 row-size=405B cardinality=35.91K cost=1365725
|  |     in pipelines: 18(GETNEXT)
|  |
|  17:SCAN HDFS [tpcds_partitioned_parquet_snap.web_sales, RANDOM]
|     HDFS partitions=1824/1824 files=1824 size=145.75GB
|     runtime filters: RF011[min_max] -> tpcds_partitioned_parquet_snap.web_sales.ws_item_sk, RF010[bloom] -> tpcds_partitioned_parquet_snap.web_sales.ws_item_sk, RF008[bloom] -> tpcds_partitioned_parquet_snap.web_sales.ws_sold_date_sk
|     stored statistics:
|       table: rows=2.16G size=145.75GB
|       partitions: 1824/1824 rows=2.16G
|       columns: all
|     extrapolated-rows=disabled max-scan-range-rows=3.37M
|     mem-estimate=16.00MB mem-reservation=264.00KB thread-reservation=0
|     tuple-ids=18 row-size=140B cardinality=215.38M(filtered from 2.16G) cost=4354495421
|     in pipelines: 17(GETNEXT)
|
63:AGGREGATE [FINALIZE]
|  group by: D_YEAR, I_BRAND_ID, I_CLASS_ID, I_CATEGORY_ID, I_MANUFACT_ID, SALES_CNT, SALES_AMT
|  mem-estimate=128.00MB mem-reservation=34.00MB spill-buffer=2.00MB thread-reservation=0
|  tuple-ids=17 row-size=32B cardinality=1.29G cost=7627901458
|  in pipelines: 63(GETNEXT), 02(OPEN), 09(OPEN)
|
62:EXCHANGE [HASH(D_YEAR,I_BRAND_ID,I_CLASS_ID,I_CATEGORY_ID,I_MANUFACT_ID,SALES_CNT,SALES_AMT)]
|  mem-estimate=14.22MB mem-reservation=0B thread-reservation=0
|  tuple-ids=17 row-size=32B cardinality=1.29G cost=333799841
|  in pipelines: 02(GETNEXT), 09(GETNEXT)
|
F10:PLAN FRAGMENT [RANDOM] hosts=10 instances=120
Per-Instance Resources: mem-estimate=248.00MB mem-reservation=34.00MB thread-reservation=1
max-parallelism=120 segment-costs=[13074613898, 3328952352] cpu-comparison-result=530 [max(360 (self) vs 530 (sum children))]
16:AGGREGATE [STREAMING]
|  group by: D_YEAR, I_BRAND_ID, I_CLASS_ID, I_CATEGORY_ID, I_MANUFACT_ID, SALES_CNT, SALES_AMT
|  mem-estimate=128.00MB mem-reservation=34.00MB spill-buffer=2.00MB thread-reservation=0
|  tuple-ids=17 row-size=32B cardinality=1.29G cost=7627901458
|  in pipelines: 02(GETNEXT), 09(GETNEXT)
|
01:UNION
|  mem-estimate=0B mem-reservation=0B thread-reservation=0
|  tuple-ids=16 row-size=32B cardinality=1.29G cost=164302407
|  in pipelines: 02(GETNEXT), 09(GETNEXT)
|
|--15:HASH JOIN [LEFT OUTER JOIN, PARTITIONED]
|  |  hash-table-id=12
|  |  hash predicates: tpcds_partitioned_parquet_snap.store_sales.ss_item_sk = tpcds_partitioned_parquet_snap.store_returns.sr_item_sk, tpcds_partitioned_parquet_snap.store_sales.ss_ticket_number = tpcds_partitioned_parquet_snap.store_returns.sr_ticket_number
|  |  fk/pk conjuncts: tpcds_partitioned_parquet_snap.store_sales.ss_item_sk = tpcds_partitioned_parquet_snap.store_returns.sr_item_sk, tpcds_partitioned_parquet_snap.store_sales.ss_ticket_number = tpcds_partitioned_parquet_snap.store_returns.sr_ticket_number
|  |  mem-estimate=0B mem-reservation=0B spill-buffer=2.00MB thread-reservation=0
|  |  tuple-ids=8,10,12,14N row-size=823B cardinality=861.52M cost=377088518
|  |  in pipelines: 09(GETNEXT), 14(OPEN)
|  |
|  |--F54:PLAN FRAGMENT [RANDOM] hosts=10 instances=120
|  |  |  Per-Instance Resources: mem-estimate=801.89MB mem-reservation=34.00MB thread-reservation=1
|  |  |  max-parallelism=120 segment-costs=[1293822976]
|  |  JOIN BUILD
|  |  |  join-table-id=12 plan-id=13 cohort-id=01
|  |  |  build expressions: tpcds_partitioned_parquet_snap.store_returns.sr_item_sk, tpcds_partitioned_parquet_snap.store_returns.sr_ticket_number
|  |  |  mem-estimate=781.57MB mem-reservation=34.00MB spill-buffer=2.00MB thread-reservation=0 cost=863988632
|  |  |
|  |  61:EXCHANGE [HASH(tpcds_partitioned_parquet_snap.store_returns.sr_item_sk,tpcds_partitioned_parquet_snap.store_returns.sr_ticket_number)]
|  |  |  mem-estimate=20.31MB mem-reservation=0B thread-reservation=0
|  |  |  tuple-ids=14 row-size=84B cardinality=863.99M cost=429834344
|  |  |  in pipelines: 14(GETNEXT)
|  |  |
|  |  F08:PLAN FRAGMENT [RANDOM] hosts=10 instances=120
|  |  Per-Instance Resources: mem-estimate=57.25MB mem-reservation=512.00KB thread-reservation=1
|  |  max-parallelism=620 segment-costs=[6164040495]
|  |  14:SCAN HDFS [tpcds_partitioned_parquet_snap.store_returns, RANDOM]
|  |     HDFS partitions=2004/2004 files=2004 size=48.14GB
|  |     stored statistics:
|  |       table: rows=863.99M size=48.14GB
|  |       partitions: 2004/2004 rows=863.99M
|  |       columns: all
|  |     extrapolated-rows=disabled max-scan-range-rows=30.09M
|  |     mem-estimate=16.00MB mem-reservation=512.00KB thread-reservation=0
|  |     tuple-ids=14 row-size=84B cardinality=863.99M cost=1045080649
|  |     in pipelines: 14(GETNEXT)
|  |
|  60:EXCHANGE [HASH(tpcds_partitioned_parquet_snap.store_sales.ss_item_sk,tpcds_partitioned_parquet_snap.store_sales.ss_ticket_number)]
|  |  mem-estimate=97.97MB mem-reservation=0B thread-reservation=0
|  |  tuple-ids=8,10,12 row-size=739B cardinality=861.52M cost=3086363197
|  |  in pipelines: 09(GETNEXT)
|  |
|  F05:PLAN FRAGMENT [RANDOM] hosts=10 instances=120
|  Per-Host Shared Resources: mem-estimate=2.00MB mem-reservation=2.00MB thread-reservation=0 runtime-filters-memory=2.00MB
|  Per-Instance Resources: mem-estimate=367.86MB mem-reservation=8.00MB thread-reservation=1
|  max-parallelism=1824 segment-costs=[55010952224]
|  13:HASH JOIN [INNER JOIN, BROADCAST]
|  |  hash-table-id=15
|  |  hash predicates: tpcds_partitioned_parquet_snap.store_sales.ss_sold_date_sk = tpcds_partitioned_parquet_snap.date_dim_0.d_date_sk
|  |  fk/pk conjuncts: tpcds_partitioned_parquet_snap.store_sales.ss_sold_date_sk = tpcds_partitioned_parquet_snap.date_dim_0.d_date_sk
|  |  mem-estimate=0B mem-reservation=0B spill-buffer=2.00MB thread-reservation=0
|  |  tuple-ids=8,10,12 row-size=739B cardinality=861.52M cost=377088518
|  |  in pipelines: 09(GETNEXT), 12(OPEN)
|  |
|  |--F57:PLAN FRAGMENT [RANDOM] hosts=10 instances=10
|  |  |  Per-Instance Resources: mem-estimate=419.24MB mem-reservation=409.00MB thread-reservation=1 runtime-filters-memory=1.00MB
|  |  |  max-parallelism=10 segment-costs=[170129]
|  |  JOIN BUILD
|  |  |  join-table-id=15 plan-id=16 cohort-id=01
|  |  |  build expressions: tpcds_partitioned_parquet_snap.date_dim_0.d_date_sk
|  |  |  runtime filters: RF004[bloom] <- tpcds_partitioned_parquet_snap.date_dim_0.d_date_sk
|  |  |  mem-estimate=408.00MB mem-reservation=408.00MB spill-buffer=2.00MB thread-reservation=0 cost=73049
|  |  |
|  |  59:EXCHANGE [BROADCAST]
|  |  |  mem-estimate=10.24MB mem-reservation=0B thread-reservation=0
|  |  |  tuple-ids=12 row-size=237B cardinality=73.05K cost=97080
|  |  |  in pipelines: 12(GETNEXT)
|  |  |
|  |  F07:PLAN FRAGMENT [RANDOM] hosts=1 instances=1
|  |  Per-Instance Resources: mem-estimate=16.94MB mem-reservation=4.00MB thread-reservation=1
|  |  max-parallelism=1 segment-costs=[158950]
|  |  12:SCAN HDFS [tpcds_partitioned_parquet_snap.date_dim, RANDOM]
|  |     HDFS partitions=1/1 files=1 size=2.17MB
|  |     stored statistics:
|  |       table: rows=73.05K size=2.17MB
|  |       columns: all
|  |     extrapolated-rows=disabled max-scan-range-rows=73.05K
|  |     mem-estimate=16.00MB mem-reservation=4.00MB thread-reservation=0
|  |     tuple-ids=12 row-size=237B cardinality=73.05K cost=110600
|  |     in pipelines: 12(GETNEXT)
|  |
|  11:HASH JOIN [INNER JOIN, BROADCAST]
|  |  hash-table-id=16
|  |  hash predicates: tpcds_partitioned_parquet_snap.store_sales.ss_item_sk = tpcds_partitioned_parquet_snap.item_0.i_item_sk
|  |  fk/pk conjuncts: tpcds_partitioned_parquet_snap.store_sales.ss_item_sk = tpcds_partitioned_parquet_snap.item_0.i_item_sk
|  |  mem-estimate=0B mem-reservation=0B spill-buffer=1.00MB thread-reservation=0
|  |  tuple-ids=8,10 row-size=501B cardinality=861.52M cost=377088518
|  |  in pipelines: 09(GETNEXT), 10(OPEN)
|  |
|  |--F58:PLAN FRAGMENT [RANDOM] hosts=10 instances=10
|  |  |  Per-Instance Resources: mem-estimate=216.60MB mem-reservation=205.00MB thread-reservation=1 runtime-filters-memory=1.00MB
|  |  |  max-parallelism=10 segment-costs=[83645]
|  |  JOIN BUILD
|  |  |  join-table-id=16 plan-id=17 cohort-id=01
|  |  |  build expressions: tpcds_partitioned_parquet_snap.item_0.i_item_sk
|  |  |  runtime filters: RF006[bloom] <- tpcds_partitioned_parquet_snap.item_0.i_item_sk, RF007[min_max] <- tpcds_partitioned_parquet_snap.item_0.i_item_sk
|  |  |  mem-estimate=204.00MB mem-reservation=204.00MB spill-buffer=1.00MB thread-reservation=0 cost=35915
|  |  |
|  |  58:EXCHANGE [BROADCAST]
|  |  |  mem-estimate=11.60MB mem-reservation=0B thread-reservation=0
|  |  |  tuple-ids=10 row-size=405B cardinality=35.91K cost=47730
|  |  |  in pipelines: 10(GETNEXT)
|  |  |
|  |  F06:PLAN FRAGMENT [RANDOM] hosts=4 instances=4
|  |  Per-Instance Resources: mem-estimate=17.60MB mem-reservation=512.00KB thread-reservation=1
|  |  max-parallelism=4 segment-costs=[1405822]
|  |  10:SCAN HDFS [tpcds_partitioned_parquet_snap.item, RANDOM]
|  |     HDFS partitions=1/1 files=1 size=33.54MB
|  |     predicates: tpcds_partitioned_parquet_snap.item_0.i_category = 'Sports'
|  |     stored statistics:
|  |       table: rows=360.00K size=33.54MB
|  |       columns: all
|  |     extrapolated-rows=disabled max-scan-range-rows=101.54K
|  |     parquet statistics predicates: tpcds_partitioned_parquet_snap.item_0.i_category = 'Sports'
|  |     parquet dictionary predicates: tpcds_partitioned_parquet_snap.item_0.i_category = 'Sports'
|  |     mem-estimate=16.00MB mem-reservation=512.00KB thread-reservation=0
|  |     tuple-ids=10 row-size=405B cardinality=35.91K cost=1365725
|  |     in pipelines: 10(GETNEXT)
|  |
|  09:SCAN HDFS [tpcds_partitioned_parquet_snap.store_sales, RANDOM]
|     HDFS partitions=1824/1824 files=1824 size=389.90GB
|     runtime filters: RF007[min_max] -> tpcds_partitioned_parquet_snap.store_sales.ss_item_sk, RF006[bloom] -> tpcds_partitioned_parquet_snap.store_sales.ss_item_sk, RF004[bloom] -> tpcds_partitioned_parquet_snap.store_sales.ss_sold_date_sk
|     stored statistics:
|       table: rows=8.64G size=389.90GB
|       partitions: 1824/1824 rows=8.64G
|       columns: all
|     extrapolated-rows=disabled max-scan-range-rows=390.22M
|     mem-estimate=16.00MB mem-reservation=8.00MB thread-reservation=0
|     tuple-ids=8 row-size=96B cardinality=861.52M(filtered from 8.64G) cost=11943846410
|     in pipelines: 09(GETNEXT)
|
08:HASH JOIN [LEFT OUTER JOIN, PARTITIONED]
|  hash-table-id=11
|  hash predicates: tpcds_partitioned_parquet_snap.catalog_sales.cs_item_sk = tpcds_partitioned_parquet_snap.catalog_returns.cr_item_sk, tpcds_partitioned_parquet_snap.catalog_sales.cs_order_number = tpcds_partitioned_parquet_snap.catalog_returns.cr_order_number
|  fk/pk conjuncts: tpcds_partitioned_parquet_snap.catalog_sales.cs_item_sk = tpcds_partitioned_parquet_snap.catalog_returns.cr_item_sk, tpcds_partitioned_parquet_snap.catalog_sales.cs_order_number = tpcds_partitioned_parquet_snap.catalog_returns.cr_order_number
|  mem-estimate=0B mem-reservation=0B spill-buffer=2.00MB thread-reservation=0
|  tuple-ids=0,2,4,6N row-size=895B cardinality=430.77M cost=188549076
|  in pipelines: 02(GETNEXT), 07(OPEN)
|
|--F53:PLAN FRAGMENT [RANDOM] hosts=10 instances=120
|  |  Per-Instance Resources: mem-estimate=510.53MB mem-reservation=34.00MB thread-reservation=1
|  |  max-parallelism=120 segment-costs=[702589232]
|  JOIN BUILD
|  |  join-table-id=11 plan-id=12 cohort-id=01
|  |  build expressions: tpcds_partitioned_parquet_snap.catalog_returns.cr_item_sk, tpcds_partitioned_parquet_snap.catalog_returns.cr_order_number
|  |  mem-estimate=486.94MB mem-reservation=34.00MB spill-buffer=2.00MB thread-reservation=0 cost=432016991
|  |
|  57:EXCHANGE [HASH(tpcds_partitioned_parquet_snap.catalog_returns.cr_item_sk,tpcds_partitioned_parquet_snap.catalog_returns.cr_order_number)]
|  |  mem-estimate=23.59MB mem-reservation=0B thread-reservation=0
|  |  tuple-ids=6 row-size=112B cardinality=432.02M cost=270572241
|  |  in pipelines: 07(GETNEXT)
|  |
|  F03:PLAN FRAGMENT [RANDOM] hosts=10 instances=120
|  Per-Instance Resources: mem-estimate=70.38MB mem-reservation=208.00KB thread-reservation=1
|  max-parallelism=410 segment-costs=[4035384309]
|  07:SCAN HDFS [tpcds_partitioned_parquet_snap.catalog_returns, RANDOM]
|     HDFS partitions=2060/2060 files=2060 size=32.77GB
|     stored statistics:
|       table: rows=432.02M size=32.77GB
|       partitions: 2060/2060 rows=432.02M
|       columns: all
|     extrapolated-rows=disabled max-scan-range-rows=416.82K
|     mem-estimate=16.00MB mem-reservation=208.00KB thread-reservation=0
|     tuple-ids=6 row-size=112B cardinality=432.02M cost=696757003
|     in pipelines: 07(GETNEXT)
|
56:EXCHANGE [HASH(tpcds_partitioned_parquet_snap.catalog_sales.cs_item_sk,tpcds_partitioned_parquet_snap.catalog_sales.cs_order_number)]
|  mem-estimate=103.12MB mem-reservation=0B thread-reservation=0
|  tuple-ids=0,2,4 row-size=783B cardinality=430.77M cost=1630409242
|  in pipelines: 02(GETNEXT)
|
F00:PLAN FRAGMENT [RANDOM] hosts=10 instances=120
Per-Host Shared Resources: mem-estimate=2.00MB mem-reservation=2.00MB thread-reservation=0 runtime-filters-memory=2.00MB
Per-Instance Resources: mem-estimate=388.49MB mem-reservation=1.00MB thread-reservation=1
max-parallelism=1831 segment-costs=[31464015307]
06:HASH JOIN [INNER JOIN, BROADCAST]
|  hash-table-id=13
|  hash predicates: tpcds_partitioned_parquet_snap.catalog_sales.cs_sold_date_sk = tpcds_partitioned_parquet_snap.date_dim.d_date_sk
|  fk/pk conjuncts: tpcds_partitioned_parquet_snap.catalog_sales.cs_sold_date_sk = tpcds_partitioned_parquet_snap.date_dim.d_date_sk
|  mem-estimate=0B mem-reservation=0B spill-buffer=2.00MB thread-reservation=0
|  tuple-ids=0,2,4 row-size=783B cardinality=430.77M cost=188549076
|  in pipelines: 02(GETNEXT), 05(OPEN)
|
|--F55:PLAN FRAGMENT [RANDOM] hosts=10 instances=10
|  |  Per-Instance Resources: mem-estimate=419.24MB mem-reservation=409.00MB thread-reservation=1 runtime-filters-memory=1.00MB
|  |  max-parallelism=10 segment-costs=[170129]
|  JOIN BUILD
|  |  join-table-id=13 plan-id=14 cohort-id=01
|  |  build expressions: tpcds_partitioned_parquet_snap.date_dim.d_date_sk
|  |  runtime filters: RF000[bloom] <- tpcds_partitioned_parquet_snap.date_dim.d_date_sk
|  |  mem-estimate=408.00MB mem-reservation=408.00MB spill-buffer=2.00MB thread-reservation=0 cost=73049
|  |
|  55:EXCHANGE [BROADCAST]
|  |  mem-estimate=10.24MB mem-reservation=0B thread-reservation=0
|  |  tuple-ids=4 row-size=237B cardinality=73.05K cost=97080
|  |  in pipelines: 05(GETNEXT)
|  |
|  F02:PLAN FRAGMENT [RANDOM] hosts=1 instances=1
|  Per-Instance Resources: mem-estimate=16.94MB mem-reservation=4.00MB thread-reservation=1
|  max-parallelism=1 segment-costs=[158950]
|  05:SCAN HDFS [tpcds_partitioned_parquet_snap.date_dim, RANDOM]
|     HDFS partitions=1/1 files=1 size=2.17MB
|     stored statistics:
|       table: rows=73.05K size=2.17MB
|       columns: all
|     extrapolated-rows=disabled max-scan-range-rows=73.05K
|     mem-estimate=16.00MB mem-reservation=4.00MB thread-reservation=0
|     tuple-ids=4 row-size=237B cardinality=73.05K cost=110600
|     in pipelines: 05(GETNEXT)
|
04:HASH JOIN [INNER JOIN, BROADCAST]
|  hash-table-id=14
|  hash predicates: tpcds_partitioned_parquet_snap.catalog_sales.cs_item_sk = tpcds_partitioned_parquet_snap.item.i_item_sk
|  fk/pk conjuncts: tpcds_partitioned_parquet_snap.catalog_sales.cs_item_sk = tpcds_partitioned_parquet_snap.item.i_item_sk
|  mem-estimate=0B mem-reservation=0B spill-buffer=1.00MB thread-reservation=0
|  tuple-ids=0,2 row-size=545B cardinality=430.77M cost=188549076
|  in pipelines: 02(GETNEXT), 03(OPEN)
|
|--F56:PLAN FRAGMENT [RANDOM] hosts=10 instances=10
|  |  Per-Instance Resources: mem-estimate=216.60MB mem-reservation=205.00MB thread-reservation=1 runtime-filters-memory=1.00MB
|  |  max-parallelism=10 segment-costs=[83645]
|  JOIN BUILD
|  |  join-table-id=14 plan-id=15 cohort-id=01
|  |  build expressions: tpcds_partitioned_parquet_snap.item.i_item_sk
|  |  runtime filters: RF002[bloom] <- tpcds_partitioned_parquet_snap.item.i_item_sk, RF003[min_max] <- tpcds_partitioned_parquet_snap.item.i_item_sk
|  |  mem-estimate=204.00MB mem-reservation=204.00MB spill-buffer=1.00MB thread-reservation=0 cost=35915
|  |
|  54:EXCHANGE [BROADCAST]
|  |  mem-estimate=11.60MB mem-reservation=0B thread-reservation=0
|  |  tuple-ids=2 row-size=405B cardinality=35.91K cost=47730
|  |  in pipelines: 03(GETNEXT)
|  |
|  F01:PLAN FRAGMENT [RANDOM] hosts=4 instances=4
|  Per-Instance Resources: mem-estimate=17.60MB mem-reservation=512.00KB thread-reservation=1
|  max-parallelism=4 segment-costs=[1405822]
|  03:SCAN HDFS [tpcds_partitioned_parquet_snap.item, RANDOM]
|     HDFS partitions=1/1 files=1 size=33.54MB
|     predicates: tpcds_partitioned_parquet_snap.item.i_category = 'Sports'
|     stored statistics:
|       table: rows=360.00K size=33.54MB
|       columns: all
|     extrapolated-rows=disabled max-scan-range-rows=101.54K
|     parquet statistics predicates: tpcds_partitioned_parquet_snap.item.i_category = 'Sports'
|     parquet dictionary predicates: tpcds_partitioned_parquet_snap.item.i_category = 'Sports'
|     mem-estimate=16.00MB mem-reservation=512.00KB thread-reservation=0
|     tuple-ids=2 row-size=405B cardinality=35.91K cost=1365725
|     in pipelines: 03(GETNEXT)
|
02:SCAN HDFS [tpcds_partitioned_parquet_snap.catalog_sales, RANDOM]
   HDFS partitions=1831/1831 files=1831 size=280.96GB
   runtime filters: RF003[min_max] -> tpcds_partitioned_parquet_snap.catalog_sales.cs_item_sk, RF002[bloom] -> tpcds_partitioned_parquet_snap.catalog_sales.cs_item_sk, RF000[bloom] -> tpcds_partitioned_parquet_snap.catalog_sales.cs_sold_date_sk
   stored statistics:
     table: rows=4.32G size=280.96GB
     partitions: 1831/1831 rows=4.32G
     columns: all
   extrapolated-rows=disabled max-scan-range-rows=21.52M
   mem-estimate=16.00MB mem-reservation=1.00MB thread-reservation=0
   tuple-ids=0 row-size=140B cardinality=430.77M(filtered from 4.32G) cost=8709277205
   in pipelines: 02(GETNEXT)
====
